[2024-06-18T16:33:02.778-0400] {processor.py:161} INFO - Started process (PID=20214) to work on /Users/jbshome/Desktop/us_debt_etl_pipeline/debt_env/lib/python3.12/site-packages/airflow/example_dags/example_bash_decorator.py
[2024-06-18T16:33:02.779-0400] {processor.py:830} INFO - Processing file /Users/jbshome/Desktop/us_debt_etl_pipeline/debt_env/lib/python3.12/site-packages/airflow/example_dags/example_bash_decorator.py for tasks to queue
[2024-06-18T16:33:02.780-0400] {logging_mixin.py:188} INFO - [2024-06-18T16:33:02.780-0400] {dagbag.py:545} INFO - Filling up the DagBag from /Users/jbshome/Desktop/us_debt_etl_pipeline/debt_env/lib/python3.12/site-packages/airflow/example_dags/example_bash_decorator.py
[2024-06-18T16:33:02.838-0400] {processor.py:840} INFO - DAG(s) 'example_bash_decorator' retrieved from /Users/jbshome/Desktop/us_debt_etl_pipeline/debt_env/lib/python3.12/site-packages/airflow/example_dags/example_bash_decorator.py
[2024-06-18T16:33:03.147-0400] {logging_mixin.py:188} INFO - [2024-06-18T16:33:03.146-0400] {override.py:1829} INFO - Created Permission View: can read on DAG:example_bash_decorator
[2024-06-18T16:33:03.159-0400] {logging_mixin.py:188} INFO - [2024-06-18T16:33:03.159-0400] {override.py:1829} INFO - Created Permission View: can edit on DAG:example_bash_decorator
[2024-06-18T16:33:03.167-0400] {logging_mixin.py:188} INFO - [2024-06-18T16:33:03.167-0400] {override.py:1829} INFO - Created Permission View: can delete on DAG:example_bash_decorator
[2024-06-18T16:33:03.168-0400] {logging_mixin.py:188} INFO - [2024-06-18T16:33:03.168-0400] {dag.py:3096} INFO - Sync 1 DAGs
[2024-06-18T16:33:03.207-0400] {logging_mixin.py:188} INFO - [2024-06-18T16:33:03.206-0400] {dag.py:3118} INFO - Creating ORM DAG for example_bash_decorator
[2024-06-18T16:33:03.208-0400] {logging_mixin.py:188} INFO - [2024-06-18T16:33:03.208-0400] {dag.py:3954} INFO - Setting next_dagrun for example_bash_decorator to None, run_after=None
[2024-06-18T16:33:03.233-0400] {processor.py:183} INFO - Processing /Users/jbshome/Desktop/us_debt_etl_pipeline/debt_env/lib/python3.12/site-packages/airflow/example_dags/example_bash_decorator.py took 0.459 seconds
[2024-06-18T16:39:33.479-0400] {processor.py:161} INFO - Started process (PID=20551) to work on /Users/jbshome/Desktop/us_debt_etl_pipeline/debt_env/lib/python3.12/site-packages/airflow/example_dags/example_bash_decorator.py
[2024-06-18T16:39:33.481-0400] {processor.py:830} INFO - Processing file /Users/jbshome/Desktop/us_debt_etl_pipeline/debt_env/lib/python3.12/site-packages/airflow/example_dags/example_bash_decorator.py for tasks to queue
[2024-06-18T16:39:33.482-0400] {logging_mixin.py:188} INFO - [2024-06-18T16:39:33.482-0400] {dagbag.py:545} INFO - Filling up the DagBag from /Users/jbshome/Desktop/us_debt_etl_pipeline/debt_env/lib/python3.12/site-packages/airflow/example_dags/example_bash_decorator.py
[2024-06-18T16:39:33.532-0400] {processor.py:840} INFO - DAG(s) 'example_bash_decorator' retrieved from /Users/jbshome/Desktop/us_debt_etl_pipeline/debt_env/lib/python3.12/site-packages/airflow/example_dags/example_bash_decorator.py
[2024-06-18T16:39:33.877-0400] {logging_mixin.py:188} INFO - [2024-06-18T16:39:33.876-0400] {dag.py:3096} INFO - Sync 1 DAGs
[2024-06-18T16:39:33.889-0400] {logging_mixin.py:188} INFO - [2024-06-18T16:39:33.889-0400] {dag.py:3954} INFO - Setting next_dagrun for example_bash_decorator to None, run_after=None
[2024-06-18T16:39:33.923-0400] {processor.py:183} INFO - Processing /Users/jbshome/Desktop/us_debt_etl_pipeline/debt_env/lib/python3.12/site-packages/airflow/example_dags/example_bash_decorator.py took 0.449 seconds
[2024-06-18T16:45:30.381-0400] {processor.py:161} INFO - Started process (PID=21494) to work on /Users/jbshome/Desktop/us_debt_etl_pipeline/debt_env/lib/python3.12/site-packages/airflow/example_dags/example_bash_decorator.py
[2024-06-18T16:45:30.383-0400] {processor.py:830} INFO - Processing file /Users/jbshome/Desktop/us_debt_etl_pipeline/debt_env/lib/python3.12/site-packages/airflow/example_dags/example_bash_decorator.py for tasks to queue
[2024-06-18T16:45:30.384-0400] {logging_mixin.py:188} INFO - [2024-06-18T16:45:30.384-0400] {dagbag.py:545} INFO - Filling up the DagBag from /Users/jbshome/Desktop/us_debt_etl_pipeline/debt_env/lib/python3.12/site-packages/airflow/example_dags/example_bash_decorator.py
[2024-06-18T16:45:30.429-0400] {processor.py:840} INFO - DAG(s) 'example_bash_decorator' retrieved from /Users/jbshome/Desktop/us_debt_etl_pipeline/debt_env/lib/python3.12/site-packages/airflow/example_dags/example_bash_decorator.py
[2024-06-18T16:45:30.682-0400] {logging_mixin.py:188} INFO - [2024-06-18T16:45:30.682-0400] {dag.py:3096} INFO - Sync 1 DAGs
[2024-06-18T16:45:30.691-0400] {logging_mixin.py:188} INFO - [2024-06-18T16:45:30.691-0400] {dag.py:3954} INFO - Setting next_dagrun for example_bash_decorator to None, run_after=None
[2024-06-18T16:45:30.712-0400] {processor.py:183} INFO - Processing /Users/jbshome/Desktop/us_debt_etl_pipeline/debt_env/lib/python3.12/site-packages/airflow/example_dags/example_bash_decorator.py took 0.334 seconds
[2024-06-18T16:51:47.507-0400] {processor.py:161} INFO - Started process (PID=21845) to work on /Users/jbshome/Desktop/us_debt_etl_pipeline/debt_env/lib/python3.12/site-packages/airflow/example_dags/example_bash_decorator.py
[2024-06-18T16:51:47.510-0400] {processor.py:830} INFO - Processing file /Users/jbshome/Desktop/us_debt_etl_pipeline/debt_env/lib/python3.12/site-packages/airflow/example_dags/example_bash_decorator.py for tasks to queue
[2024-06-18T16:51:47.510-0400] {logging_mixin.py:188} INFO - [2024-06-18T16:51:47.510-0400] {dagbag.py:545} INFO - Filling up the DagBag from /Users/jbshome/Desktop/us_debt_etl_pipeline/debt_env/lib/python3.12/site-packages/airflow/example_dags/example_bash_decorator.py
[2024-06-18T16:51:47.561-0400] {processor.py:840} INFO - DAG(s) 'example_bash_decorator' retrieved from /Users/jbshome/Desktop/us_debt_etl_pipeline/debt_env/lib/python3.12/site-packages/airflow/example_dags/example_bash_decorator.py
[2024-06-18T16:51:47.903-0400] {logging_mixin.py:188} INFO - [2024-06-18T16:51:47.902-0400] {dag.py:3096} INFO - Sync 1 DAGs
[2024-06-18T16:51:47.914-0400] {logging_mixin.py:188} INFO - [2024-06-18T16:51:47.913-0400] {dag.py:3954} INFO - Setting next_dagrun for example_bash_decorator to None, run_after=None
[2024-06-18T16:51:47.936-0400] {processor.py:183} INFO - Processing /Users/jbshome/Desktop/us_debt_etl_pipeline/debt_env/lib/python3.12/site-packages/airflow/example_dags/example_bash_decorator.py took 0.433 seconds
[2024-06-18T16:58:09.411-0400] {processor.py:161} INFO - Started process (PID=22464) to work on /Users/jbshome/Desktop/us_debt_etl_pipeline/debt_env/lib/python3.12/site-packages/airflow/example_dags/example_bash_decorator.py
[2024-06-18T16:58:09.413-0400] {processor.py:830} INFO - Processing file /Users/jbshome/Desktop/us_debt_etl_pipeline/debt_env/lib/python3.12/site-packages/airflow/example_dags/example_bash_decorator.py for tasks to queue
[2024-06-18T16:58:09.414-0400] {logging_mixin.py:188} INFO - [2024-06-18T16:58:09.414-0400] {dagbag.py:545} INFO - Filling up the DagBag from /Users/jbshome/Desktop/us_debt_etl_pipeline/debt_env/lib/python3.12/site-packages/airflow/example_dags/example_bash_decorator.py
[2024-06-18T16:58:09.461-0400] {processor.py:840} INFO - DAG(s) 'example_bash_decorator' retrieved from /Users/jbshome/Desktop/us_debt_etl_pipeline/debt_env/lib/python3.12/site-packages/airflow/example_dags/example_bash_decorator.py
[2024-06-18T16:58:09.785-0400] {logging_mixin.py:188} INFO - [2024-06-18T16:58:09.785-0400] {dag.py:3096} INFO - Sync 1 DAGs
[2024-06-18T16:58:09.795-0400] {logging_mixin.py:188} INFO - [2024-06-18T16:58:09.795-0400] {dag.py:3954} INFO - Setting next_dagrun for example_bash_decorator to None, run_after=None
[2024-06-18T16:58:09.817-0400] {processor.py:183} INFO - Processing /Users/jbshome/Desktop/us_debt_etl_pipeline/debt_env/lib/python3.12/site-packages/airflow/example_dags/example_bash_decorator.py took 0.408 seconds
[2024-06-18T17:05:26.749-0400] {processor.py:161} INFO - Started process (PID=22934) to work on /Users/jbshome/Desktop/us_debt_etl_pipeline/debt_env/lib/python3.12/site-packages/airflow/example_dags/example_bash_decorator.py
[2024-06-18T17:05:26.752-0400] {processor.py:830} INFO - Processing file /Users/jbshome/Desktop/us_debt_etl_pipeline/debt_env/lib/python3.12/site-packages/airflow/example_dags/example_bash_decorator.py for tasks to queue
[2024-06-18T17:05:26.753-0400] {logging_mixin.py:188} INFO - [2024-06-18T17:05:26.753-0400] {dagbag.py:545} INFO - Filling up the DagBag from /Users/jbshome/Desktop/us_debt_etl_pipeline/debt_env/lib/python3.12/site-packages/airflow/example_dags/example_bash_decorator.py
[2024-06-18T17:05:26.818-0400] {processor.py:840} INFO - DAG(s) 'example_bash_decorator' retrieved from /Users/jbshome/Desktop/us_debt_etl_pipeline/debt_env/lib/python3.12/site-packages/airflow/example_dags/example_bash_decorator.py
[2024-06-18T17:05:27.207-0400] {logging_mixin.py:188} INFO - [2024-06-18T17:05:27.207-0400] {dag.py:3096} INFO - Sync 1 DAGs
[2024-06-18T17:05:27.223-0400] {logging_mixin.py:188} INFO - [2024-06-18T17:05:27.223-0400] {dag.py:3954} INFO - Setting next_dagrun for example_bash_decorator to None, run_after=None
[2024-06-18T17:05:27.268-0400] {processor.py:183} INFO - Processing /Users/jbshome/Desktop/us_debt_etl_pipeline/debt_env/lib/python3.12/site-packages/airflow/example_dags/example_bash_decorator.py took 0.523 seconds
[2024-06-18T17:13:54.423-0400] {processor.py:161} INFO - Started process (PID=24039) to work on /Users/jbshome/Desktop/us_debt_etl_pipeline/debt_env/lib/python3.12/site-packages/airflow/example_dags/example_bash_decorator.py
[2024-06-18T17:13:54.426-0400] {processor.py:830} INFO - Processing file /Users/jbshome/Desktop/us_debt_etl_pipeline/debt_env/lib/python3.12/site-packages/airflow/example_dags/example_bash_decorator.py for tasks to queue
[2024-06-18T17:13:54.427-0400] {logging_mixin.py:188} INFO - [2024-06-18T17:13:54.427-0400] {dagbag.py:545} INFO - Filling up the DagBag from /Users/jbshome/Desktop/us_debt_etl_pipeline/debt_env/lib/python3.12/site-packages/airflow/example_dags/example_bash_decorator.py
[2024-06-18T17:13:54.513-0400] {processor.py:840} INFO - DAG(s) 'example_bash_decorator' retrieved from /Users/jbshome/Desktop/us_debt_etl_pipeline/debt_env/lib/python3.12/site-packages/airflow/example_dags/example_bash_decorator.py
[2024-06-18T17:13:55.080-0400] {logging_mixin.py:188} INFO - [2024-06-18T17:13:55.080-0400] {dag.py:3096} INFO - Sync 1 DAGs
[2024-06-18T17:13:55.130-0400] {logging_mixin.py:188} INFO - [2024-06-18T17:13:55.129-0400] {dag.py:3954} INFO - Setting next_dagrun for example_bash_decorator to None, run_after=None
[2024-06-18T17:13:55.168-0400] {processor.py:183} INFO - Processing /Users/jbshome/Desktop/us_debt_etl_pipeline/debt_env/lib/python3.12/site-packages/airflow/example_dags/example_bash_decorator.py took 0.749 seconds
[2024-06-18T17:23:35.617-0400] {processor.py:161} INFO - Started process (PID=24708) to work on /Users/jbshome/Desktop/us_debt_etl_pipeline/debt_env/lib/python3.12/site-packages/airflow/example_dags/example_bash_decorator.py
[2024-06-18T17:23:35.619-0400] {processor.py:830} INFO - Processing file /Users/jbshome/Desktop/us_debt_etl_pipeline/debt_env/lib/python3.12/site-packages/airflow/example_dags/example_bash_decorator.py for tasks to queue
[2024-06-18T17:23:35.620-0400] {logging_mixin.py:188} INFO - [2024-06-18T17:23:35.620-0400] {dagbag.py:545} INFO - Filling up the DagBag from /Users/jbshome/Desktop/us_debt_etl_pipeline/debt_env/lib/python3.12/site-packages/airflow/example_dags/example_bash_decorator.py
[2024-06-18T17:23:35.741-0400] {processor.py:840} INFO - DAG(s) 'example_bash_decorator' retrieved from /Users/jbshome/Desktop/us_debt_etl_pipeline/debt_env/lib/python3.12/site-packages/airflow/example_dags/example_bash_decorator.py
[2024-06-18T17:23:36.585-0400] {logging_mixin.py:188} INFO - [2024-06-18T17:23:36.585-0400] {dag.py:3096} INFO - Sync 1 DAGs
[2024-06-18T17:23:36.610-0400] {logging_mixin.py:188} INFO - [2024-06-18T17:23:36.610-0400] {dag.py:3954} INFO - Setting next_dagrun for example_bash_decorator to None, run_after=None
[2024-06-18T17:23:36.664-0400] {processor.py:183} INFO - Processing /Users/jbshome/Desktop/us_debt_etl_pipeline/debt_env/lib/python3.12/site-packages/airflow/example_dags/example_bash_decorator.py took 1.060 seconds
[2024-06-18T17:32:42.295-0400] {processor.py:161} INFO - Started process (PID=25331) to work on /Users/jbshome/Desktop/us_debt_etl_pipeline/debt_env/lib/python3.12/site-packages/airflow/example_dags/example_bash_decorator.py
[2024-06-18T17:32:42.301-0400] {processor.py:830} INFO - Processing file /Users/jbshome/Desktop/us_debt_etl_pipeline/debt_env/lib/python3.12/site-packages/airflow/example_dags/example_bash_decorator.py for tasks to queue
[2024-06-18T17:32:42.302-0400] {logging_mixin.py:188} INFO - [2024-06-18T17:32:42.302-0400] {dagbag.py:545} INFO - Filling up the DagBag from /Users/jbshome/Desktop/us_debt_etl_pipeline/debt_env/lib/python3.12/site-packages/airflow/example_dags/example_bash_decorator.py
[2024-06-18T17:32:42.423-0400] {processor.py:840} INFO - DAG(s) 'example_bash_decorator' retrieved from /Users/jbshome/Desktop/us_debt_etl_pipeline/debt_env/lib/python3.12/site-packages/airflow/example_dags/example_bash_decorator.py
[2024-06-18T17:32:43.098-0400] {logging_mixin.py:188} INFO - [2024-06-18T17:32:43.098-0400] {dag.py:3096} INFO - Sync 1 DAGs
[2024-06-18T17:32:43.127-0400] {logging_mixin.py:188} INFO - [2024-06-18T17:32:43.127-0400] {dag.py:3954} INFO - Setting next_dagrun for example_bash_decorator to None, run_after=None
[2024-06-18T17:32:43.175-0400] {processor.py:183} INFO - Processing /Users/jbshome/Desktop/us_debt_etl_pipeline/debt_env/lib/python3.12/site-packages/airflow/example_dags/example_bash_decorator.py took 0.890 seconds
[2024-06-18T17:46:23.637-0400] {processor.py:161} INFO - Started process (PID=27253) to work on /Users/jbshome/Desktop/us_debt_etl_pipeline/debt_env/lib/python3.12/site-packages/airflow/example_dags/example_bash_decorator.py
[2024-06-18T17:46:23.639-0400] {processor.py:830} INFO - Processing file /Users/jbshome/Desktop/us_debt_etl_pipeline/debt_env/lib/python3.12/site-packages/airflow/example_dags/example_bash_decorator.py for tasks to queue
[2024-06-18T17:46:23.640-0400] {logging_mixin.py:188} INFO - [2024-06-18T17:46:23.640-0400] {dagbag.py:545} INFO - Filling up the DagBag from /Users/jbshome/Desktop/us_debt_etl_pipeline/debt_env/lib/python3.12/site-packages/airflow/example_dags/example_bash_decorator.py
[2024-06-18T17:46:23.712-0400] {processor.py:840} INFO - DAG(s) 'example_bash_decorator' retrieved from /Users/jbshome/Desktop/us_debt_etl_pipeline/debt_env/lib/python3.12/site-packages/airflow/example_dags/example_bash_decorator.py
[2024-06-18T17:46:24.114-0400] {logging_mixin.py:188} INFO - [2024-06-18T17:46:24.114-0400] {dag.py:3096} INFO - Sync 1 DAGs
[2024-06-18T17:46:24.131-0400] {logging_mixin.py:188} INFO - [2024-06-18T17:46:24.130-0400] {dag.py:3954} INFO - Setting next_dagrun for example_bash_decorator to None, run_after=None
[2024-06-18T17:46:24.161-0400] {processor.py:183} INFO - Processing /Users/jbshome/Desktop/us_debt_etl_pipeline/debt_env/lib/python3.12/site-packages/airflow/example_dags/example_bash_decorator.py took 0.529 seconds
[2024-06-18T17:54:41.469-0400] {processor.py:161} INFO - Started process (PID=28979) to work on /Users/jbshome/Desktop/us_debt_etl_pipeline/debt_env/lib/python3.12/site-packages/airflow/example_dags/example_bash_decorator.py
[2024-06-18T17:54:41.471-0400] {processor.py:830} INFO - Processing file /Users/jbshome/Desktop/us_debt_etl_pipeline/debt_env/lib/python3.12/site-packages/airflow/example_dags/example_bash_decorator.py for tasks to queue
[2024-06-18T17:54:41.473-0400] {logging_mixin.py:188} INFO - [2024-06-18T17:54:41.472-0400] {dagbag.py:545} INFO - Filling up the DagBag from /Users/jbshome/Desktop/us_debt_etl_pipeline/debt_env/lib/python3.12/site-packages/airflow/example_dags/example_bash_decorator.py
[2024-06-18T17:54:41.546-0400] {processor.py:840} INFO - DAG(s) 'example_bash_decorator' retrieved from /Users/jbshome/Desktop/us_debt_etl_pipeline/debt_env/lib/python3.12/site-packages/airflow/example_dags/example_bash_decorator.py
[2024-06-18T17:54:41.845-0400] {logging_mixin.py:188} INFO - [2024-06-18T17:54:41.844-0400] {dag.py:3096} INFO - Sync 1 DAGs
[2024-06-18T17:54:41.861-0400] {logging_mixin.py:188} INFO - [2024-06-18T17:54:41.860-0400] {dag.py:3954} INFO - Setting next_dagrun for example_bash_decorator to None, run_after=None
[2024-06-18T17:54:41.893-0400] {processor.py:183} INFO - Processing /Users/jbshome/Desktop/us_debt_etl_pipeline/debt_env/lib/python3.12/site-packages/airflow/example_dags/example_bash_decorator.py took 0.427 seconds
