[2024-06-18T16:30:21.587-0400] {processor.py:161} INFO - Started process (PID=19768) to work on /Users/jbshome/Desktop/us_debt_etl_pipeline/debt_env/lib/python3.12/site-packages/airflow/example_dags/example_time_delta_sensor_async.py
[2024-06-18T16:30:21.588-0400] {processor.py:830} INFO - Processing file /Users/jbshome/Desktop/us_debt_etl_pipeline/debt_env/lib/python3.12/site-packages/airflow/example_dags/example_time_delta_sensor_async.py for tasks to queue
[2024-06-18T16:30:21.589-0400] {logging_mixin.py:188} INFO - [2024-06-18T16:30:21.589-0400] {dagbag.py:545} INFO - Filling up the DagBag from /Users/jbshome/Desktop/us_debt_etl_pipeline/debt_env/lib/python3.12/site-packages/airflow/example_dags/example_time_delta_sensor_async.py
[2024-06-18T16:30:21.604-0400] {processor.py:840} INFO - DAG(s) 'example_time_delta_sensor_async' retrieved from /Users/jbshome/Desktop/us_debt_etl_pipeline/debt_env/lib/python3.12/site-packages/airflow/example_dags/example_time_delta_sensor_async.py
[2024-06-18T16:30:22.179-0400] {logging_mixin.py:188} INFO - [2024-06-18T16:30:22.179-0400] {override.py:1829} INFO - Created Permission View: can delete on DAG:example_time_delta_sensor_async
[2024-06-18T16:30:22.254-0400] {logging_mixin.py:188} INFO - [2024-06-18T16:30:22.253-0400] {override.py:1829} INFO - Created Permission View: can edit on DAG:example_time_delta_sensor_async
[2024-06-18T16:30:22.285-0400] {logging_mixin.py:188} INFO - [2024-06-18T16:30:22.285-0400] {override.py:1829} INFO - Created Permission View: can read on DAG:example_time_delta_sensor_async
[2024-06-18T16:30:22.287-0400] {logging_mixin.py:188} INFO - [2024-06-18T16:30:22.285-0400] {dag.py:3096} INFO - Sync 1 DAGs
[2024-06-18T16:30:22.321-0400] {logging_mixin.py:188} INFO - [2024-06-18T16:30:22.320-0400] {dag.py:3118} INFO - Creating ORM DAG for example_time_delta_sensor_async
[2024-06-18T16:30:22.322-0400] {logging_mixin.py:188} INFO - [2024-06-18T16:30:22.321-0400] {dag.py:3954} INFO - Setting next_dagrun for example_time_delta_sensor_async to None, run_after=None
[2024-06-18T16:30:22.392-0400] {processor.py:183} INFO - Processing /Users/jbshome/Desktop/us_debt_etl_pipeline/debt_env/lib/python3.12/site-packages/airflow/example_dags/example_time_delta_sensor_async.py took 0.809 seconds
[2024-06-18T16:34:12.399-0400] {processor.py:161} INFO - Started process (PID=20276) to work on /Users/jbshome/Desktop/us_debt_etl_pipeline/debt_env/lib/python3.12/site-packages/airflow/example_dags/example_time_delta_sensor_async.py
[2024-06-18T16:34:12.401-0400] {processor.py:830} INFO - Processing file /Users/jbshome/Desktop/us_debt_etl_pipeline/debt_env/lib/python3.12/site-packages/airflow/example_dags/example_time_delta_sensor_async.py for tasks to queue
[2024-06-18T16:34:12.402-0400] {logging_mixin.py:188} INFO - [2024-06-18T16:34:12.402-0400] {dagbag.py:545} INFO - Filling up the DagBag from /Users/jbshome/Desktop/us_debt_etl_pipeline/debt_env/lib/python3.12/site-packages/airflow/example_dags/example_time_delta_sensor_async.py
[2024-06-18T16:34:12.414-0400] {processor.py:840} INFO - DAG(s) 'example_time_delta_sensor_async' retrieved from /Users/jbshome/Desktop/us_debt_etl_pipeline/debt_env/lib/python3.12/site-packages/airflow/example_dags/example_time_delta_sensor_async.py
[2024-06-18T16:34:12.547-0400] {logging_mixin.py:188} INFO - [2024-06-18T16:34:12.547-0400] {dag.py:3096} INFO - Sync 1 DAGs
[2024-06-18T16:34:12.557-0400] {logging_mixin.py:188} INFO - [2024-06-18T16:34:12.556-0400] {dag.py:3954} INFO - Setting next_dagrun for example_time_delta_sensor_async to None, run_after=None
[2024-06-18T16:34:12.577-0400] {processor.py:183} INFO - Processing /Users/jbshome/Desktop/us_debt_etl_pipeline/debt_env/lib/python3.12/site-packages/airflow/example_dags/example_time_delta_sensor_async.py took 0.181 seconds
[2024-06-18T16:37:28.552-0400] {processor.py:161} INFO - Started process (PID=20448) to work on /Users/jbshome/Desktop/us_debt_etl_pipeline/debt_env/lib/python3.12/site-packages/airflow/example_dags/example_time_delta_sensor_async.py
[2024-06-18T16:37:28.554-0400] {processor.py:830} INFO - Processing file /Users/jbshome/Desktop/us_debt_etl_pipeline/debt_env/lib/python3.12/site-packages/airflow/example_dags/example_time_delta_sensor_async.py for tasks to queue
[2024-06-18T16:37:28.554-0400] {logging_mixin.py:188} INFO - [2024-06-18T16:37:28.554-0400] {dagbag.py:545} INFO - Filling up the DagBag from /Users/jbshome/Desktop/us_debt_etl_pipeline/debt_env/lib/python3.12/site-packages/airflow/example_dags/example_time_delta_sensor_async.py
[2024-06-18T16:37:28.564-0400] {processor.py:840} INFO - DAG(s) 'example_time_delta_sensor_async' retrieved from /Users/jbshome/Desktop/us_debt_etl_pipeline/debt_env/lib/python3.12/site-packages/airflow/example_dags/example_time_delta_sensor_async.py
[2024-06-18T16:37:28.698-0400] {logging_mixin.py:188} INFO - [2024-06-18T16:37:28.698-0400] {dag.py:3096} INFO - Sync 1 DAGs
[2024-06-18T16:37:28.709-0400] {logging_mixin.py:188} INFO - [2024-06-18T16:37:28.708-0400] {dag.py:3954} INFO - Setting next_dagrun for example_time_delta_sensor_async to None, run_after=None
[2024-06-18T16:37:28.733-0400] {processor.py:183} INFO - Processing /Users/jbshome/Desktop/us_debt_etl_pipeline/debt_env/lib/python3.12/site-packages/airflow/example_dags/example_time_delta_sensor_async.py took 0.184 seconds
[2024-06-18T16:40:35.185-0400] {processor.py:161} INFO - Started process (PID=20779) to work on /Users/jbshome/Desktop/us_debt_etl_pipeline/debt_env/lib/python3.12/site-packages/airflow/example_dags/example_time_delta_sensor_async.py
[2024-06-18T16:40:35.188-0400] {processor.py:830} INFO - Processing file /Users/jbshome/Desktop/us_debt_etl_pipeline/debt_env/lib/python3.12/site-packages/airflow/example_dags/example_time_delta_sensor_async.py for tasks to queue
[2024-06-18T16:40:35.189-0400] {logging_mixin.py:188} INFO - [2024-06-18T16:40:35.188-0400] {dagbag.py:545} INFO - Filling up the DagBag from /Users/jbshome/Desktop/us_debt_etl_pipeline/debt_env/lib/python3.12/site-packages/airflow/example_dags/example_time_delta_sensor_async.py
[2024-06-18T16:40:35.208-0400] {processor.py:840} INFO - DAG(s) 'example_time_delta_sensor_async' retrieved from /Users/jbshome/Desktop/us_debt_etl_pipeline/debt_env/lib/python3.12/site-packages/airflow/example_dags/example_time_delta_sensor_async.py
[2024-06-18T16:40:35.453-0400] {logging_mixin.py:188} INFO - [2024-06-18T16:40:35.452-0400] {dag.py:3096} INFO - Sync 1 DAGs
[2024-06-18T16:40:35.473-0400] {logging_mixin.py:188} INFO - [2024-06-18T16:40:35.473-0400] {dag.py:3954} INFO - Setting next_dagrun for example_time_delta_sensor_async to None, run_after=None
[2024-06-18T16:40:35.518-0400] {processor.py:183} INFO - Processing /Users/jbshome/Desktop/us_debt_etl_pipeline/debt_env/lib/python3.12/site-packages/airflow/example_dags/example_time_delta_sensor_async.py took 0.344 seconds
[2024-06-18T16:43:44.173-0400] {processor.py:161} INFO - Started process (PID=21398) to work on /Users/jbshome/Desktop/us_debt_etl_pipeline/debt_env/lib/python3.12/site-packages/airflow/example_dags/example_time_delta_sensor_async.py
[2024-06-18T16:43:44.174-0400] {processor.py:830} INFO - Processing file /Users/jbshome/Desktop/us_debt_etl_pipeline/debt_env/lib/python3.12/site-packages/airflow/example_dags/example_time_delta_sensor_async.py for tasks to queue
[2024-06-18T16:43:44.175-0400] {logging_mixin.py:188} INFO - [2024-06-18T16:43:44.175-0400] {dagbag.py:545} INFO - Filling up the DagBag from /Users/jbshome/Desktop/us_debt_etl_pipeline/debt_env/lib/python3.12/site-packages/airflow/example_dags/example_time_delta_sensor_async.py
[2024-06-18T16:43:44.185-0400] {processor.py:840} INFO - DAG(s) 'example_time_delta_sensor_async' retrieved from /Users/jbshome/Desktop/us_debt_etl_pipeline/debt_env/lib/python3.12/site-packages/airflow/example_dags/example_time_delta_sensor_async.py
[2024-06-18T16:43:44.318-0400] {logging_mixin.py:188} INFO - [2024-06-18T16:43:44.317-0400] {dag.py:3096} INFO - Sync 1 DAGs
[2024-06-18T16:43:44.328-0400] {logging_mixin.py:188} INFO - [2024-06-18T16:43:44.328-0400] {dag.py:3954} INFO - Setting next_dagrun for example_time_delta_sensor_async to None, run_after=None
[2024-06-18T16:43:44.352-0400] {processor.py:183} INFO - Processing /Users/jbshome/Desktop/us_debt_etl_pipeline/debt_env/lib/python3.12/site-packages/airflow/example_dags/example_time_delta_sensor_async.py took 0.181 seconds
[2024-06-18T16:46:35.391-0400] {processor.py:161} INFO - Started process (PID=21563) to work on /Users/jbshome/Desktop/us_debt_etl_pipeline/debt_env/lib/python3.12/site-packages/airflow/example_dags/example_time_delta_sensor_async.py
[2024-06-18T16:46:35.393-0400] {processor.py:830} INFO - Processing file /Users/jbshome/Desktop/us_debt_etl_pipeline/debt_env/lib/python3.12/site-packages/airflow/example_dags/example_time_delta_sensor_async.py for tasks to queue
[2024-06-18T16:46:35.394-0400] {logging_mixin.py:188} INFO - [2024-06-18T16:46:35.394-0400] {dagbag.py:545} INFO - Filling up the DagBag from /Users/jbshome/Desktop/us_debt_etl_pipeline/debt_env/lib/python3.12/site-packages/airflow/example_dags/example_time_delta_sensor_async.py
[2024-06-18T16:46:35.407-0400] {processor.py:840} INFO - DAG(s) 'example_time_delta_sensor_async' retrieved from /Users/jbshome/Desktop/us_debt_etl_pipeline/debt_env/lib/python3.12/site-packages/airflow/example_dags/example_time_delta_sensor_async.py
[2024-06-18T16:46:35.636-0400] {logging_mixin.py:188} INFO - [2024-06-18T16:46:35.636-0400] {dag.py:3096} INFO - Sync 1 DAGs
[2024-06-18T16:46:35.652-0400] {logging_mixin.py:188} INFO - [2024-06-18T16:46:35.652-0400] {dag.py:3954} INFO - Setting next_dagrun for example_time_delta_sensor_async to None, run_after=None
[2024-06-18T16:46:35.681-0400] {processor.py:183} INFO - Processing /Users/jbshome/Desktop/us_debt_etl_pipeline/debt_env/lib/python3.12/site-packages/airflow/example_dags/example_time_delta_sensor_async.py took 0.296 seconds
[2024-06-18T16:49:45.133-0400] {processor.py:161} INFO - Started process (PID=21737) to work on /Users/jbshome/Desktop/us_debt_etl_pipeline/debt_env/lib/python3.12/site-packages/airflow/example_dags/example_time_delta_sensor_async.py
[2024-06-18T16:49:45.135-0400] {processor.py:830} INFO - Processing file /Users/jbshome/Desktop/us_debt_etl_pipeline/debt_env/lib/python3.12/site-packages/airflow/example_dags/example_time_delta_sensor_async.py for tasks to queue
[2024-06-18T16:49:45.136-0400] {logging_mixin.py:188} INFO - [2024-06-18T16:49:45.136-0400] {dagbag.py:545} INFO - Filling up the DagBag from /Users/jbshome/Desktop/us_debt_etl_pipeline/debt_env/lib/python3.12/site-packages/airflow/example_dags/example_time_delta_sensor_async.py
[2024-06-18T16:49:45.146-0400] {processor.py:840} INFO - DAG(s) 'example_time_delta_sensor_async' retrieved from /Users/jbshome/Desktop/us_debt_etl_pipeline/debt_env/lib/python3.12/site-packages/airflow/example_dags/example_time_delta_sensor_async.py
[2024-06-18T16:49:45.305-0400] {logging_mixin.py:188} INFO - [2024-06-18T16:49:45.303-0400] {dag.py:3096} INFO - Sync 1 DAGs
[2024-06-18T16:49:45.323-0400] {logging_mixin.py:188} INFO - [2024-06-18T16:49:45.323-0400] {dag.py:3954} INFO - Setting next_dagrun for example_time_delta_sensor_async to None, run_after=None
[2024-06-18T16:49:45.370-0400] {processor.py:183} INFO - Processing /Users/jbshome/Desktop/us_debt_etl_pipeline/debt_env/lib/python3.12/site-packages/airflow/example_dags/example_time_delta_sensor_async.py took 0.240 seconds
[2024-06-18T16:52:53.811-0400] {processor.py:161} INFO - Started process (PID=21904) to work on /Users/jbshome/Desktop/us_debt_etl_pipeline/debt_env/lib/python3.12/site-packages/airflow/example_dags/example_time_delta_sensor_async.py
[2024-06-18T16:52:53.813-0400] {processor.py:830} INFO - Processing file /Users/jbshome/Desktop/us_debt_etl_pipeline/debt_env/lib/python3.12/site-packages/airflow/example_dags/example_time_delta_sensor_async.py for tasks to queue
[2024-06-18T16:52:53.813-0400] {logging_mixin.py:188} INFO - [2024-06-18T16:52:53.813-0400] {dagbag.py:545} INFO - Filling up the DagBag from /Users/jbshome/Desktop/us_debt_etl_pipeline/debt_env/lib/python3.12/site-packages/airflow/example_dags/example_time_delta_sensor_async.py
[2024-06-18T16:52:53.823-0400] {processor.py:840} INFO - DAG(s) 'example_time_delta_sensor_async' retrieved from /Users/jbshome/Desktop/us_debt_etl_pipeline/debt_env/lib/python3.12/site-packages/airflow/example_dags/example_time_delta_sensor_async.py
[2024-06-18T16:52:53.973-0400] {logging_mixin.py:188} INFO - [2024-06-18T16:52:53.972-0400] {dag.py:3096} INFO - Sync 1 DAGs
[2024-06-18T16:52:53.983-0400] {logging_mixin.py:188} INFO - [2024-06-18T16:52:53.983-0400] {dag.py:3954} INFO - Setting next_dagrun for example_time_delta_sensor_async to None, run_after=None
[2024-06-18T16:52:54.006-0400] {processor.py:183} INFO - Processing /Users/jbshome/Desktop/us_debt_etl_pipeline/debt_env/lib/python3.12/site-packages/airflow/example_dags/example_time_delta_sensor_async.py took 0.199 seconds
[2024-06-18T16:56:04.741-0400] {processor.py:161} INFO - Started process (PID=22052) to work on /Users/jbshome/Desktop/us_debt_etl_pipeline/debt_env/lib/python3.12/site-packages/airflow/example_dags/example_time_delta_sensor_async.py
[2024-06-18T16:56:04.742-0400] {processor.py:830} INFO - Processing file /Users/jbshome/Desktop/us_debt_etl_pipeline/debt_env/lib/python3.12/site-packages/airflow/example_dags/example_time_delta_sensor_async.py for tasks to queue
[2024-06-18T16:56:04.743-0400] {logging_mixin.py:188} INFO - [2024-06-18T16:56:04.743-0400] {dagbag.py:545} INFO - Filling up the DagBag from /Users/jbshome/Desktop/us_debt_etl_pipeline/debt_env/lib/python3.12/site-packages/airflow/example_dags/example_time_delta_sensor_async.py
[2024-06-18T16:56:04.754-0400] {processor.py:840} INFO - DAG(s) 'example_time_delta_sensor_async' retrieved from /Users/jbshome/Desktop/us_debt_etl_pipeline/debt_env/lib/python3.12/site-packages/airflow/example_dags/example_time_delta_sensor_async.py
[2024-06-18T16:56:04.881-0400] {logging_mixin.py:188} INFO - [2024-06-18T16:56:04.881-0400] {dag.py:3096} INFO - Sync 1 DAGs
[2024-06-18T16:56:04.894-0400] {logging_mixin.py:188} INFO - [2024-06-18T16:56:04.894-0400] {dag.py:3954} INFO - Setting next_dagrun for example_time_delta_sensor_async to None, run_after=None
[2024-06-18T16:56:04.918-0400] {processor.py:183} INFO - Processing /Users/jbshome/Desktop/us_debt_etl_pipeline/debt_env/lib/python3.12/site-packages/airflow/example_dags/example_time_delta_sensor_async.py took 0.183 seconds
[2024-06-18T16:59:14.452-0400] {processor.py:161} INFO - Started process (PID=22556) to work on /Users/jbshome/Desktop/us_debt_etl_pipeline/debt_env/lib/python3.12/site-packages/airflow/example_dags/example_time_delta_sensor_async.py
[2024-06-18T16:59:14.455-0400] {processor.py:830} INFO - Processing file /Users/jbshome/Desktop/us_debt_etl_pipeline/debt_env/lib/python3.12/site-packages/airflow/example_dags/example_time_delta_sensor_async.py for tasks to queue
[2024-06-18T16:59:14.456-0400] {logging_mixin.py:188} INFO - [2024-06-18T16:59:14.455-0400] {dagbag.py:545} INFO - Filling up the DagBag from /Users/jbshome/Desktop/us_debt_etl_pipeline/debt_env/lib/python3.12/site-packages/airflow/example_dags/example_time_delta_sensor_async.py
[2024-06-18T16:59:14.469-0400] {processor.py:840} INFO - DAG(s) 'example_time_delta_sensor_async' retrieved from /Users/jbshome/Desktop/us_debt_etl_pipeline/debt_env/lib/python3.12/site-packages/airflow/example_dags/example_time_delta_sensor_async.py
[2024-06-18T16:59:14.636-0400] {logging_mixin.py:188} INFO - [2024-06-18T16:59:14.635-0400] {dag.py:3096} INFO - Sync 1 DAGs
[2024-06-18T16:59:14.647-0400] {logging_mixin.py:188} INFO - [2024-06-18T16:59:14.647-0400] {dag.py:3954} INFO - Setting next_dagrun for example_time_delta_sensor_async to None, run_after=None
[2024-06-18T16:59:14.682-0400] {processor.py:183} INFO - Processing /Users/jbshome/Desktop/us_debt_etl_pipeline/debt_env/lib/python3.12/site-packages/airflow/example_dags/example_time_delta_sensor_async.py took 0.235 seconds
[2024-06-18T17:03:25.517-0400] {processor.py:161} INFO - Started process (PID=22805) to work on /Users/jbshome/Desktop/us_debt_etl_pipeline/debt_env/lib/python3.12/site-packages/airflow/example_dags/example_time_delta_sensor_async.py
[2024-06-18T17:03:25.518-0400] {processor.py:830} INFO - Processing file /Users/jbshome/Desktop/us_debt_etl_pipeline/debt_env/lib/python3.12/site-packages/airflow/example_dags/example_time_delta_sensor_async.py for tasks to queue
[2024-06-18T17:03:25.520-0400] {logging_mixin.py:188} INFO - [2024-06-18T17:03:25.519-0400] {dagbag.py:545} INFO - Filling up the DagBag from /Users/jbshome/Desktop/us_debt_etl_pipeline/debt_env/lib/python3.12/site-packages/airflow/example_dags/example_time_delta_sensor_async.py
[2024-06-18T17:03:25.532-0400] {processor.py:840} INFO - DAG(s) 'example_time_delta_sensor_async' retrieved from /Users/jbshome/Desktop/us_debt_etl_pipeline/debt_env/lib/python3.12/site-packages/airflow/example_dags/example_time_delta_sensor_async.py
[2024-06-18T17:03:25.672-0400] {logging_mixin.py:188} INFO - [2024-06-18T17:03:25.672-0400] {dag.py:3096} INFO - Sync 1 DAGs
[2024-06-18T17:03:25.682-0400] {logging_mixin.py:188} INFO - [2024-06-18T17:03:25.682-0400] {dag.py:3954} INFO - Setting next_dagrun for example_time_delta_sensor_async to None, run_after=None
[2024-06-18T17:03:25.703-0400] {processor.py:183} INFO - Processing /Users/jbshome/Desktop/us_debt_etl_pipeline/debt_env/lib/python3.12/site-packages/airflow/example_dags/example_time_delta_sensor_async.py took 0.189 seconds
[2024-06-18T17:06:48.401-0400] {processor.py:161} INFO - Started process (PID=23113) to work on /Users/jbshome/Desktop/us_debt_etl_pipeline/debt_env/lib/python3.12/site-packages/airflow/example_dags/example_time_delta_sensor_async.py
[2024-06-18T17:06:48.403-0400] {processor.py:830} INFO - Processing file /Users/jbshome/Desktop/us_debt_etl_pipeline/debt_env/lib/python3.12/site-packages/airflow/example_dags/example_time_delta_sensor_async.py for tasks to queue
[2024-06-18T17:06:48.404-0400] {logging_mixin.py:188} INFO - [2024-06-18T17:06:48.403-0400] {dagbag.py:545} INFO - Filling up the DagBag from /Users/jbshome/Desktop/us_debt_etl_pipeline/debt_env/lib/python3.12/site-packages/airflow/example_dags/example_time_delta_sensor_async.py
[2024-06-18T17:06:48.414-0400] {processor.py:840} INFO - DAG(s) 'example_time_delta_sensor_async' retrieved from /Users/jbshome/Desktop/us_debt_etl_pipeline/debt_env/lib/python3.12/site-packages/airflow/example_dags/example_time_delta_sensor_async.py
[2024-06-18T17:06:48.596-0400] {logging_mixin.py:188} INFO - [2024-06-18T17:06:48.596-0400] {dag.py:3096} INFO - Sync 1 DAGs
[2024-06-18T17:06:48.611-0400] {logging_mixin.py:188} INFO - [2024-06-18T17:06:48.610-0400] {dag.py:3954} INFO - Setting next_dagrun for example_time_delta_sensor_async to None, run_after=None
[2024-06-18T17:06:48.636-0400] {processor.py:183} INFO - Processing /Users/jbshome/Desktop/us_debt_etl_pipeline/debt_env/lib/python3.12/site-packages/airflow/example_dags/example_time_delta_sensor_async.py took 0.238 seconds
[2024-06-18T17:10:51.757-0400] {processor.py:161} INFO - Started process (PID=23842) to work on /Users/jbshome/Desktop/us_debt_etl_pipeline/debt_env/lib/python3.12/site-packages/airflow/example_dags/example_time_delta_sensor_async.py
[2024-06-18T17:10:51.759-0400] {processor.py:830} INFO - Processing file /Users/jbshome/Desktop/us_debt_etl_pipeline/debt_env/lib/python3.12/site-packages/airflow/example_dags/example_time_delta_sensor_async.py for tasks to queue
[2024-06-18T17:10:51.760-0400] {logging_mixin.py:188} INFO - [2024-06-18T17:10:51.760-0400] {dagbag.py:545} INFO - Filling up the DagBag from /Users/jbshome/Desktop/us_debt_etl_pipeline/debt_env/lib/python3.12/site-packages/airflow/example_dags/example_time_delta_sensor_async.py
[2024-06-18T17:10:51.775-0400] {processor.py:840} INFO - DAG(s) 'example_time_delta_sensor_async' retrieved from /Users/jbshome/Desktop/us_debt_etl_pipeline/debt_env/lib/python3.12/site-packages/airflow/example_dags/example_time_delta_sensor_async.py
[2024-06-18T17:10:52.069-0400] {logging_mixin.py:188} INFO - [2024-06-18T17:10:52.068-0400] {dag.py:3096} INFO - Sync 1 DAGs
[2024-06-18T17:10:52.090-0400] {logging_mixin.py:188} INFO - [2024-06-18T17:10:52.090-0400] {dag.py:3954} INFO - Setting next_dagrun for example_time_delta_sensor_async to None, run_after=None
[2024-06-18T17:10:52.150-0400] {processor.py:183} INFO - Processing /Users/jbshome/Desktop/us_debt_etl_pipeline/debt_env/lib/python3.12/site-packages/airflow/example_dags/example_time_delta_sensor_async.py took 0.397 seconds
[2024-06-18T17:16:06.533-0400] {processor.py:161} INFO - Started process (PID=24180) to work on /Users/jbshome/Desktop/us_debt_etl_pipeline/debt_env/lib/python3.12/site-packages/airflow/example_dags/example_time_delta_sensor_async.py
[2024-06-18T17:16:06.535-0400] {processor.py:830} INFO - Processing file /Users/jbshome/Desktop/us_debt_etl_pipeline/debt_env/lib/python3.12/site-packages/airflow/example_dags/example_time_delta_sensor_async.py for tasks to queue
[2024-06-18T17:16:06.537-0400] {logging_mixin.py:188} INFO - [2024-06-18T17:16:06.537-0400] {dagbag.py:545} INFO - Filling up the DagBag from /Users/jbshome/Desktop/us_debt_etl_pipeline/debt_env/lib/python3.12/site-packages/airflow/example_dags/example_time_delta_sensor_async.py
[2024-06-18T17:16:06.557-0400] {processor.py:840} INFO - DAG(s) 'example_time_delta_sensor_async' retrieved from /Users/jbshome/Desktop/us_debt_etl_pipeline/debt_env/lib/python3.12/site-packages/airflow/example_dags/example_time_delta_sensor_async.py
[2024-06-18T17:16:06.841-0400] {logging_mixin.py:188} INFO - [2024-06-18T17:16:06.841-0400] {dag.py:3096} INFO - Sync 1 DAGs
[2024-06-18T17:16:06.858-0400] {logging_mixin.py:188} INFO - [2024-06-18T17:16:06.858-0400] {dag.py:3954} INFO - Setting next_dagrun for example_time_delta_sensor_async to None, run_after=None
[2024-06-18T17:16:06.894-0400] {processor.py:183} INFO - Processing /Users/jbshome/Desktop/us_debt_etl_pipeline/debt_env/lib/python3.12/site-packages/airflow/example_dags/example_time_delta_sensor_async.py took 0.368 seconds
[2024-06-18T17:20:53.885-0400] {processor.py:161} INFO - Started process (PID=24514) to work on /Users/jbshome/Desktop/us_debt_etl_pipeline/debt_env/lib/python3.12/site-packages/airflow/example_dags/example_time_delta_sensor_async.py
[2024-06-18T17:20:53.888-0400] {processor.py:830} INFO - Processing file /Users/jbshome/Desktop/us_debt_etl_pipeline/debt_env/lib/python3.12/site-packages/airflow/example_dags/example_time_delta_sensor_async.py for tasks to queue
[2024-06-18T17:20:53.889-0400] {logging_mixin.py:188} INFO - [2024-06-18T17:20:53.889-0400] {dagbag.py:545} INFO - Filling up the DagBag from /Users/jbshome/Desktop/us_debt_etl_pipeline/debt_env/lib/python3.12/site-packages/airflow/example_dags/example_time_delta_sensor_async.py
[2024-06-18T17:20:53.908-0400] {processor.py:840} INFO - DAG(s) 'example_time_delta_sensor_async' retrieved from /Users/jbshome/Desktop/us_debt_etl_pipeline/debt_env/lib/python3.12/site-packages/airflow/example_dags/example_time_delta_sensor_async.py
[2024-06-18T17:20:54.267-0400] {logging_mixin.py:188} INFO - [2024-06-18T17:20:54.267-0400] {dag.py:3096} INFO - Sync 1 DAGs
[2024-06-18T17:20:54.287-0400] {logging_mixin.py:188} INFO - [2024-06-18T17:20:54.286-0400] {dag.py:3954} INFO - Setting next_dagrun for example_time_delta_sensor_async to None, run_after=None
[2024-06-18T17:20:54.332-0400] {processor.py:183} INFO - Processing /Users/jbshome/Desktop/us_debt_etl_pipeline/debt_env/lib/python3.12/site-packages/airflow/example_dags/example_time_delta_sensor_async.py took 0.452 seconds
[2024-06-18T17:25:08.855-0400] {processor.py:161} INFO - Started process (PID=24811) to work on /Users/jbshome/Desktop/us_debt_etl_pipeline/debt_env/lib/python3.12/site-packages/airflow/example_dags/example_time_delta_sensor_async.py
[2024-06-18T17:25:08.857-0400] {processor.py:830} INFO - Processing file /Users/jbshome/Desktop/us_debt_etl_pipeline/debt_env/lib/python3.12/site-packages/airflow/example_dags/example_time_delta_sensor_async.py for tasks to queue
[2024-06-18T17:25:08.858-0400] {logging_mixin.py:188} INFO - [2024-06-18T17:25:08.858-0400] {dagbag.py:545} INFO - Filling up the DagBag from /Users/jbshome/Desktop/us_debt_etl_pipeline/debt_env/lib/python3.12/site-packages/airflow/example_dags/example_time_delta_sensor_async.py
[2024-06-18T17:25:08.868-0400] {processor.py:840} INFO - DAG(s) 'example_time_delta_sensor_async' retrieved from /Users/jbshome/Desktop/us_debt_etl_pipeline/debt_env/lib/python3.12/site-packages/airflow/example_dags/example_time_delta_sensor_async.py
[2024-06-18T17:25:09.004-0400] {logging_mixin.py:188} INFO - [2024-06-18T17:25:09.003-0400] {dag.py:3096} INFO - Sync 1 DAGs
[2024-06-18T17:25:09.014-0400] {logging_mixin.py:188} INFO - [2024-06-18T17:25:09.014-0400] {dag.py:3954} INFO - Setting next_dagrun for example_time_delta_sensor_async to None, run_after=None
[2024-06-18T17:25:09.044-0400] {processor.py:183} INFO - Processing /Users/jbshome/Desktop/us_debt_etl_pipeline/debt_env/lib/python3.12/site-packages/airflow/example_dags/example_time_delta_sensor_async.py took 0.192 seconds
[2024-06-18T17:29:43.647-0400] {processor.py:161} INFO - Started process (PID=25132) to work on /Users/jbshome/Desktop/us_debt_etl_pipeline/debt_env/lib/python3.12/site-packages/airflow/example_dags/example_time_delta_sensor_async.py
[2024-06-18T17:29:43.649-0400] {processor.py:830} INFO - Processing file /Users/jbshome/Desktop/us_debt_etl_pipeline/debt_env/lib/python3.12/site-packages/airflow/example_dags/example_time_delta_sensor_async.py for tasks to queue
[2024-06-18T17:29:43.651-0400] {logging_mixin.py:188} INFO - [2024-06-18T17:29:43.650-0400] {dagbag.py:545} INFO - Filling up the DagBag from /Users/jbshome/Desktop/us_debt_etl_pipeline/debt_env/lib/python3.12/site-packages/airflow/example_dags/example_time_delta_sensor_async.py
[2024-06-18T17:29:43.674-0400] {processor.py:840} INFO - DAG(s) 'example_time_delta_sensor_async' retrieved from /Users/jbshome/Desktop/us_debt_etl_pipeline/debt_env/lib/python3.12/site-packages/airflow/example_dags/example_time_delta_sensor_async.py
[2024-06-18T17:29:43.940-0400] {logging_mixin.py:188} INFO - [2024-06-18T17:29:43.939-0400] {dag.py:3096} INFO - Sync 1 DAGs
[2024-06-18T17:29:43.970-0400] {logging_mixin.py:188} INFO - [2024-06-18T17:29:43.969-0400] {dag.py:3954} INFO - Setting next_dagrun for example_time_delta_sensor_async to None, run_after=None
[2024-06-18T17:29:44.020-0400] {processor.py:183} INFO - Processing /Users/jbshome/Desktop/us_debt_etl_pipeline/debt_env/lib/python3.12/site-packages/airflow/example_dags/example_time_delta_sensor_async.py took 0.377 seconds
[2024-06-18T17:34:35.541-0400] {processor.py:161} INFO - Started process (PID=25446) to work on /Users/jbshome/Desktop/us_debt_etl_pipeline/debt_env/lib/python3.12/site-packages/airflow/example_dags/example_time_delta_sensor_async.py
[2024-06-18T17:34:35.543-0400] {processor.py:830} INFO - Processing file /Users/jbshome/Desktop/us_debt_etl_pipeline/debt_env/lib/python3.12/site-packages/airflow/example_dags/example_time_delta_sensor_async.py for tasks to queue
[2024-06-18T17:34:35.545-0400] {logging_mixin.py:188} INFO - [2024-06-18T17:34:35.544-0400] {dagbag.py:545} INFO - Filling up the DagBag from /Users/jbshome/Desktop/us_debt_etl_pipeline/debt_env/lib/python3.12/site-packages/airflow/example_dags/example_time_delta_sensor_async.py
[2024-06-18T17:34:35.569-0400] {processor.py:840} INFO - DAG(s) 'example_time_delta_sensor_async' retrieved from /Users/jbshome/Desktop/us_debt_etl_pipeline/debt_env/lib/python3.12/site-packages/airflow/example_dags/example_time_delta_sensor_async.py
[2024-06-18T17:34:36.010-0400] {logging_mixin.py:188} INFO - [2024-06-18T17:34:36.010-0400] {dag.py:3096} INFO - Sync 1 DAGs
[2024-06-18T17:34:36.030-0400] {logging_mixin.py:188} INFO - [2024-06-18T17:34:36.030-0400] {dag.py:3954} INFO - Setting next_dagrun for example_time_delta_sensor_async to None, run_after=None
[2024-06-18T17:34:36.066-0400] {processor.py:183} INFO - Processing /Users/jbshome/Desktop/us_debt_etl_pipeline/debt_env/lib/python3.12/site-packages/airflow/example_dags/example_time_delta_sensor_async.py took 0.531 seconds
[2024-06-18T17:42:14.680-0400] {processor.py:161} INFO - Started process (PID=26484) to work on /Users/jbshome/Desktop/us_debt_etl_pipeline/debt_env/lib/python3.12/site-packages/airflow/example_dags/example_time_delta_sensor_async.py
[2024-06-18T17:42:14.685-0400] {processor.py:830} INFO - Processing file /Users/jbshome/Desktop/us_debt_etl_pipeline/debt_env/lib/python3.12/site-packages/airflow/example_dags/example_time_delta_sensor_async.py for tasks to queue
[2024-06-18T17:42:14.687-0400] {logging_mixin.py:188} INFO - [2024-06-18T17:42:14.686-0400] {dagbag.py:545} INFO - Filling up the DagBag from /Users/jbshome/Desktop/us_debt_etl_pipeline/debt_env/lib/python3.12/site-packages/airflow/example_dags/example_time_delta_sensor_async.py
[2024-06-18T17:42:14.709-0400] {processor.py:840} INFO - DAG(s) 'example_time_delta_sensor_async' retrieved from /Users/jbshome/Desktop/us_debt_etl_pipeline/debt_env/lib/python3.12/site-packages/airflow/example_dags/example_time_delta_sensor_async.py
[2024-06-18T17:42:15.204-0400] {logging_mixin.py:188} INFO - [2024-06-18T17:42:15.203-0400] {dag.py:3096} INFO - Sync 1 DAGs
[2024-06-18T17:42:15.241-0400] {logging_mixin.py:188} INFO - [2024-06-18T17:42:15.240-0400] {dag.py:3954} INFO - Setting next_dagrun for example_time_delta_sensor_async to None, run_after=None
[2024-06-18T17:42:15.274-0400] {processor.py:183} INFO - Processing /Users/jbshome/Desktop/us_debt_etl_pipeline/debt_env/lib/python3.12/site-packages/airflow/example_dags/example_time_delta_sensor_async.py took 0.602 seconds
[2024-06-18T17:47:42.425-0400] {processor.py:161} INFO - Started process (PID=27565) to work on /Users/jbshome/Desktop/us_debt_etl_pipeline/debt_env/lib/python3.12/site-packages/airflow/example_dags/example_time_delta_sensor_async.py
[2024-06-18T17:47:42.429-0400] {processor.py:830} INFO - Processing file /Users/jbshome/Desktop/us_debt_etl_pipeline/debt_env/lib/python3.12/site-packages/airflow/example_dags/example_time_delta_sensor_async.py for tasks to queue
[2024-06-18T17:47:42.431-0400] {logging_mixin.py:188} INFO - [2024-06-18T17:47:42.430-0400] {dagbag.py:545} INFO - Filling up the DagBag from /Users/jbshome/Desktop/us_debt_etl_pipeline/debt_env/lib/python3.12/site-packages/airflow/example_dags/example_time_delta_sensor_async.py
[2024-06-18T17:47:42.448-0400] {processor.py:840} INFO - DAG(s) 'example_time_delta_sensor_async' retrieved from /Users/jbshome/Desktop/us_debt_etl_pipeline/debt_env/lib/python3.12/site-packages/airflow/example_dags/example_time_delta_sensor_async.py
[2024-06-18T17:47:42.696-0400] {logging_mixin.py:188} INFO - [2024-06-18T17:47:42.695-0400] {dag.py:3096} INFO - Sync 1 DAGs
[2024-06-18T17:47:42.714-0400] {logging_mixin.py:188} INFO - [2024-06-18T17:47:42.714-0400] {dag.py:3954} INFO - Setting next_dagrun for example_time_delta_sensor_async to None, run_after=None
[2024-06-18T17:47:42.752-0400] {processor.py:183} INFO - Processing /Users/jbshome/Desktop/us_debt_etl_pipeline/debt_env/lib/python3.12/site-packages/airflow/example_dags/example_time_delta_sensor_async.py took 0.334 seconds
[2024-06-18T17:52:00.042-0400] {processor.py:161} INFO - Started process (PID=28247) to work on /Users/jbshome/Desktop/us_debt_etl_pipeline/debt_env/lib/python3.12/site-packages/airflow/example_dags/example_time_delta_sensor_async.py
[2024-06-18T17:52:00.046-0400] {processor.py:830} INFO - Processing file /Users/jbshome/Desktop/us_debt_etl_pipeline/debt_env/lib/python3.12/site-packages/airflow/example_dags/example_time_delta_sensor_async.py for tasks to queue
[2024-06-18T17:52:00.047-0400] {logging_mixin.py:188} INFO - [2024-06-18T17:52:00.047-0400] {dagbag.py:545} INFO - Filling up the DagBag from /Users/jbshome/Desktop/us_debt_etl_pipeline/debt_env/lib/python3.12/site-packages/airflow/example_dags/example_time_delta_sensor_async.py
[2024-06-18T17:52:00.081-0400] {processor.py:840} INFO - DAG(s) 'example_time_delta_sensor_async' retrieved from /Users/jbshome/Desktop/us_debt_etl_pipeline/debt_env/lib/python3.12/site-packages/airflow/example_dags/example_time_delta_sensor_async.py
[2024-06-18T17:52:00.491-0400] {logging_mixin.py:188} INFO - [2024-06-18T17:52:00.490-0400] {dag.py:3096} INFO - Sync 1 DAGs
[2024-06-18T17:52:00.524-0400] {logging_mixin.py:188} INFO - [2024-06-18T17:52:00.523-0400] {dag.py:3954} INFO - Setting next_dagrun for example_time_delta_sensor_async to None, run_after=None
[2024-06-18T17:52:00.589-0400] {processor.py:183} INFO - Processing /Users/jbshome/Desktop/us_debt_etl_pipeline/debt_env/lib/python3.12/site-packages/airflow/example_dags/example_time_delta_sensor_async.py took 0.565 seconds
[2024-06-18T17:55:57.138-0400] {processor.py:161} INFO - Started process (PID=29251) to work on /Users/jbshome/Desktop/us_debt_etl_pipeline/debt_env/lib/python3.12/site-packages/airflow/example_dags/example_time_delta_sensor_async.py
[2024-06-18T17:55:57.140-0400] {processor.py:830} INFO - Processing file /Users/jbshome/Desktop/us_debt_etl_pipeline/debt_env/lib/python3.12/site-packages/airflow/example_dags/example_time_delta_sensor_async.py for tasks to queue
[2024-06-18T17:55:57.142-0400] {logging_mixin.py:188} INFO - [2024-06-18T17:55:57.141-0400] {dagbag.py:545} INFO - Filling up the DagBag from /Users/jbshome/Desktop/us_debt_etl_pipeline/debt_env/lib/python3.12/site-packages/airflow/example_dags/example_time_delta_sensor_async.py
[2024-06-18T17:55:57.156-0400] {processor.py:840} INFO - DAG(s) 'example_time_delta_sensor_async' retrieved from /Users/jbshome/Desktop/us_debt_etl_pipeline/debt_env/lib/python3.12/site-packages/airflow/example_dags/example_time_delta_sensor_async.py
[2024-06-18T17:55:57.569-0400] {logging_mixin.py:188} INFO - [2024-06-18T17:55:57.569-0400] {dag.py:3096} INFO - Sync 1 DAGs
[2024-06-18T17:55:57.586-0400] {logging_mixin.py:188} INFO - [2024-06-18T17:55:57.586-0400] {dag.py:3954} INFO - Setting next_dagrun for example_time_delta_sensor_async to None, run_after=None
[2024-06-18T17:55:57.634-0400] {processor.py:183} INFO - Processing /Users/jbshome/Desktop/us_debt_etl_pipeline/debt_env/lib/python3.12/site-packages/airflow/example_dags/example_time_delta_sensor_async.py took 0.501 seconds
