[2024-06-18T16:32:17.911-0400] {processor.py:161} INFO - Started process (PID=20175) to work on /Users/jbshome/Desktop/us_debt_etl_pipeline/debt_env/lib/python3.12/site-packages/airflow/example_dags/example_datasets.py
[2024-06-18T16:32:17.914-0400] {processor.py:830} INFO - Processing file /Users/jbshome/Desktop/us_debt_etl_pipeline/debt_env/lib/python3.12/site-packages/airflow/example_dags/example_datasets.py for tasks to queue
[2024-06-18T16:32:17.915-0400] {logging_mixin.py:188} INFO - [2024-06-18T16:32:17.914-0400] {dagbag.py:545} INFO - Filling up the DagBag from /Users/jbshome/Desktop/us_debt_etl_pipeline/debt_env/lib/python3.12/site-packages/airflow/example_dags/example_datasets.py
[2024-06-18T16:32:18.186-0400] {processor.py:840} INFO - DAG(s) 'dataset_consumes_1_never_scheduled', 'consume_1_or_both_2_and_3_with_dataset_expressions', 'dataset_produces_2', 'consume_1_and_2_with_dataset_expressions', 'conditional_dataset_and_time_based_timetable', 'dataset_consumes_unknown_never_scheduled', 'dataset_consumes_1_and_2', 'consume_1_or_2_with_dataset_expressions', 'dataset_produces_1', 'dataset_consumes_1' retrieved from /Users/jbshome/Desktop/us_debt_etl_pipeline/debt_env/lib/python3.12/site-packages/airflow/example_dags/example_datasets.py
[2024-06-18T16:32:19.103-0400] {logging_mixin.py:188} INFO - [2024-06-18T16:32:19.099-0400] {override.py:1829} INFO - Created Permission View: can read on DAG:dataset_consumes_1_never_scheduled
[2024-06-18T16:32:19.155-0400] {logging_mixin.py:188} INFO - [2024-06-18T16:32:19.154-0400] {override.py:1829} INFO - Created Permission View: can delete on DAG:dataset_consumes_1_never_scheduled
[2024-06-18T16:32:19.177-0400] {logging_mixin.py:188} INFO - [2024-06-18T16:32:19.176-0400] {override.py:1829} INFO - Created Permission View: can edit on DAG:dataset_consumes_1_never_scheduled
[2024-06-18T16:32:19.210-0400] {logging_mixin.py:188} INFO - [2024-06-18T16:32:19.209-0400] {override.py:1829} INFO - Created Permission View: can read on DAG:consume_1_or_both_2_and_3_with_dataset_expressions
[2024-06-18T16:32:19.223-0400] {logging_mixin.py:188} INFO - [2024-06-18T16:32:19.222-0400] {override.py:1829} INFO - Created Permission View: can delete on DAG:consume_1_or_both_2_and_3_with_dataset_expressions
[2024-06-18T16:32:19.239-0400] {logging_mixin.py:188} INFO - [2024-06-18T16:32:19.238-0400] {override.py:1829} INFO - Created Permission View: can edit on DAG:consume_1_or_both_2_and_3_with_dataset_expressions
[2024-06-18T16:32:19.272-0400] {logging_mixin.py:188} INFO - [2024-06-18T16:32:19.272-0400] {override.py:1829} INFO - Created Permission View: can read on DAG:dataset_produces_2
[2024-06-18T16:32:19.288-0400] {logging_mixin.py:188} INFO - [2024-06-18T16:32:19.287-0400] {override.py:1829} INFO - Created Permission View: can delete on DAG:dataset_produces_2
[2024-06-18T16:32:19.303-0400] {logging_mixin.py:188} INFO - [2024-06-18T16:32:19.302-0400] {override.py:1829} INFO - Created Permission View: can edit on DAG:dataset_produces_2
[2024-06-18T16:32:19.338-0400] {logging_mixin.py:188} INFO - [2024-06-18T16:32:19.336-0400] {override.py:1829} INFO - Created Permission View: can read on DAG:consume_1_and_2_with_dataset_expressions
[2024-06-18T16:32:19.354-0400] {logging_mixin.py:188} INFO - [2024-06-18T16:32:19.354-0400] {override.py:1829} INFO - Created Permission View: can delete on DAG:consume_1_and_2_with_dataset_expressions
[2024-06-18T16:32:19.366-0400] {logging_mixin.py:188} INFO - [2024-06-18T16:32:19.366-0400] {override.py:1829} INFO - Created Permission View: can edit on DAG:consume_1_and_2_with_dataset_expressions
[2024-06-18T16:32:19.394-0400] {logging_mixin.py:188} INFO - [2024-06-18T16:32:19.393-0400] {override.py:1829} INFO - Created Permission View: can read on DAG:conditional_dataset_and_time_based_timetable
[2024-06-18T16:32:19.421-0400] {logging_mixin.py:188} INFO - [2024-06-18T16:32:19.420-0400] {override.py:1829} INFO - Created Permission View: can delete on DAG:conditional_dataset_and_time_based_timetable
[2024-06-18T16:32:19.438-0400] {logging_mixin.py:188} INFO - [2024-06-18T16:32:19.438-0400] {override.py:1829} INFO - Created Permission View: can edit on DAG:conditional_dataset_and_time_based_timetable
[2024-06-18T16:32:19.461-0400] {logging_mixin.py:188} INFO - [2024-06-18T16:32:19.460-0400] {override.py:1829} INFO - Created Permission View: can read on DAG:dataset_consumes_unknown_never_scheduled
[2024-06-18T16:32:19.475-0400] {logging_mixin.py:188} INFO - [2024-06-18T16:32:19.475-0400] {override.py:1829} INFO - Created Permission View: can delete on DAG:dataset_consumes_unknown_never_scheduled
[2024-06-18T16:32:19.489-0400] {logging_mixin.py:188} INFO - [2024-06-18T16:32:19.488-0400] {override.py:1829} INFO - Created Permission View: can edit on DAG:dataset_consumes_unknown_never_scheduled
[2024-06-18T16:32:19.514-0400] {logging_mixin.py:188} INFO - [2024-06-18T16:32:19.514-0400] {override.py:1829} INFO - Created Permission View: can read on DAG:dataset_consumes_1_and_2
[2024-06-18T16:32:19.591-0400] {logging_mixin.py:188} INFO - [2024-06-18T16:32:19.591-0400] {override.py:1829} INFO - Created Permission View: can delete on DAG:dataset_consumes_1_and_2
[2024-06-18T16:32:19.615-0400] {logging_mixin.py:188} INFO - [2024-06-18T16:32:19.615-0400] {override.py:1829} INFO - Created Permission View: can edit on DAG:dataset_consumes_1_and_2
[2024-06-18T16:32:19.653-0400] {logging_mixin.py:188} INFO - [2024-06-18T16:32:19.643-0400] {override.py:1829} INFO - Created Permission View: can read on DAG:consume_1_or_2_with_dataset_expressions
[2024-06-18T16:32:19.664-0400] {logging_mixin.py:188} INFO - [2024-06-18T16:32:19.664-0400] {override.py:1829} INFO - Created Permission View: can delete on DAG:consume_1_or_2_with_dataset_expressions
[2024-06-18T16:32:19.676-0400] {logging_mixin.py:188} INFO - [2024-06-18T16:32:19.676-0400] {override.py:1829} INFO - Created Permission View: can edit on DAG:consume_1_or_2_with_dataset_expressions
[2024-06-18T16:32:19.708-0400] {logging_mixin.py:188} INFO - [2024-06-18T16:32:19.706-0400] {override.py:1829} INFO - Created Permission View: can read on DAG:dataset_produces_1
[2024-06-18T16:32:19.728-0400] {logging_mixin.py:188} INFO - [2024-06-18T16:32:19.728-0400] {override.py:1829} INFO - Created Permission View: can delete on DAG:dataset_produces_1
[2024-06-18T16:32:19.740-0400] {logging_mixin.py:188} INFO - [2024-06-18T16:32:19.740-0400] {override.py:1829} INFO - Created Permission View: can edit on DAG:dataset_produces_1
[2024-06-18T16:32:19.766-0400] {logging_mixin.py:188} INFO - [2024-06-18T16:32:19.766-0400] {override.py:1829} INFO - Created Permission View: can read on DAG:dataset_consumes_1
[2024-06-18T16:32:19.788-0400] {logging_mixin.py:188} INFO - [2024-06-18T16:32:19.788-0400] {override.py:1829} INFO - Created Permission View: can delete on DAG:dataset_consumes_1
[2024-06-18T16:32:19.800-0400] {logging_mixin.py:188} INFO - [2024-06-18T16:32:19.800-0400] {override.py:1829} INFO - Created Permission View: can edit on DAG:dataset_consumes_1
[2024-06-18T16:32:19.802-0400] {logging_mixin.py:188} INFO - [2024-06-18T16:32:19.802-0400] {dag.py:3096} INFO - Sync 10 DAGs
[2024-06-18T16:32:19.927-0400] {logging_mixin.py:188} INFO - [2024-06-18T16:32:19.927-0400] {dag.py:3118} INFO - Creating ORM DAG for consume_1_and_2_with_dataset_expressions
[2024-06-18T16:32:19.937-0400] {logging_mixin.py:188} INFO - [2024-06-18T16:32:19.929-0400] {dag.py:3118} INFO - Creating ORM DAG for consume_1_or_2_with_dataset_expressions
[2024-06-18T16:32:19.939-0400] {logging_mixin.py:188} INFO - [2024-06-18T16:32:19.939-0400] {dag.py:3118} INFO - Creating ORM DAG for conditional_dataset_and_time_based_timetable
[2024-06-18T16:32:19.942-0400] {logging_mixin.py:188} INFO - [2024-06-18T16:32:19.942-0400] {dag.py:3118} INFO - Creating ORM DAG for dataset_consumes_1_and_2
[2024-06-18T16:32:19.944-0400] {logging_mixin.py:188} INFO - [2024-06-18T16:32:19.943-0400] {dag.py:3118} INFO - Creating ORM DAG for dataset_consumes_1_never_scheduled
[2024-06-18T16:32:19.946-0400] {logging_mixin.py:188} INFO - [2024-06-18T16:32:19.946-0400] {dag.py:3118} INFO - Creating ORM DAG for consume_1_or_both_2_and_3_with_dataset_expressions
[2024-06-18T16:32:19.949-0400] {logging_mixin.py:188} INFO - [2024-06-18T16:32:19.947-0400] {dag.py:3118} INFO - Creating ORM DAG for dataset_consumes_1
[2024-06-18T16:32:19.950-0400] {logging_mixin.py:188} INFO - [2024-06-18T16:32:19.950-0400] {dag.py:3118} INFO - Creating ORM DAG for dataset_produces_1
[2024-06-18T16:32:19.954-0400] {logging_mixin.py:188} INFO - [2024-06-18T16:32:19.953-0400] {dag.py:3118} INFO - Creating ORM DAG for dataset_produces_2
[2024-06-18T16:32:19.955-0400] {logging_mixin.py:188} INFO - [2024-06-18T16:32:19.955-0400] {dag.py:3118} INFO - Creating ORM DAG for dataset_consumes_unknown_never_scheduled
[2024-06-18T16:32:19.975-0400] {logging_mixin.py:188} INFO - [2024-06-18T16:32:19.975-0400] {dag.py:3954} INFO - Setting next_dagrun for conditional_dataset_and_time_based_timetable to 2024-06-12 01:00:00+00:00, run_after=2024-06-12 01:00:00+00:00
[2024-06-18T16:32:19.977-0400] {logging_mixin.py:188} INFO - [2024-06-18T16:32:19.977-0400] {dag.py:3954} INFO - Setting next_dagrun for consume_1_and_2_with_dataset_expressions to None, run_after=None
[2024-06-18T16:32:19.978-0400] {logging_mixin.py:188} INFO - [2024-06-18T16:32:19.978-0400] {dag.py:3954} INFO - Setting next_dagrun for consume_1_or_2_with_dataset_expressions to None, run_after=None
[2024-06-18T16:32:19.979-0400] {logging_mixin.py:188} INFO - [2024-06-18T16:32:19.978-0400] {dag.py:3954} INFO - Setting next_dagrun for consume_1_or_both_2_and_3_with_dataset_expressions to None, run_after=None
[2024-06-18T16:32:19.980-0400] {logging_mixin.py:188} INFO - [2024-06-18T16:32:19.979-0400] {dag.py:3954} INFO - Setting next_dagrun for dataset_consumes_1 to None, run_after=None
[2024-06-18T16:32:19.981-0400] {logging_mixin.py:188} INFO - [2024-06-18T16:32:19.980-0400] {dag.py:3954} INFO - Setting next_dagrun for dataset_consumes_1_and_2 to None, run_after=None
[2024-06-18T16:32:19.982-0400] {logging_mixin.py:188} INFO - [2024-06-18T16:32:19.981-0400] {dag.py:3954} INFO - Setting next_dagrun for dataset_consumes_1_never_scheduled to None, run_after=None
[2024-06-18T16:32:19.983-0400] {logging_mixin.py:188} INFO - [2024-06-18T16:32:19.983-0400] {dag.py:3954} INFO - Setting next_dagrun for dataset_consumes_unknown_never_scheduled to None, run_after=None
[2024-06-18T16:32:19.988-0400] {logging_mixin.py:188} INFO - [2024-06-18T16:32:19.988-0400] {dag.py:3954} INFO - Setting next_dagrun for dataset_produces_1 to 2024-06-17 00:00:00+00:00, run_after=2024-06-18 00:00:00+00:00
[2024-06-18T16:32:19.990-0400] {logging_mixin.py:188} INFO - [2024-06-18T16:32:19.989-0400] {dag.py:3954} INFO - Setting next_dagrun for dataset_produces_2 to None, run_after=None
[2024-06-18T16:32:20.094-0400] {processor.py:183} INFO - Processing /Users/jbshome/Desktop/us_debt_etl_pipeline/debt_env/lib/python3.12/site-packages/airflow/example_dags/example_datasets.py took 2.189 seconds
[2024-06-18T16:35:58.931-0400] {processor.py:161} INFO - Started process (PID=20378) to work on /Users/jbshome/Desktop/us_debt_etl_pipeline/debt_env/lib/python3.12/site-packages/airflow/example_dags/example_datasets.py
[2024-06-18T16:35:58.934-0400] {processor.py:830} INFO - Processing file /Users/jbshome/Desktop/us_debt_etl_pipeline/debt_env/lib/python3.12/site-packages/airflow/example_dags/example_datasets.py for tasks to queue
[2024-06-18T16:35:58.934-0400] {logging_mixin.py:188} INFO - [2024-06-18T16:35:58.934-0400] {dagbag.py:545} INFO - Filling up the DagBag from /Users/jbshome/Desktop/us_debt_etl_pipeline/debt_env/lib/python3.12/site-packages/airflow/example_dags/example_datasets.py
[2024-06-18T16:35:59.060-0400] {processor.py:840} INFO - DAG(s) 'dataset_produces_1', 'dataset_consumes_1', 'dataset_produces_2', 'consume_1_or_both_2_and_3_with_dataset_expressions', 'consume_1_or_2_with_dataset_expressions', 'dataset_consumes_unknown_never_scheduled', 'consume_1_and_2_with_dataset_expressions', 'dataset_consumes_1_never_scheduled', 'dataset_consumes_1_and_2', 'conditional_dataset_and_time_based_timetable' retrieved from /Users/jbshome/Desktop/us_debt_etl_pipeline/debt_env/lib/python3.12/site-packages/airflow/example_dags/example_datasets.py
[2024-06-18T16:35:59.225-0400] {logging_mixin.py:188} INFO - [2024-06-18T16:35:59.225-0400] {dag.py:3096} INFO - Sync 10 DAGs
[2024-06-18T16:35:59.249-0400] {logging_mixin.py:188} INFO - [2024-06-18T16:35:59.249-0400] {dag.py:3954} INFO - Setting next_dagrun for conditional_dataset_and_time_based_timetable to 2024-06-12 01:00:00+00:00, run_after=2024-06-12 01:00:00+00:00
[2024-06-18T16:35:59.253-0400] {logging_mixin.py:188} INFO - [2024-06-18T16:35:59.252-0400] {dag.py:3954} INFO - Setting next_dagrun for consume_1_and_2_with_dataset_expressions to None, run_after=None
[2024-06-18T16:35:59.254-0400] {logging_mixin.py:188} INFO - [2024-06-18T16:35:59.254-0400] {dag.py:3954} INFO - Setting next_dagrun for consume_1_or_2_with_dataset_expressions to None, run_after=None
[2024-06-18T16:35:59.255-0400] {logging_mixin.py:188} INFO - [2024-06-18T16:35:59.255-0400] {dag.py:3954} INFO - Setting next_dagrun for consume_1_or_both_2_and_3_with_dataset_expressions to None, run_after=None
[2024-06-18T16:35:59.257-0400] {logging_mixin.py:188} INFO - [2024-06-18T16:35:59.256-0400] {dag.py:3954} INFO - Setting next_dagrun for dataset_consumes_1 to None, run_after=None
[2024-06-18T16:35:59.258-0400] {logging_mixin.py:188} INFO - [2024-06-18T16:35:59.258-0400] {dag.py:3954} INFO - Setting next_dagrun for dataset_consumes_1_and_2 to None, run_after=None
[2024-06-18T16:35:59.259-0400] {logging_mixin.py:188} INFO - [2024-06-18T16:35:59.259-0400] {dag.py:3954} INFO - Setting next_dagrun for dataset_consumes_1_never_scheduled to None, run_after=None
[2024-06-18T16:35:59.260-0400] {logging_mixin.py:188} INFO - [2024-06-18T16:35:59.260-0400] {dag.py:3954} INFO - Setting next_dagrun for dataset_consumes_unknown_never_scheduled to None, run_after=None
[2024-06-18T16:35:59.262-0400] {logging_mixin.py:188} INFO - [2024-06-18T16:35:59.262-0400] {dag.py:3954} INFO - Setting next_dagrun for dataset_produces_1 to 2024-06-17 00:00:00+00:00, run_after=2024-06-18 00:00:00+00:00
[2024-06-18T16:35:59.264-0400] {logging_mixin.py:188} INFO - [2024-06-18T16:35:59.263-0400] {dag.py:3954} INFO - Setting next_dagrun for dataset_produces_2 to None, run_after=None
[2024-06-18T16:35:59.305-0400] {processor.py:183} INFO - Processing /Users/jbshome/Desktop/us_debt_etl_pipeline/debt_env/lib/python3.12/site-packages/airflow/example_dags/example_datasets.py took 0.380 seconds
[2024-06-18T16:42:17.408-0400] {processor.py:161} INFO - Started process (PID=20984) to work on /Users/jbshome/Desktop/us_debt_etl_pipeline/debt_env/lib/python3.12/site-packages/airflow/example_dags/example_datasets.py
[2024-06-18T16:42:17.411-0400] {processor.py:830} INFO - Processing file /Users/jbshome/Desktop/us_debt_etl_pipeline/debt_env/lib/python3.12/site-packages/airflow/example_dags/example_datasets.py for tasks to queue
[2024-06-18T16:42:17.412-0400] {logging_mixin.py:188} INFO - [2024-06-18T16:42:17.412-0400] {dagbag.py:545} INFO - Filling up the DagBag from /Users/jbshome/Desktop/us_debt_etl_pipeline/debt_env/lib/python3.12/site-packages/airflow/example_dags/example_datasets.py
[2024-06-18T16:42:17.512-0400] {processor.py:840} INFO - DAG(s) 'consume_1_or_both_2_and_3_with_dataset_expressions', 'dataset_produces_1', 'dataset_consumes_unknown_never_scheduled', 'consume_1_or_2_with_dataset_expressions', 'consume_1_and_2_with_dataset_expressions', 'dataset_consumes_1', 'dataset_consumes_1_never_scheduled', 'conditional_dataset_and_time_based_timetable', 'dataset_consumes_1_and_2', 'dataset_produces_2' retrieved from /Users/jbshome/Desktop/us_debt_etl_pipeline/debt_env/lib/python3.12/site-packages/airflow/example_dags/example_datasets.py
[2024-06-18T16:42:17.752-0400] {logging_mixin.py:188} INFO - [2024-06-18T16:42:17.752-0400] {dag.py:3096} INFO - Sync 10 DAGs
[2024-06-18T16:42:17.778-0400] {logging_mixin.py:188} INFO - [2024-06-18T16:42:17.778-0400] {dag.py:3954} INFO - Setting next_dagrun for conditional_dataset_and_time_based_timetable to 2024-06-12 01:00:00+00:00, run_after=2024-06-12 01:00:00+00:00
[2024-06-18T16:42:17.783-0400] {logging_mixin.py:188} INFO - [2024-06-18T16:42:17.783-0400] {dag.py:3954} INFO - Setting next_dagrun for consume_1_and_2_with_dataset_expressions to None, run_after=None
[2024-06-18T16:42:17.784-0400] {logging_mixin.py:188} INFO - [2024-06-18T16:42:17.784-0400] {dag.py:3954} INFO - Setting next_dagrun for consume_1_or_2_with_dataset_expressions to None, run_after=None
[2024-06-18T16:42:17.786-0400] {logging_mixin.py:188} INFO - [2024-06-18T16:42:17.785-0400] {dag.py:3954} INFO - Setting next_dagrun for consume_1_or_both_2_and_3_with_dataset_expressions to None, run_after=None
[2024-06-18T16:42:17.787-0400] {logging_mixin.py:188} INFO - [2024-06-18T16:42:17.786-0400] {dag.py:3954} INFO - Setting next_dagrun for dataset_consumes_1 to None, run_after=None
[2024-06-18T16:42:17.788-0400] {logging_mixin.py:188} INFO - [2024-06-18T16:42:17.788-0400] {dag.py:3954} INFO - Setting next_dagrun for dataset_consumes_1_and_2 to None, run_after=None
[2024-06-18T16:42:17.791-0400] {logging_mixin.py:188} INFO - [2024-06-18T16:42:17.789-0400] {dag.py:3954} INFO - Setting next_dagrun for dataset_consumes_1_never_scheduled to None, run_after=None
[2024-06-18T16:42:17.792-0400] {logging_mixin.py:188} INFO - [2024-06-18T16:42:17.792-0400] {dag.py:3954} INFO - Setting next_dagrun for dataset_consumes_unknown_never_scheduled to None, run_after=None
[2024-06-18T16:42:17.795-0400] {logging_mixin.py:188} INFO - [2024-06-18T16:42:17.795-0400] {dag.py:3954} INFO - Setting next_dagrun for dataset_produces_1 to 2024-06-17 00:00:00+00:00, run_after=2024-06-18 00:00:00+00:00
[2024-06-18T16:42:17.796-0400] {logging_mixin.py:188} INFO - [2024-06-18T16:42:17.796-0400] {dag.py:3954} INFO - Setting next_dagrun for dataset_produces_2 to None, run_after=None
[2024-06-18T16:42:17.834-0400] {processor.py:183} INFO - Processing /Users/jbshome/Desktop/us_debt_etl_pipeline/debt_env/lib/python3.12/site-packages/airflow/example_dags/example_datasets.py took 0.429 seconds
[2024-06-18T16:48:22.792-0400] {processor.py:161} INFO - Started process (PID=21648) to work on /Users/jbshome/Desktop/us_debt_etl_pipeline/debt_env/lib/python3.12/site-packages/airflow/example_dags/example_datasets.py
[2024-06-18T16:48:22.796-0400] {processor.py:830} INFO - Processing file /Users/jbshome/Desktop/us_debt_etl_pipeline/debt_env/lib/python3.12/site-packages/airflow/example_dags/example_datasets.py for tasks to queue
[2024-06-18T16:48:22.798-0400] {logging_mixin.py:188} INFO - [2024-06-18T16:48:22.797-0400] {dagbag.py:545} INFO - Filling up the DagBag from /Users/jbshome/Desktop/us_debt_etl_pipeline/debt_env/lib/python3.12/site-packages/airflow/example_dags/example_datasets.py
[2024-06-18T16:48:22.981-0400] {processor.py:840} INFO - DAG(s) 'conditional_dataset_and_time_based_timetable', 'dataset_produces_2', 'dataset_consumes_1', 'dataset_consumes_unknown_never_scheduled', 'consume_1_and_2_with_dataset_expressions', 'dataset_consumes_1_and_2', 'dataset_consumes_1_never_scheduled', 'dataset_produces_1', 'consume_1_or_2_with_dataset_expressions', 'consume_1_or_both_2_and_3_with_dataset_expressions' retrieved from /Users/jbshome/Desktop/us_debt_etl_pipeline/debt_env/lib/python3.12/site-packages/airflow/example_dags/example_datasets.py
[2024-06-18T16:48:23.330-0400] {logging_mixin.py:188} INFO - [2024-06-18T16:48:23.330-0400] {dag.py:3096} INFO - Sync 10 DAGs
[2024-06-18T16:48:23.381-0400] {logging_mixin.py:188} INFO - [2024-06-18T16:48:23.381-0400] {dag.py:3954} INFO - Setting next_dagrun for conditional_dataset_and_time_based_timetable to 2024-06-12 01:00:00+00:00, run_after=2024-06-12 01:00:00+00:00
[2024-06-18T16:48:23.392-0400] {logging_mixin.py:188} INFO - [2024-06-18T16:48:23.392-0400] {dag.py:3954} INFO - Setting next_dagrun for consume_1_and_2_with_dataset_expressions to None, run_after=None
[2024-06-18T16:48:23.394-0400] {logging_mixin.py:188} INFO - [2024-06-18T16:48:23.393-0400] {dag.py:3954} INFO - Setting next_dagrun for consume_1_or_2_with_dataset_expressions to None, run_after=None
[2024-06-18T16:48:23.395-0400] {logging_mixin.py:188} INFO - [2024-06-18T16:48:23.395-0400] {dag.py:3954} INFO - Setting next_dagrun for consume_1_or_both_2_and_3_with_dataset_expressions to None, run_after=None
[2024-06-18T16:48:23.396-0400] {logging_mixin.py:188} INFO - [2024-06-18T16:48:23.396-0400] {dag.py:3954} INFO - Setting next_dagrun for dataset_consumes_1 to None, run_after=None
[2024-06-18T16:48:23.399-0400] {logging_mixin.py:188} INFO - [2024-06-18T16:48:23.398-0400] {dag.py:3954} INFO - Setting next_dagrun for dataset_consumes_1_and_2 to None, run_after=None
[2024-06-18T16:48:23.401-0400] {logging_mixin.py:188} INFO - [2024-06-18T16:48:23.401-0400] {dag.py:3954} INFO - Setting next_dagrun for dataset_consumes_1_never_scheduled to None, run_after=None
[2024-06-18T16:48:23.405-0400] {logging_mixin.py:188} INFO - [2024-06-18T16:48:23.404-0400] {dag.py:3954} INFO - Setting next_dagrun for dataset_consumes_unknown_never_scheduled to None, run_after=None
[2024-06-18T16:48:23.409-0400] {logging_mixin.py:188} INFO - [2024-06-18T16:48:23.409-0400] {dag.py:3954} INFO - Setting next_dagrun for dataset_produces_1 to 2024-06-17 00:00:00+00:00, run_after=2024-06-18 00:00:00+00:00
[2024-06-18T16:48:23.411-0400] {logging_mixin.py:188} INFO - [2024-06-18T16:48:23.410-0400] {dag.py:3954} INFO - Setting next_dagrun for dataset_produces_2 to None, run_after=None
[2024-06-18T16:48:23.480-0400] {processor.py:183} INFO - Processing /Users/jbshome/Desktop/us_debt_etl_pipeline/debt_env/lib/python3.12/site-packages/airflow/example_dags/example_datasets.py took 0.693 seconds
[2024-06-18T16:54:32.935-0400] {processor.py:161} INFO - Started process (PID=21983) to work on /Users/jbshome/Desktop/us_debt_etl_pipeline/debt_env/lib/python3.12/site-packages/airflow/example_dags/example_datasets.py
[2024-06-18T16:54:32.939-0400] {processor.py:830} INFO - Processing file /Users/jbshome/Desktop/us_debt_etl_pipeline/debt_env/lib/python3.12/site-packages/airflow/example_dags/example_datasets.py for tasks to queue
[2024-06-18T16:54:32.940-0400] {logging_mixin.py:188} INFO - [2024-06-18T16:54:32.940-0400] {dagbag.py:545} INFO - Filling up the DagBag from /Users/jbshome/Desktop/us_debt_etl_pipeline/debt_env/lib/python3.12/site-packages/airflow/example_dags/example_datasets.py
[2024-06-18T16:54:33.059-0400] {processor.py:840} INFO - DAG(s) 'dataset_consumes_unknown_never_scheduled', 'consume_1_and_2_with_dataset_expressions', 'consume_1_or_both_2_and_3_with_dataset_expressions', 'conditional_dataset_and_time_based_timetable', 'dataset_consumes_1_never_scheduled', 'dataset_produces_1', 'dataset_consumes_1_and_2', 'dataset_produces_2', 'dataset_consumes_1', 'consume_1_or_2_with_dataset_expressions' retrieved from /Users/jbshome/Desktop/us_debt_etl_pipeline/debt_env/lib/python3.12/site-packages/airflow/example_dags/example_datasets.py
[2024-06-18T16:54:33.273-0400] {logging_mixin.py:188} INFO - [2024-06-18T16:54:33.272-0400] {dag.py:3096} INFO - Sync 10 DAGs
[2024-06-18T16:54:33.327-0400] {logging_mixin.py:188} INFO - [2024-06-18T16:54:33.326-0400] {dag.py:3954} INFO - Setting next_dagrun for conditional_dataset_and_time_based_timetable to 2024-06-12 01:00:00+00:00, run_after=2024-06-12 01:00:00+00:00
[2024-06-18T16:54:33.335-0400] {logging_mixin.py:188} INFO - [2024-06-18T16:54:33.334-0400] {dag.py:3954} INFO - Setting next_dagrun for consume_1_and_2_with_dataset_expressions to None, run_after=None
[2024-06-18T16:54:33.337-0400] {logging_mixin.py:188} INFO - [2024-06-18T16:54:33.336-0400] {dag.py:3954} INFO - Setting next_dagrun for consume_1_or_2_with_dataset_expressions to None, run_after=None
[2024-06-18T16:54:33.340-0400] {logging_mixin.py:188} INFO - [2024-06-18T16:54:33.339-0400] {dag.py:3954} INFO - Setting next_dagrun for consume_1_or_both_2_and_3_with_dataset_expressions to None, run_after=None
[2024-06-18T16:54:33.342-0400] {logging_mixin.py:188} INFO - [2024-06-18T16:54:33.342-0400] {dag.py:3954} INFO - Setting next_dagrun for dataset_consumes_1 to None, run_after=None
[2024-06-18T16:54:33.344-0400] {logging_mixin.py:188} INFO - [2024-06-18T16:54:33.344-0400] {dag.py:3954} INFO - Setting next_dagrun for dataset_consumes_1_and_2 to None, run_after=None
[2024-06-18T16:54:33.347-0400] {logging_mixin.py:188} INFO - [2024-06-18T16:54:33.346-0400] {dag.py:3954} INFO - Setting next_dagrun for dataset_consumes_1_never_scheduled to None, run_after=None
[2024-06-18T16:54:33.349-0400] {logging_mixin.py:188} INFO - [2024-06-18T16:54:33.349-0400] {dag.py:3954} INFO - Setting next_dagrun for dataset_consumes_unknown_never_scheduled to None, run_after=None
[2024-06-18T16:54:33.354-0400] {logging_mixin.py:188} INFO - [2024-06-18T16:54:33.353-0400] {dag.py:3954} INFO - Setting next_dagrun for dataset_produces_1 to 2024-06-17 00:00:00+00:00, run_after=2024-06-18 00:00:00+00:00
[2024-06-18T16:54:33.357-0400] {logging_mixin.py:188} INFO - [2024-06-18T16:54:33.356-0400] {dag.py:3954} INFO - Setting next_dagrun for dataset_produces_2 to None, run_after=None
[2024-06-18T16:54:33.452-0400] {processor.py:183} INFO - Processing /Users/jbshome/Desktop/us_debt_etl_pipeline/debt_env/lib/python3.12/site-packages/airflow/example_dags/example_datasets.py took 0.521 seconds
[2024-06-18T17:01:38.648-0400] {processor.py:161} INFO - Started process (PID=22706) to work on /Users/jbshome/Desktop/us_debt_etl_pipeline/debt_env/lib/python3.12/site-packages/airflow/example_dags/example_datasets.py
[2024-06-18T17:01:38.650-0400] {processor.py:830} INFO - Processing file /Users/jbshome/Desktop/us_debt_etl_pipeline/debt_env/lib/python3.12/site-packages/airflow/example_dags/example_datasets.py for tasks to queue
[2024-06-18T17:01:38.652-0400] {logging_mixin.py:188} INFO - [2024-06-18T17:01:38.651-0400] {dagbag.py:545} INFO - Filling up the DagBag from /Users/jbshome/Desktop/us_debt_etl_pipeline/debt_env/lib/python3.12/site-packages/airflow/example_dags/example_datasets.py
[2024-06-18T17:01:38.935-0400] {processor.py:840} INFO - DAG(s) 'conditional_dataset_and_time_based_timetable', 'dataset_consumes_unknown_never_scheduled', 'consume_1_or_2_with_dataset_expressions', 'consume_1_and_2_with_dataset_expressions', 'consume_1_or_both_2_and_3_with_dataset_expressions', 'dataset_produces_1', 'dataset_consumes_1_never_scheduled', 'dataset_consumes_1', 'dataset_consumes_1_and_2', 'dataset_produces_2' retrieved from /Users/jbshome/Desktop/us_debt_etl_pipeline/debt_env/lib/python3.12/site-packages/airflow/example_dags/example_datasets.py
[2024-06-18T17:01:39.277-0400] {logging_mixin.py:188} INFO - [2024-06-18T17:01:39.277-0400] {dag.py:3096} INFO - Sync 10 DAGs
[2024-06-18T17:01:39.337-0400] {logging_mixin.py:188} INFO - [2024-06-18T17:01:39.337-0400] {dag.py:3954} INFO - Setting next_dagrun for conditional_dataset_and_time_based_timetable to 2024-06-12 01:00:00+00:00, run_after=2024-06-12 01:00:00+00:00
[2024-06-18T17:01:39.347-0400] {logging_mixin.py:188} INFO - [2024-06-18T17:01:39.347-0400] {dag.py:3954} INFO - Setting next_dagrun for consume_1_and_2_with_dataset_expressions to None, run_after=None
[2024-06-18T17:01:39.350-0400] {logging_mixin.py:188} INFO - [2024-06-18T17:01:39.349-0400] {dag.py:3954} INFO - Setting next_dagrun for consume_1_or_2_with_dataset_expressions to None, run_after=None
[2024-06-18T17:01:39.353-0400] {logging_mixin.py:188} INFO - [2024-06-18T17:01:39.353-0400] {dag.py:3954} INFO - Setting next_dagrun for consume_1_or_both_2_and_3_with_dataset_expressions to None, run_after=None
[2024-06-18T17:01:39.354-0400] {logging_mixin.py:188} INFO - [2024-06-18T17:01:39.354-0400] {dag.py:3954} INFO - Setting next_dagrun for dataset_consumes_1 to None, run_after=None
[2024-06-18T17:01:39.355-0400] {logging_mixin.py:188} INFO - [2024-06-18T17:01:39.355-0400] {dag.py:3954} INFO - Setting next_dagrun for dataset_consumes_1_and_2 to None, run_after=None
[2024-06-18T17:01:39.356-0400] {logging_mixin.py:188} INFO - [2024-06-18T17:01:39.356-0400] {dag.py:3954} INFO - Setting next_dagrun for dataset_consumes_1_never_scheduled to None, run_after=None
[2024-06-18T17:01:39.357-0400] {logging_mixin.py:188} INFO - [2024-06-18T17:01:39.357-0400] {dag.py:3954} INFO - Setting next_dagrun for dataset_consumes_unknown_never_scheduled to None, run_after=None
[2024-06-18T17:01:39.363-0400] {logging_mixin.py:188} INFO - [2024-06-18T17:01:39.362-0400] {dag.py:3954} INFO - Setting next_dagrun for dataset_produces_1 to 2024-06-17 00:00:00+00:00, run_after=2024-06-18 00:00:00+00:00
[2024-06-18T17:01:39.366-0400] {logging_mixin.py:188} INFO - [2024-06-18T17:01:39.365-0400] {dag.py:3954} INFO - Setting next_dagrun for dataset_produces_2 to None, run_after=None
[2024-06-18T17:01:39.451-0400] {processor.py:183} INFO - Processing /Users/jbshome/Desktop/us_debt_etl_pipeline/debt_env/lib/python3.12/site-packages/airflow/example_dags/example_datasets.py took 0.811 seconds
[2024-06-18T17:08:50.116-0400] {processor.py:161} INFO - Started process (PID=23711) to work on /Users/jbshome/Desktop/us_debt_etl_pipeline/debt_env/lib/python3.12/site-packages/airflow/example_dags/example_datasets.py
[2024-06-18T17:08:50.118-0400] {processor.py:830} INFO - Processing file /Users/jbshome/Desktop/us_debt_etl_pipeline/debt_env/lib/python3.12/site-packages/airflow/example_dags/example_datasets.py for tasks to queue
[2024-06-18T17:08:50.119-0400] {logging_mixin.py:188} INFO - [2024-06-18T17:08:50.119-0400] {dagbag.py:545} INFO - Filling up the DagBag from /Users/jbshome/Desktop/us_debt_etl_pipeline/debt_env/lib/python3.12/site-packages/airflow/example_dags/example_datasets.py
[2024-06-18T17:08:50.212-0400] {processor.py:840} INFO - DAG(s) 'dataset_produces_1', 'dataset_consumes_1', 'consume_1_or_2_with_dataset_expressions', 'dataset_consumes_1_never_scheduled', 'dataset_produces_2', 'dataset_consumes_1_and_2', 'conditional_dataset_and_time_based_timetable', 'consume_1_and_2_with_dataset_expressions', 'dataset_consumes_unknown_never_scheduled', 'consume_1_or_both_2_and_3_with_dataset_expressions' retrieved from /Users/jbshome/Desktop/us_debt_etl_pipeline/debt_env/lib/python3.12/site-packages/airflow/example_dags/example_datasets.py
[2024-06-18T17:08:50.345-0400] {logging_mixin.py:188} INFO - [2024-06-18T17:08:50.345-0400] {dag.py:3096} INFO - Sync 10 DAGs
[2024-06-18T17:08:50.371-0400] {logging_mixin.py:188} INFO - [2024-06-18T17:08:50.371-0400] {dag.py:3954} INFO - Setting next_dagrun for conditional_dataset_and_time_based_timetable to 2024-06-12 01:00:00+00:00, run_after=2024-06-12 01:00:00+00:00
[2024-06-18T17:08:50.374-0400] {logging_mixin.py:188} INFO - [2024-06-18T17:08:50.374-0400] {dag.py:3954} INFO - Setting next_dagrun for consume_1_and_2_with_dataset_expressions to None, run_after=None
[2024-06-18T17:08:50.375-0400] {logging_mixin.py:188} INFO - [2024-06-18T17:08:50.375-0400] {dag.py:3954} INFO - Setting next_dagrun for consume_1_or_2_with_dataset_expressions to None, run_after=None
[2024-06-18T17:08:50.376-0400] {logging_mixin.py:188} INFO - [2024-06-18T17:08:50.376-0400] {dag.py:3954} INFO - Setting next_dagrun for consume_1_or_both_2_and_3_with_dataset_expressions to None, run_after=None
[2024-06-18T17:08:50.377-0400] {logging_mixin.py:188} INFO - [2024-06-18T17:08:50.377-0400] {dag.py:3954} INFO - Setting next_dagrun for dataset_consumes_1 to None, run_after=None
[2024-06-18T17:08:50.378-0400] {logging_mixin.py:188} INFO - [2024-06-18T17:08:50.378-0400] {dag.py:3954} INFO - Setting next_dagrun for dataset_consumes_1_and_2 to None, run_after=None
[2024-06-18T17:08:50.379-0400] {logging_mixin.py:188} INFO - [2024-06-18T17:08:50.379-0400] {dag.py:3954} INFO - Setting next_dagrun for dataset_consumes_1_never_scheduled to None, run_after=None
[2024-06-18T17:08:50.380-0400] {logging_mixin.py:188} INFO - [2024-06-18T17:08:50.380-0400] {dag.py:3954} INFO - Setting next_dagrun for dataset_consumes_unknown_never_scheduled to None, run_after=None
[2024-06-18T17:08:50.383-0400] {logging_mixin.py:188} INFO - [2024-06-18T17:08:50.382-0400] {dag.py:3954} INFO - Setting next_dagrun for dataset_produces_1 to 2024-06-17 00:00:00+00:00, run_after=2024-06-18 00:00:00+00:00
[2024-06-18T17:08:50.384-0400] {logging_mixin.py:188} INFO - [2024-06-18T17:08:50.383-0400] {dag.py:3954} INFO - Setting next_dagrun for dataset_produces_2 to None, run_after=None
[2024-06-18T17:08:50.420-0400] {processor.py:183} INFO - Processing /Users/jbshome/Desktop/us_debt_etl_pipeline/debt_env/lib/python3.12/site-packages/airflow/example_dags/example_datasets.py took 0.307 seconds
[2024-06-18T17:19:06.077-0400] {processor.py:161} INFO - Started process (PID=24365) to work on /Users/jbshome/Desktop/us_debt_etl_pipeline/debt_env/lib/python3.12/site-packages/airflow/example_dags/example_datasets.py
[2024-06-18T17:19:06.081-0400] {processor.py:830} INFO - Processing file /Users/jbshome/Desktop/us_debt_etl_pipeline/debt_env/lib/python3.12/site-packages/airflow/example_dags/example_datasets.py for tasks to queue
[2024-06-18T17:19:06.082-0400] {logging_mixin.py:188} INFO - [2024-06-18T17:19:06.082-0400] {dagbag.py:545} INFO - Filling up the DagBag from /Users/jbshome/Desktop/us_debt_etl_pipeline/debt_env/lib/python3.12/site-packages/airflow/example_dags/example_datasets.py
[2024-06-18T17:19:06.432-0400] {processor.py:840} INFO - DAG(s) 'dataset_consumes_1_and_2', 'dataset_consumes_unknown_never_scheduled', 'dataset_produces_2', 'dataset_consumes_1_never_scheduled', 'consume_1_and_2_with_dataset_expressions', 'consume_1_or_2_with_dataset_expressions', 'dataset_consumes_1', 'conditional_dataset_and_time_based_timetable', 'dataset_produces_1', 'consume_1_or_both_2_and_3_with_dataset_expressions' retrieved from /Users/jbshome/Desktop/us_debt_etl_pipeline/debt_env/lib/python3.12/site-packages/airflow/example_dags/example_datasets.py
[2024-06-18T17:19:07.076-0400] {logging_mixin.py:188} INFO - [2024-06-18T17:19:07.075-0400] {dag.py:3096} INFO - Sync 10 DAGs
[2024-06-18T17:19:07.115-0400] {logging_mixin.py:188} INFO - [2024-06-18T17:19:07.115-0400] {dag.py:3954} INFO - Setting next_dagrun for conditional_dataset_and_time_based_timetable to 2024-06-12 01:00:00+00:00, run_after=2024-06-12 01:00:00+00:00
[2024-06-18T17:19:07.123-0400] {logging_mixin.py:188} INFO - [2024-06-18T17:19:07.122-0400] {dag.py:3954} INFO - Setting next_dagrun for consume_1_and_2_with_dataset_expressions to None, run_after=None
[2024-06-18T17:19:07.126-0400] {logging_mixin.py:188} INFO - [2024-06-18T17:19:07.125-0400] {dag.py:3954} INFO - Setting next_dagrun for consume_1_or_2_with_dataset_expressions to None, run_after=None
[2024-06-18T17:19:07.128-0400] {logging_mixin.py:188} INFO - [2024-06-18T17:19:07.128-0400] {dag.py:3954} INFO - Setting next_dagrun for consume_1_or_both_2_and_3_with_dataset_expressions to None, run_after=None
[2024-06-18T17:19:07.130-0400] {logging_mixin.py:188} INFO - [2024-06-18T17:19:07.130-0400] {dag.py:3954} INFO - Setting next_dagrun for dataset_consumes_1 to None, run_after=None
[2024-06-18T17:19:07.133-0400] {logging_mixin.py:188} INFO - [2024-06-18T17:19:07.133-0400] {dag.py:3954} INFO - Setting next_dagrun for dataset_consumes_1_and_2 to None, run_after=None
[2024-06-18T17:19:07.137-0400] {logging_mixin.py:188} INFO - [2024-06-18T17:19:07.136-0400] {dag.py:3954} INFO - Setting next_dagrun for dataset_consumes_1_never_scheduled to None, run_after=None
[2024-06-18T17:19:07.139-0400] {logging_mixin.py:188} INFO - [2024-06-18T17:19:07.139-0400] {dag.py:3954} INFO - Setting next_dagrun for dataset_consumes_unknown_never_scheduled to None, run_after=None
[2024-06-18T17:19:07.145-0400] {logging_mixin.py:188} INFO - [2024-06-18T17:19:07.145-0400] {dag.py:3954} INFO - Setting next_dagrun for dataset_produces_1 to 2024-06-17 00:00:00+00:00, run_after=2024-06-18 00:00:00+00:00
[2024-06-18T17:19:07.148-0400] {logging_mixin.py:188} INFO - [2024-06-18T17:19:07.147-0400] {dag.py:3954} INFO - Setting next_dagrun for dataset_produces_2 to None, run_after=None
[2024-06-18T17:19:07.364-0400] {processor.py:183} INFO - Processing /Users/jbshome/Desktop/us_debt_etl_pipeline/debt_env/lib/python3.12/site-packages/airflow/example_dags/example_datasets.py took 1.292 seconds
[2024-06-18T17:27:54.334-0400] {processor.py:161} INFO - Started process (PID=24977) to work on /Users/jbshome/Desktop/us_debt_etl_pipeline/debt_env/lib/python3.12/site-packages/airflow/example_dags/example_datasets.py
[2024-06-18T17:27:54.336-0400] {processor.py:830} INFO - Processing file /Users/jbshome/Desktop/us_debt_etl_pipeline/debt_env/lib/python3.12/site-packages/airflow/example_dags/example_datasets.py for tasks to queue
[2024-06-18T17:27:54.338-0400] {logging_mixin.py:188} INFO - [2024-06-18T17:27:54.337-0400] {dagbag.py:545} INFO - Filling up the DagBag from /Users/jbshome/Desktop/us_debt_etl_pipeline/debt_env/lib/python3.12/site-packages/airflow/example_dags/example_datasets.py
[2024-06-18T17:27:54.497-0400] {processor.py:840} INFO - DAG(s) 'dataset_consumes_unknown_never_scheduled', 'dataset_produces_1', 'dataset_produces_2', 'consume_1_or_2_with_dataset_expressions', 'consume_1_and_2_with_dataset_expressions', 'consume_1_or_both_2_and_3_with_dataset_expressions', 'conditional_dataset_and_time_based_timetable', 'dataset_consumes_1_never_scheduled', 'dataset_consumes_1_and_2', 'dataset_consumes_1' retrieved from /Users/jbshome/Desktop/us_debt_etl_pipeline/debt_env/lib/python3.12/site-packages/airflow/example_dags/example_datasets.py
[2024-06-18T17:27:54.834-0400] {logging_mixin.py:188} INFO - [2024-06-18T17:27:54.834-0400] {dag.py:3096} INFO - Sync 10 DAGs
[2024-06-18T17:27:54.885-0400] {logging_mixin.py:188} INFO - [2024-06-18T17:27:54.884-0400] {dag.py:3954} INFO - Setting next_dagrun for conditional_dataset_and_time_based_timetable to 2024-06-12 01:00:00+00:00, run_after=2024-06-12 01:00:00+00:00
[2024-06-18T17:27:54.892-0400] {logging_mixin.py:188} INFO - [2024-06-18T17:27:54.892-0400] {dag.py:3954} INFO - Setting next_dagrun for consume_1_and_2_with_dataset_expressions to None, run_after=None
[2024-06-18T17:27:54.895-0400] {logging_mixin.py:188} INFO - [2024-06-18T17:27:54.895-0400] {dag.py:3954} INFO - Setting next_dagrun for consume_1_or_2_with_dataset_expressions to None, run_after=None
[2024-06-18T17:27:54.898-0400] {logging_mixin.py:188} INFO - [2024-06-18T17:27:54.897-0400] {dag.py:3954} INFO - Setting next_dagrun for consume_1_or_both_2_and_3_with_dataset_expressions to None, run_after=None
[2024-06-18T17:27:54.900-0400] {logging_mixin.py:188} INFO - [2024-06-18T17:27:54.900-0400] {dag.py:3954} INFO - Setting next_dagrun for dataset_consumes_1 to None, run_after=None
[2024-06-18T17:27:54.902-0400] {logging_mixin.py:188} INFO - [2024-06-18T17:27:54.902-0400] {dag.py:3954} INFO - Setting next_dagrun for dataset_consumes_1_and_2 to None, run_after=None
[2024-06-18T17:27:54.904-0400] {logging_mixin.py:188} INFO - [2024-06-18T17:27:54.904-0400] {dag.py:3954} INFO - Setting next_dagrun for dataset_consumes_1_never_scheduled to None, run_after=None
[2024-06-18T17:27:54.906-0400] {logging_mixin.py:188} INFO - [2024-06-18T17:27:54.905-0400] {dag.py:3954} INFO - Setting next_dagrun for dataset_consumes_unknown_never_scheduled to None, run_after=None
[2024-06-18T17:27:54.911-0400] {logging_mixin.py:188} INFO - [2024-06-18T17:27:54.910-0400] {dag.py:3954} INFO - Setting next_dagrun for dataset_produces_1 to 2024-06-17 00:00:00+00:00, run_after=2024-06-18 00:00:00+00:00
[2024-06-18T17:27:54.914-0400] {logging_mixin.py:188} INFO - [2024-06-18T17:27:54.913-0400] {dag.py:3954} INFO - Setting next_dagrun for dataset_produces_2 to None, run_after=None
[2024-06-18T17:27:54.973-0400] {processor.py:183} INFO - Processing /Users/jbshome/Desktop/us_debt_etl_pipeline/debt_env/lib/python3.12/site-packages/airflow/example_dags/example_datasets.py took 0.646 seconds
[2024-06-18T17:37:59.267-0400] {processor.py:161} INFO - Started process (PID=26302) to work on /Users/jbshome/Desktop/us_debt_etl_pipeline/debt_env/lib/python3.12/site-packages/airflow/example_dags/example_datasets.py
[2024-06-18T17:37:59.269-0400] {processor.py:830} INFO - Processing file /Users/jbshome/Desktop/us_debt_etl_pipeline/debt_env/lib/python3.12/site-packages/airflow/example_dags/example_datasets.py for tasks to queue
[2024-06-18T17:37:59.272-0400] {logging_mixin.py:188} INFO - [2024-06-18T17:37:59.271-0400] {dagbag.py:545} INFO - Filling up the DagBag from /Users/jbshome/Desktop/us_debt_etl_pipeline/debt_env/lib/python3.12/site-packages/airflow/example_dags/example_datasets.py
[2024-06-18T17:37:59.712-0400] {processor.py:840} INFO - DAG(s) 'dataset_consumes_1_never_scheduled', 'dataset_produces_2', 'dataset_consumes_1_and_2', 'consume_1_or_2_with_dataset_expressions', 'consume_1_or_both_2_and_3_with_dataset_expressions', 'consume_1_and_2_with_dataset_expressions', 'dataset_consumes_1', 'dataset_consumes_unknown_never_scheduled', 'dataset_produces_1', 'conditional_dataset_and_time_based_timetable' retrieved from /Users/jbshome/Desktop/us_debt_etl_pipeline/debt_env/lib/python3.12/site-packages/airflow/example_dags/example_datasets.py
[2024-06-18T17:38:00.371-0400] {logging_mixin.py:188} INFO - [2024-06-18T17:38:00.370-0400] {dag.py:3096} INFO - Sync 10 DAGs
[2024-06-18T17:38:00.562-0400] {logging_mixin.py:188} INFO - [2024-06-18T17:38:00.561-0400] {dag.py:3954} INFO - Setting next_dagrun for conditional_dataset_and_time_based_timetable to 2024-06-12 01:00:00+00:00, run_after=2024-06-12 01:00:00+00:00
[2024-06-18T17:38:00.579-0400] {logging_mixin.py:188} INFO - [2024-06-18T17:38:00.579-0400] {dag.py:3954} INFO - Setting next_dagrun for consume_1_and_2_with_dataset_expressions to None, run_after=None
[2024-06-18T17:38:00.588-0400] {logging_mixin.py:188} INFO - [2024-06-18T17:38:00.587-0400] {dag.py:3954} INFO - Setting next_dagrun for consume_1_or_2_with_dataset_expressions to None, run_after=None
[2024-06-18T17:38:00.590-0400] {logging_mixin.py:188} INFO - [2024-06-18T17:38:00.590-0400] {dag.py:3954} INFO - Setting next_dagrun for consume_1_or_both_2_and_3_with_dataset_expressions to None, run_after=None
[2024-06-18T17:38:00.593-0400] {logging_mixin.py:188} INFO - [2024-06-18T17:38:00.593-0400] {dag.py:3954} INFO - Setting next_dagrun for dataset_consumes_1 to None, run_after=None
[2024-06-18T17:38:00.596-0400] {logging_mixin.py:188} INFO - [2024-06-18T17:38:00.595-0400] {dag.py:3954} INFO - Setting next_dagrun for dataset_consumes_1_and_2 to None, run_after=None
[2024-06-18T17:38:00.603-0400] {logging_mixin.py:188} INFO - [2024-06-18T17:38:00.598-0400] {dag.py:3954} INFO - Setting next_dagrun for dataset_consumes_1_never_scheduled to None, run_after=None
[2024-06-18T17:38:00.607-0400] {logging_mixin.py:188} INFO - [2024-06-18T17:38:00.605-0400] {dag.py:3954} INFO - Setting next_dagrun for dataset_consumes_unknown_never_scheduled to None, run_after=None
[2024-06-18T17:38:00.623-0400] {logging_mixin.py:188} INFO - [2024-06-18T17:38:00.622-0400] {dag.py:3954} INFO - Setting next_dagrun for dataset_produces_1 to 2024-06-17 00:00:00+00:00, run_after=2024-06-18 00:00:00+00:00
[2024-06-18T17:38:00.626-0400] {logging_mixin.py:188} INFO - [2024-06-18T17:38:00.626-0400] {dag.py:3954} INFO - Setting next_dagrun for dataset_produces_2 to None, run_after=None
[2024-06-18T17:38:00.763-0400] {processor.py:183} INFO - Processing /Users/jbshome/Desktop/us_debt_etl_pipeline/debt_env/lib/python3.12/site-packages/airflow/example_dags/example_datasets.py took 1.505 seconds
[2024-06-18T17:45:49.421-0400] {processor.py:161} INFO - Started process (PID=27209) to work on /Users/jbshome/Desktop/us_debt_etl_pipeline/debt_env/lib/python3.12/site-packages/airflow/example_dags/example_datasets.py
[2024-06-18T17:45:49.424-0400] {processor.py:830} INFO - Processing file /Users/jbshome/Desktop/us_debt_etl_pipeline/debt_env/lib/python3.12/site-packages/airflow/example_dags/example_datasets.py for tasks to queue
[2024-06-18T17:45:49.425-0400] {logging_mixin.py:188} INFO - [2024-06-18T17:45:49.425-0400] {dagbag.py:545} INFO - Filling up the DagBag from /Users/jbshome/Desktop/us_debt_etl_pipeline/debt_env/lib/python3.12/site-packages/airflow/example_dags/example_datasets.py
[2024-06-18T17:45:49.526-0400] {processor.py:840} INFO - DAG(s) 'consume_1_or_both_2_and_3_with_dataset_expressions', 'dataset_produces_1', 'dataset_consumes_1_and_2', 'dataset_consumes_1', 'dataset_consumes_unknown_never_scheduled', 'consume_1_or_2_with_dataset_expressions', 'conditional_dataset_and_time_based_timetable', 'dataset_consumes_1_never_scheduled', 'consume_1_and_2_with_dataset_expressions', 'dataset_produces_2' retrieved from /Users/jbshome/Desktop/us_debt_etl_pipeline/debt_env/lib/python3.12/site-packages/airflow/example_dags/example_datasets.py
[2024-06-18T17:45:49.789-0400] {logging_mixin.py:188} INFO - [2024-06-18T17:45:49.788-0400] {dag.py:3096} INFO - Sync 10 DAGs
[2024-06-18T17:45:49.846-0400] {logging_mixin.py:188} INFO - [2024-06-18T17:45:49.845-0400] {dag.py:3954} INFO - Setting next_dagrun for conditional_dataset_and_time_based_timetable to 2024-06-12 01:00:00+00:00, run_after=2024-06-12 01:00:00+00:00
[2024-06-18T17:45:49.863-0400] {logging_mixin.py:188} INFO - [2024-06-18T17:45:49.862-0400] {dag.py:3954} INFO - Setting next_dagrun for consume_1_and_2_with_dataset_expressions to None, run_after=None
[2024-06-18T17:45:49.870-0400] {logging_mixin.py:188} INFO - [2024-06-18T17:45:49.869-0400] {dag.py:3954} INFO - Setting next_dagrun for consume_1_or_2_with_dataset_expressions to None, run_after=None
[2024-06-18T17:45:49.873-0400] {logging_mixin.py:188} INFO - [2024-06-18T17:45:49.872-0400] {dag.py:3954} INFO - Setting next_dagrun for consume_1_or_both_2_and_3_with_dataset_expressions to None, run_after=None
[2024-06-18T17:45:49.877-0400] {logging_mixin.py:188} INFO - [2024-06-18T17:45:49.877-0400] {dag.py:3954} INFO - Setting next_dagrun for dataset_consumes_1 to None, run_after=None
[2024-06-18T17:45:49.879-0400] {logging_mixin.py:188} INFO - [2024-06-18T17:45:49.879-0400] {dag.py:3954} INFO - Setting next_dagrun for dataset_consumes_1_and_2 to None, run_after=None
[2024-06-18T17:45:49.881-0400] {logging_mixin.py:188} INFO - [2024-06-18T17:45:49.881-0400] {dag.py:3954} INFO - Setting next_dagrun for dataset_consumes_1_never_scheduled to None, run_after=None
[2024-06-18T17:45:49.885-0400] {logging_mixin.py:188} INFO - [2024-06-18T17:45:49.885-0400] {dag.py:3954} INFO - Setting next_dagrun for dataset_consumes_unknown_never_scheduled to None, run_after=None
[2024-06-18T17:45:49.892-0400] {logging_mixin.py:188} INFO - [2024-06-18T17:45:49.891-0400] {dag.py:3954} INFO - Setting next_dagrun for dataset_produces_1 to 2024-06-17 00:00:00+00:00, run_after=2024-06-18 00:00:00+00:00
[2024-06-18T17:45:49.894-0400] {logging_mixin.py:188} INFO - [2024-06-18T17:45:49.893-0400] {dag.py:3954} INFO - Setting next_dagrun for dataset_produces_2 to None, run_after=None
[2024-06-18T17:45:50.007-0400] {processor.py:183} INFO - Processing /Users/jbshome/Desktop/us_debt_etl_pipeline/debt_env/lib/python3.12/site-packages/airflow/example_dags/example_datasets.py took 0.590 seconds
