[2024-06-18T16:30:42.988-0400] {processor.py:161} INFO - Started process (PID=19793) to work on /Users/jbshome/Desktop/us_debt_etl_pipeline/debt_env/lib/python3.12/site-packages/airflow/example_dags/example_skip_dag.py
[2024-06-18T16:30:42.989-0400] {processor.py:830} INFO - Processing file /Users/jbshome/Desktop/us_debt_etl_pipeline/debt_env/lib/python3.12/site-packages/airflow/example_dags/example_skip_dag.py for tasks to queue
[2024-06-18T16:30:42.990-0400] {logging_mixin.py:188} INFO - [2024-06-18T16:30:42.990-0400] {dagbag.py:545} INFO - Filling up the DagBag from /Users/jbshome/Desktop/us_debt_etl_pipeline/debt_env/lib/python3.12/site-packages/airflow/example_dags/example_skip_dag.py
[2024-06-18T16:30:42.999-0400] {processor.py:840} INFO - DAG(s) 'example_skip_dag' retrieved from /Users/jbshome/Desktop/us_debt_etl_pipeline/debt_env/lib/python3.12/site-packages/airflow/example_dags/example_skip_dag.py
[2024-06-18T16:30:43.627-0400] {logging_mixin.py:188} INFO - [2024-06-18T16:30:43.622-0400] {override.py:1829} INFO - Created Permission View: can read on DAG:example_skip_dag
[2024-06-18T16:30:43.644-0400] {logging_mixin.py:188} INFO - [2024-06-18T16:30:43.644-0400] {override.py:1829} INFO - Created Permission View: can edit on DAG:example_skip_dag
[2024-06-18T16:30:43.658-0400] {logging_mixin.py:188} INFO - [2024-06-18T16:30:43.653-0400] {override.py:1829} INFO - Created Permission View: can delete on DAG:example_skip_dag
[2024-06-18T16:30:43.663-0400] {logging_mixin.py:188} INFO - [2024-06-18T16:30:43.658-0400] {dag.py:3096} INFO - Sync 1 DAGs
[2024-06-18T16:30:43.707-0400] {logging_mixin.py:188} INFO - [2024-06-18T16:30:43.707-0400] {dag.py:3118} INFO - Creating ORM DAG for example_skip_dag
[2024-06-18T16:30:43.726-0400] {logging_mixin.py:188} INFO - [2024-06-18T16:30:43.726-0400] {dag.py:3954} INFO - Setting next_dagrun for example_skip_dag to 2024-06-17 00:00:00+00:00, run_after=2024-06-18 00:00:00+00:00
[2024-06-18T16:30:43.782-0400] {processor.py:183} INFO - Processing /Users/jbshome/Desktop/us_debt_etl_pipeline/debt_env/lib/python3.12/site-packages/airflow/example_dags/example_skip_dag.py took 0.798 seconds
[2024-06-18T16:34:31.622-0400] {processor.py:161} INFO - Started process (PID=20291) to work on /Users/jbshome/Desktop/us_debt_etl_pipeline/debt_env/lib/python3.12/site-packages/airflow/example_dags/example_skip_dag.py
[2024-06-18T16:34:31.624-0400] {processor.py:830} INFO - Processing file /Users/jbshome/Desktop/us_debt_etl_pipeline/debt_env/lib/python3.12/site-packages/airflow/example_dags/example_skip_dag.py for tasks to queue
[2024-06-18T16:34:31.625-0400] {logging_mixin.py:188} INFO - [2024-06-18T16:34:31.625-0400] {dagbag.py:545} INFO - Filling up the DagBag from /Users/jbshome/Desktop/us_debt_etl_pipeline/debt_env/lib/python3.12/site-packages/airflow/example_dags/example_skip_dag.py
[2024-06-18T16:34:31.635-0400] {processor.py:840} INFO - DAG(s) 'example_skip_dag' retrieved from /Users/jbshome/Desktop/us_debt_etl_pipeline/debt_env/lib/python3.12/site-packages/airflow/example_dags/example_skip_dag.py
[2024-06-18T16:34:31.764-0400] {logging_mixin.py:188} INFO - [2024-06-18T16:34:31.764-0400] {dag.py:3096} INFO - Sync 1 DAGs
[2024-06-18T16:34:31.784-0400] {logging_mixin.py:188} INFO - [2024-06-18T16:34:31.784-0400] {dag.py:3954} INFO - Setting next_dagrun for example_skip_dag to 2024-06-17 00:00:00+00:00, run_after=2024-06-18 00:00:00+00:00
[2024-06-18T16:34:31.806-0400] {processor.py:183} INFO - Processing /Users/jbshome/Desktop/us_debt_etl_pipeline/debt_env/lib/python3.12/site-packages/airflow/example_dags/example_skip_dag.py took 0.186 seconds
[2024-06-18T16:37:49.531-0400] {processor.py:161} INFO - Started process (PID=20464) to work on /Users/jbshome/Desktop/us_debt_etl_pipeline/debt_env/lib/python3.12/site-packages/airflow/example_dags/example_skip_dag.py
[2024-06-18T16:37:49.532-0400] {processor.py:830} INFO - Processing file /Users/jbshome/Desktop/us_debt_etl_pipeline/debt_env/lib/python3.12/site-packages/airflow/example_dags/example_skip_dag.py for tasks to queue
[2024-06-18T16:37:49.533-0400] {logging_mixin.py:188} INFO - [2024-06-18T16:37:49.533-0400] {dagbag.py:545} INFO - Filling up the DagBag from /Users/jbshome/Desktop/us_debt_etl_pipeline/debt_env/lib/python3.12/site-packages/airflow/example_dags/example_skip_dag.py
[2024-06-18T16:37:49.541-0400] {processor.py:840} INFO - DAG(s) 'example_skip_dag' retrieved from /Users/jbshome/Desktop/us_debt_etl_pipeline/debt_env/lib/python3.12/site-packages/airflow/example_dags/example_skip_dag.py
[2024-06-18T16:37:49.662-0400] {logging_mixin.py:188} INFO - [2024-06-18T16:37:49.661-0400] {dag.py:3096} INFO - Sync 1 DAGs
[2024-06-18T16:37:49.682-0400] {logging_mixin.py:188} INFO - [2024-06-18T16:37:49.681-0400] {dag.py:3954} INFO - Setting next_dagrun for example_skip_dag to 2024-06-17 00:00:00+00:00, run_after=2024-06-18 00:00:00+00:00
[2024-06-18T16:37:49.704-0400] {processor.py:183} INFO - Processing /Users/jbshome/Desktop/us_debt_etl_pipeline/debt_env/lib/python3.12/site-packages/airflow/example_dags/example_skip_dag.py took 0.176 seconds
[2024-06-18T16:40:55.052-0400] {processor.py:161} INFO - Started process (PID=20795) to work on /Users/jbshome/Desktop/us_debt_etl_pipeline/debt_env/lib/python3.12/site-packages/airflow/example_dags/example_skip_dag.py
[2024-06-18T16:40:55.054-0400] {processor.py:830} INFO - Processing file /Users/jbshome/Desktop/us_debt_etl_pipeline/debt_env/lib/python3.12/site-packages/airflow/example_dags/example_skip_dag.py for tasks to queue
[2024-06-18T16:40:55.055-0400] {logging_mixin.py:188} INFO - [2024-06-18T16:40:55.055-0400] {dagbag.py:545} INFO - Filling up the DagBag from /Users/jbshome/Desktop/us_debt_etl_pipeline/debt_env/lib/python3.12/site-packages/airflow/example_dags/example_skip_dag.py
[2024-06-18T16:40:55.063-0400] {processor.py:840} INFO - DAG(s) 'example_skip_dag' retrieved from /Users/jbshome/Desktop/us_debt_etl_pipeline/debt_env/lib/python3.12/site-packages/airflow/example_dags/example_skip_dag.py
[2024-06-18T16:40:55.171-0400] {logging_mixin.py:188} INFO - [2024-06-18T16:40:55.170-0400] {dag.py:3096} INFO - Sync 1 DAGs
[2024-06-18T16:40:55.188-0400] {logging_mixin.py:188} INFO - [2024-06-18T16:40:55.188-0400] {dag.py:3954} INFO - Setting next_dagrun for example_skip_dag to 2024-06-17 00:00:00+00:00, run_after=2024-06-18 00:00:00+00:00
[2024-06-18T16:40:55.210-0400] {processor.py:183} INFO - Processing /Users/jbshome/Desktop/us_debt_etl_pipeline/debt_env/lib/python3.12/site-packages/airflow/example_dags/example_skip_dag.py took 0.161 seconds
[2024-06-18T16:44:01.449-0400] {processor.py:161} INFO - Started process (PID=21414) to work on /Users/jbshome/Desktop/us_debt_etl_pipeline/debt_env/lib/python3.12/site-packages/airflow/example_dags/example_skip_dag.py
[2024-06-18T16:44:01.451-0400] {processor.py:830} INFO - Processing file /Users/jbshome/Desktop/us_debt_etl_pipeline/debt_env/lib/python3.12/site-packages/airflow/example_dags/example_skip_dag.py for tasks to queue
[2024-06-18T16:44:01.452-0400] {logging_mixin.py:188} INFO - [2024-06-18T16:44:01.452-0400] {dagbag.py:545} INFO - Filling up the DagBag from /Users/jbshome/Desktop/us_debt_etl_pipeline/debt_env/lib/python3.12/site-packages/airflow/example_dags/example_skip_dag.py
[2024-06-18T16:44:01.463-0400] {processor.py:840} INFO - DAG(s) 'example_skip_dag' retrieved from /Users/jbshome/Desktop/us_debt_etl_pipeline/debt_env/lib/python3.12/site-packages/airflow/example_dags/example_skip_dag.py
[2024-06-18T16:44:01.596-0400] {logging_mixin.py:188} INFO - [2024-06-18T16:44:01.595-0400] {dag.py:3096} INFO - Sync 1 DAGs
[2024-06-18T16:44:01.616-0400] {logging_mixin.py:188} INFO - [2024-06-18T16:44:01.616-0400] {dag.py:3954} INFO - Setting next_dagrun for example_skip_dag to 2024-06-17 00:00:00+00:00, run_after=2024-06-18 00:00:00+00:00
[2024-06-18T16:44:01.638-0400] {processor.py:183} INFO - Processing /Users/jbshome/Desktop/us_debt_etl_pipeline/debt_env/lib/python3.12/site-packages/airflow/example_dags/example_skip_dag.py took 0.192 seconds
[2024-06-18T16:46:57.350-0400] {processor.py:161} INFO - Started process (PID=21586) to work on /Users/jbshome/Desktop/us_debt_etl_pipeline/debt_env/lib/python3.12/site-packages/airflow/example_dags/example_skip_dag.py
[2024-06-18T16:46:57.352-0400] {processor.py:830} INFO - Processing file /Users/jbshome/Desktop/us_debt_etl_pipeline/debt_env/lib/python3.12/site-packages/airflow/example_dags/example_skip_dag.py for tasks to queue
[2024-06-18T16:46:57.353-0400] {logging_mixin.py:188} INFO - [2024-06-18T16:46:57.352-0400] {dagbag.py:545} INFO - Filling up the DagBag from /Users/jbshome/Desktop/us_debt_etl_pipeline/debt_env/lib/python3.12/site-packages/airflow/example_dags/example_skip_dag.py
[2024-06-18T16:46:57.361-0400] {processor.py:840} INFO - DAG(s) 'example_skip_dag' retrieved from /Users/jbshome/Desktop/us_debt_etl_pipeline/debt_env/lib/python3.12/site-packages/airflow/example_dags/example_skip_dag.py
[2024-06-18T16:46:57.483-0400] {logging_mixin.py:188} INFO - [2024-06-18T16:46:57.483-0400] {dag.py:3096} INFO - Sync 1 DAGs
[2024-06-18T16:46:57.501-0400] {logging_mixin.py:188} INFO - [2024-06-18T16:46:57.501-0400] {dag.py:3954} INFO - Setting next_dagrun for example_skip_dag to 2024-06-17 00:00:00+00:00, run_after=2024-06-18 00:00:00+00:00
[2024-06-18T16:46:57.525-0400] {processor.py:183} INFO - Processing /Users/jbshome/Desktop/us_debt_etl_pipeline/debt_env/lib/python3.12/site-packages/airflow/example_dags/example_skip_dag.py took 0.178 seconds
[2024-06-18T16:50:10.086-0400] {processor.py:161} INFO - Started process (PID=21766) to work on /Users/jbshome/Desktop/us_debt_etl_pipeline/debt_env/lib/python3.12/site-packages/airflow/example_dags/example_skip_dag.py
[2024-06-18T16:50:10.089-0400] {processor.py:830} INFO - Processing file /Users/jbshome/Desktop/us_debt_etl_pipeline/debt_env/lib/python3.12/site-packages/airflow/example_dags/example_skip_dag.py for tasks to queue
[2024-06-18T16:50:10.090-0400] {logging_mixin.py:188} INFO - [2024-06-18T16:50:10.090-0400] {dagbag.py:545} INFO - Filling up the DagBag from /Users/jbshome/Desktop/us_debt_etl_pipeline/debt_env/lib/python3.12/site-packages/airflow/example_dags/example_skip_dag.py
[2024-06-18T16:50:10.101-0400] {processor.py:840} INFO - DAG(s) 'example_skip_dag' retrieved from /Users/jbshome/Desktop/us_debt_etl_pipeline/debt_env/lib/python3.12/site-packages/airflow/example_dags/example_skip_dag.py
[2024-06-18T16:50:10.246-0400] {logging_mixin.py:188} INFO - [2024-06-18T16:50:10.245-0400] {dag.py:3096} INFO - Sync 1 DAGs
[2024-06-18T16:50:10.265-0400] {logging_mixin.py:188} INFO - [2024-06-18T16:50:10.265-0400] {dag.py:3954} INFO - Setting next_dagrun for example_skip_dag to 2024-06-17 00:00:00+00:00, run_after=2024-06-18 00:00:00+00:00
[2024-06-18T16:50:10.289-0400] {processor.py:183} INFO - Processing /Users/jbshome/Desktop/us_debt_etl_pipeline/debt_env/lib/python3.12/site-packages/airflow/example_dags/example_skip_dag.py took 0.207 seconds
[2024-06-18T16:53:13.422-0400] {processor.py:161} INFO - Started process (PID=21920) to work on /Users/jbshome/Desktop/us_debt_etl_pipeline/debt_env/lib/python3.12/site-packages/airflow/example_dags/example_skip_dag.py
[2024-06-18T16:53:13.426-0400] {processor.py:830} INFO - Processing file /Users/jbshome/Desktop/us_debt_etl_pipeline/debt_env/lib/python3.12/site-packages/airflow/example_dags/example_skip_dag.py for tasks to queue
[2024-06-18T16:53:13.428-0400] {logging_mixin.py:188} INFO - [2024-06-18T16:53:13.427-0400] {dagbag.py:545} INFO - Filling up the DagBag from /Users/jbshome/Desktop/us_debt_etl_pipeline/debt_env/lib/python3.12/site-packages/airflow/example_dags/example_skip_dag.py
[2024-06-18T16:53:13.439-0400] {processor.py:840} INFO - DAG(s) 'example_skip_dag' retrieved from /Users/jbshome/Desktop/us_debt_etl_pipeline/debt_env/lib/python3.12/site-packages/airflow/example_dags/example_skip_dag.py
[2024-06-18T16:53:13.575-0400] {logging_mixin.py:188} INFO - [2024-06-18T16:53:13.575-0400] {dag.py:3096} INFO - Sync 1 DAGs
[2024-06-18T16:53:13.595-0400] {logging_mixin.py:188} INFO - [2024-06-18T16:53:13.595-0400] {dag.py:3954} INFO - Setting next_dagrun for example_skip_dag to 2024-06-17 00:00:00+00:00, run_after=2024-06-18 00:00:00+00:00
[2024-06-18T16:53:13.619-0400] {processor.py:183} INFO - Processing /Users/jbshome/Desktop/us_debt_etl_pipeline/debt_env/lib/python3.12/site-packages/airflow/example_dags/example_skip_dag.py took 0.204 seconds
[2024-06-18T16:56:23.505-0400] {processor.py:161} INFO - Started process (PID=22071) to work on /Users/jbshome/Desktop/us_debt_etl_pipeline/debt_env/lib/python3.12/site-packages/airflow/example_dags/example_skip_dag.py
[2024-06-18T16:56:23.507-0400] {processor.py:830} INFO - Processing file /Users/jbshome/Desktop/us_debt_etl_pipeline/debt_env/lib/python3.12/site-packages/airflow/example_dags/example_skip_dag.py for tasks to queue
[2024-06-18T16:56:23.508-0400] {logging_mixin.py:188} INFO - [2024-06-18T16:56:23.508-0400] {dagbag.py:545} INFO - Filling up the DagBag from /Users/jbshome/Desktop/us_debt_etl_pipeline/debt_env/lib/python3.12/site-packages/airflow/example_dags/example_skip_dag.py
[2024-06-18T16:56:23.516-0400] {processor.py:840} INFO - DAG(s) 'example_skip_dag' retrieved from /Users/jbshome/Desktop/us_debt_etl_pipeline/debt_env/lib/python3.12/site-packages/airflow/example_dags/example_skip_dag.py
[2024-06-18T16:56:23.628-0400] {logging_mixin.py:188} INFO - [2024-06-18T16:56:23.627-0400] {dag.py:3096} INFO - Sync 1 DAGs
[2024-06-18T16:56:23.645-0400] {logging_mixin.py:188} INFO - [2024-06-18T16:56:23.645-0400] {dag.py:3954} INFO - Setting next_dagrun for example_skip_dag to 2024-06-17 00:00:00+00:00, run_after=2024-06-18 00:00:00+00:00
[2024-06-18T16:56:23.666-0400] {processor.py:183} INFO - Processing /Users/jbshome/Desktop/us_debt_etl_pipeline/debt_env/lib/python3.12/site-packages/airflow/example_dags/example_skip_dag.py took 0.164 seconds
[2024-06-18T16:59:32.348-0400] {processor.py:161} INFO - Started process (PID=22576) to work on /Users/jbshome/Desktop/us_debt_etl_pipeline/debt_env/lib/python3.12/site-packages/airflow/example_dags/example_skip_dag.py
[2024-06-18T16:59:32.349-0400] {processor.py:830} INFO - Processing file /Users/jbshome/Desktop/us_debt_etl_pipeline/debt_env/lib/python3.12/site-packages/airflow/example_dags/example_skip_dag.py for tasks to queue
[2024-06-18T16:59:32.350-0400] {logging_mixin.py:188} INFO - [2024-06-18T16:59:32.349-0400] {dagbag.py:545} INFO - Filling up the DagBag from /Users/jbshome/Desktop/us_debt_etl_pipeline/debt_env/lib/python3.12/site-packages/airflow/example_dags/example_skip_dag.py
[2024-06-18T16:59:32.358-0400] {processor.py:840} INFO - DAG(s) 'example_skip_dag' retrieved from /Users/jbshome/Desktop/us_debt_etl_pipeline/debt_env/lib/python3.12/site-packages/airflow/example_dags/example_skip_dag.py
[2024-06-18T16:59:32.469-0400] {logging_mixin.py:188} INFO - [2024-06-18T16:59:32.468-0400] {dag.py:3096} INFO - Sync 1 DAGs
[2024-06-18T16:59:32.485-0400] {logging_mixin.py:188} INFO - [2024-06-18T16:59:32.485-0400] {dag.py:3954} INFO - Setting next_dagrun for example_skip_dag to 2024-06-17 00:00:00+00:00, run_after=2024-06-18 00:00:00+00:00
[2024-06-18T16:59:32.506-0400] {processor.py:183} INFO - Processing /Users/jbshome/Desktop/us_debt_etl_pipeline/debt_env/lib/python3.12/site-packages/airflow/example_dags/example_skip_dag.py took 0.162 seconds
[2024-06-18T17:03:45.672-0400] {processor.py:161} INFO - Started process (PID=22827) to work on /Users/jbshome/Desktop/us_debt_etl_pipeline/debt_env/lib/python3.12/site-packages/airflow/example_dags/example_skip_dag.py
[2024-06-18T17:03:45.673-0400] {processor.py:830} INFO - Processing file /Users/jbshome/Desktop/us_debt_etl_pipeline/debt_env/lib/python3.12/site-packages/airflow/example_dags/example_skip_dag.py for tasks to queue
[2024-06-18T17:03:45.674-0400] {logging_mixin.py:188} INFO - [2024-06-18T17:03:45.674-0400] {dagbag.py:545} INFO - Filling up the DagBag from /Users/jbshome/Desktop/us_debt_etl_pipeline/debt_env/lib/python3.12/site-packages/airflow/example_dags/example_skip_dag.py
[2024-06-18T17:03:45.687-0400] {processor.py:840} INFO - DAG(s) 'example_skip_dag' retrieved from /Users/jbshome/Desktop/us_debt_etl_pipeline/debt_env/lib/python3.12/site-packages/airflow/example_dags/example_skip_dag.py
[2024-06-18T17:03:45.852-0400] {logging_mixin.py:188} INFO - [2024-06-18T17:03:45.852-0400] {dag.py:3096} INFO - Sync 1 DAGs
[2024-06-18T17:03:45.873-0400] {logging_mixin.py:188} INFO - [2024-06-18T17:03:45.872-0400] {dag.py:3954} INFO - Setting next_dagrun for example_skip_dag to 2024-06-17 00:00:00+00:00, run_after=2024-06-18 00:00:00+00:00
[2024-06-18T17:03:45.905-0400] {processor.py:183} INFO - Processing /Users/jbshome/Desktop/us_debt_etl_pipeline/debt_env/lib/python3.12/site-packages/airflow/example_dags/example_skip_dag.py took 0.238 seconds
[2024-06-18T17:07:13.306-0400] {processor.py:161} INFO - Started process (PID=23228) to work on /Users/jbshome/Desktop/us_debt_etl_pipeline/debt_env/lib/python3.12/site-packages/airflow/example_dags/example_skip_dag.py
[2024-06-18T17:07:13.309-0400] {processor.py:830} INFO - Processing file /Users/jbshome/Desktop/us_debt_etl_pipeline/debt_env/lib/python3.12/site-packages/airflow/example_dags/example_skip_dag.py for tasks to queue
[2024-06-18T17:07:13.311-0400] {logging_mixin.py:188} INFO - [2024-06-18T17:07:13.310-0400] {dagbag.py:545} INFO - Filling up the DagBag from /Users/jbshome/Desktop/us_debt_etl_pipeline/debt_env/lib/python3.12/site-packages/airflow/example_dags/example_skip_dag.py
[2024-06-18T17:07:13.329-0400] {processor.py:840} INFO - DAG(s) 'example_skip_dag' retrieved from /Users/jbshome/Desktop/us_debt_etl_pipeline/debt_env/lib/python3.12/site-packages/airflow/example_dags/example_skip_dag.py
[2024-06-18T17:07:13.642-0400] {logging_mixin.py:188} INFO - [2024-06-18T17:07:13.642-0400] {dag.py:3096} INFO - Sync 1 DAGs
[2024-06-18T17:07:13.684-0400] {logging_mixin.py:188} INFO - [2024-06-18T17:07:13.683-0400] {dag.py:3954} INFO - Setting next_dagrun for example_skip_dag to 2024-06-17 00:00:00+00:00, run_after=2024-06-18 00:00:00+00:00
[2024-06-18T17:07:13.732-0400] {processor.py:183} INFO - Processing /Users/jbshome/Desktop/us_debt_etl_pipeline/debt_env/lib/python3.12/site-packages/airflow/example_dags/example_skip_dag.py took 0.431 seconds
[2024-06-18T17:11:17.598-0400] {processor.py:161} INFO - Started process (PID=23869) to work on /Users/jbshome/Desktop/us_debt_etl_pipeline/debt_env/lib/python3.12/site-packages/airflow/example_dags/example_skip_dag.py
[2024-06-18T17:11:17.600-0400] {processor.py:830} INFO - Processing file /Users/jbshome/Desktop/us_debt_etl_pipeline/debt_env/lib/python3.12/site-packages/airflow/example_dags/example_skip_dag.py for tasks to queue
[2024-06-18T17:11:17.602-0400] {logging_mixin.py:188} INFO - [2024-06-18T17:11:17.601-0400] {dagbag.py:545} INFO - Filling up the DagBag from /Users/jbshome/Desktop/us_debt_etl_pipeline/debt_env/lib/python3.12/site-packages/airflow/example_dags/example_skip_dag.py
[2024-06-18T17:11:17.614-0400] {processor.py:840} INFO - DAG(s) 'example_skip_dag' retrieved from /Users/jbshome/Desktop/us_debt_etl_pipeline/debt_env/lib/python3.12/site-packages/airflow/example_dags/example_skip_dag.py
[2024-06-18T17:11:17.855-0400] {logging_mixin.py:188} INFO - [2024-06-18T17:11:17.854-0400] {dag.py:3096} INFO - Sync 1 DAGs
[2024-06-18T17:11:17.888-0400] {logging_mixin.py:188} INFO - [2024-06-18T17:11:17.887-0400] {dag.py:3954} INFO - Setting next_dagrun for example_skip_dag to 2024-06-17 00:00:00+00:00, run_after=2024-06-18 00:00:00+00:00
[2024-06-18T17:11:17.937-0400] {processor.py:183} INFO - Processing /Users/jbshome/Desktop/us_debt_etl_pipeline/debt_env/lib/python3.12/site-packages/airflow/example_dags/example_skip_dag.py took 0.345 seconds
[2024-06-18T17:16:38.346-0400] {processor.py:161} INFO - Started process (PID=24212) to work on /Users/jbshome/Desktop/us_debt_etl_pipeline/debt_env/lib/python3.12/site-packages/airflow/example_dags/example_skip_dag.py
[2024-06-18T17:16:38.348-0400] {processor.py:830} INFO - Processing file /Users/jbshome/Desktop/us_debt_etl_pipeline/debt_env/lib/python3.12/site-packages/airflow/example_dags/example_skip_dag.py for tasks to queue
[2024-06-18T17:16:38.353-0400] {logging_mixin.py:188} INFO - [2024-06-18T17:16:38.353-0400] {dagbag.py:545} INFO - Filling up the DagBag from /Users/jbshome/Desktop/us_debt_etl_pipeline/debt_env/lib/python3.12/site-packages/airflow/example_dags/example_skip_dag.py
[2024-06-18T17:16:38.374-0400] {processor.py:840} INFO - DAG(s) 'example_skip_dag' retrieved from /Users/jbshome/Desktop/us_debt_etl_pipeline/debt_env/lib/python3.12/site-packages/airflow/example_dags/example_skip_dag.py
[2024-06-18T17:16:38.759-0400] {logging_mixin.py:188} INFO - [2024-06-18T17:16:38.758-0400] {dag.py:3096} INFO - Sync 1 DAGs
[2024-06-18T17:16:38.806-0400] {logging_mixin.py:188} INFO - [2024-06-18T17:16:38.806-0400] {dag.py:3954} INFO - Setting next_dagrun for example_skip_dag to 2024-06-17 00:00:00+00:00, run_after=2024-06-18 00:00:00+00:00
[2024-06-18T17:16:38.891-0400] {processor.py:183} INFO - Processing /Users/jbshome/Desktop/us_debt_etl_pipeline/debt_env/lib/python3.12/site-packages/airflow/example_dags/example_skip_dag.py took 0.552 seconds
[2024-06-18T17:21:20.179-0400] {processor.py:161} INFO - Started process (PID=24548) to work on /Users/jbshome/Desktop/us_debt_etl_pipeline/debt_env/lib/python3.12/site-packages/airflow/example_dags/example_skip_dag.py
[2024-06-18T17:21:20.181-0400] {processor.py:830} INFO - Processing file /Users/jbshome/Desktop/us_debt_etl_pipeline/debt_env/lib/python3.12/site-packages/airflow/example_dags/example_skip_dag.py for tasks to queue
[2024-06-18T17:21:20.187-0400] {logging_mixin.py:188} INFO - [2024-06-18T17:21:20.186-0400] {dagbag.py:545} INFO - Filling up the DagBag from /Users/jbshome/Desktop/us_debt_etl_pipeline/debt_env/lib/python3.12/site-packages/airflow/example_dags/example_skip_dag.py
[2024-06-18T17:21:20.205-0400] {processor.py:840} INFO - DAG(s) 'example_skip_dag' retrieved from /Users/jbshome/Desktop/us_debt_etl_pipeline/debt_env/lib/python3.12/site-packages/airflow/example_dags/example_skip_dag.py
[2024-06-18T17:21:20.451-0400] {logging_mixin.py:188} INFO - [2024-06-18T17:21:20.449-0400] {dag.py:3096} INFO - Sync 1 DAGs
[2024-06-18T17:21:20.485-0400] {logging_mixin.py:188} INFO - [2024-06-18T17:21:20.485-0400] {dag.py:3954} INFO - Setting next_dagrun for example_skip_dag to 2024-06-17 00:00:00+00:00, run_after=2024-06-18 00:00:00+00:00
[2024-06-18T17:21:20.532-0400] {processor.py:183} INFO - Processing /Users/jbshome/Desktop/us_debt_etl_pipeline/debt_env/lib/python3.12/site-packages/airflow/example_dags/example_skip_dag.py took 0.358 seconds
[2024-06-18T17:25:38.604-0400] {processor.py:161} INFO - Started process (PID=24847) to work on /Users/jbshome/Desktop/us_debt_etl_pipeline/debt_env/lib/python3.12/site-packages/airflow/example_dags/example_skip_dag.py
[2024-06-18T17:25:38.607-0400] {processor.py:830} INFO - Processing file /Users/jbshome/Desktop/us_debt_etl_pipeline/debt_env/lib/python3.12/site-packages/airflow/example_dags/example_skip_dag.py for tasks to queue
[2024-06-18T17:25:38.608-0400] {logging_mixin.py:188} INFO - [2024-06-18T17:25:38.608-0400] {dagbag.py:545} INFO - Filling up the DagBag from /Users/jbshome/Desktop/us_debt_etl_pipeline/debt_env/lib/python3.12/site-packages/airflow/example_dags/example_skip_dag.py
[2024-06-18T17:25:38.625-0400] {processor.py:840} INFO - DAG(s) 'example_skip_dag' retrieved from /Users/jbshome/Desktop/us_debt_etl_pipeline/debt_env/lib/python3.12/site-packages/airflow/example_dags/example_skip_dag.py
[2024-06-18T17:25:38.825-0400] {logging_mixin.py:188} INFO - [2024-06-18T17:25:38.824-0400] {dag.py:3096} INFO - Sync 1 DAGs
[2024-06-18T17:25:38.852-0400] {logging_mixin.py:188} INFO - [2024-06-18T17:25:38.852-0400] {dag.py:3954} INFO - Setting next_dagrun for example_skip_dag to 2024-06-17 00:00:00+00:00, run_after=2024-06-18 00:00:00+00:00
[2024-06-18T17:25:38.887-0400] {processor.py:183} INFO - Processing /Users/jbshome/Desktop/us_debt_etl_pipeline/debt_env/lib/python3.12/site-packages/airflow/example_dags/example_skip_dag.py took 0.287 seconds
[2024-06-18T17:30:08.192-0400] {processor.py:161} INFO - Started process (PID=25160) to work on /Users/jbshome/Desktop/us_debt_etl_pipeline/debt_env/lib/python3.12/site-packages/airflow/example_dags/example_skip_dag.py
[2024-06-18T17:30:08.193-0400] {processor.py:830} INFO - Processing file /Users/jbshome/Desktop/us_debt_etl_pipeline/debt_env/lib/python3.12/site-packages/airflow/example_dags/example_skip_dag.py for tasks to queue
[2024-06-18T17:30:08.195-0400] {logging_mixin.py:188} INFO - [2024-06-18T17:30:08.194-0400] {dagbag.py:545} INFO - Filling up the DagBag from /Users/jbshome/Desktop/us_debt_etl_pipeline/debt_env/lib/python3.12/site-packages/airflow/example_dags/example_skip_dag.py
[2024-06-18T17:30:08.212-0400] {processor.py:840} INFO - DAG(s) 'example_skip_dag' retrieved from /Users/jbshome/Desktop/us_debt_etl_pipeline/debt_env/lib/python3.12/site-packages/airflow/example_dags/example_skip_dag.py
[2024-06-18T17:30:08.496-0400] {logging_mixin.py:188} INFO - [2024-06-18T17:30:08.495-0400] {dag.py:3096} INFO - Sync 1 DAGs
[2024-06-18T17:30:08.542-0400] {logging_mixin.py:188} INFO - [2024-06-18T17:30:08.542-0400] {dag.py:3954} INFO - Setting next_dagrun for example_skip_dag to 2024-06-17 00:00:00+00:00, run_after=2024-06-18 00:00:00+00:00
[2024-06-18T17:30:08.596-0400] {processor.py:183} INFO - Processing /Users/jbshome/Desktop/us_debt_etl_pipeline/debt_env/lib/python3.12/site-packages/airflow/example_dags/example_skip_dag.py took 0.410 seconds
[2024-06-18T17:35:11.106-0400] {processor.py:161} INFO - Started process (PID=25665) to work on /Users/jbshome/Desktop/us_debt_etl_pipeline/debt_env/lib/python3.12/site-packages/airflow/example_dags/example_skip_dag.py
[2024-06-18T17:35:11.107-0400] {processor.py:830} INFO - Processing file /Users/jbshome/Desktop/us_debt_etl_pipeline/debt_env/lib/python3.12/site-packages/airflow/example_dags/example_skip_dag.py for tasks to queue
[2024-06-18T17:35:11.108-0400] {logging_mixin.py:188} INFO - [2024-06-18T17:35:11.108-0400] {dagbag.py:545} INFO - Filling up the DagBag from /Users/jbshome/Desktop/us_debt_etl_pipeline/debt_env/lib/python3.12/site-packages/airflow/example_dags/example_skip_dag.py
[2024-06-18T17:35:11.122-0400] {processor.py:840} INFO - DAG(s) 'example_skip_dag' retrieved from /Users/jbshome/Desktop/us_debt_etl_pipeline/debt_env/lib/python3.12/site-packages/airflow/example_dags/example_skip_dag.py
[2024-06-18T17:35:11.501-0400] {logging_mixin.py:188} INFO - [2024-06-18T17:35:11.500-0400] {dag.py:3096} INFO - Sync 1 DAGs
[2024-06-18T17:35:11.585-0400] {logging_mixin.py:188} INFO - [2024-06-18T17:35:11.585-0400] {dag.py:3954} INFO - Setting next_dagrun for example_skip_dag to 2024-06-17 00:00:00+00:00, run_after=2024-06-18 00:00:00+00:00
[2024-06-18T17:35:11.630-0400] {processor.py:183} INFO - Processing /Users/jbshome/Desktop/us_debt_etl_pipeline/debt_env/lib/python3.12/site-packages/airflow/example_dags/example_skip_dag.py took 0.529 seconds
[2024-06-18T17:43:06.588-0400] {processor.py:161} INFO - Started process (PID=26518) to work on /Users/jbshome/Desktop/us_debt_etl_pipeline/debt_env/lib/python3.12/site-packages/airflow/example_dags/example_skip_dag.py
[2024-06-18T17:43:06.591-0400] {processor.py:830} INFO - Processing file /Users/jbshome/Desktop/us_debt_etl_pipeline/debt_env/lib/python3.12/site-packages/airflow/example_dags/example_skip_dag.py for tasks to queue
[2024-06-18T17:43:06.592-0400] {logging_mixin.py:188} INFO - [2024-06-18T17:43:06.592-0400] {dagbag.py:545} INFO - Filling up the DagBag from /Users/jbshome/Desktop/us_debt_etl_pipeline/debt_env/lib/python3.12/site-packages/airflow/example_dags/example_skip_dag.py
[2024-06-18T17:43:06.617-0400] {processor.py:840} INFO - DAG(s) 'example_skip_dag' retrieved from /Users/jbshome/Desktop/us_debt_etl_pipeline/debt_env/lib/python3.12/site-packages/airflow/example_dags/example_skip_dag.py
[2024-06-18T17:43:07.027-0400] {logging_mixin.py:188} INFO - [2024-06-18T17:43:07.026-0400] {dag.py:3096} INFO - Sync 1 DAGs
[2024-06-18T17:43:07.109-0400] {logging_mixin.py:188} INFO - [2024-06-18T17:43:07.108-0400] {dag.py:3954} INFO - Setting next_dagrun for example_skip_dag to 2024-06-17 00:00:00+00:00, run_after=2024-06-18 00:00:00+00:00
[2024-06-18T17:43:07.160-0400] {processor.py:183} INFO - Processing /Users/jbshome/Desktop/us_debt_etl_pipeline/debt_env/lib/python3.12/site-packages/airflow/example_dags/example_skip_dag.py took 0.577 seconds
[2024-06-18T17:48:03.622-0400] {processor.py:161} INFO - Started process (PID=27585) to work on /Users/jbshome/Desktop/us_debt_etl_pipeline/debt_env/lib/python3.12/site-packages/airflow/example_dags/example_skip_dag.py
[2024-06-18T17:48:03.624-0400] {processor.py:830} INFO - Processing file /Users/jbshome/Desktop/us_debt_etl_pipeline/debt_env/lib/python3.12/site-packages/airflow/example_dags/example_skip_dag.py for tasks to queue
[2024-06-18T17:48:03.625-0400] {logging_mixin.py:188} INFO - [2024-06-18T17:48:03.624-0400] {dagbag.py:545} INFO - Filling up the DagBag from /Users/jbshome/Desktop/us_debt_etl_pipeline/debt_env/lib/python3.12/site-packages/airflow/example_dags/example_skip_dag.py
[2024-06-18T17:48:03.638-0400] {processor.py:840} INFO - DAG(s) 'example_skip_dag' retrieved from /Users/jbshome/Desktop/us_debt_etl_pipeline/debt_env/lib/python3.12/site-packages/airflow/example_dags/example_skip_dag.py
[2024-06-18T17:48:03.868-0400] {logging_mixin.py:188} INFO - [2024-06-18T17:48:03.867-0400] {dag.py:3096} INFO - Sync 1 DAGs
[2024-06-18T17:48:03.907-0400] {logging_mixin.py:188} INFO - [2024-06-18T17:48:03.906-0400] {dag.py:3954} INFO - Setting next_dagrun for example_skip_dag to 2024-06-17 00:00:00+00:00, run_after=2024-06-18 00:00:00+00:00
[2024-06-18T17:48:03.951-0400] {processor.py:183} INFO - Processing /Users/jbshome/Desktop/us_debt_etl_pipeline/debt_env/lib/python3.12/site-packages/airflow/example_dags/example_skip_dag.py took 0.335 seconds
[2024-06-18T17:52:37.259-0400] {processor.py:161} INFO - Started process (PID=28281) to work on /Users/jbshome/Desktop/us_debt_etl_pipeline/debt_env/lib/python3.12/site-packages/airflow/example_dags/example_skip_dag.py
[2024-06-18T17:52:37.261-0400] {processor.py:830} INFO - Processing file /Users/jbshome/Desktop/us_debt_etl_pipeline/debt_env/lib/python3.12/site-packages/airflow/example_dags/example_skip_dag.py for tasks to queue
[2024-06-18T17:52:37.262-0400] {logging_mixin.py:188} INFO - [2024-06-18T17:52:37.262-0400] {dagbag.py:545} INFO - Filling up the DagBag from /Users/jbshome/Desktop/us_debt_etl_pipeline/debt_env/lib/python3.12/site-packages/airflow/example_dags/example_skip_dag.py
[2024-06-18T17:52:37.277-0400] {processor.py:840} INFO - DAG(s) 'example_skip_dag' retrieved from /Users/jbshome/Desktop/us_debt_etl_pipeline/debt_env/lib/python3.12/site-packages/airflow/example_dags/example_skip_dag.py
[2024-06-18T17:52:37.581-0400] {logging_mixin.py:188} INFO - [2024-06-18T17:52:37.581-0400] {dag.py:3096} INFO - Sync 1 DAGs
[2024-06-18T17:52:37.624-0400] {logging_mixin.py:188} INFO - [2024-06-18T17:52:37.623-0400] {dag.py:3954} INFO - Setting next_dagrun for example_skip_dag to 2024-06-17 00:00:00+00:00, run_after=2024-06-18 00:00:00+00:00
[2024-06-18T17:52:37.666-0400] {processor.py:183} INFO - Processing /Users/jbshome/Desktop/us_debt_etl_pipeline/debt_env/lib/python3.12/site-packages/airflow/example_dags/example_skip_dag.py took 0.413 seconds
[2024-06-18T17:56:18.260-0400] {processor.py:161} INFO - Started process (PID=29380) to work on /Users/jbshome/Desktop/us_debt_etl_pipeline/debt_env/lib/python3.12/site-packages/airflow/example_dags/example_skip_dag.py
[2024-06-18T17:56:18.266-0400] {processor.py:830} INFO - Processing file /Users/jbshome/Desktop/us_debt_etl_pipeline/debt_env/lib/python3.12/site-packages/airflow/example_dags/example_skip_dag.py for tasks to queue
[2024-06-18T17:56:18.267-0400] {logging_mixin.py:188} INFO - [2024-06-18T17:56:18.267-0400] {dagbag.py:545} INFO - Filling up the DagBag from /Users/jbshome/Desktop/us_debt_etl_pipeline/debt_env/lib/python3.12/site-packages/airflow/example_dags/example_skip_dag.py
[2024-06-18T17:56:18.290-0400] {processor.py:840} INFO - DAG(s) 'example_skip_dag' retrieved from /Users/jbshome/Desktop/us_debt_etl_pipeline/debt_env/lib/python3.12/site-packages/airflow/example_dags/example_skip_dag.py
[2024-06-18T17:56:18.570-0400] {logging_mixin.py:188} INFO - [2024-06-18T17:56:18.569-0400] {dag.py:3096} INFO - Sync 1 DAGs
[2024-06-18T17:56:18.601-0400] {logging_mixin.py:188} INFO - [2024-06-18T17:56:18.601-0400] {dag.py:3954} INFO - Setting next_dagrun for example_skip_dag to 2024-06-17 00:00:00+00:00, run_after=2024-06-18 00:00:00+00:00
[2024-06-18T17:56:18.642-0400] {processor.py:183} INFO - Processing /Users/jbshome/Desktop/us_debt_etl_pipeline/debt_env/lib/python3.12/site-packages/airflow/example_dags/example_skip_dag.py took 0.386 seconds
