[2024-06-18T16:32:24.519-0400] {processor.py:161} INFO - Started process (PID=20181) to work on /Users/jbshome/Desktop/us_debt_etl_pipeline/debt_env/lib/python3.12/site-packages/airflow/example_dags/example_dag_decorator.py
[2024-06-18T16:32:24.520-0400] {processor.py:830} INFO - Processing file /Users/jbshome/Desktop/us_debt_etl_pipeline/debt_env/lib/python3.12/site-packages/airflow/example_dags/example_dag_decorator.py for tasks to queue
[2024-06-18T16:32:24.521-0400] {logging_mixin.py:188} INFO - [2024-06-18T16:32:24.521-0400] {dagbag.py:545} INFO - Filling up the DagBag from /Users/jbshome/Desktop/us_debt_etl_pipeline/debt_env/lib/python3.12/site-packages/airflow/example_dags/example_dag_decorator.py
[2024-06-18T16:32:24.849-0400] {processor.py:840} INFO - DAG(s) 'example_dag_decorator' retrieved from /Users/jbshome/Desktop/us_debt_etl_pipeline/debt_env/lib/python3.12/site-packages/airflow/example_dags/example_dag_decorator.py
[2024-06-18T16:32:25.198-0400] {logging_mixin.py:188} INFO - [2024-06-18T16:32:25.197-0400] {override.py:1829} INFO - Created Permission View: can delete on DAG:example_dag_decorator
[2024-06-18T16:32:25.210-0400] {logging_mixin.py:188} INFO - [2024-06-18T16:32:25.209-0400] {override.py:1829} INFO - Created Permission View: can edit on DAG:example_dag_decorator
[2024-06-18T16:32:25.216-0400] {logging_mixin.py:188} INFO - [2024-06-18T16:32:25.216-0400] {override.py:1829} INFO - Created Permission View: can read on DAG:example_dag_decorator
[2024-06-18T16:32:25.217-0400] {logging_mixin.py:188} INFO - [2024-06-18T16:32:25.217-0400] {dag.py:3096} INFO - Sync 1 DAGs
[2024-06-18T16:32:25.228-0400] {logging_mixin.py:188} INFO - [2024-06-18T16:32:25.228-0400] {dag.py:3118} INFO - Creating ORM DAG for example_dag_decorator
[2024-06-18T16:32:25.229-0400] {logging_mixin.py:188} INFO - [2024-06-18T16:32:25.229-0400] {dag.py:3954} INFO - Setting next_dagrun for example_dag_decorator to None, run_after=None
[2024-06-18T16:32:25.259-0400] {processor.py:183} INFO - Processing /Users/jbshome/Desktop/us_debt_etl_pipeline/debt_env/lib/python3.12/site-packages/airflow/example_dags/example_dag_decorator.py took 0.744 seconds
[2024-06-18T16:36:02.573-0400] {processor.py:161} INFO - Started process (PID=20383) to work on /Users/jbshome/Desktop/us_debt_etl_pipeline/debt_env/lib/python3.12/site-packages/airflow/example_dags/example_dag_decorator.py
[2024-06-18T16:36:02.575-0400] {processor.py:830} INFO - Processing file /Users/jbshome/Desktop/us_debt_etl_pipeline/debt_env/lib/python3.12/site-packages/airflow/example_dags/example_dag_decorator.py for tasks to queue
[2024-06-18T16:36:02.577-0400] {logging_mixin.py:188} INFO - [2024-06-18T16:36:02.576-0400] {dagbag.py:545} INFO - Filling up the DagBag from /Users/jbshome/Desktop/us_debt_etl_pipeline/debt_env/lib/python3.12/site-packages/airflow/example_dags/example_dag_decorator.py
[2024-06-18T16:36:02.827-0400] {processor.py:840} INFO - DAG(s) 'example_dag_decorator' retrieved from /Users/jbshome/Desktop/us_debt_etl_pipeline/debt_env/lib/python3.12/site-packages/airflow/example_dags/example_dag_decorator.py
[2024-06-18T16:36:03.138-0400] {logging_mixin.py:188} INFO - [2024-06-18T16:36:03.137-0400] {dag.py:3096} INFO - Sync 1 DAGs
[2024-06-18T16:36:03.155-0400] {logging_mixin.py:188} INFO - [2024-06-18T16:36:03.155-0400] {dag.py:3954} INFO - Setting next_dagrun for example_dag_decorator to None, run_after=None
[2024-06-18T16:36:03.334-0400] {processor.py:183} INFO - Processing /Users/jbshome/Desktop/us_debt_etl_pipeline/debt_env/lib/python3.12/site-packages/airflow/example_dags/example_dag_decorator.py took 0.764 seconds
[2024-06-18T16:42:21.581-0400] {processor.py:161} INFO - Started process (PID=21138) to work on /Users/jbshome/Desktop/us_debt_etl_pipeline/debt_env/lib/python3.12/site-packages/airflow/example_dags/example_dag_decorator.py
[2024-06-18T16:42:21.584-0400] {processor.py:830} INFO - Processing file /Users/jbshome/Desktop/us_debt_etl_pipeline/debt_env/lib/python3.12/site-packages/airflow/example_dags/example_dag_decorator.py for tasks to queue
[2024-06-18T16:42:21.584-0400] {logging_mixin.py:188} INFO - [2024-06-18T16:42:21.584-0400] {dagbag.py:545} INFO - Filling up the DagBag from /Users/jbshome/Desktop/us_debt_etl_pipeline/debt_env/lib/python3.12/site-packages/airflow/example_dags/example_dag_decorator.py
[2024-06-18T16:42:21.822-0400] {processor.py:840} INFO - DAG(s) 'example_dag_decorator' retrieved from /Users/jbshome/Desktop/us_debt_etl_pipeline/debt_env/lib/python3.12/site-packages/airflow/example_dags/example_dag_decorator.py
[2024-06-18T16:42:22.116-0400] {logging_mixin.py:188} INFO - [2024-06-18T16:42:22.115-0400] {dag.py:3096} INFO - Sync 1 DAGs
[2024-06-18T16:42:22.130-0400] {logging_mixin.py:188} INFO - [2024-06-18T16:42:22.129-0400] {dag.py:3954} INFO - Setting next_dagrun for example_dag_decorator to None, run_after=None
[2024-06-18T16:42:22.161-0400] {processor.py:183} INFO - Processing /Users/jbshome/Desktop/us_debt_etl_pipeline/debt_env/lib/python3.12/site-packages/airflow/example_dags/example_dag_decorator.py took 0.584 seconds
[2024-06-18T16:48:29.276-0400] {processor.py:161} INFO - Started process (PID=21654) to work on /Users/jbshome/Desktop/us_debt_etl_pipeline/debt_env/lib/python3.12/site-packages/airflow/example_dags/example_dag_decorator.py
[2024-06-18T16:48:29.278-0400] {processor.py:830} INFO - Processing file /Users/jbshome/Desktop/us_debt_etl_pipeline/debt_env/lib/python3.12/site-packages/airflow/example_dags/example_dag_decorator.py for tasks to queue
[2024-06-18T16:48:29.280-0400] {logging_mixin.py:188} INFO - [2024-06-18T16:48:29.280-0400] {dagbag.py:545} INFO - Filling up the DagBag from /Users/jbshome/Desktop/us_debt_etl_pipeline/debt_env/lib/python3.12/site-packages/airflow/example_dags/example_dag_decorator.py
[2024-06-18T16:48:29.798-0400] {processor.py:840} INFO - DAG(s) 'example_dag_decorator' retrieved from /Users/jbshome/Desktop/us_debt_etl_pipeline/debt_env/lib/python3.12/site-packages/airflow/example_dags/example_dag_decorator.py
[2024-06-18T16:48:30.206-0400] {logging_mixin.py:188} INFO - [2024-06-18T16:48:30.205-0400] {dag.py:3096} INFO - Sync 1 DAGs
[2024-06-18T16:48:30.220-0400] {logging_mixin.py:188} INFO - [2024-06-18T16:48:30.220-0400] {dag.py:3954} INFO - Setting next_dagrun for example_dag_decorator to None, run_after=None
[2024-06-18T16:48:30.247-0400] {processor.py:183} INFO - Processing /Users/jbshome/Desktop/us_debt_etl_pipeline/debt_env/lib/python3.12/site-packages/airflow/example_dags/example_dag_decorator.py took 0.977 seconds
[2024-06-18T16:54:37.484-0400] {processor.py:161} INFO - Started process (PID=21985) to work on /Users/jbshome/Desktop/us_debt_etl_pipeline/debt_env/lib/python3.12/site-packages/airflow/example_dags/example_dag_decorator.py
[2024-06-18T16:54:37.486-0400] {processor.py:830} INFO - Processing file /Users/jbshome/Desktop/us_debt_etl_pipeline/debt_env/lib/python3.12/site-packages/airflow/example_dags/example_dag_decorator.py for tasks to queue
[2024-06-18T16:54:37.487-0400] {logging_mixin.py:188} INFO - [2024-06-18T16:54:37.487-0400] {dagbag.py:545} INFO - Filling up the DagBag from /Users/jbshome/Desktop/us_debt_etl_pipeline/debt_env/lib/python3.12/site-packages/airflow/example_dags/example_dag_decorator.py
[2024-06-18T16:54:37.858-0400] {processor.py:840} INFO - DAG(s) 'example_dag_decorator' retrieved from /Users/jbshome/Desktop/us_debt_etl_pipeline/debt_env/lib/python3.12/site-packages/airflow/example_dags/example_dag_decorator.py
[2024-06-18T16:54:38.466-0400] {logging_mixin.py:188} INFO - [2024-06-18T16:54:38.465-0400] {dag.py:3096} INFO - Sync 1 DAGs
[2024-06-18T16:54:38.487-0400] {logging_mixin.py:188} INFO - [2024-06-18T16:54:38.487-0400] {dag.py:3954} INFO - Setting next_dagrun for example_dag_decorator to None, run_after=None
[2024-06-18T16:54:38.517-0400] {processor.py:183} INFO - Processing /Users/jbshome/Desktop/us_debt_etl_pipeline/debt_env/lib/python3.12/site-packages/airflow/example_dags/example_dag_decorator.py took 1.038 seconds
[2024-06-18T17:01:46.147-0400] {processor.py:161} INFO - Started process (PID=22720) to work on /Users/jbshome/Desktop/us_debt_etl_pipeline/debt_env/lib/python3.12/site-packages/airflow/example_dags/example_dag_decorator.py
[2024-06-18T17:01:46.149-0400] {processor.py:830} INFO - Processing file /Users/jbshome/Desktop/us_debt_etl_pipeline/debt_env/lib/python3.12/site-packages/airflow/example_dags/example_dag_decorator.py for tasks to queue
[2024-06-18T17:01:46.150-0400] {logging_mixin.py:188} INFO - [2024-06-18T17:01:46.150-0400] {dagbag.py:545} INFO - Filling up the DagBag from /Users/jbshome/Desktop/us_debt_etl_pipeline/debt_env/lib/python3.12/site-packages/airflow/example_dags/example_dag_decorator.py
[2024-06-18T17:01:46.603-0400] {processor.py:840} INFO - DAG(s) 'example_dag_decorator' retrieved from /Users/jbshome/Desktop/us_debt_etl_pipeline/debt_env/lib/python3.12/site-packages/airflow/example_dags/example_dag_decorator.py
[2024-06-18T17:01:47.204-0400] {logging_mixin.py:188} INFO - [2024-06-18T17:01:47.204-0400] {dag.py:3096} INFO - Sync 1 DAGs
[2024-06-18T17:01:47.221-0400] {logging_mixin.py:188} INFO - [2024-06-18T17:01:47.221-0400] {dag.py:3954} INFO - Setting next_dagrun for example_dag_decorator to None, run_after=None
[2024-06-18T17:01:47.269-0400] {processor.py:183} INFO - Processing /Users/jbshome/Desktop/us_debt_etl_pipeline/debt_env/lib/python3.12/site-packages/airflow/example_dags/example_dag_decorator.py took 1.131 seconds
[2024-06-18T17:08:54.179-0400] {processor.py:161} INFO - Started process (PID=23715) to work on /Users/jbshome/Desktop/us_debt_etl_pipeline/debt_env/lib/python3.12/site-packages/airflow/example_dags/example_dag_decorator.py
[2024-06-18T17:08:54.181-0400] {processor.py:830} INFO - Processing file /Users/jbshome/Desktop/us_debt_etl_pipeline/debt_env/lib/python3.12/site-packages/airflow/example_dags/example_dag_decorator.py for tasks to queue
[2024-06-18T17:08:54.182-0400] {logging_mixin.py:188} INFO - [2024-06-18T17:08:54.182-0400] {dagbag.py:545} INFO - Filling up the DagBag from /Users/jbshome/Desktop/us_debt_etl_pipeline/debt_env/lib/python3.12/site-packages/airflow/example_dags/example_dag_decorator.py
[2024-06-18T17:08:54.466-0400] {processor.py:840} INFO - DAG(s) 'example_dag_decorator' retrieved from /Users/jbshome/Desktop/us_debt_etl_pipeline/debt_env/lib/python3.12/site-packages/airflow/example_dags/example_dag_decorator.py
[2024-06-18T17:08:54.982-0400] {logging_mixin.py:188} INFO - [2024-06-18T17:08:54.981-0400] {dag.py:3096} INFO - Sync 1 DAGs
[2024-06-18T17:08:55.005-0400] {logging_mixin.py:188} INFO - [2024-06-18T17:08:55.005-0400] {dag.py:3954} INFO - Setting next_dagrun for example_dag_decorator to None, run_after=None
[2024-06-18T17:08:55.046-0400] {processor.py:183} INFO - Processing /Users/jbshome/Desktop/us_debt_etl_pipeline/debt_env/lib/python3.12/site-packages/airflow/example_dags/example_dag_decorator.py took 0.871 seconds
[2024-06-18T17:19:14.426-0400] {processor.py:161} INFO - Started process (PID=24374) to work on /Users/jbshome/Desktop/us_debt_etl_pipeline/debt_env/lib/python3.12/site-packages/airflow/example_dags/example_dag_decorator.py
[2024-06-18T17:19:14.431-0400] {processor.py:830} INFO - Processing file /Users/jbshome/Desktop/us_debt_etl_pipeline/debt_env/lib/python3.12/site-packages/airflow/example_dags/example_dag_decorator.py for tasks to queue
[2024-06-18T17:19:14.433-0400] {logging_mixin.py:188} INFO - [2024-06-18T17:19:14.432-0400] {dagbag.py:545} INFO - Filling up the DagBag from /Users/jbshome/Desktop/us_debt_etl_pipeline/debt_env/lib/python3.12/site-packages/airflow/example_dags/example_dag_decorator.py
[2024-06-18T17:19:15.180-0400] {processor.py:840} INFO - DAG(s) 'example_dag_decorator' retrieved from /Users/jbshome/Desktop/us_debt_etl_pipeline/debt_env/lib/python3.12/site-packages/airflow/example_dags/example_dag_decorator.py
[2024-06-18T17:19:16.247-0400] {logging_mixin.py:188} INFO - [2024-06-18T17:19:16.246-0400] {dag.py:3096} INFO - Sync 1 DAGs
[2024-06-18T17:19:16.275-0400] {logging_mixin.py:188} INFO - [2024-06-18T17:19:16.275-0400] {dag.py:3954} INFO - Setting next_dagrun for example_dag_decorator to None, run_after=None
[2024-06-18T17:19:16.386-0400] {processor.py:183} INFO - Processing /Users/jbshome/Desktop/us_debt_etl_pipeline/debt_env/lib/python3.12/site-packages/airflow/example_dags/example_dag_decorator.py took 1.968 seconds
[2024-06-18T17:27:58.944-0400] {processor.py:161} INFO - Started process (PID=24985) to work on /Users/jbshome/Desktop/us_debt_etl_pipeline/debt_env/lib/python3.12/site-packages/airflow/example_dags/example_dag_decorator.py
[2024-06-18T17:27:58.952-0400] {processor.py:830} INFO - Processing file /Users/jbshome/Desktop/us_debt_etl_pipeline/debt_env/lib/python3.12/site-packages/airflow/example_dags/example_dag_decorator.py for tasks to queue
[2024-06-18T17:27:58.953-0400] {logging_mixin.py:188} INFO - [2024-06-18T17:27:58.953-0400] {dagbag.py:545} INFO - Filling up the DagBag from /Users/jbshome/Desktop/us_debt_etl_pipeline/debt_env/lib/python3.12/site-packages/airflow/example_dags/example_dag_decorator.py
[2024-06-18T17:27:59.366-0400] {processor.py:840} INFO - DAG(s) 'example_dag_decorator' retrieved from /Users/jbshome/Desktop/us_debt_etl_pipeline/debt_env/lib/python3.12/site-packages/airflow/example_dags/example_dag_decorator.py
[2024-06-18T17:28:00.589-0400] {logging_mixin.py:188} INFO - [2024-06-18T17:28:00.588-0400] {dag.py:3096} INFO - Sync 1 DAGs
[2024-06-18T17:28:00.630-0400] {logging_mixin.py:188} INFO - [2024-06-18T17:28:00.629-0400] {dag.py:3954} INFO - Setting next_dagrun for example_dag_decorator to None, run_after=None
[2024-06-18T17:28:00.691-0400] {processor.py:183} INFO - Processing /Users/jbshome/Desktop/us_debt_etl_pipeline/debt_env/lib/python3.12/site-packages/airflow/example_dags/example_dag_decorator.py took 1.755 seconds
[2024-06-18T17:38:11.183-0400] {processor.py:161} INFO - Started process (PID=26309) to work on /Users/jbshome/Desktop/us_debt_etl_pipeline/debt_env/lib/python3.12/site-packages/airflow/example_dags/example_dag_decorator.py
[2024-06-18T17:38:11.186-0400] {processor.py:830} INFO - Processing file /Users/jbshome/Desktop/us_debt_etl_pipeline/debt_env/lib/python3.12/site-packages/airflow/example_dags/example_dag_decorator.py for tasks to queue
[2024-06-18T17:38:11.193-0400] {logging_mixin.py:188} INFO - [2024-06-18T17:38:11.187-0400] {dagbag.py:545} INFO - Filling up the DagBag from /Users/jbshome/Desktop/us_debt_etl_pipeline/debt_env/lib/python3.12/site-packages/airflow/example_dags/example_dag_decorator.py
[2024-06-18T17:38:12.068-0400] {processor.py:840} INFO - DAG(s) 'example_dag_decorator' retrieved from /Users/jbshome/Desktop/us_debt_etl_pipeline/debt_env/lib/python3.12/site-packages/airflow/example_dags/example_dag_decorator.py
[2024-06-18T17:38:13.525-0400] {logging_mixin.py:188} INFO - [2024-06-18T17:38:13.524-0400] {dag.py:3096} INFO - Sync 1 DAGs
[2024-06-18T17:38:13.576-0400] {logging_mixin.py:188} INFO - [2024-06-18T17:38:13.575-0400] {dag.py:3954} INFO - Setting next_dagrun for example_dag_decorator to None, run_after=None
[2024-06-18T17:38:13.665-0400] {processor.py:183} INFO - Processing /Users/jbshome/Desktop/us_debt_etl_pipeline/debt_env/lib/python3.12/site-packages/airflow/example_dags/example_dag_decorator.py took 2.486 seconds
[2024-06-18T17:45:53.941-0400] {processor.py:161} INFO - Started process (PID=27214) to work on /Users/jbshome/Desktop/us_debt_etl_pipeline/debt_env/lib/python3.12/site-packages/airflow/example_dags/example_dag_decorator.py
[2024-06-18T17:45:53.943-0400] {processor.py:830} INFO - Processing file /Users/jbshome/Desktop/us_debt_etl_pipeline/debt_env/lib/python3.12/site-packages/airflow/example_dags/example_dag_decorator.py for tasks to queue
[2024-06-18T17:45:53.944-0400] {logging_mixin.py:188} INFO - [2024-06-18T17:45:53.944-0400] {dagbag.py:545} INFO - Filling up the DagBag from /Users/jbshome/Desktop/us_debt_etl_pipeline/debt_env/lib/python3.12/site-packages/airflow/example_dags/example_dag_decorator.py
[2024-06-18T17:45:54.212-0400] {processor.py:840} INFO - DAG(s) 'example_dag_decorator' retrieved from /Users/jbshome/Desktop/us_debt_etl_pipeline/debt_env/lib/python3.12/site-packages/airflow/example_dags/example_dag_decorator.py
[2024-06-18T17:45:54.612-0400] {logging_mixin.py:188} INFO - [2024-06-18T17:45:54.612-0400] {dag.py:3096} INFO - Sync 1 DAGs
[2024-06-18T17:45:54.626-0400] {logging_mixin.py:188} INFO - [2024-06-18T17:45:54.625-0400] {dag.py:3954} INFO - Setting next_dagrun for example_dag_decorator to None, run_after=None
[2024-06-18T17:45:54.660-0400] {processor.py:183} INFO - Processing /Users/jbshome/Desktop/us_debt_etl_pipeline/debt_env/lib/python3.12/site-packages/airflow/example_dags/example_dag_decorator.py took 0.722 seconds
