[2024-06-18T16:31:18.162-0400] {processor.py:161} INFO - Started process (PID=20116) to work on /Users/jbshome/Desktop/us_debt_etl_pipeline/debt_env/lib/python3.12/site-packages/airflow/example_dags/example_python_operator.py
[2024-06-18T16:31:18.163-0400] {processor.py:830} INFO - Processing file /Users/jbshome/Desktop/us_debt_etl_pipeline/debt_env/lib/python3.12/site-packages/airflow/example_dags/example_python_operator.py for tasks to queue
[2024-06-18T16:31:18.164-0400] {logging_mixin.py:188} INFO - [2024-06-18T16:31:18.163-0400] {dagbag.py:545} INFO - Filling up the DagBag from /Users/jbshome/Desktop/us_debt_etl_pipeline/debt_env/lib/python3.12/site-packages/airflow/example_dags/example_python_operator.py
[2024-06-18T16:31:18.200-0400] {logging_mixin.py:188} INFO - [2024-06-18T16:31:18.200-0400] {example_python_operator.py:93} WARNING - The virtalenv_python example task requires virtualenv, please install it.
[2024-06-18T16:31:18.209-0400] {processor.py:840} INFO - DAG(s) 'example_python_operator' retrieved from /Users/jbshome/Desktop/us_debt_etl_pipeline/debt_env/lib/python3.12/site-packages/airflow/example_dags/example_python_operator.py
[2024-06-18T16:31:18.459-0400] {logging_mixin.py:188} INFO - [2024-06-18T16:31:18.459-0400] {override.py:1829} INFO - Created Permission View: can edit on DAG:example_python_operator
[2024-06-18T16:31:18.469-0400] {logging_mixin.py:188} INFO - [2024-06-18T16:31:18.468-0400] {override.py:1829} INFO - Created Permission View: can read on DAG:example_python_operator
[2024-06-18T16:31:18.475-0400] {logging_mixin.py:188} INFO - [2024-06-18T16:31:18.475-0400] {override.py:1829} INFO - Created Permission View: can delete on DAG:example_python_operator
[2024-06-18T16:31:18.476-0400] {logging_mixin.py:188} INFO - [2024-06-18T16:31:18.476-0400] {dag.py:3096} INFO - Sync 1 DAGs
[2024-06-18T16:31:18.552-0400] {logging_mixin.py:188} INFO - [2024-06-18T16:31:18.552-0400] {dag.py:3118} INFO - Creating ORM DAG for example_python_operator
[2024-06-18T16:31:18.553-0400] {logging_mixin.py:188} INFO - [2024-06-18T16:31:18.553-0400] {dag.py:3954} INFO - Setting next_dagrun for example_python_operator to None, run_after=None
[2024-06-18T16:31:18.572-0400] {processor.py:183} INFO - Processing /Users/jbshome/Desktop/us_debt_etl_pipeline/debt_env/lib/python3.12/site-packages/airflow/example_dags/example_python_operator.py took 0.414 seconds
[2024-06-18T16:34:59.234-0400] {processor.py:161} INFO - Started process (PID=20312) to work on /Users/jbshome/Desktop/us_debt_etl_pipeline/debt_env/lib/python3.12/site-packages/airflow/example_dags/example_python_operator.py
[2024-06-18T16:34:59.236-0400] {processor.py:830} INFO - Processing file /Users/jbshome/Desktop/us_debt_etl_pipeline/debt_env/lib/python3.12/site-packages/airflow/example_dags/example_python_operator.py for tasks to queue
[2024-06-18T16:34:59.237-0400] {logging_mixin.py:188} INFO - [2024-06-18T16:34:59.237-0400] {dagbag.py:545} INFO - Filling up the DagBag from /Users/jbshome/Desktop/us_debt_etl_pipeline/debt_env/lib/python3.12/site-packages/airflow/example_dags/example_python_operator.py
[2024-06-18T16:34:59.265-0400] {logging_mixin.py:188} INFO - [2024-06-18T16:34:59.265-0400] {example_python_operator.py:93} WARNING - The virtalenv_python example task requires virtualenv, please install it.
[2024-06-18T16:34:59.270-0400] {processor.py:840} INFO - DAG(s) 'example_python_operator' retrieved from /Users/jbshome/Desktop/us_debt_etl_pipeline/debt_env/lib/python3.12/site-packages/airflow/example_dags/example_python_operator.py
[2024-06-18T16:34:59.404-0400] {logging_mixin.py:188} INFO - [2024-06-18T16:34:59.403-0400] {dag.py:3096} INFO - Sync 1 DAGs
[2024-06-18T16:34:59.416-0400] {logging_mixin.py:188} INFO - [2024-06-18T16:34:59.416-0400] {dag.py:3954} INFO - Setting next_dagrun for example_python_operator to None, run_after=None
[2024-06-18T16:34:59.441-0400] {processor.py:183} INFO - Processing /Users/jbshome/Desktop/us_debt_etl_pipeline/debt_env/lib/python3.12/site-packages/airflow/example_dags/example_python_operator.py took 0.210 seconds
[2024-06-18T16:38:19.902-0400] {processor.py:161} INFO - Started process (PID=20487) to work on /Users/jbshome/Desktop/us_debt_etl_pipeline/debt_env/lib/python3.12/site-packages/airflow/example_dags/example_python_operator.py
[2024-06-18T16:38:19.906-0400] {processor.py:830} INFO - Processing file /Users/jbshome/Desktop/us_debt_etl_pipeline/debt_env/lib/python3.12/site-packages/airflow/example_dags/example_python_operator.py for tasks to queue
[2024-06-18T16:38:19.907-0400] {logging_mixin.py:188} INFO - [2024-06-18T16:38:19.907-0400] {dagbag.py:545} INFO - Filling up the DagBag from /Users/jbshome/Desktop/us_debt_etl_pipeline/debt_env/lib/python3.12/site-packages/airflow/example_dags/example_python_operator.py
[2024-06-18T16:38:19.945-0400] {logging_mixin.py:188} INFO - [2024-06-18T16:38:19.944-0400] {example_python_operator.py:93} WARNING - The virtalenv_python example task requires virtualenv, please install it.
[2024-06-18T16:38:19.950-0400] {processor.py:840} INFO - DAG(s) 'example_python_operator' retrieved from /Users/jbshome/Desktop/us_debt_etl_pipeline/debt_env/lib/python3.12/site-packages/airflow/example_dags/example_python_operator.py
[2024-06-18T16:38:20.102-0400] {logging_mixin.py:188} INFO - [2024-06-18T16:38:20.102-0400] {dag.py:3096} INFO - Sync 1 DAGs
[2024-06-18T16:38:20.119-0400] {logging_mixin.py:188} INFO - [2024-06-18T16:38:20.119-0400] {dag.py:3954} INFO - Setting next_dagrun for example_python_operator to None, run_after=None
[2024-06-18T16:38:20.154-0400] {processor.py:183} INFO - Processing /Users/jbshome/Desktop/us_debt_etl_pipeline/debt_env/lib/python3.12/site-packages/airflow/example_dags/example_python_operator.py took 0.256 seconds
[2024-06-18T16:41:25.224-0400] {processor.py:161} INFO - Started process (PID=20818) to work on /Users/jbshome/Desktop/us_debt_etl_pipeline/debt_env/lib/python3.12/site-packages/airflow/example_dags/example_python_operator.py
[2024-06-18T16:41:25.227-0400] {processor.py:830} INFO - Processing file /Users/jbshome/Desktop/us_debt_etl_pipeline/debt_env/lib/python3.12/site-packages/airflow/example_dags/example_python_operator.py for tasks to queue
[2024-06-18T16:41:25.228-0400] {logging_mixin.py:188} INFO - [2024-06-18T16:41:25.228-0400] {dagbag.py:545} INFO - Filling up the DagBag from /Users/jbshome/Desktop/us_debt_etl_pipeline/debt_env/lib/python3.12/site-packages/airflow/example_dags/example_python_operator.py
[2024-06-18T16:41:25.264-0400] {logging_mixin.py:188} INFO - [2024-06-18T16:41:25.264-0400] {example_python_operator.py:93} WARNING - The virtalenv_python example task requires virtualenv, please install it.
[2024-06-18T16:41:25.273-0400] {processor.py:840} INFO - DAG(s) 'example_python_operator' retrieved from /Users/jbshome/Desktop/us_debt_etl_pipeline/debt_env/lib/python3.12/site-packages/airflow/example_dags/example_python_operator.py
[2024-06-18T16:41:25.438-0400] {logging_mixin.py:188} INFO - [2024-06-18T16:41:25.437-0400] {dag.py:3096} INFO - Sync 1 DAGs
[2024-06-18T16:41:25.450-0400] {logging_mixin.py:188} INFO - [2024-06-18T16:41:25.450-0400] {dag.py:3954} INFO - Setting next_dagrun for example_python_operator to None, run_after=None
[2024-06-18T16:41:25.484-0400] {processor.py:183} INFO - Processing /Users/jbshome/Desktop/us_debt_etl_pipeline/debt_env/lib/python3.12/site-packages/airflow/example_dags/example_python_operator.py took 0.263 seconds
[2024-06-18T16:44:26.676-0400] {processor.py:161} INFO - Started process (PID=21441) to work on /Users/jbshome/Desktop/us_debt_etl_pipeline/debt_env/lib/python3.12/site-packages/airflow/example_dags/example_python_operator.py
[2024-06-18T16:44:26.678-0400] {processor.py:830} INFO - Processing file /Users/jbshome/Desktop/us_debt_etl_pipeline/debt_env/lib/python3.12/site-packages/airflow/example_dags/example_python_operator.py for tasks to queue
[2024-06-18T16:44:26.679-0400] {logging_mixin.py:188} INFO - [2024-06-18T16:44:26.679-0400] {dagbag.py:545} INFO - Filling up the DagBag from /Users/jbshome/Desktop/us_debt_etl_pipeline/debt_env/lib/python3.12/site-packages/airflow/example_dags/example_python_operator.py
[2024-06-18T16:44:26.708-0400] {logging_mixin.py:188} INFO - [2024-06-18T16:44:26.708-0400] {example_python_operator.py:93} WARNING - The virtalenv_python example task requires virtualenv, please install it.
[2024-06-18T16:44:26.714-0400] {processor.py:840} INFO - DAG(s) 'example_python_operator' retrieved from /Users/jbshome/Desktop/us_debt_etl_pipeline/debt_env/lib/python3.12/site-packages/airflow/example_dags/example_python_operator.py
[2024-06-18T16:44:26.857-0400] {logging_mixin.py:188} INFO - [2024-06-18T16:44:26.855-0400] {dag.py:3096} INFO - Sync 1 DAGs
[2024-06-18T16:44:26.869-0400] {logging_mixin.py:188} INFO - [2024-06-18T16:44:26.868-0400] {dag.py:3954} INFO - Setting next_dagrun for example_python_operator to None, run_after=None
[2024-06-18T16:44:26.898-0400] {processor.py:183} INFO - Processing /Users/jbshome/Desktop/us_debt_etl_pipeline/debt_env/lib/python3.12/site-packages/airflow/example_dags/example_python_operator.py took 0.224 seconds
[2024-06-18T16:47:28.032-0400] {processor.py:161} INFO - Started process (PID=21610) to work on /Users/jbshome/Desktop/us_debt_etl_pipeline/debt_env/lib/python3.12/site-packages/airflow/example_dags/example_python_operator.py
[2024-06-18T16:47:28.034-0400] {processor.py:830} INFO - Processing file /Users/jbshome/Desktop/us_debt_etl_pipeline/debt_env/lib/python3.12/site-packages/airflow/example_dags/example_python_operator.py for tasks to queue
[2024-06-18T16:47:28.035-0400] {logging_mixin.py:188} INFO - [2024-06-18T16:47:28.035-0400] {dagbag.py:545} INFO - Filling up the DagBag from /Users/jbshome/Desktop/us_debt_etl_pipeline/debt_env/lib/python3.12/site-packages/airflow/example_dags/example_python_operator.py
[2024-06-18T16:47:28.061-0400] {logging_mixin.py:188} INFO - [2024-06-18T16:47:28.061-0400] {example_python_operator.py:93} WARNING - The virtalenv_python example task requires virtualenv, please install it.
[2024-06-18T16:47:28.065-0400] {processor.py:840} INFO - DAG(s) 'example_python_operator' retrieved from /Users/jbshome/Desktop/us_debt_etl_pipeline/debt_env/lib/python3.12/site-packages/airflow/example_dags/example_python_operator.py
[2024-06-18T16:47:28.194-0400] {logging_mixin.py:188} INFO - [2024-06-18T16:47:28.193-0400] {dag.py:3096} INFO - Sync 1 DAGs
[2024-06-18T16:47:28.204-0400] {logging_mixin.py:188} INFO - [2024-06-18T16:47:28.204-0400] {dag.py:3954} INFO - Setting next_dagrun for example_python_operator to None, run_after=None
[2024-06-18T16:47:28.225-0400] {processor.py:183} INFO - Processing /Users/jbshome/Desktop/us_debt_etl_pipeline/debt_env/lib/python3.12/site-packages/airflow/example_dags/example_python_operator.py took 0.196 seconds
[2024-06-18T16:50:35.750-0400] {processor.py:161} INFO - Started process (PID=21787) to work on /Users/jbshome/Desktop/us_debt_etl_pipeline/debt_env/lib/python3.12/site-packages/airflow/example_dags/example_python_operator.py
[2024-06-18T16:50:35.752-0400] {processor.py:830} INFO - Processing file /Users/jbshome/Desktop/us_debt_etl_pipeline/debt_env/lib/python3.12/site-packages/airflow/example_dags/example_python_operator.py for tasks to queue
[2024-06-18T16:50:35.753-0400] {logging_mixin.py:188} INFO - [2024-06-18T16:50:35.753-0400] {dagbag.py:545} INFO - Filling up the DagBag from /Users/jbshome/Desktop/us_debt_etl_pipeline/debt_env/lib/python3.12/site-packages/airflow/example_dags/example_python_operator.py
[2024-06-18T16:50:35.786-0400] {logging_mixin.py:188} INFO - [2024-06-18T16:50:35.786-0400] {example_python_operator.py:93} WARNING - The virtalenv_python example task requires virtualenv, please install it.
[2024-06-18T16:50:35.790-0400] {processor.py:840} INFO - DAG(s) 'example_python_operator' retrieved from /Users/jbshome/Desktop/us_debt_etl_pipeline/debt_env/lib/python3.12/site-packages/airflow/example_dags/example_python_operator.py
[2024-06-18T16:50:35.911-0400] {logging_mixin.py:188} INFO - [2024-06-18T16:50:35.911-0400] {dag.py:3096} INFO - Sync 1 DAGs
[2024-06-18T16:50:35.923-0400] {logging_mixin.py:188} INFO - [2024-06-18T16:50:35.923-0400] {dag.py:3954} INFO - Setting next_dagrun for example_python_operator to None, run_after=None
[2024-06-18T16:50:35.946-0400] {processor.py:183} INFO - Processing /Users/jbshome/Desktop/us_debt_etl_pipeline/debt_env/lib/python3.12/site-packages/airflow/example_dags/example_python_operator.py took 0.201 seconds
[2024-06-18T16:53:42.044-0400] {processor.py:161} INFO - Started process (PID=21941) to work on /Users/jbshome/Desktop/us_debt_etl_pipeline/debt_env/lib/python3.12/site-packages/airflow/example_dags/example_python_operator.py
[2024-06-18T16:53:42.046-0400] {processor.py:830} INFO - Processing file /Users/jbshome/Desktop/us_debt_etl_pipeline/debt_env/lib/python3.12/site-packages/airflow/example_dags/example_python_operator.py for tasks to queue
[2024-06-18T16:53:42.047-0400] {logging_mixin.py:188} INFO - [2024-06-18T16:53:42.046-0400] {dagbag.py:545} INFO - Filling up the DagBag from /Users/jbshome/Desktop/us_debt_etl_pipeline/debt_env/lib/python3.12/site-packages/airflow/example_dags/example_python_operator.py
[2024-06-18T16:53:42.070-0400] {logging_mixin.py:188} INFO - [2024-06-18T16:53:42.070-0400] {example_python_operator.py:93} WARNING - The virtalenv_python example task requires virtualenv, please install it.
[2024-06-18T16:53:42.074-0400] {processor.py:840} INFO - DAG(s) 'example_python_operator' retrieved from /Users/jbshome/Desktop/us_debt_etl_pipeline/debt_env/lib/python3.12/site-packages/airflow/example_dags/example_python_operator.py
[2024-06-18T16:53:42.223-0400] {logging_mixin.py:188} INFO - [2024-06-18T16:53:42.223-0400] {dag.py:3096} INFO - Sync 1 DAGs
[2024-06-18T16:53:42.240-0400] {logging_mixin.py:188} INFO - [2024-06-18T16:53:42.240-0400] {dag.py:3954} INFO - Setting next_dagrun for example_python_operator to None, run_after=None
[2024-06-18T16:53:42.263-0400] {processor.py:183} INFO - Processing /Users/jbshome/Desktop/us_debt_etl_pipeline/debt_env/lib/python3.12/site-packages/airflow/example_dags/example_python_operator.py took 0.221 seconds
[2024-06-18T16:56:49.564-0400] {processor.py:161} INFO - Started process (PID=22090) to work on /Users/jbshome/Desktop/us_debt_etl_pipeline/debt_env/lib/python3.12/site-packages/airflow/example_dags/example_python_operator.py
[2024-06-18T16:56:49.565-0400] {processor.py:830} INFO - Processing file /Users/jbshome/Desktop/us_debt_etl_pipeline/debt_env/lib/python3.12/site-packages/airflow/example_dags/example_python_operator.py for tasks to queue
[2024-06-18T16:56:49.566-0400] {logging_mixin.py:188} INFO - [2024-06-18T16:56:49.566-0400] {dagbag.py:545} INFO - Filling up the DagBag from /Users/jbshome/Desktop/us_debt_etl_pipeline/debt_env/lib/python3.12/site-packages/airflow/example_dags/example_python_operator.py
[2024-06-18T16:56:49.601-0400] {logging_mixin.py:188} INFO - [2024-06-18T16:56:49.601-0400] {example_python_operator.py:93} WARNING - The virtalenv_python example task requires virtualenv, please install it.
[2024-06-18T16:56:49.607-0400] {processor.py:840} INFO - DAG(s) 'example_python_operator' retrieved from /Users/jbshome/Desktop/us_debt_etl_pipeline/debt_env/lib/python3.12/site-packages/airflow/example_dags/example_python_operator.py
[2024-06-18T16:56:49.777-0400] {logging_mixin.py:188} INFO - [2024-06-18T16:56:49.777-0400] {dag.py:3096} INFO - Sync 1 DAGs
[2024-06-18T16:56:49.793-0400] {logging_mixin.py:188} INFO - [2024-06-18T16:56:49.793-0400] {dag.py:3954} INFO - Setting next_dagrun for example_python_operator to None, run_after=None
[2024-06-18T16:56:49.827-0400] {processor.py:183} INFO - Processing /Users/jbshome/Desktop/us_debt_etl_pipeline/debt_env/lib/python3.12/site-packages/airflow/example_dags/example_python_operator.py took 0.267 seconds
[2024-06-18T17:00:06.726-0400] {processor.py:161} INFO - Started process (PID=22606) to work on /Users/jbshome/Desktop/us_debt_etl_pipeline/debt_env/lib/python3.12/site-packages/airflow/example_dags/example_python_operator.py
[2024-06-18T17:00:06.729-0400] {processor.py:830} INFO - Processing file /Users/jbshome/Desktop/us_debt_etl_pipeline/debt_env/lib/python3.12/site-packages/airflow/example_dags/example_python_operator.py for tasks to queue
[2024-06-18T17:00:06.731-0400] {logging_mixin.py:188} INFO - [2024-06-18T17:00:06.731-0400] {dagbag.py:545} INFO - Filling up the DagBag from /Users/jbshome/Desktop/us_debt_etl_pipeline/debt_env/lib/python3.12/site-packages/airflow/example_dags/example_python_operator.py
[2024-06-18T17:00:06.793-0400] {logging_mixin.py:188} INFO - [2024-06-18T17:00:06.792-0400] {example_python_operator.py:93} WARNING - The virtalenv_python example task requires virtualenv, please install it.
[2024-06-18T17:00:06.806-0400] {processor.py:840} INFO - DAG(s) 'example_python_operator' retrieved from /Users/jbshome/Desktop/us_debt_etl_pipeline/debt_env/lib/python3.12/site-packages/airflow/example_dags/example_python_operator.py
[2024-06-18T17:00:07.157-0400] {logging_mixin.py:188} INFO - [2024-06-18T17:00:07.156-0400] {dag.py:3096} INFO - Sync 1 DAGs
[2024-06-18T17:00:07.191-0400] {logging_mixin.py:188} INFO - [2024-06-18T17:00:07.190-0400] {dag.py:3954} INFO - Setting next_dagrun for example_python_operator to None, run_after=None
[2024-06-18T17:00:07.262-0400] {processor.py:183} INFO - Processing /Users/jbshome/Desktop/us_debt_etl_pipeline/debt_env/lib/python3.12/site-packages/airflow/example_dags/example_python_operator.py took 0.542 seconds
[2024-06-18T17:04:12.360-0400] {processor.py:161} INFO - Started process (PID=22853) to work on /Users/jbshome/Desktop/us_debt_etl_pipeline/debt_env/lib/python3.12/site-packages/airflow/example_dags/example_python_operator.py
[2024-06-18T17:04:12.361-0400] {processor.py:830} INFO - Processing file /Users/jbshome/Desktop/us_debt_etl_pipeline/debt_env/lib/python3.12/site-packages/airflow/example_dags/example_python_operator.py for tasks to queue
[2024-06-18T17:04:12.362-0400] {logging_mixin.py:188} INFO - [2024-06-18T17:04:12.362-0400] {dagbag.py:545} INFO - Filling up the DagBag from /Users/jbshome/Desktop/us_debt_etl_pipeline/debt_env/lib/python3.12/site-packages/airflow/example_dags/example_python_operator.py
[2024-06-18T17:04:12.396-0400] {logging_mixin.py:188} INFO - [2024-06-18T17:04:12.395-0400] {example_python_operator.py:93} WARNING - The virtalenv_python example task requires virtualenv, please install it.
[2024-06-18T17:04:12.402-0400] {processor.py:840} INFO - DAG(s) 'example_python_operator' retrieved from /Users/jbshome/Desktop/us_debt_etl_pipeline/debt_env/lib/python3.12/site-packages/airflow/example_dags/example_python_operator.py
[2024-06-18T17:04:12.574-0400] {logging_mixin.py:188} INFO - [2024-06-18T17:04:12.570-0400] {dag.py:3096} INFO - Sync 1 DAGs
[2024-06-18T17:04:12.593-0400] {logging_mixin.py:188} INFO - [2024-06-18T17:04:12.593-0400] {dag.py:3954} INFO - Setting next_dagrun for example_python_operator to None, run_after=None
[2024-06-18T17:04:12.624-0400] {processor.py:183} INFO - Processing /Users/jbshome/Desktop/us_debt_etl_pipeline/debt_env/lib/python3.12/site-packages/airflow/example_dags/example_python_operator.py took 0.270 seconds
[2024-06-18T17:07:47.653-0400] {processor.py:161} INFO - Started process (PID=23528) to work on /Users/jbshome/Desktop/us_debt_etl_pipeline/debt_env/lib/python3.12/site-packages/airflow/example_dags/example_python_operator.py
[2024-06-18T17:07:47.655-0400] {processor.py:830} INFO - Processing file /Users/jbshome/Desktop/us_debt_etl_pipeline/debt_env/lib/python3.12/site-packages/airflow/example_dags/example_python_operator.py for tasks to queue
[2024-06-18T17:07:47.656-0400] {logging_mixin.py:188} INFO - [2024-06-18T17:07:47.656-0400] {dagbag.py:545} INFO - Filling up the DagBag from /Users/jbshome/Desktop/us_debt_etl_pipeline/debt_env/lib/python3.12/site-packages/airflow/example_dags/example_python_operator.py
[2024-06-18T17:07:47.686-0400] {logging_mixin.py:188} INFO - [2024-06-18T17:07:47.686-0400] {example_python_operator.py:93} WARNING - The virtalenv_python example task requires virtualenv, please install it.
[2024-06-18T17:07:47.692-0400] {processor.py:840} INFO - DAG(s) 'example_python_operator' retrieved from /Users/jbshome/Desktop/us_debt_etl_pipeline/debt_env/lib/python3.12/site-packages/airflow/example_dags/example_python_operator.py
[2024-06-18T17:07:47.851-0400] {logging_mixin.py:188} INFO - [2024-06-18T17:07:47.851-0400] {dag.py:3096} INFO - Sync 1 DAGs
[2024-06-18T17:07:47.868-0400] {logging_mixin.py:188} INFO - [2024-06-18T17:07:47.868-0400] {dag.py:3954} INFO - Setting next_dagrun for example_python_operator to None, run_after=None
[2024-06-18T17:07:47.898-0400] {processor.py:183} INFO - Processing /Users/jbshome/Desktop/us_debt_etl_pipeline/debt_env/lib/python3.12/site-packages/airflow/example_dags/example_python_operator.py took 0.250 seconds
[2024-06-18T17:11:55.850-0400] {processor.py:161} INFO - Started process (PID=23921) to work on /Users/jbshome/Desktop/us_debt_etl_pipeline/debt_env/lib/python3.12/site-packages/airflow/example_dags/example_python_operator.py
[2024-06-18T17:11:55.852-0400] {processor.py:830} INFO - Processing file /Users/jbshome/Desktop/us_debt_etl_pipeline/debt_env/lib/python3.12/site-packages/airflow/example_dags/example_python_operator.py for tasks to queue
[2024-06-18T17:11:55.854-0400] {logging_mixin.py:188} INFO - [2024-06-18T17:11:55.853-0400] {dagbag.py:545} INFO - Filling up the DagBag from /Users/jbshome/Desktop/us_debt_etl_pipeline/debt_env/lib/python3.12/site-packages/airflow/example_dags/example_python_operator.py
[2024-06-18T17:11:55.890-0400] {logging_mixin.py:188} INFO - [2024-06-18T17:11:55.890-0400] {example_python_operator.py:93} WARNING - The virtalenv_python example task requires virtualenv, please install it.
[2024-06-18T17:11:55.896-0400] {processor.py:840} INFO - DAG(s) 'example_python_operator' retrieved from /Users/jbshome/Desktop/us_debt_etl_pipeline/debt_env/lib/python3.12/site-packages/airflow/example_dags/example_python_operator.py
[2024-06-18T17:11:56.059-0400] {logging_mixin.py:188} INFO - [2024-06-18T17:11:56.058-0400] {dag.py:3096} INFO - Sync 1 DAGs
[2024-06-18T17:11:56.072-0400] {logging_mixin.py:188} INFO - [2024-06-18T17:11:56.071-0400] {dag.py:3954} INFO - Setting next_dagrun for example_python_operator to None, run_after=None
[2024-06-18T17:11:56.103-0400] {processor.py:183} INFO - Processing /Users/jbshome/Desktop/us_debt_etl_pipeline/debt_env/lib/python3.12/site-packages/airflow/example_dags/example_python_operator.py took 0.258 seconds
[2024-06-18T17:17:26.355-0400] {processor.py:161} INFO - Started process (PID=24262) to work on /Users/jbshome/Desktop/us_debt_etl_pipeline/debt_env/lib/python3.12/site-packages/airflow/example_dags/example_python_operator.py
[2024-06-18T17:17:26.358-0400] {processor.py:830} INFO - Processing file /Users/jbshome/Desktop/us_debt_etl_pipeline/debt_env/lib/python3.12/site-packages/airflow/example_dags/example_python_operator.py for tasks to queue
[2024-06-18T17:17:26.360-0400] {logging_mixin.py:188} INFO - [2024-06-18T17:17:26.360-0400] {dagbag.py:545} INFO - Filling up the DagBag from /Users/jbshome/Desktop/us_debt_etl_pipeline/debt_env/lib/python3.12/site-packages/airflow/example_dags/example_python_operator.py
[2024-06-18T17:17:26.420-0400] {logging_mixin.py:188} INFO - [2024-06-18T17:17:26.419-0400] {example_python_operator.py:93} WARNING - The virtalenv_python example task requires virtualenv, please install it.
[2024-06-18T17:17:26.428-0400] {processor.py:840} INFO - DAG(s) 'example_python_operator' retrieved from /Users/jbshome/Desktop/us_debt_etl_pipeline/debt_env/lib/python3.12/site-packages/airflow/example_dags/example_python_operator.py
[2024-06-18T17:17:26.659-0400] {logging_mixin.py:188} INFO - [2024-06-18T17:17:26.658-0400] {dag.py:3096} INFO - Sync 1 DAGs
[2024-06-18T17:17:26.679-0400] {logging_mixin.py:188} INFO - [2024-06-18T17:17:26.679-0400] {dag.py:3954} INFO - Setting next_dagrun for example_python_operator to None, run_after=None
[2024-06-18T17:17:26.718-0400] {processor.py:183} INFO - Processing /Users/jbshome/Desktop/us_debt_etl_pipeline/debt_env/lib/python3.12/site-packages/airflow/example_dags/example_python_operator.py took 0.368 seconds
[2024-06-18T17:21:55.768-0400] {processor.py:161} INFO - Started process (PID=24594) to work on /Users/jbshome/Desktop/us_debt_etl_pipeline/debt_env/lib/python3.12/site-packages/airflow/example_dags/example_python_operator.py
[2024-06-18T17:21:55.770-0400] {processor.py:830} INFO - Processing file /Users/jbshome/Desktop/us_debt_etl_pipeline/debt_env/lib/python3.12/site-packages/airflow/example_dags/example_python_operator.py for tasks to queue
[2024-06-18T17:21:55.772-0400] {logging_mixin.py:188} INFO - [2024-06-18T17:21:55.771-0400] {dagbag.py:545} INFO - Filling up the DagBag from /Users/jbshome/Desktop/us_debt_etl_pipeline/debt_env/lib/python3.12/site-packages/airflow/example_dags/example_python_operator.py
[2024-06-18T17:21:55.958-0400] {logging_mixin.py:188} INFO - [2024-06-18T17:21:55.958-0400] {example_python_operator.py:93} WARNING - The virtalenv_python example task requires virtualenv, please install it.
[2024-06-18T17:21:55.964-0400] {processor.py:840} INFO - DAG(s) 'example_python_operator' retrieved from /Users/jbshome/Desktop/us_debt_etl_pipeline/debt_env/lib/python3.12/site-packages/airflow/example_dags/example_python_operator.py
[2024-06-18T17:21:56.349-0400] {logging_mixin.py:188} INFO - [2024-06-18T17:21:56.348-0400] {dag.py:3096} INFO - Sync 1 DAGs
[2024-06-18T17:21:56.382-0400] {logging_mixin.py:188} INFO - [2024-06-18T17:21:56.382-0400] {dag.py:3954} INFO - Setting next_dagrun for example_python_operator to None, run_after=None
[2024-06-18T17:21:56.548-0400] {processor.py:183} INFO - Processing /Users/jbshome/Desktop/us_debt_etl_pipeline/debt_env/lib/python3.12/site-packages/airflow/example_dags/example_python_operator.py took 0.785 seconds
[2024-06-18T17:26:14.029-0400] {processor.py:161} INFO - Started process (PID=24884) to work on /Users/jbshome/Desktop/us_debt_etl_pipeline/debt_env/lib/python3.12/site-packages/airflow/example_dags/example_python_operator.py
[2024-06-18T17:26:14.031-0400] {processor.py:830} INFO - Processing file /Users/jbshome/Desktop/us_debt_etl_pipeline/debt_env/lib/python3.12/site-packages/airflow/example_dags/example_python_operator.py for tasks to queue
[2024-06-18T17:26:14.032-0400] {logging_mixin.py:188} INFO - [2024-06-18T17:26:14.032-0400] {dagbag.py:545} INFO - Filling up the DagBag from /Users/jbshome/Desktop/us_debt_etl_pipeline/debt_env/lib/python3.12/site-packages/airflow/example_dags/example_python_operator.py
[2024-06-18T17:26:14.071-0400] {logging_mixin.py:188} INFO - [2024-06-18T17:26:14.071-0400] {example_python_operator.py:93} WARNING - The virtalenv_python example task requires virtualenv, please install it.
[2024-06-18T17:26:14.078-0400] {processor.py:840} INFO - DAG(s) 'example_python_operator' retrieved from /Users/jbshome/Desktop/us_debt_etl_pipeline/debt_env/lib/python3.12/site-packages/airflow/example_dags/example_python_operator.py
[2024-06-18T17:26:14.282-0400] {logging_mixin.py:188} INFO - [2024-06-18T17:26:14.281-0400] {dag.py:3096} INFO - Sync 1 DAGs
[2024-06-18T17:26:14.301-0400] {logging_mixin.py:188} INFO - [2024-06-18T17:26:14.301-0400] {dag.py:3954} INFO - Setting next_dagrun for example_python_operator to None, run_after=None
[2024-06-18T17:26:14.337-0400] {processor.py:183} INFO - Processing /Users/jbshome/Desktop/us_debt_etl_pipeline/debt_env/lib/python3.12/site-packages/airflow/example_dags/example_python_operator.py took 0.313 seconds
[2024-06-18T17:30:49.993-0400] {processor.py:161} INFO - Started process (PID=25207) to work on /Users/jbshome/Desktop/us_debt_etl_pipeline/debt_env/lib/python3.12/site-packages/airflow/example_dags/example_python_operator.py
[2024-06-18T17:30:49.995-0400] {processor.py:830} INFO - Processing file /Users/jbshome/Desktop/us_debt_etl_pipeline/debt_env/lib/python3.12/site-packages/airflow/example_dags/example_python_operator.py for tasks to queue
[2024-06-18T17:30:50.014-0400] {logging_mixin.py:188} INFO - [2024-06-18T17:30:50.014-0400] {dagbag.py:545} INFO - Filling up the DagBag from /Users/jbshome/Desktop/us_debt_etl_pipeline/debt_env/lib/python3.12/site-packages/airflow/example_dags/example_python_operator.py
[2024-06-18T17:30:50.261-0400] {logging_mixin.py:188} INFO - [2024-06-18T17:30:50.260-0400] {example_python_operator.py:93} WARNING - The virtalenv_python example task requires virtualenv, please install it.
[2024-06-18T17:30:50.269-0400] {processor.py:840} INFO - DAG(s) 'example_python_operator' retrieved from /Users/jbshome/Desktop/us_debt_etl_pipeline/debt_env/lib/python3.12/site-packages/airflow/example_dags/example_python_operator.py
[2024-06-18T17:30:50.529-0400] {logging_mixin.py:188} INFO - [2024-06-18T17:30:50.529-0400] {dag.py:3096} INFO - Sync 1 DAGs
[2024-06-18T17:30:50.547-0400] {logging_mixin.py:188} INFO - [2024-06-18T17:30:50.546-0400] {dag.py:3954} INFO - Setting next_dagrun for example_python_operator to None, run_after=None
[2024-06-18T17:30:50.582-0400] {processor.py:183} INFO - Processing /Users/jbshome/Desktop/us_debt_etl_pipeline/debt_env/lib/python3.12/site-packages/airflow/example_dags/example_python_operator.py took 0.596 seconds
[2024-06-18T17:36:15.464-0400] {processor.py:161} INFO - Started process (PID=25751) to work on /Users/jbshome/Desktop/us_debt_etl_pipeline/debt_env/lib/python3.12/site-packages/airflow/example_dags/example_python_operator.py
[2024-06-18T17:36:15.466-0400] {processor.py:830} INFO - Processing file /Users/jbshome/Desktop/us_debt_etl_pipeline/debt_env/lib/python3.12/site-packages/airflow/example_dags/example_python_operator.py for tasks to queue
[2024-06-18T17:36:15.467-0400] {logging_mixin.py:188} INFO - [2024-06-18T17:36:15.467-0400] {dagbag.py:545} INFO - Filling up the DagBag from /Users/jbshome/Desktop/us_debt_etl_pipeline/debt_env/lib/python3.12/site-packages/airflow/example_dags/example_python_operator.py
[2024-06-18T17:36:15.532-0400] {logging_mixin.py:188} INFO - [2024-06-18T17:36:15.532-0400] {example_python_operator.py:93} WARNING - The virtalenv_python example task requires virtualenv, please install it.
[2024-06-18T17:36:15.539-0400] {processor.py:840} INFO - DAG(s) 'example_python_operator' retrieved from /Users/jbshome/Desktop/us_debt_etl_pipeline/debt_env/lib/python3.12/site-packages/airflow/example_dags/example_python_operator.py
[2024-06-18T17:36:15.805-0400] {logging_mixin.py:188} INFO - [2024-06-18T17:36:15.805-0400] {dag.py:3096} INFO - Sync 1 DAGs
[2024-06-18T17:36:15.833-0400] {logging_mixin.py:188} INFO - [2024-06-18T17:36:15.833-0400] {dag.py:3954} INFO - Setting next_dagrun for example_python_operator to None, run_after=None
[2024-06-18T17:36:15.925-0400] {processor.py:183} INFO - Processing /Users/jbshome/Desktop/us_debt_etl_pipeline/debt_env/lib/python3.12/site-packages/airflow/example_dags/example_python_operator.py took 0.466 seconds
[2024-06-18T17:44:20.834-0400] {processor.py:161} INFO - Started process (PID=26570) to work on /Users/jbshome/Desktop/us_debt_etl_pipeline/debt_env/lib/python3.12/site-packages/airflow/example_dags/example_python_operator.py
[2024-06-18T17:44:20.836-0400] {processor.py:830} INFO - Processing file /Users/jbshome/Desktop/us_debt_etl_pipeline/debt_env/lib/python3.12/site-packages/airflow/example_dags/example_python_operator.py for tasks to queue
[2024-06-18T17:44:20.838-0400] {logging_mixin.py:188} INFO - [2024-06-18T17:44:20.838-0400] {dagbag.py:545} INFO - Filling up the DagBag from /Users/jbshome/Desktop/us_debt_etl_pipeline/debt_env/lib/python3.12/site-packages/airflow/example_dags/example_python_operator.py
[2024-06-18T17:44:21.159-0400] {logging_mixin.py:188} INFO - [2024-06-18T17:44:21.157-0400] {example_python_operator.py:93} WARNING - The virtalenv_python example task requires virtualenv, please install it.
[2024-06-18T17:44:21.230-0400] {processor.py:840} INFO - DAG(s) 'example_python_operator' retrieved from /Users/jbshome/Desktop/us_debt_etl_pipeline/debt_env/lib/python3.12/site-packages/airflow/example_dags/example_python_operator.py
[2024-06-18T17:44:22.033-0400] {logging_mixin.py:188} INFO - [2024-06-18T17:44:22.032-0400] {dag.py:3096} INFO - Sync 1 DAGs
[2024-06-18T17:44:22.127-0400] {logging_mixin.py:188} INFO - [2024-06-18T17:44:22.103-0400] {dag.py:3954} INFO - Setting next_dagrun for example_python_operator to None, run_after=None
[2024-06-18T17:44:22.379-0400] {processor.py:183} INFO - Processing /Users/jbshome/Desktop/us_debt_etl_pipeline/debt_env/lib/python3.12/site-packages/airflow/example_dags/example_python_operator.py took 1.551 seconds
[2024-06-18T17:48:47.016-0400] {processor.py:161} INFO - Started process (PID=27708) to work on /Users/jbshome/Desktop/us_debt_etl_pipeline/debt_env/lib/python3.12/site-packages/airflow/example_dags/example_python_operator.py
[2024-06-18T17:48:47.017-0400] {processor.py:830} INFO - Processing file /Users/jbshome/Desktop/us_debt_etl_pipeline/debt_env/lib/python3.12/site-packages/airflow/example_dags/example_python_operator.py for tasks to queue
[2024-06-18T17:48:47.019-0400] {logging_mixin.py:188} INFO - [2024-06-18T17:48:47.018-0400] {dagbag.py:545} INFO - Filling up the DagBag from /Users/jbshome/Desktop/us_debt_etl_pipeline/debt_env/lib/python3.12/site-packages/airflow/example_dags/example_python_operator.py
[2024-06-18T17:48:47.062-0400] {logging_mixin.py:188} INFO - [2024-06-18T17:48:47.061-0400] {example_python_operator.py:93} WARNING - The virtalenv_python example task requires virtualenv, please install it.
[2024-06-18T17:48:47.068-0400] {processor.py:840} INFO - DAG(s) 'example_python_operator' retrieved from /Users/jbshome/Desktop/us_debt_etl_pipeline/debt_env/lib/python3.12/site-packages/airflow/example_dags/example_python_operator.py
[2024-06-18T17:48:47.261-0400] {logging_mixin.py:188} INFO - [2024-06-18T17:48:47.261-0400] {dag.py:3096} INFO - Sync 1 DAGs
[2024-06-18T17:48:47.274-0400] {logging_mixin.py:188} INFO - [2024-06-18T17:48:47.274-0400] {dag.py:3954} INFO - Setting next_dagrun for example_python_operator to None, run_after=None
[2024-06-18T17:48:47.320-0400] {processor.py:183} INFO - Processing /Users/jbshome/Desktop/us_debt_etl_pipeline/debt_env/lib/python3.12/site-packages/airflow/example_dags/example_python_operator.py took 0.308 seconds
