[2024-06-18T16:32:10.001-0400] {processor.py:161} INFO - Started process (PID=20162) to work on /Users/jbshome/Desktop/us_debt_etl_pipeline/debt_env/lib/python3.12/site-packages/airflow/example_dags/example_dynamic_task_mapping.py
[2024-06-18T16:32:10.002-0400] {processor.py:830} INFO - Processing file /Users/jbshome/Desktop/us_debt_etl_pipeline/debt_env/lib/python3.12/site-packages/airflow/example_dags/example_dynamic_task_mapping.py for tasks to queue
[2024-06-18T16:32:10.003-0400] {logging_mixin.py:188} INFO - [2024-06-18T16:32:10.002-0400] {dagbag.py:545} INFO - Filling up the DagBag from /Users/jbshome/Desktop/us_debt_etl_pipeline/debt_env/lib/python3.12/site-packages/airflow/example_dags/example_dynamic_task_mapping.py
[2024-06-18T16:32:10.046-0400] {processor.py:840} INFO - DAG(s) 'example_dynamic_task_mapping' retrieved from /Users/jbshome/Desktop/us_debt_etl_pipeline/debt_env/lib/python3.12/site-packages/airflow/example_dags/example_dynamic_task_mapping.py
[2024-06-18T16:32:10.302-0400] {logging_mixin.py:188} INFO - [2024-06-18T16:32:10.301-0400] {override.py:1829} INFO - Created Permission View: can read on DAG:example_dynamic_task_mapping
[2024-06-18T16:32:10.379-0400] {logging_mixin.py:188} INFO - [2024-06-18T16:32:10.379-0400] {override.py:1829} INFO - Created Permission View: can edit on DAG:example_dynamic_task_mapping
[2024-06-18T16:32:10.388-0400] {logging_mixin.py:188} INFO - [2024-06-18T16:32:10.388-0400] {override.py:1829} INFO - Created Permission View: can delete on DAG:example_dynamic_task_mapping
[2024-06-18T16:32:10.389-0400] {logging_mixin.py:188} INFO - [2024-06-18T16:32:10.388-0400] {dag.py:3096} INFO - Sync 1 DAGs
[2024-06-18T16:32:10.400-0400] {logging_mixin.py:188} INFO - [2024-06-18T16:32:10.400-0400] {dag.py:3118} INFO - Creating ORM DAG for example_dynamic_task_mapping
[2024-06-18T16:32:10.411-0400] {logging_mixin.py:188} INFO - [2024-06-18T16:32:10.411-0400] {dag.py:3954} INFO - Setting next_dagrun for example_dynamic_task_mapping to 2022-03-04 00:00:00+00:00, run_after=2022-03-05 00:00:00+00:00
[2024-06-18T16:32:10.434-0400] {processor.py:183} INFO - Processing /Users/jbshome/Desktop/us_debt_etl_pipeline/debt_env/lib/python3.12/site-packages/airflow/example_dags/example_dynamic_task_mapping.py took 0.436 seconds
[2024-06-18T16:35:51.264-0400] {processor.py:161} INFO - Started process (PID=20371) to work on /Users/jbshome/Desktop/us_debt_etl_pipeline/debt_env/lib/python3.12/site-packages/airflow/example_dags/example_dynamic_task_mapping.py
[2024-06-18T16:35:51.266-0400] {processor.py:830} INFO - Processing file /Users/jbshome/Desktop/us_debt_etl_pipeline/debt_env/lib/python3.12/site-packages/airflow/example_dags/example_dynamic_task_mapping.py for tasks to queue
[2024-06-18T16:35:51.267-0400] {logging_mixin.py:188} INFO - [2024-06-18T16:35:51.267-0400] {dagbag.py:545} INFO - Filling up the DagBag from /Users/jbshome/Desktop/us_debt_etl_pipeline/debt_env/lib/python3.12/site-packages/airflow/example_dags/example_dynamic_task_mapping.py
[2024-06-18T16:35:51.330-0400] {processor.py:840} INFO - DAG(s) 'example_dynamic_task_mapping' retrieved from /Users/jbshome/Desktop/us_debt_etl_pipeline/debt_env/lib/python3.12/site-packages/airflow/example_dags/example_dynamic_task_mapping.py
[2024-06-18T16:35:51.467-0400] {logging_mixin.py:188} INFO - [2024-06-18T16:35:51.466-0400] {dag.py:3096} INFO - Sync 1 DAGs
[2024-06-18T16:35:51.491-0400] {logging_mixin.py:188} INFO - [2024-06-18T16:35:51.490-0400] {dag.py:3954} INFO - Setting next_dagrun for example_dynamic_task_mapping to 2022-03-04 00:00:00+00:00, run_after=2022-03-05 00:00:00+00:00
[2024-06-18T16:35:51.520-0400] {processor.py:183} INFO - Processing /Users/jbshome/Desktop/us_debt_etl_pipeline/debt_env/lib/python3.12/site-packages/airflow/example_dags/example_dynamic_task_mapping.py took 0.258 seconds
[2024-06-18T16:42:09.020-0400] {processor.py:161} INFO - Started process (PID=20870) to work on /Users/jbshome/Desktop/us_debt_etl_pipeline/debt_env/lib/python3.12/site-packages/airflow/example_dags/example_dynamic_task_mapping.py
[2024-06-18T16:42:09.021-0400] {processor.py:830} INFO - Processing file /Users/jbshome/Desktop/us_debt_etl_pipeline/debt_env/lib/python3.12/site-packages/airflow/example_dags/example_dynamic_task_mapping.py for tasks to queue
[2024-06-18T16:42:09.022-0400] {logging_mixin.py:188} INFO - [2024-06-18T16:42:09.022-0400] {dagbag.py:545} INFO - Filling up the DagBag from /Users/jbshome/Desktop/us_debt_etl_pipeline/debt_env/lib/python3.12/site-packages/airflow/example_dags/example_dynamic_task_mapping.py
[2024-06-18T16:42:09.062-0400] {processor.py:840} INFO - DAG(s) 'example_dynamic_task_mapping' retrieved from /Users/jbshome/Desktop/us_debt_etl_pipeline/debt_env/lib/python3.12/site-packages/airflow/example_dags/example_dynamic_task_mapping.py
[2024-06-18T16:42:09.164-0400] {logging_mixin.py:188} INFO - [2024-06-18T16:42:09.163-0400] {dag.py:3096} INFO - Sync 1 DAGs
[2024-06-18T16:42:09.182-0400] {logging_mixin.py:188} INFO - [2024-06-18T16:42:09.182-0400] {dag.py:3954} INFO - Setting next_dagrun for example_dynamic_task_mapping to 2022-03-04 00:00:00+00:00, run_after=2022-03-05 00:00:00+00:00
[2024-06-18T16:42:09.201-0400] {processor.py:183} INFO - Processing /Users/jbshome/Desktop/us_debt_etl_pipeline/debt_env/lib/python3.12/site-packages/airflow/example_dags/example_dynamic_task_mapping.py took 0.184 seconds
[2024-06-18T16:48:12.747-0400] {processor.py:161} INFO - Started process (PID=21642) to work on /Users/jbshome/Desktop/us_debt_etl_pipeline/debt_env/lib/python3.12/site-packages/airflow/example_dags/example_dynamic_task_mapping.py
[2024-06-18T16:48:12.749-0400] {processor.py:830} INFO - Processing file /Users/jbshome/Desktop/us_debt_etl_pipeline/debt_env/lib/python3.12/site-packages/airflow/example_dags/example_dynamic_task_mapping.py for tasks to queue
[2024-06-18T16:48:12.750-0400] {logging_mixin.py:188} INFO - [2024-06-18T16:48:12.750-0400] {dagbag.py:545} INFO - Filling up the DagBag from /Users/jbshome/Desktop/us_debt_etl_pipeline/debt_env/lib/python3.12/site-packages/airflow/example_dags/example_dynamic_task_mapping.py
[2024-06-18T16:48:12.810-0400] {processor.py:840} INFO - DAG(s) 'example_dynamic_task_mapping' retrieved from /Users/jbshome/Desktop/us_debt_etl_pipeline/debt_env/lib/python3.12/site-packages/airflow/example_dags/example_dynamic_task_mapping.py
[2024-06-18T16:48:12.994-0400] {logging_mixin.py:188} INFO - [2024-06-18T16:48:12.993-0400] {dag.py:3096} INFO - Sync 1 DAGs
[2024-06-18T16:48:13.023-0400] {logging_mixin.py:188} INFO - [2024-06-18T16:48:13.022-0400] {dag.py:3954} INFO - Setting next_dagrun for example_dynamic_task_mapping to 2022-03-04 00:00:00+00:00, run_after=2022-03-05 00:00:00+00:00
[2024-06-18T16:48:13.056-0400] {processor.py:183} INFO - Processing /Users/jbshome/Desktop/us_debt_etl_pipeline/debt_env/lib/python3.12/site-packages/airflow/example_dags/example_dynamic_task_mapping.py took 0.312 seconds
[2024-06-18T16:54:23.698-0400] {processor.py:161} INFO - Started process (PID=21978) to work on /Users/jbshome/Desktop/us_debt_etl_pipeline/debt_env/lib/python3.12/site-packages/airflow/example_dags/example_dynamic_task_mapping.py
[2024-06-18T16:54:23.700-0400] {processor.py:830} INFO - Processing file /Users/jbshome/Desktop/us_debt_etl_pipeline/debt_env/lib/python3.12/site-packages/airflow/example_dags/example_dynamic_task_mapping.py for tasks to queue
[2024-06-18T16:54:23.701-0400] {logging_mixin.py:188} INFO - [2024-06-18T16:54:23.700-0400] {dagbag.py:545} INFO - Filling up the DagBag from /Users/jbshome/Desktop/us_debt_etl_pipeline/debt_env/lib/python3.12/site-packages/airflow/example_dags/example_dynamic_task_mapping.py
[2024-06-18T16:54:23.746-0400] {processor.py:840} INFO - DAG(s) 'example_dynamic_task_mapping' retrieved from /Users/jbshome/Desktop/us_debt_etl_pipeline/debt_env/lib/python3.12/site-packages/airflow/example_dags/example_dynamic_task_mapping.py
[2024-06-18T16:54:23.866-0400] {logging_mixin.py:188} INFO - [2024-06-18T16:54:23.866-0400] {dag.py:3096} INFO - Sync 1 DAGs
[2024-06-18T16:54:23.887-0400] {logging_mixin.py:188} INFO - [2024-06-18T16:54:23.887-0400] {dag.py:3954} INFO - Setting next_dagrun for example_dynamic_task_mapping to 2022-03-04 00:00:00+00:00, run_after=2022-03-05 00:00:00+00:00
[2024-06-18T16:54:23.910-0400] {processor.py:183} INFO - Processing /Users/jbshome/Desktop/us_debt_etl_pipeline/debt_env/lib/python3.12/site-packages/airflow/example_dags/example_dynamic_task_mapping.py took 0.215 seconds
[2024-06-18T17:01:18.607-0400] {processor.py:161} INFO - Started process (PID=22686) to work on /Users/jbshome/Desktop/us_debt_etl_pipeline/debt_env/lib/python3.12/site-packages/airflow/example_dags/example_dynamic_task_mapping.py
[2024-06-18T17:01:18.609-0400] {processor.py:830} INFO - Processing file /Users/jbshome/Desktop/us_debt_etl_pipeline/debt_env/lib/python3.12/site-packages/airflow/example_dags/example_dynamic_task_mapping.py for tasks to queue
[2024-06-18T17:01:18.611-0400] {logging_mixin.py:188} INFO - [2024-06-18T17:01:18.610-0400] {dagbag.py:545} INFO - Filling up the DagBag from /Users/jbshome/Desktop/us_debt_etl_pipeline/debt_env/lib/python3.12/site-packages/airflow/example_dags/example_dynamic_task_mapping.py
[2024-06-18T17:01:18.769-0400] {processor.py:840} INFO - DAG(s) 'example_dynamic_task_mapping' retrieved from /Users/jbshome/Desktop/us_debt_etl_pipeline/debt_env/lib/python3.12/site-packages/airflow/example_dags/example_dynamic_task_mapping.py
[2024-06-18T17:01:19.196-0400] {logging_mixin.py:188} INFO - [2024-06-18T17:01:19.195-0400] {dag.py:3096} INFO - Sync 1 DAGs
[2024-06-18T17:01:19.281-0400] {logging_mixin.py:188} INFO - [2024-06-18T17:01:19.277-0400] {dag.py:3954} INFO - Setting next_dagrun for example_dynamic_task_mapping to 2022-03-04 00:00:00+00:00, run_after=2022-03-05 00:00:00+00:00
[2024-06-18T17:01:19.334-0400] {processor.py:183} INFO - Processing /Users/jbshome/Desktop/us_debt_etl_pipeline/debt_env/lib/python3.12/site-packages/airflow/example_dags/example_dynamic_task_mapping.py took 0.731 seconds
[2024-06-18T17:04:59.416-0400] {processor.py:161} INFO - Started process (PID=22905) to work on /Users/jbshome/Desktop/us_debt_etl_pipeline/debt_env/lib/python3.12/site-packages/airflow/example_dags/example_dynamic_task_mapping.py
[2024-06-18T17:04:59.419-0400] {processor.py:830} INFO - Processing file /Users/jbshome/Desktop/us_debt_etl_pipeline/debt_env/lib/python3.12/site-packages/airflow/example_dags/example_dynamic_task_mapping.py for tasks to queue
[2024-06-18T17:04:59.420-0400] {logging_mixin.py:188} INFO - [2024-06-18T17:04:59.420-0400] {dagbag.py:545} INFO - Filling up the DagBag from /Users/jbshome/Desktop/us_debt_etl_pipeline/debt_env/lib/python3.12/site-packages/airflow/example_dags/example_dynamic_task_mapping.py
[2024-06-18T17:04:59.486-0400] {processor.py:840} INFO - DAG(s) 'example_dynamic_task_mapping' retrieved from /Users/jbshome/Desktop/us_debt_etl_pipeline/debt_env/lib/python3.12/site-packages/airflow/example_dags/example_dynamic_task_mapping.py
[2024-06-18T17:04:59.681-0400] {logging_mixin.py:188} INFO - [2024-06-18T17:04:59.680-0400] {dag.py:3096} INFO - Sync 1 DAGs
[2024-06-18T17:04:59.711-0400] {logging_mixin.py:188} INFO - [2024-06-18T17:04:59.710-0400] {dag.py:3954} INFO - Setting next_dagrun for example_dynamic_task_mapping to 2022-03-04 00:00:00+00:00, run_after=2022-03-05 00:00:00+00:00
[2024-06-18T17:04:59.740-0400] {processor.py:183} INFO - Processing /Users/jbshome/Desktop/us_debt_etl_pipeline/debt_env/lib/python3.12/site-packages/airflow/example_dags/example_dynamic_task_mapping.py took 0.329 seconds
[2024-06-18T17:13:16.261-0400] {processor.py:161} INFO - Started process (PID=23996) to work on /Users/jbshome/Desktop/us_debt_etl_pipeline/debt_env/lib/python3.12/site-packages/airflow/example_dags/example_dynamic_task_mapping.py
[2024-06-18T17:13:16.263-0400] {processor.py:830} INFO - Processing file /Users/jbshome/Desktop/us_debt_etl_pipeline/debt_env/lib/python3.12/site-packages/airflow/example_dags/example_dynamic_task_mapping.py for tasks to queue
[2024-06-18T17:13:16.265-0400] {logging_mixin.py:188} INFO - [2024-06-18T17:13:16.264-0400] {dagbag.py:545} INFO - Filling up the DagBag from /Users/jbshome/Desktop/us_debt_etl_pipeline/debt_env/lib/python3.12/site-packages/airflow/example_dags/example_dynamic_task_mapping.py
[2024-06-18T17:13:16.335-0400] {processor.py:840} INFO - DAG(s) 'example_dynamic_task_mapping' retrieved from /Users/jbshome/Desktop/us_debt_etl_pipeline/debt_env/lib/python3.12/site-packages/airflow/example_dags/example_dynamic_task_mapping.py
[2024-06-18T17:13:16.530-0400] {logging_mixin.py:188} INFO - [2024-06-18T17:13:16.530-0400] {dag.py:3096} INFO - Sync 1 DAGs
[2024-06-18T17:13:16.570-0400] {logging_mixin.py:188} INFO - [2024-06-18T17:13:16.569-0400] {dag.py:3954} INFO - Setting next_dagrun for example_dynamic_task_mapping to 2022-03-04 00:00:00+00:00, run_after=2022-03-05 00:00:00+00:00
[2024-06-18T17:13:16.609-0400] {processor.py:183} INFO - Processing /Users/jbshome/Desktop/us_debt_etl_pipeline/debt_env/lib/python3.12/site-packages/airflow/example_dags/example_dynamic_task_mapping.py took 0.352 seconds
[2024-06-18T17:18:51.330-0400] {processor.py:161} INFO - Started process (PID=24346) to work on /Users/jbshome/Desktop/us_debt_etl_pipeline/debt_env/lib/python3.12/site-packages/airflow/example_dags/example_dynamic_task_mapping.py
[2024-06-18T17:18:51.337-0400] {processor.py:830} INFO - Processing file /Users/jbshome/Desktop/us_debt_etl_pipeline/debt_env/lib/python3.12/site-packages/airflow/example_dags/example_dynamic_task_mapping.py for tasks to queue
[2024-06-18T17:18:51.338-0400] {logging_mixin.py:188} INFO - [2024-06-18T17:18:51.338-0400] {dagbag.py:545} INFO - Filling up the DagBag from /Users/jbshome/Desktop/us_debt_etl_pipeline/debt_env/lib/python3.12/site-packages/airflow/example_dags/example_dynamic_task_mapping.py
[2024-06-18T17:18:51.468-0400] {processor.py:840} INFO - DAG(s) 'example_dynamic_task_mapping' retrieved from /Users/jbshome/Desktop/us_debt_etl_pipeline/debt_env/lib/python3.12/site-packages/airflow/example_dags/example_dynamic_task_mapping.py
[2024-06-18T17:18:51.935-0400] {logging_mixin.py:188} INFO - [2024-06-18T17:18:51.934-0400] {dag.py:3096} INFO - Sync 1 DAGs
[2024-06-18T17:18:51.992-0400] {logging_mixin.py:188} INFO - [2024-06-18T17:18:51.992-0400] {dag.py:3954} INFO - Setting next_dagrun for example_dynamic_task_mapping to 2022-03-04 00:00:00+00:00, run_after=2022-03-05 00:00:00+00:00
[2024-06-18T17:18:52.063-0400] {processor.py:183} INFO - Processing /Users/jbshome/Desktop/us_debt_etl_pipeline/debt_env/lib/python3.12/site-packages/airflow/example_dags/example_dynamic_task_mapping.py took 0.741 seconds
[2024-06-18T17:22:55.535-0400] {processor.py:161} INFO - Started process (PID=24664) to work on /Users/jbshome/Desktop/us_debt_etl_pipeline/debt_env/lib/python3.12/site-packages/airflow/example_dags/example_dynamic_task_mapping.py
[2024-06-18T17:22:55.539-0400] {processor.py:830} INFO - Processing file /Users/jbshome/Desktop/us_debt_etl_pipeline/debt_env/lib/python3.12/site-packages/airflow/example_dags/example_dynamic_task_mapping.py for tasks to queue
[2024-06-18T17:22:55.541-0400] {logging_mixin.py:188} INFO - [2024-06-18T17:22:55.540-0400] {dagbag.py:545} INFO - Filling up the DagBag from /Users/jbshome/Desktop/us_debt_etl_pipeline/debt_env/lib/python3.12/site-packages/airflow/example_dags/example_dynamic_task_mapping.py
[2024-06-18T17:22:55.619-0400] {processor.py:840} INFO - DAG(s) 'example_dynamic_task_mapping' retrieved from /Users/jbshome/Desktop/us_debt_etl_pipeline/debt_env/lib/python3.12/site-packages/airflow/example_dags/example_dynamic_task_mapping.py
[2024-06-18T17:22:55.860-0400] {logging_mixin.py:188} INFO - [2024-06-18T17:22:55.860-0400] {dag.py:3096} INFO - Sync 1 DAGs
[2024-06-18T17:22:55.893-0400] {logging_mixin.py:188} INFO - [2024-06-18T17:22:55.893-0400] {dag.py:3954} INFO - Setting next_dagrun for example_dynamic_task_mapping to 2022-03-04 00:00:00+00:00, run_after=2022-03-05 00:00:00+00:00
[2024-06-18T17:22:55.928-0400] {processor.py:183} INFO - Processing /Users/jbshome/Desktop/us_debt_etl_pipeline/debt_env/lib/python3.12/site-packages/airflow/example_dags/example_dynamic_task_mapping.py took 0.407 seconds
[2024-06-18T17:27:42.664-0400] {processor.py:161} INFO - Started process (PID=24965) to work on /Users/jbshome/Desktop/us_debt_etl_pipeline/debt_env/lib/python3.12/site-packages/airflow/example_dags/example_dynamic_task_mapping.py
[2024-06-18T17:27:42.667-0400] {processor.py:830} INFO - Processing file /Users/jbshome/Desktop/us_debt_etl_pipeline/debt_env/lib/python3.12/site-packages/airflow/example_dags/example_dynamic_task_mapping.py for tasks to queue
[2024-06-18T17:27:42.668-0400] {logging_mixin.py:188} INFO - [2024-06-18T17:27:42.668-0400] {dagbag.py:545} INFO - Filling up the DagBag from /Users/jbshome/Desktop/us_debt_etl_pipeline/debt_env/lib/python3.12/site-packages/airflow/example_dags/example_dynamic_task_mapping.py
[2024-06-18T17:27:42.736-0400] {processor.py:840} INFO - DAG(s) 'example_dynamic_task_mapping' retrieved from /Users/jbshome/Desktop/us_debt_etl_pipeline/debt_env/lib/python3.12/site-packages/airflow/example_dags/example_dynamic_task_mapping.py
[2024-06-18T17:27:43.051-0400] {logging_mixin.py:188} INFO - [2024-06-18T17:27:43.048-0400] {dag.py:3096} INFO - Sync 1 DAGs
[2024-06-18T17:27:43.116-0400] {logging_mixin.py:188} INFO - [2024-06-18T17:27:43.116-0400] {dag.py:3954} INFO - Setting next_dagrun for example_dynamic_task_mapping to 2022-03-04 00:00:00+00:00, run_after=2022-03-05 00:00:00+00:00
[2024-06-18T17:27:43.185-0400] {processor.py:183} INFO - Processing /Users/jbshome/Desktop/us_debt_etl_pipeline/debt_env/lib/python3.12/site-packages/airflow/example_dags/example_dynamic_task_mapping.py took 0.525 seconds
[2024-06-18T17:31:56.574-0400] {processor.py:161} INFO - Started process (PID=25286) to work on /Users/jbshome/Desktop/us_debt_etl_pipeline/debt_env/lib/python3.12/site-packages/airflow/example_dags/example_dynamic_task_mapping.py
[2024-06-18T17:31:56.576-0400] {processor.py:830} INFO - Processing file /Users/jbshome/Desktop/us_debt_etl_pipeline/debt_env/lib/python3.12/site-packages/airflow/example_dags/example_dynamic_task_mapping.py for tasks to queue
[2024-06-18T17:31:56.577-0400] {logging_mixin.py:188} INFO - [2024-06-18T17:31:56.577-0400] {dagbag.py:545} INFO - Filling up the DagBag from /Users/jbshome/Desktop/us_debt_etl_pipeline/debt_env/lib/python3.12/site-packages/airflow/example_dags/example_dynamic_task_mapping.py
[2024-06-18T17:31:56.661-0400] {processor.py:840} INFO - DAG(s) 'example_dynamic_task_mapping' retrieved from /Users/jbshome/Desktop/us_debt_etl_pipeline/debt_env/lib/python3.12/site-packages/airflow/example_dags/example_dynamic_task_mapping.py
[2024-06-18T17:31:56.919-0400] {logging_mixin.py:188} INFO - [2024-06-18T17:31:56.918-0400] {dag.py:3096} INFO - Sync 1 DAGs
[2024-06-18T17:31:56.960-0400] {logging_mixin.py:188} INFO - [2024-06-18T17:31:56.960-0400] {dag.py:3954} INFO - Setting next_dagrun for example_dynamic_task_mapping to 2022-03-04 00:00:00+00:00, run_after=2022-03-05 00:00:00+00:00
[2024-06-18T17:31:57.005-0400] {processor.py:183} INFO - Processing /Users/jbshome/Desktop/us_debt_etl_pipeline/debt_env/lib/python3.12/site-packages/airflow/example_dags/example_dynamic_task_mapping.py took 0.437 seconds
[2024-06-18T17:37:39.919-0400] {processor.py:161} INFO - Started process (PID=26286) to work on /Users/jbshome/Desktop/us_debt_etl_pipeline/debt_env/lib/python3.12/site-packages/airflow/example_dags/example_dynamic_task_mapping.py
[2024-06-18T17:37:39.921-0400] {processor.py:830} INFO - Processing file /Users/jbshome/Desktop/us_debt_etl_pipeline/debt_env/lib/python3.12/site-packages/airflow/example_dags/example_dynamic_task_mapping.py for tasks to queue
[2024-06-18T17:37:39.925-0400] {logging_mixin.py:188} INFO - [2024-06-18T17:37:39.924-0400] {dagbag.py:545} INFO - Filling up the DagBag from /Users/jbshome/Desktop/us_debt_etl_pipeline/debt_env/lib/python3.12/site-packages/airflow/example_dags/example_dynamic_task_mapping.py
[2024-06-18T17:37:40.071-0400] {processor.py:840} INFO - DAG(s) 'example_dynamic_task_mapping' retrieved from /Users/jbshome/Desktop/us_debt_etl_pipeline/debt_env/lib/python3.12/site-packages/airflow/example_dags/example_dynamic_task_mapping.py
[2024-06-18T17:37:40.538-0400] {logging_mixin.py:188} INFO - [2024-06-18T17:37:40.537-0400] {dag.py:3096} INFO - Sync 1 DAGs
[2024-06-18T17:37:40.584-0400] {logging_mixin.py:188} INFO - [2024-06-18T17:37:40.584-0400] {dag.py:3954} INFO - Setting next_dagrun for example_dynamic_task_mapping to 2022-03-04 00:00:00+00:00, run_after=2022-03-05 00:00:00+00:00
[2024-06-18T17:37:40.680-0400] {processor.py:183} INFO - Processing /Users/jbshome/Desktop/us_debt_etl_pipeline/debt_env/lib/python3.12/site-packages/airflow/example_dags/example_dynamic_task_mapping.py took 0.769 seconds
[2024-06-18T17:45:41.043-0400] {processor.py:161} INFO - Started process (PID=27127) to work on /Users/jbshome/Desktop/us_debt_etl_pipeline/debt_env/lib/python3.12/site-packages/airflow/example_dags/example_dynamic_task_mapping.py
[2024-06-18T17:45:41.050-0400] {processor.py:830} INFO - Processing file /Users/jbshome/Desktop/us_debt_etl_pipeline/debt_env/lib/python3.12/site-packages/airflow/example_dags/example_dynamic_task_mapping.py for tasks to queue
[2024-06-18T17:45:41.051-0400] {logging_mixin.py:188} INFO - [2024-06-18T17:45:41.051-0400] {dagbag.py:545} INFO - Filling up the DagBag from /Users/jbshome/Desktop/us_debt_etl_pipeline/debt_env/lib/python3.12/site-packages/airflow/example_dags/example_dynamic_task_mapping.py
[2024-06-18T17:45:41.124-0400] {processor.py:840} INFO - DAG(s) 'example_dynamic_task_mapping' retrieved from /Users/jbshome/Desktop/us_debt_etl_pipeline/debt_env/lib/python3.12/site-packages/airflow/example_dags/example_dynamic_task_mapping.py
[2024-06-18T17:45:41.290-0400] {logging_mixin.py:188} INFO - [2024-06-18T17:45:41.289-0400] {dag.py:3096} INFO - Sync 1 DAGs
[2024-06-18T17:45:41.324-0400] {logging_mixin.py:188} INFO - [2024-06-18T17:45:41.324-0400] {dag.py:3954} INFO - Setting next_dagrun for example_dynamic_task_mapping to 2022-03-04 00:00:00+00:00, run_after=2022-03-05 00:00:00+00:00
[2024-06-18T17:45:41.355-0400] {processor.py:183} INFO - Processing /Users/jbshome/Desktop/us_debt_etl_pipeline/debt_env/lib/python3.12/site-packages/airflow/example_dags/example_dynamic_task_mapping.py took 0.316 seconds
[2024-06-18T17:50:02.029-0400] {processor.py:161} INFO - Started process (PID=27829) to work on /Users/jbshome/Desktop/us_debt_etl_pipeline/debt_env/lib/python3.12/site-packages/airflow/example_dags/example_dynamic_task_mapping.py
[2024-06-18T17:50:02.030-0400] {processor.py:830} INFO - Processing file /Users/jbshome/Desktop/us_debt_etl_pipeline/debt_env/lib/python3.12/site-packages/airflow/example_dags/example_dynamic_task_mapping.py for tasks to queue
[2024-06-18T17:50:02.031-0400] {logging_mixin.py:188} INFO - [2024-06-18T17:50:02.031-0400] {dagbag.py:545} INFO - Filling up the DagBag from /Users/jbshome/Desktop/us_debt_etl_pipeline/debt_env/lib/python3.12/site-packages/airflow/example_dags/example_dynamic_task_mapping.py
[2024-06-18T17:50:02.169-0400] {processor.py:840} INFO - DAG(s) 'example_dynamic_task_mapping' retrieved from /Users/jbshome/Desktop/us_debt_etl_pipeline/debt_env/lib/python3.12/site-packages/airflow/example_dags/example_dynamic_task_mapping.py
[2024-06-18T17:50:02.451-0400] {logging_mixin.py:188} INFO - [2024-06-18T17:50:02.451-0400] {dag.py:3096} INFO - Sync 1 DAGs
[2024-06-18T17:50:02.484-0400] {logging_mixin.py:188} INFO - [2024-06-18T17:50:02.484-0400] {dag.py:3954} INFO - Setting next_dagrun for example_dynamic_task_mapping to 2022-03-04 00:00:00+00:00, run_after=2022-03-05 00:00:00+00:00
[2024-06-18T17:50:02.518-0400] {processor.py:183} INFO - Processing /Users/jbshome/Desktop/us_debt_etl_pipeline/debt_env/lib/python3.12/site-packages/airflow/example_dags/example_dynamic_task_mapping.py took 0.494 seconds
