[2024-06-18T16:31:09.915-0400] {processor.py:161} INFO - Started process (PID=20110) to work on /Users/jbshome/Desktop/us_debt_etl_pipeline/debt_env/lib/python3.12/site-packages/airflow/example_dags/example_sensors.py
[2024-06-18T16:31:09.917-0400] {processor.py:830} INFO - Processing file /Users/jbshome/Desktop/us_debt_etl_pipeline/debt_env/lib/python3.12/site-packages/airflow/example_dags/example_sensors.py for tasks to queue
[2024-06-18T16:31:09.918-0400] {logging_mixin.py:188} INFO - [2024-06-18T16:31:09.918-0400] {dagbag.py:545} INFO - Filling up the DagBag from /Users/jbshome/Desktop/us_debt_etl_pipeline/debt_env/lib/python3.12/site-packages/airflow/example_dags/example_sensors.py
[2024-06-18T16:31:09.954-0400] {processor.py:840} INFO - DAG(s) 'example_sensors' retrieved from /Users/jbshome/Desktop/us_debt_etl_pipeline/debt_env/lib/python3.12/site-packages/airflow/example_dags/example_sensors.py
[2024-06-18T16:31:10.268-0400] {logging_mixin.py:188} INFO - [2024-06-18T16:31:10.267-0400] {override.py:1829} INFO - Created Permission View: can delete on DAG:example_sensors
[2024-06-18T16:31:10.279-0400] {logging_mixin.py:188} INFO - [2024-06-18T16:31:10.279-0400] {override.py:1829} INFO - Created Permission View: can read on DAG:example_sensors
[2024-06-18T16:31:10.289-0400] {logging_mixin.py:188} INFO - [2024-06-18T16:31:10.289-0400] {override.py:1829} INFO - Created Permission View: can edit on DAG:example_sensors
[2024-06-18T16:31:10.290-0400] {logging_mixin.py:188} INFO - [2024-06-18T16:31:10.290-0400] {dag.py:3096} INFO - Sync 1 DAGs
[2024-06-18T16:31:10.307-0400] {logging_mixin.py:188} INFO - [2024-06-18T16:31:10.306-0400] {dag.py:3118} INFO - Creating ORM DAG for example_sensors
[2024-06-18T16:31:10.307-0400] {logging_mixin.py:188} INFO - [2024-06-18T16:31:10.307-0400] {dag.py:3954} INFO - Setting next_dagrun for example_sensors to None, run_after=None
[2024-06-18T16:31:10.446-0400] {processor.py:183} INFO - Processing /Users/jbshome/Desktop/us_debt_etl_pipeline/debt_env/lib/python3.12/site-packages/airflow/example_dags/example_sensors.py took 0.535 seconds
[2024-06-18T16:34:51.645-0400] {processor.py:161} INFO - Started process (PID=20306) to work on /Users/jbshome/Desktop/us_debt_etl_pipeline/debt_env/lib/python3.12/site-packages/airflow/example_dags/example_sensors.py
[2024-06-18T16:34:51.648-0400] {processor.py:830} INFO - Processing file /Users/jbshome/Desktop/us_debt_etl_pipeline/debt_env/lib/python3.12/site-packages/airflow/example_dags/example_sensors.py for tasks to queue
[2024-06-18T16:34:51.649-0400] {logging_mixin.py:188} INFO - [2024-06-18T16:34:51.649-0400] {dagbag.py:545} INFO - Filling up the DagBag from /Users/jbshome/Desktop/us_debt_etl_pipeline/debt_env/lib/python3.12/site-packages/airflow/example_dags/example_sensors.py
[2024-06-18T16:34:51.670-0400] {processor.py:840} INFO - DAG(s) 'example_sensors' retrieved from /Users/jbshome/Desktop/us_debt_etl_pipeline/debt_env/lib/python3.12/site-packages/airflow/example_dags/example_sensors.py
[2024-06-18T16:34:51.838-0400] {logging_mixin.py:188} INFO - [2024-06-18T16:34:51.838-0400] {dag.py:3096} INFO - Sync 1 DAGs
[2024-06-18T16:34:51.850-0400] {logging_mixin.py:188} INFO - [2024-06-18T16:34:51.850-0400] {dag.py:3954} INFO - Setting next_dagrun for example_sensors to None, run_after=None
[2024-06-18T16:34:51.873-0400] {processor.py:183} INFO - Processing /Users/jbshome/Desktop/us_debt_etl_pipeline/debt_env/lib/python3.12/site-packages/airflow/example_dags/example_sensors.py took 0.230 seconds
[2024-06-18T16:38:11.447-0400] {processor.py:161} INFO - Started process (PID=20481) to work on /Users/jbshome/Desktop/us_debt_etl_pipeline/debt_env/lib/python3.12/site-packages/airflow/example_dags/example_sensors.py
[2024-06-18T16:38:11.449-0400] {processor.py:830} INFO - Processing file /Users/jbshome/Desktop/us_debt_etl_pipeline/debt_env/lib/python3.12/site-packages/airflow/example_dags/example_sensors.py for tasks to queue
[2024-06-18T16:38:11.450-0400] {logging_mixin.py:188} INFO - [2024-06-18T16:38:11.449-0400] {dagbag.py:545} INFO - Filling up the DagBag from /Users/jbshome/Desktop/us_debt_etl_pipeline/debt_env/lib/python3.12/site-packages/airflow/example_dags/example_sensors.py
[2024-06-18T16:38:11.480-0400] {processor.py:840} INFO - DAG(s) 'example_sensors' retrieved from /Users/jbshome/Desktop/us_debt_etl_pipeline/debt_env/lib/python3.12/site-packages/airflow/example_dags/example_sensors.py
[2024-06-18T16:38:11.657-0400] {logging_mixin.py:188} INFO - [2024-06-18T16:38:11.657-0400] {dag.py:3096} INFO - Sync 1 DAGs
[2024-06-18T16:38:11.669-0400] {logging_mixin.py:188} INFO - [2024-06-18T16:38:11.669-0400] {dag.py:3954} INFO - Setting next_dagrun for example_sensors to None, run_after=None
[2024-06-18T16:38:11.690-0400] {processor.py:183} INFO - Processing /Users/jbshome/Desktop/us_debt_etl_pipeline/debt_env/lib/python3.12/site-packages/airflow/example_dags/example_sensors.py took 0.247 seconds
[2024-06-18T16:41:15.119-0400] {processor.py:161} INFO - Started process (PID=20812) to work on /Users/jbshome/Desktop/us_debt_etl_pipeline/debt_env/lib/python3.12/site-packages/airflow/example_dags/example_sensors.py
[2024-06-18T16:41:15.121-0400] {processor.py:830} INFO - Processing file /Users/jbshome/Desktop/us_debt_etl_pipeline/debt_env/lib/python3.12/site-packages/airflow/example_dags/example_sensors.py for tasks to queue
[2024-06-18T16:41:15.122-0400] {logging_mixin.py:188} INFO - [2024-06-18T16:41:15.122-0400] {dagbag.py:545} INFO - Filling up the DagBag from /Users/jbshome/Desktop/us_debt_etl_pipeline/debt_env/lib/python3.12/site-packages/airflow/example_dags/example_sensors.py
[2024-06-18T16:41:15.143-0400] {processor.py:840} INFO - DAG(s) 'example_sensors' retrieved from /Users/jbshome/Desktop/us_debt_etl_pipeline/debt_env/lib/python3.12/site-packages/airflow/example_dags/example_sensors.py
[2024-06-18T16:41:15.320-0400] {logging_mixin.py:188} INFO - [2024-06-18T16:41:15.319-0400] {dag.py:3096} INFO - Sync 1 DAGs
[2024-06-18T16:41:15.334-0400] {logging_mixin.py:188} INFO - [2024-06-18T16:41:15.334-0400] {dag.py:3954} INFO - Setting next_dagrun for example_sensors to None, run_after=None
[2024-06-18T16:41:15.368-0400] {processor.py:183} INFO - Processing /Users/jbshome/Desktop/us_debt_etl_pipeline/debt_env/lib/python3.12/site-packages/airflow/example_dags/example_sensors.py took 0.253 seconds
[2024-06-18T16:44:19.199-0400] {processor.py:161} INFO - Started process (PID=21433) to work on /Users/jbshome/Desktop/us_debt_etl_pipeline/debt_env/lib/python3.12/site-packages/airflow/example_dags/example_sensors.py
[2024-06-18T16:44:19.201-0400] {processor.py:830} INFO - Processing file /Users/jbshome/Desktop/us_debt_etl_pipeline/debt_env/lib/python3.12/site-packages/airflow/example_dags/example_sensors.py for tasks to queue
[2024-06-18T16:44:19.203-0400] {logging_mixin.py:188} INFO - [2024-06-18T16:44:19.203-0400] {dagbag.py:545} INFO - Filling up the DagBag from /Users/jbshome/Desktop/us_debt_etl_pipeline/debt_env/lib/python3.12/site-packages/airflow/example_dags/example_sensors.py
[2024-06-18T16:44:19.225-0400] {processor.py:840} INFO - DAG(s) 'example_sensors' retrieved from /Users/jbshome/Desktop/us_debt_etl_pipeline/debt_env/lib/python3.12/site-packages/airflow/example_dags/example_sensors.py
[2024-06-18T16:44:19.413-0400] {logging_mixin.py:188} INFO - [2024-06-18T16:44:19.412-0400] {dag.py:3096} INFO - Sync 1 DAGs
[2024-06-18T16:44:19.426-0400] {logging_mixin.py:188} INFO - [2024-06-18T16:44:19.426-0400] {dag.py:3954} INFO - Setting next_dagrun for example_sensors to None, run_after=None
[2024-06-18T16:44:19.458-0400] {processor.py:183} INFO - Processing /Users/jbshome/Desktop/us_debt_etl_pipeline/debt_env/lib/python3.12/site-packages/airflow/example_dags/example_sensors.py took 0.261 seconds
[2024-06-18T16:47:20.456-0400] {processor.py:161} INFO - Started process (PID=21603) to work on /Users/jbshome/Desktop/us_debt_etl_pipeline/debt_env/lib/python3.12/site-packages/airflow/example_dags/example_sensors.py
[2024-06-18T16:47:20.457-0400] {processor.py:830} INFO - Processing file /Users/jbshome/Desktop/us_debt_etl_pipeline/debt_env/lib/python3.12/site-packages/airflow/example_dags/example_sensors.py for tasks to queue
[2024-06-18T16:47:20.458-0400] {logging_mixin.py:188} INFO - [2024-06-18T16:47:20.458-0400] {dagbag.py:545} INFO - Filling up the DagBag from /Users/jbshome/Desktop/us_debt_etl_pipeline/debt_env/lib/python3.12/site-packages/airflow/example_dags/example_sensors.py
[2024-06-18T16:47:20.487-0400] {processor.py:840} INFO - DAG(s) 'example_sensors' retrieved from /Users/jbshome/Desktop/us_debt_etl_pipeline/debt_env/lib/python3.12/site-packages/airflow/example_dags/example_sensors.py
[2024-06-18T16:47:20.675-0400] {logging_mixin.py:188} INFO - [2024-06-18T16:47:20.675-0400] {dag.py:3096} INFO - Sync 1 DAGs
[2024-06-18T16:47:20.694-0400] {logging_mixin.py:188} INFO - [2024-06-18T16:47:20.694-0400] {dag.py:3954} INFO - Setting next_dagrun for example_sensors to None, run_after=None
[2024-06-18T16:47:20.716-0400] {processor.py:183} INFO - Processing /Users/jbshome/Desktop/us_debt_etl_pipeline/debt_env/lib/python3.12/site-packages/airflow/example_dags/example_sensors.py took 0.263 seconds
[2024-06-18T16:50:27.412-0400] {processor.py:161} INFO - Started process (PID=21782) to work on /Users/jbshome/Desktop/us_debt_etl_pipeline/debt_env/lib/python3.12/site-packages/airflow/example_dags/example_sensors.py
[2024-06-18T16:50:27.414-0400] {processor.py:830} INFO - Processing file /Users/jbshome/Desktop/us_debt_etl_pipeline/debt_env/lib/python3.12/site-packages/airflow/example_dags/example_sensors.py for tasks to queue
[2024-06-18T16:50:27.415-0400] {logging_mixin.py:188} INFO - [2024-06-18T16:50:27.415-0400] {dagbag.py:545} INFO - Filling up the DagBag from /Users/jbshome/Desktop/us_debt_etl_pipeline/debt_env/lib/python3.12/site-packages/airflow/example_dags/example_sensors.py
[2024-06-18T16:50:27.436-0400] {processor.py:840} INFO - DAG(s) 'example_sensors' retrieved from /Users/jbshome/Desktop/us_debt_etl_pipeline/debt_env/lib/python3.12/site-packages/airflow/example_dags/example_sensors.py
[2024-06-18T16:50:27.596-0400] {logging_mixin.py:188} INFO - [2024-06-18T16:50:27.596-0400] {dag.py:3096} INFO - Sync 1 DAGs
[2024-06-18T16:50:27.609-0400] {logging_mixin.py:188} INFO - [2024-06-18T16:50:27.609-0400] {dag.py:3954} INFO - Setting next_dagrun for example_sensors to None, run_after=None
[2024-06-18T16:50:27.632-0400] {processor.py:183} INFO - Processing /Users/jbshome/Desktop/us_debt_etl_pipeline/debt_env/lib/python3.12/site-packages/airflow/example_dags/example_sensors.py took 0.223 seconds
[2024-06-18T16:53:34.807-0400] {processor.py:161} INFO - Started process (PID=21934) to work on /Users/jbshome/Desktop/us_debt_etl_pipeline/debt_env/lib/python3.12/site-packages/airflow/example_dags/example_sensors.py
[2024-06-18T16:53:34.809-0400] {processor.py:830} INFO - Processing file /Users/jbshome/Desktop/us_debt_etl_pipeline/debt_env/lib/python3.12/site-packages/airflow/example_dags/example_sensors.py for tasks to queue
[2024-06-18T16:53:34.810-0400] {logging_mixin.py:188} INFO - [2024-06-18T16:53:34.810-0400] {dagbag.py:545} INFO - Filling up the DagBag from /Users/jbshome/Desktop/us_debt_etl_pipeline/debt_env/lib/python3.12/site-packages/airflow/example_dags/example_sensors.py
[2024-06-18T16:53:34.830-0400] {processor.py:840} INFO - DAG(s) 'example_sensors' retrieved from /Users/jbshome/Desktop/us_debt_etl_pipeline/debt_env/lib/python3.12/site-packages/airflow/example_dags/example_sensors.py
[2024-06-18T16:53:34.991-0400] {logging_mixin.py:188} INFO - [2024-06-18T16:53:34.991-0400] {dag.py:3096} INFO - Sync 1 DAGs
[2024-06-18T16:53:35.002-0400] {logging_mixin.py:188} INFO - [2024-06-18T16:53:35.002-0400] {dag.py:3954} INFO - Setting next_dagrun for example_sensors to None, run_after=None
[2024-06-18T16:53:35.024-0400] {processor.py:183} INFO - Processing /Users/jbshome/Desktop/us_debt_etl_pipeline/debt_env/lib/python3.12/site-packages/airflow/example_dags/example_sensors.py took 0.220 seconds
[2024-06-18T16:56:41.249-0400] {processor.py:161} INFO - Started process (PID=22085) to work on /Users/jbshome/Desktop/us_debt_etl_pipeline/debt_env/lib/python3.12/site-packages/airflow/example_dags/example_sensors.py
[2024-06-18T16:56:41.251-0400] {processor.py:830} INFO - Processing file /Users/jbshome/Desktop/us_debt_etl_pipeline/debt_env/lib/python3.12/site-packages/airflow/example_dags/example_sensors.py for tasks to queue
[2024-06-18T16:56:41.252-0400] {logging_mixin.py:188} INFO - [2024-06-18T16:56:41.251-0400] {dagbag.py:545} INFO - Filling up the DagBag from /Users/jbshome/Desktop/us_debt_etl_pipeline/debt_env/lib/python3.12/site-packages/airflow/example_dags/example_sensors.py
[2024-06-18T16:56:41.280-0400] {processor.py:840} INFO - DAG(s) 'example_sensors' retrieved from /Users/jbshome/Desktop/us_debt_etl_pipeline/debt_env/lib/python3.12/site-packages/airflow/example_dags/example_sensors.py
[2024-06-18T16:56:41.483-0400] {logging_mixin.py:188} INFO - [2024-06-18T16:56:41.483-0400] {dag.py:3096} INFO - Sync 1 DAGs
[2024-06-18T16:56:41.497-0400] {logging_mixin.py:188} INFO - [2024-06-18T16:56:41.496-0400] {dag.py:3954} INFO - Setting next_dagrun for example_sensors to None, run_after=None
[2024-06-18T16:56:41.530-0400] {processor.py:183} INFO - Processing /Users/jbshome/Desktop/us_debt_etl_pipeline/debt_env/lib/python3.12/site-packages/airflow/example_dags/example_sensors.py took 0.284 seconds
[2024-06-18T16:59:54.265-0400] {processor.py:161} INFO - Started process (PID=22598) to work on /Users/jbshome/Desktop/us_debt_etl_pipeline/debt_env/lib/python3.12/site-packages/airflow/example_dags/example_sensors.py
[2024-06-18T16:59:54.269-0400] {processor.py:830} INFO - Processing file /Users/jbshome/Desktop/us_debt_etl_pipeline/debt_env/lib/python3.12/site-packages/airflow/example_dags/example_sensors.py for tasks to queue
[2024-06-18T16:59:54.271-0400] {logging_mixin.py:188} INFO - [2024-06-18T16:59:54.270-0400] {dagbag.py:545} INFO - Filling up the DagBag from /Users/jbshome/Desktop/us_debt_etl_pipeline/debt_env/lib/python3.12/site-packages/airflow/example_dags/example_sensors.py
[2024-06-18T16:59:54.311-0400] {processor.py:840} INFO - DAG(s) 'example_sensors' retrieved from /Users/jbshome/Desktop/us_debt_etl_pipeline/debt_env/lib/python3.12/site-packages/airflow/example_dags/example_sensors.py
[2024-06-18T16:59:54.639-0400] {logging_mixin.py:188} INFO - [2024-06-18T16:59:54.638-0400] {dag.py:3096} INFO - Sync 1 DAGs
[2024-06-18T16:59:54.663-0400] {logging_mixin.py:188} INFO - [2024-06-18T16:59:54.662-0400] {dag.py:3954} INFO - Setting next_dagrun for example_sensors to None, run_after=None
[2024-06-18T16:59:54.712-0400] {processor.py:183} INFO - Processing /Users/jbshome/Desktop/us_debt_etl_pipeline/debt_env/lib/python3.12/site-packages/airflow/example_dags/example_sensors.py took 0.452 seconds
[2024-06-18T17:04:05.252-0400] {processor.py:161} INFO - Started process (PID=22847) to work on /Users/jbshome/Desktop/us_debt_etl_pipeline/debt_env/lib/python3.12/site-packages/airflow/example_dags/example_sensors.py
[2024-06-18T17:04:05.254-0400] {processor.py:830} INFO - Processing file /Users/jbshome/Desktop/us_debt_etl_pipeline/debt_env/lib/python3.12/site-packages/airflow/example_dags/example_sensors.py for tasks to queue
[2024-06-18T17:04:05.256-0400] {logging_mixin.py:188} INFO - [2024-06-18T17:04:05.255-0400] {dagbag.py:545} INFO - Filling up the DagBag from /Users/jbshome/Desktop/us_debt_etl_pipeline/debt_env/lib/python3.12/site-packages/airflow/example_dags/example_sensors.py
[2024-06-18T17:04:05.282-0400] {processor.py:840} INFO - DAG(s) 'example_sensors' retrieved from /Users/jbshome/Desktop/us_debt_etl_pipeline/debt_env/lib/python3.12/site-packages/airflow/example_dags/example_sensors.py
[2024-06-18T17:04:05.477-0400] {logging_mixin.py:188} INFO - [2024-06-18T17:04:05.477-0400] {dag.py:3096} INFO - Sync 1 DAGs
[2024-06-18T17:04:05.489-0400] {logging_mixin.py:188} INFO - [2024-06-18T17:04:05.488-0400] {dag.py:3954} INFO - Setting next_dagrun for example_sensors to None, run_after=None
[2024-06-18T17:04:05.512-0400] {processor.py:183} INFO - Processing /Users/jbshome/Desktop/us_debt_etl_pipeline/debt_env/lib/python3.12/site-packages/airflow/example_dags/example_sensors.py took 0.265 seconds
[2024-06-18T17:07:39.047-0400] {processor.py:161} INFO - Started process (PID=23518) to work on /Users/jbshome/Desktop/us_debt_etl_pipeline/debt_env/lib/python3.12/site-packages/airflow/example_dags/example_sensors.py
[2024-06-18T17:07:39.050-0400] {processor.py:830} INFO - Processing file /Users/jbshome/Desktop/us_debt_etl_pipeline/debt_env/lib/python3.12/site-packages/airflow/example_dags/example_sensors.py for tasks to queue
[2024-06-18T17:07:39.051-0400] {logging_mixin.py:188} INFO - [2024-06-18T17:07:39.051-0400] {dagbag.py:545} INFO - Filling up the DagBag from /Users/jbshome/Desktop/us_debt_etl_pipeline/debt_env/lib/python3.12/site-packages/airflow/example_dags/example_sensors.py
[2024-06-18T17:07:39.083-0400] {processor.py:840} INFO - DAG(s) 'example_sensors' retrieved from /Users/jbshome/Desktop/us_debt_etl_pipeline/debt_env/lib/python3.12/site-packages/airflow/example_dags/example_sensors.py
[2024-06-18T17:07:39.342-0400] {logging_mixin.py:188} INFO - [2024-06-18T17:07:39.342-0400] {dag.py:3096} INFO - Sync 1 DAGs
[2024-06-18T17:07:39.363-0400] {logging_mixin.py:188} INFO - [2024-06-18T17:07:39.363-0400] {dag.py:3954} INFO - Setting next_dagrun for example_sensors to None, run_after=None
[2024-06-18T17:07:39.394-0400] {processor.py:183} INFO - Processing /Users/jbshome/Desktop/us_debt_etl_pipeline/debt_env/lib/python3.12/site-packages/airflow/example_dags/example_sensors.py took 0.351 seconds
[2024-06-18T17:11:43.267-0400] {processor.py:161} INFO - Started process (PID=23911) to work on /Users/jbshome/Desktop/us_debt_etl_pipeline/debt_env/lib/python3.12/site-packages/airflow/example_dags/example_sensors.py
[2024-06-18T17:11:43.269-0400] {processor.py:830} INFO - Processing file /Users/jbshome/Desktop/us_debt_etl_pipeline/debt_env/lib/python3.12/site-packages/airflow/example_dags/example_sensors.py for tasks to queue
[2024-06-18T17:11:43.270-0400] {logging_mixin.py:188} INFO - [2024-06-18T17:11:43.269-0400] {dagbag.py:545} INFO - Filling up the DagBag from /Users/jbshome/Desktop/us_debt_etl_pipeline/debt_env/lib/python3.12/site-packages/airflow/example_dags/example_sensors.py
[2024-06-18T17:11:43.302-0400] {processor.py:840} INFO - DAG(s) 'example_sensors' retrieved from /Users/jbshome/Desktop/us_debt_etl_pipeline/debt_env/lib/python3.12/site-packages/airflow/example_dags/example_sensors.py
[2024-06-18T17:11:43.953-0400] {logging_mixin.py:188} INFO - [2024-06-18T17:11:43.953-0400] {dag.py:3096} INFO - Sync 1 DAGs
[2024-06-18T17:11:43.981-0400] {logging_mixin.py:188} INFO - [2024-06-18T17:11:43.981-0400] {dag.py:3954} INFO - Setting next_dagrun for example_sensors to None, run_after=None
[2024-06-18T17:11:44.105-0400] {processor.py:183} INFO - Processing /Users/jbshome/Desktop/us_debt_etl_pipeline/debt_env/lib/python3.12/site-packages/airflow/example_dags/example_sensors.py took 0.843 seconds
[2024-06-18T17:17:13.359-0400] {processor.py:161} INFO - Started process (PID=24247) to work on /Users/jbshome/Desktop/us_debt_etl_pipeline/debt_env/lib/python3.12/site-packages/airflow/example_dags/example_sensors.py
[2024-06-18T17:17:13.364-0400] {processor.py:830} INFO - Processing file /Users/jbshome/Desktop/us_debt_etl_pipeline/debt_env/lib/python3.12/site-packages/airflow/example_dags/example_sensors.py for tasks to queue
[2024-06-18T17:17:13.365-0400] {logging_mixin.py:188} INFO - [2024-06-18T17:17:13.365-0400] {dagbag.py:545} INFO - Filling up the DagBag from /Users/jbshome/Desktop/us_debt_etl_pipeline/debt_env/lib/python3.12/site-packages/airflow/example_dags/example_sensors.py
[2024-06-18T17:17:13.400-0400] {processor.py:840} INFO - DAG(s) 'example_sensors' retrieved from /Users/jbshome/Desktop/us_debt_etl_pipeline/debt_env/lib/python3.12/site-packages/airflow/example_dags/example_sensors.py
[2024-06-18T17:17:13.798-0400] {logging_mixin.py:188} INFO - [2024-06-18T17:17:13.797-0400] {dag.py:3096} INFO - Sync 1 DAGs
[2024-06-18T17:17:13.817-0400] {logging_mixin.py:188} INFO - [2024-06-18T17:17:13.816-0400] {dag.py:3954} INFO - Setting next_dagrun for example_sensors to None, run_after=None
[2024-06-18T17:17:13.856-0400] {processor.py:183} INFO - Processing /Users/jbshome/Desktop/us_debt_etl_pipeline/debt_env/lib/python3.12/site-packages/airflow/example_dags/example_sensors.py took 0.502 seconds
[2024-06-18T17:21:46.703-0400] {processor.py:161} INFO - Started process (PID=24583) to work on /Users/jbshome/Desktop/us_debt_etl_pipeline/debt_env/lib/python3.12/site-packages/airflow/example_dags/example_sensors.py
[2024-06-18T17:21:46.704-0400] {processor.py:830} INFO - Processing file /Users/jbshome/Desktop/us_debt_etl_pipeline/debt_env/lib/python3.12/site-packages/airflow/example_dags/example_sensors.py for tasks to queue
[2024-06-18T17:21:46.706-0400] {logging_mixin.py:188} INFO - [2024-06-18T17:21:46.705-0400] {dagbag.py:545} INFO - Filling up the DagBag from /Users/jbshome/Desktop/us_debt_etl_pipeline/debt_env/lib/python3.12/site-packages/airflow/example_dags/example_sensors.py
[2024-06-18T17:21:46.738-0400] {processor.py:840} INFO - DAG(s) 'example_sensors' retrieved from /Users/jbshome/Desktop/us_debt_etl_pipeline/debt_env/lib/python3.12/site-packages/airflow/example_dags/example_sensors.py
[2024-06-18T17:21:47.016-0400] {logging_mixin.py:188} INFO - [2024-06-18T17:21:47.015-0400] {dag.py:3096} INFO - Sync 1 DAGs
[2024-06-18T17:21:47.037-0400] {logging_mixin.py:188} INFO - [2024-06-18T17:21:47.036-0400] {dag.py:3954} INFO - Setting next_dagrun for example_sensors to None, run_after=None
[2024-06-18T17:21:47.083-0400] {processor.py:183} INFO - Processing /Users/jbshome/Desktop/us_debt_etl_pipeline/debt_env/lib/python3.12/site-packages/airflow/example_dags/example_sensors.py took 0.385 seconds
[2024-06-18T17:26:04.284-0400] {processor.py:161} INFO - Started process (PID=24872) to work on /Users/jbshome/Desktop/us_debt_etl_pipeline/debt_env/lib/python3.12/site-packages/airflow/example_dags/example_sensors.py
[2024-06-18T17:26:04.287-0400] {processor.py:830} INFO - Processing file /Users/jbshome/Desktop/us_debt_etl_pipeline/debt_env/lib/python3.12/site-packages/airflow/example_dags/example_sensors.py for tasks to queue
[2024-06-18T17:26:04.289-0400] {logging_mixin.py:188} INFO - [2024-06-18T17:26:04.288-0400] {dagbag.py:545} INFO - Filling up the DagBag from /Users/jbshome/Desktop/us_debt_etl_pipeline/debt_env/lib/python3.12/site-packages/airflow/example_dags/example_sensors.py
[2024-06-18T17:26:04.328-0400] {processor.py:840} INFO - DAG(s) 'example_sensors' retrieved from /Users/jbshome/Desktop/us_debt_etl_pipeline/debt_env/lib/python3.12/site-packages/airflow/example_dags/example_sensors.py
[2024-06-18T17:26:04.722-0400] {logging_mixin.py:188} INFO - [2024-06-18T17:26:04.722-0400] {dag.py:3096} INFO - Sync 1 DAGs
[2024-06-18T17:26:04.745-0400] {logging_mixin.py:188} INFO - [2024-06-18T17:26:04.744-0400] {dag.py:3954} INFO - Setting next_dagrun for example_sensors to None, run_after=None
[2024-06-18T17:26:04.778-0400] {processor.py:183} INFO - Processing /Users/jbshome/Desktop/us_debt_etl_pipeline/debt_env/lib/python3.12/site-packages/airflow/example_dags/example_sensors.py took 0.502 seconds
[2024-06-18T17:30:35.972-0400] {processor.py:161} INFO - Started process (PID=25190) to work on /Users/jbshome/Desktop/us_debt_etl_pipeline/debt_env/lib/python3.12/site-packages/airflow/example_dags/example_sensors.py
[2024-06-18T17:30:35.973-0400] {processor.py:830} INFO - Processing file /Users/jbshome/Desktop/us_debt_etl_pipeline/debt_env/lib/python3.12/site-packages/airflow/example_dags/example_sensors.py for tasks to queue
[2024-06-18T17:30:35.975-0400] {logging_mixin.py:188} INFO - [2024-06-18T17:30:35.974-0400] {dagbag.py:545} INFO - Filling up the DagBag from /Users/jbshome/Desktop/us_debt_etl_pipeline/debt_env/lib/python3.12/site-packages/airflow/example_dags/example_sensors.py
[2024-06-18T17:30:36.114-0400] {processor.py:840} INFO - DAG(s) 'example_sensors' retrieved from /Users/jbshome/Desktop/us_debt_etl_pipeline/debt_env/lib/python3.12/site-packages/airflow/example_dags/example_sensors.py
[2024-06-18T17:30:36.782-0400] {logging_mixin.py:188} INFO - [2024-06-18T17:30:36.782-0400] {dag.py:3096} INFO - Sync 1 DAGs
[2024-06-18T17:30:36.878-0400] {logging_mixin.py:188} INFO - [2024-06-18T17:30:36.878-0400] {dag.py:3954} INFO - Setting next_dagrun for example_sensors to None, run_after=None
[2024-06-18T17:30:36.950-0400] {processor.py:183} INFO - Processing /Users/jbshome/Desktop/us_debt_etl_pipeline/debt_env/lib/python3.12/site-packages/airflow/example_dags/example_sensors.py took 0.983 seconds
[2024-06-18T17:35:54.772-0400] {processor.py:161} INFO - Started process (PID=25731) to work on /Users/jbshome/Desktop/us_debt_etl_pipeline/debt_env/lib/python3.12/site-packages/airflow/example_dags/example_sensors.py
[2024-06-18T17:35:54.779-0400] {processor.py:830} INFO - Processing file /Users/jbshome/Desktop/us_debt_etl_pipeline/debt_env/lib/python3.12/site-packages/airflow/example_dags/example_sensors.py for tasks to queue
[2024-06-18T17:35:54.781-0400] {logging_mixin.py:188} INFO - [2024-06-18T17:35:54.780-0400] {dagbag.py:545} INFO - Filling up the DagBag from /Users/jbshome/Desktop/us_debt_etl_pipeline/debt_env/lib/python3.12/site-packages/airflow/example_dags/example_sensors.py
[2024-06-18T17:35:54.848-0400] {processor.py:840} INFO - DAG(s) 'example_sensors' retrieved from /Users/jbshome/Desktop/us_debt_etl_pipeline/debt_env/lib/python3.12/site-packages/airflow/example_dags/example_sensors.py
[2024-06-18T17:35:55.314-0400] {logging_mixin.py:188} INFO - [2024-06-18T17:35:55.313-0400] {dag.py:3096} INFO - Sync 1 DAGs
[2024-06-18T17:35:55.348-0400] {logging_mixin.py:188} INFO - [2024-06-18T17:35:55.348-0400] {dag.py:3954} INFO - Setting next_dagrun for example_sensors to None, run_after=None
[2024-06-18T17:35:55.389-0400] {processor.py:183} INFO - Processing /Users/jbshome/Desktop/us_debt_etl_pipeline/debt_env/lib/python3.12/site-packages/airflow/example_dags/example_sensors.py took 0.622 seconds
[2024-06-18T17:43:57.966-0400] {processor.py:161} INFO - Started process (PID=26555) to work on /Users/jbshome/Desktop/us_debt_etl_pipeline/debt_env/lib/python3.12/site-packages/airflow/example_dags/example_sensors.py
[2024-06-18T17:43:57.971-0400] {processor.py:830} INFO - Processing file /Users/jbshome/Desktop/us_debt_etl_pipeline/debt_env/lib/python3.12/site-packages/airflow/example_dags/example_sensors.py for tasks to queue
[2024-06-18T17:43:57.976-0400] {logging_mixin.py:188} INFO - [2024-06-18T17:43:57.973-0400] {dagbag.py:545} INFO - Filling up the DagBag from /Users/jbshome/Desktop/us_debt_etl_pipeline/debt_env/lib/python3.12/site-packages/airflow/example_dags/example_sensors.py
[2024-06-18T17:43:58.026-0400] {processor.py:840} INFO - DAG(s) 'example_sensors' retrieved from /Users/jbshome/Desktop/us_debt_etl_pipeline/debt_env/lib/python3.12/site-packages/airflow/example_dags/example_sensors.py
[2024-06-18T17:43:58.516-0400] {logging_mixin.py:188} INFO - [2024-06-18T17:43:58.516-0400] {dag.py:3096} INFO - Sync 1 DAGs
[2024-06-18T17:43:58.553-0400] {logging_mixin.py:188} INFO - [2024-06-18T17:43:58.553-0400] {dag.py:3954} INFO - Setting next_dagrun for example_sensors to None, run_after=None
[2024-06-18T17:43:58.662-0400] {processor.py:183} INFO - Processing /Users/jbshome/Desktop/us_debt_etl_pipeline/debt_env/lib/python3.12/site-packages/airflow/example_dags/example_sensors.py took 0.704 seconds
[2024-06-18T17:48:30.936-0400] {processor.py:161} INFO - Started process (PID=27607) to work on /Users/jbshome/Desktop/us_debt_etl_pipeline/debt_env/lib/python3.12/site-packages/airflow/example_dags/example_sensors.py
[2024-06-18T17:48:30.938-0400] {processor.py:830} INFO - Processing file /Users/jbshome/Desktop/us_debt_etl_pipeline/debt_env/lib/python3.12/site-packages/airflow/example_dags/example_sensors.py for tasks to queue
[2024-06-18T17:48:30.940-0400] {logging_mixin.py:188} INFO - [2024-06-18T17:48:30.939-0400] {dagbag.py:545} INFO - Filling up the DagBag from /Users/jbshome/Desktop/us_debt_etl_pipeline/debt_env/lib/python3.12/site-packages/airflow/example_dags/example_sensors.py
[2024-06-18T17:48:31.003-0400] {processor.py:840} INFO - DAG(s) 'example_sensors' retrieved from /Users/jbshome/Desktop/us_debt_etl_pipeline/debt_env/lib/python3.12/site-packages/airflow/example_dags/example_sensors.py
[2024-06-18T17:48:31.362-0400] {logging_mixin.py:188} INFO - [2024-06-18T17:48:31.361-0400] {dag.py:3096} INFO - Sync 1 DAGs
[2024-06-18T17:48:31.395-0400] {logging_mixin.py:188} INFO - [2024-06-18T17:48:31.394-0400] {dag.py:3954} INFO - Setting next_dagrun for example_sensors to None, run_after=None
[2024-06-18T17:48:31.447-0400] {processor.py:183} INFO - Processing /Users/jbshome/Desktop/us_debt_etl_pipeline/debt_env/lib/python3.12/site-packages/airflow/example_dags/example_sensors.py took 0.516 seconds
[2024-06-18T17:53:05.828-0400] {processor.py:161} INFO - Started process (PID=28467) to work on /Users/jbshome/Desktop/us_debt_etl_pipeline/debt_env/lib/python3.12/site-packages/airflow/example_dags/example_sensors.py
[2024-06-18T17:53:05.830-0400] {processor.py:830} INFO - Processing file /Users/jbshome/Desktop/us_debt_etl_pipeline/debt_env/lib/python3.12/site-packages/airflow/example_dags/example_sensors.py for tasks to queue
[2024-06-18T17:53:05.832-0400] {logging_mixin.py:188} INFO - [2024-06-18T17:53:05.832-0400] {dagbag.py:545} INFO - Filling up the DagBag from /Users/jbshome/Desktop/us_debt_etl_pipeline/debt_env/lib/python3.12/site-packages/airflow/example_dags/example_sensors.py
[2024-06-18T17:53:05.870-0400] {processor.py:840} INFO - DAG(s) 'example_sensors' retrieved from /Users/jbshome/Desktop/us_debt_etl_pipeline/debt_env/lib/python3.12/site-packages/airflow/example_dags/example_sensors.py
[2024-06-18T17:53:06.238-0400] {logging_mixin.py:188} INFO - [2024-06-18T17:53:06.237-0400] {dag.py:3096} INFO - Sync 1 DAGs
[2024-06-18T17:53:06.255-0400] {logging_mixin.py:188} INFO - [2024-06-18T17:53:06.255-0400] {dag.py:3954} INFO - Setting next_dagrun for example_sensors to None, run_after=None
[2024-06-18T17:53:06.288-0400] {processor.py:183} INFO - Processing /Users/jbshome/Desktop/us_debt_etl_pipeline/debt_env/lib/python3.12/site-packages/airflow/example_dags/example_sensors.py took 0.468 seconds
[2024-06-18T17:56:44.768-0400] {processor.py:161} INFO - Started process (PID=29403) to work on /Users/jbshome/Desktop/us_debt_etl_pipeline/debt_env/lib/python3.12/site-packages/airflow/example_dags/example_sensors.py
[2024-06-18T17:56:44.771-0400] {processor.py:830} INFO - Processing file /Users/jbshome/Desktop/us_debt_etl_pipeline/debt_env/lib/python3.12/site-packages/airflow/example_dags/example_sensors.py for tasks to queue
[2024-06-18T17:56:44.772-0400] {logging_mixin.py:188} INFO - [2024-06-18T17:56:44.772-0400] {dagbag.py:545} INFO - Filling up the DagBag from /Users/jbshome/Desktop/us_debt_etl_pipeline/debt_env/lib/python3.12/site-packages/airflow/example_dags/example_sensors.py
[2024-06-18T17:56:44.798-0400] {processor.py:840} INFO - DAG(s) 'example_sensors' retrieved from /Users/jbshome/Desktop/us_debt_etl_pipeline/debt_env/lib/python3.12/site-packages/airflow/example_dags/example_sensors.py
[2024-06-18T17:56:45.007-0400] {logging_mixin.py:188} INFO - [2024-06-18T17:56:45.007-0400] {dag.py:3096} INFO - Sync 1 DAGs
[2024-06-18T17:56:45.024-0400] {logging_mixin.py:188} INFO - [2024-06-18T17:56:45.024-0400] {dag.py:3954} INFO - Setting next_dagrun for example_sensors to None, run_after=None
[2024-06-18T17:56:45.053-0400] {processor.py:183} INFO - Processing /Users/jbshome/Desktop/us_debt_etl_pipeline/debt_env/lib/python3.12/site-packages/airflow/example_dags/example_sensors.py took 0.288 seconds
