[2024-06-18T16:32:32.492-0400] {processor.py:161} INFO - Started process (PID=20189) to work on /Users/jbshome/Desktop/us_debt_etl_pipeline/debt_env/lib/python3.12/site-packages/airflow/example_dags/example_branch_python_dop_operator_3.py
[2024-06-18T16:32:32.493-0400] {processor.py:830} INFO - Processing file /Users/jbshome/Desktop/us_debt_etl_pipeline/debt_env/lib/python3.12/site-packages/airflow/example_dags/example_branch_python_dop_operator_3.py for tasks to queue
[2024-06-18T16:32:32.494-0400] {logging_mixin.py:188} INFO - [2024-06-18T16:32:32.494-0400] {dagbag.py:545} INFO - Filling up the DagBag from /Users/jbshome/Desktop/us_debt_etl_pipeline/debt_env/lib/python3.12/site-packages/airflow/example_dags/example_branch_python_dop_operator_3.py
[2024-06-18T16:32:32.546-0400] {processor.py:840} INFO - DAG(s) 'example_branch_dop_operator_v3' retrieved from /Users/jbshome/Desktop/us_debt_etl_pipeline/debt_env/lib/python3.12/site-packages/airflow/example_dags/example_branch_python_dop_operator_3.py
[2024-06-18T16:32:32.788-0400] {logging_mixin.py:188} INFO - [2024-06-18T16:32:32.788-0400] {override.py:1829} INFO - Created Permission View: can delete on DAG:example_branch_dop_operator_v3
[2024-06-18T16:32:32.803-0400] {logging_mixin.py:188} INFO - [2024-06-18T16:32:32.802-0400] {override.py:1829} INFO - Created Permission View: can edit on DAG:example_branch_dop_operator_v3
[2024-06-18T16:32:32.898-0400] {logging_mixin.py:188} INFO - [2024-06-18T16:32:32.897-0400] {override.py:1829} INFO - Created Permission View: can read on DAG:example_branch_dop_operator_v3
[2024-06-18T16:32:32.900-0400] {logging_mixin.py:188} INFO - [2024-06-18T16:32:32.899-0400] {dag.py:3096} INFO - Sync 1 DAGs
[2024-06-18T16:32:32.916-0400] {logging_mixin.py:188} INFO - [2024-06-18T16:32:32.916-0400] {dag.py:3118} INFO - Creating ORM DAG for example_branch_dop_operator_v3
[2024-06-18T16:32:32.934-0400] {logging_mixin.py:188} INFO - [2024-06-18T16:32:32.934-0400] {dag.py:3954} INFO - Setting next_dagrun for example_branch_dop_operator_v3 to 2024-06-18 20:31:00+00:00, run_after=2024-06-18 20:32:00+00:00
[2024-06-18T16:32:32.963-0400] {processor.py:183} INFO - Processing /Users/jbshome/Desktop/us_debt_etl_pipeline/debt_env/lib/python3.12/site-packages/airflow/example_dags/example_branch_python_dop_operator_3.py took 0.474 seconds
[2024-06-18T16:36:11.202-0400] {processor.py:161} INFO - Started process (PID=20389) to work on /Users/jbshome/Desktop/us_debt_etl_pipeline/debt_env/lib/python3.12/site-packages/airflow/example_dags/example_branch_python_dop_operator_3.py
[2024-06-18T16:36:11.204-0400] {processor.py:830} INFO - Processing file /Users/jbshome/Desktop/us_debt_etl_pipeline/debt_env/lib/python3.12/site-packages/airflow/example_dags/example_branch_python_dop_operator_3.py for tasks to queue
[2024-06-18T16:36:11.204-0400] {logging_mixin.py:188} INFO - [2024-06-18T16:36:11.204-0400] {dagbag.py:545} INFO - Filling up the DagBag from /Users/jbshome/Desktop/us_debt_etl_pipeline/debt_env/lib/python3.12/site-packages/airflow/example_dags/example_branch_python_dop_operator_3.py
[2024-06-18T16:36:11.248-0400] {processor.py:840} INFO - DAG(s) 'example_branch_dop_operator_v3' retrieved from /Users/jbshome/Desktop/us_debt_etl_pipeline/debt_env/lib/python3.12/site-packages/airflow/example_dags/example_branch_python_dop_operator_3.py
[2024-06-18T16:36:11.385-0400] {logging_mixin.py:188} INFO - [2024-06-18T16:36:11.385-0400] {dag.py:3096} INFO - Sync 1 DAGs
[2024-06-18T16:36:11.414-0400] {logging_mixin.py:188} INFO - [2024-06-18T16:36:11.414-0400] {dag.py:3954} INFO - Setting next_dagrun for example_branch_dop_operator_v3 to 2024-06-18 20:35:00+00:00, run_after=2024-06-18 20:36:00+00:00
[2024-06-18T16:36:11.444-0400] {processor.py:183} INFO - Processing /Users/jbshome/Desktop/us_debt_etl_pipeline/debt_env/lib/python3.12/site-packages/airflow/example_dags/example_branch_python_dop_operator_3.py took 0.245 seconds
[2024-06-18T16:42:30.327-0400] {processor.py:161} INFO - Started process (PID=21147) to work on /Users/jbshome/Desktop/us_debt_etl_pipeline/debt_env/lib/python3.12/site-packages/airflow/example_dags/example_branch_python_dop_operator_3.py
[2024-06-18T16:42:30.329-0400] {processor.py:830} INFO - Processing file /Users/jbshome/Desktop/us_debt_etl_pipeline/debt_env/lib/python3.12/site-packages/airflow/example_dags/example_branch_python_dop_operator_3.py for tasks to queue
[2024-06-18T16:42:30.330-0400] {logging_mixin.py:188} INFO - [2024-06-18T16:42:30.330-0400] {dagbag.py:545} INFO - Filling up the DagBag from /Users/jbshome/Desktop/us_debt_etl_pipeline/debt_env/lib/python3.12/site-packages/airflow/example_dags/example_branch_python_dop_operator_3.py
[2024-06-18T16:42:30.397-0400] {processor.py:840} INFO - DAG(s) 'example_branch_dop_operator_v3' retrieved from /Users/jbshome/Desktop/us_debt_etl_pipeline/debt_env/lib/python3.12/site-packages/airflow/example_dags/example_branch_python_dop_operator_3.py
[2024-06-18T16:42:30.594-0400] {logging_mixin.py:188} INFO - [2024-06-18T16:42:30.593-0400] {dag.py:3096} INFO - Sync 1 DAGs
[2024-06-18T16:42:30.648-0400] {logging_mixin.py:188} INFO - [2024-06-18T16:42:30.648-0400] {dag.py:3954} INFO - Setting next_dagrun for example_branch_dop_operator_v3 to 2024-06-18 20:41:00+00:00, run_after=2024-06-18 20:42:00+00:00
[2024-06-18T16:42:30.691-0400] {processor.py:183} INFO - Processing /Users/jbshome/Desktop/us_debt_etl_pipeline/debt_env/lib/python3.12/site-packages/airflow/example_dags/example_branch_python_dop_operator_3.py took 0.369 seconds
[2024-06-18T16:48:40.110-0400] {processor.py:161} INFO - Started process (PID=21671) to work on /Users/jbshome/Desktop/us_debt_etl_pipeline/debt_env/lib/python3.12/site-packages/airflow/example_dags/example_branch_python_dop_operator_3.py
[2024-06-18T16:48:40.114-0400] {processor.py:830} INFO - Processing file /Users/jbshome/Desktop/us_debt_etl_pipeline/debt_env/lib/python3.12/site-packages/airflow/example_dags/example_branch_python_dop_operator_3.py for tasks to queue
[2024-06-18T16:48:40.116-0400] {logging_mixin.py:188} INFO - [2024-06-18T16:48:40.115-0400] {dagbag.py:545} INFO - Filling up the DagBag from /Users/jbshome/Desktop/us_debt_etl_pipeline/debt_env/lib/python3.12/site-packages/airflow/example_dags/example_branch_python_dop_operator_3.py
[2024-06-18T16:48:40.209-0400] {processor.py:840} INFO - DAG(s) 'example_branch_dop_operator_v3' retrieved from /Users/jbshome/Desktop/us_debt_etl_pipeline/debt_env/lib/python3.12/site-packages/airflow/example_dags/example_branch_python_dop_operator_3.py
[2024-06-18T16:48:40.470-0400] {logging_mixin.py:188} INFO - [2024-06-18T16:48:40.469-0400] {dag.py:3096} INFO - Sync 1 DAGs
[2024-06-18T16:48:40.504-0400] {logging_mixin.py:188} INFO - [2024-06-18T16:48:40.504-0400] {dag.py:3954} INFO - Setting next_dagrun for example_branch_dop_operator_v3 to 2024-06-18 20:47:00+00:00, run_after=2024-06-18 20:48:00+00:00
[2024-06-18T16:48:40.537-0400] {processor.py:183} INFO - Processing /Users/jbshome/Desktop/us_debt_etl_pipeline/debt_env/lib/python3.12/site-packages/airflow/example_dags/example_branch_python_dop_operator_3.py took 0.432 seconds
[2024-06-18T16:54:47.807-0400] {processor.py:161} INFO - Started process (PID=21993) to work on /Users/jbshome/Desktop/us_debt_etl_pipeline/debt_env/lib/python3.12/site-packages/airflow/example_dags/example_branch_python_dop_operator_3.py
[2024-06-18T16:54:47.810-0400] {processor.py:830} INFO - Processing file /Users/jbshome/Desktop/us_debt_etl_pipeline/debt_env/lib/python3.12/site-packages/airflow/example_dags/example_branch_python_dop_operator_3.py for tasks to queue
[2024-06-18T16:54:47.811-0400] {logging_mixin.py:188} INFO - [2024-06-18T16:54:47.810-0400] {dagbag.py:545} INFO - Filling up the DagBag from /Users/jbshome/Desktop/us_debt_etl_pipeline/debt_env/lib/python3.12/site-packages/airflow/example_dags/example_branch_python_dop_operator_3.py
[2024-06-18T16:54:47.903-0400] {processor.py:840} INFO - DAG(s) 'example_branch_dop_operator_v3' retrieved from /Users/jbshome/Desktop/us_debt_etl_pipeline/debt_env/lib/python3.12/site-packages/airflow/example_dags/example_branch_python_dop_operator_3.py
[2024-06-18T16:54:48.122-0400] {logging_mixin.py:188} INFO - [2024-06-18T16:54:48.122-0400] {dag.py:3096} INFO - Sync 1 DAGs
[2024-06-18T16:54:48.175-0400] {logging_mixin.py:188} INFO - [2024-06-18T16:54:48.174-0400] {dag.py:3954} INFO - Setting next_dagrun for example_branch_dop_operator_v3 to 2024-06-18 20:53:00+00:00, run_after=2024-06-18 20:54:00+00:00
[2024-06-18T16:54:48.214-0400] {processor.py:183} INFO - Processing /Users/jbshome/Desktop/us_debt_etl_pipeline/debt_env/lib/python3.12/site-packages/airflow/example_dags/example_branch_python_dop_operator_3.py took 0.413 seconds
[2024-06-18T17:01:59.978-0400] {processor.py:161} INFO - Started process (PID=22731) to work on /Users/jbshome/Desktop/us_debt_etl_pipeline/debt_env/lib/python3.12/site-packages/airflow/example_dags/example_branch_python_dop_operator_3.py
[2024-06-18T17:01:59.980-0400] {processor.py:830} INFO - Processing file /Users/jbshome/Desktop/us_debt_etl_pipeline/debt_env/lib/python3.12/site-packages/airflow/example_dags/example_branch_python_dop_operator_3.py for tasks to queue
[2024-06-18T17:01:59.983-0400] {logging_mixin.py:188} INFO - [2024-06-18T17:01:59.981-0400] {dagbag.py:545} INFO - Filling up the DagBag from /Users/jbshome/Desktop/us_debt_etl_pipeline/debt_env/lib/python3.12/site-packages/airflow/example_dags/example_branch_python_dop_operator_3.py
[2024-06-18T17:02:00.116-0400] {processor.py:840} INFO - DAG(s) 'example_branch_dop_operator_v3' retrieved from /Users/jbshome/Desktop/us_debt_etl_pipeline/debt_env/lib/python3.12/site-packages/airflow/example_dags/example_branch_python_dop_operator_3.py
[2024-06-18T17:02:00.489-0400] {logging_mixin.py:188} INFO - [2024-06-18T17:02:00.488-0400] {dag.py:3096} INFO - Sync 1 DAGs
[2024-06-18T17:02:00.526-0400] {logging_mixin.py:188} INFO - [2024-06-18T17:02:00.526-0400] {dag.py:3954} INFO - Setting next_dagrun for example_branch_dop_operator_v3 to 2024-06-18 21:01:00+00:00, run_after=2024-06-18 21:02:00+00:00
[2024-06-18T17:02:00.560-0400] {processor.py:183} INFO - Processing /Users/jbshome/Desktop/us_debt_etl_pipeline/debt_env/lib/python3.12/site-packages/airflow/example_dags/example_branch_python_dop_operator_3.py took 0.587 seconds
[2024-06-18T17:09:10.301-0400] {processor.py:161} INFO - Started process (PID=23728) to work on /Users/jbshome/Desktop/us_debt_etl_pipeline/debt_env/lib/python3.12/site-packages/airflow/example_dags/example_branch_python_dop_operator_3.py
[2024-06-18T17:09:10.303-0400] {processor.py:830} INFO - Processing file /Users/jbshome/Desktop/us_debt_etl_pipeline/debt_env/lib/python3.12/site-packages/airflow/example_dags/example_branch_python_dop_operator_3.py for tasks to queue
[2024-06-18T17:09:10.304-0400] {logging_mixin.py:188} INFO - [2024-06-18T17:09:10.304-0400] {dagbag.py:545} INFO - Filling up the DagBag from /Users/jbshome/Desktop/us_debt_etl_pipeline/debt_env/lib/python3.12/site-packages/airflow/example_dags/example_branch_python_dop_operator_3.py
[2024-06-18T17:09:10.377-0400] {processor.py:840} INFO - DAG(s) 'example_branch_dop_operator_v3' retrieved from /Users/jbshome/Desktop/us_debt_etl_pipeline/debt_env/lib/python3.12/site-packages/airflow/example_dags/example_branch_python_dop_operator_3.py
[2024-06-18T17:09:10.642-0400] {logging_mixin.py:188} INFO - [2024-06-18T17:09:10.642-0400] {dag.py:3096} INFO - Sync 1 DAGs
[2024-06-18T17:09:10.686-0400] {logging_mixin.py:188} INFO - [2024-06-18T17:09:10.686-0400] {dag.py:3954} INFO - Setting next_dagrun for example_branch_dop_operator_v3 to 2024-06-18 21:08:00+00:00, run_after=2024-06-18 21:09:00+00:00
[2024-06-18T17:09:10.727-0400] {processor.py:183} INFO - Processing /Users/jbshome/Desktop/us_debt_etl_pipeline/debt_env/lib/python3.12/site-packages/airflow/example_dags/example_branch_python_dop_operator_3.py took 0.430 seconds
[2024-06-18T17:19:30.945-0400] {processor.py:161} INFO - Started process (PID=24394) to work on /Users/jbshome/Desktop/us_debt_etl_pipeline/debt_env/lib/python3.12/site-packages/airflow/example_dags/example_branch_python_dop_operator_3.py
[2024-06-18T17:19:30.948-0400] {processor.py:830} INFO - Processing file /Users/jbshome/Desktop/us_debt_etl_pipeline/debt_env/lib/python3.12/site-packages/airflow/example_dags/example_branch_python_dop_operator_3.py for tasks to queue
[2024-06-18T17:19:30.949-0400] {logging_mixin.py:188} INFO - [2024-06-18T17:19:30.948-0400] {dagbag.py:545} INFO - Filling up the DagBag from /Users/jbshome/Desktop/us_debt_etl_pipeline/debt_env/lib/python3.12/site-packages/airflow/example_dags/example_branch_python_dop_operator_3.py
[2024-06-18T17:19:31.023-0400] {processor.py:840} INFO - DAG(s) 'example_branch_dop_operator_v3' retrieved from /Users/jbshome/Desktop/us_debt_etl_pipeline/debt_env/lib/python3.12/site-packages/airflow/example_dags/example_branch_python_dop_operator_3.py
[2024-06-18T17:19:31.220-0400] {logging_mixin.py:188} INFO - [2024-06-18T17:19:31.219-0400] {dag.py:3096} INFO - Sync 1 DAGs
[2024-06-18T17:19:31.275-0400] {logging_mixin.py:188} INFO - [2024-06-18T17:19:31.274-0400] {dag.py:3954} INFO - Setting next_dagrun for example_branch_dop_operator_v3 to 2024-06-18 21:18:00+00:00, run_after=2024-06-18 21:19:00+00:00
[2024-06-18T17:19:31.309-0400] {processor.py:183} INFO - Processing /Users/jbshome/Desktop/us_debt_etl_pipeline/debt_env/lib/python3.12/site-packages/airflow/example_dags/example_branch_python_dop_operator_3.py took 0.368 seconds
[2024-06-18T17:28:13.287-0400] {processor.py:161} INFO - Started process (PID=24998) to work on /Users/jbshome/Desktop/us_debt_etl_pipeline/debt_env/lib/python3.12/site-packages/airflow/example_dags/example_branch_python_dop_operator_3.py
[2024-06-18T17:28:13.289-0400] {processor.py:830} INFO - Processing file /Users/jbshome/Desktop/us_debt_etl_pipeline/debt_env/lib/python3.12/site-packages/airflow/example_dags/example_branch_python_dop_operator_3.py for tasks to queue
[2024-06-18T17:28:13.290-0400] {logging_mixin.py:188} INFO - [2024-06-18T17:28:13.290-0400] {dagbag.py:545} INFO - Filling up the DagBag from /Users/jbshome/Desktop/us_debt_etl_pipeline/debt_env/lib/python3.12/site-packages/airflow/example_dags/example_branch_python_dop_operator_3.py
[2024-06-18T17:28:13.371-0400] {processor.py:840} INFO - DAG(s) 'example_branch_dop_operator_v3' retrieved from /Users/jbshome/Desktop/us_debt_etl_pipeline/debt_env/lib/python3.12/site-packages/airflow/example_dags/example_branch_python_dop_operator_3.py
[2024-06-18T17:28:13.585-0400] {logging_mixin.py:188} INFO - [2024-06-18T17:28:13.584-0400] {dag.py:3096} INFO - Sync 1 DAGs
[2024-06-18T17:28:13.624-0400] {logging_mixin.py:188} INFO - [2024-06-18T17:28:13.624-0400] {dag.py:3954} INFO - Setting next_dagrun for example_branch_dop_operator_v3 to 2024-06-18 21:27:00+00:00, run_after=2024-06-18 21:28:00+00:00
[2024-06-18T17:28:13.659-0400] {processor.py:183} INFO - Processing /Users/jbshome/Desktop/us_debt_etl_pipeline/debt_env/lib/python3.12/site-packages/airflow/example_dags/example_branch_python_dop_operator_3.py took 0.376 seconds
[2024-06-18T17:38:37.793-0400] {processor.py:161} INFO - Started process (PID=26328) to work on /Users/jbshome/Desktop/us_debt_etl_pipeline/debt_env/lib/python3.12/site-packages/airflow/example_dags/example_branch_python_dop_operator_3.py
[2024-06-18T17:38:37.795-0400] {processor.py:830} INFO - Processing file /Users/jbshome/Desktop/us_debt_etl_pipeline/debt_env/lib/python3.12/site-packages/airflow/example_dags/example_branch_python_dop_operator_3.py for tasks to queue
[2024-06-18T17:38:37.796-0400] {logging_mixin.py:188} INFO - [2024-06-18T17:38:37.796-0400] {dagbag.py:545} INFO - Filling up the DagBag from /Users/jbshome/Desktop/us_debt_etl_pipeline/debt_env/lib/python3.12/site-packages/airflow/example_dags/example_branch_python_dop_operator_3.py
[2024-06-18T17:38:38.008-0400] {processor.py:840} INFO - DAG(s) 'example_branch_dop_operator_v3' retrieved from /Users/jbshome/Desktop/us_debt_etl_pipeline/debt_env/lib/python3.12/site-packages/airflow/example_dags/example_branch_python_dop_operator_3.py
[2024-06-18T17:38:38.624-0400] {logging_mixin.py:188} INFO - [2024-06-18T17:38:38.624-0400] {dag.py:3096} INFO - Sync 1 DAGs
[2024-06-18T17:38:38.823-0400] {logging_mixin.py:188} INFO - [2024-06-18T17:38:38.822-0400] {dag.py:3954} INFO - Setting next_dagrun for example_branch_dop_operator_v3 to 2024-06-18 21:37:00+00:00, run_after=2024-06-18 21:38:00+00:00
[2024-06-18T17:38:38.919-0400] {processor.py:183} INFO - Processing /Users/jbshome/Desktop/us_debt_etl_pipeline/debt_env/lib/python3.12/site-packages/airflow/example_dags/example_branch_python_dop_operator_3.py took 1.131 seconds
[2024-06-18T17:46:03.197-0400] {processor.py:161} INFO - Started process (PID=27228) to work on /Users/jbshome/Desktop/us_debt_etl_pipeline/debt_env/lib/python3.12/site-packages/airflow/example_dags/example_branch_python_dop_operator_3.py
[2024-06-18T17:46:03.200-0400] {processor.py:830} INFO - Processing file /Users/jbshome/Desktop/us_debt_etl_pipeline/debt_env/lib/python3.12/site-packages/airflow/example_dags/example_branch_python_dop_operator_3.py for tasks to queue
[2024-06-18T17:46:03.201-0400] {logging_mixin.py:188} INFO - [2024-06-18T17:46:03.201-0400] {dagbag.py:545} INFO - Filling up the DagBag from /Users/jbshome/Desktop/us_debt_etl_pipeline/debt_env/lib/python3.12/site-packages/airflow/example_dags/example_branch_python_dop_operator_3.py
[2024-06-18T17:46:03.287-0400] {processor.py:840} INFO - DAG(s) 'example_branch_dop_operator_v3' retrieved from /Users/jbshome/Desktop/us_debt_etl_pipeline/debt_env/lib/python3.12/site-packages/airflow/example_dags/example_branch_python_dop_operator_3.py
[2024-06-18T17:46:03.796-0400] {logging_mixin.py:188} INFO - [2024-06-18T17:46:03.796-0400] {dag.py:3096} INFO - Sync 1 DAGs
[2024-06-18T17:46:03.840-0400] {logging_mixin.py:188} INFO - [2024-06-18T17:46:03.837-0400] {dag.py:3954} INFO - Setting next_dagrun for example_branch_dop_operator_v3 to 2024-06-18 21:45:00+00:00, run_after=2024-06-18 21:46:00+00:00
[2024-06-18T17:46:03.885-0400] {processor.py:183} INFO - Processing /Users/jbshome/Desktop/us_debt_etl_pipeline/debt_env/lib/python3.12/site-packages/airflow/example_dags/example_branch_python_dop_operator_3.py took 0.693 seconds
