[2024-06-18T16:30:30.087-0400] {processor.py:161} INFO - Started process (PID=19786) to work on /Users/jbshome/Desktop/us_debt_etl_pipeline/debt_env/lib/python3.12/site-packages/airflow/example_dags/example_task_group.py
[2024-06-18T16:30:30.088-0400] {processor.py:830} INFO - Processing file /Users/jbshome/Desktop/us_debt_etl_pipeline/debt_env/lib/python3.12/site-packages/airflow/example_dags/example_task_group.py for tasks to queue
[2024-06-18T16:30:30.089-0400] {logging_mixin.py:188} INFO - [2024-06-18T16:30:30.089-0400] {dagbag.py:545} INFO - Filling up the DagBag from /Users/jbshome/Desktop/us_debt_etl_pipeline/debt_env/lib/python3.12/site-packages/airflow/example_dags/example_task_group.py
[2024-06-18T16:30:30.116-0400] {processor.py:840} INFO - DAG(s) 'example_task_group' retrieved from /Users/jbshome/Desktop/us_debt_etl_pipeline/debt_env/lib/python3.12/site-packages/airflow/example_dags/example_task_group.py
[2024-06-18T16:30:30.423-0400] {logging_mixin.py:188} INFO - [2024-06-18T16:30:30.423-0400] {override.py:1829} INFO - Created Permission View: can edit on DAG:example_task_group
[2024-06-18T16:30:30.436-0400] {logging_mixin.py:188} INFO - [2024-06-18T16:30:30.435-0400] {override.py:1829} INFO - Created Permission View: can delete on DAG:example_task_group
[2024-06-18T16:30:30.445-0400] {logging_mixin.py:188} INFO - [2024-06-18T16:30:30.445-0400] {override.py:1829} INFO - Created Permission View: can read on DAG:example_task_group
[2024-06-18T16:30:30.446-0400] {logging_mixin.py:188} INFO - [2024-06-18T16:30:30.446-0400] {dag.py:3096} INFO - Sync 1 DAGs
[2024-06-18T16:30:30.457-0400] {logging_mixin.py:188} INFO - [2024-06-18T16:30:30.456-0400] {dag.py:3118} INFO - Creating ORM DAG for example_task_group
[2024-06-18T16:30:30.467-0400] {logging_mixin.py:188} INFO - [2024-06-18T16:30:30.467-0400] {dag.py:3954} INFO - Setting next_dagrun for example_task_group to 2024-06-17 00:00:00+00:00, run_after=2024-06-18 00:00:00+00:00
[2024-06-18T16:30:30.561-0400] {processor.py:183} INFO - Processing /Users/jbshome/Desktop/us_debt_etl_pipeline/debt_env/lib/python3.12/site-packages/airflow/example_dags/example_task_group.py took 0.478 seconds
[2024-06-18T16:34:20.084-0400] {processor.py:161} INFO - Started process (PID=20281) to work on /Users/jbshome/Desktop/us_debt_etl_pipeline/debt_env/lib/python3.12/site-packages/airflow/example_dags/example_task_group.py
[2024-06-18T16:34:20.087-0400] {processor.py:830} INFO - Processing file /Users/jbshome/Desktop/us_debt_etl_pipeline/debt_env/lib/python3.12/site-packages/airflow/example_dags/example_task_group.py for tasks to queue
[2024-06-18T16:34:20.087-0400] {logging_mixin.py:188} INFO - [2024-06-18T16:34:20.087-0400] {dagbag.py:545} INFO - Filling up the DagBag from /Users/jbshome/Desktop/us_debt_etl_pipeline/debt_env/lib/python3.12/site-packages/airflow/example_dags/example_task_group.py
[2024-06-18T16:34:20.098-0400] {processor.py:840} INFO - DAG(s) 'example_task_group' retrieved from /Users/jbshome/Desktop/us_debt_etl_pipeline/debt_env/lib/python3.12/site-packages/airflow/example_dags/example_task_group.py
[2024-06-18T16:34:20.210-0400] {logging_mixin.py:188} INFO - [2024-06-18T16:34:20.209-0400] {dag.py:3096} INFO - Sync 1 DAGs
[2024-06-18T16:34:20.229-0400] {logging_mixin.py:188} INFO - [2024-06-18T16:34:20.228-0400] {dag.py:3954} INFO - Setting next_dagrun for example_task_group to 2024-06-17 00:00:00+00:00, run_after=2024-06-18 00:00:00+00:00
[2024-06-18T16:34:20.250-0400] {processor.py:183} INFO - Processing /Users/jbshome/Desktop/us_debt_etl_pipeline/debt_env/lib/python3.12/site-packages/airflow/example_dags/example_task_group.py took 0.170 seconds
[2024-06-18T16:37:36.264-0400] {processor.py:161} INFO - Started process (PID=20454) to work on /Users/jbshome/Desktop/us_debt_etl_pipeline/debt_env/lib/python3.12/site-packages/airflow/example_dags/example_task_group.py
[2024-06-18T16:37:36.265-0400] {processor.py:830} INFO - Processing file /Users/jbshome/Desktop/us_debt_etl_pipeline/debt_env/lib/python3.12/site-packages/airflow/example_dags/example_task_group.py for tasks to queue
[2024-06-18T16:37:36.266-0400] {logging_mixin.py:188} INFO - [2024-06-18T16:37:36.266-0400] {dagbag.py:545} INFO - Filling up the DagBag from /Users/jbshome/Desktop/us_debt_etl_pipeline/debt_env/lib/python3.12/site-packages/airflow/example_dags/example_task_group.py
[2024-06-18T16:37:36.278-0400] {processor.py:840} INFO - DAG(s) 'example_task_group' retrieved from /Users/jbshome/Desktop/us_debt_etl_pipeline/debt_env/lib/python3.12/site-packages/airflow/example_dags/example_task_group.py
[2024-06-18T16:37:36.395-0400] {logging_mixin.py:188} INFO - [2024-06-18T16:37:36.395-0400] {dag.py:3096} INFO - Sync 1 DAGs
[2024-06-18T16:37:36.416-0400] {logging_mixin.py:188} INFO - [2024-06-18T16:37:36.416-0400] {dag.py:3954} INFO - Setting next_dagrun for example_task_group to 2024-06-17 00:00:00+00:00, run_after=2024-06-18 00:00:00+00:00
[2024-06-18T16:37:36.439-0400] {processor.py:183} INFO - Processing /Users/jbshome/Desktop/us_debt_etl_pipeline/debt_env/lib/python3.12/site-packages/airflow/example_dags/example_task_group.py took 0.178 seconds
[2024-06-18T16:40:42.622-0400] {processor.py:161} INFO - Started process (PID=20785) to work on /Users/jbshome/Desktop/us_debt_etl_pipeline/debt_env/lib/python3.12/site-packages/airflow/example_dags/example_task_group.py
[2024-06-18T16:40:42.625-0400] {processor.py:830} INFO - Processing file /Users/jbshome/Desktop/us_debt_etl_pipeline/debt_env/lib/python3.12/site-packages/airflow/example_dags/example_task_group.py for tasks to queue
[2024-06-18T16:40:42.626-0400] {logging_mixin.py:188} INFO - [2024-06-18T16:40:42.625-0400] {dagbag.py:545} INFO - Filling up the DagBag from /Users/jbshome/Desktop/us_debt_etl_pipeline/debt_env/lib/python3.12/site-packages/airflow/example_dags/example_task_group.py
[2024-06-18T16:40:42.637-0400] {processor.py:840} INFO - DAG(s) 'example_task_group' retrieved from /Users/jbshome/Desktop/us_debt_etl_pipeline/debt_env/lib/python3.12/site-packages/airflow/example_dags/example_task_group.py
[2024-06-18T16:40:42.760-0400] {logging_mixin.py:188} INFO - [2024-06-18T16:40:42.760-0400] {dag.py:3096} INFO - Sync 1 DAGs
[2024-06-18T16:40:42.777-0400] {logging_mixin.py:188} INFO - [2024-06-18T16:40:42.777-0400] {dag.py:3954} INFO - Setting next_dagrun for example_task_group to 2024-06-17 00:00:00+00:00, run_after=2024-06-18 00:00:00+00:00
[2024-06-18T16:40:42.798-0400] {processor.py:183} INFO - Processing /Users/jbshome/Desktop/us_debt_etl_pipeline/debt_env/lib/python3.12/site-packages/airflow/example_dags/example_task_group.py took 0.180 seconds
[2024-06-18T16:43:51.078-0400] {processor.py:161} INFO - Started process (PID=21405) to work on /Users/jbshome/Desktop/us_debt_etl_pipeline/debt_env/lib/python3.12/site-packages/airflow/example_dags/example_task_group.py
[2024-06-18T16:43:51.081-0400] {processor.py:830} INFO - Processing file /Users/jbshome/Desktop/us_debt_etl_pipeline/debt_env/lib/python3.12/site-packages/airflow/example_dags/example_task_group.py for tasks to queue
[2024-06-18T16:43:51.081-0400] {logging_mixin.py:188} INFO - [2024-06-18T16:43:51.081-0400] {dagbag.py:545} INFO - Filling up the DagBag from /Users/jbshome/Desktop/us_debt_etl_pipeline/debt_env/lib/python3.12/site-packages/airflow/example_dags/example_task_group.py
[2024-06-18T16:43:51.092-0400] {processor.py:840} INFO - DAG(s) 'example_task_group' retrieved from /Users/jbshome/Desktop/us_debt_etl_pipeline/debt_env/lib/python3.12/site-packages/airflow/example_dags/example_task_group.py
[2024-06-18T16:43:51.203-0400] {logging_mixin.py:188} INFO - [2024-06-18T16:43:51.202-0400] {dag.py:3096} INFO - Sync 1 DAGs
[2024-06-18T16:43:51.225-0400] {logging_mixin.py:188} INFO - [2024-06-18T16:43:51.225-0400] {dag.py:3954} INFO - Setting next_dagrun for example_task_group to 2024-06-17 00:00:00+00:00, run_after=2024-06-18 00:00:00+00:00
[2024-06-18T16:43:51.245-0400] {processor.py:183} INFO - Processing /Users/jbshome/Desktop/us_debt_etl_pipeline/debt_env/lib/python3.12/site-packages/airflow/example_dags/example_task_group.py took 0.169 seconds
[2024-06-18T16:46:46.130-0400] {processor.py:161} INFO - Started process (PID=21575) to work on /Users/jbshome/Desktop/us_debt_etl_pipeline/debt_env/lib/python3.12/site-packages/airflow/example_dags/example_task_group.py
[2024-06-18T16:46:46.131-0400] {processor.py:830} INFO - Processing file /Users/jbshome/Desktop/us_debt_etl_pipeline/debt_env/lib/python3.12/site-packages/airflow/example_dags/example_task_group.py for tasks to queue
[2024-06-18T16:46:46.132-0400] {logging_mixin.py:188} INFO - [2024-06-18T16:46:46.132-0400] {dagbag.py:545} INFO - Filling up the DagBag from /Users/jbshome/Desktop/us_debt_etl_pipeline/debt_env/lib/python3.12/site-packages/airflow/example_dags/example_task_group.py
[2024-06-18T16:46:46.149-0400] {processor.py:840} INFO - DAG(s) 'example_task_group' retrieved from /Users/jbshome/Desktop/us_debt_etl_pipeline/debt_env/lib/python3.12/site-packages/airflow/example_dags/example_task_group.py
[2024-06-18T16:46:46.282-0400] {logging_mixin.py:188} INFO - [2024-06-18T16:46:46.282-0400] {dag.py:3096} INFO - Sync 1 DAGs
[2024-06-18T16:46:46.303-0400] {logging_mixin.py:188} INFO - [2024-06-18T16:46:46.303-0400] {dag.py:3954} INFO - Setting next_dagrun for example_task_group to 2024-06-17 00:00:00+00:00, run_after=2024-06-18 00:00:00+00:00
[2024-06-18T16:46:46.329-0400] {processor.py:183} INFO - Processing /Users/jbshome/Desktop/us_debt_etl_pipeline/debt_env/lib/python3.12/site-packages/airflow/example_dags/example_task_group.py took 0.204 seconds
[2024-06-18T16:49:52.976-0400] {processor.py:161} INFO - Started process (PID=21744) to work on /Users/jbshome/Desktop/us_debt_etl_pipeline/debt_env/lib/python3.12/site-packages/airflow/example_dags/example_task_group.py
[2024-06-18T16:49:52.978-0400] {processor.py:830} INFO - Processing file /Users/jbshome/Desktop/us_debt_etl_pipeline/debt_env/lib/python3.12/site-packages/airflow/example_dags/example_task_group.py for tasks to queue
[2024-06-18T16:49:52.979-0400] {logging_mixin.py:188} INFO - [2024-06-18T16:49:52.978-0400] {dagbag.py:545} INFO - Filling up the DagBag from /Users/jbshome/Desktop/us_debt_etl_pipeline/debt_env/lib/python3.12/site-packages/airflow/example_dags/example_task_group.py
[2024-06-18T16:49:52.991-0400] {processor.py:840} INFO - DAG(s) 'example_task_group' retrieved from /Users/jbshome/Desktop/us_debt_etl_pipeline/debt_env/lib/python3.12/site-packages/airflow/example_dags/example_task_group.py
[2024-06-18T16:49:53.154-0400] {logging_mixin.py:188} INFO - [2024-06-18T16:49:53.153-0400] {dag.py:3096} INFO - Sync 1 DAGs
[2024-06-18T16:49:53.178-0400] {logging_mixin.py:188} INFO - [2024-06-18T16:49:53.177-0400] {dag.py:3954} INFO - Setting next_dagrun for example_task_group to 2024-06-17 00:00:00+00:00, run_after=2024-06-18 00:00:00+00:00
[2024-06-18T16:49:53.205-0400] {processor.py:183} INFO - Processing /Users/jbshome/Desktop/us_debt_etl_pipeline/debt_env/lib/python3.12/site-packages/airflow/example_dags/example_task_group.py took 0.233 seconds
[2024-06-18T16:53:01.468-0400] {processor.py:161} INFO - Started process (PID=21910) to work on /Users/jbshome/Desktop/us_debt_etl_pipeline/debt_env/lib/python3.12/site-packages/airflow/example_dags/example_task_group.py
[2024-06-18T16:53:01.470-0400] {processor.py:830} INFO - Processing file /Users/jbshome/Desktop/us_debt_etl_pipeline/debt_env/lib/python3.12/site-packages/airflow/example_dags/example_task_group.py for tasks to queue
[2024-06-18T16:53:01.471-0400] {logging_mixin.py:188} INFO - [2024-06-18T16:53:01.471-0400] {dagbag.py:545} INFO - Filling up the DagBag from /Users/jbshome/Desktop/us_debt_etl_pipeline/debt_env/lib/python3.12/site-packages/airflow/example_dags/example_task_group.py
[2024-06-18T16:53:01.482-0400] {processor.py:840} INFO - DAG(s) 'example_task_group' retrieved from /Users/jbshome/Desktop/us_debt_etl_pipeline/debt_env/lib/python3.12/site-packages/airflow/example_dags/example_task_group.py
[2024-06-18T16:53:01.603-0400] {logging_mixin.py:188} INFO - [2024-06-18T16:53:01.603-0400] {dag.py:3096} INFO - Sync 1 DAGs
[2024-06-18T16:53:01.622-0400] {logging_mixin.py:188} INFO - [2024-06-18T16:53:01.622-0400] {dag.py:3954} INFO - Setting next_dagrun for example_task_group to 2024-06-17 00:00:00+00:00, run_after=2024-06-18 00:00:00+00:00
[2024-06-18T16:53:01.645-0400] {processor.py:183} INFO - Processing /Users/jbshome/Desktop/us_debt_etl_pipeline/debt_env/lib/python3.12/site-packages/airflow/example_dags/example_task_group.py took 0.181 seconds
[2024-06-18T16:56:13.489-0400] {processor.py:161} INFO - Started process (PID=22062) to work on /Users/jbshome/Desktop/us_debt_etl_pipeline/debt_env/lib/python3.12/site-packages/airflow/example_dags/example_task_group.py
[2024-06-18T16:56:13.495-0400] {processor.py:830} INFO - Processing file /Users/jbshome/Desktop/us_debt_etl_pipeline/debt_env/lib/python3.12/site-packages/airflow/example_dags/example_task_group.py for tasks to queue
[2024-06-18T16:56:13.496-0400] {logging_mixin.py:188} INFO - [2024-06-18T16:56:13.496-0400] {dagbag.py:545} INFO - Filling up the DagBag from /Users/jbshome/Desktop/us_debt_etl_pipeline/debt_env/lib/python3.12/site-packages/airflow/example_dags/example_task_group.py
[2024-06-18T16:56:13.515-0400] {processor.py:840} INFO - DAG(s) 'example_task_group' retrieved from /Users/jbshome/Desktop/us_debt_etl_pipeline/debt_env/lib/python3.12/site-packages/airflow/example_dags/example_task_group.py
[2024-06-18T16:56:13.679-0400] {logging_mixin.py:188} INFO - [2024-06-18T16:56:13.678-0400] {dag.py:3096} INFO - Sync 1 DAGs
[2024-06-18T16:56:13.704-0400] {logging_mixin.py:188} INFO - [2024-06-18T16:56:13.704-0400] {dag.py:3954} INFO - Setting next_dagrun for example_task_group to 2024-06-17 00:00:00+00:00, run_after=2024-06-18 00:00:00+00:00
[2024-06-18T16:56:13.738-0400] {processor.py:183} INFO - Processing /Users/jbshome/Desktop/us_debt_etl_pipeline/debt_env/lib/python3.12/site-packages/airflow/example_dags/example_task_group.py took 0.253 seconds
[2024-06-18T16:59:22.098-0400] {processor.py:161} INFO - Started process (PID=22565) to work on /Users/jbshome/Desktop/us_debt_etl_pipeline/debt_env/lib/python3.12/site-packages/airflow/example_dags/example_task_group.py
[2024-06-18T16:59:22.099-0400] {processor.py:830} INFO - Processing file /Users/jbshome/Desktop/us_debt_etl_pipeline/debt_env/lib/python3.12/site-packages/airflow/example_dags/example_task_group.py for tasks to queue
[2024-06-18T16:59:22.099-0400] {logging_mixin.py:188} INFO - [2024-06-18T16:59:22.099-0400] {dagbag.py:545} INFO - Filling up the DagBag from /Users/jbshome/Desktop/us_debt_etl_pipeline/debt_env/lib/python3.12/site-packages/airflow/example_dags/example_task_group.py
[2024-06-18T16:59:22.110-0400] {processor.py:840} INFO - DAG(s) 'example_task_group' retrieved from /Users/jbshome/Desktop/us_debt_etl_pipeline/debt_env/lib/python3.12/site-packages/airflow/example_dags/example_task_group.py
[2024-06-18T16:59:22.247-0400] {logging_mixin.py:188} INFO - [2024-06-18T16:59:22.247-0400] {dag.py:3096} INFO - Sync 1 DAGs
[2024-06-18T16:59:22.264-0400] {logging_mixin.py:188} INFO - [2024-06-18T16:59:22.264-0400] {dag.py:3954} INFO - Setting next_dagrun for example_task_group to 2024-06-17 00:00:00+00:00, run_after=2024-06-18 00:00:00+00:00
[2024-06-18T16:59:22.284-0400] {processor.py:183} INFO - Processing /Users/jbshome/Desktop/us_debt_etl_pipeline/debt_env/lib/python3.12/site-packages/airflow/example_dags/example_task_group.py took 0.189 seconds
[2024-06-18T17:03:33.347-0400] {processor.py:161} INFO - Started process (PID=22811) to work on /Users/jbshome/Desktop/us_debt_etl_pipeline/debt_env/lib/python3.12/site-packages/airflow/example_dags/example_task_group.py
[2024-06-18T17:03:33.348-0400] {processor.py:830} INFO - Processing file /Users/jbshome/Desktop/us_debt_etl_pipeline/debt_env/lib/python3.12/site-packages/airflow/example_dags/example_task_group.py for tasks to queue
[2024-06-18T17:03:33.349-0400] {logging_mixin.py:188} INFO - [2024-06-18T17:03:33.349-0400] {dagbag.py:545} INFO - Filling up the DagBag from /Users/jbshome/Desktop/us_debt_etl_pipeline/debt_env/lib/python3.12/site-packages/airflow/example_dags/example_task_group.py
[2024-06-18T17:03:33.361-0400] {processor.py:840} INFO - DAG(s) 'example_task_group' retrieved from /Users/jbshome/Desktop/us_debt_etl_pipeline/debt_env/lib/python3.12/site-packages/airflow/example_dags/example_task_group.py
[2024-06-18T17:03:33.482-0400] {logging_mixin.py:188} INFO - [2024-06-18T17:03:33.481-0400] {dag.py:3096} INFO - Sync 1 DAGs
[2024-06-18T17:03:33.500-0400] {logging_mixin.py:188} INFO - [2024-06-18T17:03:33.499-0400] {dag.py:3954} INFO - Setting next_dagrun for example_task_group to 2024-06-17 00:00:00+00:00, run_after=2024-06-18 00:00:00+00:00
[2024-06-18T17:03:33.522-0400] {processor.py:183} INFO - Processing /Users/jbshome/Desktop/us_debt_etl_pipeline/debt_env/lib/python3.12/site-packages/airflow/example_dags/example_task_group.py took 0.179 seconds
[2024-06-18T17:06:57.568-0400] {processor.py:161} INFO - Started process (PID=23122) to work on /Users/jbshome/Desktop/us_debt_etl_pipeline/debt_env/lib/python3.12/site-packages/airflow/example_dags/example_task_group.py
[2024-06-18T17:06:57.571-0400] {processor.py:830} INFO - Processing file /Users/jbshome/Desktop/us_debt_etl_pipeline/debt_env/lib/python3.12/site-packages/airflow/example_dags/example_task_group.py for tasks to queue
[2024-06-18T17:06:57.573-0400] {logging_mixin.py:188} INFO - [2024-06-18T17:06:57.573-0400] {dagbag.py:545} INFO - Filling up the DagBag from /Users/jbshome/Desktop/us_debt_etl_pipeline/debt_env/lib/python3.12/site-packages/airflow/example_dags/example_task_group.py
[2024-06-18T17:06:57.587-0400] {processor.py:840} INFO - DAG(s) 'example_task_group' retrieved from /Users/jbshome/Desktop/us_debt_etl_pipeline/debt_env/lib/python3.12/site-packages/airflow/example_dags/example_task_group.py
[2024-06-18T17:06:57.834-0400] {logging_mixin.py:188} INFO - [2024-06-18T17:06:57.832-0400] {dag.py:3096} INFO - Sync 1 DAGs
[2024-06-18T17:06:57.916-0400] {logging_mixin.py:188} INFO - [2024-06-18T17:06:57.916-0400] {dag.py:3954} INFO - Setting next_dagrun for example_task_group to 2024-06-17 00:00:00+00:00, run_after=2024-06-18 00:00:00+00:00
[2024-06-18T17:06:57.948-0400] {processor.py:183} INFO - Processing /Users/jbshome/Desktop/us_debt_etl_pipeline/debt_env/lib/python3.12/site-packages/airflow/example_dags/example_task_group.py took 0.382 seconds
[2024-06-18T17:11:00.354-0400] {processor.py:161} INFO - Started process (PID=23853) to work on /Users/jbshome/Desktop/us_debt_etl_pipeline/debt_env/lib/python3.12/site-packages/airflow/example_dags/example_task_group.py
[2024-06-18T17:11:00.357-0400] {processor.py:830} INFO - Processing file /Users/jbshome/Desktop/us_debt_etl_pipeline/debt_env/lib/python3.12/site-packages/airflow/example_dags/example_task_group.py for tasks to queue
[2024-06-18T17:11:00.358-0400] {logging_mixin.py:188} INFO - [2024-06-18T17:11:00.358-0400] {dagbag.py:545} INFO - Filling up the DagBag from /Users/jbshome/Desktop/us_debt_etl_pipeline/debt_env/lib/python3.12/site-packages/airflow/example_dags/example_task_group.py
[2024-06-18T17:11:00.374-0400] {processor.py:840} INFO - DAG(s) 'example_task_group' retrieved from /Users/jbshome/Desktop/us_debt_etl_pipeline/debt_env/lib/python3.12/site-packages/airflow/example_dags/example_task_group.py
[2024-06-18T17:11:00.567-0400] {logging_mixin.py:188} INFO - [2024-06-18T17:11:00.567-0400] {dag.py:3096} INFO - Sync 1 DAGs
[2024-06-18T17:11:00.596-0400] {logging_mixin.py:188} INFO - [2024-06-18T17:11:00.595-0400] {dag.py:3954} INFO - Setting next_dagrun for example_task_group to 2024-06-17 00:00:00+00:00, run_after=2024-06-18 00:00:00+00:00
[2024-06-18T17:11:00.641-0400] {processor.py:183} INFO - Processing /Users/jbshome/Desktop/us_debt_etl_pipeline/debt_env/lib/python3.12/site-packages/airflow/example_dags/example_task_group.py took 0.292 seconds
[2024-06-18T17:16:18.637-0400] {processor.py:161} INFO - Started process (PID=24191) to work on /Users/jbshome/Desktop/us_debt_etl_pipeline/debt_env/lib/python3.12/site-packages/airflow/example_dags/example_task_group.py
[2024-06-18T17:16:18.639-0400] {processor.py:830} INFO - Processing file /Users/jbshome/Desktop/us_debt_etl_pipeline/debt_env/lib/python3.12/site-packages/airflow/example_dags/example_task_group.py for tasks to queue
[2024-06-18T17:16:18.643-0400] {logging_mixin.py:188} INFO - [2024-06-18T17:16:18.642-0400] {dagbag.py:545} INFO - Filling up the DagBag from /Users/jbshome/Desktop/us_debt_etl_pipeline/debt_env/lib/python3.12/site-packages/airflow/example_dags/example_task_group.py
[2024-06-18T17:16:18.665-0400] {processor.py:840} INFO - DAG(s) 'example_task_group' retrieved from /Users/jbshome/Desktop/us_debt_etl_pipeline/debt_env/lib/python3.12/site-packages/airflow/example_dags/example_task_group.py
[2024-06-18T17:16:18.978-0400] {logging_mixin.py:188} INFO - [2024-06-18T17:16:18.978-0400] {dag.py:3096} INFO - Sync 1 DAGs
[2024-06-18T17:16:19.017-0400] {logging_mixin.py:188} INFO - [2024-06-18T17:16:19.017-0400] {dag.py:3954} INFO - Setting next_dagrun for example_task_group to 2024-06-17 00:00:00+00:00, run_after=2024-06-18 00:00:00+00:00
[2024-06-18T17:16:19.065-0400] {processor.py:183} INFO - Processing /Users/jbshome/Desktop/us_debt_etl_pipeline/debt_env/lib/python3.12/site-packages/airflow/example_dags/example_task_group.py took 0.434 seconds
[2024-06-18T17:21:03.597-0400] {processor.py:161} INFO - Started process (PID=24529) to work on /Users/jbshome/Desktop/us_debt_etl_pipeline/debt_env/lib/python3.12/site-packages/airflow/example_dags/example_task_group.py
[2024-06-18T17:21:03.601-0400] {processor.py:830} INFO - Processing file /Users/jbshome/Desktop/us_debt_etl_pipeline/debt_env/lib/python3.12/site-packages/airflow/example_dags/example_task_group.py for tasks to queue
[2024-06-18T17:21:03.603-0400] {logging_mixin.py:188} INFO - [2024-06-18T17:21:03.602-0400] {dagbag.py:545} INFO - Filling up the DagBag from /Users/jbshome/Desktop/us_debt_etl_pipeline/debt_env/lib/python3.12/site-packages/airflow/example_dags/example_task_group.py
[2024-06-18T17:21:03.624-0400] {processor.py:840} INFO - DAG(s) 'example_task_group' retrieved from /Users/jbshome/Desktop/us_debt_etl_pipeline/debt_env/lib/python3.12/site-packages/airflow/example_dags/example_task_group.py
[2024-06-18T17:21:03.870-0400] {logging_mixin.py:188} INFO - [2024-06-18T17:21:03.869-0400] {dag.py:3096} INFO - Sync 1 DAGs
[2024-06-18T17:21:03.904-0400] {logging_mixin.py:188} INFO - [2024-06-18T17:21:03.904-0400] {dag.py:3954} INFO - Setting next_dagrun for example_task_group to 2024-06-17 00:00:00+00:00, run_after=2024-06-18 00:00:00+00:00
[2024-06-18T17:21:03.944-0400] {processor.py:183} INFO - Processing /Users/jbshome/Desktop/us_debt_etl_pipeline/debt_env/lib/python3.12/site-packages/airflow/example_dags/example_task_group.py took 0.352 seconds
[2024-06-18T17:25:22.594-0400] {processor.py:161} INFO - Started process (PID=24822) to work on /Users/jbshome/Desktop/us_debt_etl_pipeline/debt_env/lib/python3.12/site-packages/airflow/example_dags/example_task_group.py
[2024-06-18T17:25:22.598-0400] {processor.py:830} INFO - Processing file /Users/jbshome/Desktop/us_debt_etl_pipeline/debt_env/lib/python3.12/site-packages/airflow/example_dags/example_task_group.py for tasks to queue
[2024-06-18T17:25:22.600-0400] {logging_mixin.py:188} INFO - [2024-06-18T17:25:22.600-0400] {dagbag.py:545} INFO - Filling up the DagBag from /Users/jbshome/Desktop/us_debt_etl_pipeline/debt_env/lib/python3.12/site-packages/airflow/example_dags/example_task_group.py
[2024-06-18T17:25:22.633-0400] {processor.py:840} INFO - DAG(s) 'example_task_group' retrieved from /Users/jbshome/Desktop/us_debt_etl_pipeline/debt_env/lib/python3.12/site-packages/airflow/example_dags/example_task_group.py
[2024-06-18T17:25:23.094-0400] {logging_mixin.py:188} INFO - [2024-06-18T17:25:23.093-0400] {dag.py:3096} INFO - Sync 1 DAGs
[2024-06-18T17:25:23.140-0400] {logging_mixin.py:188} INFO - [2024-06-18T17:25:23.139-0400] {dag.py:3954} INFO - Setting next_dagrun for example_task_group to 2024-06-17 00:00:00+00:00, run_after=2024-06-18 00:00:00+00:00
[2024-06-18T17:25:23.192-0400] {processor.py:183} INFO - Processing /Users/jbshome/Desktop/us_debt_etl_pipeline/debt_env/lib/python3.12/site-packages/airflow/example_dags/example_task_group.py took 0.604 seconds
[2024-06-18T17:29:52.013-0400] {processor.py:161} INFO - Started process (PID=25143) to work on /Users/jbshome/Desktop/us_debt_etl_pipeline/debt_env/lib/python3.12/site-packages/airflow/example_dags/example_task_group.py
[2024-06-18T17:29:52.015-0400] {processor.py:830} INFO - Processing file /Users/jbshome/Desktop/us_debt_etl_pipeline/debt_env/lib/python3.12/site-packages/airflow/example_dags/example_task_group.py for tasks to queue
[2024-06-18T17:29:52.016-0400] {logging_mixin.py:188} INFO - [2024-06-18T17:29:52.016-0400] {dagbag.py:545} INFO - Filling up the DagBag from /Users/jbshome/Desktop/us_debt_etl_pipeline/debt_env/lib/python3.12/site-packages/airflow/example_dags/example_task_group.py
[2024-06-18T17:29:52.033-0400] {processor.py:840} INFO - DAG(s) 'example_task_group' retrieved from /Users/jbshome/Desktop/us_debt_etl_pipeline/debt_env/lib/python3.12/site-packages/airflow/example_dags/example_task_group.py
[2024-06-18T17:29:52.233-0400] {logging_mixin.py:188} INFO - [2024-06-18T17:29:52.233-0400] {dag.py:3096} INFO - Sync 1 DAGs
[2024-06-18T17:29:52.262-0400] {logging_mixin.py:188} INFO - [2024-06-18T17:29:52.262-0400] {dag.py:3954} INFO - Setting next_dagrun for example_task_group to 2024-06-17 00:00:00+00:00, run_after=2024-06-18 00:00:00+00:00
[2024-06-18T17:29:52.331-0400] {processor.py:183} INFO - Processing /Users/jbshome/Desktop/us_debt_etl_pipeline/debt_env/lib/python3.12/site-packages/airflow/example_dags/example_task_group.py took 0.322 seconds
[2024-06-18T17:34:48.379-0400] {processor.py:161} INFO - Started process (PID=25458) to work on /Users/jbshome/Desktop/us_debt_etl_pipeline/debt_env/lib/python3.12/site-packages/airflow/example_dags/example_task_group.py
[2024-06-18T17:34:48.381-0400] {processor.py:830} INFO - Processing file /Users/jbshome/Desktop/us_debt_etl_pipeline/debt_env/lib/python3.12/site-packages/airflow/example_dags/example_task_group.py for tasks to queue
[2024-06-18T17:34:48.383-0400] {logging_mixin.py:188} INFO - [2024-06-18T17:34:48.382-0400] {dagbag.py:545} INFO - Filling up the DagBag from /Users/jbshome/Desktop/us_debt_etl_pipeline/debt_env/lib/python3.12/site-packages/airflow/example_dags/example_task_group.py
[2024-06-18T17:34:48.410-0400] {processor.py:840} INFO - DAG(s) 'example_task_group' retrieved from /Users/jbshome/Desktop/us_debt_etl_pipeline/debt_env/lib/python3.12/site-packages/airflow/example_dags/example_task_group.py
[2024-06-18T17:34:48.637-0400] {logging_mixin.py:188} INFO - [2024-06-18T17:34:48.637-0400] {dag.py:3096} INFO - Sync 1 DAGs
[2024-06-18T17:34:48.668-0400] {logging_mixin.py:188} INFO - [2024-06-18T17:34:48.667-0400] {dag.py:3954} INFO - Setting next_dagrun for example_task_group to 2024-06-17 00:00:00+00:00, run_after=2024-06-18 00:00:00+00:00
[2024-06-18T17:34:48.702-0400] {processor.py:183} INFO - Processing /Users/jbshome/Desktop/us_debt_etl_pipeline/debt_env/lib/python3.12/site-packages/airflow/example_dags/example_task_group.py took 0.327 seconds
[2024-06-18T17:42:34.156-0400] {processor.py:161} INFO - Started process (PID=26496) to work on /Users/jbshome/Desktop/us_debt_etl_pipeline/debt_env/lib/python3.12/site-packages/airflow/example_dags/example_task_group.py
[2024-06-18T17:42:34.164-0400] {processor.py:830} INFO - Processing file /Users/jbshome/Desktop/us_debt_etl_pipeline/debt_env/lib/python3.12/site-packages/airflow/example_dags/example_task_group.py for tasks to queue
[2024-06-18T17:42:34.166-0400] {logging_mixin.py:188} INFO - [2024-06-18T17:42:34.166-0400] {dagbag.py:545} INFO - Filling up the DagBag from /Users/jbshome/Desktop/us_debt_etl_pipeline/debt_env/lib/python3.12/site-packages/airflow/example_dags/example_task_group.py
[2024-06-18T17:42:34.196-0400] {processor.py:840} INFO - DAG(s) 'example_task_group' retrieved from /Users/jbshome/Desktop/us_debt_etl_pipeline/debt_env/lib/python3.12/site-packages/airflow/example_dags/example_task_group.py
[2024-06-18T17:42:34.795-0400] {logging_mixin.py:188} INFO - [2024-06-18T17:42:34.795-0400] {dag.py:3096} INFO - Sync 1 DAGs
[2024-06-18T17:42:34.866-0400] {logging_mixin.py:188} INFO - [2024-06-18T17:42:34.866-0400] {dag.py:3954} INFO - Setting next_dagrun for example_task_group to 2024-06-17 00:00:00+00:00, run_after=2024-06-18 00:00:00+00:00
[2024-06-18T17:42:34.946-0400] {processor.py:183} INFO - Processing /Users/jbshome/Desktop/us_debt_etl_pipeline/debt_env/lib/python3.12/site-packages/airflow/example_dags/example_task_group.py took 0.802 seconds
[2024-06-18T17:47:50.247-0400] {processor.py:161} INFO - Started process (PID=27572) to work on /Users/jbshome/Desktop/us_debt_etl_pipeline/debt_env/lib/python3.12/site-packages/airflow/example_dags/example_task_group.py
[2024-06-18T17:47:50.249-0400] {processor.py:830} INFO - Processing file /Users/jbshome/Desktop/us_debt_etl_pipeline/debt_env/lib/python3.12/site-packages/airflow/example_dags/example_task_group.py for tasks to queue
[2024-06-18T17:47:50.250-0400] {logging_mixin.py:188} INFO - [2024-06-18T17:47:50.250-0400] {dagbag.py:545} INFO - Filling up the DagBag from /Users/jbshome/Desktop/us_debt_etl_pipeline/debt_env/lib/python3.12/site-packages/airflow/example_dags/example_task_group.py
[2024-06-18T17:47:50.260-0400] {processor.py:840} INFO - DAG(s) 'example_task_group' retrieved from /Users/jbshome/Desktop/us_debt_etl_pipeline/debt_env/lib/python3.12/site-packages/airflow/example_dags/example_task_group.py
[2024-06-18T17:47:50.452-0400] {logging_mixin.py:188} INFO - [2024-06-18T17:47:50.452-0400] {dag.py:3096} INFO - Sync 1 DAGs
[2024-06-18T17:47:50.471-0400] {logging_mixin.py:188} INFO - [2024-06-18T17:47:50.471-0400] {dag.py:3954} INFO - Setting next_dagrun for example_task_group to 2024-06-17 00:00:00+00:00, run_after=2024-06-18 00:00:00+00:00
[2024-06-18T17:47:50.500-0400] {processor.py:183} INFO - Processing /Users/jbshome/Desktop/us_debt_etl_pipeline/debt_env/lib/python3.12/site-packages/airflow/example_dags/example_task_group.py took 0.258 seconds
[2024-06-18T17:52:15.789-0400] {processor.py:161} INFO - Started process (PID=28260) to work on /Users/jbshome/Desktop/us_debt_etl_pipeline/debt_env/lib/python3.12/site-packages/airflow/example_dags/example_task_group.py
[2024-06-18T17:52:15.802-0400] {processor.py:830} INFO - Processing file /Users/jbshome/Desktop/us_debt_etl_pipeline/debt_env/lib/python3.12/site-packages/airflow/example_dags/example_task_group.py for tasks to queue
[2024-06-18T17:52:15.803-0400] {logging_mixin.py:188} INFO - [2024-06-18T17:52:15.803-0400] {dagbag.py:545} INFO - Filling up the DagBag from /Users/jbshome/Desktop/us_debt_etl_pipeline/debt_env/lib/python3.12/site-packages/airflow/example_dags/example_task_group.py
[2024-06-18T17:52:15.825-0400] {processor.py:840} INFO - DAG(s) 'example_task_group' retrieved from /Users/jbshome/Desktop/us_debt_etl_pipeline/debt_env/lib/python3.12/site-packages/airflow/example_dags/example_task_group.py
[2024-06-18T17:52:16.201-0400] {logging_mixin.py:188} INFO - [2024-06-18T17:52:16.201-0400] {dag.py:3096} INFO - Sync 1 DAGs
[2024-06-18T17:52:16.248-0400] {logging_mixin.py:188} INFO - [2024-06-18T17:52:16.248-0400] {dag.py:3954} INFO - Setting next_dagrun for example_task_group to 2024-06-17 00:00:00+00:00, run_after=2024-06-18 00:00:00+00:00
[2024-06-18T17:52:16.345-0400] {processor.py:183} INFO - Processing /Users/jbshome/Desktop/us_debt_etl_pipeline/debt_env/lib/python3.12/site-packages/airflow/example_dags/example_task_group.py took 0.570 seconds
[2024-06-18T17:56:05.795-0400] {processor.py:161} INFO - Started process (PID=29366) to work on /Users/jbshome/Desktop/us_debt_etl_pipeline/debt_env/lib/python3.12/site-packages/airflow/example_dags/example_task_group.py
[2024-06-18T17:56:05.798-0400] {processor.py:830} INFO - Processing file /Users/jbshome/Desktop/us_debt_etl_pipeline/debt_env/lib/python3.12/site-packages/airflow/example_dags/example_task_group.py for tasks to queue
[2024-06-18T17:56:05.799-0400] {logging_mixin.py:188} INFO - [2024-06-18T17:56:05.799-0400] {dagbag.py:545} INFO - Filling up the DagBag from /Users/jbshome/Desktop/us_debt_etl_pipeline/debt_env/lib/python3.12/site-packages/airflow/example_dags/example_task_group.py
[2024-06-18T17:56:05.820-0400] {processor.py:840} INFO - DAG(s) 'example_task_group' retrieved from /Users/jbshome/Desktop/us_debt_etl_pipeline/debt_env/lib/python3.12/site-packages/airflow/example_dags/example_task_group.py
[2024-06-18T17:56:06.055-0400] {logging_mixin.py:188} INFO - [2024-06-18T17:56:06.054-0400] {dag.py:3096} INFO - Sync 1 DAGs
[2024-06-18T17:56:06.085-0400] {logging_mixin.py:188} INFO - [2024-06-18T17:56:06.085-0400] {dag.py:3954} INFO - Setting next_dagrun for example_task_group to 2024-06-17 00:00:00+00:00, run_after=2024-06-18 00:00:00+00:00
[2024-06-18T17:56:06.128-0400] {processor.py:183} INFO - Processing /Users/jbshome/Desktop/us_debt_etl_pipeline/debt_env/lib/python3.12/site-packages/airflow/example_dags/example_task_group.py took 0.338 seconds
