[2024-06-18T16:31:21.732-0400] {processor.py:161} INFO - Started process (PID=20120) to work on /Users/jbshome/Desktop/us_debt_etl_pipeline/debt_env/lib/python3.12/site-packages/airflow/example_dags/example_python_decorator.py
[2024-06-18T16:31:21.733-0400] {processor.py:830} INFO - Processing file /Users/jbshome/Desktop/us_debt_etl_pipeline/debt_env/lib/python3.12/site-packages/airflow/example_dags/example_python_decorator.py for tasks to queue
[2024-06-18T16:31:21.734-0400] {logging_mixin.py:188} INFO - [2024-06-18T16:31:21.733-0400] {dagbag.py:545} INFO - Filling up the DagBag from /Users/jbshome/Desktop/us_debt_etl_pipeline/debt_env/lib/python3.12/site-packages/airflow/example_dags/example_python_decorator.py
[2024-06-18T16:31:21.773-0400] {logging_mixin.py:188} INFO - [2024-06-18T16:31:21.773-0400] {example_python_decorator.py:80} WARNING - The virtalenv_python example task requires virtualenv, please install it.
[2024-06-18T16:31:21.775-0400] {processor.py:840} INFO - DAG(s) 'example_python_decorator' retrieved from /Users/jbshome/Desktop/us_debt_etl_pipeline/debt_env/lib/python3.12/site-packages/airflow/example_dags/example_python_decorator.py
[2024-06-18T16:31:21.974-0400] {logging_mixin.py:188} INFO - [2024-06-18T16:31:21.974-0400] {override.py:1829} INFO - Created Permission View: can delete on DAG:example_python_decorator
[2024-06-18T16:31:22.045-0400] {logging_mixin.py:188} INFO - [2024-06-18T16:31:22.044-0400] {override.py:1829} INFO - Created Permission View: can read on DAG:example_python_decorator
[2024-06-18T16:31:22.052-0400] {logging_mixin.py:188} INFO - [2024-06-18T16:31:22.052-0400] {override.py:1829} INFO - Created Permission View: can edit on DAG:example_python_decorator
[2024-06-18T16:31:22.053-0400] {logging_mixin.py:188} INFO - [2024-06-18T16:31:22.053-0400] {dag.py:3096} INFO - Sync 1 DAGs
[2024-06-18T16:31:22.065-0400] {logging_mixin.py:188} INFO - [2024-06-18T16:31:22.065-0400] {dag.py:3118} INFO - Creating ORM DAG for example_python_decorator
[2024-06-18T16:31:22.066-0400] {logging_mixin.py:188} INFO - [2024-06-18T16:31:22.065-0400] {dag.py:3954} INFO - Setting next_dagrun for example_python_decorator to None, run_after=None
[2024-06-18T16:31:22.087-0400] {processor.py:183} INFO - Processing /Users/jbshome/Desktop/us_debt_etl_pipeline/debt_env/lib/python3.12/site-packages/airflow/example_dags/example_python_decorator.py took 0.357 seconds
[2024-06-18T16:35:03.022-0400] {processor.py:161} INFO - Started process (PID=20315) to work on /Users/jbshome/Desktop/us_debt_etl_pipeline/debt_env/lib/python3.12/site-packages/airflow/example_dags/example_python_decorator.py
[2024-06-18T16:35:03.025-0400] {processor.py:830} INFO - Processing file /Users/jbshome/Desktop/us_debt_etl_pipeline/debt_env/lib/python3.12/site-packages/airflow/example_dags/example_python_decorator.py for tasks to queue
[2024-06-18T16:35:03.025-0400] {logging_mixin.py:188} INFO - [2024-06-18T16:35:03.025-0400] {dagbag.py:545} INFO - Filling up the DagBag from /Users/jbshome/Desktop/us_debt_etl_pipeline/debt_env/lib/python3.12/site-packages/airflow/example_dags/example_python_decorator.py
[2024-06-18T16:35:03.073-0400] {logging_mixin.py:188} INFO - [2024-06-18T16:35:03.073-0400] {example_python_decorator.py:80} WARNING - The virtalenv_python example task requires virtualenv, please install it.
[2024-06-18T16:35:03.076-0400] {processor.py:840} INFO - DAG(s) 'example_python_decorator' retrieved from /Users/jbshome/Desktop/us_debt_etl_pipeline/debt_env/lib/python3.12/site-packages/airflow/example_dags/example_python_decorator.py
[2024-06-18T16:35:03.375-0400] {logging_mixin.py:188} INFO - [2024-06-18T16:35:03.374-0400] {dag.py:3096} INFO - Sync 1 DAGs
[2024-06-18T16:35:03.399-0400] {logging_mixin.py:188} INFO - [2024-06-18T16:35:03.398-0400] {dag.py:3954} INFO - Setting next_dagrun for example_python_decorator to None, run_after=None
[2024-06-18T16:35:03.426-0400] {processor.py:183} INFO - Processing /Users/jbshome/Desktop/us_debt_etl_pipeline/debt_env/lib/python3.12/site-packages/airflow/example_dags/example_python_decorator.py took 0.408 seconds
[2024-06-18T16:38:23.016-0400] {processor.py:161} INFO - Started process (PID=20491) to work on /Users/jbshome/Desktop/us_debt_etl_pipeline/debt_env/lib/python3.12/site-packages/airflow/example_dags/example_python_decorator.py
[2024-06-18T16:38:23.023-0400] {processor.py:830} INFO - Processing file /Users/jbshome/Desktop/us_debt_etl_pipeline/debt_env/lib/python3.12/site-packages/airflow/example_dags/example_python_decorator.py for tasks to queue
[2024-06-18T16:38:23.024-0400] {logging_mixin.py:188} INFO - [2024-06-18T16:38:23.024-0400] {dagbag.py:545} INFO - Filling up the DagBag from /Users/jbshome/Desktop/us_debt_etl_pipeline/debt_env/lib/python3.12/site-packages/airflow/example_dags/example_python_decorator.py
[2024-06-18T16:38:23.091-0400] {logging_mixin.py:188} INFO - [2024-06-18T16:38:23.091-0400] {example_python_decorator.py:80} WARNING - The virtalenv_python example task requires virtualenv, please install it.
[2024-06-18T16:38:23.094-0400] {processor.py:840} INFO - DAG(s) 'example_python_decorator' retrieved from /Users/jbshome/Desktop/us_debt_etl_pipeline/debt_env/lib/python3.12/site-packages/airflow/example_dags/example_python_decorator.py
[2024-06-18T16:38:23.218-0400] {logging_mixin.py:188} INFO - [2024-06-18T16:38:23.217-0400] {dag.py:3096} INFO - Sync 1 DAGs
[2024-06-18T16:38:23.231-0400] {logging_mixin.py:188} INFO - [2024-06-18T16:38:23.230-0400] {dag.py:3954} INFO - Setting next_dagrun for example_python_decorator to None, run_after=None
[2024-06-18T16:38:23.259-0400] {processor.py:183} INFO - Processing /Users/jbshome/Desktop/us_debt_etl_pipeline/debt_env/lib/python3.12/site-packages/airflow/example_dags/example_python_decorator.py took 0.247 seconds
[2024-06-18T16:41:28.993-0400] {processor.py:161} INFO - Started process (PID=20822) to work on /Users/jbshome/Desktop/us_debt_etl_pipeline/debt_env/lib/python3.12/site-packages/airflow/example_dags/example_python_decorator.py
[2024-06-18T16:41:28.996-0400] {processor.py:830} INFO - Processing file /Users/jbshome/Desktop/us_debt_etl_pipeline/debt_env/lib/python3.12/site-packages/airflow/example_dags/example_python_decorator.py for tasks to queue
[2024-06-18T16:41:28.997-0400] {logging_mixin.py:188} INFO - [2024-06-18T16:41:28.996-0400] {dagbag.py:545} INFO - Filling up the DagBag from /Users/jbshome/Desktop/us_debt_etl_pipeline/debt_env/lib/python3.12/site-packages/airflow/example_dags/example_python_decorator.py
[2024-06-18T16:41:29.063-0400] {logging_mixin.py:188} INFO - [2024-06-18T16:41:29.063-0400] {example_python_decorator.py:80} WARNING - The virtalenv_python example task requires virtualenv, please install it.
[2024-06-18T16:41:29.069-0400] {processor.py:840} INFO - DAG(s) 'example_python_decorator' retrieved from /Users/jbshome/Desktop/us_debt_etl_pipeline/debt_env/lib/python3.12/site-packages/airflow/example_dags/example_python_decorator.py
[2024-06-18T16:41:29.365-0400] {logging_mixin.py:188} INFO - [2024-06-18T16:41:29.365-0400] {dag.py:3096} INFO - Sync 1 DAGs
[2024-06-18T16:41:29.393-0400] {logging_mixin.py:188} INFO - [2024-06-18T16:41:29.392-0400] {dag.py:3954} INFO - Setting next_dagrun for example_python_decorator to None, run_after=None
[2024-06-18T16:41:29.443-0400] {processor.py:183} INFO - Processing /Users/jbshome/Desktop/us_debt_etl_pipeline/debt_env/lib/python3.12/site-packages/airflow/example_dags/example_python_decorator.py took 0.454 seconds
[2024-06-18T16:44:30.605-0400] {processor.py:161} INFO - Started process (PID=21442) to work on /Users/jbshome/Desktop/us_debt_etl_pipeline/debt_env/lib/python3.12/site-packages/airflow/example_dags/example_python_decorator.py
[2024-06-18T16:44:30.608-0400] {processor.py:830} INFO - Processing file /Users/jbshome/Desktop/us_debt_etl_pipeline/debt_env/lib/python3.12/site-packages/airflow/example_dags/example_python_decorator.py for tasks to queue
[2024-06-18T16:44:30.609-0400] {logging_mixin.py:188} INFO - [2024-06-18T16:44:30.609-0400] {dagbag.py:545} INFO - Filling up the DagBag from /Users/jbshome/Desktop/us_debt_etl_pipeline/debt_env/lib/python3.12/site-packages/airflow/example_dags/example_python_decorator.py
[2024-06-18T16:44:30.653-0400] {logging_mixin.py:188} INFO - [2024-06-18T16:44:30.652-0400] {example_python_decorator.py:80} WARNING - The virtalenv_python example task requires virtualenv, please install it.
[2024-06-18T16:44:30.657-0400] {processor.py:840} INFO - DAG(s) 'example_python_decorator' retrieved from /Users/jbshome/Desktop/us_debt_etl_pipeline/debt_env/lib/python3.12/site-packages/airflow/example_dags/example_python_decorator.py
[2024-06-18T16:44:30.777-0400] {logging_mixin.py:188} INFO - [2024-06-18T16:44:30.777-0400] {dag.py:3096} INFO - Sync 1 DAGs
[2024-06-18T16:44:30.790-0400] {logging_mixin.py:188} INFO - [2024-06-18T16:44:30.790-0400] {dag.py:3954} INFO - Setting next_dagrun for example_python_decorator to None, run_after=None
[2024-06-18T16:44:30.814-0400] {processor.py:183} INFO - Processing /Users/jbshome/Desktop/us_debt_etl_pipeline/debt_env/lib/python3.12/site-packages/airflow/example_dags/example_python_decorator.py took 0.211 seconds
[2024-06-18T16:47:31.515-0400] {processor.py:161} INFO - Started process (PID=21612) to work on /Users/jbshome/Desktop/us_debt_etl_pipeline/debt_env/lib/python3.12/site-packages/airflow/example_dags/example_python_decorator.py
[2024-06-18T16:47:31.517-0400] {processor.py:830} INFO - Processing file /Users/jbshome/Desktop/us_debt_etl_pipeline/debt_env/lib/python3.12/site-packages/airflow/example_dags/example_python_decorator.py for tasks to queue
[2024-06-18T16:47:31.518-0400] {logging_mixin.py:188} INFO - [2024-06-18T16:47:31.518-0400] {dagbag.py:545} INFO - Filling up the DagBag from /Users/jbshome/Desktop/us_debt_etl_pipeline/debt_env/lib/python3.12/site-packages/airflow/example_dags/example_python_decorator.py
[2024-06-18T16:47:31.561-0400] {logging_mixin.py:188} INFO - [2024-06-18T16:47:31.561-0400] {example_python_decorator.py:80} WARNING - The virtalenv_python example task requires virtualenv, please install it.
[2024-06-18T16:47:31.564-0400] {processor.py:840} INFO - DAG(s) 'example_python_decorator' retrieved from /Users/jbshome/Desktop/us_debt_etl_pipeline/debt_env/lib/python3.12/site-packages/airflow/example_dags/example_python_decorator.py
[2024-06-18T16:47:31.710-0400] {logging_mixin.py:188} INFO - [2024-06-18T16:47:31.709-0400] {dag.py:3096} INFO - Sync 1 DAGs
[2024-06-18T16:47:31.721-0400] {logging_mixin.py:188} INFO - [2024-06-18T16:47:31.721-0400] {dag.py:3954} INFO - Setting next_dagrun for example_python_decorator to None, run_after=None
[2024-06-18T16:47:31.742-0400] {processor.py:183} INFO - Processing /Users/jbshome/Desktop/us_debt_etl_pipeline/debt_env/lib/python3.12/site-packages/airflow/example_dags/example_python_decorator.py took 0.229 seconds
[2024-06-18T16:50:39.359-0400] {processor.py:161} INFO - Started process (PID=21792) to work on /Users/jbshome/Desktop/us_debt_etl_pipeline/debt_env/lib/python3.12/site-packages/airflow/example_dags/example_python_decorator.py
[2024-06-18T16:50:39.361-0400] {processor.py:830} INFO - Processing file /Users/jbshome/Desktop/us_debt_etl_pipeline/debt_env/lib/python3.12/site-packages/airflow/example_dags/example_python_decorator.py for tasks to queue
[2024-06-18T16:50:39.362-0400] {logging_mixin.py:188} INFO - [2024-06-18T16:50:39.361-0400] {dagbag.py:545} INFO - Filling up the DagBag from /Users/jbshome/Desktop/us_debt_etl_pipeline/debt_env/lib/python3.12/site-packages/airflow/example_dags/example_python_decorator.py
[2024-06-18T16:50:39.405-0400] {logging_mixin.py:188} INFO - [2024-06-18T16:50:39.405-0400] {example_python_decorator.py:80} WARNING - The virtalenv_python example task requires virtualenv, please install it.
[2024-06-18T16:50:39.407-0400] {processor.py:840} INFO - DAG(s) 'example_python_decorator' retrieved from /Users/jbshome/Desktop/us_debt_etl_pipeline/debt_env/lib/python3.12/site-packages/airflow/example_dags/example_python_decorator.py
[2024-06-18T16:50:39.526-0400] {logging_mixin.py:188} INFO - [2024-06-18T16:50:39.526-0400] {dag.py:3096} INFO - Sync 1 DAGs
[2024-06-18T16:50:39.538-0400] {logging_mixin.py:188} INFO - [2024-06-18T16:50:39.537-0400] {dag.py:3954} INFO - Setting next_dagrun for example_python_decorator to None, run_after=None
[2024-06-18T16:50:39.559-0400] {processor.py:183} INFO - Processing /Users/jbshome/Desktop/us_debt_etl_pipeline/debt_env/lib/python3.12/site-packages/airflow/example_dags/example_python_decorator.py took 0.203 seconds
[2024-06-18T16:53:45.852-0400] {processor.py:161} INFO - Started process (PID=21943) to work on /Users/jbshome/Desktop/us_debt_etl_pipeline/debt_env/lib/python3.12/site-packages/airflow/example_dags/example_python_decorator.py
[2024-06-18T16:53:45.855-0400] {processor.py:830} INFO - Processing file /Users/jbshome/Desktop/us_debt_etl_pipeline/debt_env/lib/python3.12/site-packages/airflow/example_dags/example_python_decorator.py for tasks to queue
[2024-06-18T16:53:45.856-0400] {logging_mixin.py:188} INFO - [2024-06-18T16:53:45.856-0400] {dagbag.py:545} INFO - Filling up the DagBag from /Users/jbshome/Desktop/us_debt_etl_pipeline/debt_env/lib/python3.12/site-packages/airflow/example_dags/example_python_decorator.py
[2024-06-18T16:53:45.907-0400] {logging_mixin.py:188} INFO - [2024-06-18T16:53:45.907-0400] {example_python_decorator.py:80} WARNING - The virtalenv_python example task requires virtualenv, please install it.
[2024-06-18T16:53:45.909-0400] {processor.py:840} INFO - DAG(s) 'example_python_decorator' retrieved from /Users/jbshome/Desktop/us_debt_etl_pipeline/debt_env/lib/python3.12/site-packages/airflow/example_dags/example_python_decorator.py
[2024-06-18T16:53:46.061-0400] {logging_mixin.py:188} INFO - [2024-06-18T16:53:46.061-0400] {dag.py:3096} INFO - Sync 1 DAGs
[2024-06-18T16:53:46.076-0400] {logging_mixin.py:188} INFO - [2024-06-18T16:53:46.076-0400] {dag.py:3954} INFO - Setting next_dagrun for example_python_decorator to None, run_after=None
[2024-06-18T16:53:46.101-0400] {processor.py:183} INFO - Processing /Users/jbshome/Desktop/us_debt_etl_pipeline/debt_env/lib/python3.12/site-packages/airflow/example_dags/example_python_decorator.py took 0.252 seconds
[2024-06-18T16:56:53.793-0400] {processor.py:161} INFO - Started process (PID=22391) to work on /Users/jbshome/Desktop/us_debt_etl_pipeline/debt_env/lib/python3.12/site-packages/airflow/example_dags/example_python_decorator.py
[2024-06-18T16:56:53.794-0400] {processor.py:830} INFO - Processing file /Users/jbshome/Desktop/us_debt_etl_pipeline/debt_env/lib/python3.12/site-packages/airflow/example_dags/example_python_decorator.py for tasks to queue
[2024-06-18T16:56:53.795-0400] {logging_mixin.py:188} INFO - [2024-06-18T16:56:53.795-0400] {dagbag.py:545} INFO - Filling up the DagBag from /Users/jbshome/Desktop/us_debt_etl_pipeline/debt_env/lib/python3.12/site-packages/airflow/example_dags/example_python_decorator.py
[2024-06-18T16:56:53.840-0400] {logging_mixin.py:188} INFO - [2024-06-18T16:56:53.840-0400] {example_python_decorator.py:80} WARNING - The virtalenv_python example task requires virtualenv, please install it.
[2024-06-18T16:56:53.843-0400] {processor.py:840} INFO - DAG(s) 'example_python_decorator' retrieved from /Users/jbshome/Desktop/us_debt_etl_pipeline/debt_env/lib/python3.12/site-packages/airflow/example_dags/example_python_decorator.py
[2024-06-18T16:56:53.961-0400] {logging_mixin.py:188} INFO - [2024-06-18T16:56:53.961-0400] {dag.py:3096} INFO - Sync 1 DAGs
[2024-06-18T16:56:53.975-0400] {logging_mixin.py:188} INFO - [2024-06-18T16:56:53.975-0400] {dag.py:3954} INFO - Setting next_dagrun for example_python_decorator to None, run_after=None
[2024-06-18T16:56:53.998-0400] {processor.py:183} INFO - Processing /Users/jbshome/Desktop/us_debt_etl_pipeline/debt_env/lib/python3.12/site-packages/airflow/example_dags/example_python_decorator.py took 0.208 seconds
[2024-06-18T17:00:11.297-0400] {processor.py:161} INFO - Started process (PID=22610) to work on /Users/jbshome/Desktop/us_debt_etl_pipeline/debt_env/lib/python3.12/site-packages/airflow/example_dags/example_python_decorator.py
[2024-06-18T17:00:11.299-0400] {processor.py:830} INFO - Processing file /Users/jbshome/Desktop/us_debt_etl_pipeline/debt_env/lib/python3.12/site-packages/airflow/example_dags/example_python_decorator.py for tasks to queue
[2024-06-18T17:00:11.300-0400] {logging_mixin.py:188} INFO - [2024-06-18T17:00:11.300-0400] {dagbag.py:545} INFO - Filling up the DagBag from /Users/jbshome/Desktop/us_debt_etl_pipeline/debt_env/lib/python3.12/site-packages/airflow/example_dags/example_python_decorator.py
[2024-06-18T17:00:11.343-0400] {logging_mixin.py:188} INFO - [2024-06-18T17:00:11.343-0400] {example_python_decorator.py:80} WARNING - The virtalenv_python example task requires virtualenv, please install it.
[2024-06-18T17:00:11.346-0400] {processor.py:840} INFO - DAG(s) 'example_python_decorator' retrieved from /Users/jbshome/Desktop/us_debt_etl_pipeline/debt_env/lib/python3.12/site-packages/airflow/example_dags/example_python_decorator.py
[2024-06-18T17:00:11.466-0400] {logging_mixin.py:188} INFO - [2024-06-18T17:00:11.465-0400] {dag.py:3096} INFO - Sync 1 DAGs
[2024-06-18T17:00:11.477-0400] {logging_mixin.py:188} INFO - [2024-06-18T17:00:11.477-0400] {dag.py:3954} INFO - Setting next_dagrun for example_python_decorator to None, run_after=None
[2024-06-18T17:00:11.499-0400] {processor.py:183} INFO - Processing /Users/jbshome/Desktop/us_debt_etl_pipeline/debt_env/lib/python3.12/site-packages/airflow/example_dags/example_python_decorator.py took 0.205 seconds
[2024-06-18T17:04:16.324-0400] {processor.py:161} INFO - Started process (PID=22860) to work on /Users/jbshome/Desktop/us_debt_etl_pipeline/debt_env/lib/python3.12/site-packages/airflow/example_dags/example_python_decorator.py
[2024-06-18T17:04:16.327-0400] {processor.py:830} INFO - Processing file /Users/jbshome/Desktop/us_debt_etl_pipeline/debt_env/lib/python3.12/site-packages/airflow/example_dags/example_python_decorator.py for tasks to queue
[2024-06-18T17:04:16.328-0400] {logging_mixin.py:188} INFO - [2024-06-18T17:04:16.328-0400] {dagbag.py:545} INFO - Filling up the DagBag from /Users/jbshome/Desktop/us_debt_etl_pipeline/debt_env/lib/python3.12/site-packages/airflow/example_dags/example_python_decorator.py
[2024-06-18T17:04:16.385-0400] {logging_mixin.py:188} INFO - [2024-06-18T17:04:16.385-0400] {example_python_decorator.py:80} WARNING - The virtalenv_python example task requires virtualenv, please install it.
[2024-06-18T17:04:16.389-0400] {processor.py:840} INFO - DAG(s) 'example_python_decorator' retrieved from /Users/jbshome/Desktop/us_debt_etl_pipeline/debt_env/lib/python3.12/site-packages/airflow/example_dags/example_python_decorator.py
[2024-06-18T17:04:16.542-0400] {logging_mixin.py:188} INFO - [2024-06-18T17:04:16.541-0400] {dag.py:3096} INFO - Sync 1 DAGs
[2024-06-18T17:04:16.564-0400] {logging_mixin.py:188} INFO - [2024-06-18T17:04:16.563-0400] {dag.py:3954} INFO - Setting next_dagrun for example_python_decorator to None, run_after=None
[2024-06-18T17:04:16.602-0400] {processor.py:183} INFO - Processing /Users/jbshome/Desktop/us_debt_etl_pipeline/debt_env/lib/python3.12/site-packages/airflow/example_dags/example_python_decorator.py took 0.281 seconds
[2024-06-18T17:07:51.751-0400] {processor.py:161} INFO - Started process (PID=23531) to work on /Users/jbshome/Desktop/us_debt_etl_pipeline/debt_env/lib/python3.12/site-packages/airflow/example_dags/example_python_decorator.py
[2024-06-18T17:07:51.754-0400] {processor.py:830} INFO - Processing file /Users/jbshome/Desktop/us_debt_etl_pipeline/debt_env/lib/python3.12/site-packages/airflow/example_dags/example_python_decorator.py for tasks to queue
[2024-06-18T17:07:51.755-0400] {logging_mixin.py:188} INFO - [2024-06-18T17:07:51.755-0400] {dagbag.py:545} INFO - Filling up the DagBag from /Users/jbshome/Desktop/us_debt_etl_pipeline/debt_env/lib/python3.12/site-packages/airflow/example_dags/example_python_decorator.py
[2024-06-18T17:07:51.836-0400] {logging_mixin.py:188} INFO - [2024-06-18T17:07:51.836-0400] {example_python_decorator.py:80} WARNING - The virtalenv_python example task requires virtualenv, please install it.
[2024-06-18T17:07:51.841-0400] {processor.py:840} INFO - DAG(s) 'example_python_decorator' retrieved from /Users/jbshome/Desktop/us_debt_etl_pipeline/debt_env/lib/python3.12/site-packages/airflow/example_dags/example_python_decorator.py
[2024-06-18T17:07:52.087-0400] {logging_mixin.py:188} INFO - [2024-06-18T17:07:52.086-0400] {dag.py:3096} INFO - Sync 1 DAGs
[2024-06-18T17:07:52.127-0400] {logging_mixin.py:188} INFO - [2024-06-18T17:07:52.126-0400] {dag.py:3954} INFO - Setting next_dagrun for example_python_decorator to None, run_after=None
[2024-06-18T17:07:52.160-0400] {processor.py:183} INFO - Processing /Users/jbshome/Desktop/us_debt_etl_pipeline/debt_env/lib/python3.12/site-packages/airflow/example_dags/example_python_decorator.py took 0.413 seconds
[2024-06-18T17:12:01.835-0400] {processor.py:161} INFO - Started process (PID=23928) to work on /Users/jbshome/Desktop/us_debt_etl_pipeline/debt_env/lib/python3.12/site-packages/airflow/example_dags/example_python_decorator.py
[2024-06-18T17:12:01.837-0400] {processor.py:830} INFO - Processing file /Users/jbshome/Desktop/us_debt_etl_pipeline/debt_env/lib/python3.12/site-packages/airflow/example_dags/example_python_decorator.py for tasks to queue
[2024-06-18T17:12:01.838-0400] {logging_mixin.py:188} INFO - [2024-06-18T17:12:01.838-0400] {dagbag.py:545} INFO - Filling up the DagBag from /Users/jbshome/Desktop/us_debt_etl_pipeline/debt_env/lib/python3.12/site-packages/airflow/example_dags/example_python_decorator.py
[2024-06-18T17:12:01.978-0400] {logging_mixin.py:188} INFO - [2024-06-18T17:12:01.978-0400] {example_python_decorator.py:80} WARNING - The virtalenv_python example task requires virtualenv, please install it.
[2024-06-18T17:12:01.986-0400] {processor.py:840} INFO - DAG(s) 'example_python_decorator' retrieved from /Users/jbshome/Desktop/us_debt_etl_pipeline/debt_env/lib/python3.12/site-packages/airflow/example_dags/example_python_decorator.py
[2024-06-18T17:12:02.393-0400] {logging_mixin.py:188} INFO - [2024-06-18T17:12:02.392-0400] {dag.py:3096} INFO - Sync 1 DAGs
[2024-06-18T17:12:02.436-0400] {logging_mixin.py:188} INFO - [2024-06-18T17:12:02.435-0400] {dag.py:3954} INFO - Setting next_dagrun for example_python_decorator to None, run_after=None
[2024-06-18T17:12:02.484-0400] {processor.py:183} INFO - Processing /Users/jbshome/Desktop/us_debt_etl_pipeline/debt_env/lib/python3.12/site-packages/airflow/example_dags/example_python_decorator.py took 0.655 seconds
[2024-06-18T17:17:32.345-0400] {processor.py:161} INFO - Started process (PID=24267) to work on /Users/jbshome/Desktop/us_debt_etl_pipeline/debt_env/lib/python3.12/site-packages/airflow/example_dags/example_python_decorator.py
[2024-06-18T17:17:32.347-0400] {processor.py:830} INFO - Processing file /Users/jbshome/Desktop/us_debt_etl_pipeline/debt_env/lib/python3.12/site-packages/airflow/example_dags/example_python_decorator.py for tasks to queue
[2024-06-18T17:17:32.348-0400] {logging_mixin.py:188} INFO - [2024-06-18T17:17:32.348-0400] {dagbag.py:545} INFO - Filling up the DagBag from /Users/jbshome/Desktop/us_debt_etl_pipeline/debt_env/lib/python3.12/site-packages/airflow/example_dags/example_python_decorator.py
[2024-06-18T17:17:32.432-0400] {logging_mixin.py:188} INFO - [2024-06-18T17:17:32.432-0400] {example_python_decorator.py:80} WARNING - The virtalenv_python example task requires virtualenv, please install it.
[2024-06-18T17:17:32.436-0400] {processor.py:840} INFO - DAG(s) 'example_python_decorator' retrieved from /Users/jbshome/Desktop/us_debt_etl_pipeline/debt_env/lib/python3.12/site-packages/airflow/example_dags/example_python_decorator.py
[2024-06-18T17:17:32.715-0400] {logging_mixin.py:188} INFO - [2024-06-18T17:17:32.714-0400] {dag.py:3096} INFO - Sync 1 DAGs
[2024-06-18T17:17:32.742-0400] {logging_mixin.py:188} INFO - [2024-06-18T17:17:32.742-0400] {dag.py:3954} INFO - Setting next_dagrun for example_python_decorator to None, run_after=None
[2024-06-18T17:17:32.790-0400] {processor.py:183} INFO - Processing /Users/jbshome/Desktop/us_debt_etl_pipeline/debt_env/lib/python3.12/site-packages/airflow/example_dags/example_python_decorator.py took 0.451 seconds
[2024-06-18T17:22:01.333-0400] {processor.py:161} INFO - Started process (PID=24599) to work on /Users/jbshome/Desktop/us_debt_etl_pipeline/debt_env/lib/python3.12/site-packages/airflow/example_dags/example_python_decorator.py
[2024-06-18T17:22:01.335-0400] {processor.py:830} INFO - Processing file /Users/jbshome/Desktop/us_debt_etl_pipeline/debt_env/lib/python3.12/site-packages/airflow/example_dags/example_python_decorator.py for tasks to queue
[2024-06-18T17:22:01.338-0400] {logging_mixin.py:188} INFO - [2024-06-18T17:22:01.337-0400] {dagbag.py:545} INFO - Filling up the DagBag from /Users/jbshome/Desktop/us_debt_etl_pipeline/debt_env/lib/python3.12/site-packages/airflow/example_dags/example_python_decorator.py
[2024-06-18T17:22:01.405-0400] {logging_mixin.py:188} INFO - [2024-06-18T17:22:01.405-0400] {example_python_decorator.py:80} WARNING - The virtalenv_python example task requires virtualenv, please install it.
[2024-06-18T17:22:01.410-0400] {processor.py:840} INFO - DAG(s) 'example_python_decorator' retrieved from /Users/jbshome/Desktop/us_debt_etl_pipeline/debt_env/lib/python3.12/site-packages/airflow/example_dags/example_python_decorator.py
[2024-06-18T17:22:01.612-0400] {logging_mixin.py:188} INFO - [2024-06-18T17:22:01.611-0400] {dag.py:3096} INFO - Sync 1 DAGs
[2024-06-18T17:22:01.633-0400] {logging_mixin.py:188} INFO - [2024-06-18T17:22:01.633-0400] {dag.py:3954} INFO - Setting next_dagrun for example_python_decorator to None, run_after=None
[2024-06-18T17:22:01.672-0400] {processor.py:183} INFO - Processing /Users/jbshome/Desktop/us_debt_etl_pipeline/debt_env/lib/python3.12/site-packages/airflow/example_dags/example_python_decorator.py took 0.343 seconds
[2024-06-18T17:26:18.611-0400] {processor.py:161} INFO - Started process (PID=24890) to work on /Users/jbshome/Desktop/us_debt_etl_pipeline/debt_env/lib/python3.12/site-packages/airflow/example_dags/example_python_decorator.py
[2024-06-18T17:26:18.614-0400] {processor.py:830} INFO - Processing file /Users/jbshome/Desktop/us_debt_etl_pipeline/debt_env/lib/python3.12/site-packages/airflow/example_dags/example_python_decorator.py for tasks to queue
[2024-06-18T17:26:18.615-0400] {logging_mixin.py:188} INFO - [2024-06-18T17:26:18.615-0400] {dagbag.py:545} INFO - Filling up the DagBag from /Users/jbshome/Desktop/us_debt_etl_pipeline/debt_env/lib/python3.12/site-packages/airflow/example_dags/example_python_decorator.py
[2024-06-18T17:26:18.684-0400] {logging_mixin.py:188} INFO - [2024-06-18T17:26:18.684-0400] {example_python_decorator.py:80} WARNING - The virtalenv_python example task requires virtualenv, please install it.
[2024-06-18T17:26:18.688-0400] {processor.py:840} INFO - DAG(s) 'example_python_decorator' retrieved from /Users/jbshome/Desktop/us_debt_etl_pipeline/debt_env/lib/python3.12/site-packages/airflow/example_dags/example_python_decorator.py
[2024-06-18T17:26:18.904-0400] {logging_mixin.py:188} INFO - [2024-06-18T17:26:18.903-0400] {dag.py:3096} INFO - Sync 1 DAGs
[2024-06-18T17:26:18.925-0400] {logging_mixin.py:188} INFO - [2024-06-18T17:26:18.924-0400] {dag.py:3954} INFO - Setting next_dagrun for example_python_decorator to None, run_after=None
[2024-06-18T17:26:18.958-0400] {processor.py:183} INFO - Processing /Users/jbshome/Desktop/us_debt_etl_pipeline/debt_env/lib/python3.12/site-packages/airflow/example_dags/example_python_decorator.py took 0.351 seconds
[2024-06-18T17:30:57.202-0400] {processor.py:161} INFO - Started process (PID=25214) to work on /Users/jbshome/Desktop/us_debt_etl_pipeline/debt_env/lib/python3.12/site-packages/airflow/example_dags/example_python_decorator.py
[2024-06-18T17:30:57.204-0400] {processor.py:830} INFO - Processing file /Users/jbshome/Desktop/us_debt_etl_pipeline/debt_env/lib/python3.12/site-packages/airflow/example_dags/example_python_decorator.py for tasks to queue
[2024-06-18T17:30:57.206-0400] {logging_mixin.py:188} INFO - [2024-06-18T17:30:57.205-0400] {dagbag.py:545} INFO - Filling up the DagBag from /Users/jbshome/Desktop/us_debt_etl_pipeline/debt_env/lib/python3.12/site-packages/airflow/example_dags/example_python_decorator.py
[2024-06-18T17:30:57.268-0400] {logging_mixin.py:188} INFO - [2024-06-18T17:30:57.268-0400] {example_python_decorator.py:80} WARNING - The virtalenv_python example task requires virtualenv, please install it.
[2024-06-18T17:30:57.272-0400] {processor.py:840} INFO - DAG(s) 'example_python_decorator' retrieved from /Users/jbshome/Desktop/us_debt_etl_pipeline/debt_env/lib/python3.12/site-packages/airflow/example_dags/example_python_decorator.py
[2024-06-18T17:30:57.477-0400] {logging_mixin.py:188} INFO - [2024-06-18T17:30:57.476-0400] {dag.py:3096} INFO - Sync 1 DAGs
[2024-06-18T17:30:57.497-0400] {logging_mixin.py:188} INFO - [2024-06-18T17:30:57.496-0400] {dag.py:3954} INFO - Setting next_dagrun for example_python_decorator to None, run_after=None
[2024-06-18T17:30:57.536-0400] {processor.py:183} INFO - Processing /Users/jbshome/Desktop/us_debt_etl_pipeline/debt_env/lib/python3.12/site-packages/airflow/example_dags/example_python_decorator.py took 0.339 seconds
[2024-06-18T17:36:20.365-0400] {processor.py:161} INFO - Started process (PID=25761) to work on /Users/jbshome/Desktop/us_debt_etl_pipeline/debt_env/lib/python3.12/site-packages/airflow/example_dags/example_python_decorator.py
[2024-06-18T17:36:20.370-0400] {processor.py:830} INFO - Processing file /Users/jbshome/Desktop/us_debt_etl_pipeline/debt_env/lib/python3.12/site-packages/airflow/example_dags/example_python_decorator.py for tasks to queue
[2024-06-18T17:36:20.371-0400] {logging_mixin.py:188} INFO - [2024-06-18T17:36:20.370-0400] {dagbag.py:545} INFO - Filling up the DagBag from /Users/jbshome/Desktop/us_debt_etl_pipeline/debt_env/lib/python3.12/site-packages/airflow/example_dags/example_python_decorator.py
[2024-06-18T17:36:20.430-0400] {logging_mixin.py:188} INFO - [2024-06-18T17:36:20.430-0400] {example_python_decorator.py:80} WARNING - The virtalenv_python example task requires virtualenv, please install it.
[2024-06-18T17:36:20.435-0400] {processor.py:840} INFO - DAG(s) 'example_python_decorator' retrieved from /Users/jbshome/Desktop/us_debt_etl_pipeline/debt_env/lib/python3.12/site-packages/airflow/example_dags/example_python_decorator.py
[2024-06-18T17:36:20.615-0400] {logging_mixin.py:188} INFO - [2024-06-18T17:36:20.614-0400] {dag.py:3096} INFO - Sync 1 DAGs
[2024-06-18T17:36:20.636-0400] {logging_mixin.py:188} INFO - [2024-06-18T17:36:20.635-0400] {dag.py:3954} INFO - Setting next_dagrun for example_python_decorator to None, run_after=None
[2024-06-18T17:36:20.670-0400] {processor.py:183} INFO - Processing /Users/jbshome/Desktop/us_debt_etl_pipeline/debt_env/lib/python3.12/site-packages/airflow/example_dags/example_python_decorator.py took 0.309 seconds
[2024-06-18T17:44:33.195-0400] {processor.py:161} INFO - Started process (PID=26578) to work on /Users/jbshome/Desktop/us_debt_etl_pipeline/debt_env/lib/python3.12/site-packages/airflow/example_dags/example_python_decorator.py
[2024-06-18T17:44:33.197-0400] {processor.py:830} INFO - Processing file /Users/jbshome/Desktop/us_debt_etl_pipeline/debt_env/lib/python3.12/site-packages/airflow/example_dags/example_python_decorator.py for tasks to queue
[2024-06-18T17:44:33.199-0400] {logging_mixin.py:188} INFO - [2024-06-18T17:44:33.198-0400] {dagbag.py:545} INFO - Filling up the DagBag from /Users/jbshome/Desktop/us_debt_etl_pipeline/debt_env/lib/python3.12/site-packages/airflow/example_dags/example_python_decorator.py
[2024-06-18T17:44:33.336-0400] {logging_mixin.py:188} INFO - [2024-06-18T17:44:33.335-0400] {example_python_decorator.py:80} WARNING - The virtalenv_python example task requires virtualenv, please install it.
[2024-06-18T17:44:33.342-0400] {processor.py:840} INFO - DAG(s) 'example_python_decorator' retrieved from /Users/jbshome/Desktop/us_debt_etl_pipeline/debt_env/lib/python3.12/site-packages/airflow/example_dags/example_python_decorator.py
[2024-06-18T17:44:33.874-0400] {logging_mixin.py:188} INFO - [2024-06-18T17:44:33.873-0400] {dag.py:3096} INFO - Sync 1 DAGs
[2024-06-18T17:44:33.944-0400] {logging_mixin.py:188} INFO - [2024-06-18T17:44:33.944-0400] {dag.py:3954} INFO - Setting next_dagrun for example_python_decorator to None, run_after=None
[2024-06-18T17:44:34.046-0400] {processor.py:183} INFO - Processing /Users/jbshome/Desktop/us_debt_etl_pipeline/debt_env/lib/python3.12/site-packages/airflow/example_dags/example_python_decorator.py took 0.858 seconds
[2024-06-18T17:48:52.832-0400] {processor.py:161} INFO - Started process (PID=27726) to work on /Users/jbshome/Desktop/us_debt_etl_pipeline/debt_env/lib/python3.12/site-packages/airflow/example_dags/example_python_decorator.py
[2024-06-18T17:48:52.834-0400] {processor.py:830} INFO - Processing file /Users/jbshome/Desktop/us_debt_etl_pipeline/debt_env/lib/python3.12/site-packages/airflow/example_dags/example_python_decorator.py for tasks to queue
[2024-06-18T17:48:52.836-0400] {logging_mixin.py:188} INFO - [2024-06-18T17:48:52.835-0400] {dagbag.py:545} INFO - Filling up the DagBag from /Users/jbshome/Desktop/us_debt_etl_pipeline/debt_env/lib/python3.12/site-packages/airflow/example_dags/example_python_decorator.py
[2024-06-18T17:48:52.997-0400] {logging_mixin.py:188} INFO - [2024-06-18T17:48:52.996-0400] {example_python_decorator.py:80} WARNING - The virtalenv_python example task requires virtualenv, please install it.
[2024-06-18T17:48:53.004-0400] {processor.py:840} INFO - DAG(s) 'example_python_decorator' retrieved from /Users/jbshome/Desktop/us_debt_etl_pipeline/debt_env/lib/python3.12/site-packages/airflow/example_dags/example_python_decorator.py
[2024-06-18T17:48:53.420-0400] {logging_mixin.py:188} INFO - [2024-06-18T17:48:53.419-0400] {dag.py:3096} INFO - Sync 1 DAGs
[2024-06-18T17:48:53.445-0400] {logging_mixin.py:188} INFO - [2024-06-18T17:48:53.445-0400] {dag.py:3954} INFO - Setting next_dagrun for example_python_decorator to None, run_after=None
[2024-06-18T17:48:53.521-0400] {processor.py:183} INFO - Processing /Users/jbshome/Desktop/us_debt_etl_pipeline/debt_env/lib/python3.12/site-packages/airflow/example_dags/example_python_decorator.py took 0.693 seconds
