[2024-06-18T16:32:53.147-0400] {processor.py:161} INFO - Started process (PID=20207) to work on /Users/jbshome/Desktop/us_debt_etl_pipeline/debt_env/lib/python3.12/site-packages/airflow/example_dags/example_branch_datetime_operator.py
[2024-06-18T16:32:53.148-0400] {processor.py:830} INFO - Processing file /Users/jbshome/Desktop/us_debt_etl_pipeline/debt_env/lib/python3.12/site-packages/airflow/example_dags/example_branch_datetime_operator.py for tasks to queue
[2024-06-18T16:32:53.149-0400] {logging_mixin.py:188} INFO - [2024-06-18T16:32:53.148-0400] {dagbag.py:545} INFO - Filling up the DagBag from /Users/jbshome/Desktop/us_debt_etl_pipeline/debt_env/lib/python3.12/site-packages/airflow/example_dags/example_branch_datetime_operator.py
[2024-06-18T16:32:53.169-0400] {processor.py:840} INFO - DAG(s) 'example_branch_datetime_operator_2', 'example_branch_datetime_operator_3', 'example_branch_datetime_operator' retrieved from /Users/jbshome/Desktop/us_debt_etl_pipeline/debt_env/lib/python3.12/site-packages/airflow/example_dags/example_branch_datetime_operator.py
[2024-06-18T16:32:53.413-0400] {logging_mixin.py:188} INFO - [2024-06-18T16:32:53.412-0400] {override.py:1829} INFO - Created Permission View: can delete on DAG:example_branch_datetime_operator_2
[2024-06-18T16:32:53.423-0400] {logging_mixin.py:188} INFO - [2024-06-18T16:32:53.423-0400] {override.py:1829} INFO - Created Permission View: can edit on DAG:example_branch_datetime_operator_2
[2024-06-18T16:32:53.430-0400] {logging_mixin.py:188} INFO - [2024-06-18T16:32:53.429-0400] {override.py:1829} INFO - Created Permission View: can read on DAG:example_branch_datetime_operator_2
[2024-06-18T16:32:53.444-0400] {logging_mixin.py:188} INFO - [2024-06-18T16:32:53.444-0400] {override.py:1829} INFO - Created Permission View: can delete on DAG:example_branch_datetime_operator_3
[2024-06-18T16:32:53.451-0400] {logging_mixin.py:188} INFO - [2024-06-18T16:32:53.450-0400] {override.py:1829} INFO - Created Permission View: can edit on DAG:example_branch_datetime_operator_3
[2024-06-18T16:32:53.458-0400] {logging_mixin.py:188} INFO - [2024-06-18T16:32:53.458-0400] {override.py:1829} INFO - Created Permission View: can read on DAG:example_branch_datetime_operator_3
[2024-06-18T16:32:53.476-0400] {logging_mixin.py:188} INFO - [2024-06-18T16:32:53.475-0400] {override.py:1829} INFO - Created Permission View: can delete on DAG:example_branch_datetime_operator
[2024-06-18T16:32:53.484-0400] {logging_mixin.py:188} INFO - [2024-06-18T16:32:53.484-0400] {override.py:1829} INFO - Created Permission View: can edit on DAG:example_branch_datetime_operator
[2024-06-18T16:32:53.494-0400] {logging_mixin.py:188} INFO - [2024-06-18T16:32:53.493-0400] {override.py:1829} INFO - Created Permission View: can read on DAG:example_branch_datetime_operator
[2024-06-18T16:32:53.496-0400] {logging_mixin.py:188} INFO - [2024-06-18T16:32:53.494-0400] {dag.py:3096} INFO - Sync 3 DAGs
[2024-06-18T16:32:53.511-0400] {logging_mixin.py:188} INFO - [2024-06-18T16:32:53.510-0400] {dag.py:3118} INFO - Creating ORM DAG for example_branch_datetime_operator_2
[2024-06-18T16:32:53.512-0400] {logging_mixin.py:188} INFO - [2024-06-18T16:32:53.512-0400] {dag.py:3118} INFO - Creating ORM DAG for example_branch_datetime_operator_3
[2024-06-18T16:32:53.513-0400] {logging_mixin.py:188} INFO - [2024-06-18T16:32:53.513-0400] {dag.py:3118} INFO - Creating ORM DAG for example_branch_datetime_operator
[2024-06-18T16:32:53.526-0400] {logging_mixin.py:188} INFO - [2024-06-18T16:32:53.526-0400] {dag.py:3954} INFO - Setting next_dagrun for example_branch_datetime_operator to 2024-06-17 00:00:00+00:00, run_after=2024-06-18 00:00:00+00:00
[2024-06-18T16:32:53.529-0400] {logging_mixin.py:188} INFO - [2024-06-18T16:32:53.529-0400] {dag.py:3954} INFO - Setting next_dagrun for example_branch_datetime_operator_2 to 2024-06-17 00:00:00+00:00, run_after=2024-06-18 00:00:00+00:00
[2024-06-18T16:32:53.532-0400] {logging_mixin.py:188} INFO - [2024-06-18T16:32:53.532-0400] {dag.py:3954} INFO - Setting next_dagrun for example_branch_datetime_operator_3 to 2024-06-17 00:00:00+00:00, run_after=2024-06-18 00:00:00+00:00
[2024-06-18T16:32:53.560-0400] {processor.py:183} INFO - Processing /Users/jbshome/Desktop/us_debt_etl_pipeline/debt_env/lib/python3.12/site-packages/airflow/example_dags/example_branch_datetime_operator.py took 0.416 seconds
[2024-06-18T16:39:23.748-0400] {processor.py:161} INFO - Started process (PID=20546) to work on /Users/jbshome/Desktop/us_debt_etl_pipeline/debt_env/lib/python3.12/site-packages/airflow/example_dags/example_branch_datetime_operator.py
[2024-06-18T16:39:23.751-0400] {processor.py:830} INFO - Processing file /Users/jbshome/Desktop/us_debt_etl_pipeline/debt_env/lib/python3.12/site-packages/airflow/example_dags/example_branch_datetime_operator.py for tasks to queue
[2024-06-18T16:39:23.752-0400] {logging_mixin.py:188} INFO - [2024-06-18T16:39:23.751-0400] {dagbag.py:545} INFO - Filling up the DagBag from /Users/jbshome/Desktop/us_debt_etl_pipeline/debt_env/lib/python3.12/site-packages/airflow/example_dags/example_branch_datetime_operator.py
[2024-06-18T16:39:23.768-0400] {processor.py:840} INFO - DAG(s) 'example_branch_datetime_operator_3', 'example_branch_datetime_operator', 'example_branch_datetime_operator_2' retrieved from /Users/jbshome/Desktop/us_debt_etl_pipeline/debt_env/lib/python3.12/site-packages/airflow/example_dags/example_branch_datetime_operator.py
[2024-06-18T16:39:23.898-0400] {logging_mixin.py:188} INFO - [2024-06-18T16:39:23.898-0400] {dag.py:3096} INFO - Sync 3 DAGs
[2024-06-18T16:39:23.924-0400] {logging_mixin.py:188} INFO - [2024-06-18T16:39:23.923-0400] {dag.py:3954} INFO - Setting next_dagrun for example_branch_datetime_operator to 2024-06-17 00:00:00+00:00, run_after=2024-06-18 00:00:00+00:00
[2024-06-18T16:39:23.929-0400] {logging_mixin.py:188} INFO - [2024-06-18T16:39:23.928-0400] {dag.py:3954} INFO - Setting next_dagrun for example_branch_datetime_operator_2 to 2024-06-17 00:00:00+00:00, run_after=2024-06-18 00:00:00+00:00
[2024-06-18T16:39:23.932-0400] {logging_mixin.py:188} INFO - [2024-06-18T16:39:23.932-0400] {dag.py:3954} INFO - Setting next_dagrun for example_branch_datetime_operator_3 to 2024-06-17 00:00:00+00:00, run_after=2024-06-18 00:00:00+00:00
[2024-06-18T16:39:23.961-0400] {processor.py:183} INFO - Processing /Users/jbshome/Desktop/us_debt_etl_pipeline/debt_env/lib/python3.12/site-packages/airflow/example_dags/example_branch_datetime_operator.py took 0.215 seconds
[2024-06-18T16:45:23.574-0400] {processor.py:161} INFO - Started process (PID=21488) to work on /Users/jbshome/Desktop/us_debt_etl_pipeline/debt_env/lib/python3.12/site-packages/airflow/example_dags/example_branch_datetime_operator.py
[2024-06-18T16:45:23.576-0400] {processor.py:830} INFO - Processing file /Users/jbshome/Desktop/us_debt_etl_pipeline/debt_env/lib/python3.12/site-packages/airflow/example_dags/example_branch_datetime_operator.py for tasks to queue
[2024-06-18T16:45:23.577-0400] {logging_mixin.py:188} INFO - [2024-06-18T16:45:23.576-0400] {dagbag.py:545} INFO - Filling up the DagBag from /Users/jbshome/Desktop/us_debt_etl_pipeline/debt_env/lib/python3.12/site-packages/airflow/example_dags/example_branch_datetime_operator.py
[2024-06-18T16:45:23.591-0400] {processor.py:840} INFO - DAG(s) 'example_branch_datetime_operator_3', 'example_branch_datetime_operator_2', 'example_branch_datetime_operator' retrieved from /Users/jbshome/Desktop/us_debt_etl_pipeline/debt_env/lib/python3.12/site-packages/airflow/example_dags/example_branch_datetime_operator.py
[2024-06-18T16:45:23.712-0400] {logging_mixin.py:188} INFO - [2024-06-18T16:45:23.712-0400] {dag.py:3096} INFO - Sync 3 DAGs
[2024-06-18T16:45:23.733-0400] {logging_mixin.py:188} INFO - [2024-06-18T16:45:23.733-0400] {dag.py:3954} INFO - Setting next_dagrun for example_branch_datetime_operator to 2024-06-17 00:00:00+00:00, run_after=2024-06-18 00:00:00+00:00
[2024-06-18T16:45:23.738-0400] {logging_mixin.py:188} INFO - [2024-06-18T16:45:23.738-0400] {dag.py:3954} INFO - Setting next_dagrun for example_branch_datetime_operator_2 to 2024-06-17 00:00:00+00:00, run_after=2024-06-18 00:00:00+00:00
[2024-06-18T16:45:23.740-0400] {logging_mixin.py:188} INFO - [2024-06-18T16:45:23.740-0400] {dag.py:3954} INFO - Setting next_dagrun for example_branch_datetime_operator_3 to 2024-06-17 00:00:00+00:00, run_after=2024-06-18 00:00:00+00:00
[2024-06-18T16:45:23.760-0400] {processor.py:183} INFO - Processing /Users/jbshome/Desktop/us_debt_etl_pipeline/debt_env/lib/python3.12/site-packages/airflow/example_dags/example_branch_datetime_operator.py took 0.189 seconds
[2024-06-18T16:51:40.158-0400] {processor.py:161} INFO - Started process (PID=21841) to work on /Users/jbshome/Desktop/us_debt_etl_pipeline/debt_env/lib/python3.12/site-packages/airflow/example_dags/example_branch_datetime_operator.py
[2024-06-18T16:51:40.160-0400] {processor.py:830} INFO - Processing file /Users/jbshome/Desktop/us_debt_etl_pipeline/debt_env/lib/python3.12/site-packages/airflow/example_dags/example_branch_datetime_operator.py for tasks to queue
[2024-06-18T16:51:40.161-0400] {logging_mixin.py:188} INFO - [2024-06-18T16:51:40.161-0400] {dagbag.py:545} INFO - Filling up the DagBag from /Users/jbshome/Desktop/us_debt_etl_pipeline/debt_env/lib/python3.12/site-packages/airflow/example_dags/example_branch_datetime_operator.py
[2024-06-18T16:51:40.193-0400] {processor.py:840} INFO - DAG(s) 'example_branch_datetime_operator_2', 'example_branch_datetime_operator', 'example_branch_datetime_operator_3' retrieved from /Users/jbshome/Desktop/us_debt_etl_pipeline/debt_env/lib/python3.12/site-packages/airflow/example_dags/example_branch_datetime_operator.py
[2024-06-18T16:51:40.322-0400] {logging_mixin.py:188} INFO - [2024-06-18T16:51:40.321-0400] {dag.py:3096} INFO - Sync 3 DAGs
[2024-06-18T16:51:40.345-0400] {logging_mixin.py:188} INFO - [2024-06-18T16:51:40.344-0400] {dag.py:3954} INFO - Setting next_dagrun for example_branch_datetime_operator to 2024-06-17 00:00:00+00:00, run_after=2024-06-18 00:00:00+00:00
[2024-06-18T16:51:40.349-0400] {logging_mixin.py:188} INFO - [2024-06-18T16:51:40.349-0400] {dag.py:3954} INFO - Setting next_dagrun for example_branch_datetime_operator_2 to 2024-06-17 00:00:00+00:00, run_after=2024-06-18 00:00:00+00:00
[2024-06-18T16:51:40.352-0400] {logging_mixin.py:188} INFO - [2024-06-18T16:51:40.352-0400] {dag.py:3954} INFO - Setting next_dagrun for example_branch_datetime_operator_3 to 2024-06-17 00:00:00+00:00, run_after=2024-06-18 00:00:00+00:00
[2024-06-18T16:51:40.370-0400] {processor.py:183} INFO - Processing /Users/jbshome/Desktop/us_debt_etl_pipeline/debt_env/lib/python3.12/site-packages/airflow/example_dags/example_branch_datetime_operator.py took 0.218 seconds
[2024-06-18T16:57:59.776-0400] {processor.py:161} INFO - Started process (PID=22456) to work on /Users/jbshome/Desktop/us_debt_etl_pipeline/debt_env/lib/python3.12/site-packages/airflow/example_dags/example_branch_datetime_operator.py
[2024-06-18T16:57:59.777-0400] {processor.py:830} INFO - Processing file /Users/jbshome/Desktop/us_debt_etl_pipeline/debt_env/lib/python3.12/site-packages/airflow/example_dags/example_branch_datetime_operator.py for tasks to queue
[2024-06-18T16:57:59.778-0400] {logging_mixin.py:188} INFO - [2024-06-18T16:57:59.778-0400] {dagbag.py:545} INFO - Filling up the DagBag from /Users/jbshome/Desktop/us_debt_etl_pipeline/debt_env/lib/python3.12/site-packages/airflow/example_dags/example_branch_datetime_operator.py
[2024-06-18T16:57:59.816-0400] {processor.py:840} INFO - DAG(s) 'example_branch_datetime_operator_3', 'example_branch_datetime_operator', 'example_branch_datetime_operator_2' retrieved from /Users/jbshome/Desktop/us_debt_etl_pipeline/debt_env/lib/python3.12/site-packages/airflow/example_dags/example_branch_datetime_operator.py
[2024-06-18T16:58:00.110-0400] {logging_mixin.py:188} INFO - [2024-06-18T16:58:00.110-0400] {dag.py:3096} INFO - Sync 3 DAGs
[2024-06-18T16:58:00.152-0400] {logging_mixin.py:188} INFO - [2024-06-18T16:58:00.151-0400] {dag.py:3954} INFO - Setting next_dagrun for example_branch_datetime_operator to 2024-06-17 00:00:00+00:00, run_after=2024-06-18 00:00:00+00:00
[2024-06-18T16:58:00.163-0400] {logging_mixin.py:188} INFO - [2024-06-18T16:58:00.162-0400] {dag.py:3954} INFO - Setting next_dagrun for example_branch_datetime_operator_2 to 2024-06-17 00:00:00+00:00, run_after=2024-06-18 00:00:00+00:00
[2024-06-18T16:58:00.167-0400] {logging_mixin.py:188} INFO - [2024-06-18T16:58:00.167-0400] {dag.py:3954} INFO - Setting next_dagrun for example_branch_datetime_operator_3 to 2024-06-17 00:00:00+00:00, run_after=2024-06-18 00:00:00+00:00
[2024-06-18T16:58:00.195-0400] {processor.py:183} INFO - Processing /Users/jbshome/Desktop/us_debt_etl_pipeline/debt_env/lib/python3.12/site-packages/airflow/example_dags/example_branch_datetime_operator.py took 0.430 seconds
[2024-06-18T17:05:18.806-0400] {processor.py:161} INFO - Started process (PID=22925) to work on /Users/jbshome/Desktop/us_debt_etl_pipeline/debt_env/lib/python3.12/site-packages/airflow/example_dags/example_branch_datetime_operator.py
[2024-06-18T17:05:18.808-0400] {processor.py:830} INFO - Processing file /Users/jbshome/Desktop/us_debt_etl_pipeline/debt_env/lib/python3.12/site-packages/airflow/example_dags/example_branch_datetime_operator.py for tasks to queue
[2024-06-18T17:05:18.809-0400] {logging_mixin.py:188} INFO - [2024-06-18T17:05:18.809-0400] {dagbag.py:545} INFO - Filling up the DagBag from /Users/jbshome/Desktop/us_debt_etl_pipeline/debt_env/lib/python3.12/site-packages/airflow/example_dags/example_branch_datetime_operator.py
[2024-06-18T17:05:18.829-0400] {processor.py:840} INFO - DAG(s) 'example_branch_datetime_operator_2', 'example_branch_datetime_operator', 'example_branch_datetime_operator_3' retrieved from /Users/jbshome/Desktop/us_debt_etl_pipeline/debt_env/lib/python3.12/site-packages/airflow/example_dags/example_branch_datetime_operator.py
[2024-06-18T17:05:19.017-0400] {logging_mixin.py:188} INFO - [2024-06-18T17:05:19.016-0400] {dag.py:3096} INFO - Sync 3 DAGs
[2024-06-18T17:05:19.051-0400] {logging_mixin.py:188} INFO - [2024-06-18T17:05:19.050-0400] {dag.py:3954} INFO - Setting next_dagrun for example_branch_datetime_operator to 2024-06-17 00:00:00+00:00, run_after=2024-06-18 00:00:00+00:00
[2024-06-18T17:05:19.059-0400] {logging_mixin.py:188} INFO - [2024-06-18T17:05:19.058-0400] {dag.py:3954} INFO - Setting next_dagrun for example_branch_datetime_operator_2 to 2024-06-17 00:00:00+00:00, run_after=2024-06-18 00:00:00+00:00
[2024-06-18T17:05:19.063-0400] {logging_mixin.py:188} INFO - [2024-06-18T17:05:19.063-0400] {dag.py:3954} INFO - Setting next_dagrun for example_branch_datetime_operator_3 to 2024-06-17 00:00:00+00:00, run_after=2024-06-18 00:00:00+00:00
[2024-06-18T17:05:19.093-0400] {processor.py:183} INFO - Processing /Users/jbshome/Desktop/us_debt_etl_pipeline/debt_env/lib/python3.12/site-packages/airflow/example_dags/example_branch_datetime_operator.py took 0.292 seconds
[2024-06-18T17:13:43.888-0400] {processor.py:161} INFO - Started process (PID=24026) to work on /Users/jbshome/Desktop/us_debt_etl_pipeline/debt_env/lib/python3.12/site-packages/airflow/example_dags/example_branch_datetime_operator.py
[2024-06-18T17:13:43.891-0400] {processor.py:830} INFO - Processing file /Users/jbshome/Desktop/us_debt_etl_pipeline/debt_env/lib/python3.12/site-packages/airflow/example_dags/example_branch_datetime_operator.py for tasks to queue
[2024-06-18T17:13:43.893-0400] {logging_mixin.py:188} INFO - [2024-06-18T17:13:43.892-0400] {dagbag.py:545} INFO - Filling up the DagBag from /Users/jbshome/Desktop/us_debt_etl_pipeline/debt_env/lib/python3.12/site-packages/airflow/example_dags/example_branch_datetime_operator.py
[2024-06-18T17:13:43.920-0400] {processor.py:840} INFO - DAG(s) 'example_branch_datetime_operator_2', 'example_branch_datetime_operator', 'example_branch_datetime_operator_3' retrieved from /Users/jbshome/Desktop/us_debt_etl_pipeline/debt_env/lib/python3.12/site-packages/airflow/example_dags/example_branch_datetime_operator.py
[2024-06-18T17:13:44.176-0400] {logging_mixin.py:188} INFO - [2024-06-18T17:13:44.175-0400] {dag.py:3096} INFO - Sync 3 DAGs
[2024-06-18T17:13:44.213-0400] {logging_mixin.py:188} INFO - [2024-06-18T17:13:44.213-0400] {dag.py:3954} INFO - Setting next_dagrun for example_branch_datetime_operator to 2024-06-17 00:00:00+00:00, run_after=2024-06-18 00:00:00+00:00
[2024-06-18T17:13:44.224-0400] {logging_mixin.py:188} INFO - [2024-06-18T17:13:44.223-0400] {dag.py:3954} INFO - Setting next_dagrun for example_branch_datetime_operator_2 to 2024-06-17 00:00:00+00:00, run_after=2024-06-18 00:00:00+00:00
[2024-06-18T17:13:44.228-0400] {logging_mixin.py:188} INFO - [2024-06-18T17:13:44.228-0400] {dag.py:3954} INFO - Setting next_dagrun for example_branch_datetime_operator_3 to 2024-06-17 00:00:00+00:00, run_after=2024-06-18 00:00:00+00:00
[2024-06-18T17:13:44.277-0400] {processor.py:183} INFO - Processing /Users/jbshome/Desktop/us_debt_etl_pipeline/debt_env/lib/python3.12/site-packages/airflow/example_dags/example_branch_datetime_operator.py took 0.393 seconds
[2024-06-18T17:23:21.401-0400] {processor.py:161} INFO - Started process (PID=24697) to work on /Users/jbshome/Desktop/us_debt_etl_pipeline/debt_env/lib/python3.12/site-packages/airflow/example_dags/example_branch_datetime_operator.py
[2024-06-18T17:23:21.404-0400] {processor.py:830} INFO - Processing file /Users/jbshome/Desktop/us_debt_etl_pipeline/debt_env/lib/python3.12/site-packages/airflow/example_dags/example_branch_datetime_operator.py for tasks to queue
[2024-06-18T17:23:21.408-0400] {logging_mixin.py:188} INFO - [2024-06-18T17:23:21.408-0400] {dagbag.py:545} INFO - Filling up the DagBag from /Users/jbshome/Desktop/us_debt_etl_pipeline/debt_env/lib/python3.12/site-packages/airflow/example_dags/example_branch_datetime_operator.py
[2024-06-18T17:23:21.484-0400] {processor.py:840} INFO - DAG(s) 'example_branch_datetime_operator_3', 'example_branch_datetime_operator', 'example_branch_datetime_operator_2' retrieved from /Users/jbshome/Desktop/us_debt_etl_pipeline/debt_env/lib/python3.12/site-packages/airflow/example_dags/example_branch_datetime_operator.py
[2024-06-18T17:23:21.867-0400] {logging_mixin.py:188} INFO - [2024-06-18T17:23:21.866-0400] {dag.py:3096} INFO - Sync 3 DAGs
[2024-06-18T17:23:21.914-0400] {logging_mixin.py:188} INFO - [2024-06-18T17:23:21.913-0400] {dag.py:3954} INFO - Setting next_dagrun for example_branch_datetime_operator to 2024-06-17 00:00:00+00:00, run_after=2024-06-18 00:00:00+00:00
[2024-06-18T17:23:21.919-0400] {logging_mixin.py:188} INFO - [2024-06-18T17:23:21.919-0400] {dag.py:3954} INFO - Setting next_dagrun for example_branch_datetime_operator_2 to 2024-06-17 00:00:00+00:00, run_after=2024-06-18 00:00:00+00:00
[2024-06-18T17:23:21.924-0400] {logging_mixin.py:188} INFO - [2024-06-18T17:23:21.924-0400] {dag.py:3954} INFO - Setting next_dagrun for example_branch_datetime_operator_3 to 2024-06-17 00:00:00+00:00, run_after=2024-06-18 00:00:00+00:00
[2024-06-18T17:23:21.975-0400] {processor.py:183} INFO - Processing /Users/jbshome/Desktop/us_debt_etl_pipeline/debt_env/lib/python3.12/site-packages/airflow/example_dags/example_branch_datetime_operator.py took 0.588 seconds
[2024-06-18T17:32:25.136-0400] {processor.py:161} INFO - Started process (PID=25313) to work on /Users/jbshome/Desktop/us_debt_etl_pipeline/debt_env/lib/python3.12/site-packages/airflow/example_dags/example_branch_datetime_operator.py
[2024-06-18T17:32:25.139-0400] {processor.py:830} INFO - Processing file /Users/jbshome/Desktop/us_debt_etl_pipeline/debt_env/lib/python3.12/site-packages/airflow/example_dags/example_branch_datetime_operator.py for tasks to queue
[2024-06-18T17:32:25.140-0400] {logging_mixin.py:188} INFO - [2024-06-18T17:32:25.140-0400] {dagbag.py:545} INFO - Filling up the DagBag from /Users/jbshome/Desktop/us_debt_etl_pipeline/debt_env/lib/python3.12/site-packages/airflow/example_dags/example_branch_datetime_operator.py
[2024-06-18T17:32:25.165-0400] {processor.py:840} INFO - DAG(s) 'example_branch_datetime_operator_2', 'example_branch_datetime_operator_3', 'example_branch_datetime_operator' retrieved from /Users/jbshome/Desktop/us_debt_etl_pipeline/debt_env/lib/python3.12/site-packages/airflow/example_dags/example_branch_datetime_operator.py
[2024-06-18T17:32:25.460-0400] {logging_mixin.py:188} INFO - [2024-06-18T17:32:25.460-0400] {dag.py:3096} INFO - Sync 3 DAGs
[2024-06-18T17:32:25.497-0400] {logging_mixin.py:188} INFO - [2024-06-18T17:32:25.497-0400] {dag.py:3954} INFO - Setting next_dagrun for example_branch_datetime_operator to 2024-06-17 00:00:00+00:00, run_after=2024-06-18 00:00:00+00:00
[2024-06-18T17:32:25.507-0400] {logging_mixin.py:188} INFO - [2024-06-18T17:32:25.506-0400] {dag.py:3954} INFO - Setting next_dagrun for example_branch_datetime_operator_2 to 2024-06-17 00:00:00+00:00, run_after=2024-06-18 00:00:00+00:00
[2024-06-18T17:32:25.514-0400] {logging_mixin.py:188} INFO - [2024-06-18T17:32:25.513-0400] {dag.py:3954} INFO - Setting next_dagrun for example_branch_datetime_operator_3 to 2024-06-17 00:00:00+00:00, run_after=2024-06-18 00:00:00+00:00
[2024-06-18T17:32:25.548-0400] {processor.py:183} INFO - Processing /Users/jbshome/Desktop/us_debt_etl_pipeline/debt_env/lib/python3.12/site-packages/airflow/example_dags/example_branch_datetime_operator.py took 0.419 seconds
[2024-06-18T17:46:14.823-0400] {processor.py:161} INFO - Started process (PID=27238) to work on /Users/jbshome/Desktop/us_debt_etl_pipeline/debt_env/lib/python3.12/site-packages/airflow/example_dags/example_branch_datetime_operator.py
[2024-06-18T17:46:14.825-0400] {processor.py:830} INFO - Processing file /Users/jbshome/Desktop/us_debt_etl_pipeline/debt_env/lib/python3.12/site-packages/airflow/example_dags/example_branch_datetime_operator.py for tasks to queue
[2024-06-18T17:46:14.826-0400] {logging_mixin.py:188} INFO - [2024-06-18T17:46:14.826-0400] {dagbag.py:545} INFO - Filling up the DagBag from /Users/jbshome/Desktop/us_debt_etl_pipeline/debt_env/lib/python3.12/site-packages/airflow/example_dags/example_branch_datetime_operator.py
[2024-06-18T17:46:14.849-0400] {processor.py:840} INFO - DAG(s) 'example_branch_datetime_operator_3', 'example_branch_datetime_operator_2', 'example_branch_datetime_operator' retrieved from /Users/jbshome/Desktop/us_debt_etl_pipeline/debt_env/lib/python3.12/site-packages/airflow/example_dags/example_branch_datetime_operator.py
[2024-06-18T17:46:15.037-0400] {logging_mixin.py:188} INFO - [2024-06-18T17:46:15.036-0400] {dag.py:3096} INFO - Sync 3 DAGs
[2024-06-18T17:46:15.067-0400] {logging_mixin.py:188} INFO - [2024-06-18T17:46:15.067-0400] {dag.py:3954} INFO - Setting next_dagrun for example_branch_datetime_operator to 2024-06-17 00:00:00+00:00, run_after=2024-06-18 00:00:00+00:00
[2024-06-18T17:46:15.074-0400] {logging_mixin.py:188} INFO - [2024-06-18T17:46:15.074-0400] {dag.py:3954} INFO - Setting next_dagrun for example_branch_datetime_operator_2 to 2024-06-17 00:00:00+00:00, run_after=2024-06-18 00:00:00+00:00
[2024-06-18T17:46:15.079-0400] {logging_mixin.py:188} INFO - [2024-06-18T17:46:15.079-0400] {dag.py:3954} INFO - Setting next_dagrun for example_branch_datetime_operator_3 to 2024-06-17 00:00:00+00:00, run_after=2024-06-18 00:00:00+00:00
[2024-06-18T17:46:15.110-0400] {processor.py:183} INFO - Processing /Users/jbshome/Desktop/us_debt_etl_pipeline/debt_env/lib/python3.12/site-packages/airflow/example_dags/example_branch_datetime_operator.py took 0.291 seconds
