[2024-06-18T16:30:49.119-0400] {processor.py:161} INFO - Started process (PID=20060) to work on /Users/jbshome/Desktop/us_debt_etl_pipeline/debt_env/lib/python3.12/site-packages/airflow/example_dags/example_short_circuit_operator.py
[2024-06-18T16:30:49.120-0400] {processor.py:830} INFO - Processing file /Users/jbshome/Desktop/us_debt_etl_pipeline/debt_env/lib/python3.12/site-packages/airflow/example_dags/example_short_circuit_operator.py for tasks to queue
[2024-06-18T16:30:49.125-0400] {logging_mixin.py:188} INFO - [2024-06-18T16:30:49.125-0400] {dagbag.py:545} INFO - Filling up the DagBag from /Users/jbshome/Desktop/us_debt_etl_pipeline/debt_env/lib/python3.12/site-packages/airflow/example_dags/example_short_circuit_operator.py
[2024-06-18T16:30:49.164-0400] {processor.py:840} INFO - DAG(s) 'example_short_circuit_operator' retrieved from /Users/jbshome/Desktop/us_debt_etl_pipeline/debt_env/lib/python3.12/site-packages/airflow/example_dags/example_short_circuit_operator.py
[2024-06-18T16:30:49.806-0400] {logging_mixin.py:188} INFO - [2024-06-18T16:30:49.804-0400] {override.py:1829} INFO - Created Permission View: can delete on DAG:example_short_circuit_operator
[2024-06-18T16:30:49.826-0400] {logging_mixin.py:188} INFO - [2024-06-18T16:30:49.825-0400] {override.py:1829} INFO - Created Permission View: can read on DAG:example_short_circuit_operator
[2024-06-18T16:30:49.848-0400] {logging_mixin.py:188} INFO - [2024-06-18T16:30:49.848-0400] {override.py:1829} INFO - Created Permission View: can edit on DAG:example_short_circuit_operator
[2024-06-18T16:30:49.849-0400] {logging_mixin.py:188} INFO - [2024-06-18T16:30:49.849-0400] {dag.py:3096} INFO - Sync 1 DAGs
[2024-06-18T16:30:50.135-0400] {logging_mixin.py:188} INFO - [2024-06-18T16:30:50.134-0400] {dag.py:3118} INFO - Creating ORM DAG for example_short_circuit_operator
[2024-06-18T16:30:50.152-0400] {logging_mixin.py:188} INFO - [2024-06-18T16:30:50.152-0400] {dag.py:3954} INFO - Setting next_dagrun for example_short_circuit_operator to 2024-06-17 00:00:00+00:00, run_after=2024-06-18 00:00:00+00:00
[2024-06-18T16:30:50.197-0400] {processor.py:183} INFO - Processing /Users/jbshome/Desktop/us_debt_etl_pipeline/debt_env/lib/python3.12/site-packages/airflow/example_dags/example_short_circuit_operator.py took 1.083 seconds
[2024-06-18T16:34:35.655-0400] {processor.py:161} INFO - Started process (PID=20294) to work on /Users/jbshome/Desktop/us_debt_etl_pipeline/debt_env/lib/python3.12/site-packages/airflow/example_dags/example_short_circuit_operator.py
[2024-06-18T16:34:35.664-0400] {processor.py:830} INFO - Processing file /Users/jbshome/Desktop/us_debt_etl_pipeline/debt_env/lib/python3.12/site-packages/airflow/example_dags/example_short_circuit_operator.py for tasks to queue
[2024-06-18T16:34:35.667-0400] {logging_mixin.py:188} INFO - [2024-06-18T16:34:35.666-0400] {dagbag.py:545} INFO - Filling up the DagBag from /Users/jbshome/Desktop/us_debt_etl_pipeline/debt_env/lib/python3.12/site-packages/airflow/example_dags/example_short_circuit_operator.py
[2024-06-18T16:34:35.717-0400] {processor.py:840} INFO - DAG(s) 'example_short_circuit_operator' retrieved from /Users/jbshome/Desktop/us_debt_etl_pipeline/debt_env/lib/python3.12/site-packages/airflow/example_dags/example_short_circuit_operator.py
[2024-06-18T16:34:35.906-0400] {logging_mixin.py:188} INFO - [2024-06-18T16:34:35.906-0400] {dag.py:3096} INFO - Sync 1 DAGs
[2024-06-18T16:34:35.932-0400] {logging_mixin.py:188} INFO - [2024-06-18T16:34:35.932-0400] {dag.py:3954} INFO - Setting next_dagrun for example_short_circuit_operator to 2024-06-17 00:00:00+00:00, run_after=2024-06-18 00:00:00+00:00
[2024-06-18T16:34:35.962-0400] {processor.py:183} INFO - Processing /Users/jbshome/Desktop/us_debt_etl_pipeline/debt_env/lib/python3.12/site-packages/airflow/example_dags/example_short_circuit_operator.py took 0.310 seconds
[2024-06-18T16:37:53.375-0400] {processor.py:161} INFO - Started process (PID=20467) to work on /Users/jbshome/Desktop/us_debt_etl_pipeline/debt_env/lib/python3.12/site-packages/airflow/example_dags/example_short_circuit_operator.py
[2024-06-18T16:37:53.377-0400] {processor.py:830} INFO - Processing file /Users/jbshome/Desktop/us_debt_etl_pipeline/debt_env/lib/python3.12/site-packages/airflow/example_dags/example_short_circuit_operator.py for tasks to queue
[2024-06-18T16:37:53.378-0400] {logging_mixin.py:188} INFO - [2024-06-18T16:37:53.378-0400] {dagbag.py:545} INFO - Filling up the DagBag from /Users/jbshome/Desktop/us_debt_etl_pipeline/debt_env/lib/python3.12/site-packages/airflow/example_dags/example_short_circuit_operator.py
[2024-06-18T16:37:53.407-0400] {processor.py:840} INFO - DAG(s) 'example_short_circuit_operator' retrieved from /Users/jbshome/Desktop/us_debt_etl_pipeline/debt_env/lib/python3.12/site-packages/airflow/example_dags/example_short_circuit_operator.py
[2024-06-18T16:37:53.533-0400] {logging_mixin.py:188} INFO - [2024-06-18T16:37:53.533-0400] {dag.py:3096} INFO - Sync 1 DAGs
[2024-06-18T16:37:53.553-0400] {logging_mixin.py:188} INFO - [2024-06-18T16:37:53.553-0400] {dag.py:3954} INFO - Setting next_dagrun for example_short_circuit_operator to 2024-06-17 00:00:00+00:00, run_after=2024-06-18 00:00:00+00:00
[2024-06-18T16:37:53.584-0400] {processor.py:183} INFO - Processing /Users/jbshome/Desktop/us_debt_etl_pipeline/debt_env/lib/python3.12/site-packages/airflow/example_dags/example_short_circuit_operator.py took 0.212 seconds
[2024-06-18T16:40:59.347-0400] {processor.py:161} INFO - Started process (PID=20798) to work on /Users/jbshome/Desktop/us_debt_etl_pipeline/debt_env/lib/python3.12/site-packages/airflow/example_dags/example_short_circuit_operator.py
[2024-06-18T16:40:59.350-0400] {processor.py:830} INFO - Processing file /Users/jbshome/Desktop/us_debt_etl_pipeline/debt_env/lib/python3.12/site-packages/airflow/example_dags/example_short_circuit_operator.py for tasks to queue
[2024-06-18T16:40:59.350-0400] {logging_mixin.py:188} INFO - [2024-06-18T16:40:59.350-0400] {dagbag.py:545} INFO - Filling up the DagBag from /Users/jbshome/Desktop/us_debt_etl_pipeline/debt_env/lib/python3.12/site-packages/airflow/example_dags/example_short_circuit_operator.py
[2024-06-18T16:40:59.394-0400] {processor.py:840} INFO - DAG(s) 'example_short_circuit_operator' retrieved from /Users/jbshome/Desktop/us_debt_etl_pipeline/debt_env/lib/python3.12/site-packages/airflow/example_dags/example_short_circuit_operator.py
[2024-06-18T16:40:59.551-0400] {logging_mixin.py:188} INFO - [2024-06-18T16:40:59.550-0400] {dag.py:3096} INFO - Sync 1 DAGs
[2024-06-18T16:40:59.570-0400] {logging_mixin.py:188} INFO - [2024-06-18T16:40:59.569-0400] {dag.py:3954} INFO - Setting next_dagrun for example_short_circuit_operator to 2024-06-17 00:00:00+00:00, run_after=2024-06-18 00:00:00+00:00
[2024-06-18T16:40:59.594-0400] {processor.py:183} INFO - Processing /Users/jbshome/Desktop/us_debt_etl_pipeline/debt_env/lib/python3.12/site-packages/airflow/example_dags/example_short_circuit_operator.py took 0.252 seconds
[2024-06-18T16:44:04.999-0400] {processor.py:161} INFO - Started process (PID=21417) to work on /Users/jbshome/Desktop/us_debt_etl_pipeline/debt_env/lib/python3.12/site-packages/airflow/example_dags/example_short_circuit_operator.py
[2024-06-18T16:44:05.001-0400] {processor.py:830} INFO - Processing file /Users/jbshome/Desktop/us_debt_etl_pipeline/debt_env/lib/python3.12/site-packages/airflow/example_dags/example_short_circuit_operator.py for tasks to queue
[2024-06-18T16:44:05.002-0400] {logging_mixin.py:188} INFO - [2024-06-18T16:44:05.002-0400] {dagbag.py:545} INFO - Filling up the DagBag from /Users/jbshome/Desktop/us_debt_etl_pipeline/debt_env/lib/python3.12/site-packages/airflow/example_dags/example_short_circuit_operator.py
[2024-06-18T16:44:05.042-0400] {processor.py:840} INFO - DAG(s) 'example_short_circuit_operator' retrieved from /Users/jbshome/Desktop/us_debt_etl_pipeline/debt_env/lib/python3.12/site-packages/airflow/example_dags/example_short_circuit_operator.py
[2024-06-18T16:44:05.150-0400] {logging_mixin.py:188} INFO - [2024-06-18T16:44:05.150-0400] {dag.py:3096} INFO - Sync 1 DAGs
[2024-06-18T16:44:05.167-0400] {logging_mixin.py:188} INFO - [2024-06-18T16:44:05.167-0400] {dag.py:3954} INFO - Setting next_dagrun for example_short_circuit_operator to 2024-06-17 00:00:00+00:00, run_after=2024-06-18 00:00:00+00:00
[2024-06-18T16:44:05.188-0400] {processor.py:183} INFO - Processing /Users/jbshome/Desktop/us_debt_etl_pipeline/debt_env/lib/python3.12/site-packages/airflow/example_dags/example_short_circuit_operator.py took 0.191 seconds
[2024-06-18T16:47:03.102-0400] {processor.py:161} INFO - Started process (PID=21589) to work on /Users/jbshome/Desktop/us_debt_etl_pipeline/debt_env/lib/python3.12/site-packages/airflow/example_dags/example_short_circuit_operator.py
[2024-06-18T16:47:03.104-0400] {processor.py:830} INFO - Processing file /Users/jbshome/Desktop/us_debt_etl_pipeline/debt_env/lib/python3.12/site-packages/airflow/example_dags/example_short_circuit_operator.py for tasks to queue
[2024-06-18T16:47:03.105-0400] {logging_mixin.py:188} INFO - [2024-06-18T16:47:03.105-0400] {dagbag.py:545} INFO - Filling up the DagBag from /Users/jbshome/Desktop/us_debt_etl_pipeline/debt_env/lib/python3.12/site-packages/airflow/example_dags/example_short_circuit_operator.py
[2024-06-18T16:47:03.154-0400] {processor.py:840} INFO - DAG(s) 'example_short_circuit_operator' retrieved from /Users/jbshome/Desktop/us_debt_etl_pipeline/debt_env/lib/python3.12/site-packages/airflow/example_dags/example_short_circuit_operator.py
[2024-06-18T16:47:03.592-0400] {logging_mixin.py:188} INFO - [2024-06-18T16:47:03.590-0400] {dag.py:3096} INFO - Sync 1 DAGs
[2024-06-18T16:47:03.628-0400] {logging_mixin.py:188} INFO - [2024-06-18T16:47:03.627-0400] {dag.py:3954} INFO - Setting next_dagrun for example_short_circuit_operator to 2024-06-17 00:00:00+00:00, run_after=2024-06-18 00:00:00+00:00
[2024-06-18T16:47:03.696-0400] {processor.py:183} INFO - Processing /Users/jbshome/Desktop/us_debt_etl_pipeline/debt_env/lib/python3.12/site-packages/airflow/example_dags/example_short_circuit_operator.py took 0.598 seconds
[2024-06-18T16:50:12.623-0400] {processor.py:161} INFO - Started process (PID=21770) to work on /Users/jbshome/Desktop/us_debt_etl_pipeline/debt_env/lib/python3.12/site-packages/airflow/example_dags/example_short_circuit_operator.py
[2024-06-18T16:50:12.625-0400] {processor.py:830} INFO - Processing file /Users/jbshome/Desktop/us_debt_etl_pipeline/debt_env/lib/python3.12/site-packages/airflow/example_dags/example_short_circuit_operator.py for tasks to queue
[2024-06-18T16:50:12.626-0400] {logging_mixin.py:188} INFO - [2024-06-18T16:50:12.626-0400] {dagbag.py:545} INFO - Filling up the DagBag from /Users/jbshome/Desktop/us_debt_etl_pipeline/debt_env/lib/python3.12/site-packages/airflow/example_dags/example_short_circuit_operator.py
[2024-06-18T16:50:12.654-0400] {processor.py:840} INFO - DAG(s) 'example_short_circuit_operator' retrieved from /Users/jbshome/Desktop/us_debt_etl_pipeline/debt_env/lib/python3.12/site-packages/airflow/example_dags/example_short_circuit_operator.py
[2024-06-18T16:50:12.776-0400] {logging_mixin.py:188} INFO - [2024-06-18T16:50:12.775-0400] {dag.py:3096} INFO - Sync 1 DAGs
[2024-06-18T16:50:12.798-0400] {logging_mixin.py:188} INFO - [2024-06-18T16:50:12.798-0400] {dag.py:3954} INFO - Setting next_dagrun for example_short_circuit_operator to 2024-06-17 00:00:00+00:00, run_after=2024-06-18 00:00:00+00:00
[2024-06-18T16:50:12.822-0400] {processor.py:183} INFO - Processing /Users/jbshome/Desktop/us_debt_etl_pipeline/debt_env/lib/python3.12/site-packages/airflow/example_dags/example_short_circuit_operator.py took 0.202 seconds
[2024-06-18T16:53:18.451-0400] {processor.py:161} INFO - Started process (PID=21921) to work on /Users/jbshome/Desktop/us_debt_etl_pipeline/debt_env/lib/python3.12/site-packages/airflow/example_dags/example_short_circuit_operator.py
[2024-06-18T16:53:18.454-0400] {processor.py:830} INFO - Processing file /Users/jbshome/Desktop/us_debt_etl_pipeline/debt_env/lib/python3.12/site-packages/airflow/example_dags/example_short_circuit_operator.py for tasks to queue
[2024-06-18T16:53:18.454-0400] {logging_mixin.py:188} INFO - [2024-06-18T16:53:18.454-0400] {dagbag.py:545} INFO - Filling up the DagBag from /Users/jbshome/Desktop/us_debt_etl_pipeline/debt_env/lib/python3.12/site-packages/airflow/example_dags/example_short_circuit_operator.py
[2024-06-18T16:53:18.488-0400] {processor.py:840} INFO - DAG(s) 'example_short_circuit_operator' retrieved from /Users/jbshome/Desktop/us_debt_etl_pipeline/debt_env/lib/python3.12/site-packages/airflow/example_dags/example_short_circuit_operator.py
[2024-06-18T16:53:18.639-0400] {logging_mixin.py:188} INFO - [2024-06-18T16:53:18.638-0400] {dag.py:3096} INFO - Sync 1 DAGs
[2024-06-18T16:53:18.669-0400] {logging_mixin.py:188} INFO - [2024-06-18T16:53:18.669-0400] {dag.py:3954} INFO - Setting next_dagrun for example_short_circuit_operator to 2024-06-17 00:00:00+00:00, run_after=2024-06-18 00:00:00+00:00
[2024-06-18T16:53:18.704-0400] {processor.py:183} INFO - Processing /Users/jbshome/Desktop/us_debt_etl_pipeline/debt_env/lib/python3.12/site-packages/airflow/example_dags/example_short_circuit_operator.py took 0.257 seconds
[2024-06-18T16:56:26.478-0400] {processor.py:161} INFO - Started process (PID=22073) to work on /Users/jbshome/Desktop/us_debt_etl_pipeline/debt_env/lib/python3.12/site-packages/airflow/example_dags/example_short_circuit_operator.py
[2024-06-18T16:56:26.480-0400] {processor.py:830} INFO - Processing file /Users/jbshome/Desktop/us_debt_etl_pipeline/debt_env/lib/python3.12/site-packages/airflow/example_dags/example_short_circuit_operator.py for tasks to queue
[2024-06-18T16:56:26.481-0400] {logging_mixin.py:188} INFO - [2024-06-18T16:56:26.481-0400] {dagbag.py:545} INFO - Filling up the DagBag from /Users/jbshome/Desktop/us_debt_etl_pipeline/debt_env/lib/python3.12/site-packages/airflow/example_dags/example_short_circuit_operator.py
[2024-06-18T16:56:26.507-0400] {processor.py:840} INFO - DAG(s) 'example_short_circuit_operator' retrieved from /Users/jbshome/Desktop/us_debt_etl_pipeline/debt_env/lib/python3.12/site-packages/airflow/example_dags/example_short_circuit_operator.py
[2024-06-18T16:56:26.613-0400] {logging_mixin.py:188} INFO - [2024-06-18T16:56:26.613-0400] {dag.py:3096} INFO - Sync 1 DAGs
[2024-06-18T16:56:26.630-0400] {logging_mixin.py:188} INFO - [2024-06-18T16:56:26.630-0400] {dag.py:3954} INFO - Setting next_dagrun for example_short_circuit_operator to 2024-06-17 00:00:00+00:00, run_after=2024-06-18 00:00:00+00:00
[2024-06-18T16:56:26.652-0400] {processor.py:183} INFO - Processing /Users/jbshome/Desktop/us_debt_etl_pipeline/debt_env/lib/python3.12/site-packages/airflow/example_dags/example_short_circuit_operator.py took 0.177 seconds
[2024-06-18T16:59:39.151-0400] {processor.py:161} INFO - Started process (PID=22580) to work on /Users/jbshome/Desktop/us_debt_etl_pipeline/debt_env/lib/python3.12/site-packages/airflow/example_dags/example_short_circuit_operator.py
[2024-06-18T16:59:39.155-0400] {processor.py:830} INFO - Processing file /Users/jbshome/Desktop/us_debt_etl_pipeline/debt_env/lib/python3.12/site-packages/airflow/example_dags/example_short_circuit_operator.py for tasks to queue
[2024-06-18T16:59:39.157-0400] {logging_mixin.py:188} INFO - [2024-06-18T16:59:39.157-0400] {dagbag.py:545} INFO - Filling up the DagBag from /Users/jbshome/Desktop/us_debt_etl_pipeline/debt_env/lib/python3.12/site-packages/airflow/example_dags/example_short_circuit_operator.py
[2024-06-18T16:59:39.224-0400] {processor.py:840} INFO - DAG(s) 'example_short_circuit_operator' retrieved from /Users/jbshome/Desktop/us_debt_etl_pipeline/debt_env/lib/python3.12/site-packages/airflow/example_dags/example_short_circuit_operator.py
[2024-06-18T16:59:39.488-0400] {logging_mixin.py:188} INFO - [2024-06-18T16:59:39.487-0400] {dag.py:3096} INFO - Sync 1 DAGs
[2024-06-18T16:59:39.526-0400] {logging_mixin.py:188} INFO - [2024-06-18T16:59:39.526-0400] {dag.py:3954} INFO - Setting next_dagrun for example_short_circuit_operator to 2024-06-17 00:00:00+00:00, run_after=2024-06-18 00:00:00+00:00
[2024-06-18T16:59:39.574-0400] {processor.py:183} INFO - Processing /Users/jbshome/Desktop/us_debt_etl_pipeline/debt_env/lib/python3.12/site-packages/airflow/example_dags/example_short_circuit_operator.py took 0.429 seconds
[2024-06-18T17:03:49.683-0400] {processor.py:161} INFO - Started process (PID=22830) to work on /Users/jbshome/Desktop/us_debt_etl_pipeline/debt_env/lib/python3.12/site-packages/airflow/example_dags/example_short_circuit_operator.py
[2024-06-18T17:03:49.684-0400] {processor.py:830} INFO - Processing file /Users/jbshome/Desktop/us_debt_etl_pipeline/debt_env/lib/python3.12/site-packages/airflow/example_dags/example_short_circuit_operator.py for tasks to queue
[2024-06-18T17:03:49.686-0400] {logging_mixin.py:188} INFO - [2024-06-18T17:03:49.685-0400] {dagbag.py:545} INFO - Filling up the DagBag from /Users/jbshome/Desktop/us_debt_etl_pipeline/debt_env/lib/python3.12/site-packages/airflow/example_dags/example_short_circuit_operator.py
[2024-06-18T17:03:49.724-0400] {processor.py:840} INFO - DAG(s) 'example_short_circuit_operator' retrieved from /Users/jbshome/Desktop/us_debt_etl_pipeline/debt_env/lib/python3.12/site-packages/airflow/example_dags/example_short_circuit_operator.py
[2024-06-18T17:03:49.896-0400] {logging_mixin.py:188} INFO - [2024-06-18T17:03:49.896-0400] {dag.py:3096} INFO - Sync 1 DAGs
[2024-06-18T17:03:49.927-0400] {logging_mixin.py:188} INFO - [2024-06-18T17:03:49.927-0400] {dag.py:3954} INFO - Setting next_dagrun for example_short_circuit_operator to 2024-06-17 00:00:00+00:00, run_after=2024-06-18 00:00:00+00:00
[2024-06-18T17:03:49.956-0400] {processor.py:183} INFO - Processing /Users/jbshome/Desktop/us_debt_etl_pipeline/debt_env/lib/python3.12/site-packages/airflow/example_dags/example_short_circuit_operator.py took 0.276 seconds
[2024-06-18T17:07:19.157-0400] {processor.py:161} INFO - Started process (PID=23233) to work on /Users/jbshome/Desktop/us_debt_etl_pipeline/debt_env/lib/python3.12/site-packages/airflow/example_dags/example_short_circuit_operator.py
[2024-06-18T17:07:19.160-0400] {processor.py:830} INFO - Processing file /Users/jbshome/Desktop/us_debt_etl_pipeline/debt_env/lib/python3.12/site-packages/airflow/example_dags/example_short_circuit_operator.py for tasks to queue
[2024-06-18T17:07:19.161-0400] {logging_mixin.py:188} INFO - [2024-06-18T17:07:19.161-0400] {dagbag.py:545} INFO - Filling up the DagBag from /Users/jbshome/Desktop/us_debt_etl_pipeline/debt_env/lib/python3.12/site-packages/airflow/example_dags/example_short_circuit_operator.py
[2024-06-18T17:07:19.214-0400] {processor.py:840} INFO - DAG(s) 'example_short_circuit_operator' retrieved from /Users/jbshome/Desktop/us_debt_etl_pipeline/debt_env/lib/python3.12/site-packages/airflow/example_dags/example_short_circuit_operator.py
[2024-06-18T17:07:19.465-0400] {logging_mixin.py:188} INFO - [2024-06-18T17:07:19.464-0400] {dag.py:3096} INFO - Sync 1 DAGs
[2024-06-18T17:07:19.506-0400] {logging_mixin.py:188} INFO - [2024-06-18T17:07:19.505-0400] {dag.py:3954} INFO - Setting next_dagrun for example_short_circuit_operator to 2024-06-17 00:00:00+00:00, run_after=2024-06-18 00:00:00+00:00
[2024-06-18T17:07:19.582-0400] {processor.py:183} INFO - Processing /Users/jbshome/Desktop/us_debt_etl_pipeline/debt_env/lib/python3.12/site-packages/airflow/example_dags/example_short_circuit_operator.py took 0.433 seconds
[2024-06-18T17:11:25.070-0400] {processor.py:161} INFO - Started process (PID=23883) to work on /Users/jbshome/Desktop/us_debt_etl_pipeline/debt_env/lib/python3.12/site-packages/airflow/example_dags/example_short_circuit_operator.py
[2024-06-18T17:11:25.072-0400] {processor.py:830} INFO - Processing file /Users/jbshome/Desktop/us_debt_etl_pipeline/debt_env/lib/python3.12/site-packages/airflow/example_dags/example_short_circuit_operator.py for tasks to queue
[2024-06-18T17:11:25.073-0400] {logging_mixin.py:188} INFO - [2024-06-18T17:11:25.072-0400] {dagbag.py:545} INFO - Filling up the DagBag from /Users/jbshome/Desktop/us_debt_etl_pipeline/debt_env/lib/python3.12/site-packages/airflow/example_dags/example_short_circuit_operator.py
[2024-06-18T17:11:25.115-0400] {processor.py:840} INFO - DAG(s) 'example_short_circuit_operator' retrieved from /Users/jbshome/Desktop/us_debt_etl_pipeline/debt_env/lib/python3.12/site-packages/airflow/example_dags/example_short_circuit_operator.py
[2024-06-18T17:11:25.292-0400] {logging_mixin.py:188} INFO - [2024-06-18T17:11:25.291-0400] {dag.py:3096} INFO - Sync 1 DAGs
[2024-06-18T17:11:25.322-0400] {logging_mixin.py:188} INFO - [2024-06-18T17:11:25.322-0400] {dag.py:3954} INFO - Setting next_dagrun for example_short_circuit_operator to 2024-06-17 00:00:00+00:00, run_after=2024-06-18 00:00:00+00:00
[2024-06-18T17:11:25.349-0400] {processor.py:183} INFO - Processing /Users/jbshome/Desktop/us_debt_etl_pipeline/debt_env/lib/python3.12/site-packages/airflow/example_dags/example_short_circuit_operator.py took 0.302 seconds
[2024-06-18T17:16:45.140-0400] {processor.py:161} INFO - Started process (PID=24222) to work on /Users/jbshome/Desktop/us_debt_etl_pipeline/debt_env/lib/python3.12/site-packages/airflow/example_dags/example_short_circuit_operator.py
[2024-06-18T17:16:45.142-0400] {processor.py:830} INFO - Processing file /Users/jbshome/Desktop/us_debt_etl_pipeline/debt_env/lib/python3.12/site-packages/airflow/example_dags/example_short_circuit_operator.py for tasks to queue
[2024-06-18T17:16:45.144-0400] {logging_mixin.py:188} INFO - [2024-06-18T17:16:45.143-0400] {dagbag.py:545} INFO - Filling up the DagBag from /Users/jbshome/Desktop/us_debt_etl_pipeline/debt_env/lib/python3.12/site-packages/airflow/example_dags/example_short_circuit_operator.py
[2024-06-18T17:16:45.209-0400] {processor.py:840} INFO - DAG(s) 'example_short_circuit_operator' retrieved from /Users/jbshome/Desktop/us_debt_etl_pipeline/debt_env/lib/python3.12/site-packages/airflow/example_dags/example_short_circuit_operator.py
[2024-06-18T17:16:45.547-0400] {logging_mixin.py:188} INFO - [2024-06-18T17:16:45.547-0400] {dag.py:3096} INFO - Sync 1 DAGs
[2024-06-18T17:16:45.594-0400] {logging_mixin.py:188} INFO - [2024-06-18T17:16:45.594-0400] {dag.py:3954} INFO - Setting next_dagrun for example_short_circuit_operator to 2024-06-17 00:00:00+00:00, run_after=2024-06-18 00:00:00+00:00
[2024-06-18T17:16:45.649-0400] {processor.py:183} INFO - Processing /Users/jbshome/Desktop/us_debt_etl_pipeline/debt_env/lib/python3.12/site-packages/airflow/example_dags/example_short_circuit_operator.py took 0.514 seconds
[2024-06-18T17:21:25.636-0400] {processor.py:161} INFO - Started process (PID=24555) to work on /Users/jbshome/Desktop/us_debt_etl_pipeline/debt_env/lib/python3.12/site-packages/airflow/example_dags/example_short_circuit_operator.py
[2024-06-18T17:21:25.639-0400] {processor.py:830} INFO - Processing file /Users/jbshome/Desktop/us_debt_etl_pipeline/debt_env/lib/python3.12/site-packages/airflow/example_dags/example_short_circuit_operator.py for tasks to queue
[2024-06-18T17:21:25.641-0400] {logging_mixin.py:188} INFO - [2024-06-18T17:21:25.640-0400] {dagbag.py:545} INFO - Filling up the DagBag from /Users/jbshome/Desktop/us_debt_etl_pipeline/debt_env/lib/python3.12/site-packages/airflow/example_dags/example_short_circuit_operator.py
[2024-06-18T17:21:25.700-0400] {processor.py:840} INFO - DAG(s) 'example_short_circuit_operator' retrieved from /Users/jbshome/Desktop/us_debt_etl_pipeline/debt_env/lib/python3.12/site-packages/airflow/example_dags/example_short_circuit_operator.py
[2024-06-18T17:21:25.936-0400] {logging_mixin.py:188} INFO - [2024-06-18T17:21:25.936-0400] {dag.py:3096} INFO - Sync 1 DAGs
[2024-06-18T17:21:26.036-0400] {logging_mixin.py:188} INFO - [2024-06-18T17:21:26.035-0400] {dag.py:3954} INFO - Setting next_dagrun for example_short_circuit_operator to 2024-06-17 00:00:00+00:00, run_after=2024-06-18 00:00:00+00:00
[2024-06-18T17:21:26.078-0400] {processor.py:183} INFO - Processing /Users/jbshome/Desktop/us_debt_etl_pipeline/debt_env/lib/python3.12/site-packages/airflow/example_dags/example_short_circuit_operator.py took 0.447 seconds
[2024-06-18T17:25:42.143-0400] {processor.py:161} INFO - Started process (PID=24851) to work on /Users/jbshome/Desktop/us_debt_etl_pipeline/debt_env/lib/python3.12/site-packages/airflow/example_dags/example_short_circuit_operator.py
[2024-06-18T17:25:42.146-0400] {processor.py:830} INFO - Processing file /Users/jbshome/Desktop/us_debt_etl_pipeline/debt_env/lib/python3.12/site-packages/airflow/example_dags/example_short_circuit_operator.py for tasks to queue
[2024-06-18T17:25:42.147-0400] {logging_mixin.py:188} INFO - [2024-06-18T17:25:42.147-0400] {dagbag.py:545} INFO - Filling up the DagBag from /Users/jbshome/Desktop/us_debt_etl_pipeline/debt_env/lib/python3.12/site-packages/airflow/example_dags/example_short_circuit_operator.py
[2024-06-18T17:25:42.193-0400] {processor.py:840} INFO - DAG(s) 'example_short_circuit_operator' retrieved from /Users/jbshome/Desktop/us_debt_etl_pipeline/debt_env/lib/python3.12/site-packages/airflow/example_dags/example_short_circuit_operator.py
[2024-06-18T17:25:42.411-0400] {logging_mixin.py:188} INFO - [2024-06-18T17:25:42.411-0400] {dag.py:3096} INFO - Sync 1 DAGs
[2024-06-18T17:25:42.439-0400] {logging_mixin.py:188} INFO - [2024-06-18T17:25:42.439-0400] {dag.py:3954} INFO - Setting next_dagrun for example_short_circuit_operator to 2024-06-17 00:00:00+00:00, run_after=2024-06-18 00:00:00+00:00
[2024-06-18T17:25:42.475-0400] {processor.py:183} INFO - Processing /Users/jbshome/Desktop/us_debt_etl_pipeline/debt_env/lib/python3.12/site-packages/airflow/example_dags/example_short_circuit_operator.py took 0.336 seconds
[2024-06-18T17:30:13.176-0400] {processor.py:161} INFO - Started process (PID=25169) to work on /Users/jbshome/Desktop/us_debt_etl_pipeline/debt_env/lib/python3.12/site-packages/airflow/example_dags/example_short_circuit_operator.py
[2024-06-18T17:30:13.177-0400] {processor.py:830} INFO - Processing file /Users/jbshome/Desktop/us_debt_etl_pipeline/debt_env/lib/python3.12/site-packages/airflow/example_dags/example_short_circuit_operator.py for tasks to queue
[2024-06-18T17:30:13.178-0400] {logging_mixin.py:188} INFO - [2024-06-18T17:30:13.178-0400] {dagbag.py:545} INFO - Filling up the DagBag from /Users/jbshome/Desktop/us_debt_etl_pipeline/debt_env/lib/python3.12/site-packages/airflow/example_dags/example_short_circuit_operator.py
[2024-06-18T17:30:13.208-0400] {processor.py:840} INFO - DAG(s) 'example_short_circuit_operator' retrieved from /Users/jbshome/Desktop/us_debt_etl_pipeline/debt_env/lib/python3.12/site-packages/airflow/example_dags/example_short_circuit_operator.py
[2024-06-18T17:30:13.332-0400] {logging_mixin.py:188} INFO - [2024-06-18T17:30:13.331-0400] {dag.py:3096} INFO - Sync 1 DAGs
[2024-06-18T17:30:13.350-0400] {logging_mixin.py:188} INFO - [2024-06-18T17:30:13.349-0400] {dag.py:3954} INFO - Setting next_dagrun for example_short_circuit_operator to 2024-06-17 00:00:00+00:00, run_after=2024-06-18 00:00:00+00:00
[2024-06-18T17:30:13.379-0400] {processor.py:183} INFO - Processing /Users/jbshome/Desktop/us_debt_etl_pipeline/debt_env/lib/python3.12/site-packages/airflow/example_dags/example_short_circuit_operator.py took 0.206 seconds
[2024-06-18T17:35:19.538-0400] {processor.py:161} INFO - Started process (PID=25680) to work on /Users/jbshome/Desktop/us_debt_etl_pipeline/debt_env/lib/python3.12/site-packages/airflow/example_dags/example_short_circuit_operator.py
[2024-06-18T17:35:19.539-0400] {processor.py:830} INFO - Processing file /Users/jbshome/Desktop/us_debt_etl_pipeline/debt_env/lib/python3.12/site-packages/airflow/example_dags/example_short_circuit_operator.py for tasks to queue
[2024-06-18T17:35:19.540-0400] {logging_mixin.py:188} INFO - [2024-06-18T17:35:19.540-0400] {dagbag.py:545} INFO - Filling up the DagBag from /Users/jbshome/Desktop/us_debt_etl_pipeline/debt_env/lib/python3.12/site-packages/airflow/example_dags/example_short_circuit_operator.py
[2024-06-18T17:35:19.643-0400] {processor.py:840} INFO - DAG(s) 'example_short_circuit_operator' retrieved from /Users/jbshome/Desktop/us_debt_etl_pipeline/debt_env/lib/python3.12/site-packages/airflow/example_dags/example_short_circuit_operator.py
[2024-06-18T17:35:20.027-0400] {logging_mixin.py:188} INFO - [2024-06-18T17:35:20.025-0400] {dag.py:3096} INFO - Sync 1 DAGs
[2024-06-18T17:35:20.139-0400] {logging_mixin.py:188} INFO - [2024-06-18T17:35:20.137-0400] {dag.py:3954} INFO - Setting next_dagrun for example_short_circuit_operator to 2024-06-17 00:00:00+00:00, run_after=2024-06-18 00:00:00+00:00
[2024-06-18T17:35:20.187-0400] {processor.py:183} INFO - Processing /Users/jbshome/Desktop/us_debt_etl_pipeline/debt_env/lib/python3.12/site-packages/airflow/example_dags/example_short_circuit_operator.py took 0.654 seconds
[2024-06-18T17:43:15.699-0400] {processor.py:161} INFO - Started process (PID=26525) to work on /Users/jbshome/Desktop/us_debt_etl_pipeline/debt_env/lib/python3.12/site-packages/airflow/example_dags/example_short_circuit_operator.py
[2024-06-18T17:43:15.701-0400] {processor.py:830} INFO - Processing file /Users/jbshome/Desktop/us_debt_etl_pipeline/debt_env/lib/python3.12/site-packages/airflow/example_dags/example_short_circuit_operator.py for tasks to queue
[2024-06-18T17:43:15.703-0400] {logging_mixin.py:188} INFO - [2024-06-18T17:43:15.702-0400] {dagbag.py:545} INFO - Filling up the DagBag from /Users/jbshome/Desktop/us_debt_etl_pipeline/debt_env/lib/python3.12/site-packages/airflow/example_dags/example_short_circuit_operator.py
[2024-06-18T17:43:15.813-0400] {processor.py:840} INFO - DAG(s) 'example_short_circuit_operator' retrieved from /Users/jbshome/Desktop/us_debt_etl_pipeline/debt_env/lib/python3.12/site-packages/airflow/example_dags/example_short_circuit_operator.py
[2024-06-18T17:43:16.378-0400] {logging_mixin.py:188} INFO - [2024-06-18T17:43:16.377-0400] {dag.py:3096} INFO - Sync 1 DAGs
[2024-06-18T17:43:16.410-0400] {logging_mixin.py:188} INFO - [2024-06-18T17:43:16.409-0400] {dag.py:3954} INFO - Setting next_dagrun for example_short_circuit_operator to 2024-06-17 00:00:00+00:00, run_after=2024-06-18 00:00:00+00:00
[2024-06-18T17:43:16.500-0400] {processor.py:183} INFO - Processing /Users/jbshome/Desktop/us_debt_etl_pipeline/debt_env/lib/python3.12/site-packages/airflow/example_dags/example_short_circuit_operator.py took 0.805 seconds
[2024-06-18T17:48:08.173-0400] {processor.py:161} INFO - Started process (PID=27589) to work on /Users/jbshome/Desktop/us_debt_etl_pipeline/debt_env/lib/python3.12/site-packages/airflow/example_dags/example_short_circuit_operator.py
[2024-06-18T17:48:08.174-0400] {processor.py:830} INFO - Processing file /Users/jbshome/Desktop/us_debt_etl_pipeline/debt_env/lib/python3.12/site-packages/airflow/example_dags/example_short_circuit_operator.py for tasks to queue
[2024-06-18T17:48:08.176-0400] {logging_mixin.py:188} INFO - [2024-06-18T17:48:08.175-0400] {dagbag.py:545} INFO - Filling up the DagBag from /Users/jbshome/Desktop/us_debt_etl_pipeline/debt_env/lib/python3.12/site-packages/airflow/example_dags/example_short_circuit_operator.py
[2024-06-18T17:48:08.231-0400] {processor.py:840} INFO - DAG(s) 'example_short_circuit_operator' retrieved from /Users/jbshome/Desktop/us_debt_etl_pipeline/debt_env/lib/python3.12/site-packages/airflow/example_dags/example_short_circuit_operator.py
[2024-06-18T17:48:08.480-0400] {logging_mixin.py:188} INFO - [2024-06-18T17:48:08.479-0400] {dag.py:3096} INFO - Sync 1 DAGs
[2024-06-18T17:48:08.519-0400] {logging_mixin.py:188} INFO - [2024-06-18T17:48:08.518-0400] {dag.py:3954} INFO - Setting next_dagrun for example_short_circuit_operator to 2024-06-17 00:00:00+00:00, run_after=2024-06-18 00:00:00+00:00
[2024-06-18T17:48:08.559-0400] {processor.py:183} INFO - Processing /Users/jbshome/Desktop/us_debt_etl_pipeline/debt_env/lib/python3.12/site-packages/airflow/example_dags/example_short_circuit_operator.py took 0.390 seconds
