[2024-06-18T16:30:03.151-0400] {processor.py:161} INFO - Started process (PID=19596) to work on /Users/jbshome/Desktop/us_debt_etl_pipeline/debt_env/lib/python3.12/site-packages/airflow/example_dags/example_xcom.py
[2024-06-18T16:30:03.152-0400] {processor.py:830} INFO - Processing file /Users/jbshome/Desktop/us_debt_etl_pipeline/debt_env/lib/python3.12/site-packages/airflow/example_dags/example_xcom.py for tasks to queue
[2024-06-18T16:30:03.153-0400] {logging_mixin.py:188} INFO - [2024-06-18T16:30:03.153-0400] {dagbag.py:545} INFO - Filling up the DagBag from /Users/jbshome/Desktop/us_debt_etl_pipeline/debt_env/lib/python3.12/site-packages/airflow/example_dags/example_xcom.py
[2024-06-18T16:30:03.321-0400] {processor.py:840} INFO - DAG(s) 'example_xcom' retrieved from /Users/jbshome/Desktop/us_debt_etl_pipeline/debt_env/lib/python3.12/site-packages/airflow/example_dags/example_xcom.py
[2024-06-18T16:30:03.838-0400] {logging_mixin.py:188} INFO - [2024-06-18T16:30:03.838-0400] {override.py:1829} INFO - Created Permission View: can delete on DAG:example_xcom
[2024-06-18T16:30:03.916-0400] {logging_mixin.py:188} INFO - [2024-06-18T16:30:03.916-0400] {override.py:1829} INFO - Created Permission View: can read on DAG:example_xcom
[2024-06-18T16:30:03.934-0400] {logging_mixin.py:188} INFO - [2024-06-18T16:30:03.934-0400] {override.py:1829} INFO - Created Permission View: can edit on DAG:example_xcom
[2024-06-18T16:30:03.935-0400] {logging_mixin.py:188} INFO - [2024-06-18T16:30:03.935-0400] {dag.py:3096} INFO - Sync 1 DAGs
[2024-06-18T16:30:03.949-0400] {logging_mixin.py:188} INFO - [2024-06-18T16:30:03.947-0400] {dag.py:3118} INFO - Creating ORM DAG for example_xcom
[2024-06-18T16:30:03.959-0400] {logging_mixin.py:188} INFO - [2024-06-18T16:30:03.958-0400] {dag.py:3954} INFO - Setting next_dagrun for example_xcom to 2021-01-01 00:00:00+00:00, run_after=2021-01-01 00:00:00+00:00
[2024-06-18T16:30:03.996-0400] {processor.py:183} INFO - Processing /Users/jbshome/Desktop/us_debt_etl_pipeline/debt_env/lib/python3.12/site-packages/airflow/example_dags/example_xcom.py took 0.849 seconds
[2024-06-18T16:33:59.773-0400] {processor.py:161} INFO - Started process (PID=20263) to work on /Users/jbshome/Desktop/us_debt_etl_pipeline/debt_env/lib/python3.12/site-packages/airflow/example_dags/example_xcom.py
[2024-06-18T16:33:59.776-0400] {processor.py:830} INFO - Processing file /Users/jbshome/Desktop/us_debt_etl_pipeline/debt_env/lib/python3.12/site-packages/airflow/example_dags/example_xcom.py for tasks to queue
[2024-06-18T16:33:59.777-0400] {logging_mixin.py:188} INFO - [2024-06-18T16:33:59.777-0400] {dagbag.py:545} INFO - Filling up the DagBag from /Users/jbshome/Desktop/us_debt_etl_pipeline/debt_env/lib/python3.12/site-packages/airflow/example_dags/example_xcom.py
[2024-06-18T16:33:59.832-0400] {processor.py:840} INFO - DAG(s) 'example_xcom' retrieved from /Users/jbshome/Desktop/us_debt_etl_pipeline/debt_env/lib/python3.12/site-packages/airflow/example_dags/example_xcom.py
[2024-06-18T16:33:59.974-0400] {logging_mixin.py:188} INFO - [2024-06-18T16:33:59.974-0400] {dag.py:3096} INFO - Sync 1 DAGs
[2024-06-18T16:33:59.997-0400] {logging_mixin.py:188} INFO - [2024-06-18T16:33:59.997-0400] {dag.py:3954} INFO - Setting next_dagrun for example_xcom to 2021-01-01 00:00:00+00:00, run_after=2021-01-01 00:00:00+00:00
[2024-06-18T16:34:00.035-0400] {processor.py:183} INFO - Processing /Users/jbshome/Desktop/us_debt_etl_pipeline/debt_env/lib/python3.12/site-packages/airflow/example_dags/example_xcom.py took 0.265 seconds
[2024-06-18T16:37:14.023-0400] {processor.py:161} INFO - Started process (PID=20438) to work on /Users/jbshome/Desktop/us_debt_etl_pipeline/debt_env/lib/python3.12/site-packages/airflow/example_dags/example_xcom.py
[2024-06-18T16:37:14.025-0400] {processor.py:830} INFO - Processing file /Users/jbshome/Desktop/us_debt_etl_pipeline/debt_env/lib/python3.12/site-packages/airflow/example_dags/example_xcom.py for tasks to queue
[2024-06-18T16:37:14.026-0400] {logging_mixin.py:188} INFO - [2024-06-18T16:37:14.026-0400] {dagbag.py:545} INFO - Filling up the DagBag from /Users/jbshome/Desktop/us_debt_etl_pipeline/debt_env/lib/python3.12/site-packages/airflow/example_dags/example_xcom.py
[2024-06-18T16:37:14.065-0400] {processor.py:840} INFO - DAG(s) 'example_xcom' retrieved from /Users/jbshome/Desktop/us_debt_etl_pipeline/debt_env/lib/python3.12/site-packages/airflow/example_dags/example_xcom.py
[2024-06-18T16:37:14.178-0400] {logging_mixin.py:188} INFO - [2024-06-18T16:37:14.178-0400] {dag.py:3096} INFO - Sync 1 DAGs
[2024-06-18T16:37:14.198-0400] {logging_mixin.py:188} INFO - [2024-06-18T16:37:14.197-0400] {dag.py:3954} INFO - Setting next_dagrun for example_xcom to 2021-01-01 00:00:00+00:00, run_after=2021-01-01 00:00:00+00:00
[2024-06-18T16:37:14.220-0400] {processor.py:183} INFO - Processing /Users/jbshome/Desktop/us_debt_etl_pipeline/debt_env/lib/python3.12/site-packages/airflow/example_dags/example_xcom.py took 0.200 seconds
[2024-06-18T16:40:23.834-0400] {processor.py:161} INFO - Started process (PID=20761) to work on /Users/jbshome/Desktop/us_debt_etl_pipeline/debt_env/lib/python3.12/site-packages/airflow/example_dags/example_xcom.py
[2024-06-18T16:40:23.837-0400] {processor.py:830} INFO - Processing file /Users/jbshome/Desktop/us_debt_etl_pipeline/debt_env/lib/python3.12/site-packages/airflow/example_dags/example_xcom.py for tasks to queue
[2024-06-18T16:40:23.838-0400] {logging_mixin.py:188} INFO - [2024-06-18T16:40:23.837-0400] {dagbag.py:545} INFO - Filling up the DagBag from /Users/jbshome/Desktop/us_debt_etl_pipeline/debt_env/lib/python3.12/site-packages/airflow/example_dags/example_xcom.py
[2024-06-18T16:40:23.878-0400] {processor.py:840} INFO - DAG(s) 'example_xcom' retrieved from /Users/jbshome/Desktop/us_debt_etl_pipeline/debt_env/lib/python3.12/site-packages/airflow/example_dags/example_xcom.py
[2024-06-18T16:40:23.993-0400] {logging_mixin.py:188} INFO - [2024-06-18T16:40:23.992-0400] {dag.py:3096} INFO - Sync 1 DAGs
[2024-06-18T16:40:24.012-0400] {logging_mixin.py:188} INFO - [2024-06-18T16:40:24.011-0400] {dag.py:3954} INFO - Setting next_dagrun for example_xcom to 2021-01-01 00:00:00+00:00, run_after=2021-01-01 00:00:00+00:00
[2024-06-18T16:40:24.034-0400] {processor.py:183} INFO - Processing /Users/jbshome/Desktop/us_debt_etl_pipeline/debt_env/lib/python3.12/site-packages/airflow/example_dags/example_xcom.py took 0.202 seconds
[2024-06-18T16:43:29.985-0400] {processor.py:161} INFO - Started process (PID=21388) to work on /Users/jbshome/Desktop/us_debt_etl_pipeline/debt_env/lib/python3.12/site-packages/airflow/example_dags/example_xcom.py
[2024-06-18T16:43:29.986-0400] {processor.py:830} INFO - Processing file /Users/jbshome/Desktop/us_debt_etl_pipeline/debt_env/lib/python3.12/site-packages/airflow/example_dags/example_xcom.py for tasks to queue
[2024-06-18T16:43:29.987-0400] {logging_mixin.py:188} INFO - [2024-06-18T16:43:29.987-0400] {dagbag.py:545} INFO - Filling up the DagBag from /Users/jbshome/Desktop/us_debt_etl_pipeline/debt_env/lib/python3.12/site-packages/airflow/example_dags/example_xcom.py
[2024-06-18T16:43:30.091-0400] {processor.py:840} INFO - DAG(s) 'example_xcom' retrieved from /Users/jbshome/Desktop/us_debt_etl_pipeline/debt_env/lib/python3.12/site-packages/airflow/example_dags/example_xcom.py
[2024-06-18T16:43:30.215-0400] {logging_mixin.py:188} INFO - [2024-06-18T16:43:30.215-0400] {dag.py:3096} INFO - Sync 1 DAGs
[2024-06-18T16:43:30.237-0400] {logging_mixin.py:188} INFO - [2024-06-18T16:43:30.237-0400] {dag.py:3954} INFO - Setting next_dagrun for example_xcom to 2021-01-01 00:00:00+00:00, run_after=2021-01-01 00:00:00+00:00
[2024-06-18T16:43:30.258-0400] {processor.py:183} INFO - Processing /Users/jbshome/Desktop/us_debt_etl_pipeline/debt_env/lib/python3.12/site-packages/airflow/example_dags/example_xcom.py took 0.276 seconds
[2024-06-18T16:46:23.218-0400] {processor.py:161} INFO - Started process (PID=21553) to work on /Users/jbshome/Desktop/us_debt_etl_pipeline/debt_env/lib/python3.12/site-packages/airflow/example_dags/example_xcom.py
[2024-06-18T16:46:23.220-0400] {processor.py:830} INFO - Processing file /Users/jbshome/Desktop/us_debt_etl_pipeline/debt_env/lib/python3.12/site-packages/airflow/example_dags/example_xcom.py for tasks to queue
[2024-06-18T16:46:23.221-0400] {logging_mixin.py:188} INFO - [2024-06-18T16:46:23.221-0400] {dagbag.py:545} INFO - Filling up the DagBag from /Users/jbshome/Desktop/us_debt_etl_pipeline/debt_env/lib/python3.12/site-packages/airflow/example_dags/example_xcom.py
[2024-06-18T16:46:23.265-0400] {processor.py:840} INFO - DAG(s) 'example_xcom' retrieved from /Users/jbshome/Desktop/us_debt_etl_pipeline/debt_env/lib/python3.12/site-packages/airflow/example_dags/example_xcom.py
[2024-06-18T16:46:23.384-0400] {logging_mixin.py:188} INFO - [2024-06-18T16:46:23.384-0400] {dag.py:3096} INFO - Sync 1 DAGs
[2024-06-18T16:46:23.404-0400] {logging_mixin.py:188} INFO - [2024-06-18T16:46:23.404-0400] {dag.py:3954} INFO - Setting next_dagrun for example_xcom to 2021-01-01 00:00:00+00:00, run_after=2021-01-01 00:00:00+00:00
[2024-06-18T16:46:23.427-0400] {processor.py:183} INFO - Processing /Users/jbshome/Desktop/us_debt_etl_pipeline/debt_env/lib/python3.12/site-packages/airflow/example_dags/example_xcom.py took 0.212 seconds
[2024-06-18T16:49:33.057-0400] {processor.py:161} INFO - Started process (PID=21728) to work on /Users/jbshome/Desktop/us_debt_etl_pipeline/debt_env/lib/python3.12/site-packages/airflow/example_dags/example_xcom.py
[2024-06-18T16:49:33.059-0400] {processor.py:830} INFO - Processing file /Users/jbshome/Desktop/us_debt_etl_pipeline/debt_env/lib/python3.12/site-packages/airflow/example_dags/example_xcom.py for tasks to queue
[2024-06-18T16:49:33.060-0400] {logging_mixin.py:188} INFO - [2024-06-18T16:49:33.060-0400] {dagbag.py:545} INFO - Filling up the DagBag from /Users/jbshome/Desktop/us_debt_etl_pipeline/debt_env/lib/python3.12/site-packages/airflow/example_dags/example_xcom.py
[2024-06-18T16:49:33.109-0400] {processor.py:840} INFO - DAG(s) 'example_xcom' retrieved from /Users/jbshome/Desktop/us_debt_etl_pipeline/debt_env/lib/python3.12/site-packages/airflow/example_dags/example_xcom.py
[2024-06-18T16:49:33.268-0400] {logging_mixin.py:188} INFO - [2024-06-18T16:49:33.268-0400] {dag.py:3096} INFO - Sync 1 DAGs
[2024-06-18T16:49:33.295-0400] {logging_mixin.py:188} INFO - [2024-06-18T16:49:33.294-0400] {dag.py:3954} INFO - Setting next_dagrun for example_xcom to 2021-01-01 00:00:00+00:00, run_after=2021-01-01 00:00:00+00:00
[2024-06-18T16:49:33.329-0400] {processor.py:183} INFO - Processing /Users/jbshome/Desktop/us_debt_etl_pipeline/debt_env/lib/python3.12/site-packages/airflow/example_dags/example_xcom.py took 0.277 seconds
[2024-06-18T16:52:42.440-0400] {processor.py:161} INFO - Started process (PID=21894) to work on /Users/jbshome/Desktop/us_debt_etl_pipeline/debt_env/lib/python3.12/site-packages/airflow/example_dags/example_xcom.py
[2024-06-18T16:52:42.442-0400] {processor.py:830} INFO - Processing file /Users/jbshome/Desktop/us_debt_etl_pipeline/debt_env/lib/python3.12/site-packages/airflow/example_dags/example_xcom.py for tasks to queue
[2024-06-18T16:52:42.443-0400] {logging_mixin.py:188} INFO - [2024-06-18T16:52:42.443-0400] {dagbag.py:545} INFO - Filling up the DagBag from /Users/jbshome/Desktop/us_debt_etl_pipeline/debt_env/lib/python3.12/site-packages/airflow/example_dags/example_xcom.py
[2024-06-18T16:52:42.486-0400] {processor.py:840} INFO - DAG(s) 'example_xcom' retrieved from /Users/jbshome/Desktop/us_debt_etl_pipeline/debt_env/lib/python3.12/site-packages/airflow/example_dags/example_xcom.py
[2024-06-18T16:52:42.605-0400] {logging_mixin.py:188} INFO - [2024-06-18T16:52:42.605-0400] {dag.py:3096} INFO - Sync 1 DAGs
[2024-06-18T16:52:42.624-0400] {logging_mixin.py:188} INFO - [2024-06-18T16:52:42.624-0400] {dag.py:3954} INFO - Setting next_dagrun for example_xcom to 2021-01-01 00:00:00+00:00, run_after=2021-01-01 00:00:00+00:00
[2024-06-18T16:52:42.647-0400] {processor.py:183} INFO - Processing /Users/jbshome/Desktop/us_debt_etl_pipeline/debt_env/lib/python3.12/site-packages/airflow/example_dags/example_xcom.py took 0.209 seconds
[2024-06-18T16:55:53.480-0400] {processor.py:161} INFO - Started process (PID=22043) to work on /Users/jbshome/Desktop/us_debt_etl_pipeline/debt_env/lib/python3.12/site-packages/airflow/example_dags/example_xcom.py
[2024-06-18T16:55:53.482-0400] {processor.py:830} INFO - Processing file /Users/jbshome/Desktop/us_debt_etl_pipeline/debt_env/lib/python3.12/site-packages/airflow/example_dags/example_xcom.py for tasks to queue
[2024-06-18T16:55:53.484-0400] {logging_mixin.py:188} INFO - [2024-06-18T16:55:53.483-0400] {dagbag.py:545} INFO - Filling up the DagBag from /Users/jbshome/Desktop/us_debt_etl_pipeline/debt_env/lib/python3.12/site-packages/airflow/example_dags/example_xcom.py
[2024-06-18T16:55:53.528-0400] {processor.py:840} INFO - DAG(s) 'example_xcom' retrieved from /Users/jbshome/Desktop/us_debt_etl_pipeline/debt_env/lib/python3.12/site-packages/airflow/example_dags/example_xcom.py
[2024-06-18T16:55:53.636-0400] {logging_mixin.py:188} INFO - [2024-06-18T16:55:53.636-0400] {dag.py:3096} INFO - Sync 1 DAGs
[2024-06-18T16:55:53.652-0400] {logging_mixin.py:188} INFO - [2024-06-18T16:55:53.652-0400] {dag.py:3954} INFO - Setting next_dagrun for example_xcom to 2021-01-01 00:00:00+00:00, run_after=2021-01-01 00:00:00+00:00
[2024-06-18T16:55:53.672-0400] {processor.py:183} INFO - Processing /Users/jbshome/Desktop/us_debt_etl_pipeline/debt_env/lib/python3.12/site-packages/airflow/example_dags/example_xcom.py took 0.194 seconds
[2024-06-18T16:59:01.566-0400] {processor.py:161} INFO - Started process (PID=22542) to work on /Users/jbshome/Desktop/us_debt_etl_pipeline/debt_env/lib/python3.12/site-packages/airflow/example_dags/example_xcom.py
[2024-06-18T16:59:01.568-0400] {processor.py:830} INFO - Processing file /Users/jbshome/Desktop/us_debt_etl_pipeline/debt_env/lib/python3.12/site-packages/airflow/example_dags/example_xcom.py for tasks to queue
[2024-06-18T16:59:01.569-0400] {logging_mixin.py:188} INFO - [2024-06-18T16:59:01.569-0400] {dagbag.py:545} INFO - Filling up the DagBag from /Users/jbshome/Desktop/us_debt_etl_pipeline/debt_env/lib/python3.12/site-packages/airflow/example_dags/example_xcom.py
[2024-06-18T16:59:01.615-0400] {processor.py:840} INFO - DAG(s) 'example_xcom' retrieved from /Users/jbshome/Desktop/us_debt_etl_pipeline/debt_env/lib/python3.12/site-packages/airflow/example_dags/example_xcom.py
[2024-06-18T16:59:01.729-0400] {logging_mixin.py:188} INFO - [2024-06-18T16:59:01.729-0400] {dag.py:3096} INFO - Sync 1 DAGs
[2024-06-18T16:59:01.747-0400] {logging_mixin.py:188} INFO - [2024-06-18T16:59:01.747-0400] {dag.py:3954} INFO - Setting next_dagrun for example_xcom to 2021-01-01 00:00:00+00:00, run_after=2021-01-01 00:00:00+00:00
[2024-06-18T16:59:01.769-0400] {processor.py:183} INFO - Processing /Users/jbshome/Desktop/us_debt_etl_pipeline/debt_env/lib/python3.12/site-packages/airflow/example_dags/example_xcom.py took 0.206 seconds
[2024-06-18T17:03:10.525-0400] {processor.py:161} INFO - Started process (PID=22790) to work on /Users/jbshome/Desktop/us_debt_etl_pipeline/debt_env/lib/python3.12/site-packages/airflow/example_dags/example_xcom.py
[2024-06-18T17:03:10.531-0400] {processor.py:830} INFO - Processing file /Users/jbshome/Desktop/us_debt_etl_pipeline/debt_env/lib/python3.12/site-packages/airflow/example_dags/example_xcom.py for tasks to queue
[2024-06-18T17:03:10.532-0400] {logging_mixin.py:188} INFO - [2024-06-18T17:03:10.532-0400] {dagbag.py:545} INFO - Filling up the DagBag from /Users/jbshome/Desktop/us_debt_etl_pipeline/debt_env/lib/python3.12/site-packages/airflow/example_dags/example_xcom.py
[2024-06-18T17:03:10.616-0400] {processor.py:840} INFO - DAG(s) 'example_xcom' retrieved from /Users/jbshome/Desktop/us_debt_etl_pipeline/debt_env/lib/python3.12/site-packages/airflow/example_dags/example_xcom.py
[2024-06-18T17:03:10.860-0400] {logging_mixin.py:188} INFO - [2024-06-18T17:03:10.859-0400] {dag.py:3096} INFO - Sync 1 DAGs
[2024-06-18T17:03:10.893-0400] {logging_mixin.py:188} INFO - [2024-06-18T17:03:10.892-0400] {dag.py:3954} INFO - Setting next_dagrun for example_xcom to 2021-01-01 00:00:00+00:00, run_after=2021-01-01 00:00:00+00:00
[2024-06-18T17:03:10.923-0400] {processor.py:183} INFO - Processing /Users/jbshome/Desktop/us_debt_etl_pipeline/debt_env/lib/python3.12/site-packages/airflow/example_dags/example_xcom.py took 0.403 seconds
[2024-06-18T17:06:34.242-0400] {processor.py:161} INFO - Started process (PID=23099) to work on /Users/jbshome/Desktop/us_debt_etl_pipeline/debt_env/lib/python3.12/site-packages/airflow/example_dags/example_xcom.py
[2024-06-18T17:06:34.245-0400] {processor.py:830} INFO - Processing file /Users/jbshome/Desktop/us_debt_etl_pipeline/debt_env/lib/python3.12/site-packages/airflow/example_dags/example_xcom.py for tasks to queue
[2024-06-18T17:06:34.247-0400] {logging_mixin.py:188} INFO - [2024-06-18T17:06:34.246-0400] {dagbag.py:545} INFO - Filling up the DagBag from /Users/jbshome/Desktop/us_debt_etl_pipeline/debt_env/lib/python3.12/site-packages/airflow/example_dags/example_xcom.py
[2024-06-18T17:06:34.315-0400] {processor.py:840} INFO - DAG(s) 'example_xcom' retrieved from /Users/jbshome/Desktop/us_debt_etl_pipeline/debt_env/lib/python3.12/site-packages/airflow/example_dags/example_xcom.py
[2024-06-18T17:06:34.524-0400] {logging_mixin.py:188} INFO - [2024-06-18T17:06:34.524-0400] {dag.py:3096} INFO - Sync 1 DAGs
[2024-06-18T17:06:34.559-0400] {logging_mixin.py:188} INFO - [2024-06-18T17:06:34.559-0400] {dag.py:3954} INFO - Setting next_dagrun for example_xcom to 2021-01-01 00:00:00+00:00, run_after=2021-01-01 00:00:00+00:00
[2024-06-18T17:06:34.596-0400] {processor.py:183} INFO - Processing /Users/jbshome/Desktop/us_debt_etl_pipeline/debt_env/lib/python3.12/site-packages/airflow/example_dags/example_xcom.py took 0.358 seconds
[2024-06-18T17:10:35.606-0400] {processor.py:161} INFO - Started process (PID=23825) to work on /Users/jbshome/Desktop/us_debt_etl_pipeline/debt_env/lib/python3.12/site-packages/airflow/example_dags/example_xcom.py
[2024-06-18T17:10:35.609-0400] {processor.py:830} INFO - Processing file /Users/jbshome/Desktop/us_debt_etl_pipeline/debt_env/lib/python3.12/site-packages/airflow/example_dags/example_xcom.py for tasks to queue
[2024-06-18T17:10:35.610-0400] {logging_mixin.py:188} INFO - [2024-06-18T17:10:35.610-0400] {dagbag.py:545} INFO - Filling up the DagBag from /Users/jbshome/Desktop/us_debt_etl_pipeline/debt_env/lib/python3.12/site-packages/airflow/example_dags/example_xcom.py
[2024-06-18T17:10:35.673-0400] {processor.py:840} INFO - DAG(s) 'example_xcom' retrieved from /Users/jbshome/Desktop/us_debt_etl_pipeline/debt_env/lib/python3.12/site-packages/airflow/example_dags/example_xcom.py
[2024-06-18T17:10:35.905-0400] {logging_mixin.py:188} INFO - [2024-06-18T17:10:35.904-0400] {dag.py:3096} INFO - Sync 1 DAGs
[2024-06-18T17:10:35.946-0400] {logging_mixin.py:188} INFO - [2024-06-18T17:10:35.946-0400] {dag.py:3954} INFO - Setting next_dagrun for example_xcom to 2021-01-01 00:00:00+00:00, run_after=2021-01-01 00:00:00+00:00
[2024-06-18T17:10:35.993-0400] {processor.py:183} INFO - Processing /Users/jbshome/Desktop/us_debt_etl_pipeline/debt_env/lib/python3.12/site-packages/airflow/example_dags/example_xcom.py took 0.392 seconds
[2024-06-18T17:15:45.589-0400] {processor.py:161} INFO - Started process (PID=24161) to work on /Users/jbshome/Desktop/us_debt_etl_pipeline/debt_env/lib/python3.12/site-packages/airflow/example_dags/example_xcom.py
[2024-06-18T17:15:45.593-0400] {processor.py:830} INFO - Processing file /Users/jbshome/Desktop/us_debt_etl_pipeline/debt_env/lib/python3.12/site-packages/airflow/example_dags/example_xcom.py for tasks to queue
[2024-06-18T17:15:45.594-0400] {logging_mixin.py:188} INFO - [2024-06-18T17:15:45.594-0400] {dagbag.py:545} INFO - Filling up the DagBag from /Users/jbshome/Desktop/us_debt_etl_pipeline/debt_env/lib/python3.12/site-packages/airflow/example_dags/example_xcom.py
[2024-06-18T17:15:45.711-0400] {processor.py:840} INFO - DAG(s) 'example_xcom' retrieved from /Users/jbshome/Desktop/us_debt_etl_pipeline/debt_env/lib/python3.12/site-packages/airflow/example_dags/example_xcom.py
[2024-06-18T17:15:46.132-0400] {logging_mixin.py:188} INFO - [2024-06-18T17:15:46.131-0400] {dag.py:3096} INFO - Sync 1 DAGs
[2024-06-18T17:15:46.170-0400] {logging_mixin.py:188} INFO - [2024-06-18T17:15:46.170-0400] {dag.py:3954} INFO - Setting next_dagrun for example_xcom to 2021-01-01 00:00:00+00:00, run_after=2021-01-01 00:00:00+00:00
[2024-06-18T17:15:46.215-0400] {processor.py:183} INFO - Processing /Users/jbshome/Desktop/us_debt_etl_pipeline/debt_env/lib/python3.12/site-packages/airflow/example_dags/example_xcom.py took 0.632 seconds
[2024-06-18T17:20:41.091-0400] {processor.py:161} INFO - Started process (PID=24498) to work on /Users/jbshome/Desktop/us_debt_etl_pipeline/debt_env/lib/python3.12/site-packages/airflow/example_dags/example_xcom.py
[2024-06-18T17:20:41.099-0400] {processor.py:830} INFO - Processing file /Users/jbshome/Desktop/us_debt_etl_pipeline/debt_env/lib/python3.12/site-packages/airflow/example_dags/example_xcom.py for tasks to queue
[2024-06-18T17:20:41.100-0400] {logging_mixin.py:188} INFO - [2024-06-18T17:20:41.099-0400] {dagbag.py:545} INFO - Filling up the DagBag from /Users/jbshome/Desktop/us_debt_etl_pipeline/debt_env/lib/python3.12/site-packages/airflow/example_dags/example_xcom.py
[2024-06-18T17:20:41.153-0400] {processor.py:840} INFO - DAG(s) 'example_xcom' retrieved from /Users/jbshome/Desktop/us_debt_etl_pipeline/debt_env/lib/python3.12/site-packages/airflow/example_dags/example_xcom.py
[2024-06-18T17:20:41.333-0400] {logging_mixin.py:188} INFO - [2024-06-18T17:20:41.332-0400] {dag.py:3096} INFO - Sync 1 DAGs
[2024-06-18T17:20:41.364-0400] {logging_mixin.py:188} INFO - [2024-06-18T17:20:41.364-0400] {dag.py:3954} INFO - Setting next_dagrun for example_xcom to 2021-01-01 00:00:00+00:00, run_after=2021-01-01 00:00:00+00:00
[2024-06-18T17:20:41.407-0400] {processor.py:183} INFO - Processing /Users/jbshome/Desktop/us_debt_etl_pipeline/debt_env/lib/python3.12/site-packages/airflow/example_dags/example_xcom.py took 0.321 seconds
[2024-06-18T17:24:54.059-0400] {processor.py:161} INFO - Started process (PID=24796) to work on /Users/jbshome/Desktop/us_debt_etl_pipeline/debt_env/lib/python3.12/site-packages/airflow/example_dags/example_xcom.py
[2024-06-18T17:24:54.062-0400] {processor.py:830} INFO - Processing file /Users/jbshome/Desktop/us_debt_etl_pipeline/debt_env/lib/python3.12/site-packages/airflow/example_dags/example_xcom.py for tasks to queue
[2024-06-18T17:24:54.063-0400] {logging_mixin.py:188} INFO - [2024-06-18T17:24:54.063-0400] {dagbag.py:545} INFO - Filling up the DagBag from /Users/jbshome/Desktop/us_debt_etl_pipeline/debt_env/lib/python3.12/site-packages/airflow/example_dags/example_xcom.py
[2024-06-18T17:24:54.131-0400] {processor.py:840} INFO - DAG(s) 'example_xcom' retrieved from /Users/jbshome/Desktop/us_debt_etl_pipeline/debt_env/lib/python3.12/site-packages/airflow/example_dags/example_xcom.py
[2024-06-18T17:24:54.343-0400] {logging_mixin.py:188} INFO - [2024-06-18T17:24:54.342-0400] {dag.py:3096} INFO - Sync 1 DAGs
[2024-06-18T17:24:54.382-0400] {logging_mixin.py:188} INFO - [2024-06-18T17:24:54.382-0400] {dag.py:3954} INFO - Setting next_dagrun for example_xcom to 2021-01-01 00:00:00+00:00, run_after=2021-01-01 00:00:00+00:00
[2024-06-18T17:24:54.415-0400] {processor.py:183} INFO - Processing /Users/jbshome/Desktop/us_debt_etl_pipeline/debt_env/lib/python3.12/site-packages/airflow/example_dags/example_xcom.py took 0.361 seconds
[2024-06-18T17:29:30.828-0400] {processor.py:161} INFO - Started process (PID=25108) to work on /Users/jbshome/Desktop/us_debt_etl_pipeline/debt_env/lib/python3.12/site-packages/airflow/example_dags/example_xcom.py
[2024-06-18T17:29:30.829-0400] {processor.py:830} INFO - Processing file /Users/jbshome/Desktop/us_debt_etl_pipeline/debt_env/lib/python3.12/site-packages/airflow/example_dags/example_xcom.py for tasks to queue
[2024-06-18T17:29:30.831-0400] {logging_mixin.py:188} INFO - [2024-06-18T17:29:30.830-0400] {dagbag.py:545} INFO - Filling up the DagBag from /Users/jbshome/Desktop/us_debt_etl_pipeline/debt_env/lib/python3.12/site-packages/airflow/example_dags/example_xcom.py
[2024-06-18T17:29:30.901-0400] {processor.py:840} INFO - DAG(s) 'example_xcom' retrieved from /Users/jbshome/Desktop/us_debt_etl_pipeline/debt_env/lib/python3.12/site-packages/airflow/example_dags/example_xcom.py
[2024-06-18T17:29:31.124-0400] {logging_mixin.py:188} INFO - [2024-06-18T17:29:31.124-0400] {dag.py:3096} INFO - Sync 1 DAGs
[2024-06-18T17:29:31.154-0400] {logging_mixin.py:188} INFO - [2024-06-18T17:29:31.154-0400] {dag.py:3954} INFO - Setting next_dagrun for example_xcom to 2021-01-01 00:00:00+00:00, run_after=2021-01-01 00:00:00+00:00
[2024-06-18T17:29:31.188-0400] {processor.py:183} INFO - Processing /Users/jbshome/Desktop/us_debt_etl_pipeline/debt_env/lib/python3.12/site-packages/airflow/example_dags/example_xcom.py took 0.364 seconds
[2024-06-18T17:34:14.470-0400] {processor.py:161} INFO - Started process (PID=25426) to work on /Users/jbshome/Desktop/us_debt_etl_pipeline/debt_env/lib/python3.12/site-packages/airflow/example_dags/example_xcom.py
[2024-06-18T17:34:14.473-0400] {processor.py:830} INFO - Processing file /Users/jbshome/Desktop/us_debt_etl_pipeline/debt_env/lib/python3.12/site-packages/airflow/example_dags/example_xcom.py for tasks to queue
[2024-06-18T17:34:14.476-0400] {logging_mixin.py:188} INFO - [2024-06-18T17:34:14.476-0400] {dagbag.py:545} INFO - Filling up the DagBag from /Users/jbshome/Desktop/us_debt_etl_pipeline/debt_env/lib/python3.12/site-packages/airflow/example_dags/example_xcom.py
[2024-06-18T17:34:14.616-0400] {processor.py:840} INFO - DAG(s) 'example_xcom' retrieved from /Users/jbshome/Desktop/us_debt_etl_pipeline/debt_env/lib/python3.12/site-packages/airflow/example_dags/example_xcom.py
[2024-06-18T17:34:14.879-0400] {logging_mixin.py:188} INFO - [2024-06-18T17:34:14.878-0400] {dag.py:3096} INFO - Sync 1 DAGs
[2024-06-18T17:34:14.908-0400] {logging_mixin.py:188} INFO - [2024-06-18T17:34:14.908-0400] {dag.py:3954} INFO - Setting next_dagrun for example_xcom to 2021-01-01 00:00:00+00:00, run_after=2021-01-01 00:00:00+00:00
[2024-06-18T17:34:14.951-0400] {processor.py:183} INFO - Processing /Users/jbshome/Desktop/us_debt_etl_pipeline/debt_env/lib/python3.12/site-packages/airflow/example_dags/example_xcom.py took 0.488 seconds
[2024-06-18T17:41:48.798-0400] {processor.py:161} INFO - Started process (PID=26462) to work on /Users/jbshome/Desktop/us_debt_etl_pipeline/debt_env/lib/python3.12/site-packages/airflow/example_dags/example_xcom.py
[2024-06-18T17:41:48.800-0400] {processor.py:830} INFO - Processing file /Users/jbshome/Desktop/us_debt_etl_pipeline/debt_env/lib/python3.12/site-packages/airflow/example_dags/example_xcom.py for tasks to queue
[2024-06-18T17:41:48.802-0400] {logging_mixin.py:188} INFO - [2024-06-18T17:41:48.801-0400] {dagbag.py:545} INFO - Filling up the DagBag from /Users/jbshome/Desktop/us_debt_etl_pipeline/debt_env/lib/python3.12/site-packages/airflow/example_dags/example_xcom.py
[2024-06-18T17:41:48.921-0400] {processor.py:840} INFO - DAG(s) 'example_xcom' retrieved from /Users/jbshome/Desktop/us_debt_etl_pipeline/debt_env/lib/python3.12/site-packages/airflow/example_dags/example_xcom.py
[2024-06-18T17:41:49.249-0400] {logging_mixin.py:188} INFO - [2024-06-18T17:41:49.249-0400] {dag.py:3096} INFO - Sync 1 DAGs
[2024-06-18T17:41:49.299-0400] {logging_mixin.py:188} INFO - [2024-06-18T17:41:49.299-0400] {dag.py:3954} INFO - Setting next_dagrun for example_xcom to 2021-01-01 00:00:00+00:00, run_after=2021-01-01 00:00:00+00:00
[2024-06-18T17:41:49.353-0400] {processor.py:183} INFO - Processing /Users/jbshome/Desktop/us_debt_etl_pipeline/debt_env/lib/python3.12/site-packages/airflow/example_dags/example_xcom.py took 0.560 seconds
[2024-06-18T17:47:29.261-0400] {processor.py:161} INFO - Started process (PID=27552) to work on /Users/jbshome/Desktop/us_debt_etl_pipeline/debt_env/lib/python3.12/site-packages/airflow/example_dags/example_xcom.py
[2024-06-18T17:47:29.264-0400] {processor.py:830} INFO - Processing file /Users/jbshome/Desktop/us_debt_etl_pipeline/debt_env/lib/python3.12/site-packages/airflow/example_dags/example_xcom.py for tasks to queue
[2024-06-18T17:47:29.268-0400] {logging_mixin.py:188} INFO - [2024-06-18T17:47:29.267-0400] {dagbag.py:545} INFO - Filling up the DagBag from /Users/jbshome/Desktop/us_debt_etl_pipeline/debt_env/lib/python3.12/site-packages/airflow/example_dags/example_xcom.py
[2024-06-18T17:47:29.379-0400] {processor.py:840} INFO - DAG(s) 'example_xcom' retrieved from /Users/jbshome/Desktop/us_debt_etl_pipeline/debt_env/lib/python3.12/site-packages/airflow/example_dags/example_xcom.py
[2024-06-18T17:47:29.677-0400] {logging_mixin.py:188} INFO - [2024-06-18T17:47:29.677-0400] {dag.py:3096} INFO - Sync 1 DAGs
[2024-06-18T17:47:29.727-0400] {logging_mixin.py:188} INFO - [2024-06-18T17:47:29.727-0400] {dag.py:3954} INFO - Setting next_dagrun for example_xcom to 2021-01-01 00:00:00+00:00, run_after=2021-01-01 00:00:00+00:00
[2024-06-18T17:47:29.806-0400] {processor.py:183} INFO - Processing /Users/jbshome/Desktop/us_debt_etl_pipeline/debt_env/lib/python3.12/site-packages/airflow/example_dags/example_xcom.py took 0.550 seconds
