[2024-06-18T16:32:57.050-0400] {processor.py:161} INFO - Started process (PID=20210) to work on /Users/jbshome/Desktop/us_debt_etl_pipeline/debt_env/lib/python3.12/site-packages/airflow/example_dags/example_bash_operator.py
[2024-06-18T16:32:57.052-0400] {processor.py:830} INFO - Processing file /Users/jbshome/Desktop/us_debt_etl_pipeline/debt_env/lib/python3.12/site-packages/airflow/example_dags/example_bash_operator.py for tasks to queue
[2024-06-18T16:32:57.053-0400] {logging_mixin.py:188} INFO - [2024-06-18T16:32:57.052-0400] {dagbag.py:545} INFO - Filling up the DagBag from /Users/jbshome/Desktop/us_debt_etl_pipeline/debt_env/lib/python3.12/site-packages/airflow/example_dags/example_bash_operator.py
[2024-06-18T16:32:57.069-0400] {processor.py:840} INFO - DAG(s) 'example_bash_operator' retrieved from /Users/jbshome/Desktop/us_debt_etl_pipeline/debt_env/lib/python3.12/site-packages/airflow/example_dags/example_bash_operator.py
[2024-06-18T16:32:57.363-0400] {logging_mixin.py:188} INFO - [2024-06-18T16:32:57.361-0400] {override.py:1829} INFO - Created Permission View: can read on DAG:example_bash_operator
[2024-06-18T16:32:57.384-0400] {logging_mixin.py:188} INFO - [2024-06-18T16:32:57.382-0400] {override.py:1829} INFO - Created Permission View: can edit on DAG:example_bash_operator
[2024-06-18T16:32:57.404-0400] {logging_mixin.py:188} INFO - [2024-06-18T16:32:57.400-0400] {override.py:1829} INFO - Created Permission View: can delete on DAG:example_bash_operator
[2024-06-18T16:32:57.406-0400] {logging_mixin.py:188} INFO - [2024-06-18T16:32:57.406-0400] {dag.py:3096} INFO - Sync 1 DAGs
[2024-06-18T16:32:57.430-0400] {logging_mixin.py:188} INFO - [2024-06-18T16:32:57.429-0400] {dag.py:3118} INFO - Creating ORM DAG for example_bash_operator
[2024-06-18T16:32:57.453-0400] {logging_mixin.py:188} INFO - [2024-06-18T16:32:57.453-0400] {dag.py:3954} INFO - Setting next_dagrun for example_bash_operator to 2024-06-17 00:00:00+00:00, run_after=2024-06-18 00:00:00+00:00
[2024-06-18T16:32:57.582-0400] {processor.py:183} INFO - Processing /Users/jbshome/Desktop/us_debt_etl_pipeline/debt_env/lib/python3.12/site-packages/airflow/example_dags/example_bash_operator.py took 0.535 seconds
[2024-06-18T16:39:28.772-0400] {processor.py:161} INFO - Started process (PID=20549) to work on /Users/jbshome/Desktop/us_debt_etl_pipeline/debt_env/lib/python3.12/site-packages/airflow/example_dags/example_bash_operator.py
[2024-06-18T16:39:28.773-0400] {processor.py:830} INFO - Processing file /Users/jbshome/Desktop/us_debt_etl_pipeline/debt_env/lib/python3.12/site-packages/airflow/example_dags/example_bash_operator.py for tasks to queue
[2024-06-18T16:39:28.774-0400] {logging_mixin.py:188} INFO - [2024-06-18T16:39:28.774-0400] {dagbag.py:545} INFO - Filling up the DagBag from /Users/jbshome/Desktop/us_debt_etl_pipeline/debt_env/lib/python3.12/site-packages/airflow/example_dags/example_bash_operator.py
[2024-06-18T16:39:28.792-0400] {processor.py:840} INFO - DAG(s) 'example_bash_operator' retrieved from /Users/jbshome/Desktop/us_debt_etl_pipeline/debt_env/lib/python3.12/site-packages/airflow/example_dags/example_bash_operator.py
[2024-06-18T16:39:28.954-0400] {logging_mixin.py:188} INFO - [2024-06-18T16:39:28.953-0400] {dag.py:3096} INFO - Sync 1 DAGs
[2024-06-18T16:39:28.992-0400] {logging_mixin.py:188} INFO - [2024-06-18T16:39:28.992-0400] {dag.py:3954} INFO - Setting next_dagrun for example_bash_operator to 2024-06-17 00:00:00+00:00, run_after=2024-06-18 00:00:00+00:00
[2024-06-18T16:39:29.018-0400] {processor.py:183} INFO - Processing /Users/jbshome/Desktop/us_debt_etl_pipeline/debt_env/lib/python3.12/site-packages/airflow/example_dags/example_bash_operator.py took 0.250 seconds
[2024-06-18T16:45:26.940-0400] {processor.py:161} INFO - Started process (PID=21492) to work on /Users/jbshome/Desktop/us_debt_etl_pipeline/debt_env/lib/python3.12/site-packages/airflow/example_dags/example_bash_operator.py
[2024-06-18T16:45:26.942-0400] {processor.py:830} INFO - Processing file /Users/jbshome/Desktop/us_debt_etl_pipeline/debt_env/lib/python3.12/site-packages/airflow/example_dags/example_bash_operator.py for tasks to queue
[2024-06-18T16:45:26.943-0400] {logging_mixin.py:188} INFO - [2024-06-18T16:45:26.943-0400] {dagbag.py:545} INFO - Filling up the DagBag from /Users/jbshome/Desktop/us_debt_etl_pipeline/debt_env/lib/python3.12/site-packages/airflow/example_dags/example_bash_operator.py
[2024-06-18T16:45:26.956-0400] {processor.py:840} INFO - DAG(s) 'example_bash_operator' retrieved from /Users/jbshome/Desktop/us_debt_etl_pipeline/debt_env/lib/python3.12/site-packages/airflow/example_dags/example_bash_operator.py
[2024-06-18T16:45:27.074-0400] {logging_mixin.py:188} INFO - [2024-06-18T16:45:27.074-0400] {dag.py:3096} INFO - Sync 1 DAGs
[2024-06-18T16:45:27.095-0400] {logging_mixin.py:188} INFO - [2024-06-18T16:45:27.094-0400] {dag.py:3954} INFO - Setting next_dagrun for example_bash_operator to 2024-06-17 00:00:00+00:00, run_after=2024-06-18 00:00:00+00:00
[2024-06-18T16:45:27.119-0400] {processor.py:183} INFO - Processing /Users/jbshome/Desktop/us_debt_etl_pipeline/debt_env/lib/python3.12/site-packages/airflow/example_dags/example_bash_operator.py took 0.181 seconds
[2024-06-18T16:51:43.736-0400] {processor.py:161} INFO - Started process (PID=21843) to work on /Users/jbshome/Desktop/us_debt_etl_pipeline/debt_env/lib/python3.12/site-packages/airflow/example_dags/example_bash_operator.py
[2024-06-18T16:51:43.738-0400] {processor.py:830} INFO - Processing file /Users/jbshome/Desktop/us_debt_etl_pipeline/debt_env/lib/python3.12/site-packages/airflow/example_dags/example_bash_operator.py for tasks to queue
[2024-06-18T16:51:43.739-0400] {logging_mixin.py:188} INFO - [2024-06-18T16:51:43.738-0400] {dagbag.py:545} INFO - Filling up the DagBag from /Users/jbshome/Desktop/us_debt_etl_pipeline/debt_env/lib/python3.12/site-packages/airflow/example_dags/example_bash_operator.py
[2024-06-18T16:51:43.752-0400] {processor.py:840} INFO - DAG(s) 'example_bash_operator' retrieved from /Users/jbshome/Desktop/us_debt_etl_pipeline/debt_env/lib/python3.12/site-packages/airflow/example_dags/example_bash_operator.py
[2024-06-18T16:51:43.874-0400] {logging_mixin.py:188} INFO - [2024-06-18T16:51:43.874-0400] {dag.py:3096} INFO - Sync 1 DAGs
[2024-06-18T16:51:43.893-0400] {logging_mixin.py:188} INFO - [2024-06-18T16:51:43.893-0400] {dag.py:3954} INFO - Setting next_dagrun for example_bash_operator to 2024-06-17 00:00:00+00:00, run_after=2024-06-18 00:00:00+00:00
[2024-06-18T16:51:43.918-0400] {processor.py:183} INFO - Processing /Users/jbshome/Desktop/us_debt_etl_pipeline/debt_env/lib/python3.12/site-packages/airflow/example_dags/example_bash_operator.py took 0.185 seconds
[2024-06-18T16:58:05.251-0400] {processor.py:161} INFO - Started process (PID=22461) to work on /Users/jbshome/Desktop/us_debt_etl_pipeline/debt_env/lib/python3.12/site-packages/airflow/example_dags/example_bash_operator.py
[2024-06-18T16:58:05.252-0400] {processor.py:830} INFO - Processing file /Users/jbshome/Desktop/us_debt_etl_pipeline/debt_env/lib/python3.12/site-packages/airflow/example_dags/example_bash_operator.py for tasks to queue
[2024-06-18T16:58:05.253-0400] {logging_mixin.py:188} INFO - [2024-06-18T16:58:05.253-0400] {dagbag.py:545} INFO - Filling up the DagBag from /Users/jbshome/Desktop/us_debt_etl_pipeline/debt_env/lib/python3.12/site-packages/airflow/example_dags/example_bash_operator.py
[2024-06-18T16:58:05.277-0400] {processor.py:840} INFO - DAG(s) 'example_bash_operator' retrieved from /Users/jbshome/Desktop/us_debt_etl_pipeline/debt_env/lib/python3.12/site-packages/airflow/example_dags/example_bash_operator.py
[2024-06-18T16:58:05.473-0400] {logging_mixin.py:188} INFO - [2024-06-18T16:58:05.472-0400] {dag.py:3096} INFO - Sync 1 DAGs
[2024-06-18T16:58:05.508-0400] {logging_mixin.py:188} INFO - [2024-06-18T16:58:05.507-0400] {dag.py:3954} INFO - Setting next_dagrun for example_bash_operator to 2024-06-17 00:00:00+00:00, run_after=2024-06-18 00:00:00+00:00
[2024-06-18T16:58:05.550-0400] {processor.py:183} INFO - Processing /Users/jbshome/Desktop/us_debt_etl_pipeline/debt_env/lib/python3.12/site-packages/airflow/example_dags/example_bash_operator.py took 0.303 seconds
[2024-06-18T17:05:22.755-0400] {processor.py:161} INFO - Started process (PID=22928) to work on /Users/jbshome/Desktop/us_debt_etl_pipeline/debt_env/lib/python3.12/site-packages/airflow/example_dags/example_bash_operator.py
[2024-06-18T17:05:22.756-0400] {processor.py:830} INFO - Processing file /Users/jbshome/Desktop/us_debt_etl_pipeline/debt_env/lib/python3.12/site-packages/airflow/example_dags/example_bash_operator.py for tasks to queue
[2024-06-18T17:05:22.758-0400] {logging_mixin.py:188} INFO - [2024-06-18T17:05:22.757-0400] {dagbag.py:545} INFO - Filling up the DagBag from /Users/jbshome/Desktop/us_debt_etl_pipeline/debt_env/lib/python3.12/site-packages/airflow/example_dags/example_bash_operator.py
[2024-06-18T17:05:22.778-0400] {processor.py:840} INFO - DAG(s) 'example_bash_operator' retrieved from /Users/jbshome/Desktop/us_debt_etl_pipeline/debt_env/lib/python3.12/site-packages/airflow/example_dags/example_bash_operator.py
[2024-06-18T17:05:22.977-0400] {logging_mixin.py:188} INFO - [2024-06-18T17:05:22.977-0400] {dag.py:3096} INFO - Sync 1 DAGs
[2024-06-18T17:05:23.007-0400] {logging_mixin.py:188} INFO - [2024-06-18T17:05:23.007-0400] {dag.py:3954} INFO - Setting next_dagrun for example_bash_operator to 2024-06-17 00:00:00+00:00, run_after=2024-06-18 00:00:00+00:00
[2024-06-18T17:05:23.034-0400] {processor.py:183} INFO - Processing /Users/jbshome/Desktop/us_debt_etl_pipeline/debt_env/lib/python3.12/site-packages/airflow/example_dags/example_bash_operator.py took 0.283 seconds
[2024-06-18T17:13:48.873-0400] {processor.py:161} INFO - Started process (PID=24028) to work on /Users/jbshome/Desktop/us_debt_etl_pipeline/debt_env/lib/python3.12/site-packages/airflow/example_dags/example_bash_operator.py
[2024-06-18T17:13:48.876-0400] {processor.py:830} INFO - Processing file /Users/jbshome/Desktop/us_debt_etl_pipeline/debt_env/lib/python3.12/site-packages/airflow/example_dags/example_bash_operator.py for tasks to queue
[2024-06-18T17:13:48.877-0400] {logging_mixin.py:188} INFO - [2024-06-18T17:13:48.877-0400] {dagbag.py:545} INFO - Filling up the DagBag from /Users/jbshome/Desktop/us_debt_etl_pipeline/debt_env/lib/python3.12/site-packages/airflow/example_dags/example_bash_operator.py
[2024-06-18T17:13:48.901-0400] {processor.py:840} INFO - DAG(s) 'example_bash_operator' retrieved from /Users/jbshome/Desktop/us_debt_etl_pipeline/debt_env/lib/python3.12/site-packages/airflow/example_dags/example_bash_operator.py
[2024-06-18T17:13:49.272-0400] {logging_mixin.py:188} INFO - [2024-06-18T17:13:49.272-0400] {dag.py:3096} INFO - Sync 1 DAGs
[2024-06-18T17:13:49.305-0400] {logging_mixin.py:188} INFO - [2024-06-18T17:13:49.305-0400] {dag.py:3954} INFO - Setting next_dagrun for example_bash_operator to 2024-06-17 00:00:00+00:00, run_after=2024-06-18 00:00:00+00:00
[2024-06-18T17:13:49.342-0400] {processor.py:183} INFO - Processing /Users/jbshome/Desktop/us_debt_etl_pipeline/debt_env/lib/python3.12/site-packages/airflow/example_dags/example_bash_operator.py took 0.473 seconds
[2024-06-18T17:23:27.320-0400] {processor.py:161} INFO - Started process (PID=24704) to work on /Users/jbshome/Desktop/us_debt_etl_pipeline/debt_env/lib/python3.12/site-packages/airflow/example_dags/example_bash_operator.py
[2024-06-18T17:23:27.322-0400] {processor.py:830} INFO - Processing file /Users/jbshome/Desktop/us_debt_etl_pipeline/debt_env/lib/python3.12/site-packages/airflow/example_dags/example_bash_operator.py for tasks to queue
[2024-06-18T17:23:27.330-0400] {logging_mixin.py:188} INFO - [2024-06-18T17:23:27.328-0400] {dagbag.py:545} INFO - Filling up the DagBag from /Users/jbshome/Desktop/us_debt_etl_pipeline/debt_env/lib/python3.12/site-packages/airflow/example_dags/example_bash_operator.py
[2024-06-18T17:23:27.355-0400] {processor.py:840} INFO - DAG(s) 'example_bash_operator' retrieved from /Users/jbshome/Desktop/us_debt_etl_pipeline/debt_env/lib/python3.12/site-packages/airflow/example_dags/example_bash_operator.py
[2024-06-18T17:23:27.643-0400] {logging_mixin.py:188} INFO - [2024-06-18T17:23:27.642-0400] {dag.py:3096} INFO - Sync 1 DAGs
[2024-06-18T17:23:27.692-0400] {logging_mixin.py:188} INFO - [2024-06-18T17:23:27.691-0400] {dag.py:3954} INFO - Setting next_dagrun for example_bash_operator to 2024-06-17 00:00:00+00:00, run_after=2024-06-18 00:00:00+00:00
[2024-06-18T17:23:27.755-0400] {processor.py:183} INFO - Processing /Users/jbshome/Desktop/us_debt_etl_pipeline/debt_env/lib/python3.12/site-packages/airflow/example_dags/example_bash_operator.py took 0.437 seconds
[2024-06-18T17:32:34.586-0400] {processor.py:161} INFO - Started process (PID=25325) to work on /Users/jbshome/Desktop/us_debt_etl_pipeline/debt_env/lib/python3.12/site-packages/airflow/example_dags/example_bash_operator.py
[2024-06-18T17:32:34.589-0400] {processor.py:830} INFO - Processing file /Users/jbshome/Desktop/us_debt_etl_pipeline/debt_env/lib/python3.12/site-packages/airflow/example_dags/example_bash_operator.py for tasks to queue
[2024-06-18T17:32:34.591-0400] {logging_mixin.py:188} INFO - [2024-06-18T17:32:34.590-0400] {dagbag.py:545} INFO - Filling up the DagBag from /Users/jbshome/Desktop/us_debt_etl_pipeline/debt_env/lib/python3.12/site-packages/airflow/example_dags/example_bash_operator.py
[2024-06-18T17:32:34.630-0400] {processor.py:840} INFO - DAG(s) 'example_bash_operator' retrieved from /Users/jbshome/Desktop/us_debt_etl_pipeline/debt_env/lib/python3.12/site-packages/airflow/example_dags/example_bash_operator.py
[2024-06-18T17:32:34.929-0400] {logging_mixin.py:188} INFO - [2024-06-18T17:32:34.928-0400] {dag.py:3096} INFO - Sync 1 DAGs
[2024-06-18T17:32:34.979-0400] {logging_mixin.py:188} INFO - [2024-06-18T17:32:34.978-0400] {dag.py:3954} INFO - Setting next_dagrun for example_bash_operator to 2024-06-17 00:00:00+00:00, run_after=2024-06-18 00:00:00+00:00
[2024-06-18T17:32:35.025-0400] {processor.py:183} INFO - Processing /Users/jbshome/Desktop/us_debt_etl_pipeline/debt_env/lib/python3.12/site-packages/airflow/example_dags/example_bash_operator.py took 0.444 seconds
[2024-06-18T17:46:19.014-0400] {processor.py:161} INFO - Started process (PID=27249) to work on /Users/jbshome/Desktop/us_debt_etl_pipeline/debt_env/lib/python3.12/site-packages/airflow/example_dags/example_bash_operator.py
[2024-06-18T17:46:19.016-0400] {processor.py:830} INFO - Processing file /Users/jbshome/Desktop/us_debt_etl_pipeline/debt_env/lib/python3.12/site-packages/airflow/example_dags/example_bash_operator.py for tasks to queue
[2024-06-18T17:46:19.017-0400] {logging_mixin.py:188} INFO - [2024-06-18T17:46:19.017-0400] {dagbag.py:545} INFO - Filling up the DagBag from /Users/jbshome/Desktop/us_debt_etl_pipeline/debt_env/lib/python3.12/site-packages/airflow/example_dags/example_bash_operator.py
[2024-06-18T17:46:19.045-0400] {processor.py:840} INFO - DAG(s) 'example_bash_operator' retrieved from /Users/jbshome/Desktop/us_debt_etl_pipeline/debt_env/lib/python3.12/site-packages/airflow/example_dags/example_bash_operator.py
[2024-06-18T17:46:19.306-0400] {logging_mixin.py:188} INFO - [2024-06-18T17:46:19.305-0400] {dag.py:3096} INFO - Sync 1 DAGs
[2024-06-18T17:46:19.348-0400] {logging_mixin.py:188} INFO - [2024-06-18T17:46:19.348-0400] {dag.py:3954} INFO - Setting next_dagrun for example_bash_operator to 2024-06-17 00:00:00+00:00, run_after=2024-06-18 00:00:00+00:00
[2024-06-18T17:46:19.390-0400] {processor.py:183} INFO - Processing /Users/jbshome/Desktop/us_debt_etl_pipeline/debt_env/lib/python3.12/site-packages/airflow/example_dags/example_bash_operator.py took 0.381 seconds
