[2024-06-18T16:30:33.983-0400] {processor.py:161} INFO - Started process (PID=19788) to work on /Users/jbshome/Desktop/us_debt_etl_pipeline/debt_env/lib/python3.12/site-packages/airflow/example_dags/example_subdag_operator.py
[2024-06-18T16:30:33.986-0400] {processor.py:830} INFO - Processing file /Users/jbshome/Desktop/us_debt_etl_pipeline/debt_env/lib/python3.12/site-packages/airflow/example_dags/example_subdag_operator.py for tasks to queue
[2024-06-18T16:30:33.987-0400] {logging_mixin.py:188} INFO - [2024-06-18T16:30:33.987-0400] {dagbag.py:545} INFO - Filling up the DagBag from /Users/jbshome/Desktop/us_debt_etl_pipeline/debt_env/lib/python3.12/site-packages/airflow/example_dags/example_subdag_operator.py
[2024-06-18T16:30:34.135-0400] {processor.py:840} INFO - DAG(s) 'example_subdag_operator.section-1', 'example_subdag_operator.section-2', 'example_subdag_operator' retrieved from /Users/jbshome/Desktop/us_debt_etl_pipeline/debt_env/lib/python3.12/site-packages/airflow/example_dags/example_subdag_operator.py
[2024-06-18T16:30:34.325-0400] {logging_mixin.py:188} INFO - [2024-06-18T16:30:34.324-0400] {override.py:1829} INFO - Created Permission View: can delete on DAG:example_subdag_operator
[2024-06-18T16:30:34.340-0400] {logging_mixin.py:188} INFO - [2024-06-18T16:30:34.340-0400] {override.py:1829} INFO - Created Permission View: can edit on DAG:example_subdag_operator
[2024-06-18T16:30:34.350-0400] {logging_mixin.py:188} INFO - [2024-06-18T16:30:34.349-0400] {override.py:1829} INFO - Created Permission View: can read on DAG:example_subdag_operator
[2024-06-18T16:30:34.351-0400] {logging_mixin.py:188} INFO - [2024-06-18T16:30:34.350-0400] {dag.py:3096} INFO - Sync 3 DAGs
[2024-06-18T16:30:34.362-0400] {logging_mixin.py:188} INFO - [2024-06-18T16:30:34.362-0400] {dag.py:3118} INFO - Creating ORM DAG for example_subdag_operator
[2024-06-18T16:30:34.363-0400] {logging_mixin.py:188} INFO - [2024-06-18T16:30:34.363-0400] {dag.py:3118} INFO - Creating ORM DAG for example_subdag_operator.section-1
[2024-06-18T16:30:34.364-0400] {logging_mixin.py:188} INFO - [2024-06-18T16:30:34.364-0400] {dag.py:3118} INFO - Creating ORM DAG for example_subdag_operator.section-2
[2024-06-18T16:30:34.375-0400] {logging_mixin.py:188} INFO - [2024-06-18T16:30:34.375-0400] {dag.py:3954} INFO - Setting next_dagrun for example_subdag_operator to 2022-01-01 00:00:00+00:00, run_after=2022-01-01 00:00:00+00:00
[2024-06-18T16:30:34.376-0400] {logging_mixin.py:188} INFO - [2024-06-18T16:30:34.375-0400] {dag.py:3954} INFO - Setting next_dagrun for example_subdag_operator.section-1 to None, run_after=None
[2024-06-18T16:30:34.376-0400] {logging_mixin.py:188} INFO - [2024-06-18T16:30:34.376-0400] {dag.py:3954} INFO - Setting next_dagrun for example_subdag_operator.section-2 to None, run_after=None
[2024-06-18T16:30:34.486-0400] {logging_mixin.py:188} INFO - [2024-06-18T16:30:34.485-0400] {dag.py:3096} INFO - Sync 2 DAGs
[2024-06-18T16:30:34.491-0400] {logging_mixin.py:188} INFO - [2024-06-18T16:30:34.491-0400] {dag.py:3954} INFO - Setting next_dagrun for example_subdag_operator.section-1 to None, run_after=None
[2024-06-18T16:30:34.500-0400] {logging_mixin.py:188} INFO - [2024-06-18T16:30:34.500-0400] {dag.py:3954} INFO - Setting next_dagrun for example_subdag_operator.section-2 to None, run_after=None
[2024-06-18T16:30:34.523-0400] {processor.py:183} INFO - Processing /Users/jbshome/Desktop/us_debt_etl_pipeline/debt_env/lib/python3.12/site-packages/airflow/example_dags/example_subdag_operator.py took 0.547 seconds
[2024-06-18T16:34:23.781-0400] {processor.py:161} INFO - Started process (PID=20286) to work on /Users/jbshome/Desktop/us_debt_etl_pipeline/debt_env/lib/python3.12/site-packages/airflow/example_dags/example_subdag_operator.py
[2024-06-18T16:34:23.783-0400] {processor.py:830} INFO - Processing file /Users/jbshome/Desktop/us_debt_etl_pipeline/debt_env/lib/python3.12/site-packages/airflow/example_dags/example_subdag_operator.py for tasks to queue
[2024-06-18T16:34:23.784-0400] {logging_mixin.py:188} INFO - [2024-06-18T16:34:23.784-0400] {dagbag.py:545} INFO - Filling up the DagBag from /Users/jbshome/Desktop/us_debt_etl_pipeline/debt_env/lib/python3.12/site-packages/airflow/example_dags/example_subdag_operator.py
[2024-06-18T16:34:23.899-0400] {processor.py:840} INFO - DAG(s) 'example_subdag_operator.section-1', 'example_subdag_operator.section-2', 'example_subdag_operator' retrieved from /Users/jbshome/Desktop/us_debt_etl_pipeline/debt_env/lib/python3.12/site-packages/airflow/example_dags/example_subdag_operator.py
[2024-06-18T16:34:23.955-0400] {logging_mixin.py:188} INFO - [2024-06-18T16:34:23.954-0400] {dag.py:3096} INFO - Sync 3 DAGs
[2024-06-18T16:34:23.974-0400] {logging_mixin.py:188} INFO - [2024-06-18T16:34:23.974-0400] {dag.py:3954} INFO - Setting next_dagrun for example_subdag_operator to 2022-01-01 00:00:00+00:00, run_after=2022-01-01 00:00:00+00:00
[2024-06-18T16:34:23.978-0400] {logging_mixin.py:188} INFO - [2024-06-18T16:34:23.978-0400] {dag.py:3954} INFO - Setting next_dagrun for example_subdag_operator.section-1 to None, run_after=None
[2024-06-18T16:34:23.979-0400] {logging_mixin.py:188} INFO - [2024-06-18T16:34:23.979-0400] {dag.py:3954} INFO - Setting next_dagrun for example_subdag_operator.section-2 to None, run_after=None
[2024-06-18T16:34:23.986-0400] {logging_mixin.py:188} INFO - [2024-06-18T16:34:23.986-0400] {dag.py:3096} INFO - Sync 2 DAGs
[2024-06-18T16:34:23.990-0400] {logging_mixin.py:188} INFO - [2024-06-18T16:34:23.989-0400] {dag.py:3954} INFO - Setting next_dagrun for example_subdag_operator.section-1 to None, run_after=None
[2024-06-18T16:34:23.990-0400] {logging_mixin.py:188} INFO - [2024-06-18T16:34:23.990-0400] {dag.py:3954} INFO - Setting next_dagrun for example_subdag_operator.section-2 to None, run_after=None
[2024-06-18T16:34:24.006-0400] {processor.py:183} INFO - Processing /Users/jbshome/Desktop/us_debt_etl_pipeline/debt_env/lib/python3.12/site-packages/airflow/example_dags/example_subdag_operator.py took 0.228 seconds
[2024-06-18T16:37:40.707-0400] {processor.py:161} INFO - Started process (PID=20457) to work on /Users/jbshome/Desktop/us_debt_etl_pipeline/debt_env/lib/python3.12/site-packages/airflow/example_dags/example_subdag_operator.py
[2024-06-18T16:37:40.711-0400] {processor.py:830} INFO - Processing file /Users/jbshome/Desktop/us_debt_etl_pipeline/debt_env/lib/python3.12/site-packages/airflow/example_dags/example_subdag_operator.py for tasks to queue
[2024-06-18T16:37:40.712-0400] {logging_mixin.py:188} INFO - [2024-06-18T16:37:40.712-0400] {dagbag.py:545} INFO - Filling up the DagBag from /Users/jbshome/Desktop/us_debt_etl_pipeline/debt_env/lib/python3.12/site-packages/airflow/example_dags/example_subdag_operator.py
[2024-06-18T16:37:40.847-0400] {processor.py:840} INFO - DAG(s) 'example_subdag_operator.section-1', 'example_subdag_operator.section-2', 'example_subdag_operator' retrieved from /Users/jbshome/Desktop/us_debt_etl_pipeline/debt_env/lib/python3.12/site-packages/airflow/example_dags/example_subdag_operator.py
[2024-06-18T16:37:40.894-0400] {logging_mixin.py:188} INFO - [2024-06-18T16:37:40.894-0400] {dag.py:3096} INFO - Sync 3 DAGs
[2024-06-18T16:37:40.911-0400] {logging_mixin.py:188} INFO - [2024-06-18T16:37:40.911-0400] {dag.py:3954} INFO - Setting next_dagrun for example_subdag_operator to 2022-01-01 00:00:00+00:00, run_after=2022-01-01 00:00:00+00:00
[2024-06-18T16:37:40.914-0400] {logging_mixin.py:188} INFO - [2024-06-18T16:37:40.914-0400] {dag.py:3954} INFO - Setting next_dagrun for example_subdag_operator.section-1 to None, run_after=None
[2024-06-18T16:37:40.915-0400] {logging_mixin.py:188} INFO - [2024-06-18T16:37:40.915-0400] {dag.py:3954} INFO - Setting next_dagrun for example_subdag_operator.section-2 to None, run_after=None
[2024-06-18T16:37:40.921-0400] {logging_mixin.py:188} INFO - [2024-06-18T16:37:40.921-0400] {dag.py:3096} INFO - Sync 2 DAGs
[2024-06-18T16:37:40.925-0400] {logging_mixin.py:188} INFO - [2024-06-18T16:37:40.924-0400] {dag.py:3954} INFO - Setting next_dagrun for example_subdag_operator.section-1 to None, run_after=None
[2024-06-18T16:37:40.925-0400] {logging_mixin.py:188} INFO - [2024-06-18T16:37:40.925-0400] {dag.py:3954} INFO - Setting next_dagrun for example_subdag_operator.section-2 to None, run_after=None
[2024-06-18T16:37:40.938-0400] {processor.py:183} INFO - Processing /Users/jbshome/Desktop/us_debt_etl_pipeline/debt_env/lib/python3.12/site-packages/airflow/example_dags/example_subdag_operator.py took 0.236 seconds
[2024-06-18T16:40:46.918-0400] {processor.py:161} INFO - Started process (PID=20789) to work on /Users/jbshome/Desktop/us_debt_etl_pipeline/debt_env/lib/python3.12/site-packages/airflow/example_dags/example_subdag_operator.py
[2024-06-18T16:40:46.922-0400] {processor.py:830} INFO - Processing file /Users/jbshome/Desktop/us_debt_etl_pipeline/debt_env/lib/python3.12/site-packages/airflow/example_dags/example_subdag_operator.py for tasks to queue
[2024-06-18T16:40:46.924-0400] {logging_mixin.py:188} INFO - [2024-06-18T16:40:46.923-0400] {dagbag.py:545} INFO - Filling up the DagBag from /Users/jbshome/Desktop/us_debt_etl_pipeline/debt_env/lib/python3.12/site-packages/airflow/example_dags/example_subdag_operator.py
[2024-06-18T16:40:47.189-0400] {processor.py:840} INFO - DAG(s) 'example_subdag_operator.section-1', 'example_subdag_operator.section-2', 'example_subdag_operator' retrieved from /Users/jbshome/Desktop/us_debt_etl_pipeline/debt_env/lib/python3.12/site-packages/airflow/example_dags/example_subdag_operator.py
[2024-06-18T16:40:47.297-0400] {logging_mixin.py:188} INFO - [2024-06-18T16:40:47.297-0400] {dag.py:3096} INFO - Sync 3 DAGs
[2024-06-18T16:40:47.322-0400] {logging_mixin.py:188} INFO - [2024-06-18T16:40:47.322-0400] {dag.py:3954} INFO - Setting next_dagrun for example_subdag_operator to 2022-01-01 00:00:00+00:00, run_after=2022-01-01 00:00:00+00:00
[2024-06-18T16:40:47.327-0400] {logging_mixin.py:188} INFO - [2024-06-18T16:40:47.327-0400] {dag.py:3954} INFO - Setting next_dagrun for example_subdag_operator.section-1 to None, run_after=None
[2024-06-18T16:40:47.330-0400] {logging_mixin.py:188} INFO - [2024-06-18T16:40:47.330-0400] {dag.py:3954} INFO - Setting next_dagrun for example_subdag_operator.section-2 to None, run_after=None
[2024-06-18T16:40:47.345-0400] {logging_mixin.py:188} INFO - [2024-06-18T16:40:47.344-0400] {dag.py:3096} INFO - Sync 2 DAGs
[2024-06-18T16:40:47.356-0400] {logging_mixin.py:188} INFO - [2024-06-18T16:40:47.356-0400] {dag.py:3954} INFO - Setting next_dagrun for example_subdag_operator.section-1 to None, run_after=None
[2024-06-18T16:40:47.357-0400] {logging_mixin.py:188} INFO - [2024-06-18T16:40:47.357-0400] {dag.py:3954} INFO - Setting next_dagrun for example_subdag_operator.section-2 to None, run_after=None
[2024-06-18T16:40:47.381-0400] {processor.py:183} INFO - Processing /Users/jbshome/Desktop/us_debt_etl_pipeline/debt_env/lib/python3.12/site-packages/airflow/example_dags/example_subdag_operator.py took 0.473 seconds
[2024-06-18T16:43:54.451-0400] {processor.py:161} INFO - Started process (PID=21408) to work on /Users/jbshome/Desktop/us_debt_etl_pipeline/debt_env/lib/python3.12/site-packages/airflow/example_dags/example_subdag_operator.py
[2024-06-18T16:43:54.453-0400] {processor.py:830} INFO - Processing file /Users/jbshome/Desktop/us_debt_etl_pipeline/debt_env/lib/python3.12/site-packages/airflow/example_dags/example_subdag_operator.py for tasks to queue
[2024-06-18T16:43:54.454-0400] {logging_mixin.py:188} INFO - [2024-06-18T16:43:54.454-0400] {dagbag.py:545} INFO - Filling up the DagBag from /Users/jbshome/Desktop/us_debt_etl_pipeline/debt_env/lib/python3.12/site-packages/airflow/example_dags/example_subdag_operator.py
[2024-06-18T16:43:54.555-0400] {processor.py:840} INFO - DAG(s) 'example_subdag_operator.section-1', 'example_subdag_operator.section-2', 'example_subdag_operator' retrieved from /Users/jbshome/Desktop/us_debt_etl_pipeline/debt_env/lib/python3.12/site-packages/airflow/example_dags/example_subdag_operator.py
[2024-06-18T16:43:54.602-0400] {logging_mixin.py:188} INFO - [2024-06-18T16:43:54.602-0400] {dag.py:3096} INFO - Sync 3 DAGs
[2024-06-18T16:43:54.620-0400] {logging_mixin.py:188} INFO - [2024-06-18T16:43:54.619-0400] {dag.py:3954} INFO - Setting next_dagrun for example_subdag_operator to 2022-01-01 00:00:00+00:00, run_after=2022-01-01 00:00:00+00:00
[2024-06-18T16:43:54.623-0400] {logging_mixin.py:188} INFO - [2024-06-18T16:43:54.623-0400] {dag.py:3954} INFO - Setting next_dagrun for example_subdag_operator.section-1 to None, run_after=None
[2024-06-18T16:43:54.624-0400] {logging_mixin.py:188} INFO - [2024-06-18T16:43:54.624-0400] {dag.py:3954} INFO - Setting next_dagrun for example_subdag_operator.section-2 to None, run_after=None
[2024-06-18T16:43:54.630-0400] {logging_mixin.py:188} INFO - [2024-06-18T16:43:54.630-0400] {dag.py:3096} INFO - Sync 2 DAGs
[2024-06-18T16:43:54.634-0400] {logging_mixin.py:188} INFO - [2024-06-18T16:43:54.634-0400] {dag.py:3954} INFO - Setting next_dagrun for example_subdag_operator.section-1 to None, run_after=None
[2024-06-18T16:43:54.634-0400] {logging_mixin.py:188} INFO - [2024-06-18T16:43:54.634-0400] {dag.py:3954} INFO - Setting next_dagrun for example_subdag_operator.section-2 to None, run_after=None
[2024-06-18T16:43:54.648-0400] {processor.py:183} INFO - Processing /Users/jbshome/Desktop/us_debt_etl_pipeline/debt_env/lib/python3.12/site-packages/airflow/example_dags/example_subdag_operator.py took 0.199 seconds
[2024-06-18T16:46:49.424-0400] {processor.py:161} INFO - Started process (PID=21579) to work on /Users/jbshome/Desktop/us_debt_etl_pipeline/debt_env/lib/python3.12/site-packages/airflow/example_dags/example_subdag_operator.py
[2024-06-18T16:46:49.427-0400] {processor.py:830} INFO - Processing file /Users/jbshome/Desktop/us_debt_etl_pipeline/debt_env/lib/python3.12/site-packages/airflow/example_dags/example_subdag_operator.py for tasks to queue
[2024-06-18T16:46:49.428-0400] {logging_mixin.py:188} INFO - [2024-06-18T16:46:49.427-0400] {dagbag.py:545} INFO - Filling up the DagBag from /Users/jbshome/Desktop/us_debt_etl_pipeline/debt_env/lib/python3.12/site-packages/airflow/example_dags/example_subdag_operator.py
[2024-06-18T16:46:49.548-0400] {processor.py:840} INFO - DAG(s) 'example_subdag_operator.section-1', 'example_subdag_operator.section-2', 'example_subdag_operator' retrieved from /Users/jbshome/Desktop/us_debt_etl_pipeline/debt_env/lib/python3.12/site-packages/airflow/example_dags/example_subdag_operator.py
[2024-06-18T16:46:49.599-0400] {logging_mixin.py:188} INFO - [2024-06-18T16:46:49.599-0400] {dag.py:3096} INFO - Sync 3 DAGs
[2024-06-18T16:46:49.619-0400] {logging_mixin.py:188} INFO - [2024-06-18T16:46:49.618-0400] {dag.py:3954} INFO - Setting next_dagrun for example_subdag_operator to 2022-01-01 00:00:00+00:00, run_after=2022-01-01 00:00:00+00:00
[2024-06-18T16:46:49.623-0400] {logging_mixin.py:188} INFO - [2024-06-18T16:46:49.622-0400] {dag.py:3954} INFO - Setting next_dagrun for example_subdag_operator.section-1 to None, run_after=None
[2024-06-18T16:46:49.625-0400] {logging_mixin.py:188} INFO - [2024-06-18T16:46:49.624-0400] {dag.py:3954} INFO - Setting next_dagrun for example_subdag_operator.section-2 to None, run_after=None
[2024-06-18T16:46:49.631-0400] {logging_mixin.py:188} INFO - [2024-06-18T16:46:49.631-0400] {dag.py:3096} INFO - Sync 2 DAGs
[2024-06-18T16:46:49.636-0400] {logging_mixin.py:188} INFO - [2024-06-18T16:46:49.636-0400] {dag.py:3954} INFO - Setting next_dagrun for example_subdag_operator.section-1 to None, run_after=None
[2024-06-18T16:46:49.636-0400] {logging_mixin.py:188} INFO - [2024-06-18T16:46:49.636-0400] {dag.py:3954} INFO - Setting next_dagrun for example_subdag_operator.section-2 to None, run_after=None
[2024-06-18T16:46:49.652-0400] {processor.py:183} INFO - Processing /Users/jbshome/Desktop/us_debt_etl_pipeline/debt_env/lib/python3.12/site-packages/airflow/example_dags/example_subdag_operator.py took 0.231 seconds
[2024-06-18T16:49:59.495-0400] {processor.py:161} INFO - Started process (PID=21746) to work on /Users/jbshome/Desktop/us_debt_etl_pipeline/debt_env/lib/python3.12/site-packages/airflow/example_dags/example_subdag_operator.py
[2024-06-18T16:49:59.496-0400] {processor.py:830} INFO - Processing file /Users/jbshome/Desktop/us_debt_etl_pipeline/debt_env/lib/python3.12/site-packages/airflow/example_dags/example_subdag_operator.py for tasks to queue
[2024-06-18T16:49:59.498-0400] {logging_mixin.py:188} INFO - [2024-06-18T16:49:59.497-0400] {dagbag.py:545} INFO - Filling up the DagBag from /Users/jbshome/Desktop/us_debt_etl_pipeline/debt_env/lib/python3.12/site-packages/airflow/example_dags/example_subdag_operator.py
[2024-06-18T16:49:59.741-0400] {processor.py:840} INFO - DAG(s) 'example_subdag_operator.section-1', 'example_subdag_operator.section-2', 'example_subdag_operator' retrieved from /Users/jbshome/Desktop/us_debt_etl_pipeline/debt_env/lib/python3.12/site-packages/airflow/example_dags/example_subdag_operator.py
[2024-06-18T16:49:59.797-0400] {logging_mixin.py:188} INFO - [2024-06-18T16:49:59.796-0400] {dag.py:3096} INFO - Sync 3 DAGs
[2024-06-18T16:49:59.816-0400] {logging_mixin.py:188} INFO - [2024-06-18T16:49:59.815-0400] {dag.py:3954} INFO - Setting next_dagrun for example_subdag_operator to 2022-01-01 00:00:00+00:00, run_after=2022-01-01 00:00:00+00:00
[2024-06-18T16:49:59.820-0400] {logging_mixin.py:188} INFO - [2024-06-18T16:49:59.820-0400] {dag.py:3954} INFO - Setting next_dagrun for example_subdag_operator.section-1 to None, run_after=None
[2024-06-18T16:49:59.822-0400] {logging_mixin.py:188} INFO - [2024-06-18T16:49:59.821-0400] {dag.py:3954} INFO - Setting next_dagrun for example_subdag_operator.section-2 to None, run_after=None
[2024-06-18T16:49:59.829-0400] {logging_mixin.py:188} INFO - [2024-06-18T16:49:59.829-0400] {dag.py:3096} INFO - Sync 2 DAGs
[2024-06-18T16:49:59.834-0400] {logging_mixin.py:188} INFO - [2024-06-18T16:49:59.834-0400] {dag.py:3954} INFO - Setting next_dagrun for example_subdag_operator.section-1 to None, run_after=None
[2024-06-18T16:49:59.835-0400] {logging_mixin.py:188} INFO - [2024-06-18T16:49:59.834-0400] {dag.py:3954} INFO - Setting next_dagrun for example_subdag_operator.section-2 to None, run_after=None
[2024-06-18T16:49:59.849-0400] {processor.py:183} INFO - Processing /Users/jbshome/Desktop/us_debt_etl_pipeline/debt_env/lib/python3.12/site-packages/airflow/example_dags/example_subdag_operator.py took 0.359 seconds
[2024-06-18T16:53:05.155-0400] {processor.py:161} INFO - Started process (PID=21912) to work on /Users/jbshome/Desktop/us_debt_etl_pipeline/debt_env/lib/python3.12/site-packages/airflow/example_dags/example_subdag_operator.py
[2024-06-18T16:53:05.157-0400] {processor.py:830} INFO - Processing file /Users/jbshome/Desktop/us_debt_etl_pipeline/debt_env/lib/python3.12/site-packages/airflow/example_dags/example_subdag_operator.py for tasks to queue
[2024-06-18T16:53:05.160-0400] {logging_mixin.py:188} INFO - [2024-06-18T16:53:05.160-0400] {dagbag.py:545} INFO - Filling up the DagBag from /Users/jbshome/Desktop/us_debt_etl_pipeline/debt_env/lib/python3.12/site-packages/airflow/example_dags/example_subdag_operator.py
[2024-06-18T16:53:05.307-0400] {processor.py:840} INFO - DAG(s) 'example_subdag_operator.section-1', 'example_subdag_operator.section-2', 'example_subdag_operator' retrieved from /Users/jbshome/Desktop/us_debt_etl_pipeline/debt_env/lib/python3.12/site-packages/airflow/example_dags/example_subdag_operator.py
[2024-06-18T16:53:05.381-0400] {logging_mixin.py:188} INFO - [2024-06-18T16:53:05.379-0400] {dag.py:3096} INFO - Sync 3 DAGs
[2024-06-18T16:53:05.407-0400] {logging_mixin.py:188} INFO - [2024-06-18T16:53:05.407-0400] {dag.py:3954} INFO - Setting next_dagrun for example_subdag_operator to 2022-01-01 00:00:00+00:00, run_after=2022-01-01 00:00:00+00:00
[2024-06-18T16:53:05.411-0400] {logging_mixin.py:188} INFO - [2024-06-18T16:53:05.411-0400] {dag.py:3954} INFO - Setting next_dagrun for example_subdag_operator.section-1 to None, run_after=None
[2024-06-18T16:53:05.413-0400] {logging_mixin.py:188} INFO - [2024-06-18T16:53:05.413-0400] {dag.py:3954} INFO - Setting next_dagrun for example_subdag_operator.section-2 to None, run_after=None
[2024-06-18T16:53:05.421-0400] {logging_mixin.py:188} INFO - [2024-06-18T16:53:05.420-0400] {dag.py:3096} INFO - Sync 2 DAGs
[2024-06-18T16:53:05.427-0400] {logging_mixin.py:188} INFO - [2024-06-18T16:53:05.427-0400] {dag.py:3954} INFO - Setting next_dagrun for example_subdag_operator.section-1 to None, run_after=None
[2024-06-18T16:53:05.428-0400] {logging_mixin.py:188} INFO - [2024-06-18T16:53:05.428-0400] {dag.py:3954} INFO - Setting next_dagrun for example_subdag_operator.section-2 to None, run_after=None
[2024-06-18T16:53:05.454-0400] {processor.py:183} INFO - Processing /Users/jbshome/Desktop/us_debt_etl_pipeline/debt_env/lib/python3.12/site-packages/airflow/example_dags/example_subdag_operator.py took 0.302 seconds
[2024-06-18T16:56:16.600-0400] {processor.py:161} INFO - Started process (PID=22064) to work on /Users/jbshome/Desktop/us_debt_etl_pipeline/debt_env/lib/python3.12/site-packages/airflow/example_dags/example_subdag_operator.py
[2024-06-18T16:56:16.603-0400] {processor.py:830} INFO - Processing file /Users/jbshome/Desktop/us_debt_etl_pipeline/debt_env/lib/python3.12/site-packages/airflow/example_dags/example_subdag_operator.py for tasks to queue
[2024-06-18T16:56:16.603-0400] {logging_mixin.py:188} INFO - [2024-06-18T16:56:16.603-0400] {dagbag.py:545} INFO - Filling up the DagBag from /Users/jbshome/Desktop/us_debt_etl_pipeline/debt_env/lib/python3.12/site-packages/airflow/example_dags/example_subdag_operator.py
[2024-06-18T16:56:16.704-0400] {processor.py:840} INFO - DAG(s) 'example_subdag_operator.section-1', 'example_subdag_operator.section-2', 'example_subdag_operator' retrieved from /Users/jbshome/Desktop/us_debt_etl_pipeline/debt_env/lib/python3.12/site-packages/airflow/example_dags/example_subdag_operator.py
[2024-06-18T16:56:16.750-0400] {logging_mixin.py:188} INFO - [2024-06-18T16:56:16.749-0400] {dag.py:3096} INFO - Sync 3 DAGs
[2024-06-18T16:56:16.766-0400] {logging_mixin.py:188} INFO - [2024-06-18T16:56:16.766-0400] {dag.py:3954} INFO - Setting next_dagrun for example_subdag_operator to 2022-01-01 00:00:00+00:00, run_after=2022-01-01 00:00:00+00:00
[2024-06-18T16:56:16.770-0400] {logging_mixin.py:188} INFO - [2024-06-18T16:56:16.769-0400] {dag.py:3954} INFO - Setting next_dagrun for example_subdag_operator.section-1 to None, run_after=None
[2024-06-18T16:56:16.771-0400] {logging_mixin.py:188} INFO - [2024-06-18T16:56:16.770-0400] {dag.py:3954} INFO - Setting next_dagrun for example_subdag_operator.section-2 to None, run_after=None
[2024-06-18T16:56:16.776-0400] {logging_mixin.py:188} INFO - [2024-06-18T16:56:16.776-0400] {dag.py:3096} INFO - Sync 2 DAGs
[2024-06-18T16:56:16.780-0400] {logging_mixin.py:188} INFO - [2024-06-18T16:56:16.780-0400] {dag.py:3954} INFO - Setting next_dagrun for example_subdag_operator.section-1 to None, run_after=None
[2024-06-18T16:56:16.781-0400] {logging_mixin.py:188} INFO - [2024-06-18T16:56:16.780-0400] {dag.py:3954} INFO - Setting next_dagrun for example_subdag_operator.section-2 to None, run_after=None
[2024-06-18T16:56:16.795-0400] {processor.py:183} INFO - Processing /Users/jbshome/Desktop/us_debt_etl_pipeline/debt_env/lib/python3.12/site-packages/airflow/example_dags/example_subdag_operator.py took 0.197 seconds
[2024-06-18T16:59:25.732-0400] {processor.py:161} INFO - Started process (PID=22569) to work on /Users/jbshome/Desktop/us_debt_etl_pipeline/debt_env/lib/python3.12/site-packages/airflow/example_dags/example_subdag_operator.py
[2024-06-18T16:59:25.734-0400] {processor.py:830} INFO - Processing file /Users/jbshome/Desktop/us_debt_etl_pipeline/debt_env/lib/python3.12/site-packages/airflow/example_dags/example_subdag_operator.py for tasks to queue
[2024-06-18T16:59:25.735-0400] {logging_mixin.py:188} INFO - [2024-06-18T16:59:25.735-0400] {dagbag.py:545} INFO - Filling up the DagBag from /Users/jbshome/Desktop/us_debt_etl_pipeline/debt_env/lib/python3.12/site-packages/airflow/example_dags/example_subdag_operator.py
[2024-06-18T16:59:25.839-0400] {processor.py:840} INFO - DAG(s) 'example_subdag_operator.section-1', 'example_subdag_operator.section-2', 'example_subdag_operator' retrieved from /Users/jbshome/Desktop/us_debt_etl_pipeline/debt_env/lib/python3.12/site-packages/airflow/example_dags/example_subdag_operator.py
[2024-06-18T16:59:25.887-0400] {logging_mixin.py:188} INFO - [2024-06-18T16:59:25.886-0400] {dag.py:3096} INFO - Sync 3 DAGs
[2024-06-18T16:59:25.904-0400] {logging_mixin.py:188} INFO - [2024-06-18T16:59:25.904-0400] {dag.py:3954} INFO - Setting next_dagrun for example_subdag_operator to 2022-01-01 00:00:00+00:00, run_after=2022-01-01 00:00:00+00:00
[2024-06-18T16:59:25.908-0400] {logging_mixin.py:188} INFO - [2024-06-18T16:59:25.907-0400] {dag.py:3954} INFO - Setting next_dagrun for example_subdag_operator.section-1 to None, run_after=None
[2024-06-18T16:59:25.909-0400] {logging_mixin.py:188} INFO - [2024-06-18T16:59:25.909-0400] {dag.py:3954} INFO - Setting next_dagrun for example_subdag_operator.section-2 to None, run_after=None
[2024-06-18T16:59:25.915-0400] {logging_mixin.py:188} INFO - [2024-06-18T16:59:25.915-0400] {dag.py:3096} INFO - Sync 2 DAGs
[2024-06-18T16:59:25.919-0400] {logging_mixin.py:188} INFO - [2024-06-18T16:59:25.919-0400] {dag.py:3954} INFO - Setting next_dagrun for example_subdag_operator.section-1 to None, run_after=None
[2024-06-18T16:59:25.920-0400] {logging_mixin.py:188} INFO - [2024-06-18T16:59:25.920-0400] {dag.py:3954} INFO - Setting next_dagrun for example_subdag_operator.section-2 to None, run_after=None
[2024-06-18T16:59:25.938-0400] {processor.py:183} INFO - Processing /Users/jbshome/Desktop/us_debt_etl_pipeline/debt_env/lib/python3.12/site-packages/airflow/example_dags/example_subdag_operator.py took 0.209 seconds
[2024-06-18T17:03:37.217-0400] {processor.py:161} INFO - Started process (PID=22816) to work on /Users/jbshome/Desktop/us_debt_etl_pipeline/debt_env/lib/python3.12/site-packages/airflow/example_dags/example_subdag_operator.py
[2024-06-18T17:03:37.219-0400] {processor.py:830} INFO - Processing file /Users/jbshome/Desktop/us_debt_etl_pipeline/debt_env/lib/python3.12/site-packages/airflow/example_dags/example_subdag_operator.py for tasks to queue
[2024-06-18T17:03:37.220-0400] {logging_mixin.py:188} INFO - [2024-06-18T17:03:37.220-0400] {dagbag.py:545} INFO - Filling up the DagBag from /Users/jbshome/Desktop/us_debt_etl_pipeline/debt_env/lib/python3.12/site-packages/airflow/example_dags/example_subdag_operator.py
[2024-06-18T17:03:37.347-0400] {processor.py:840} INFO - DAG(s) 'example_subdag_operator.section-1', 'example_subdag_operator.section-2', 'example_subdag_operator' retrieved from /Users/jbshome/Desktop/us_debt_etl_pipeline/debt_env/lib/python3.12/site-packages/airflow/example_dags/example_subdag_operator.py
[2024-06-18T17:03:37.396-0400] {logging_mixin.py:188} INFO - [2024-06-18T17:03:37.396-0400] {dag.py:3096} INFO - Sync 3 DAGs
[2024-06-18T17:03:37.415-0400] {logging_mixin.py:188} INFO - [2024-06-18T17:03:37.414-0400] {dag.py:3954} INFO - Setting next_dagrun for example_subdag_operator to 2022-01-01 00:00:00+00:00, run_after=2022-01-01 00:00:00+00:00
[2024-06-18T17:03:37.418-0400] {logging_mixin.py:188} INFO - [2024-06-18T17:03:37.418-0400] {dag.py:3954} INFO - Setting next_dagrun for example_subdag_operator.section-1 to None, run_after=None
[2024-06-18T17:03:37.419-0400] {logging_mixin.py:188} INFO - [2024-06-18T17:03:37.419-0400] {dag.py:3954} INFO - Setting next_dagrun for example_subdag_operator.section-2 to None, run_after=None
[2024-06-18T17:03:37.426-0400] {logging_mixin.py:188} INFO - [2024-06-18T17:03:37.425-0400] {dag.py:3096} INFO - Sync 2 DAGs
[2024-06-18T17:03:37.430-0400] {logging_mixin.py:188} INFO - [2024-06-18T17:03:37.429-0400] {dag.py:3954} INFO - Setting next_dagrun for example_subdag_operator.section-1 to None, run_after=None
[2024-06-18T17:03:37.430-0400] {logging_mixin.py:188} INFO - [2024-06-18T17:03:37.430-0400] {dag.py:3954} INFO - Setting next_dagrun for example_subdag_operator.section-2 to None, run_after=None
[2024-06-18T17:03:37.445-0400] {processor.py:183} INFO - Processing /Users/jbshome/Desktop/us_debt_etl_pipeline/debt_env/lib/python3.12/site-packages/airflow/example_dags/example_subdag_operator.py took 0.231 seconds
[2024-06-18T17:07:01.722-0400] {processor.py:161} INFO - Started process (PID=23217) to work on /Users/jbshome/Desktop/us_debt_etl_pipeline/debt_env/lib/python3.12/site-packages/airflow/example_dags/example_subdag_operator.py
[2024-06-18T17:07:01.725-0400] {processor.py:830} INFO - Processing file /Users/jbshome/Desktop/us_debt_etl_pipeline/debt_env/lib/python3.12/site-packages/airflow/example_dags/example_subdag_operator.py for tasks to queue
[2024-06-18T17:07:01.726-0400] {logging_mixin.py:188} INFO - [2024-06-18T17:07:01.726-0400] {dagbag.py:545} INFO - Filling up the DagBag from /Users/jbshome/Desktop/us_debt_etl_pipeline/debt_env/lib/python3.12/site-packages/airflow/example_dags/example_subdag_operator.py
[2024-06-18T17:07:02.022-0400] {processor.py:840} INFO - DAG(s) 'example_subdag_operator.section-1', 'example_subdag_operator.section-2', 'example_subdag_operator' retrieved from /Users/jbshome/Desktop/us_debt_etl_pipeline/debt_env/lib/python3.12/site-packages/airflow/example_dags/example_subdag_operator.py
[2024-06-18T17:07:02.193-0400] {logging_mixin.py:188} INFO - [2024-06-18T17:07:02.192-0400] {dag.py:3096} INFO - Sync 3 DAGs
[2024-06-18T17:07:02.267-0400] {logging_mixin.py:188} INFO - [2024-06-18T17:07:02.266-0400] {dag.py:3954} INFO - Setting next_dagrun for example_subdag_operator to 2022-01-01 00:00:00+00:00, run_after=2022-01-01 00:00:00+00:00
[2024-06-18T17:07:02.276-0400] {logging_mixin.py:188} INFO - [2024-06-18T17:07:02.275-0400] {dag.py:3954} INFO - Setting next_dagrun for example_subdag_operator.section-1 to None, run_after=None
[2024-06-18T17:07:02.277-0400] {logging_mixin.py:188} INFO - [2024-06-18T17:07:02.277-0400] {dag.py:3954} INFO - Setting next_dagrun for example_subdag_operator.section-2 to None, run_after=None
[2024-06-18T17:07:02.291-0400] {logging_mixin.py:188} INFO - [2024-06-18T17:07:02.290-0400] {dag.py:3096} INFO - Sync 2 DAGs
[2024-06-18T17:07:02.297-0400] {logging_mixin.py:188} INFO - [2024-06-18T17:07:02.296-0400] {dag.py:3954} INFO - Setting next_dagrun for example_subdag_operator.section-1 to None, run_after=None
[2024-06-18T17:07:02.298-0400] {logging_mixin.py:188} INFO - [2024-06-18T17:07:02.297-0400] {dag.py:3954} INFO - Setting next_dagrun for example_subdag_operator.section-2 to None, run_after=None
[2024-06-18T17:07:02.335-0400] {processor.py:183} INFO - Processing /Users/jbshome/Desktop/us_debt_etl_pipeline/debt_env/lib/python3.12/site-packages/airflow/example_dags/example_subdag_operator.py took 0.617 seconds
[2024-06-18T17:11:04.760-0400] {processor.py:161} INFO - Started process (PID=23857) to work on /Users/jbshome/Desktop/us_debt_etl_pipeline/debt_env/lib/python3.12/site-packages/airflow/example_dags/example_subdag_operator.py
[2024-06-18T17:11:04.761-0400] {processor.py:830} INFO - Processing file /Users/jbshome/Desktop/us_debt_etl_pipeline/debt_env/lib/python3.12/site-packages/airflow/example_dags/example_subdag_operator.py for tasks to queue
[2024-06-18T17:11:04.763-0400] {logging_mixin.py:188} INFO - [2024-06-18T17:11:04.762-0400] {dagbag.py:545} INFO - Filling up the DagBag from /Users/jbshome/Desktop/us_debt_etl_pipeline/debt_env/lib/python3.12/site-packages/airflow/example_dags/example_subdag_operator.py
[2024-06-18T17:11:04.963-0400] {processor.py:840} INFO - DAG(s) 'example_subdag_operator.section-1', 'example_subdag_operator.section-2', 'example_subdag_operator' retrieved from /Users/jbshome/Desktop/us_debt_etl_pipeline/debt_env/lib/python3.12/site-packages/airflow/example_dags/example_subdag_operator.py
[2024-06-18T17:11:05.069-0400] {logging_mixin.py:188} INFO - [2024-06-18T17:11:05.068-0400] {dag.py:3096} INFO - Sync 3 DAGs
[2024-06-18T17:11:05.122-0400] {logging_mixin.py:188} INFO - [2024-06-18T17:11:05.122-0400] {dag.py:3954} INFO - Setting next_dagrun for example_subdag_operator to 2022-01-01 00:00:00+00:00, run_after=2022-01-01 00:00:00+00:00
[2024-06-18T17:11:05.130-0400] {logging_mixin.py:188} INFO - [2024-06-18T17:11:05.128-0400] {dag.py:3954} INFO - Setting next_dagrun for example_subdag_operator.section-1 to None, run_after=None
[2024-06-18T17:11:05.137-0400] {logging_mixin.py:188} INFO - [2024-06-18T17:11:05.132-0400] {dag.py:3954} INFO - Setting next_dagrun for example_subdag_operator.section-2 to None, run_after=None
[2024-06-18T17:11:05.172-0400] {logging_mixin.py:188} INFO - [2024-06-18T17:11:05.172-0400] {dag.py:3096} INFO - Sync 2 DAGs
[2024-06-18T17:11:05.180-0400] {logging_mixin.py:188} INFO - [2024-06-18T17:11:05.180-0400] {dag.py:3954} INFO - Setting next_dagrun for example_subdag_operator.section-1 to None, run_after=None
[2024-06-18T17:11:05.181-0400] {logging_mixin.py:188} INFO - [2024-06-18T17:11:05.181-0400] {dag.py:3954} INFO - Setting next_dagrun for example_subdag_operator.section-2 to None, run_after=None
[2024-06-18T17:11:05.220-0400] {processor.py:183} INFO - Processing /Users/jbshome/Desktop/us_debt_etl_pipeline/debt_env/lib/python3.12/site-packages/airflow/example_dags/example_subdag_operator.py took 0.464 seconds
[2024-06-18T17:16:24.770-0400] {processor.py:161} INFO - Started process (PID=24197) to work on /Users/jbshome/Desktop/us_debt_etl_pipeline/debt_env/lib/python3.12/site-packages/airflow/example_dags/example_subdag_operator.py
[2024-06-18T17:16:24.775-0400] {processor.py:830} INFO - Processing file /Users/jbshome/Desktop/us_debt_etl_pipeline/debt_env/lib/python3.12/site-packages/airflow/example_dags/example_subdag_operator.py for tasks to queue
[2024-06-18T17:16:24.776-0400] {logging_mixin.py:188} INFO - [2024-06-18T17:16:24.776-0400] {dagbag.py:545} INFO - Filling up the DagBag from /Users/jbshome/Desktop/us_debt_etl_pipeline/debt_env/lib/python3.12/site-packages/airflow/example_dags/example_subdag_operator.py
[2024-06-18T17:16:25.049-0400] {processor.py:840} INFO - DAG(s) 'example_subdag_operator.section-1', 'example_subdag_operator.section-2', 'example_subdag_operator' retrieved from /Users/jbshome/Desktop/us_debt_etl_pipeline/debt_env/lib/python3.12/site-packages/airflow/example_dags/example_subdag_operator.py
[2024-06-18T17:16:25.178-0400] {logging_mixin.py:188} INFO - [2024-06-18T17:16:25.176-0400] {dag.py:3096} INFO - Sync 3 DAGs
[2024-06-18T17:16:25.223-0400] {logging_mixin.py:188} INFO - [2024-06-18T17:16:25.223-0400] {dag.py:3954} INFO - Setting next_dagrun for example_subdag_operator to 2022-01-01 00:00:00+00:00, run_after=2022-01-01 00:00:00+00:00
[2024-06-18T17:16:25.232-0400] {logging_mixin.py:188} INFO - [2024-06-18T17:16:25.232-0400] {dag.py:3954} INFO - Setting next_dagrun for example_subdag_operator.section-1 to None, run_after=None
[2024-06-18T17:16:25.234-0400] {logging_mixin.py:188} INFO - [2024-06-18T17:16:25.234-0400] {dag.py:3954} INFO - Setting next_dagrun for example_subdag_operator.section-2 to None, run_after=None
[2024-06-18T17:16:25.253-0400] {logging_mixin.py:188} INFO - [2024-06-18T17:16:25.253-0400] {dag.py:3096} INFO - Sync 2 DAGs
[2024-06-18T17:16:25.263-0400] {logging_mixin.py:188} INFO - [2024-06-18T17:16:25.263-0400] {dag.py:3954} INFO - Setting next_dagrun for example_subdag_operator.section-1 to None, run_after=None
[2024-06-18T17:16:25.264-0400] {logging_mixin.py:188} INFO - [2024-06-18T17:16:25.264-0400] {dag.py:3954} INFO - Setting next_dagrun for example_subdag_operator.section-2 to None, run_after=None
[2024-06-18T17:16:25.301-0400] {processor.py:183} INFO - Processing /Users/jbshome/Desktop/us_debt_etl_pipeline/debt_env/lib/python3.12/site-packages/airflow/example_dags/example_subdag_operator.py took 0.535 seconds
[2024-06-18T17:21:09.522-0400] {processor.py:161} INFO - Started process (PID=24534) to work on /Users/jbshome/Desktop/us_debt_etl_pipeline/debt_env/lib/python3.12/site-packages/airflow/example_dags/example_subdag_operator.py
[2024-06-18T17:21:09.526-0400] {processor.py:830} INFO - Processing file /Users/jbshome/Desktop/us_debt_etl_pipeline/debt_env/lib/python3.12/site-packages/airflow/example_dags/example_subdag_operator.py for tasks to queue
[2024-06-18T17:21:09.528-0400] {logging_mixin.py:188} INFO - [2024-06-18T17:21:09.528-0400] {dagbag.py:545} INFO - Filling up the DagBag from /Users/jbshome/Desktop/us_debt_etl_pipeline/debt_env/lib/python3.12/site-packages/airflow/example_dags/example_subdag_operator.py
[2024-06-18T17:21:09.766-0400] {processor.py:840} INFO - DAG(s) 'example_subdag_operator.section-1', 'example_subdag_operator.section-2', 'example_subdag_operator' retrieved from /Users/jbshome/Desktop/us_debt_etl_pipeline/debt_env/lib/python3.12/site-packages/airflow/example_dags/example_subdag_operator.py
[2024-06-18T17:21:09.881-0400] {logging_mixin.py:188} INFO - [2024-06-18T17:21:09.880-0400] {dag.py:3096} INFO - Sync 3 DAGs
[2024-06-18T17:21:09.915-0400] {logging_mixin.py:188} INFO - [2024-06-18T17:21:09.915-0400] {dag.py:3954} INFO - Setting next_dagrun for example_subdag_operator to 2022-01-01 00:00:00+00:00, run_after=2022-01-01 00:00:00+00:00
[2024-06-18T17:21:09.922-0400] {logging_mixin.py:188} INFO - [2024-06-18T17:21:09.922-0400] {dag.py:3954} INFO - Setting next_dagrun for example_subdag_operator.section-1 to None, run_after=None
[2024-06-18T17:21:09.924-0400] {logging_mixin.py:188} INFO - [2024-06-18T17:21:09.924-0400] {dag.py:3954} INFO - Setting next_dagrun for example_subdag_operator.section-2 to None, run_after=None
[2024-06-18T17:21:09.936-0400] {logging_mixin.py:188} INFO - [2024-06-18T17:21:09.935-0400] {dag.py:3096} INFO - Sync 2 DAGs
[2024-06-18T17:21:09.948-0400] {logging_mixin.py:188} INFO - [2024-06-18T17:21:09.947-0400] {dag.py:3954} INFO - Setting next_dagrun for example_subdag_operator.section-1 to None, run_after=None
[2024-06-18T17:21:09.948-0400] {logging_mixin.py:188} INFO - [2024-06-18T17:21:09.948-0400] {dag.py:3954} INFO - Setting next_dagrun for example_subdag_operator.section-2 to None, run_after=None
[2024-06-18T17:21:09.974-0400] {processor.py:183} INFO - Processing /Users/jbshome/Desktop/us_debt_etl_pipeline/debt_env/lib/python3.12/site-packages/airflow/example_dags/example_subdag_operator.py took 0.458 seconds
[2024-06-18T17:25:28.067-0400] {processor.py:161} INFO - Started process (PID=24837) to work on /Users/jbshome/Desktop/us_debt_etl_pipeline/debt_env/lib/python3.12/site-packages/airflow/example_dags/example_subdag_operator.py
[2024-06-18T17:25:28.070-0400] {processor.py:830} INFO - Processing file /Users/jbshome/Desktop/us_debt_etl_pipeline/debt_env/lib/python3.12/site-packages/airflow/example_dags/example_subdag_operator.py for tasks to queue
[2024-06-18T17:25:28.071-0400] {logging_mixin.py:188} INFO - [2024-06-18T17:25:28.071-0400] {dagbag.py:545} INFO - Filling up the DagBag from /Users/jbshome/Desktop/us_debt_etl_pipeline/debt_env/lib/python3.12/site-packages/airflow/example_dags/example_subdag_operator.py
[2024-06-18T17:25:28.264-0400] {processor.py:840} INFO - DAG(s) 'example_subdag_operator.section-1', 'example_subdag_operator.section-2', 'example_subdag_operator' retrieved from /Users/jbshome/Desktop/us_debt_etl_pipeline/debt_env/lib/python3.12/site-packages/airflow/example_dags/example_subdag_operator.py
[2024-06-18T17:25:28.348-0400] {logging_mixin.py:188} INFO - [2024-06-18T17:25:28.347-0400] {dag.py:3096} INFO - Sync 3 DAGs
[2024-06-18T17:25:28.381-0400] {logging_mixin.py:188} INFO - [2024-06-18T17:25:28.381-0400] {dag.py:3954} INFO - Setting next_dagrun for example_subdag_operator to 2022-01-01 00:00:00+00:00, run_after=2022-01-01 00:00:00+00:00
[2024-06-18T17:25:28.388-0400] {logging_mixin.py:188} INFO - [2024-06-18T17:25:28.387-0400] {dag.py:3954} INFO - Setting next_dagrun for example_subdag_operator.section-1 to None, run_after=None
[2024-06-18T17:25:28.390-0400] {logging_mixin.py:188} INFO - [2024-06-18T17:25:28.389-0400] {dag.py:3954} INFO - Setting next_dagrun for example_subdag_operator.section-2 to None, run_after=None
[2024-06-18T17:25:28.400-0400] {logging_mixin.py:188} INFO - [2024-06-18T17:25:28.400-0400] {dag.py:3096} INFO - Sync 2 DAGs
[2024-06-18T17:25:28.408-0400] {logging_mixin.py:188} INFO - [2024-06-18T17:25:28.408-0400] {dag.py:3954} INFO - Setting next_dagrun for example_subdag_operator.section-1 to None, run_after=None
[2024-06-18T17:25:28.409-0400] {logging_mixin.py:188} INFO - [2024-06-18T17:25:28.409-0400] {dag.py:3954} INFO - Setting next_dagrun for example_subdag_operator.section-2 to None, run_after=None
[2024-06-18T17:25:28.434-0400] {processor.py:183} INFO - Processing /Users/jbshome/Desktop/us_debt_etl_pipeline/debt_env/lib/python3.12/site-packages/airflow/example_dags/example_subdag_operator.py took 0.371 seconds
[2024-06-18T17:29:56.471-0400] {processor.py:161} INFO - Started process (PID=25149) to work on /Users/jbshome/Desktop/us_debt_etl_pipeline/debt_env/lib/python3.12/site-packages/airflow/example_dags/example_subdag_operator.py
[2024-06-18T17:29:56.473-0400] {processor.py:830} INFO - Processing file /Users/jbshome/Desktop/us_debt_etl_pipeline/debt_env/lib/python3.12/site-packages/airflow/example_dags/example_subdag_operator.py for tasks to queue
[2024-06-18T17:29:56.474-0400] {logging_mixin.py:188} INFO - [2024-06-18T17:29:56.473-0400] {dagbag.py:545} INFO - Filling up the DagBag from /Users/jbshome/Desktop/us_debt_etl_pipeline/debt_env/lib/python3.12/site-packages/airflow/example_dags/example_subdag_operator.py
[2024-06-18T17:29:56.653-0400] {processor.py:840} INFO - DAG(s) 'example_subdag_operator.section-1', 'example_subdag_operator.section-2', 'example_subdag_operator' retrieved from /Users/jbshome/Desktop/us_debt_etl_pipeline/debt_env/lib/python3.12/site-packages/airflow/example_dags/example_subdag_operator.py
[2024-06-18T17:29:56.732-0400] {logging_mixin.py:188} INFO - [2024-06-18T17:29:56.732-0400] {dag.py:3096} INFO - Sync 3 DAGs
[2024-06-18T17:29:56.760-0400] {logging_mixin.py:188} INFO - [2024-06-18T17:29:56.760-0400] {dag.py:3954} INFO - Setting next_dagrun for example_subdag_operator to 2022-01-01 00:00:00+00:00, run_after=2022-01-01 00:00:00+00:00
[2024-06-18T17:29:56.765-0400] {logging_mixin.py:188} INFO - [2024-06-18T17:29:56.765-0400] {dag.py:3954} INFO - Setting next_dagrun for example_subdag_operator.section-1 to None, run_after=None
[2024-06-18T17:29:56.767-0400] {logging_mixin.py:188} INFO - [2024-06-18T17:29:56.767-0400] {dag.py:3954} INFO - Setting next_dagrun for example_subdag_operator.section-2 to None, run_after=None
[2024-06-18T17:29:56.777-0400] {logging_mixin.py:188} INFO - [2024-06-18T17:29:56.777-0400] {dag.py:3096} INFO - Sync 2 DAGs
[2024-06-18T17:29:56.784-0400] {logging_mixin.py:188} INFO - [2024-06-18T17:29:56.784-0400] {dag.py:3954} INFO - Setting next_dagrun for example_subdag_operator.section-1 to None, run_after=None
[2024-06-18T17:29:56.785-0400] {logging_mixin.py:188} INFO - [2024-06-18T17:29:56.785-0400] {dag.py:3954} INFO - Setting next_dagrun for example_subdag_operator.section-2 to None, run_after=None
[2024-06-18T17:29:56.811-0400] {processor.py:183} INFO - Processing /Users/jbshome/Desktop/us_debt_etl_pipeline/debt_env/lib/python3.12/site-packages/airflow/example_dags/example_subdag_operator.py took 0.344 seconds
[2024-06-18T17:34:54.232-0400] {processor.py:161} INFO - Started process (PID=25490) to work on /Users/jbshome/Desktop/us_debt_etl_pipeline/debt_env/lib/python3.12/site-packages/airflow/example_dags/example_subdag_operator.py
[2024-06-18T17:34:54.234-0400] {processor.py:830} INFO - Processing file /Users/jbshome/Desktop/us_debt_etl_pipeline/debt_env/lib/python3.12/site-packages/airflow/example_dags/example_subdag_operator.py for tasks to queue
[2024-06-18T17:34:54.236-0400] {logging_mixin.py:188} INFO - [2024-06-18T17:34:54.236-0400] {dagbag.py:545} INFO - Filling up the DagBag from /Users/jbshome/Desktop/us_debt_etl_pipeline/debt_env/lib/python3.12/site-packages/airflow/example_dags/example_subdag_operator.py
[2024-06-18T17:34:54.419-0400] {processor.py:840} INFO - DAG(s) 'example_subdag_operator.section-1', 'example_subdag_operator.section-2', 'example_subdag_operator' retrieved from /Users/jbshome/Desktop/us_debt_etl_pipeline/debt_env/lib/python3.12/site-packages/airflow/example_dags/example_subdag_operator.py
[2024-06-18T17:34:54.511-0400] {logging_mixin.py:188} INFO - [2024-06-18T17:34:54.510-0400] {dag.py:3096} INFO - Sync 3 DAGs
[2024-06-18T17:34:54.540-0400] {logging_mixin.py:188} INFO - [2024-06-18T17:34:54.539-0400] {dag.py:3954} INFO - Setting next_dagrun for example_subdag_operator to 2022-01-01 00:00:00+00:00, run_after=2022-01-01 00:00:00+00:00
[2024-06-18T17:34:54.545-0400] {logging_mixin.py:188} INFO - [2024-06-18T17:34:54.544-0400] {dag.py:3954} INFO - Setting next_dagrun for example_subdag_operator.section-1 to None, run_after=None
[2024-06-18T17:34:54.547-0400] {logging_mixin.py:188} INFO - [2024-06-18T17:34:54.546-0400] {dag.py:3954} INFO - Setting next_dagrun for example_subdag_operator.section-2 to None, run_after=None
[2024-06-18T17:34:54.555-0400] {logging_mixin.py:188} INFO - [2024-06-18T17:34:54.555-0400] {dag.py:3096} INFO - Sync 2 DAGs
[2024-06-18T17:34:54.562-0400] {logging_mixin.py:188} INFO - [2024-06-18T17:34:54.561-0400] {dag.py:3954} INFO - Setting next_dagrun for example_subdag_operator.section-1 to None, run_after=None
[2024-06-18T17:34:54.562-0400] {logging_mixin.py:188} INFO - [2024-06-18T17:34:54.562-0400] {dag.py:3954} INFO - Setting next_dagrun for example_subdag_operator.section-2 to None, run_after=None
[2024-06-18T17:34:54.587-0400] {processor.py:183} INFO - Processing /Users/jbshome/Desktop/us_debt_etl_pipeline/debt_env/lib/python3.12/site-packages/airflow/example_dags/example_subdag_operator.py took 0.359 seconds
[2024-06-18T17:42:45.029-0400] {processor.py:161} INFO - Started process (PID=26503) to work on /Users/jbshome/Desktop/us_debt_etl_pipeline/debt_env/lib/python3.12/site-packages/airflow/example_dags/example_subdag_operator.py
[2024-06-18T17:42:45.032-0400] {processor.py:830} INFO - Processing file /Users/jbshome/Desktop/us_debt_etl_pipeline/debt_env/lib/python3.12/site-packages/airflow/example_dags/example_subdag_operator.py for tasks to queue
[2024-06-18T17:42:45.033-0400] {logging_mixin.py:188} INFO - [2024-06-18T17:42:45.033-0400] {dagbag.py:545} INFO - Filling up the DagBag from /Users/jbshome/Desktop/us_debt_etl_pipeline/debt_env/lib/python3.12/site-packages/airflow/example_dags/example_subdag_operator.py
[2024-06-18T17:42:45.505-0400] {processor.py:840} INFO - DAG(s) 'example_subdag_operator.section-1', 'example_subdag_operator.section-2', 'example_subdag_operator' retrieved from /Users/jbshome/Desktop/us_debt_etl_pipeline/debt_env/lib/python3.12/site-packages/airflow/example_dags/example_subdag_operator.py
[2024-06-18T17:42:45.741-0400] {logging_mixin.py:188} INFO - [2024-06-18T17:42:45.740-0400] {dag.py:3096} INFO - Sync 3 DAGs
[2024-06-18T17:42:45.826-0400] {logging_mixin.py:188} INFO - [2024-06-18T17:42:45.825-0400] {dag.py:3954} INFO - Setting next_dagrun for example_subdag_operator to 2022-01-01 00:00:00+00:00, run_after=2022-01-01 00:00:00+00:00
[2024-06-18T17:42:45.833-0400] {logging_mixin.py:188} INFO - [2024-06-18T17:42:45.833-0400] {dag.py:3954} INFO - Setting next_dagrun for example_subdag_operator.section-1 to None, run_after=None
[2024-06-18T17:42:45.840-0400] {logging_mixin.py:188} INFO - [2024-06-18T17:42:45.839-0400] {dag.py:3954} INFO - Setting next_dagrun for example_subdag_operator.section-2 to None, run_after=None
[2024-06-18T17:42:45.852-0400] {logging_mixin.py:188} INFO - [2024-06-18T17:42:45.851-0400] {dag.py:3096} INFO - Sync 2 DAGs
[2024-06-18T17:42:45.861-0400] {logging_mixin.py:188} INFO - [2024-06-18T17:42:45.861-0400] {dag.py:3954} INFO - Setting next_dagrun for example_subdag_operator.section-1 to None, run_after=None
[2024-06-18T17:42:45.866-0400] {logging_mixin.py:188} INFO - [2024-06-18T17:42:45.865-0400] {dag.py:3954} INFO - Setting next_dagrun for example_subdag_operator.section-2 to None, run_after=None
[2024-06-18T17:42:45.940-0400] {processor.py:183} INFO - Processing /Users/jbshome/Desktop/us_debt_etl_pipeline/debt_env/lib/python3.12/site-packages/airflow/example_dags/example_subdag_operator.py took 0.920 seconds
[2024-06-18T17:47:54.424-0400] {processor.py:161} INFO - Started process (PID=27577) to work on /Users/jbshome/Desktop/us_debt_etl_pipeline/debt_env/lib/python3.12/site-packages/airflow/example_dags/example_subdag_operator.py
[2024-06-18T17:47:54.427-0400] {processor.py:830} INFO - Processing file /Users/jbshome/Desktop/us_debt_etl_pipeline/debt_env/lib/python3.12/site-packages/airflow/example_dags/example_subdag_operator.py for tasks to queue
[2024-06-18T17:47:54.428-0400] {logging_mixin.py:188} INFO - [2024-06-18T17:47:54.428-0400] {dagbag.py:545} INFO - Filling up the DagBag from /Users/jbshome/Desktop/us_debt_etl_pipeline/debt_env/lib/python3.12/site-packages/airflow/example_dags/example_subdag_operator.py
[2024-06-18T17:47:54.565-0400] {processor.py:840} INFO - DAG(s) 'example_subdag_operator.section-1', 'example_subdag_operator.section-2', 'example_subdag_operator' retrieved from /Users/jbshome/Desktop/us_debt_etl_pipeline/debt_env/lib/python3.12/site-packages/airflow/example_dags/example_subdag_operator.py
[2024-06-18T17:47:54.632-0400] {logging_mixin.py:188} INFO - [2024-06-18T17:47:54.631-0400] {dag.py:3096} INFO - Sync 3 DAGs
[2024-06-18T17:47:54.665-0400] {logging_mixin.py:188} INFO - [2024-06-18T17:47:54.664-0400] {dag.py:3954} INFO - Setting next_dagrun for example_subdag_operator to 2022-01-01 00:00:00+00:00, run_after=2022-01-01 00:00:00+00:00
[2024-06-18T17:47:54.671-0400] {logging_mixin.py:188} INFO - [2024-06-18T17:47:54.671-0400] {dag.py:3954} INFO - Setting next_dagrun for example_subdag_operator.section-1 to None, run_after=None
[2024-06-18T17:47:54.672-0400] {logging_mixin.py:188} INFO - [2024-06-18T17:47:54.672-0400] {dag.py:3954} INFO - Setting next_dagrun for example_subdag_operator.section-2 to None, run_after=None
[2024-06-18T17:47:54.683-0400] {logging_mixin.py:188} INFO - [2024-06-18T17:47:54.682-0400] {dag.py:3096} INFO - Sync 2 DAGs
[2024-06-18T17:47:54.690-0400] {logging_mixin.py:188} INFO - [2024-06-18T17:47:54.689-0400] {dag.py:3954} INFO - Setting next_dagrun for example_subdag_operator.section-1 to None, run_after=None
[2024-06-18T17:47:54.691-0400] {logging_mixin.py:188} INFO - [2024-06-18T17:47:54.690-0400] {dag.py:3954} INFO - Setting next_dagrun for example_subdag_operator.section-2 to None, run_after=None
[2024-06-18T17:47:54.719-0400] {processor.py:183} INFO - Processing /Users/jbshome/Desktop/us_debt_etl_pipeline/debt_env/lib/python3.12/site-packages/airflow/example_dags/example_subdag_operator.py took 0.299 seconds
[2024-06-18T17:52:23.463-0400] {processor.py:161} INFO - Started process (PID=28264) to work on /Users/jbshome/Desktop/us_debt_etl_pipeline/debt_env/lib/python3.12/site-packages/airflow/example_dags/example_subdag_operator.py
[2024-06-18T17:52:23.465-0400] {processor.py:830} INFO - Processing file /Users/jbshome/Desktop/us_debt_etl_pipeline/debt_env/lib/python3.12/site-packages/airflow/example_dags/example_subdag_operator.py for tasks to queue
[2024-06-18T17:52:23.466-0400] {logging_mixin.py:188} INFO - [2024-06-18T17:52:23.466-0400] {dagbag.py:545} INFO - Filling up the DagBag from /Users/jbshome/Desktop/us_debt_etl_pipeline/debt_env/lib/python3.12/site-packages/airflow/example_dags/example_subdag_operator.py
[2024-06-18T17:52:23.764-0400] {processor.py:840} INFO - DAG(s) 'example_subdag_operator.section-1', 'example_subdag_operator.section-2', 'example_subdag_operator' retrieved from /Users/jbshome/Desktop/us_debt_etl_pipeline/debt_env/lib/python3.12/site-packages/airflow/example_dags/example_subdag_operator.py
[2024-06-18T17:52:23.923-0400] {logging_mixin.py:188} INFO - [2024-06-18T17:52:23.922-0400] {dag.py:3096} INFO - Sync 3 DAGs
[2024-06-18T17:52:23.966-0400] {logging_mixin.py:188} INFO - [2024-06-18T17:52:23.965-0400] {dag.py:3954} INFO - Setting next_dagrun for example_subdag_operator to 2022-01-01 00:00:00+00:00, run_after=2022-01-01 00:00:00+00:00
[2024-06-18T17:52:23.978-0400] {logging_mixin.py:188} INFO - [2024-06-18T17:52:23.977-0400] {dag.py:3954} INFO - Setting next_dagrun for example_subdag_operator.section-1 to None, run_after=None
[2024-06-18T17:52:23.980-0400] {logging_mixin.py:188} INFO - [2024-06-18T17:52:23.979-0400] {dag.py:3954} INFO - Setting next_dagrun for example_subdag_operator.section-2 to None, run_after=None
[2024-06-18T17:52:23.989-0400] {logging_mixin.py:188} INFO - [2024-06-18T17:52:23.989-0400] {dag.py:3096} INFO - Sync 2 DAGs
[2024-06-18T17:52:24.012-0400] {logging_mixin.py:188} INFO - [2024-06-18T17:52:24.012-0400] {dag.py:3954} INFO - Setting next_dagrun for example_subdag_operator.section-1 to None, run_after=None
[2024-06-18T17:52:24.013-0400] {logging_mixin.py:188} INFO - [2024-06-18T17:52:24.013-0400] {dag.py:3954} INFO - Setting next_dagrun for example_subdag_operator.section-2 to None, run_after=None
[2024-06-18T17:52:24.056-0400] {processor.py:183} INFO - Processing /Users/jbshome/Desktop/us_debt_etl_pipeline/debt_env/lib/python3.12/site-packages/airflow/example_dags/example_subdag_operator.py took 0.597 seconds
[2024-06-18T17:56:09.833-0400] {processor.py:161} INFO - Started process (PID=29372) to work on /Users/jbshome/Desktop/us_debt_etl_pipeline/debt_env/lib/python3.12/site-packages/airflow/example_dags/example_subdag_operator.py
[2024-06-18T17:56:09.835-0400] {processor.py:830} INFO - Processing file /Users/jbshome/Desktop/us_debt_etl_pipeline/debt_env/lib/python3.12/site-packages/airflow/example_dags/example_subdag_operator.py for tasks to queue
[2024-06-18T17:56:09.836-0400] {logging_mixin.py:188} INFO - [2024-06-18T17:56:09.836-0400] {dagbag.py:545} INFO - Filling up the DagBag from /Users/jbshome/Desktop/us_debt_etl_pipeline/debt_env/lib/python3.12/site-packages/airflow/example_dags/example_subdag_operator.py
[2024-06-18T17:56:10.028-0400] {processor.py:840} INFO - DAG(s) 'example_subdag_operator.section-1', 'example_subdag_operator.section-2', 'example_subdag_operator' retrieved from /Users/jbshome/Desktop/us_debt_etl_pipeline/debt_env/lib/python3.12/site-packages/airflow/example_dags/example_subdag_operator.py
[2024-06-18T17:56:10.099-0400] {logging_mixin.py:188} INFO - [2024-06-18T17:56:10.099-0400] {dag.py:3096} INFO - Sync 3 DAGs
[2024-06-18T17:56:10.121-0400] {logging_mixin.py:188} INFO - [2024-06-18T17:56:10.121-0400] {dag.py:3954} INFO - Setting next_dagrun for example_subdag_operator to 2022-01-01 00:00:00+00:00, run_after=2022-01-01 00:00:00+00:00
[2024-06-18T17:56:10.125-0400] {logging_mixin.py:188} INFO - [2024-06-18T17:56:10.125-0400] {dag.py:3954} INFO - Setting next_dagrun for example_subdag_operator.section-1 to None, run_after=None
[2024-06-18T17:56:10.126-0400] {logging_mixin.py:188} INFO - [2024-06-18T17:56:10.126-0400] {dag.py:3954} INFO - Setting next_dagrun for example_subdag_operator.section-2 to None, run_after=None
[2024-06-18T17:56:10.133-0400] {logging_mixin.py:188} INFO - [2024-06-18T17:56:10.133-0400] {dag.py:3096} INFO - Sync 2 DAGs
[2024-06-18T17:56:10.138-0400] {logging_mixin.py:188} INFO - [2024-06-18T17:56:10.138-0400] {dag.py:3954} INFO - Setting next_dagrun for example_subdag_operator.section-1 to None, run_after=None
[2024-06-18T17:56:10.138-0400] {logging_mixin.py:188} INFO - [2024-06-18T17:56:10.138-0400] {dag.py:3954} INFO - Setting next_dagrun for example_subdag_operator.section-2 to None, run_after=None
[2024-06-18T17:56:10.159-0400] {processor.py:183} INFO - Processing /Users/jbshome/Desktop/us_debt_etl_pipeline/debt_env/lib/python3.12/site-packages/airflow/example_dags/example_subdag_operator.py took 0.331 seconds
