[2024-06-18T16:32:49.414-0400] {processor.py:161} INFO - Started process (PID=20202) to work on /Users/jbshome/Desktop/us_debt_etl_pipeline/debt_env/lib/python3.12/site-packages/airflow/example_dags/example_branch_day_of_week_operator.py
[2024-06-18T16:32:49.416-0400] {processor.py:830} INFO - Processing file /Users/jbshome/Desktop/us_debt_etl_pipeline/debt_env/lib/python3.12/site-packages/airflow/example_dags/example_branch_day_of_week_operator.py for tasks to queue
[2024-06-18T16:32:49.417-0400] {logging_mixin.py:188} INFO - [2024-06-18T16:32:49.417-0400] {dagbag.py:545} INFO - Filling up the DagBag from /Users/jbshome/Desktop/us_debt_etl_pipeline/debt_env/lib/python3.12/site-packages/airflow/example_dags/example_branch_day_of_week_operator.py
[2024-06-18T16:32:49.434-0400] {processor.py:840} INFO - DAG(s) 'example_weekday_branch_operator' retrieved from /Users/jbshome/Desktop/us_debt_etl_pipeline/debt_env/lib/python3.12/site-packages/airflow/example_dags/example_branch_day_of_week_operator.py
[2024-06-18T16:32:49.664-0400] {logging_mixin.py:188} INFO - [2024-06-18T16:32:49.663-0400] {override.py:1829} INFO - Created Permission View: can edit on DAG:example_weekday_branch_operator
[2024-06-18T16:32:49.679-0400] {logging_mixin.py:188} INFO - [2024-06-18T16:32:49.678-0400] {override.py:1829} INFO - Created Permission View: can read on DAG:example_weekday_branch_operator
[2024-06-18T16:32:49.688-0400] {logging_mixin.py:188} INFO - [2024-06-18T16:32:49.687-0400] {override.py:1829} INFO - Created Permission View: can delete on DAG:example_weekday_branch_operator
[2024-06-18T16:32:49.689-0400] {logging_mixin.py:188} INFO - [2024-06-18T16:32:49.688-0400] {dag.py:3096} INFO - Sync 1 DAGs
[2024-06-18T16:32:49.705-0400] {logging_mixin.py:188} INFO - [2024-06-18T16:32:49.705-0400] {dag.py:3118} INFO - Creating ORM DAG for example_weekday_branch_operator
[2024-06-18T16:32:49.715-0400] {logging_mixin.py:188} INFO - [2024-06-18T16:32:49.715-0400] {dag.py:3954} INFO - Setting next_dagrun for example_weekday_branch_operator to 2024-06-17 00:00:00+00:00, run_after=2024-06-18 00:00:00+00:00
[2024-06-18T16:32:49.802-0400] {processor.py:183} INFO - Processing /Users/jbshome/Desktop/us_debt_etl_pipeline/debt_env/lib/python3.12/site-packages/airflow/example_dags/example_branch_day_of_week_operator.py took 0.391 seconds
[2024-06-18T16:39:20.035-0400] {processor.py:161} INFO - Started process (PID=20542) to work on /Users/jbshome/Desktop/us_debt_etl_pipeline/debt_env/lib/python3.12/site-packages/airflow/example_dags/example_branch_day_of_week_operator.py
[2024-06-18T16:39:20.037-0400] {processor.py:830} INFO - Processing file /Users/jbshome/Desktop/us_debt_etl_pipeline/debt_env/lib/python3.12/site-packages/airflow/example_dags/example_branch_day_of_week_operator.py for tasks to queue
[2024-06-18T16:39:20.038-0400] {logging_mixin.py:188} INFO - [2024-06-18T16:39:20.038-0400] {dagbag.py:545} INFO - Filling up the DagBag from /Users/jbshome/Desktop/us_debt_etl_pipeline/debt_env/lib/python3.12/site-packages/airflow/example_dags/example_branch_day_of_week_operator.py
[2024-06-18T16:39:20.052-0400] {processor.py:840} INFO - DAG(s) 'example_weekday_branch_operator' retrieved from /Users/jbshome/Desktop/us_debt_etl_pipeline/debt_env/lib/python3.12/site-packages/airflow/example_dags/example_branch_day_of_week_operator.py
[2024-06-18T16:39:20.210-0400] {logging_mixin.py:188} INFO - [2024-06-18T16:39:20.210-0400] {dag.py:3096} INFO - Sync 1 DAGs
[2024-06-18T16:39:20.238-0400] {logging_mixin.py:188} INFO - [2024-06-18T16:39:20.237-0400] {dag.py:3954} INFO - Setting next_dagrun for example_weekday_branch_operator to 2024-06-17 00:00:00+00:00, run_after=2024-06-18 00:00:00+00:00
[2024-06-18T16:39:20.266-0400] {processor.py:183} INFO - Processing /Users/jbshome/Desktop/us_debt_etl_pipeline/debt_env/lib/python3.12/site-packages/airflow/example_dags/example_branch_day_of_week_operator.py took 0.234 seconds
[2024-06-18T16:45:20.205-0400] {processor.py:161} INFO - Started process (PID=21485) to work on /Users/jbshome/Desktop/us_debt_etl_pipeline/debt_env/lib/python3.12/site-packages/airflow/example_dags/example_branch_day_of_week_operator.py
[2024-06-18T16:45:20.207-0400] {processor.py:830} INFO - Processing file /Users/jbshome/Desktop/us_debt_etl_pipeline/debt_env/lib/python3.12/site-packages/airflow/example_dags/example_branch_day_of_week_operator.py for tasks to queue
[2024-06-18T16:45:20.208-0400] {logging_mixin.py:188} INFO - [2024-06-18T16:45:20.207-0400] {dagbag.py:545} INFO - Filling up the DagBag from /Users/jbshome/Desktop/us_debt_etl_pipeline/debt_env/lib/python3.12/site-packages/airflow/example_dags/example_branch_day_of_week_operator.py
[2024-06-18T16:45:20.219-0400] {processor.py:840} INFO - DAG(s) 'example_weekday_branch_operator' retrieved from /Users/jbshome/Desktop/us_debt_etl_pipeline/debt_env/lib/python3.12/site-packages/airflow/example_dags/example_branch_day_of_week_operator.py
[2024-06-18T16:45:20.328-0400] {logging_mixin.py:188} INFO - [2024-06-18T16:45:20.328-0400] {dag.py:3096} INFO - Sync 1 DAGs
[2024-06-18T16:45:20.346-0400] {logging_mixin.py:188} INFO - [2024-06-18T16:45:20.346-0400] {dag.py:3954} INFO - Setting next_dagrun for example_weekday_branch_operator to 2024-06-17 00:00:00+00:00, run_after=2024-06-18 00:00:00+00:00
[2024-06-18T16:45:20.366-0400] {processor.py:183} INFO - Processing /Users/jbshome/Desktop/us_debt_etl_pipeline/debt_env/lib/python3.12/site-packages/airflow/example_dags/example_branch_day_of_week_operator.py took 0.163 seconds
[2024-06-18T16:51:36.357-0400] {processor.py:161} INFO - Started process (PID=21836) to work on /Users/jbshome/Desktop/us_debt_etl_pipeline/debt_env/lib/python3.12/site-packages/airflow/example_dags/example_branch_day_of_week_operator.py
[2024-06-18T16:51:36.358-0400] {processor.py:830} INFO - Processing file /Users/jbshome/Desktop/us_debt_etl_pipeline/debt_env/lib/python3.12/site-packages/airflow/example_dags/example_branch_day_of_week_operator.py for tasks to queue
[2024-06-18T16:51:36.359-0400] {logging_mixin.py:188} INFO - [2024-06-18T16:51:36.359-0400] {dagbag.py:545} INFO - Filling up the DagBag from /Users/jbshome/Desktop/us_debt_etl_pipeline/debt_env/lib/python3.12/site-packages/airflow/example_dags/example_branch_day_of_week_operator.py
[2024-06-18T16:51:36.374-0400] {processor.py:840} INFO - DAG(s) 'example_weekday_branch_operator' retrieved from /Users/jbshome/Desktop/us_debt_etl_pipeline/debt_env/lib/python3.12/site-packages/airflow/example_dags/example_branch_day_of_week_operator.py
[2024-06-18T16:51:36.519-0400] {logging_mixin.py:188} INFO - [2024-06-18T16:51:36.518-0400] {dag.py:3096} INFO - Sync 1 DAGs
[2024-06-18T16:51:36.543-0400] {logging_mixin.py:188} INFO - [2024-06-18T16:51:36.543-0400] {dag.py:3954} INFO - Setting next_dagrun for example_weekday_branch_operator to 2024-06-17 00:00:00+00:00, run_after=2024-06-18 00:00:00+00:00
[2024-06-18T16:51:36.573-0400] {processor.py:183} INFO - Processing /Users/jbshome/Desktop/us_debt_etl_pipeline/debt_env/lib/python3.12/site-packages/airflow/example_dags/example_branch_day_of_week_operator.py took 0.219 seconds
[2024-06-18T16:57:52.250-0400] {processor.py:161} INFO - Started process (PID=22452) to work on /Users/jbshome/Desktop/us_debt_etl_pipeline/debt_env/lib/python3.12/site-packages/airflow/example_dags/example_branch_day_of_week_operator.py
[2024-06-18T16:57:52.252-0400] {processor.py:830} INFO - Processing file /Users/jbshome/Desktop/us_debt_etl_pipeline/debt_env/lib/python3.12/site-packages/airflow/example_dags/example_branch_day_of_week_operator.py for tasks to queue
[2024-06-18T16:57:52.252-0400] {logging_mixin.py:188} INFO - [2024-06-18T16:57:52.252-0400] {dagbag.py:545} INFO - Filling up the DagBag from /Users/jbshome/Desktop/us_debt_etl_pipeline/debt_env/lib/python3.12/site-packages/airflow/example_dags/example_branch_day_of_week_operator.py
[2024-06-18T16:57:52.273-0400] {processor.py:840} INFO - DAG(s) 'example_weekday_branch_operator' retrieved from /Users/jbshome/Desktop/us_debt_etl_pipeline/debt_env/lib/python3.12/site-packages/airflow/example_dags/example_branch_day_of_week_operator.py
[2024-06-18T16:57:52.500-0400] {logging_mixin.py:188} INFO - [2024-06-18T16:57:52.499-0400] {dag.py:3096} INFO - Sync 1 DAGs
[2024-06-18T16:57:52.539-0400] {logging_mixin.py:188} INFO - [2024-06-18T16:57:52.539-0400] {dag.py:3954} INFO - Setting next_dagrun for example_weekday_branch_operator to 2024-06-17 00:00:00+00:00, run_after=2024-06-18 00:00:00+00:00
[2024-06-18T16:57:52.583-0400] {processor.py:183} INFO - Processing /Users/jbshome/Desktop/us_debt_etl_pipeline/debt_env/lib/python3.12/site-packages/airflow/example_dags/example_branch_day_of_week_operator.py took 0.339 seconds
[2024-06-18T17:05:15.037-0400] {processor.py:161} INFO - Started process (PID=22922) to work on /Users/jbshome/Desktop/us_debt_etl_pipeline/debt_env/lib/python3.12/site-packages/airflow/example_dags/example_branch_day_of_week_operator.py
[2024-06-18T17:05:15.038-0400] {processor.py:830} INFO - Processing file /Users/jbshome/Desktop/us_debt_etl_pipeline/debt_env/lib/python3.12/site-packages/airflow/example_dags/example_branch_day_of_week_operator.py for tasks to queue
[2024-06-18T17:05:15.039-0400] {logging_mixin.py:188} INFO - [2024-06-18T17:05:15.039-0400] {dagbag.py:545} INFO - Filling up the DagBag from /Users/jbshome/Desktop/us_debt_etl_pipeline/debt_env/lib/python3.12/site-packages/airflow/example_dags/example_branch_day_of_week_operator.py
[2024-06-18T17:05:15.057-0400] {processor.py:840} INFO - DAG(s) 'example_weekday_branch_operator' retrieved from /Users/jbshome/Desktop/us_debt_etl_pipeline/debt_env/lib/python3.12/site-packages/airflow/example_dags/example_branch_day_of_week_operator.py
[2024-06-18T17:05:15.234-0400] {logging_mixin.py:188} INFO - [2024-06-18T17:05:15.234-0400] {dag.py:3096} INFO - Sync 1 DAGs
[2024-06-18T17:05:15.260-0400] {logging_mixin.py:188} INFO - [2024-06-18T17:05:15.260-0400] {dag.py:3954} INFO - Setting next_dagrun for example_weekday_branch_operator to 2024-06-17 00:00:00+00:00, run_after=2024-06-18 00:00:00+00:00
[2024-06-18T17:05:15.285-0400] {processor.py:183} INFO - Processing /Users/jbshome/Desktop/us_debt_etl_pipeline/debt_env/lib/python3.12/site-packages/airflow/example_dags/example_branch_day_of_week_operator.py took 0.252 seconds
[2024-06-18T17:13:37.145-0400] {processor.py:161} INFO - Started process (PID=24018) to work on /Users/jbshome/Desktop/us_debt_etl_pipeline/debt_env/lib/python3.12/site-packages/airflow/example_dags/example_branch_day_of_week_operator.py
[2024-06-18T17:13:37.147-0400] {processor.py:830} INFO - Processing file /Users/jbshome/Desktop/us_debt_etl_pipeline/debt_env/lib/python3.12/site-packages/airflow/example_dags/example_branch_day_of_week_operator.py for tasks to queue
[2024-06-18T17:13:37.149-0400] {logging_mixin.py:188} INFO - [2024-06-18T17:13:37.148-0400] {dagbag.py:545} INFO - Filling up the DagBag from /Users/jbshome/Desktop/us_debt_etl_pipeline/debt_env/lib/python3.12/site-packages/airflow/example_dags/example_branch_day_of_week_operator.py
[2024-06-18T17:13:37.176-0400] {processor.py:840} INFO - DAG(s) 'example_weekday_branch_operator' retrieved from /Users/jbshome/Desktop/us_debt_etl_pipeline/debt_env/lib/python3.12/site-packages/airflow/example_dags/example_branch_day_of_week_operator.py
[2024-06-18T17:13:37.542-0400] {logging_mixin.py:188} INFO - [2024-06-18T17:13:37.541-0400] {dag.py:3096} INFO - Sync 1 DAGs
[2024-06-18T17:13:37.603-0400] {logging_mixin.py:188} INFO - [2024-06-18T17:13:37.600-0400] {dag.py:3954} INFO - Setting next_dagrun for example_weekday_branch_operator to 2024-06-17 00:00:00+00:00, run_after=2024-06-18 00:00:00+00:00
[2024-06-18T17:13:37.677-0400] {processor.py:183} INFO - Processing /Users/jbshome/Desktop/us_debt_etl_pipeline/debt_env/lib/python3.12/site-packages/airflow/example_dags/example_branch_day_of_week_operator.py took 0.537 seconds
[2024-06-18T17:23:15.133-0400] {processor.py:161} INFO - Started process (PID=24691) to work on /Users/jbshome/Desktop/us_debt_etl_pipeline/debt_env/lib/python3.12/site-packages/airflow/example_dags/example_branch_day_of_week_operator.py
[2024-06-18T17:23:15.135-0400] {processor.py:830} INFO - Processing file /Users/jbshome/Desktop/us_debt_etl_pipeline/debt_env/lib/python3.12/site-packages/airflow/example_dags/example_branch_day_of_week_operator.py for tasks to queue
[2024-06-18T17:23:15.143-0400] {logging_mixin.py:188} INFO - [2024-06-18T17:23:15.143-0400] {dagbag.py:545} INFO - Filling up the DagBag from /Users/jbshome/Desktop/us_debt_etl_pipeline/debt_env/lib/python3.12/site-packages/airflow/example_dags/example_branch_day_of_week_operator.py
[2024-06-18T17:23:15.166-0400] {processor.py:840} INFO - DAG(s) 'example_weekday_branch_operator' retrieved from /Users/jbshome/Desktop/us_debt_etl_pipeline/debt_env/lib/python3.12/site-packages/airflow/example_dags/example_branch_day_of_week_operator.py
[2024-06-18T17:23:15.451-0400] {logging_mixin.py:188} INFO - [2024-06-18T17:23:15.448-0400] {dag.py:3096} INFO - Sync 1 DAGs
[2024-06-18T17:23:15.491-0400] {logging_mixin.py:188} INFO - [2024-06-18T17:23:15.490-0400] {dag.py:3954} INFO - Setting next_dagrun for example_weekday_branch_operator to 2024-06-17 00:00:00+00:00, run_after=2024-06-18 00:00:00+00:00
[2024-06-18T17:23:15.533-0400] {processor.py:183} INFO - Processing /Users/jbshome/Desktop/us_debt_etl_pipeline/debt_env/lib/python3.12/site-packages/airflow/example_dags/example_branch_day_of_week_operator.py took 0.407 seconds
[2024-06-18T17:32:18.018-0400] {processor.py:161} INFO - Started process (PID=25305) to work on /Users/jbshome/Desktop/us_debt_etl_pipeline/debt_env/lib/python3.12/site-packages/airflow/example_dags/example_branch_day_of_week_operator.py
[2024-06-18T17:32:18.021-0400] {processor.py:830} INFO - Processing file /Users/jbshome/Desktop/us_debt_etl_pipeline/debt_env/lib/python3.12/site-packages/airflow/example_dags/example_branch_day_of_week_operator.py for tasks to queue
[2024-06-18T17:32:18.023-0400] {logging_mixin.py:188} INFO - [2024-06-18T17:32:18.023-0400] {dagbag.py:545} INFO - Filling up the DagBag from /Users/jbshome/Desktop/us_debt_etl_pipeline/debt_env/lib/python3.12/site-packages/airflow/example_dags/example_branch_day_of_week_operator.py
[2024-06-18T17:32:18.054-0400] {processor.py:840} INFO - DAG(s) 'example_weekday_branch_operator' retrieved from /Users/jbshome/Desktop/us_debt_etl_pipeline/debt_env/lib/python3.12/site-packages/airflow/example_dags/example_branch_day_of_week_operator.py
[2024-06-18T17:32:18.523-0400] {logging_mixin.py:188} INFO - [2024-06-18T17:32:18.522-0400] {dag.py:3096} INFO - Sync 1 DAGs
[2024-06-18T17:32:18.605-0400] {logging_mixin.py:188} INFO - [2024-06-18T17:32:18.605-0400] {dag.py:3954} INFO - Setting next_dagrun for example_weekday_branch_operator to 2024-06-17 00:00:00+00:00, run_after=2024-06-18 00:00:00+00:00
[2024-06-18T17:32:18.692-0400] {processor.py:183} INFO - Processing /Users/jbshome/Desktop/us_debt_etl_pipeline/debt_env/lib/python3.12/site-packages/airflow/example_dags/example_branch_day_of_week_operator.py took 0.680 seconds
[2024-06-18T17:46:08.481-0400] {processor.py:161} INFO - Started process (PID=27233) to work on /Users/jbshome/Desktop/us_debt_etl_pipeline/debt_env/lib/python3.12/site-packages/airflow/example_dags/example_branch_day_of_week_operator.py
[2024-06-18T17:46:08.482-0400] {processor.py:830} INFO - Processing file /Users/jbshome/Desktop/us_debt_etl_pipeline/debt_env/lib/python3.12/site-packages/airflow/example_dags/example_branch_day_of_week_operator.py for tasks to queue
[2024-06-18T17:46:08.483-0400] {logging_mixin.py:188} INFO - [2024-06-18T17:46:08.483-0400] {dagbag.py:545} INFO - Filling up the DagBag from /Users/jbshome/Desktop/us_debt_etl_pipeline/debt_env/lib/python3.12/site-packages/airflow/example_dags/example_branch_day_of_week_operator.py
[2024-06-18T17:46:08.505-0400] {processor.py:840} INFO - DAG(s) 'example_weekday_branch_operator' retrieved from /Users/jbshome/Desktop/us_debt_etl_pipeline/debt_env/lib/python3.12/site-packages/airflow/example_dags/example_branch_day_of_week_operator.py
[2024-06-18T17:46:08.735-0400] {logging_mixin.py:188} INFO - [2024-06-18T17:46:08.734-0400] {dag.py:3096} INFO - Sync 1 DAGs
[2024-06-18T17:46:08.764-0400] {logging_mixin.py:188} INFO - [2024-06-18T17:46:08.764-0400] {dag.py:3954} INFO - Setting next_dagrun for example_weekday_branch_operator to 2024-06-17 00:00:00+00:00, run_after=2024-06-18 00:00:00+00:00
[2024-06-18T17:46:08.806-0400] {processor.py:183} INFO - Processing /Users/jbshome/Desktop/us_debt_etl_pipeline/debt_env/lib/python3.12/site-packages/airflow/example_dags/example_branch_day_of_week_operator.py took 0.330 seconds
[2024-06-18T17:54:27.416-0400] {processor.py:161} INFO - Started process (PID=28861) to work on /Users/jbshome/Desktop/us_debt_etl_pipeline/debt_env/lib/python3.12/site-packages/airflow/example_dags/example_branch_day_of_week_operator.py
[2024-06-18T17:54:27.417-0400] {processor.py:830} INFO - Processing file /Users/jbshome/Desktop/us_debt_etl_pipeline/debt_env/lib/python3.12/site-packages/airflow/example_dags/example_branch_day_of_week_operator.py for tasks to queue
[2024-06-18T17:54:27.418-0400] {logging_mixin.py:188} INFO - [2024-06-18T17:54:27.418-0400] {dagbag.py:545} INFO - Filling up the DagBag from /Users/jbshome/Desktop/us_debt_etl_pipeline/debt_env/lib/python3.12/site-packages/airflow/example_dags/example_branch_day_of_week_operator.py
[2024-06-18T17:54:27.428-0400] {processor.py:840} INFO - DAG(s) 'example_weekday_branch_operator' retrieved from /Users/jbshome/Desktop/us_debt_etl_pipeline/debt_env/lib/python3.12/site-packages/airflow/example_dags/example_branch_day_of_week_operator.py
[2024-06-18T17:54:27.552-0400] {logging_mixin.py:188} INFO - [2024-06-18T17:54:27.551-0400] {dag.py:3096} INFO - Sync 1 DAGs
[2024-06-18T17:54:27.571-0400] {logging_mixin.py:188} INFO - [2024-06-18T17:54:27.571-0400] {dag.py:3954} INFO - Setting next_dagrun for example_weekday_branch_operator to 2024-06-17 00:00:00+00:00, run_after=2024-06-18 00:00:00+00:00
[2024-06-18T17:54:27.592-0400] {processor.py:183} INFO - Processing /Users/jbshome/Desktop/us_debt_etl_pipeline/debt_env/lib/python3.12/site-packages/airflow/example_dags/example_branch_day_of_week_operator.py took 0.178 seconds
