[2024-06-18T16:32:40.839-0400] {processor.py:161} INFO - Started process (PID=20196) to work on /Users/jbshome/Desktop/us_debt_etl_pipeline/debt_env/lib/python3.12/site-packages/airflow/example_dags/example_branch_operator.py
[2024-06-18T16:32:40.841-0400] {processor.py:830} INFO - Processing file /Users/jbshome/Desktop/us_debt_etl_pipeline/debt_env/lib/python3.12/site-packages/airflow/example_dags/example_branch_operator.py for tasks to queue
[2024-06-18T16:32:40.842-0400] {logging_mixin.py:188} INFO - [2024-06-18T16:32:40.842-0400] {dagbag.py:545} INFO - Filling up the DagBag from /Users/jbshome/Desktop/us_debt_etl_pipeline/debt_env/lib/python3.12/site-packages/airflow/example_dags/example_branch_operator.py
[2024-06-18T16:32:40.872-0400] {processor.py:842} WARNING - No viable dags retrieved from /Users/jbshome/Desktop/us_debt_etl_pipeline/debt_env/lib/python3.12/site-packages/airflow/example_dags/example_branch_operator.py
[2024-06-18T16:32:40.971-0400] {processor.py:183} INFO - Processing /Users/jbshome/Desktop/us_debt_etl_pipeline/debt_env/lib/python3.12/site-packages/airflow/example_dags/example_branch_operator.py took 0.134 seconds
[2024-06-18T16:39:12.179-0400] {processor.py:161} INFO - Started process (PID=20535) to work on /Users/jbshome/Desktop/us_debt_etl_pipeline/debt_env/lib/python3.12/site-packages/airflow/example_dags/example_branch_operator.py
[2024-06-18T16:39:12.182-0400] {processor.py:830} INFO - Processing file /Users/jbshome/Desktop/us_debt_etl_pipeline/debt_env/lib/python3.12/site-packages/airflow/example_dags/example_branch_operator.py for tasks to queue
[2024-06-18T16:39:12.183-0400] {logging_mixin.py:188} INFO - [2024-06-18T16:39:12.182-0400] {dagbag.py:545} INFO - Filling up the DagBag from /Users/jbshome/Desktop/us_debt_etl_pipeline/debt_env/lib/python3.12/site-packages/airflow/example_dags/example_branch_operator.py
[2024-06-18T16:39:12.224-0400] {processor.py:842} WARNING - No viable dags retrieved from /Users/jbshome/Desktop/us_debt_etl_pipeline/debt_env/lib/python3.12/site-packages/airflow/example_dags/example_branch_operator.py
[2024-06-18T16:39:12.398-0400] {processor.py:183} INFO - Processing /Users/jbshome/Desktop/us_debt_etl_pipeline/debt_env/lib/python3.12/site-packages/airflow/example_dags/example_branch_operator.py took 0.222 seconds
[2024-06-18T16:45:13.467-0400] {processor.py:161} INFO - Started process (PID=21478) to work on /Users/jbshome/Desktop/us_debt_etl_pipeline/debt_env/lib/python3.12/site-packages/airflow/example_dags/example_branch_operator.py
[2024-06-18T16:45:13.468-0400] {processor.py:830} INFO - Processing file /Users/jbshome/Desktop/us_debt_etl_pipeline/debt_env/lib/python3.12/site-packages/airflow/example_dags/example_branch_operator.py for tasks to queue
[2024-06-18T16:45:13.469-0400] {logging_mixin.py:188} INFO - [2024-06-18T16:45:13.469-0400] {dagbag.py:545} INFO - Filling up the DagBag from /Users/jbshome/Desktop/us_debt_etl_pipeline/debt_env/lib/python3.12/site-packages/airflow/example_dags/example_branch_operator.py
[2024-06-18T16:45:13.493-0400] {processor.py:842} WARNING - No viable dags retrieved from /Users/jbshome/Desktop/us_debt_etl_pipeline/debt_env/lib/python3.12/site-packages/airflow/example_dags/example_branch_operator.py
[2024-06-18T16:45:13.607-0400] {processor.py:183} INFO - Processing /Users/jbshome/Desktop/us_debt_etl_pipeline/debt_env/lib/python3.12/site-packages/airflow/example_dags/example_branch_operator.py took 0.142 seconds
[2024-06-18T16:51:28.326-0400] {processor.py:161} INFO - Started process (PID=21830) to work on /Users/jbshome/Desktop/us_debt_etl_pipeline/debt_env/lib/python3.12/site-packages/airflow/example_dags/example_branch_operator.py
[2024-06-18T16:51:28.327-0400] {processor.py:830} INFO - Processing file /Users/jbshome/Desktop/us_debt_etl_pipeline/debt_env/lib/python3.12/site-packages/airflow/example_dags/example_branch_operator.py for tasks to queue
[2024-06-18T16:51:28.328-0400] {logging_mixin.py:188} INFO - [2024-06-18T16:51:28.328-0400] {dagbag.py:545} INFO - Filling up the DagBag from /Users/jbshome/Desktop/us_debt_etl_pipeline/debt_env/lib/python3.12/site-packages/airflow/example_dags/example_branch_operator.py
[2024-06-18T16:51:28.351-0400] {processor.py:842} WARNING - No viable dags retrieved from /Users/jbshome/Desktop/us_debt_etl_pipeline/debt_env/lib/python3.12/site-packages/airflow/example_dags/example_branch_operator.py
[2024-06-18T16:51:28.443-0400] {processor.py:183} INFO - Processing /Users/jbshome/Desktop/us_debt_etl_pipeline/debt_env/lib/python3.12/site-packages/airflow/example_dags/example_branch_operator.py took 0.119 seconds
[2024-06-18T16:57:40.982-0400] {processor.py:161} INFO - Started process (PID=22445) to work on /Users/jbshome/Desktop/us_debt_etl_pipeline/debt_env/lib/python3.12/site-packages/airflow/example_dags/example_branch_operator.py
[2024-06-18T16:57:40.984-0400] {processor.py:830} INFO - Processing file /Users/jbshome/Desktop/us_debt_etl_pipeline/debt_env/lib/python3.12/site-packages/airflow/example_dags/example_branch_operator.py for tasks to queue
[2024-06-18T16:57:40.986-0400] {logging_mixin.py:188} INFO - [2024-06-18T16:57:40.985-0400] {dagbag.py:545} INFO - Filling up the DagBag from /Users/jbshome/Desktop/us_debt_etl_pipeline/debt_env/lib/python3.12/site-packages/airflow/example_dags/example_branch_operator.py
[2024-06-18T16:57:41.032-0400] {processor.py:842} WARNING - No viable dags retrieved from /Users/jbshome/Desktop/us_debt_etl_pipeline/debt_env/lib/python3.12/site-packages/airflow/example_dags/example_branch_operator.py
[2024-06-18T16:57:41.302-0400] {processor.py:183} INFO - Processing /Users/jbshome/Desktop/us_debt_etl_pipeline/debt_env/lib/python3.12/site-packages/airflow/example_dags/example_branch_operator.py took 0.325 seconds
[2024-06-18T17:05:07.499-0400] {processor.py:161} INFO - Started process (PID=22913) to work on /Users/jbshome/Desktop/us_debt_etl_pipeline/debt_env/lib/python3.12/site-packages/airflow/example_dags/example_branch_operator.py
[2024-06-18T17:05:07.501-0400] {processor.py:830} INFO - Processing file /Users/jbshome/Desktop/us_debt_etl_pipeline/debt_env/lib/python3.12/site-packages/airflow/example_dags/example_branch_operator.py for tasks to queue
[2024-06-18T17:05:07.503-0400] {logging_mixin.py:188} INFO - [2024-06-18T17:05:07.502-0400] {dagbag.py:545} INFO - Filling up the DagBag from /Users/jbshome/Desktop/us_debt_etl_pipeline/debt_env/lib/python3.12/site-packages/airflow/example_dags/example_branch_operator.py
[2024-06-18T17:05:07.536-0400] {processor.py:842} WARNING - No viable dags retrieved from /Users/jbshome/Desktop/us_debt_etl_pipeline/debt_env/lib/python3.12/site-packages/airflow/example_dags/example_branch_operator.py
[2024-06-18T17:05:07.668-0400] {processor.py:183} INFO - Processing /Users/jbshome/Desktop/us_debt_etl_pipeline/debt_env/lib/python3.12/site-packages/airflow/example_dags/example_branch_operator.py took 0.174 seconds
[2024-06-18T17:13:26.356-0400] {processor.py:161} INFO - Started process (PID=24007) to work on /Users/jbshome/Desktop/us_debt_etl_pipeline/debt_env/lib/python3.12/site-packages/airflow/example_dags/example_branch_operator.py
[2024-06-18T17:13:26.359-0400] {processor.py:830} INFO - Processing file /Users/jbshome/Desktop/us_debt_etl_pipeline/debt_env/lib/python3.12/site-packages/airflow/example_dags/example_branch_operator.py for tasks to queue
[2024-06-18T17:13:26.361-0400] {logging_mixin.py:188} INFO - [2024-06-18T17:13:26.360-0400] {dagbag.py:545} INFO - Filling up the DagBag from /Users/jbshome/Desktop/us_debt_etl_pipeline/debt_env/lib/python3.12/site-packages/airflow/example_dags/example_branch_operator.py
[2024-06-18T17:13:26.393-0400] {processor.py:842} WARNING - No viable dags retrieved from /Users/jbshome/Desktop/us_debt_etl_pipeline/debt_env/lib/python3.12/site-packages/airflow/example_dags/example_branch_operator.py
[2024-06-18T17:13:26.585-0400] {processor.py:183} INFO - Processing /Users/jbshome/Desktop/us_debt_etl_pipeline/debt_env/lib/python3.12/site-packages/airflow/example_dags/example_branch_operator.py took 0.234 seconds
[2024-06-18T17:23:05.223-0400] {processor.py:161} INFO - Started process (PID=24678) to work on /Users/jbshome/Desktop/us_debt_etl_pipeline/debt_env/lib/python3.12/site-packages/airflow/example_dags/example_branch_operator.py
[2024-06-18T17:23:05.225-0400] {processor.py:830} INFO - Processing file /Users/jbshome/Desktop/us_debt_etl_pipeline/debt_env/lib/python3.12/site-packages/airflow/example_dags/example_branch_operator.py for tasks to queue
[2024-06-18T17:23:05.227-0400] {logging_mixin.py:188} INFO - [2024-06-18T17:23:05.226-0400] {dagbag.py:545} INFO - Filling up the DagBag from /Users/jbshome/Desktop/us_debt_etl_pipeline/debt_env/lib/python3.12/site-packages/airflow/example_dags/example_branch_operator.py
[2024-06-18T17:23:05.263-0400] {processor.py:842} WARNING - No viable dags retrieved from /Users/jbshome/Desktop/us_debt_etl_pipeline/debt_env/lib/python3.12/site-packages/airflow/example_dags/example_branch_operator.py
[2024-06-18T17:23:05.466-0400] {processor.py:183} INFO - Processing /Users/jbshome/Desktop/us_debt_etl_pipeline/debt_env/lib/python3.12/site-packages/airflow/example_dags/example_branch_operator.py took 0.249 seconds
[2024-06-18T17:28:22.860-0400] {processor.py:161} INFO - Started process (PID=25008) to work on /Users/jbshome/Desktop/us_debt_etl_pipeline/debt_env/lib/python3.12/site-packages/airflow/example_dags/example_branch_operator.py
[2024-06-18T17:28:22.862-0400] {processor.py:830} INFO - Processing file /Users/jbshome/Desktop/us_debt_etl_pipeline/debt_env/lib/python3.12/site-packages/airflow/example_dags/example_branch_operator.py for tasks to queue
[2024-06-18T17:28:22.863-0400] {logging_mixin.py:188} INFO - [2024-06-18T17:28:22.862-0400] {dagbag.py:545} INFO - Filling up the DagBag from /Users/jbshome/Desktop/us_debt_etl_pipeline/debt_env/lib/python3.12/site-packages/airflow/example_dags/example_branch_operator.py
[2024-06-18T17:28:22.902-0400] {processor.py:842} WARNING - No viable dags retrieved from /Users/jbshome/Desktop/us_debt_etl_pipeline/debt_env/lib/python3.12/site-packages/airflow/example_dags/example_branch_operator.py
[2024-06-18T17:28:23.092-0400] {processor.py:183} INFO - Processing /Users/jbshome/Desktop/us_debt_etl_pipeline/debt_env/lib/python3.12/site-packages/airflow/example_dags/example_branch_operator.py took 0.237 seconds
[2024-06-18T17:39:04.245-0400] {processor.py:161} INFO - Started process (PID=26342) to work on /Users/jbshome/Desktop/us_debt_etl_pipeline/debt_env/lib/python3.12/site-packages/airflow/example_dags/example_branch_operator.py
[2024-06-18T17:39:04.248-0400] {processor.py:830} INFO - Processing file /Users/jbshome/Desktop/us_debt_etl_pipeline/debt_env/lib/python3.12/site-packages/airflow/example_dags/example_branch_operator.py for tasks to queue
[2024-06-18T17:39:04.249-0400] {logging_mixin.py:188} INFO - [2024-06-18T17:39:04.249-0400] {dagbag.py:545} INFO - Filling up the DagBag from /Users/jbshome/Desktop/us_debt_etl_pipeline/debt_env/lib/python3.12/site-packages/airflow/example_dags/example_branch_operator.py
[2024-06-18T17:39:04.310-0400] {processor.py:842} WARNING - No viable dags retrieved from /Users/jbshome/Desktop/us_debt_etl_pipeline/debt_env/lib/python3.12/site-packages/airflow/example_dags/example_branch_operator.py
[2024-06-18T17:39:04.875-0400] {processor.py:183} INFO - Processing /Users/jbshome/Desktop/us_debt_etl_pipeline/debt_env/lib/python3.12/site-packages/airflow/example_dags/example_branch_operator.py took 0.635 seconds
