[2024-06-18T16:31:46.554-0400] {processor.py:161} INFO - Started process (PID=20144) to work on /Users/jbshome/Desktop/us_debt_etl_pipeline/debt_env/lib/python3.12/site-packages/airflow/example_dags/example_latest_only_with_trigger.py
[2024-06-18T16:31:46.558-0400] {processor.py:830} INFO - Processing file /Users/jbshome/Desktop/us_debt_etl_pipeline/debt_env/lib/python3.12/site-packages/airflow/example_dags/example_latest_only_with_trigger.py for tasks to queue
[2024-06-18T16:31:46.561-0400] {logging_mixin.py:188} INFO - [2024-06-18T16:31:46.561-0400] {dagbag.py:545} INFO - Filling up the DagBag from /Users/jbshome/Desktop/us_debt_etl_pipeline/debt_env/lib/python3.12/site-packages/airflow/example_dags/example_latest_only_with_trigger.py
[2024-06-18T16:31:46.584-0400] {processor.py:840} INFO - DAG(s) 'latest_only_with_trigger' retrieved from /Users/jbshome/Desktop/us_debt_etl_pipeline/debt_env/lib/python3.12/site-packages/airflow/example_dags/example_latest_only_with_trigger.py
[2024-06-18T16:31:47.592-0400] {logging_mixin.py:188} INFO - [2024-06-18T16:31:47.591-0400] {override.py:1829} INFO - Created Permission View: can edit on DAG:latest_only_with_trigger
[2024-06-18T16:31:47.612-0400] {logging_mixin.py:188} INFO - [2024-06-18T16:31:47.612-0400] {override.py:1829} INFO - Created Permission View: can read on DAG:latest_only_with_trigger
[2024-06-18T16:31:47.625-0400] {logging_mixin.py:188} INFO - [2024-06-18T16:31:47.625-0400] {override.py:1829} INFO - Created Permission View: can delete on DAG:latest_only_with_trigger
[2024-06-18T16:31:47.627-0400] {logging_mixin.py:188} INFO - [2024-06-18T16:31:47.626-0400] {dag.py:3096} INFO - Sync 1 DAGs
[2024-06-18T16:31:47.652-0400] {logging_mixin.py:188} INFO - [2024-06-18T16:31:47.652-0400] {dag.py:3118} INFO - Creating ORM DAG for latest_only_with_trigger
[2024-06-18T16:31:47.669-0400] {logging_mixin.py:188} INFO - [2024-06-18T16:31:47.669-0400] {dag.py:3954} INFO - Setting next_dagrun for latest_only_with_trigger to 2024-06-18 16:00:00+00:00, run_after=2024-06-18 20:00:00+00:00
[2024-06-18T16:31:47.844-0400] {processor.py:183} INFO - Processing /Users/jbshome/Desktop/us_debt_etl_pipeline/debt_env/lib/python3.12/site-packages/airflow/example_dags/example_latest_only_with_trigger.py took 1.294 seconds
[2024-06-18T16:35:27.560-0400] {processor.py:161} INFO - Started process (PID=20351) to work on /Users/jbshome/Desktop/us_debt_etl_pipeline/debt_env/lib/python3.12/site-packages/airflow/example_dags/example_latest_only_with_trigger.py
[2024-06-18T16:35:27.564-0400] {processor.py:830} INFO - Processing file /Users/jbshome/Desktop/us_debt_etl_pipeline/debt_env/lib/python3.12/site-packages/airflow/example_dags/example_latest_only_with_trigger.py for tasks to queue
[2024-06-18T16:35:27.565-0400] {logging_mixin.py:188} INFO - [2024-06-18T16:35:27.564-0400] {dagbag.py:545} INFO - Filling up the DagBag from /Users/jbshome/Desktop/us_debt_etl_pipeline/debt_env/lib/python3.12/site-packages/airflow/example_dags/example_latest_only_with_trigger.py
[2024-06-18T16:35:27.578-0400] {processor.py:840} INFO - DAG(s) 'latest_only_with_trigger' retrieved from /Users/jbshome/Desktop/us_debt_etl_pipeline/debt_env/lib/python3.12/site-packages/airflow/example_dags/example_latest_only_with_trigger.py
[2024-06-18T16:35:27.787-0400] {logging_mixin.py:188} INFO - [2024-06-18T16:35:27.787-0400] {dag.py:3096} INFO - Sync 1 DAGs
[2024-06-18T16:35:27.831-0400] {logging_mixin.py:188} INFO - [2024-06-18T16:35:27.831-0400] {dag.py:3954} INFO - Setting next_dagrun for latest_only_with_trigger to 2024-06-18 16:00:00+00:00, run_after=2024-06-18 20:00:00+00:00
[2024-06-18T16:35:27.858-0400] {processor.py:183} INFO - Processing /Users/jbshome/Desktop/us_debt_etl_pipeline/debt_env/lib/python3.12/site-packages/airflow/example_dags/example_latest_only_with_trigger.py took 0.302 seconds
[2024-06-18T16:38:52.758-0400] {processor.py:161} INFO - Started process (PID=20517) to work on /Users/jbshome/Desktop/us_debt_etl_pipeline/debt_env/lib/python3.12/site-packages/airflow/example_dags/example_latest_only_with_trigger.py
[2024-06-18T16:38:52.759-0400] {processor.py:830} INFO - Processing file /Users/jbshome/Desktop/us_debt_etl_pipeline/debt_env/lib/python3.12/site-packages/airflow/example_dags/example_latest_only_with_trigger.py for tasks to queue
[2024-06-18T16:38:52.761-0400] {logging_mixin.py:188} INFO - [2024-06-18T16:38:52.760-0400] {dagbag.py:545} INFO - Filling up the DagBag from /Users/jbshome/Desktop/us_debt_etl_pipeline/debt_env/lib/python3.12/site-packages/airflow/example_dags/example_latest_only_with_trigger.py
[2024-06-18T16:38:52.780-0400] {processor.py:840} INFO - DAG(s) 'latest_only_with_trigger' retrieved from /Users/jbshome/Desktop/us_debt_etl_pipeline/debt_env/lib/python3.12/site-packages/airflow/example_dags/example_latest_only_with_trigger.py
[2024-06-18T16:38:52.951-0400] {logging_mixin.py:188} INFO - [2024-06-18T16:38:52.951-0400] {dag.py:3096} INFO - Sync 1 DAGs
[2024-06-18T16:38:52.972-0400] {logging_mixin.py:188} INFO - [2024-06-18T16:38:52.971-0400] {dag.py:3954} INFO - Setting next_dagrun for latest_only_with_trigger to 2024-06-18 16:00:00+00:00, run_after=2024-06-18 20:00:00+00:00
[2024-06-18T16:38:53.004-0400] {processor.py:183} INFO - Processing /Users/jbshome/Desktop/us_debt_etl_pipeline/debt_env/lib/python3.12/site-packages/airflow/example_dags/example_latest_only_with_trigger.py took 0.252 seconds
[2024-06-18T16:41:52.152-0400] {processor.py:161} INFO - Started process (PID=20847) to work on /Users/jbshome/Desktop/us_debt_etl_pipeline/debt_env/lib/python3.12/site-packages/airflow/example_dags/example_latest_only_with_trigger.py
[2024-06-18T16:41:52.153-0400] {processor.py:830} INFO - Processing file /Users/jbshome/Desktop/us_debt_etl_pipeline/debt_env/lib/python3.12/site-packages/airflow/example_dags/example_latest_only_with_trigger.py for tasks to queue
[2024-06-18T16:41:52.154-0400] {logging_mixin.py:188} INFO - [2024-06-18T16:41:52.154-0400] {dagbag.py:545} INFO - Filling up the DagBag from /Users/jbshome/Desktop/us_debt_etl_pipeline/debt_env/lib/python3.12/site-packages/airflow/example_dags/example_latest_only_with_trigger.py
[2024-06-18T16:41:52.167-0400] {processor.py:840} INFO - DAG(s) 'latest_only_with_trigger' retrieved from /Users/jbshome/Desktop/us_debt_etl_pipeline/debt_env/lib/python3.12/site-packages/airflow/example_dags/example_latest_only_with_trigger.py
[2024-06-18T16:41:52.309-0400] {logging_mixin.py:188} INFO - [2024-06-18T16:41:52.309-0400] {dag.py:3096} INFO - Sync 1 DAGs
[2024-06-18T16:41:52.328-0400] {logging_mixin.py:188} INFO - [2024-06-18T16:41:52.328-0400] {dag.py:3954} INFO - Setting next_dagrun for latest_only_with_trigger to 2024-06-18 16:00:00+00:00, run_after=2024-06-18 20:00:00+00:00
[2024-06-18T16:41:52.351-0400] {processor.py:183} INFO - Processing /Users/jbshome/Desktop/us_debt_etl_pipeline/debt_env/lib/python3.12/site-packages/airflow/example_dags/example_latest_only_with_trigger.py took 0.203 seconds
[2024-06-18T16:44:53.410-0400] {processor.py:161} INFO - Started process (PID=21462) to work on /Users/jbshome/Desktop/us_debt_etl_pipeline/debt_env/lib/python3.12/site-packages/airflow/example_dags/example_latest_only_with_trigger.py
[2024-06-18T16:44:53.412-0400] {processor.py:830} INFO - Processing file /Users/jbshome/Desktop/us_debt_etl_pipeline/debt_env/lib/python3.12/site-packages/airflow/example_dags/example_latest_only_with_trigger.py for tasks to queue
[2024-06-18T16:44:53.413-0400] {logging_mixin.py:188} INFO - [2024-06-18T16:44:53.412-0400] {dagbag.py:545} INFO - Filling up the DagBag from /Users/jbshome/Desktop/us_debt_etl_pipeline/debt_env/lib/python3.12/site-packages/airflow/example_dags/example_latest_only_with_trigger.py
[2024-06-18T16:44:53.422-0400] {processor.py:840} INFO - DAG(s) 'latest_only_with_trigger' retrieved from /Users/jbshome/Desktop/us_debt_etl_pipeline/debt_env/lib/python3.12/site-packages/airflow/example_dags/example_latest_only_with_trigger.py
[2024-06-18T16:44:53.541-0400] {logging_mixin.py:188} INFO - [2024-06-18T16:44:53.540-0400] {dag.py:3096} INFO - Sync 1 DAGs
[2024-06-18T16:44:53.565-0400] {logging_mixin.py:188} INFO - [2024-06-18T16:44:53.564-0400] {dag.py:3954} INFO - Setting next_dagrun for latest_only_with_trigger to 2024-06-18 16:00:00+00:00, run_after=2024-06-18 20:00:00+00:00
[2024-06-18T16:44:53.589-0400] {processor.py:183} INFO - Processing /Users/jbshome/Desktop/us_debt_etl_pipeline/debt_env/lib/python3.12/site-packages/airflow/example_dags/example_latest_only_with_trigger.py took 0.182 seconds
[2024-06-18T16:47:54.546-0400] {processor.py:161} INFO - Started process (PID=21629) to work on /Users/jbshome/Desktop/us_debt_etl_pipeline/debt_env/lib/python3.12/site-packages/airflow/example_dags/example_latest_only_with_trigger.py
[2024-06-18T16:47:54.549-0400] {processor.py:830} INFO - Processing file /Users/jbshome/Desktop/us_debt_etl_pipeline/debt_env/lib/python3.12/site-packages/airflow/example_dags/example_latest_only_with_trigger.py for tasks to queue
[2024-06-18T16:47:54.549-0400] {logging_mixin.py:188} INFO - [2024-06-18T16:47:54.549-0400] {dagbag.py:545} INFO - Filling up the DagBag from /Users/jbshome/Desktop/us_debt_etl_pipeline/debt_env/lib/python3.12/site-packages/airflow/example_dags/example_latest_only_with_trigger.py
[2024-06-18T16:47:54.563-0400] {processor.py:840} INFO - DAG(s) 'latest_only_with_trigger' retrieved from /Users/jbshome/Desktop/us_debt_etl_pipeline/debt_env/lib/python3.12/site-packages/airflow/example_dags/example_latest_only_with_trigger.py
[2024-06-18T16:47:54.776-0400] {logging_mixin.py:188} INFO - [2024-06-18T16:47:54.776-0400] {dag.py:3096} INFO - Sync 1 DAGs
[2024-06-18T16:47:54.797-0400] {logging_mixin.py:188} INFO - [2024-06-18T16:47:54.796-0400] {dag.py:3954} INFO - Setting next_dagrun for latest_only_with_trigger to 2024-06-18 16:00:00+00:00, run_after=2024-06-18 20:00:00+00:00
[2024-06-18T16:47:54.822-0400] {processor.py:183} INFO - Processing /Users/jbshome/Desktop/us_debt_etl_pipeline/debt_env/lib/python3.12/site-packages/airflow/example_dags/example_latest_only_with_trigger.py took 0.279 seconds
[2024-06-18T16:51:04.799-0400] {processor.py:161} INFO - Started process (PID=21810) to work on /Users/jbshome/Desktop/us_debt_etl_pipeline/debt_env/lib/python3.12/site-packages/airflow/example_dags/example_latest_only_with_trigger.py
[2024-06-18T16:51:04.801-0400] {processor.py:830} INFO - Processing file /Users/jbshome/Desktop/us_debt_etl_pipeline/debt_env/lib/python3.12/site-packages/airflow/example_dags/example_latest_only_with_trigger.py for tasks to queue
[2024-06-18T16:51:04.802-0400] {logging_mixin.py:188} INFO - [2024-06-18T16:51:04.802-0400] {dagbag.py:545} INFO - Filling up the DagBag from /Users/jbshome/Desktop/us_debt_etl_pipeline/debt_env/lib/python3.12/site-packages/airflow/example_dags/example_latest_only_with_trigger.py
[2024-06-18T16:51:04.811-0400] {processor.py:840} INFO - DAG(s) 'latest_only_with_trigger' retrieved from /Users/jbshome/Desktop/us_debt_etl_pipeline/debt_env/lib/python3.12/site-packages/airflow/example_dags/example_latest_only_with_trigger.py
[2024-06-18T16:51:04.937-0400] {logging_mixin.py:188} INFO - [2024-06-18T16:51:04.936-0400] {dag.py:3096} INFO - Sync 1 DAGs
[2024-06-18T16:51:04.956-0400] {logging_mixin.py:188} INFO - [2024-06-18T16:51:04.956-0400] {dag.py:3954} INFO - Setting next_dagrun for latest_only_with_trigger to 2024-06-18 16:00:00+00:00, run_after=2024-06-18 20:00:00+00:00
[2024-06-18T16:51:04.978-0400] {processor.py:183} INFO - Processing /Users/jbshome/Desktop/us_debt_etl_pipeline/debt_env/lib/python3.12/site-packages/airflow/example_dags/example_latest_only_with_trigger.py took 0.182 seconds
[2024-06-18T16:54:08.412-0400] {processor.py:161} INFO - Started process (PID=21960) to work on /Users/jbshome/Desktop/us_debt_etl_pipeline/debt_env/lib/python3.12/site-packages/airflow/example_dags/example_latest_only_with_trigger.py
[2024-06-18T16:54:08.414-0400] {processor.py:830} INFO - Processing file /Users/jbshome/Desktop/us_debt_etl_pipeline/debt_env/lib/python3.12/site-packages/airflow/example_dags/example_latest_only_with_trigger.py for tasks to queue
[2024-06-18T16:54:08.415-0400] {logging_mixin.py:188} INFO - [2024-06-18T16:54:08.415-0400] {dagbag.py:545} INFO - Filling up the DagBag from /Users/jbshome/Desktop/us_debt_etl_pipeline/debt_env/lib/python3.12/site-packages/airflow/example_dags/example_latest_only_with_trigger.py
[2024-06-18T16:54:08.426-0400] {processor.py:840} INFO - DAG(s) 'latest_only_with_trigger' retrieved from /Users/jbshome/Desktop/us_debt_etl_pipeline/debt_env/lib/python3.12/site-packages/airflow/example_dags/example_latest_only_with_trigger.py
[2024-06-18T16:54:08.570-0400] {logging_mixin.py:188} INFO - [2024-06-18T16:54:08.570-0400] {dag.py:3096} INFO - Sync 1 DAGs
[2024-06-18T16:54:08.591-0400] {logging_mixin.py:188} INFO - [2024-06-18T16:54:08.591-0400] {dag.py:3954} INFO - Setting next_dagrun for latest_only_with_trigger to 2024-06-18 16:00:00+00:00, run_after=2024-06-18 20:00:00+00:00
[2024-06-18T16:54:08.617-0400] {processor.py:183} INFO - Processing /Users/jbshome/Desktop/us_debt_etl_pipeline/debt_env/lib/python3.12/site-packages/airflow/example_dags/example_latest_only_with_trigger.py took 0.210 seconds
[2024-06-18T16:57:18.660-0400] {processor.py:161} INFO - Started process (PID=22429) to work on /Users/jbshome/Desktop/us_debt_etl_pipeline/debt_env/lib/python3.12/site-packages/airflow/example_dags/example_latest_only_with_trigger.py
[2024-06-18T16:57:18.661-0400] {processor.py:830} INFO - Processing file /Users/jbshome/Desktop/us_debt_etl_pipeline/debt_env/lib/python3.12/site-packages/airflow/example_dags/example_latest_only_with_trigger.py for tasks to queue
[2024-06-18T16:57:18.662-0400] {logging_mixin.py:188} INFO - [2024-06-18T16:57:18.662-0400] {dagbag.py:545} INFO - Filling up the DagBag from /Users/jbshome/Desktop/us_debt_etl_pipeline/debt_env/lib/python3.12/site-packages/airflow/example_dags/example_latest_only_with_trigger.py
[2024-06-18T16:57:18.686-0400] {processor.py:840} INFO - DAG(s) 'latest_only_with_trigger' retrieved from /Users/jbshome/Desktop/us_debt_etl_pipeline/debt_env/lib/python3.12/site-packages/airflow/example_dags/example_latest_only_with_trigger.py
[2024-06-18T16:57:18.896-0400] {logging_mixin.py:188} INFO - [2024-06-18T16:57:18.895-0400] {dag.py:3096} INFO - Sync 1 DAGs
[2024-06-18T16:57:18.933-0400] {logging_mixin.py:188} INFO - [2024-06-18T16:57:18.932-0400] {dag.py:3954} INFO - Setting next_dagrun for latest_only_with_trigger to 2024-06-18 16:00:00+00:00, run_after=2024-06-18 20:00:00+00:00
[2024-06-18T16:57:18.975-0400] {processor.py:183} INFO - Processing /Users/jbshome/Desktop/us_debt_etl_pipeline/debt_env/lib/python3.12/site-packages/airflow/example_dags/example_latest_only_with_trigger.py took 0.318 seconds
[2024-06-18T17:00:44.492-0400] {processor.py:161} INFO - Started process (PID=22644) to work on /Users/jbshome/Desktop/us_debt_etl_pipeline/debt_env/lib/python3.12/site-packages/airflow/example_dags/example_latest_only_with_trigger.py
[2024-06-18T17:00:44.494-0400] {processor.py:830} INFO - Processing file /Users/jbshome/Desktop/us_debt_etl_pipeline/debt_env/lib/python3.12/site-packages/airflow/example_dags/example_latest_only_with_trigger.py for tasks to queue
[2024-06-18T17:00:44.495-0400] {logging_mixin.py:188} INFO - [2024-06-18T17:00:44.495-0400] {dagbag.py:545} INFO - Filling up the DagBag from /Users/jbshome/Desktop/us_debt_etl_pipeline/debt_env/lib/python3.12/site-packages/airflow/example_dags/example_latest_only_with_trigger.py
[2024-06-18T17:00:44.515-0400] {processor.py:840} INFO - DAG(s) 'latest_only_with_trigger' retrieved from /Users/jbshome/Desktop/us_debt_etl_pipeline/debt_env/lib/python3.12/site-packages/airflow/example_dags/example_latest_only_with_trigger.py
[2024-06-18T17:00:44.689-0400] {logging_mixin.py:188} INFO - [2024-06-18T17:00:44.689-0400] {dag.py:3096} INFO - Sync 1 DAGs
[2024-06-18T17:00:44.707-0400] {logging_mixin.py:188} INFO - [2024-06-18T17:00:44.707-0400] {dag.py:3954} INFO - Setting next_dagrun for latest_only_with_trigger to 2024-06-18 16:00:00+00:00, run_after=2024-06-18 20:00:00+00:00
[2024-06-18T17:00:44.727-0400] {processor.py:183} INFO - Processing /Users/jbshome/Desktop/us_debt_etl_pipeline/debt_env/lib/python3.12/site-packages/airflow/example_dags/example_latest_only_with_trigger.py took 0.241 seconds
[2024-06-18T17:04:39.953-0400] {processor.py:161} INFO - Started process (PID=22885) to work on /Users/jbshome/Desktop/us_debt_etl_pipeline/debt_env/lib/python3.12/site-packages/airflow/example_dags/example_latest_only_with_trigger.py
[2024-06-18T17:04:39.955-0400] {processor.py:830} INFO - Processing file /Users/jbshome/Desktop/us_debt_etl_pipeline/debt_env/lib/python3.12/site-packages/airflow/example_dags/example_latest_only_with_trigger.py for tasks to queue
[2024-06-18T17:04:39.956-0400] {logging_mixin.py:188} INFO - [2024-06-18T17:04:39.956-0400] {dagbag.py:545} INFO - Filling up the DagBag from /Users/jbshome/Desktop/us_debt_etl_pipeline/debt_env/lib/python3.12/site-packages/airflow/example_dags/example_latest_only_with_trigger.py
[2024-06-18T17:04:39.970-0400] {processor.py:840} INFO - DAG(s) 'latest_only_with_trigger' retrieved from /Users/jbshome/Desktop/us_debt_etl_pipeline/debt_env/lib/python3.12/site-packages/airflow/example_dags/example_latest_only_with_trigger.py
[2024-06-18T17:04:40.136-0400] {logging_mixin.py:188} INFO - [2024-06-18T17:04:40.135-0400] {dag.py:3096} INFO - Sync 1 DAGs
[2024-06-18T17:04:40.163-0400] {logging_mixin.py:188} INFO - [2024-06-18T17:04:40.163-0400] {dag.py:3954} INFO - Setting next_dagrun for latest_only_with_trigger to 2024-06-18 16:00:00+00:00, run_after=2024-06-18 20:00:00+00:00
[2024-06-18T17:04:40.194-0400] {processor.py:183} INFO - Processing /Users/jbshome/Desktop/us_debt_etl_pipeline/debt_env/lib/python3.12/site-packages/airflow/example_dags/example_latest_only_with_trigger.py took 0.245 seconds
[2024-06-18T17:08:21.822-0400] {processor.py:161} INFO - Started process (PID=23597) to work on /Users/jbshome/Desktop/us_debt_etl_pipeline/debt_env/lib/python3.12/site-packages/airflow/example_dags/example_latest_only_with_trigger.py
[2024-06-18T17:08:21.825-0400] {processor.py:830} INFO - Processing file /Users/jbshome/Desktop/us_debt_etl_pipeline/debt_env/lib/python3.12/site-packages/airflow/example_dags/example_latest_only_with_trigger.py for tasks to queue
[2024-06-18T17:08:21.826-0400] {logging_mixin.py:188} INFO - [2024-06-18T17:08:21.826-0400] {dagbag.py:545} INFO - Filling up the DagBag from /Users/jbshome/Desktop/us_debt_etl_pipeline/debt_env/lib/python3.12/site-packages/airflow/example_dags/example_latest_only_with_trigger.py
[2024-06-18T17:08:21.839-0400] {processor.py:840} INFO - DAG(s) 'latest_only_with_trigger' retrieved from /Users/jbshome/Desktop/us_debt_etl_pipeline/debt_env/lib/python3.12/site-packages/airflow/example_dags/example_latest_only_with_trigger.py
[2024-06-18T17:08:22.012-0400] {logging_mixin.py:188} INFO - [2024-06-18T17:08:22.011-0400] {dag.py:3096} INFO - Sync 1 DAGs
[2024-06-18T17:08:22.037-0400] {logging_mixin.py:188} INFO - [2024-06-18T17:08:22.037-0400] {dag.py:3954} INFO - Setting next_dagrun for latest_only_with_trigger to 2024-06-18 16:00:00+00:00, run_after=2024-06-18 20:00:00+00:00
[2024-06-18T17:08:22.067-0400] {processor.py:183} INFO - Processing /Users/jbshome/Desktop/us_debt_etl_pipeline/debt_env/lib/python3.12/site-packages/airflow/example_dags/example_latest_only_with_trigger.py took 0.249 seconds
[2024-06-18T17:12:46.319-0400] {processor.py:161} INFO - Started process (PID=23966) to work on /Users/jbshome/Desktop/us_debt_etl_pipeline/debt_env/lib/python3.12/site-packages/airflow/example_dags/example_latest_only_with_trigger.py
[2024-06-18T17:12:46.323-0400] {processor.py:830} INFO - Processing file /Users/jbshome/Desktop/us_debt_etl_pipeline/debt_env/lib/python3.12/site-packages/airflow/example_dags/example_latest_only_with_trigger.py for tasks to queue
[2024-06-18T17:12:46.326-0400] {logging_mixin.py:188} INFO - [2024-06-18T17:12:46.325-0400] {dagbag.py:545} INFO - Filling up the DagBag from /Users/jbshome/Desktop/us_debt_etl_pipeline/debt_env/lib/python3.12/site-packages/airflow/example_dags/example_latest_only_with_trigger.py
[2024-06-18T17:12:46.343-0400] {processor.py:840} INFO - DAG(s) 'latest_only_with_trigger' retrieved from /Users/jbshome/Desktop/us_debt_etl_pipeline/debt_env/lib/python3.12/site-packages/airflow/example_dags/example_latest_only_with_trigger.py
[2024-06-18T17:12:46.699-0400] {logging_mixin.py:188} INFO - [2024-06-18T17:12:46.698-0400] {dag.py:3096} INFO - Sync 1 DAGs
[2024-06-18T17:12:46.735-0400] {logging_mixin.py:188} INFO - [2024-06-18T17:12:46.734-0400] {dag.py:3954} INFO - Setting next_dagrun for latest_only_with_trigger to 2024-06-18 16:00:00+00:00, run_after=2024-06-18 20:00:00+00:00
[2024-06-18T17:12:46.784-0400] {processor.py:183} INFO - Processing /Users/jbshome/Desktop/us_debt_etl_pipeline/debt_env/lib/python3.12/site-packages/airflow/example_dags/example_latest_only_with_trigger.py took 0.470 seconds
[2024-06-18T17:18:12.435-0400] {processor.py:161} INFO - Started process (PID=24310) to work on /Users/jbshome/Desktop/us_debt_etl_pipeline/debt_env/lib/python3.12/site-packages/airflow/example_dags/example_latest_only_with_trigger.py
[2024-06-18T17:18:12.438-0400] {processor.py:830} INFO - Processing file /Users/jbshome/Desktop/us_debt_etl_pipeline/debt_env/lib/python3.12/site-packages/airflow/example_dags/example_latest_only_with_trigger.py for tasks to queue
[2024-06-18T17:18:12.440-0400] {logging_mixin.py:188} INFO - [2024-06-18T17:18:12.439-0400] {dagbag.py:545} INFO - Filling up the DagBag from /Users/jbshome/Desktop/us_debt_etl_pipeline/debt_env/lib/python3.12/site-packages/airflow/example_dags/example_latest_only_with_trigger.py
[2024-06-18T17:18:12.460-0400] {processor.py:840} INFO - DAG(s) 'latest_only_with_trigger' retrieved from /Users/jbshome/Desktop/us_debt_etl_pipeline/debt_env/lib/python3.12/site-packages/airflow/example_dags/example_latest_only_with_trigger.py
[2024-06-18T17:18:12.993-0400] {logging_mixin.py:188} INFO - [2024-06-18T17:18:12.993-0400] {dag.py:3096} INFO - Sync 1 DAGs
[2024-06-18T17:18:13.071-0400] {logging_mixin.py:188} INFO - [2024-06-18T17:18:13.071-0400] {dag.py:3954} INFO - Setting next_dagrun for latest_only_with_trigger to 2024-06-18 16:00:00+00:00, run_after=2024-06-18 20:00:00+00:00
[2024-06-18T17:18:13.154-0400] {processor.py:183} INFO - Processing /Users/jbshome/Desktop/us_debt_etl_pipeline/debt_env/lib/python3.12/site-packages/airflow/example_dags/example_latest_only_with_trigger.py took 0.725 seconds
[2024-06-18T17:22:31.954-0400] {processor.py:161} INFO - Started process (PID=24635) to work on /Users/jbshome/Desktop/us_debt_etl_pipeline/debt_env/lib/python3.12/site-packages/airflow/example_dags/example_latest_only_with_trigger.py
[2024-06-18T17:22:31.956-0400] {processor.py:830} INFO - Processing file /Users/jbshome/Desktop/us_debt_etl_pipeline/debt_env/lib/python3.12/site-packages/airflow/example_dags/example_latest_only_with_trigger.py for tasks to queue
[2024-06-18T17:22:31.958-0400] {logging_mixin.py:188} INFO - [2024-06-18T17:22:31.957-0400] {dagbag.py:545} INFO - Filling up the DagBag from /Users/jbshome/Desktop/us_debt_etl_pipeline/debt_env/lib/python3.12/site-packages/airflow/example_dags/example_latest_only_with_trigger.py
[2024-06-18T17:22:31.967-0400] {processor.py:840} INFO - DAG(s) 'latest_only_with_trigger' retrieved from /Users/jbshome/Desktop/us_debt_etl_pipeline/debt_env/lib/python3.12/site-packages/airflow/example_dags/example_latest_only_with_trigger.py
[2024-06-18T17:22:32.108-0400] {logging_mixin.py:188} INFO - [2024-06-18T17:22:32.108-0400] {dag.py:3096} INFO - Sync 1 DAGs
[2024-06-18T17:22:32.131-0400] {logging_mixin.py:188} INFO - [2024-06-18T17:22:32.131-0400] {dag.py:3954} INFO - Setting next_dagrun for latest_only_with_trigger to 2024-06-18 16:00:00+00:00, run_after=2024-06-18 20:00:00+00:00
[2024-06-18T17:22:32.156-0400] {processor.py:183} INFO - Processing /Users/jbshome/Desktop/us_debt_etl_pipeline/debt_env/lib/python3.12/site-packages/airflow/example_dags/example_latest_only_with_trigger.py took 0.205 seconds
[2024-06-18T17:27:02.464-0400] {processor.py:161} INFO - Started process (PID=24931) to work on /Users/jbshome/Desktop/us_debt_etl_pipeline/debt_env/lib/python3.12/site-packages/airflow/example_dags/example_latest_only_with_trigger.py
[2024-06-18T17:27:02.467-0400] {processor.py:830} INFO - Processing file /Users/jbshome/Desktop/us_debt_etl_pipeline/debt_env/lib/python3.12/site-packages/airflow/example_dags/example_latest_only_with_trigger.py for tasks to queue
[2024-06-18T17:27:02.468-0400] {logging_mixin.py:188} INFO - [2024-06-18T17:27:02.468-0400] {dagbag.py:545} INFO - Filling up the DagBag from /Users/jbshome/Desktop/us_debt_etl_pipeline/debt_env/lib/python3.12/site-packages/airflow/example_dags/example_latest_only_with_trigger.py
[2024-06-18T17:27:02.491-0400] {processor.py:840} INFO - DAG(s) 'latest_only_with_trigger' retrieved from /Users/jbshome/Desktop/us_debt_etl_pipeline/debt_env/lib/python3.12/site-packages/airflow/example_dags/example_latest_only_with_trigger.py
[2024-06-18T17:27:02.758-0400] {logging_mixin.py:188} INFO - [2024-06-18T17:27:02.757-0400] {dag.py:3096} INFO - Sync 1 DAGs
[2024-06-18T17:27:02.791-0400] {logging_mixin.py:188} INFO - [2024-06-18T17:27:02.791-0400] {dag.py:3954} INFO - Setting next_dagrun for latest_only_with_trigger to 2024-06-18 16:00:00+00:00, run_after=2024-06-18 20:00:00+00:00
[2024-06-18T17:27:02.842-0400] {processor.py:183} INFO - Processing /Users/jbshome/Desktop/us_debt_etl_pipeline/debt_env/lib/python3.12/site-packages/airflow/example_dags/example_latest_only_with_trigger.py took 0.382 seconds
[2024-06-18T17:31:28.449-0400] {processor.py:161} INFO - Started process (PID=25251) to work on /Users/jbshome/Desktop/us_debt_etl_pipeline/debt_env/lib/python3.12/site-packages/airflow/example_dags/example_latest_only_with_trigger.py
[2024-06-18T17:31:28.451-0400] {processor.py:830} INFO - Processing file /Users/jbshome/Desktop/us_debt_etl_pipeline/debt_env/lib/python3.12/site-packages/airflow/example_dags/example_latest_only_with_trigger.py for tasks to queue
[2024-06-18T17:31:28.454-0400] {logging_mixin.py:188} INFO - [2024-06-18T17:31:28.454-0400] {dagbag.py:545} INFO - Filling up the DagBag from /Users/jbshome/Desktop/us_debt_etl_pipeline/debt_env/lib/python3.12/site-packages/airflow/example_dags/example_latest_only_with_trigger.py
[2024-06-18T17:31:28.471-0400] {processor.py:840} INFO - DAG(s) 'latest_only_with_trigger' retrieved from /Users/jbshome/Desktop/us_debt_etl_pipeline/debt_env/lib/python3.12/site-packages/airflow/example_dags/example_latest_only_with_trigger.py
[2024-06-18T17:31:28.735-0400] {logging_mixin.py:188} INFO - [2024-06-18T17:31:28.734-0400] {dag.py:3096} INFO - Sync 1 DAGs
[2024-06-18T17:31:28.772-0400] {logging_mixin.py:188} INFO - [2024-06-18T17:31:28.772-0400] {dag.py:3954} INFO - Setting next_dagrun for latest_only_with_trigger to 2024-06-18 16:00:00+00:00, run_after=2024-06-18 20:00:00+00:00
[2024-06-18T17:31:28.816-0400] {processor.py:183} INFO - Processing /Users/jbshome/Desktop/us_debt_etl_pipeline/debt_env/lib/python3.12/site-packages/airflow/example_dags/example_latest_only_with_trigger.py took 0.373 seconds
[2024-06-18T17:36:50.035-0400] {processor.py:161} INFO - Started process (PID=25794) to work on /Users/jbshome/Desktop/us_debt_etl_pipeline/debt_env/lib/python3.12/site-packages/airflow/example_dags/example_latest_only_with_trigger.py
[2024-06-18T17:36:50.037-0400] {processor.py:830} INFO - Processing file /Users/jbshome/Desktop/us_debt_etl_pipeline/debt_env/lib/python3.12/site-packages/airflow/example_dags/example_latest_only_with_trigger.py for tasks to queue
[2024-06-18T17:36:50.038-0400] {logging_mixin.py:188} INFO - [2024-06-18T17:36:50.038-0400] {dagbag.py:545} INFO - Filling up the DagBag from /Users/jbshome/Desktop/us_debt_etl_pipeline/debt_env/lib/python3.12/site-packages/airflow/example_dags/example_latest_only_with_trigger.py
[2024-06-18T17:36:50.055-0400] {processor.py:840} INFO - DAG(s) 'latest_only_with_trigger' retrieved from /Users/jbshome/Desktop/us_debt_etl_pipeline/debt_env/lib/python3.12/site-packages/airflow/example_dags/example_latest_only_with_trigger.py
[2024-06-18T17:36:50.281-0400] {logging_mixin.py:188} INFO - [2024-06-18T17:36:50.280-0400] {dag.py:3096} INFO - Sync 1 DAGs
[2024-06-18T17:36:50.311-0400] {logging_mixin.py:188} INFO - [2024-06-18T17:36:50.310-0400] {dag.py:3954} INFO - Setting next_dagrun for latest_only_with_trigger to 2024-06-18 16:00:00+00:00, run_after=2024-06-18 20:00:00+00:00
[2024-06-18T17:36:50.342-0400] {processor.py:183} INFO - Processing /Users/jbshome/Desktop/us_debt_etl_pipeline/debt_env/lib/python3.12/site-packages/airflow/example_dags/example_latest_only_with_trigger.py took 0.312 seconds
[2024-06-18T17:45:11.106-0400] {processor.py:161} INFO - Started process (PID=26865) to work on /Users/jbshome/Desktop/us_debt_etl_pipeline/debt_env/lib/python3.12/site-packages/airflow/example_dags/example_latest_only_with_trigger.py
[2024-06-18T17:45:11.108-0400] {processor.py:830} INFO - Processing file /Users/jbshome/Desktop/us_debt_etl_pipeline/debt_env/lib/python3.12/site-packages/airflow/example_dags/example_latest_only_with_trigger.py for tasks to queue
[2024-06-18T17:45:11.109-0400] {logging_mixin.py:188} INFO - [2024-06-18T17:45:11.109-0400] {dagbag.py:545} INFO - Filling up the DagBag from /Users/jbshome/Desktop/us_debt_etl_pipeline/debt_env/lib/python3.12/site-packages/airflow/example_dags/example_latest_only_with_trigger.py
[2024-06-18T17:45:11.119-0400] {processor.py:840} INFO - DAG(s) 'latest_only_with_trigger' retrieved from /Users/jbshome/Desktop/us_debt_etl_pipeline/debt_env/lib/python3.12/site-packages/airflow/example_dags/example_latest_only_with_trigger.py
[2024-06-18T17:45:11.339-0400] {logging_mixin.py:188} INFO - [2024-06-18T17:45:11.306-0400] {dag.py:3096} INFO - Sync 1 DAGs
[2024-06-18T17:45:11.383-0400] {logging_mixin.py:188} INFO - [2024-06-18T17:45:11.383-0400] {dag.py:3954} INFO - Setting next_dagrun for latest_only_with_trigger to 2024-06-18 16:00:00+00:00, run_after=2024-06-18 20:00:00+00:00
[2024-06-18T17:45:11.409-0400] {processor.py:183} INFO - Processing /Users/jbshome/Desktop/us_debt_etl_pipeline/debt_env/lib/python3.12/site-packages/airflow/example_dags/example_latest_only_with_trigger.py took 0.306 seconds
[2024-06-18T17:49:32.217-0400] {processor.py:161} INFO - Started process (PID=27785) to work on /Users/jbshome/Desktop/us_debt_etl_pipeline/debt_env/lib/python3.12/site-packages/airflow/example_dags/example_latest_only_with_trigger.py
[2024-06-18T17:49:32.219-0400] {processor.py:830} INFO - Processing file /Users/jbshome/Desktop/us_debt_etl_pipeline/debt_env/lib/python3.12/site-packages/airflow/example_dags/example_latest_only_with_trigger.py for tasks to queue
[2024-06-18T17:49:32.221-0400] {logging_mixin.py:188} INFO - [2024-06-18T17:49:32.220-0400] {dagbag.py:545} INFO - Filling up the DagBag from /Users/jbshome/Desktop/us_debt_etl_pipeline/debt_env/lib/python3.12/site-packages/airflow/example_dags/example_latest_only_with_trigger.py
[2024-06-18T17:49:32.243-0400] {processor.py:840} INFO - DAG(s) 'latest_only_with_trigger' retrieved from /Users/jbshome/Desktop/us_debt_etl_pipeline/debt_env/lib/python3.12/site-packages/airflow/example_dags/example_latest_only_with_trigger.py
[2024-06-18T17:49:32.517-0400] {logging_mixin.py:188} INFO - [2024-06-18T17:49:32.516-0400] {dag.py:3096} INFO - Sync 1 DAGs
[2024-06-18T17:49:32.553-0400] {logging_mixin.py:188} INFO - [2024-06-18T17:49:32.553-0400] {dag.py:3954} INFO - Setting next_dagrun for latest_only_with_trigger to 2024-06-18 16:00:00+00:00, run_after=2024-06-18 20:00:00+00:00
[2024-06-18T17:49:32.604-0400] {processor.py:183} INFO - Processing /Users/jbshome/Desktop/us_debt_etl_pipeline/debt_env/lib/python3.12/site-packages/airflow/example_dags/example_latest_only_with_trigger.py took 0.396 seconds
