[2024-06-18T16:31:33.119-0400] {processor.py:161} INFO - Started process (PID=20130) to work on /Users/jbshome/Desktop/us_debt_etl_pipeline/debt_env/lib/python3.12/site-packages/airflow/example_dags/example_params_trigger_ui.py
[2024-06-18T16:31:33.122-0400] {processor.py:830} INFO - Processing file /Users/jbshome/Desktop/us_debt_etl_pipeline/debt_env/lib/python3.12/site-packages/airflow/example_dags/example_params_trigger_ui.py for tasks to queue
[2024-06-18T16:31:33.124-0400] {logging_mixin.py:188} INFO - [2024-06-18T16:31:33.123-0400] {dagbag.py:545} INFO - Filling up the DagBag from /Users/jbshome/Desktop/us_debt_etl_pipeline/debt_env/lib/python3.12/site-packages/airflow/example_dags/example_params_trigger_ui.py
[2024-06-18T16:31:33.265-0400] {processor.py:840} INFO - DAG(s) 'example_params_trigger_ui' retrieved from /Users/jbshome/Desktop/us_debt_etl_pipeline/debt_env/lib/python3.12/site-packages/airflow/example_dags/example_params_trigger_ui.py
[2024-06-18T16:31:33.852-0400] {logging_mixin.py:188} INFO - [2024-06-18T16:31:33.851-0400] {override.py:1829} INFO - Created Permission View: can edit on DAG:example_params_trigger_ui
[2024-06-18T16:31:33.871-0400] {logging_mixin.py:188} INFO - [2024-06-18T16:31:33.871-0400] {override.py:1829} INFO - Created Permission View: can read on DAG:example_params_trigger_ui
[2024-06-18T16:31:33.887-0400] {logging_mixin.py:188} INFO - [2024-06-18T16:31:33.887-0400] {override.py:1829} INFO - Created Permission View: can delete on DAG:example_params_trigger_ui
[2024-06-18T16:31:33.888-0400] {logging_mixin.py:188} INFO - [2024-06-18T16:31:33.887-0400] {dag.py:3096} INFO - Sync 1 DAGs
[2024-06-18T16:31:33.906-0400] {logging_mixin.py:188} INFO - [2024-06-18T16:31:33.906-0400] {dag.py:3118} INFO - Creating ORM DAG for example_params_trigger_ui
[2024-06-18T16:31:33.907-0400] {logging_mixin.py:188} INFO - [2024-06-18T16:31:33.907-0400] {dag.py:3954} INFO - Setting next_dagrun for example_params_trigger_ui to None, run_after=None
[2024-06-18T16:31:33.951-0400] {processor.py:183} INFO - Processing /Users/jbshome/Desktop/us_debt_etl_pipeline/debt_env/lib/python3.12/site-packages/airflow/example_dags/example_params_trigger_ui.py took 0.837 seconds
[2024-06-18T16:35:14.612-0400] {processor.py:161} INFO - Started process (PID=20325) to work on /Users/jbshome/Desktop/us_debt_etl_pipeline/debt_env/lib/python3.12/site-packages/airflow/example_dags/example_params_trigger_ui.py
[2024-06-18T16:35:14.614-0400] {processor.py:830} INFO - Processing file /Users/jbshome/Desktop/us_debt_etl_pipeline/debt_env/lib/python3.12/site-packages/airflow/example_dags/example_params_trigger_ui.py for tasks to queue
[2024-06-18T16:35:14.616-0400] {logging_mixin.py:188} INFO - [2024-06-18T16:35:14.615-0400] {dagbag.py:545} INFO - Filling up the DagBag from /Users/jbshome/Desktop/us_debt_etl_pipeline/debt_env/lib/python3.12/site-packages/airflow/example_dags/example_params_trigger_ui.py
[2024-06-18T16:35:14.677-0400] {processor.py:840} INFO - DAG(s) 'example_params_trigger_ui' retrieved from /Users/jbshome/Desktop/us_debt_etl_pipeline/debt_env/lib/python3.12/site-packages/airflow/example_dags/example_params_trigger_ui.py
[2024-06-18T16:35:14.857-0400] {logging_mixin.py:188} INFO - [2024-06-18T16:35:14.857-0400] {dag.py:3096} INFO - Sync 1 DAGs
[2024-06-18T16:35:14.874-0400] {logging_mixin.py:188} INFO - [2024-06-18T16:35:14.873-0400] {dag.py:3954} INFO - Setting next_dagrun for example_params_trigger_ui to None, run_after=None
[2024-06-18T16:35:14.899-0400] {processor.py:183} INFO - Processing /Users/jbshome/Desktop/us_debt_etl_pipeline/debt_env/lib/python3.12/site-packages/airflow/example_dags/example_params_trigger_ui.py took 0.290 seconds
[2024-06-18T16:38:36.724-0400] {processor.py:161} INFO - Started process (PID=20500) to work on /Users/jbshome/Desktop/us_debt_etl_pipeline/debt_env/lib/python3.12/site-packages/airflow/example_dags/example_params_trigger_ui.py
[2024-06-18T16:38:36.728-0400] {processor.py:830} INFO - Processing file /Users/jbshome/Desktop/us_debt_etl_pipeline/debt_env/lib/python3.12/site-packages/airflow/example_dags/example_params_trigger_ui.py for tasks to queue
[2024-06-18T16:38:36.729-0400] {logging_mixin.py:188} INFO - [2024-06-18T16:38:36.729-0400] {dagbag.py:545} INFO - Filling up the DagBag from /Users/jbshome/Desktop/us_debt_etl_pipeline/debt_env/lib/python3.12/site-packages/airflow/example_dags/example_params_trigger_ui.py
[2024-06-18T16:38:36.838-0400] {processor.py:840} INFO - DAG(s) 'example_params_trigger_ui' retrieved from /Users/jbshome/Desktop/us_debt_etl_pipeline/debt_env/lib/python3.12/site-packages/airflow/example_dags/example_params_trigger_ui.py
[2024-06-18T16:38:37.183-0400] {logging_mixin.py:188} INFO - [2024-06-18T16:38:37.182-0400] {dag.py:3096} INFO - Sync 1 DAGs
[2024-06-18T16:38:37.236-0400] {logging_mixin.py:188} INFO - [2024-06-18T16:38:37.236-0400] {dag.py:3954} INFO - Setting next_dagrun for example_params_trigger_ui to None, run_after=None
[2024-06-18T16:38:37.291-0400] {processor.py:183} INFO - Processing /Users/jbshome/Desktop/us_debt_etl_pipeline/debt_env/lib/python3.12/site-packages/airflow/example_dags/example_params_trigger_ui.py took 0.575 seconds
[2024-06-18T16:41:41.041-0400] {processor.py:161} INFO - Started process (PID=20832) to work on /Users/jbshome/Desktop/us_debt_etl_pipeline/debt_env/lib/python3.12/site-packages/airflow/example_dags/example_params_trigger_ui.py
[2024-06-18T16:41:41.043-0400] {processor.py:830} INFO - Processing file /Users/jbshome/Desktop/us_debt_etl_pipeline/debt_env/lib/python3.12/site-packages/airflow/example_dags/example_params_trigger_ui.py for tasks to queue
[2024-06-18T16:41:41.044-0400] {logging_mixin.py:188} INFO - [2024-06-18T16:41:41.043-0400] {dagbag.py:545} INFO - Filling up the DagBag from /Users/jbshome/Desktop/us_debt_etl_pipeline/debt_env/lib/python3.12/site-packages/airflow/example_dags/example_params_trigger_ui.py
[2024-06-18T16:41:41.089-0400] {processor.py:840} INFO - DAG(s) 'example_params_trigger_ui' retrieved from /Users/jbshome/Desktop/us_debt_etl_pipeline/debt_env/lib/python3.12/site-packages/airflow/example_dags/example_params_trigger_ui.py
[2024-06-18T16:41:41.285-0400] {logging_mixin.py:188} INFO - [2024-06-18T16:41:41.285-0400] {dag.py:3096} INFO - Sync 1 DAGs
[2024-06-18T16:41:41.296-0400] {logging_mixin.py:188} INFO - [2024-06-18T16:41:41.296-0400] {dag.py:3954} INFO - Setting next_dagrun for example_params_trigger_ui to None, run_after=None
[2024-06-18T16:41:41.317-0400] {processor.py:183} INFO - Processing /Users/jbshome/Desktop/us_debt_etl_pipeline/debt_env/lib/python3.12/site-packages/airflow/example_dags/example_params_trigger_ui.py took 0.279 seconds
[2024-06-18T16:44:42.173-0400] {processor.py:161} INFO - Started process (PID=21453) to work on /Users/jbshome/Desktop/us_debt_etl_pipeline/debt_env/lib/python3.12/site-packages/airflow/example_dags/example_params_trigger_ui.py
[2024-06-18T16:44:42.175-0400] {processor.py:830} INFO - Processing file /Users/jbshome/Desktop/us_debt_etl_pipeline/debt_env/lib/python3.12/site-packages/airflow/example_dags/example_params_trigger_ui.py for tasks to queue
[2024-06-18T16:44:42.176-0400] {logging_mixin.py:188} INFO - [2024-06-18T16:44:42.176-0400] {dagbag.py:545} INFO - Filling up the DagBag from /Users/jbshome/Desktop/us_debt_etl_pipeline/debt_env/lib/python3.12/site-packages/airflow/example_dags/example_params_trigger_ui.py
[2024-06-18T16:44:42.249-0400] {processor.py:840} INFO - DAG(s) 'example_params_trigger_ui' retrieved from /Users/jbshome/Desktop/us_debt_etl_pipeline/debt_env/lib/python3.12/site-packages/airflow/example_dags/example_params_trigger_ui.py
[2024-06-18T16:44:42.425-0400] {logging_mixin.py:188} INFO - [2024-06-18T16:44:42.425-0400] {dag.py:3096} INFO - Sync 1 DAGs
[2024-06-18T16:44:42.440-0400] {logging_mixin.py:188} INFO - [2024-06-18T16:44:42.440-0400] {dag.py:3954} INFO - Setting next_dagrun for example_params_trigger_ui to None, run_after=None
[2024-06-18T16:44:42.467-0400] {processor.py:183} INFO - Processing /Users/jbshome/Desktop/us_debt_etl_pipeline/debt_env/lib/python3.12/site-packages/airflow/example_dags/example_params_trigger_ui.py took 0.298 seconds
[2024-06-18T16:47:41.623-0400] {processor.py:161} INFO - Started process (PID=21620) to work on /Users/jbshome/Desktop/us_debt_etl_pipeline/debt_env/lib/python3.12/site-packages/airflow/example_dags/example_params_trigger_ui.py
[2024-06-18T16:47:41.626-0400] {processor.py:830} INFO - Processing file /Users/jbshome/Desktop/us_debt_etl_pipeline/debt_env/lib/python3.12/site-packages/airflow/example_dags/example_params_trigger_ui.py for tasks to queue
[2024-06-18T16:47:41.627-0400] {logging_mixin.py:188} INFO - [2024-06-18T16:47:41.627-0400] {dagbag.py:545} INFO - Filling up the DagBag from /Users/jbshome/Desktop/us_debt_etl_pipeline/debt_env/lib/python3.12/site-packages/airflow/example_dags/example_params_trigger_ui.py
[2024-06-18T16:47:41.683-0400] {processor.py:840} INFO - DAG(s) 'example_params_trigger_ui' retrieved from /Users/jbshome/Desktop/us_debt_etl_pipeline/debt_env/lib/python3.12/site-packages/airflow/example_dags/example_params_trigger_ui.py
[2024-06-18T16:47:41.906-0400] {logging_mixin.py:188} INFO - [2024-06-18T16:47:41.906-0400] {dag.py:3096} INFO - Sync 1 DAGs
[2024-06-18T16:47:41.925-0400] {logging_mixin.py:188} INFO - [2024-06-18T16:47:41.925-0400] {dag.py:3954} INFO - Setting next_dagrun for example_params_trigger_ui to None, run_after=None
[2024-06-18T16:47:41.952-0400] {processor.py:183} INFO - Processing /Users/jbshome/Desktop/us_debt_etl_pipeline/debt_env/lib/python3.12/site-packages/airflow/example_dags/example_params_trigger_ui.py took 0.332 seconds
[2024-06-18T16:50:52.648-0400] {processor.py:161} INFO - Started process (PID=21801) to work on /Users/jbshome/Desktop/us_debt_etl_pipeline/debt_env/lib/python3.12/site-packages/airflow/example_dags/example_params_trigger_ui.py
[2024-06-18T16:50:52.652-0400] {processor.py:830} INFO - Processing file /Users/jbshome/Desktop/us_debt_etl_pipeline/debt_env/lib/python3.12/site-packages/airflow/example_dags/example_params_trigger_ui.py for tasks to queue
[2024-06-18T16:50:52.653-0400] {logging_mixin.py:188} INFO - [2024-06-18T16:50:52.653-0400] {dagbag.py:545} INFO - Filling up the DagBag from /Users/jbshome/Desktop/us_debt_etl_pipeline/debt_env/lib/python3.12/site-packages/airflow/example_dags/example_params_trigger_ui.py
[2024-06-18T16:50:52.781-0400] {processor.py:840} INFO - DAG(s) 'example_params_trigger_ui' retrieved from /Users/jbshome/Desktop/us_debt_etl_pipeline/debt_env/lib/python3.12/site-packages/airflow/example_dags/example_params_trigger_ui.py
[2024-06-18T16:50:53.213-0400] {logging_mixin.py:188} INFO - [2024-06-18T16:50:53.208-0400] {dag.py:3096} INFO - Sync 1 DAGs
[2024-06-18T16:50:53.246-0400] {logging_mixin.py:188} INFO - [2024-06-18T16:50:53.245-0400] {dag.py:3954} INFO - Setting next_dagrun for example_params_trigger_ui to None, run_after=None
[2024-06-18T16:50:53.301-0400] {processor.py:183} INFO - Processing /Users/jbshome/Desktop/us_debt_etl_pipeline/debt_env/lib/python3.12/site-packages/airflow/example_dags/example_params_trigger_ui.py took 0.659 seconds
[2024-06-18T16:53:56.688-0400] {processor.py:161} INFO - Started process (PID=21953) to work on /Users/jbshome/Desktop/us_debt_etl_pipeline/debt_env/lib/python3.12/site-packages/airflow/example_dags/example_params_trigger_ui.py
[2024-06-18T16:53:56.690-0400] {processor.py:830} INFO - Processing file /Users/jbshome/Desktop/us_debt_etl_pipeline/debt_env/lib/python3.12/site-packages/airflow/example_dags/example_params_trigger_ui.py for tasks to queue
[2024-06-18T16:53:56.691-0400] {logging_mixin.py:188} INFO - [2024-06-18T16:53:56.690-0400] {dagbag.py:545} INFO - Filling up the DagBag from /Users/jbshome/Desktop/us_debt_etl_pipeline/debt_env/lib/python3.12/site-packages/airflow/example_dags/example_params_trigger_ui.py
[2024-06-18T16:53:56.738-0400] {processor.py:840} INFO - DAG(s) 'example_params_trigger_ui' retrieved from /Users/jbshome/Desktop/us_debt_etl_pipeline/debt_env/lib/python3.12/site-packages/airflow/example_dags/example_params_trigger_ui.py
[2024-06-18T16:53:56.898-0400] {logging_mixin.py:188} INFO - [2024-06-18T16:53:56.897-0400] {dag.py:3096} INFO - Sync 1 DAGs
[2024-06-18T16:53:56.911-0400] {logging_mixin.py:188} INFO - [2024-06-18T16:53:56.910-0400] {dag.py:3954} INFO - Setting next_dagrun for example_params_trigger_ui to None, run_after=None
[2024-06-18T16:53:56.939-0400] {processor.py:183} INFO - Processing /Users/jbshome/Desktop/us_debt_etl_pipeline/debt_env/lib/python3.12/site-packages/airflow/example_dags/example_params_trigger_ui.py took 0.254 seconds
[2024-06-18T16:57:04.885-0400] {processor.py:161} INFO - Started process (PID=22419) to work on /Users/jbshome/Desktop/us_debt_etl_pipeline/debt_env/lib/python3.12/site-packages/airflow/example_dags/example_params_trigger_ui.py
[2024-06-18T16:57:04.886-0400] {processor.py:830} INFO - Processing file /Users/jbshome/Desktop/us_debt_etl_pipeline/debt_env/lib/python3.12/site-packages/airflow/example_dags/example_params_trigger_ui.py for tasks to queue
[2024-06-18T16:57:04.887-0400] {logging_mixin.py:188} INFO - [2024-06-18T16:57:04.887-0400] {dagbag.py:545} INFO - Filling up the DagBag from /Users/jbshome/Desktop/us_debt_etl_pipeline/debt_env/lib/python3.12/site-packages/airflow/example_dags/example_params_trigger_ui.py
[2024-06-18T16:57:04.954-0400] {processor.py:840} INFO - DAG(s) 'example_params_trigger_ui' retrieved from /Users/jbshome/Desktop/us_debt_etl_pipeline/debt_env/lib/python3.12/site-packages/airflow/example_dags/example_params_trigger_ui.py
[2024-06-18T16:57:05.138-0400] {logging_mixin.py:188} INFO - [2024-06-18T16:57:05.137-0400] {dag.py:3096} INFO - Sync 1 DAGs
[2024-06-18T16:57:05.154-0400] {logging_mixin.py:188} INFO - [2024-06-18T16:57:05.153-0400] {dag.py:3954} INFO - Setting next_dagrun for example_params_trigger_ui to None, run_after=None
[2024-06-18T16:57:05.184-0400] {processor.py:183} INFO - Processing /Users/jbshome/Desktop/us_debt_etl_pipeline/debt_env/lib/python3.12/site-packages/airflow/example_dags/example_params_trigger_ui.py took 0.304 seconds
[2024-06-18T17:00:28.860-0400] {processor.py:161} INFO - Started process (PID=22625) to work on /Users/jbshome/Desktop/us_debt_etl_pipeline/debt_env/lib/python3.12/site-packages/airflow/example_dags/example_params_trigger_ui.py
[2024-06-18T17:00:28.864-0400] {processor.py:830} INFO - Processing file /Users/jbshome/Desktop/us_debt_etl_pipeline/debt_env/lib/python3.12/site-packages/airflow/example_dags/example_params_trigger_ui.py for tasks to queue
[2024-06-18T17:00:28.866-0400] {logging_mixin.py:188} INFO - [2024-06-18T17:00:28.866-0400] {dagbag.py:545} INFO - Filling up the DagBag from /Users/jbshome/Desktop/us_debt_etl_pipeline/debt_env/lib/python3.12/site-packages/airflow/example_dags/example_params_trigger_ui.py
[2024-06-18T17:00:29.008-0400] {processor.py:840} INFO - DAG(s) 'example_params_trigger_ui' retrieved from /Users/jbshome/Desktop/us_debt_etl_pipeline/debt_env/lib/python3.12/site-packages/airflow/example_dags/example_params_trigger_ui.py
[2024-06-18T17:00:29.474-0400] {logging_mixin.py:188} INFO - [2024-06-18T17:00:29.473-0400] {dag.py:3096} INFO - Sync 1 DAGs
[2024-06-18T17:00:29.507-0400] {logging_mixin.py:188} INFO - [2024-06-18T17:00:29.506-0400] {dag.py:3954} INFO - Setting next_dagrun for example_params_trigger_ui to None, run_after=None
[2024-06-18T17:00:29.567-0400] {processor.py:183} INFO - Processing /Users/jbshome/Desktop/us_debt_etl_pipeline/debt_env/lib/python3.12/site-packages/airflow/example_dags/example_params_trigger_ui.py took 0.716 seconds
[2024-06-18T17:04:28.443-0400] {processor.py:161} INFO - Started process (PID=22873) to work on /Users/jbshome/Desktop/us_debt_etl_pipeline/debt_env/lib/python3.12/site-packages/airflow/example_dags/example_params_trigger_ui.py
[2024-06-18T17:04:28.446-0400] {processor.py:830} INFO - Processing file /Users/jbshome/Desktop/us_debt_etl_pipeline/debt_env/lib/python3.12/site-packages/airflow/example_dags/example_params_trigger_ui.py for tasks to queue
[2024-06-18T17:04:28.447-0400] {logging_mixin.py:188} INFO - [2024-06-18T17:04:28.447-0400] {dagbag.py:545} INFO - Filling up the DagBag from /Users/jbshome/Desktop/us_debt_etl_pipeline/debt_env/lib/python3.12/site-packages/airflow/example_dags/example_params_trigger_ui.py
[2024-06-18T17:04:28.507-0400] {processor.py:840} INFO - DAG(s) 'example_params_trigger_ui' retrieved from /Users/jbshome/Desktop/us_debt_etl_pipeline/debt_env/lib/python3.12/site-packages/airflow/example_dags/example_params_trigger_ui.py
[2024-06-18T17:04:28.720-0400] {logging_mixin.py:188} INFO - [2024-06-18T17:04:28.720-0400] {dag.py:3096} INFO - Sync 1 DAGs
[2024-06-18T17:04:28.735-0400] {logging_mixin.py:188} INFO - [2024-06-18T17:04:28.735-0400] {dag.py:3954} INFO - Setting next_dagrun for example_params_trigger_ui to None, run_after=None
[2024-06-18T17:04:28.763-0400] {processor.py:183} INFO - Processing /Users/jbshome/Desktop/us_debt_etl_pipeline/debt_env/lib/python3.12/site-packages/airflow/example_dags/example_params_trigger_ui.py took 0.324 seconds
[2024-06-18T17:08:08.791-0400] {processor.py:161} INFO - Started process (PID=23580) to work on /Users/jbshome/Desktop/us_debt_etl_pipeline/debt_env/lib/python3.12/site-packages/airflow/example_dags/example_params_trigger_ui.py
[2024-06-18T17:08:08.793-0400] {processor.py:830} INFO - Processing file /Users/jbshome/Desktop/us_debt_etl_pipeline/debt_env/lib/python3.12/site-packages/airflow/example_dags/example_params_trigger_ui.py for tasks to queue
[2024-06-18T17:08:08.795-0400] {logging_mixin.py:188} INFO - [2024-06-18T17:08:08.795-0400] {dagbag.py:545} INFO - Filling up the DagBag from /Users/jbshome/Desktop/us_debt_etl_pipeline/debt_env/lib/python3.12/site-packages/airflow/example_dags/example_params_trigger_ui.py
[2024-06-18T17:08:08.870-0400] {processor.py:840} INFO - DAG(s) 'example_params_trigger_ui' retrieved from /Users/jbshome/Desktop/us_debt_etl_pipeline/debt_env/lib/python3.12/site-packages/airflow/example_dags/example_params_trigger_ui.py
[2024-06-18T17:08:09.135-0400] {logging_mixin.py:188} INFO - [2024-06-18T17:08:09.135-0400] {dag.py:3096} INFO - Sync 1 DAGs
[2024-06-18T17:08:09.159-0400] {logging_mixin.py:188} INFO - [2024-06-18T17:08:09.158-0400] {dag.py:3954} INFO - Setting next_dagrun for example_params_trigger_ui to None, run_after=None
[2024-06-18T17:08:09.194-0400] {processor.py:183} INFO - Processing /Users/jbshome/Desktop/us_debt_etl_pipeline/debt_env/lib/python3.12/site-packages/airflow/example_dags/example_params_trigger_ui.py took 0.408 seconds
[2024-06-18T17:12:23.364-0400] {processor.py:161} INFO - Started process (PID=23946) to work on /Users/jbshome/Desktop/us_debt_etl_pipeline/debt_env/lib/python3.12/site-packages/airflow/example_dags/example_params_trigger_ui.py
[2024-06-18T17:12:23.366-0400] {processor.py:830} INFO - Processing file /Users/jbshome/Desktop/us_debt_etl_pipeline/debt_env/lib/python3.12/site-packages/airflow/example_dags/example_params_trigger_ui.py for tasks to queue
[2024-06-18T17:12:23.368-0400] {logging_mixin.py:188} INFO - [2024-06-18T17:12:23.367-0400] {dagbag.py:545} INFO - Filling up the DagBag from /Users/jbshome/Desktop/us_debt_etl_pipeline/debt_env/lib/python3.12/site-packages/airflow/example_dags/example_params_trigger_ui.py
[2024-06-18T17:12:23.448-0400] {processor.py:840} INFO - DAG(s) 'example_params_trigger_ui' retrieved from /Users/jbshome/Desktop/us_debt_etl_pipeline/debt_env/lib/python3.12/site-packages/airflow/example_dags/example_params_trigger_ui.py
[2024-06-18T17:12:23.749-0400] {logging_mixin.py:188} INFO - [2024-06-18T17:12:23.748-0400] {dag.py:3096} INFO - Sync 1 DAGs
[2024-06-18T17:12:23.773-0400] {logging_mixin.py:188} INFO - [2024-06-18T17:12:23.773-0400] {dag.py:3954} INFO - Setting next_dagrun for example_params_trigger_ui to None, run_after=None
[2024-06-18T17:12:23.822-0400] {processor.py:183} INFO - Processing /Users/jbshome/Desktop/us_debt_etl_pipeline/debt_env/lib/python3.12/site-packages/airflow/example_dags/example_params_trigger_ui.py took 0.462 seconds
[2024-06-18T17:17:49.745-0400] {processor.py:161} INFO - Started process (PID=24286) to work on /Users/jbshome/Desktop/us_debt_etl_pipeline/debt_env/lib/python3.12/site-packages/airflow/example_dags/example_params_trigger_ui.py
[2024-06-18T17:17:49.748-0400] {processor.py:830} INFO - Processing file /Users/jbshome/Desktop/us_debt_etl_pipeline/debt_env/lib/python3.12/site-packages/airflow/example_dags/example_params_trigger_ui.py for tasks to queue
[2024-06-18T17:17:49.749-0400] {logging_mixin.py:188} INFO - [2024-06-18T17:17:49.749-0400] {dagbag.py:545} INFO - Filling up the DagBag from /Users/jbshome/Desktop/us_debt_etl_pipeline/debt_env/lib/python3.12/site-packages/airflow/example_dags/example_params_trigger_ui.py
[2024-06-18T17:17:49.827-0400] {processor.py:840} INFO - DAG(s) 'example_params_trigger_ui' retrieved from /Users/jbshome/Desktop/us_debt_etl_pipeline/debt_env/lib/python3.12/site-packages/airflow/example_dags/example_params_trigger_ui.py
[2024-06-18T17:17:50.088-0400] {logging_mixin.py:188} INFO - [2024-06-18T17:17:50.087-0400] {dag.py:3096} INFO - Sync 1 DAGs
[2024-06-18T17:17:50.115-0400] {logging_mixin.py:188} INFO - [2024-06-18T17:17:50.115-0400] {dag.py:3954} INFO - Setting next_dagrun for example_params_trigger_ui to None, run_after=None
[2024-06-18T17:17:50.198-0400] {processor.py:183} INFO - Processing /Users/jbshome/Desktop/us_debt_etl_pipeline/debt_env/lib/python3.12/site-packages/airflow/example_dags/example_params_trigger_ui.py took 0.457 seconds
[2024-06-18T17:22:15.506-0400] {processor.py:161} INFO - Started process (PID=24617) to work on /Users/jbshome/Desktop/us_debt_etl_pipeline/debt_env/lib/python3.12/site-packages/airflow/example_dags/example_params_trigger_ui.py
[2024-06-18T17:22:15.509-0400] {processor.py:830} INFO - Processing file /Users/jbshome/Desktop/us_debt_etl_pipeline/debt_env/lib/python3.12/site-packages/airflow/example_dags/example_params_trigger_ui.py for tasks to queue
[2024-06-18T17:22:15.510-0400] {logging_mixin.py:188} INFO - [2024-06-18T17:22:15.510-0400] {dagbag.py:545} INFO - Filling up the DagBag from /Users/jbshome/Desktop/us_debt_etl_pipeline/debt_env/lib/python3.12/site-packages/airflow/example_dags/example_params_trigger_ui.py
[2024-06-18T17:22:15.586-0400] {processor.py:840} INFO - DAG(s) 'example_params_trigger_ui' retrieved from /Users/jbshome/Desktop/us_debt_etl_pipeline/debt_env/lib/python3.12/site-packages/airflow/example_dags/example_params_trigger_ui.py
[2024-06-18T17:22:16.056-0400] {logging_mixin.py:188} INFO - [2024-06-18T17:22:16.056-0400] {dag.py:3096} INFO - Sync 1 DAGs
[2024-06-18T17:22:16.085-0400] {logging_mixin.py:188} INFO - [2024-06-18T17:22:16.085-0400] {dag.py:3954} INFO - Setting next_dagrun for example_params_trigger_ui to None, run_after=None
[2024-06-18T17:22:16.130-0400] {processor.py:183} INFO - Processing /Users/jbshome/Desktop/us_debt_etl_pipeline/debt_env/lib/python3.12/site-packages/airflow/example_dags/example_params_trigger_ui.py took 0.628 seconds
[2024-06-18T17:26:42.238-0400] {processor.py:161} INFO - Started process (PID=24910) to work on /Users/jbshome/Desktop/us_debt_etl_pipeline/debt_env/lib/python3.12/site-packages/airflow/example_dags/example_params_trigger_ui.py
[2024-06-18T17:26:42.239-0400] {processor.py:830} INFO - Processing file /Users/jbshome/Desktop/us_debt_etl_pipeline/debt_env/lib/python3.12/site-packages/airflow/example_dags/example_params_trigger_ui.py for tasks to queue
[2024-06-18T17:26:42.240-0400] {logging_mixin.py:188} INFO - [2024-06-18T17:26:42.240-0400] {dagbag.py:545} INFO - Filling up the DagBag from /Users/jbshome/Desktop/us_debt_etl_pipeline/debt_env/lib/python3.12/site-packages/airflow/example_dags/example_params_trigger_ui.py
[2024-06-18T17:26:42.354-0400] {processor.py:840} INFO - DAG(s) 'example_params_trigger_ui' retrieved from /Users/jbshome/Desktop/us_debt_etl_pipeline/debt_env/lib/python3.12/site-packages/airflow/example_dags/example_params_trigger_ui.py
[2024-06-18T17:26:42.675-0400] {logging_mixin.py:188} INFO - [2024-06-18T17:26:42.675-0400] {dag.py:3096} INFO - Sync 1 DAGs
[2024-06-18T17:26:42.696-0400] {logging_mixin.py:188} INFO - [2024-06-18T17:26:42.696-0400] {dag.py:3954} INFO - Setting next_dagrun for example_params_trigger_ui to None, run_after=None
[2024-06-18T17:26:42.735-0400] {processor.py:183} INFO - Processing /Users/jbshome/Desktop/us_debt_etl_pipeline/debt_env/lib/python3.12/site-packages/airflow/example_dags/example_params_trigger_ui.py took 0.501 seconds
[2024-06-18T17:31:14.517-0400] {processor.py:161} INFO - Started process (PID=25233) to work on /Users/jbshome/Desktop/us_debt_etl_pipeline/debt_env/lib/python3.12/site-packages/airflow/example_dags/example_params_trigger_ui.py
[2024-06-18T17:31:14.519-0400] {processor.py:830} INFO - Processing file /Users/jbshome/Desktop/us_debt_etl_pipeline/debt_env/lib/python3.12/site-packages/airflow/example_dags/example_params_trigger_ui.py for tasks to queue
[2024-06-18T17:31:14.521-0400] {logging_mixin.py:188} INFO - [2024-06-18T17:31:14.520-0400] {dagbag.py:545} INFO - Filling up the DagBag from /Users/jbshome/Desktop/us_debt_etl_pipeline/debt_env/lib/python3.12/site-packages/airflow/example_dags/example_params_trigger_ui.py
[2024-06-18T17:31:14.597-0400] {processor.py:840} INFO - DAG(s) 'example_params_trigger_ui' retrieved from /Users/jbshome/Desktop/us_debt_etl_pipeline/debt_env/lib/python3.12/site-packages/airflow/example_dags/example_params_trigger_ui.py
[2024-06-18T17:31:14.875-0400] {logging_mixin.py:188} INFO - [2024-06-18T17:31:14.875-0400] {dag.py:3096} INFO - Sync 1 DAGs
[2024-06-18T17:31:14.895-0400] {logging_mixin.py:188} INFO - [2024-06-18T17:31:14.895-0400] {dag.py:3954} INFO - Setting next_dagrun for example_params_trigger_ui to None, run_after=None
[2024-06-18T17:31:14.931-0400] {processor.py:183} INFO - Processing /Users/jbshome/Desktop/us_debt_etl_pipeline/debt_env/lib/python3.12/site-packages/airflow/example_dags/example_params_trigger_ui.py took 0.418 seconds
[2024-06-18T17:36:34.044-0400] {processor.py:161} INFO - Started process (PID=25776) to work on /Users/jbshome/Desktop/us_debt_etl_pipeline/debt_env/lib/python3.12/site-packages/airflow/example_dags/example_params_trigger_ui.py
[2024-06-18T17:36:34.046-0400] {processor.py:830} INFO - Processing file /Users/jbshome/Desktop/us_debt_etl_pipeline/debt_env/lib/python3.12/site-packages/airflow/example_dags/example_params_trigger_ui.py for tasks to queue
[2024-06-18T17:36:34.047-0400] {logging_mixin.py:188} INFO - [2024-06-18T17:36:34.046-0400] {dagbag.py:545} INFO - Filling up the DagBag from /Users/jbshome/Desktop/us_debt_etl_pipeline/debt_env/lib/python3.12/site-packages/airflow/example_dags/example_params_trigger_ui.py
[2024-06-18T17:36:34.114-0400] {processor.py:840} INFO - DAG(s) 'example_params_trigger_ui' retrieved from /Users/jbshome/Desktop/us_debt_etl_pipeline/debt_env/lib/python3.12/site-packages/airflow/example_dags/example_params_trigger_ui.py
[2024-06-18T17:36:34.315-0400] {logging_mixin.py:188} INFO - [2024-06-18T17:36:34.314-0400] {dag.py:3096} INFO - Sync 1 DAGs
[2024-06-18T17:36:34.336-0400] {logging_mixin.py:188} INFO - [2024-06-18T17:36:34.336-0400] {dag.py:3954} INFO - Setting next_dagrun for example_params_trigger_ui to None, run_after=None
[2024-06-18T17:36:34.367-0400] {processor.py:183} INFO - Processing /Users/jbshome/Desktop/us_debt_etl_pipeline/debt_env/lib/python3.12/site-packages/airflow/example_dags/example_params_trigger_ui.py took 0.327 seconds
[2024-06-18T17:44:53.935-0400] {processor.py:161} INFO - Started process (PID=26606) to work on /Users/jbshome/Desktop/us_debt_etl_pipeline/debt_env/lib/python3.12/site-packages/airflow/example_dags/example_params_trigger_ui.py
[2024-06-18T17:44:53.942-0400] {processor.py:830} INFO - Processing file /Users/jbshome/Desktop/us_debt_etl_pipeline/debt_env/lib/python3.12/site-packages/airflow/example_dags/example_params_trigger_ui.py for tasks to queue
[2024-06-18T17:44:53.944-0400] {logging_mixin.py:188} INFO - [2024-06-18T17:44:53.943-0400] {dagbag.py:545} INFO - Filling up the DagBag from /Users/jbshome/Desktop/us_debt_etl_pipeline/debt_env/lib/python3.12/site-packages/airflow/example_dags/example_params_trigger_ui.py
[2024-06-18T17:44:54.131-0400] {processor.py:840} INFO - DAG(s) 'example_params_trigger_ui' retrieved from /Users/jbshome/Desktop/us_debt_etl_pipeline/debt_env/lib/python3.12/site-packages/airflow/example_dags/example_params_trigger_ui.py
[2024-06-18T17:44:54.651-0400] {logging_mixin.py:188} INFO - [2024-06-18T17:44:54.651-0400] {dag.py:3096} INFO - Sync 1 DAGs
[2024-06-18T17:44:54.668-0400] {logging_mixin.py:188} INFO - [2024-06-18T17:44:54.668-0400] {dag.py:3954} INFO - Setting next_dagrun for example_params_trigger_ui to None, run_after=None
[2024-06-18T17:44:54.713-0400] {processor.py:183} INFO - Processing /Users/jbshome/Desktop/us_debt_etl_pipeline/debt_env/lib/python3.12/site-packages/airflow/example_dags/example_params_trigger_ui.py took 0.784 seconds
[2024-06-18T17:49:14.673-0400] {processor.py:161} INFO - Started process (PID=27768) to work on /Users/jbshome/Desktop/us_debt_etl_pipeline/debt_env/lib/python3.12/site-packages/airflow/example_dags/example_params_trigger_ui.py
[2024-06-18T17:49:14.675-0400] {processor.py:830} INFO - Processing file /Users/jbshome/Desktop/us_debt_etl_pipeline/debt_env/lib/python3.12/site-packages/airflow/example_dags/example_params_trigger_ui.py for tasks to queue
[2024-06-18T17:49:14.676-0400] {logging_mixin.py:188} INFO - [2024-06-18T17:49:14.676-0400] {dagbag.py:545} INFO - Filling up the DagBag from /Users/jbshome/Desktop/us_debt_etl_pipeline/debt_env/lib/python3.12/site-packages/airflow/example_dags/example_params_trigger_ui.py
[2024-06-18T17:49:14.775-0400] {processor.py:840} INFO - DAG(s) 'example_params_trigger_ui' retrieved from /Users/jbshome/Desktop/us_debt_etl_pipeline/debt_env/lib/python3.12/site-packages/airflow/example_dags/example_params_trigger_ui.py
[2024-06-18T17:49:15.115-0400] {logging_mixin.py:188} INFO - [2024-06-18T17:49:15.114-0400] {dag.py:3096} INFO - Sync 1 DAGs
[2024-06-18T17:49:15.139-0400] {logging_mixin.py:188} INFO - [2024-06-18T17:49:15.138-0400] {dag.py:3954} INFO - Setting next_dagrun for example_params_trigger_ui to None, run_after=None
[2024-06-18T17:49:15.182-0400] {processor.py:183} INFO - Processing /Users/jbshome/Desktop/us_debt_etl_pipeline/debt_env/lib/python3.12/site-packages/airflow/example_dags/example_params_trigger_ui.py took 0.514 seconds
[2024-06-18T17:53:34.861-0400] {processor.py:161} INFO - Started process (PID=28584) to work on /Users/jbshome/Desktop/us_debt_etl_pipeline/debt_env/lib/python3.12/site-packages/airflow/example_dags/example_params_trigger_ui.py
[2024-06-18T17:53:34.863-0400] {processor.py:830} INFO - Processing file /Users/jbshome/Desktop/us_debt_etl_pipeline/debt_env/lib/python3.12/site-packages/airflow/example_dags/example_params_trigger_ui.py for tasks to queue
[2024-06-18T17:53:34.864-0400] {logging_mixin.py:188} INFO - [2024-06-18T17:53:34.864-0400] {dagbag.py:545} INFO - Filling up the DagBag from /Users/jbshome/Desktop/us_debt_etl_pipeline/debt_env/lib/python3.12/site-packages/airflow/example_dags/example_params_trigger_ui.py
[2024-06-18T17:53:34.989-0400] {processor.py:840} INFO - DAG(s) 'example_params_trigger_ui' retrieved from /Users/jbshome/Desktop/us_debt_etl_pipeline/debt_env/lib/python3.12/site-packages/airflow/example_dags/example_params_trigger_ui.py
[2024-06-18T17:53:35.426-0400] {logging_mixin.py:188} INFO - [2024-06-18T17:53:35.426-0400] {dag.py:3096} INFO - Sync 1 DAGs
[2024-06-18T17:53:35.470-0400] {logging_mixin.py:188} INFO - [2024-06-18T17:53:35.470-0400] {dag.py:3954} INFO - Setting next_dagrun for example_params_trigger_ui to None, run_after=None
[2024-06-18T17:53:35.563-0400] {processor.py:183} INFO - Processing /Users/jbshome/Desktop/us_debt_etl_pipeline/debt_env/lib/python3.12/site-packages/airflow/example_dags/example_params_trigger_ui.py took 0.706 seconds
[2024-06-18T17:57:13.191-0400] {processor.py:161} INFO - Started process (PID=29539) to work on /Users/jbshome/Desktop/us_debt_etl_pipeline/debt_env/lib/python3.12/site-packages/airflow/example_dags/example_params_trigger_ui.py
[2024-06-18T17:57:13.193-0400] {processor.py:830} INFO - Processing file /Users/jbshome/Desktop/us_debt_etl_pipeline/debt_env/lib/python3.12/site-packages/airflow/example_dags/example_params_trigger_ui.py for tasks to queue
[2024-06-18T17:57:13.194-0400] {logging_mixin.py:188} INFO - [2024-06-18T17:57:13.194-0400] {dagbag.py:545} INFO - Filling up the DagBag from /Users/jbshome/Desktop/us_debt_etl_pipeline/debt_env/lib/python3.12/site-packages/airflow/example_dags/example_params_trigger_ui.py
[2024-06-18T17:57:13.252-0400] {processor.py:840} INFO - DAG(s) 'example_params_trigger_ui' retrieved from /Users/jbshome/Desktop/us_debt_etl_pipeline/debt_env/lib/python3.12/site-packages/airflow/example_dags/example_params_trigger_ui.py
[2024-06-18T17:57:13.567-0400] {logging_mixin.py:188} INFO - [2024-06-18T17:57:13.566-0400] {dag.py:3096} INFO - Sync 1 DAGs
[2024-06-18T17:57:13.586-0400] {logging_mixin.py:188} INFO - [2024-06-18T17:57:13.586-0400] {dag.py:3954} INFO - Setting next_dagrun for example_params_trigger_ui to None, run_after=None
[2024-06-18T17:57:13.627-0400] {processor.py:183} INFO - Processing /Users/jbshome/Desktop/us_debt_etl_pipeline/debt_env/lib/python3.12/site-packages/airflow/example_dags/example_params_trigger_ui.py took 0.441 seconds
