[2024-06-18T16:30:38.478-0400] {processor.py:161} INFO - Started process (PID=19790) to work on /Users/jbshome/Desktop/us_debt_etl_pipeline/debt_env/lib/python3.12/site-packages/airflow/example_dags/example_sla_dag.py
[2024-06-18T16:30:38.479-0400] {processor.py:830} INFO - Processing file /Users/jbshome/Desktop/us_debt_etl_pipeline/debt_env/lib/python3.12/site-packages/airflow/example_dags/example_sla_dag.py for tasks to queue
[2024-06-18T16:30:38.480-0400] {logging_mixin.py:188} INFO - [2024-06-18T16:30:38.479-0400] {dagbag.py:545} INFO - Filling up the DagBag from /Users/jbshome/Desktop/us_debt_etl_pipeline/debt_env/lib/python3.12/site-packages/airflow/example_dags/example_sla_dag.py
[2024-06-18T16:30:38.541-0400] {processor.py:840} INFO - DAG(s) 'example_sla_dag' retrieved from /Users/jbshome/Desktop/us_debt_etl_pipeline/debt_env/lib/python3.12/site-packages/airflow/example_dags/example_sla_dag.py
[2024-06-18T16:30:38.794-0400] {logging_mixin.py:188} INFO - [2024-06-18T16:30:38.794-0400] {override.py:1829} INFO - Created Permission View: can delete on DAG:example_sla_dag
[2024-06-18T16:30:38.884-0400] {logging_mixin.py:188} INFO - [2024-06-18T16:30:38.884-0400] {override.py:1829} INFO - Created Permission View: can read on DAG:example_sla_dag
[2024-06-18T16:30:38.913-0400] {logging_mixin.py:188} INFO - [2024-06-18T16:30:38.912-0400] {override.py:1829} INFO - Created Permission View: can edit on DAG:example_sla_dag
[2024-06-18T16:30:38.916-0400] {logging_mixin.py:188} INFO - [2024-06-18T16:30:38.913-0400] {dag.py:3096} INFO - Sync 1 DAGs
[2024-06-18T16:30:38.936-0400] {logging_mixin.py:188} INFO - [2024-06-18T16:30:38.936-0400] {dag.py:3118} INFO - Creating ORM DAG for example_sla_dag
[2024-06-18T16:30:38.949-0400] {logging_mixin.py:188} INFO - [2024-06-18T16:30:38.949-0400] {dag.py:3954} INFO - Setting next_dagrun for example_sla_dag to 2024-06-18 20:28:00+00:00, run_after=2024-06-18 20:30:00+00:00
[2024-06-18T16:30:38.970-0400] {processor.py:183} INFO - Processing /Users/jbshome/Desktop/us_debt_etl_pipeline/debt_env/lib/python3.12/site-packages/airflow/example_dags/example_sla_dag.py took 0.495 seconds
[2024-06-18T16:34:27.836-0400] {processor.py:161} INFO - Started process (PID=20288) to work on /Users/jbshome/Desktop/us_debt_etl_pipeline/debt_env/lib/python3.12/site-packages/airflow/example_dags/example_sla_dag.py
[2024-06-18T16:34:27.838-0400] {processor.py:830} INFO - Processing file /Users/jbshome/Desktop/us_debt_etl_pipeline/debt_env/lib/python3.12/site-packages/airflow/example_dags/example_sla_dag.py for tasks to queue
[2024-06-18T16:34:27.839-0400] {logging_mixin.py:188} INFO - [2024-06-18T16:34:27.839-0400] {dagbag.py:545} INFO - Filling up the DagBag from /Users/jbshome/Desktop/us_debt_etl_pipeline/debt_env/lib/python3.12/site-packages/airflow/example_dags/example_sla_dag.py
[2024-06-18T16:34:27.890-0400] {processor.py:840} INFO - DAG(s) 'example_sla_dag' retrieved from /Users/jbshome/Desktop/us_debt_etl_pipeline/debt_env/lib/python3.12/site-packages/airflow/example_dags/example_sla_dag.py
[2024-06-18T16:34:27.999-0400] {logging_mixin.py:188} INFO - [2024-06-18T16:34:27.998-0400] {dag.py:3096} INFO - Sync 1 DAGs
[2024-06-18T16:34:28.024-0400] {logging_mixin.py:188} INFO - [2024-06-18T16:34:28.023-0400] {dag.py:3954} INFO - Setting next_dagrun for example_sla_dag to 2024-06-18 20:32:00+00:00, run_after=2024-06-18 20:34:00+00:00
[2024-06-18T16:34:28.046-0400] {processor.py:183} INFO - Processing /Users/jbshome/Desktop/us_debt_etl_pipeline/debt_env/lib/python3.12/site-packages/airflow/example_dags/example_sla_dag.py took 0.213 seconds
[2024-06-18T16:37:44.760-0400] {processor.py:161} INFO - Started process (PID=20461) to work on /Users/jbshome/Desktop/us_debt_etl_pipeline/debt_env/lib/python3.12/site-packages/airflow/example_dags/example_sla_dag.py
[2024-06-18T16:37:44.763-0400] {processor.py:830} INFO - Processing file /Users/jbshome/Desktop/us_debt_etl_pipeline/debt_env/lib/python3.12/site-packages/airflow/example_dags/example_sla_dag.py for tasks to queue
[2024-06-18T16:37:44.766-0400] {logging_mixin.py:188} INFO - [2024-06-18T16:37:44.764-0400] {dagbag.py:545} INFO - Filling up the DagBag from /Users/jbshome/Desktop/us_debt_etl_pipeline/debt_env/lib/python3.12/site-packages/airflow/example_dags/example_sla_dag.py
[2024-06-18T16:37:44.873-0400] {processor.py:840} INFO - DAG(s) 'example_sla_dag' retrieved from /Users/jbshome/Desktop/us_debt_etl_pipeline/debt_env/lib/python3.12/site-packages/airflow/example_dags/example_sla_dag.py
[2024-06-18T16:37:45.147-0400] {logging_mixin.py:188} INFO - [2024-06-18T16:37:45.146-0400] {dag.py:3096} INFO - Sync 1 DAGs
[2024-06-18T16:37:45.203-0400] {logging_mixin.py:188} INFO - [2024-06-18T16:37:45.203-0400] {dag.py:3954} INFO - Setting next_dagrun for example_sla_dag to 2024-06-18 20:34:00+00:00, run_after=2024-06-18 20:36:00+00:00
[2024-06-18T16:37:45.250-0400] {processor.py:183} INFO - Processing /Users/jbshome/Desktop/us_debt_etl_pipeline/debt_env/lib/python3.12/site-packages/airflow/example_dags/example_sla_dag.py took 0.495 seconds
[2024-06-18T16:40:51.652-0400] {processor.py:161} INFO - Started process (PID=20791) to work on /Users/jbshome/Desktop/us_debt_etl_pipeline/debt_env/lib/python3.12/site-packages/airflow/example_dags/example_sla_dag.py
[2024-06-18T16:40:51.654-0400] {processor.py:830} INFO - Processing file /Users/jbshome/Desktop/us_debt_etl_pipeline/debt_env/lib/python3.12/site-packages/airflow/example_dags/example_sla_dag.py for tasks to queue
[2024-06-18T16:40:51.655-0400] {logging_mixin.py:188} INFO - [2024-06-18T16:40:51.655-0400] {dagbag.py:545} INFO - Filling up the DagBag from /Users/jbshome/Desktop/us_debt_etl_pipeline/debt_env/lib/python3.12/site-packages/airflow/example_dags/example_sla_dag.py
[2024-06-18T16:40:51.698-0400] {processor.py:840} INFO - DAG(s) 'example_sla_dag' retrieved from /Users/jbshome/Desktop/us_debt_etl_pipeline/debt_env/lib/python3.12/site-packages/airflow/example_dags/example_sla_dag.py
[2024-06-18T16:40:51.812-0400] {logging_mixin.py:188} INFO - [2024-06-18T16:40:51.812-0400] {dag.py:3096} INFO - Sync 1 DAGs
[2024-06-18T16:40:51.834-0400] {logging_mixin.py:188} INFO - [2024-06-18T16:40:51.834-0400] {dag.py:3954} INFO - Setting next_dagrun for example_sla_dag to 2024-06-18 20:38:00+00:00, run_after=2024-06-18 20:40:00+00:00
[2024-06-18T16:40:51.859-0400] {processor.py:183} INFO - Processing /Users/jbshome/Desktop/us_debt_etl_pipeline/debt_env/lib/python3.12/site-packages/airflow/example_dags/example_sla_dag.py took 0.210 seconds
[2024-06-18T16:43:57.920-0400] {processor.py:161} INFO - Started process (PID=21412) to work on /Users/jbshome/Desktop/us_debt_etl_pipeline/debt_env/lib/python3.12/site-packages/airflow/example_dags/example_sla_dag.py
[2024-06-18T16:43:57.922-0400] {processor.py:830} INFO - Processing file /Users/jbshome/Desktop/us_debt_etl_pipeline/debt_env/lib/python3.12/site-packages/airflow/example_dags/example_sla_dag.py for tasks to queue
[2024-06-18T16:43:57.923-0400] {logging_mixin.py:188} INFO - [2024-06-18T16:43:57.923-0400] {dagbag.py:545} INFO - Filling up the DagBag from /Users/jbshome/Desktop/us_debt_etl_pipeline/debt_env/lib/python3.12/site-packages/airflow/example_dags/example_sla_dag.py
[2024-06-18T16:43:57.969-0400] {processor.py:840} INFO - DAG(s) 'example_sla_dag' retrieved from /Users/jbshome/Desktop/us_debt_etl_pipeline/debt_env/lib/python3.12/site-packages/airflow/example_dags/example_sla_dag.py
[2024-06-18T16:43:58.092-0400] {logging_mixin.py:188} INFO - [2024-06-18T16:43:58.092-0400] {dag.py:3096} INFO - Sync 1 DAGs
[2024-06-18T16:43:58.117-0400] {logging_mixin.py:188} INFO - [2024-06-18T16:43:58.117-0400] {dag.py:3954} INFO - Setting next_dagrun for example_sla_dag to 2024-06-18 20:40:00+00:00, run_after=2024-06-18 20:42:00+00:00
[2024-06-18T16:43:58.139-0400] {processor.py:183} INFO - Processing /Users/jbshome/Desktop/us_debt_etl_pipeline/debt_env/lib/python3.12/site-packages/airflow/example_dags/example_sla_dag.py took 0.223 seconds
[2024-06-18T16:46:52.964-0400] {processor.py:161} INFO - Started process (PID=21583) to work on /Users/jbshome/Desktop/us_debt_etl_pipeline/debt_env/lib/python3.12/site-packages/airflow/example_dags/example_sla_dag.py
[2024-06-18T16:46:52.966-0400] {processor.py:830} INFO - Processing file /Users/jbshome/Desktop/us_debt_etl_pipeline/debt_env/lib/python3.12/site-packages/airflow/example_dags/example_sla_dag.py for tasks to queue
[2024-06-18T16:46:52.967-0400] {logging_mixin.py:188} INFO - [2024-06-18T16:46:52.966-0400] {dagbag.py:545} INFO - Filling up the DagBag from /Users/jbshome/Desktop/us_debt_etl_pipeline/debt_env/lib/python3.12/site-packages/airflow/example_dags/example_sla_dag.py
[2024-06-18T16:46:53.013-0400] {processor.py:840} INFO - DAG(s) 'example_sla_dag' retrieved from /Users/jbshome/Desktop/us_debt_etl_pipeline/debt_env/lib/python3.12/site-packages/airflow/example_dags/example_sla_dag.py
[2024-06-18T16:46:53.137-0400] {logging_mixin.py:188} INFO - [2024-06-18T16:46:53.137-0400] {dag.py:3096} INFO - Sync 1 DAGs
[2024-06-18T16:46:53.173-0400] {logging_mixin.py:188} INFO - [2024-06-18T16:46:53.173-0400] {dag.py:3954} INFO - Setting next_dagrun for example_sla_dag to 2024-06-18 20:44:00+00:00, run_after=2024-06-18 20:46:00+00:00
[2024-06-18T16:46:53.199-0400] {processor.py:183} INFO - Processing /Users/jbshome/Desktop/us_debt_etl_pipeline/debt_env/lib/python3.12/site-packages/airflow/example_dags/example_sla_dag.py took 0.239 seconds
[2024-06-18T16:50:04.620-0400] {processor.py:161} INFO - Started process (PID=21761) to work on /Users/jbshome/Desktop/us_debt_etl_pipeline/debt_env/lib/python3.12/site-packages/airflow/example_dags/example_sla_dag.py
[2024-06-18T16:50:04.621-0400] {processor.py:830} INFO - Processing file /Users/jbshome/Desktop/us_debt_etl_pipeline/debt_env/lib/python3.12/site-packages/airflow/example_dags/example_sla_dag.py for tasks to queue
[2024-06-18T16:50:04.622-0400] {logging_mixin.py:188} INFO - [2024-06-18T16:50:04.622-0400] {dagbag.py:545} INFO - Filling up the DagBag from /Users/jbshome/Desktop/us_debt_etl_pipeline/debt_env/lib/python3.12/site-packages/airflow/example_dags/example_sla_dag.py
[2024-06-18T16:50:04.674-0400] {processor.py:840} INFO - DAG(s) 'example_sla_dag' retrieved from /Users/jbshome/Desktop/us_debt_etl_pipeline/debt_env/lib/python3.12/site-packages/airflow/example_dags/example_sla_dag.py
[2024-06-18T16:50:04.781-0400] {logging_mixin.py:188} INFO - [2024-06-18T16:50:04.780-0400] {dag.py:3096} INFO - Sync 1 DAGs
[2024-06-18T16:50:04.802-0400] {logging_mixin.py:188} INFO - [2024-06-18T16:50:04.802-0400] {dag.py:3954} INFO - Setting next_dagrun for example_sla_dag to 2024-06-18 20:48:00+00:00, run_after=2024-06-18 20:50:00+00:00
[2024-06-18T16:50:04.823-0400] {processor.py:183} INFO - Processing /Users/jbshome/Desktop/us_debt_etl_pipeline/debt_env/lib/python3.12/site-packages/airflow/example_dags/example_sla_dag.py took 0.206 seconds
[2024-06-18T16:53:09.112-0400] {processor.py:161} INFO - Started process (PID=21918) to work on /Users/jbshome/Desktop/us_debt_etl_pipeline/debt_env/lib/python3.12/site-packages/airflow/example_dags/example_sla_dag.py
[2024-06-18T16:53:09.114-0400] {processor.py:830} INFO - Processing file /Users/jbshome/Desktop/us_debt_etl_pipeline/debt_env/lib/python3.12/site-packages/airflow/example_dags/example_sla_dag.py for tasks to queue
[2024-06-18T16:53:09.115-0400] {logging_mixin.py:188} INFO - [2024-06-18T16:53:09.115-0400] {dagbag.py:545} INFO - Filling up the DagBag from /Users/jbshome/Desktop/us_debt_etl_pipeline/debt_env/lib/python3.12/site-packages/airflow/example_dags/example_sla_dag.py
[2024-06-18T16:53:09.172-0400] {processor.py:840} INFO - DAG(s) 'example_sla_dag' retrieved from /Users/jbshome/Desktop/us_debt_etl_pipeline/debt_env/lib/python3.12/site-packages/airflow/example_dags/example_sla_dag.py
[2024-06-18T16:53:09.322-0400] {logging_mixin.py:188} INFO - [2024-06-18T16:53:09.322-0400] {dag.py:3096} INFO - Sync 1 DAGs
[2024-06-18T16:53:09.355-0400] {logging_mixin.py:188} INFO - [2024-06-18T16:53:09.355-0400] {dag.py:3954} INFO - Setting next_dagrun for example_sla_dag to 2024-06-18 20:50:00+00:00, run_after=2024-06-18 20:52:00+00:00
[2024-06-18T16:53:09.383-0400] {processor.py:183} INFO - Processing /Users/jbshome/Desktop/us_debt_etl_pipeline/debt_env/lib/python3.12/site-packages/airflow/example_dags/example_sla_dag.py took 0.274 seconds
[2024-06-18T16:56:20.014-0400] {processor.py:161} INFO - Started process (PID=22067) to work on /Users/jbshome/Desktop/us_debt_etl_pipeline/debt_env/lib/python3.12/site-packages/airflow/example_dags/example_sla_dag.py
[2024-06-18T16:56:20.015-0400] {processor.py:830} INFO - Processing file /Users/jbshome/Desktop/us_debt_etl_pipeline/debt_env/lib/python3.12/site-packages/airflow/example_dags/example_sla_dag.py for tasks to queue
[2024-06-18T16:56:20.016-0400] {logging_mixin.py:188} INFO - [2024-06-18T16:56:20.016-0400] {dagbag.py:545} INFO - Filling up the DagBag from /Users/jbshome/Desktop/us_debt_etl_pipeline/debt_env/lib/python3.12/site-packages/airflow/example_dags/example_sla_dag.py
[2024-06-18T16:56:20.066-0400] {processor.py:840} INFO - DAG(s) 'example_sla_dag' retrieved from /Users/jbshome/Desktop/us_debt_etl_pipeline/debt_env/lib/python3.12/site-packages/airflow/example_dags/example_sla_dag.py
[2024-06-18T16:56:20.187-0400] {logging_mixin.py:188} INFO - [2024-06-18T16:56:20.186-0400] {dag.py:3096} INFO - Sync 1 DAGs
[2024-06-18T16:56:20.213-0400] {logging_mixin.py:188} INFO - [2024-06-18T16:56:20.213-0400] {dag.py:3954} INFO - Setting next_dagrun for example_sla_dag to 2024-06-18 20:54:00+00:00, run_after=2024-06-18 20:56:00+00:00
[2024-06-18T16:56:20.234-0400] {processor.py:183} INFO - Processing /Users/jbshome/Desktop/us_debt_etl_pipeline/debt_env/lib/python3.12/site-packages/airflow/example_dags/example_sla_dag.py took 0.223 seconds
[2024-06-18T16:59:29.474-0400] {processor.py:161} INFO - Started process (PID=22572) to work on /Users/jbshome/Desktop/us_debt_etl_pipeline/debt_env/lib/python3.12/site-packages/airflow/example_dags/example_sla_dag.py
[2024-06-18T16:59:29.476-0400] {processor.py:830} INFO - Processing file /Users/jbshome/Desktop/us_debt_etl_pipeline/debt_env/lib/python3.12/site-packages/airflow/example_dags/example_sla_dag.py for tasks to queue
[2024-06-18T16:59:29.477-0400] {logging_mixin.py:188} INFO - [2024-06-18T16:59:29.476-0400] {dagbag.py:545} INFO - Filling up the DagBag from /Users/jbshome/Desktop/us_debt_etl_pipeline/debt_env/lib/python3.12/site-packages/airflow/example_dags/example_sla_dag.py
[2024-06-18T16:59:29.516-0400] {processor.py:840} INFO - DAG(s) 'example_sla_dag' retrieved from /Users/jbshome/Desktop/us_debt_etl_pipeline/debt_env/lib/python3.12/site-packages/airflow/example_dags/example_sla_dag.py
[2024-06-18T16:59:29.625-0400] {logging_mixin.py:188} INFO - [2024-06-18T16:59:29.625-0400] {dag.py:3096} INFO - Sync 1 DAGs
[2024-06-18T16:59:29.648-0400] {logging_mixin.py:188} INFO - [2024-06-18T16:59:29.647-0400] {dag.py:3954} INFO - Setting next_dagrun for example_sla_dag to 2024-06-18 20:56:00+00:00, run_after=2024-06-18 20:58:00+00:00
[2024-06-18T16:59:29.667-0400] {processor.py:183} INFO - Processing /Users/jbshome/Desktop/us_debt_etl_pipeline/debt_env/lib/python3.12/site-packages/airflow/example_dags/example_sla_dag.py took 0.196 seconds
[2024-06-18T17:03:41.708-0400] {processor.py:161} INFO - Started process (PID=22820) to work on /Users/jbshome/Desktop/us_debt_etl_pipeline/debt_env/lib/python3.12/site-packages/airflow/example_dags/example_sla_dag.py
[2024-06-18T17:03:41.709-0400] {processor.py:830} INFO - Processing file /Users/jbshome/Desktop/us_debt_etl_pipeline/debt_env/lib/python3.12/site-packages/airflow/example_dags/example_sla_dag.py for tasks to queue
[2024-06-18T17:03:41.710-0400] {logging_mixin.py:188} INFO - [2024-06-18T17:03:41.710-0400] {dagbag.py:545} INFO - Filling up the DagBag from /Users/jbshome/Desktop/us_debt_etl_pipeline/debt_env/lib/python3.12/site-packages/airflow/example_dags/example_sla_dag.py
[2024-06-18T17:03:41.775-0400] {processor.py:840} INFO - DAG(s) 'example_sla_dag' retrieved from /Users/jbshome/Desktop/us_debt_etl_pipeline/debt_env/lib/python3.12/site-packages/airflow/example_dags/example_sla_dag.py
[2024-06-18T17:03:41.961-0400] {logging_mixin.py:188} INFO - [2024-06-18T17:03:41.961-0400] {dag.py:3096} INFO - Sync 1 DAGs
[2024-06-18T17:03:41.997-0400] {logging_mixin.py:188} INFO - [2024-06-18T17:03:41.996-0400] {dag.py:3954} INFO - Setting next_dagrun for example_sla_dag to 2024-06-18 21:00:00+00:00, run_after=2024-06-18 21:02:00+00:00
[2024-06-18T17:03:42.026-0400] {processor.py:183} INFO - Processing /Users/jbshome/Desktop/us_debt_etl_pipeline/debt_env/lib/python3.12/site-packages/airflow/example_dags/example_sla_dag.py took 0.321 seconds
[2024-06-18T17:07:07.851-0400] {processor.py:161} INFO - Started process (PID=23224) to work on /Users/jbshome/Desktop/us_debt_etl_pipeline/debt_env/lib/python3.12/site-packages/airflow/example_dags/example_sla_dag.py
[2024-06-18T17:07:07.855-0400] {processor.py:830} INFO - Processing file /Users/jbshome/Desktop/us_debt_etl_pipeline/debt_env/lib/python3.12/site-packages/airflow/example_dags/example_sla_dag.py for tasks to queue
[2024-06-18T17:07:07.856-0400] {logging_mixin.py:188} INFO - [2024-06-18T17:07:07.856-0400] {dagbag.py:545} INFO - Filling up the DagBag from /Users/jbshome/Desktop/us_debt_etl_pipeline/debt_env/lib/python3.12/site-packages/airflow/example_dags/example_sla_dag.py
[2024-06-18T17:07:07.903-0400] {processor.py:840} INFO - DAG(s) 'example_sla_dag' retrieved from /Users/jbshome/Desktop/us_debt_etl_pipeline/debt_env/lib/python3.12/site-packages/airflow/example_dags/example_sla_dag.py
[2024-06-18T17:07:08.071-0400] {logging_mixin.py:188} INFO - [2024-06-18T17:07:08.070-0400] {dag.py:3096} INFO - Sync 1 DAGs
[2024-06-18T17:07:08.109-0400] {logging_mixin.py:188} INFO - [2024-06-18T17:07:08.109-0400] {dag.py:3954} INFO - Setting next_dagrun for example_sla_dag to 2024-06-18 21:04:00+00:00, run_after=2024-06-18 21:06:00+00:00
[2024-06-18T17:07:08.140-0400] {processor.py:183} INFO - Processing /Users/jbshome/Desktop/us_debt_etl_pipeline/debt_env/lib/python3.12/site-packages/airflow/example_dags/example_sla_dag.py took 0.293 seconds
[2024-06-18T17:11:08.664-0400] {processor.py:161} INFO - Started process (PID=23864) to work on /Users/jbshome/Desktop/us_debt_etl_pipeline/debt_env/lib/python3.12/site-packages/airflow/example_dags/example_sla_dag.py
[2024-06-18T17:11:08.666-0400] {processor.py:830} INFO - Processing file /Users/jbshome/Desktop/us_debt_etl_pipeline/debt_env/lib/python3.12/site-packages/airflow/example_dags/example_sla_dag.py for tasks to queue
[2024-06-18T17:11:08.667-0400] {logging_mixin.py:188} INFO - [2024-06-18T17:11:08.667-0400] {dagbag.py:545} INFO - Filling up the DagBag from /Users/jbshome/Desktop/us_debt_etl_pipeline/debt_env/lib/python3.12/site-packages/airflow/example_dags/example_sla_dag.py
[2024-06-18T17:11:08.710-0400] {processor.py:840} INFO - DAG(s) 'example_sla_dag' retrieved from /Users/jbshome/Desktop/us_debt_etl_pipeline/debt_env/lib/python3.12/site-packages/airflow/example_dags/example_sla_dag.py
[2024-06-18T17:11:08.864-0400] {logging_mixin.py:188} INFO - [2024-06-18T17:11:08.864-0400] {dag.py:3096} INFO - Sync 1 DAGs
[2024-06-18T17:11:08.891-0400] {logging_mixin.py:188} INFO - [2024-06-18T17:11:08.891-0400] {dag.py:3954} INFO - Setting next_dagrun for example_sla_dag to 2024-06-18 21:08:00+00:00, run_after=2024-06-18 21:10:00+00:00
[2024-06-18T17:11:08.921-0400] {processor.py:183} INFO - Processing /Users/jbshome/Desktop/us_debt_etl_pipeline/debt_env/lib/python3.12/site-packages/airflow/example_dags/example_sla_dag.py took 0.260 seconds
[2024-06-18T17:16:30.889-0400] {processor.py:161} INFO - Started process (PID=24204) to work on /Users/jbshome/Desktop/us_debt_etl_pipeline/debt_env/lib/python3.12/site-packages/airflow/example_dags/example_sla_dag.py
[2024-06-18T17:16:30.895-0400] {processor.py:830} INFO - Processing file /Users/jbshome/Desktop/us_debt_etl_pipeline/debt_env/lib/python3.12/site-packages/airflow/example_dags/example_sla_dag.py for tasks to queue
[2024-06-18T17:16:30.898-0400] {logging_mixin.py:188} INFO - [2024-06-18T17:16:30.896-0400] {dagbag.py:545} INFO - Filling up the DagBag from /Users/jbshome/Desktop/us_debt_etl_pipeline/debt_env/lib/python3.12/site-packages/airflow/example_dags/example_sla_dag.py
[2024-06-18T17:16:30.988-0400] {processor.py:840} INFO - DAG(s) 'example_sla_dag' retrieved from /Users/jbshome/Desktop/us_debt_etl_pipeline/debt_env/lib/python3.12/site-packages/airflow/example_dags/example_sla_dag.py
[2024-06-18T17:16:31.284-0400] {logging_mixin.py:188} INFO - [2024-06-18T17:16:31.283-0400] {dag.py:3096} INFO - Sync 1 DAGs
[2024-06-18T17:16:31.355-0400] {logging_mixin.py:188} INFO - [2024-06-18T17:16:31.354-0400] {dag.py:3954} INFO - Setting next_dagrun for example_sla_dag to 2024-06-18 21:14:00+00:00, run_after=2024-06-18 21:16:00+00:00
[2024-06-18T17:16:31.402-0400] {processor.py:183} INFO - Processing /Users/jbshome/Desktop/us_debt_etl_pipeline/debt_env/lib/python3.12/site-packages/airflow/example_dags/example_sla_dag.py took 0.518 seconds
[2024-06-18T17:21:15.040-0400] {processor.py:161} INFO - Started process (PID=24544) to work on /Users/jbshome/Desktop/us_debt_etl_pipeline/debt_env/lib/python3.12/site-packages/airflow/example_dags/example_sla_dag.py
[2024-06-18T17:21:15.042-0400] {processor.py:830} INFO - Processing file /Users/jbshome/Desktop/us_debt_etl_pipeline/debt_env/lib/python3.12/site-packages/airflow/example_dags/example_sla_dag.py for tasks to queue
[2024-06-18T17:21:15.043-0400] {logging_mixin.py:188} INFO - [2024-06-18T17:21:15.043-0400] {dagbag.py:545} INFO - Filling up the DagBag from /Users/jbshome/Desktop/us_debt_etl_pipeline/debt_env/lib/python3.12/site-packages/airflow/example_dags/example_sla_dag.py
[2024-06-18T17:21:15.117-0400] {processor.py:840} INFO - DAG(s) 'example_sla_dag' retrieved from /Users/jbshome/Desktop/us_debt_etl_pipeline/debt_env/lib/python3.12/site-packages/airflow/example_dags/example_sla_dag.py
[2024-06-18T17:21:15.332-0400] {logging_mixin.py:188} INFO - [2024-06-18T17:21:15.332-0400] {dag.py:3096} INFO - Sync 1 DAGs
[2024-06-18T17:21:15.374-0400] {logging_mixin.py:188} INFO - [2024-06-18T17:21:15.373-0400] {dag.py:3954} INFO - Setting next_dagrun for example_sla_dag to 2024-06-18 21:18:00+00:00, run_after=2024-06-18 21:20:00+00:00
[2024-06-18T17:21:15.416-0400] {processor.py:183} INFO - Processing /Users/jbshome/Desktop/us_debt_etl_pipeline/debt_env/lib/python3.12/site-packages/airflow/example_dags/example_sla_dag.py took 0.380 seconds
[2024-06-18T17:25:33.414-0400] {processor.py:161} INFO - Started process (PID=24841) to work on /Users/jbshome/Desktop/us_debt_etl_pipeline/debt_env/lib/python3.12/site-packages/airflow/example_dags/example_sla_dag.py
[2024-06-18T17:25:33.417-0400] {processor.py:830} INFO - Processing file /Users/jbshome/Desktop/us_debt_etl_pipeline/debt_env/lib/python3.12/site-packages/airflow/example_dags/example_sla_dag.py for tasks to queue
[2024-06-18T17:25:33.420-0400] {logging_mixin.py:188} INFO - [2024-06-18T17:25:33.419-0400] {dagbag.py:545} INFO - Filling up the DagBag from /Users/jbshome/Desktop/us_debt_etl_pipeline/debt_env/lib/python3.12/site-packages/airflow/example_dags/example_sla_dag.py
[2024-06-18T17:25:33.507-0400] {processor.py:840} INFO - DAG(s) 'example_sla_dag' retrieved from /Users/jbshome/Desktop/us_debt_etl_pipeline/debt_env/lib/python3.12/site-packages/airflow/example_dags/example_sla_dag.py
[2024-06-18T17:25:33.820-0400] {logging_mixin.py:188} INFO - [2024-06-18T17:25:33.817-0400] {dag.py:3096} INFO - Sync 1 DAGs
[2024-06-18T17:25:33.868-0400] {logging_mixin.py:188} INFO - [2024-06-18T17:25:33.868-0400] {dag.py:3954} INFO - Setting next_dagrun for example_sla_dag to 2024-06-18 21:22:00+00:00, run_after=2024-06-18 21:24:00+00:00
[2024-06-18T17:25:33.910-0400] {processor.py:183} INFO - Processing /Users/jbshome/Desktop/us_debt_etl_pipeline/debt_env/lib/python3.12/site-packages/airflow/example_dags/example_sla_dag.py took 0.500 seconds
[2024-06-18T17:30:01.980-0400] {processor.py:161} INFO - Started process (PID=25154) to work on /Users/jbshome/Desktop/us_debt_etl_pipeline/debt_env/lib/python3.12/site-packages/airflow/example_dags/example_sla_dag.py
[2024-06-18T17:30:01.982-0400] {processor.py:830} INFO - Processing file /Users/jbshome/Desktop/us_debt_etl_pipeline/debt_env/lib/python3.12/site-packages/airflow/example_dags/example_sla_dag.py for tasks to queue
[2024-06-18T17:30:01.984-0400] {logging_mixin.py:188} INFO - [2024-06-18T17:30:01.983-0400] {dagbag.py:545} INFO - Filling up the DagBag from /Users/jbshome/Desktop/us_debt_etl_pipeline/debt_env/lib/python3.12/site-packages/airflow/example_dags/example_sla_dag.py
[2024-06-18T17:30:02.102-0400] {processor.py:840} INFO - DAG(s) 'example_sla_dag' retrieved from /Users/jbshome/Desktop/us_debt_etl_pipeline/debt_env/lib/python3.12/site-packages/airflow/example_dags/example_sla_dag.py
[2024-06-18T17:30:02.386-0400] {logging_mixin.py:188} INFO - [2024-06-18T17:30:02.385-0400] {dag.py:3096} INFO - Sync 1 DAGs
[2024-06-18T17:30:02.448-0400] {logging_mixin.py:188} INFO - [2024-06-18T17:30:02.447-0400] {dag.py:3954} INFO - Setting next_dagrun for example_sla_dag to 2024-06-18 21:28:00+00:00, run_after=2024-06-18 21:30:00+00:00
[2024-06-18T17:30:02.495-0400] {processor.py:183} INFO - Processing /Users/jbshome/Desktop/us_debt_etl_pipeline/debt_env/lib/python3.12/site-packages/airflow/example_dags/example_sla_dag.py took 0.521 seconds
[2024-06-18T17:35:02.749-0400] {processor.py:161} INFO - Started process (PID=25502) to work on /Users/jbshome/Desktop/us_debt_etl_pipeline/debt_env/lib/python3.12/site-packages/airflow/example_dags/example_sla_dag.py
[2024-06-18T17:35:02.754-0400] {processor.py:830} INFO - Processing file /Users/jbshome/Desktop/us_debt_etl_pipeline/debt_env/lib/python3.12/site-packages/airflow/example_dags/example_sla_dag.py for tasks to queue
[2024-06-18T17:35:02.755-0400] {logging_mixin.py:188} INFO - [2024-06-18T17:35:02.755-0400] {dagbag.py:545} INFO - Filling up the DagBag from /Users/jbshome/Desktop/us_debt_etl_pipeline/debt_env/lib/python3.12/site-packages/airflow/example_dags/example_sla_dag.py
[2024-06-18T17:35:02.937-0400] {processor.py:840} INFO - DAG(s) 'example_sla_dag' retrieved from /Users/jbshome/Desktop/us_debt_etl_pipeline/debt_env/lib/python3.12/site-packages/airflow/example_dags/example_sla_dag.py
[2024-06-18T17:35:03.567-0400] {logging_mixin.py:188} INFO - [2024-06-18T17:35:03.566-0400] {dag.py:3096} INFO - Sync 1 DAGs
[2024-06-18T17:35:03.676-0400] {logging_mixin.py:188} INFO - [2024-06-18T17:35:03.676-0400] {dag.py:3954} INFO - Setting next_dagrun for example_sla_dag to 2024-06-18 21:32:00+00:00, run_after=2024-06-18 21:34:00+00:00
[2024-06-18T17:35:03.750-0400] {processor.py:183} INFO - Processing /Users/jbshome/Desktop/us_debt_etl_pipeline/debt_env/lib/python3.12/site-packages/airflow/example_dags/example_sla_dag.py took 1.004 seconds
[2024-06-18T17:42:55.877-0400] {processor.py:161} INFO - Started process (PID=26511) to work on /Users/jbshome/Desktop/us_debt_etl_pipeline/debt_env/lib/python3.12/site-packages/airflow/example_dags/example_sla_dag.py
[2024-06-18T17:42:55.878-0400] {processor.py:830} INFO - Processing file /Users/jbshome/Desktop/us_debt_etl_pipeline/debt_env/lib/python3.12/site-packages/airflow/example_dags/example_sla_dag.py for tasks to queue
[2024-06-18T17:42:55.880-0400] {logging_mixin.py:188} INFO - [2024-06-18T17:42:55.880-0400] {dagbag.py:545} INFO - Filling up the DagBag from /Users/jbshome/Desktop/us_debt_etl_pipeline/debt_env/lib/python3.12/site-packages/airflow/example_dags/example_sla_dag.py
[2024-06-18T17:42:56.087-0400] {processor.py:840} INFO - DAG(s) 'example_sla_dag' retrieved from /Users/jbshome/Desktop/us_debt_etl_pipeline/debt_env/lib/python3.12/site-packages/airflow/example_dags/example_sla_dag.py
[2024-06-18T17:42:56.431-0400] {logging_mixin.py:188} INFO - [2024-06-18T17:42:56.430-0400] {dag.py:3096} INFO - Sync 1 DAGs
[2024-06-18T17:42:56.521-0400] {logging_mixin.py:188} INFO - [2024-06-18T17:42:56.520-0400] {dag.py:3954} INFO - Setting next_dagrun for example_sla_dag to 2024-06-18 21:40:00+00:00, run_after=2024-06-18 21:42:00+00:00
[2024-06-18T17:42:56.611-0400] {processor.py:183} INFO - Processing /Users/jbshome/Desktop/us_debt_etl_pipeline/debt_env/lib/python3.12/site-packages/airflow/example_dags/example_sla_dag.py took 0.738 seconds
[2024-06-18T17:47:58.598-0400] {processor.py:161} INFO - Started process (PID=27581) to work on /Users/jbshome/Desktop/us_debt_etl_pipeline/debt_env/lib/python3.12/site-packages/airflow/example_dags/example_sla_dag.py
[2024-06-18T17:47:58.601-0400] {processor.py:830} INFO - Processing file /Users/jbshome/Desktop/us_debt_etl_pipeline/debt_env/lib/python3.12/site-packages/airflow/example_dags/example_sla_dag.py for tasks to queue
[2024-06-18T17:47:58.602-0400] {logging_mixin.py:188} INFO - [2024-06-18T17:47:58.602-0400] {dagbag.py:545} INFO - Filling up the DagBag from /Users/jbshome/Desktop/us_debt_etl_pipeline/debt_env/lib/python3.12/site-packages/airflow/example_dags/example_sla_dag.py
[2024-06-18T17:47:58.668-0400] {processor.py:840} INFO - DAG(s) 'example_sla_dag' retrieved from /Users/jbshome/Desktop/us_debt_etl_pipeline/debt_env/lib/python3.12/site-packages/airflow/example_dags/example_sla_dag.py
[2024-06-18T17:47:58.847-0400] {logging_mixin.py:188} INFO - [2024-06-18T17:47:58.846-0400] {dag.py:3096} INFO - Sync 1 DAGs
[2024-06-18T17:47:58.876-0400] {logging_mixin.py:188} INFO - [2024-06-18T17:47:58.876-0400] {dag.py:3954} INFO - Setting next_dagrun for example_sla_dag to 2024-06-18 21:44:00+00:00, run_after=2024-06-18 21:46:00+00:00
[2024-06-18T17:47:58.903-0400] {processor.py:183} INFO - Processing /Users/jbshome/Desktop/us_debt_etl_pipeline/debt_env/lib/python3.12/site-packages/airflow/example_dags/example_sla_dag.py took 0.307 seconds
