[2024-06-18T16:32:44.754-0400] {processor.py:161} INFO - Started process (PID=20199) to work on /Users/jbshome/Desktop/us_debt_etl_pipeline/debt_env/lib/python3.12/site-packages/airflow/example_dags/example_branch_labels.py
[2024-06-18T16:32:44.755-0400] {processor.py:830} INFO - Processing file /Users/jbshome/Desktop/us_debt_etl_pipeline/debt_env/lib/python3.12/site-packages/airflow/example_dags/example_branch_labels.py for tasks to queue
[2024-06-18T16:32:44.756-0400] {logging_mixin.py:188} INFO - [2024-06-18T16:32:44.756-0400] {dagbag.py:545} INFO - Filling up the DagBag from /Users/jbshome/Desktop/us_debt_etl_pipeline/debt_env/lib/python3.12/site-packages/airflow/example_dags/example_branch_labels.py
[2024-06-18T16:32:44.772-0400] {processor.py:840} INFO - DAG(s) 'example_branch_labels' retrieved from /Users/jbshome/Desktop/us_debt_etl_pipeline/debt_env/lib/python3.12/site-packages/airflow/example_dags/example_branch_labels.py
[2024-06-18T16:32:45.068-0400] {logging_mixin.py:188} INFO - [2024-06-18T16:32:45.067-0400] {override.py:1829} INFO - Created Permission View: can delete on DAG:example_branch_labels
[2024-06-18T16:32:45.083-0400] {logging_mixin.py:188} INFO - [2024-06-18T16:32:45.082-0400] {override.py:1829} INFO - Created Permission View: can read on DAG:example_branch_labels
[2024-06-18T16:32:45.090-0400] {logging_mixin.py:188} INFO - [2024-06-18T16:32:45.090-0400] {override.py:1829} INFO - Created Permission View: can edit on DAG:example_branch_labels
[2024-06-18T16:32:45.091-0400] {logging_mixin.py:188} INFO - [2024-06-18T16:32:45.090-0400] {dag.py:3096} INFO - Sync 1 DAGs
[2024-06-18T16:32:45.107-0400] {logging_mixin.py:188} INFO - [2024-06-18T16:32:45.106-0400] {dag.py:3118} INFO - Creating ORM DAG for example_branch_labels
[2024-06-18T16:32:45.124-0400] {logging_mixin.py:188} INFO - [2024-06-18T16:32:45.124-0400] {dag.py:3954} INFO - Setting next_dagrun for example_branch_labels to 2024-06-17 00:00:00+00:00, run_after=2024-06-18 00:00:00+00:00
[2024-06-18T16:32:45.255-0400] {processor.py:183} INFO - Processing /Users/jbshome/Desktop/us_debt_etl_pipeline/debt_env/lib/python3.12/site-packages/airflow/example_dags/example_branch_labels.py took 0.504 seconds
[2024-06-18T16:39:16.300-0400] {processor.py:161} INFO - Started process (PID=20539) to work on /Users/jbshome/Desktop/us_debt_etl_pipeline/debt_env/lib/python3.12/site-packages/airflow/example_dags/example_branch_labels.py
[2024-06-18T16:39:16.303-0400] {processor.py:830} INFO - Processing file /Users/jbshome/Desktop/us_debt_etl_pipeline/debt_env/lib/python3.12/site-packages/airflow/example_dags/example_branch_labels.py for tasks to queue
[2024-06-18T16:39:16.304-0400] {logging_mixin.py:188} INFO - [2024-06-18T16:39:16.304-0400] {dagbag.py:545} INFO - Filling up the DagBag from /Users/jbshome/Desktop/us_debt_etl_pipeline/debt_env/lib/python3.12/site-packages/airflow/example_dags/example_branch_labels.py
[2024-06-18T16:39:16.324-0400] {processor.py:840} INFO - DAG(s) 'example_branch_labels' retrieved from /Users/jbshome/Desktop/us_debt_etl_pipeline/debt_env/lib/python3.12/site-packages/airflow/example_dags/example_branch_labels.py
[2024-06-18T16:39:16.544-0400] {logging_mixin.py:188} INFO - [2024-06-18T16:39:16.543-0400] {dag.py:3096} INFO - Sync 1 DAGs
[2024-06-18T16:39:16.575-0400] {logging_mixin.py:188} INFO - [2024-06-18T16:39:16.575-0400] {dag.py:3954} INFO - Setting next_dagrun for example_branch_labels to 2024-06-17 00:00:00+00:00, run_after=2024-06-18 00:00:00+00:00
[2024-06-18T16:39:16.627-0400] {processor.py:183} INFO - Processing /Users/jbshome/Desktop/us_debt_etl_pipeline/debt_env/lib/python3.12/site-packages/airflow/example_dags/example_branch_labels.py took 0.331 seconds
[2024-06-18T16:45:16.822-0400] {processor.py:161} INFO - Started process (PID=21482) to work on /Users/jbshome/Desktop/us_debt_etl_pipeline/debt_env/lib/python3.12/site-packages/airflow/example_dags/example_branch_labels.py
[2024-06-18T16:45:16.824-0400] {processor.py:830} INFO - Processing file /Users/jbshome/Desktop/us_debt_etl_pipeline/debt_env/lib/python3.12/site-packages/airflow/example_dags/example_branch_labels.py for tasks to queue
[2024-06-18T16:45:16.825-0400] {logging_mixin.py:188} INFO - [2024-06-18T16:45:16.825-0400] {dagbag.py:545} INFO - Filling up the DagBag from /Users/jbshome/Desktop/us_debt_etl_pipeline/debt_env/lib/python3.12/site-packages/airflow/example_dags/example_branch_labels.py
[2024-06-18T16:45:16.835-0400] {processor.py:840} INFO - DAG(s) 'example_branch_labels' retrieved from /Users/jbshome/Desktop/us_debt_etl_pipeline/debt_env/lib/python3.12/site-packages/airflow/example_dags/example_branch_labels.py
[2024-06-18T16:45:16.949-0400] {logging_mixin.py:188} INFO - [2024-06-18T16:45:16.948-0400] {dag.py:3096} INFO - Sync 1 DAGs
[2024-06-18T16:45:16.968-0400] {logging_mixin.py:188} INFO - [2024-06-18T16:45:16.968-0400] {dag.py:3954} INFO - Setting next_dagrun for example_branch_labels to 2024-06-17 00:00:00+00:00, run_after=2024-06-18 00:00:00+00:00
[2024-06-18T16:45:16.992-0400] {processor.py:183} INFO - Processing /Users/jbshome/Desktop/us_debt_etl_pipeline/debt_env/lib/python3.12/site-packages/airflow/example_dags/example_branch_labels.py took 0.172 seconds
[2024-06-18T16:51:32.502-0400] {processor.py:161} INFO - Started process (PID=21834) to work on /Users/jbshome/Desktop/us_debt_etl_pipeline/debt_env/lib/python3.12/site-packages/airflow/example_dags/example_branch_labels.py
[2024-06-18T16:51:32.504-0400] {processor.py:830} INFO - Processing file /Users/jbshome/Desktop/us_debt_etl_pipeline/debt_env/lib/python3.12/site-packages/airflow/example_dags/example_branch_labels.py for tasks to queue
[2024-06-18T16:51:32.505-0400] {logging_mixin.py:188} INFO - [2024-06-18T16:51:32.505-0400] {dagbag.py:545} INFO - Filling up the DagBag from /Users/jbshome/Desktop/us_debt_etl_pipeline/debt_env/lib/python3.12/site-packages/airflow/example_dags/example_branch_labels.py
[2024-06-18T16:51:32.514-0400] {processor.py:840} INFO - DAG(s) 'example_branch_labels' retrieved from /Users/jbshome/Desktop/us_debt_etl_pipeline/debt_env/lib/python3.12/site-packages/airflow/example_dags/example_branch_labels.py
[2024-06-18T16:51:32.630-0400] {logging_mixin.py:188} INFO - [2024-06-18T16:51:32.630-0400] {dag.py:3096} INFO - Sync 1 DAGs
[2024-06-18T16:51:32.650-0400] {logging_mixin.py:188} INFO - [2024-06-18T16:51:32.650-0400] {dag.py:3954} INFO - Setting next_dagrun for example_branch_labels to 2024-06-17 00:00:00+00:00, run_after=2024-06-18 00:00:00+00:00
[2024-06-18T16:51:32.671-0400] {processor.py:183} INFO - Processing /Users/jbshome/Desktop/us_debt_etl_pipeline/debt_env/lib/python3.12/site-packages/airflow/example_dags/example_branch_labels.py took 0.173 seconds
[2024-06-18T16:57:46.557-0400] {processor.py:161} INFO - Started process (PID=22449) to work on /Users/jbshome/Desktop/us_debt_etl_pipeline/debt_env/lib/python3.12/site-packages/airflow/example_dags/example_branch_labels.py
[2024-06-18T16:57:46.560-0400] {processor.py:830} INFO - Processing file /Users/jbshome/Desktop/us_debt_etl_pipeline/debt_env/lib/python3.12/site-packages/airflow/example_dags/example_branch_labels.py for tasks to queue
[2024-06-18T16:57:46.560-0400] {logging_mixin.py:188} INFO - [2024-06-18T16:57:46.560-0400] {dagbag.py:545} INFO - Filling up the DagBag from /Users/jbshome/Desktop/us_debt_etl_pipeline/debt_env/lib/python3.12/site-packages/airflow/example_dags/example_branch_labels.py
[2024-06-18T16:57:46.585-0400] {processor.py:840} INFO - DAG(s) 'example_branch_labels' retrieved from /Users/jbshome/Desktop/us_debt_etl_pipeline/debt_env/lib/python3.12/site-packages/airflow/example_dags/example_branch_labels.py
[2024-06-18T16:57:46.850-0400] {logging_mixin.py:188} INFO - [2024-06-18T16:57:46.850-0400] {dag.py:3096} INFO - Sync 1 DAGs
[2024-06-18T16:57:46.886-0400] {logging_mixin.py:188} INFO - [2024-06-18T16:57:46.886-0400] {dag.py:3954} INFO - Setting next_dagrun for example_branch_labels to 2024-06-17 00:00:00+00:00, run_after=2024-06-18 00:00:00+00:00
[2024-06-18T16:57:46.917-0400] {processor.py:183} INFO - Processing /Users/jbshome/Desktop/us_debt_etl_pipeline/debt_env/lib/python3.12/site-packages/airflow/example_dags/example_branch_labels.py took 0.366 seconds
[2024-06-18T17:05:11.123-0400] {processor.py:161} INFO - Started process (PID=22917) to work on /Users/jbshome/Desktop/us_debt_etl_pipeline/debt_env/lib/python3.12/site-packages/airflow/example_dags/example_branch_labels.py
[2024-06-18T17:05:11.126-0400] {processor.py:830} INFO - Processing file /Users/jbshome/Desktop/us_debt_etl_pipeline/debt_env/lib/python3.12/site-packages/airflow/example_dags/example_branch_labels.py for tasks to queue
[2024-06-18T17:05:11.127-0400] {logging_mixin.py:188} INFO - [2024-06-18T17:05:11.127-0400] {dagbag.py:545} INFO - Filling up the DagBag from /Users/jbshome/Desktop/us_debt_etl_pipeline/debt_env/lib/python3.12/site-packages/airflow/example_dags/example_branch_labels.py
[2024-06-18T17:05:11.138-0400] {processor.py:840} INFO - DAG(s) 'example_branch_labels' retrieved from /Users/jbshome/Desktop/us_debt_etl_pipeline/debt_env/lib/python3.12/site-packages/airflow/example_dags/example_branch_labels.py
[2024-06-18T17:05:11.322-0400] {logging_mixin.py:188} INFO - [2024-06-18T17:05:11.321-0400] {dag.py:3096} INFO - Sync 1 DAGs
[2024-06-18T17:05:11.357-0400] {logging_mixin.py:188} INFO - [2024-06-18T17:05:11.356-0400] {dag.py:3954} INFO - Setting next_dagrun for example_branch_labels to 2024-06-17 00:00:00+00:00, run_after=2024-06-18 00:00:00+00:00
[2024-06-18T17:05:11.390-0400] {processor.py:183} INFO - Processing /Users/jbshome/Desktop/us_debt_etl_pipeline/debt_env/lib/python3.12/site-packages/airflow/example_dags/example_branch_labels.py took 0.271 seconds
[2024-06-18T17:13:31.520-0400] {processor.py:161} INFO - Started process (PID=24013) to work on /Users/jbshome/Desktop/us_debt_etl_pipeline/debt_env/lib/python3.12/site-packages/airflow/example_dags/example_branch_labels.py
[2024-06-18T17:13:31.522-0400] {processor.py:830} INFO - Processing file /Users/jbshome/Desktop/us_debt_etl_pipeline/debt_env/lib/python3.12/site-packages/airflow/example_dags/example_branch_labels.py for tasks to queue
[2024-06-18T17:13:31.523-0400] {logging_mixin.py:188} INFO - [2024-06-18T17:13:31.523-0400] {dagbag.py:545} INFO - Filling up the DagBag from /Users/jbshome/Desktop/us_debt_etl_pipeline/debt_env/lib/python3.12/site-packages/airflow/example_dags/example_branch_labels.py
[2024-06-18T17:13:31.534-0400] {processor.py:840} INFO - DAG(s) 'example_branch_labels' retrieved from /Users/jbshome/Desktop/us_debt_etl_pipeline/debt_env/lib/python3.12/site-packages/airflow/example_dags/example_branch_labels.py
[2024-06-18T17:13:31.649-0400] {logging_mixin.py:188} INFO - [2024-06-18T17:13:31.649-0400] {dag.py:3096} INFO - Sync 1 DAGs
[2024-06-18T17:13:31.668-0400] {logging_mixin.py:188} INFO - [2024-06-18T17:13:31.668-0400] {dag.py:3954} INFO - Setting next_dagrun for example_branch_labels to 2024-06-17 00:00:00+00:00, run_after=2024-06-18 00:00:00+00:00
[2024-06-18T17:13:31.688-0400] {processor.py:183} INFO - Processing /Users/jbshome/Desktop/us_debt_etl_pipeline/debt_env/lib/python3.12/site-packages/airflow/example_dags/example_branch_labels.py took 0.171 seconds
[2024-06-18T17:23:09.893-0400] {processor.py:161} INFO - Started process (PID=24683) to work on /Users/jbshome/Desktop/us_debt_etl_pipeline/debt_env/lib/python3.12/site-packages/airflow/example_dags/example_branch_labels.py
[2024-06-18T17:23:09.896-0400] {processor.py:830} INFO - Processing file /Users/jbshome/Desktop/us_debt_etl_pipeline/debt_env/lib/python3.12/site-packages/airflow/example_dags/example_branch_labels.py for tasks to queue
[2024-06-18T17:23:09.897-0400] {logging_mixin.py:188} INFO - [2024-06-18T17:23:09.897-0400] {dagbag.py:545} INFO - Filling up the DagBag from /Users/jbshome/Desktop/us_debt_etl_pipeline/debt_env/lib/python3.12/site-packages/airflow/example_dags/example_branch_labels.py
[2024-06-18T17:23:09.915-0400] {processor.py:840} INFO - DAG(s) 'example_branch_labels' retrieved from /Users/jbshome/Desktop/us_debt_etl_pipeline/debt_env/lib/python3.12/site-packages/airflow/example_dags/example_branch_labels.py
[2024-06-18T17:23:10.142-0400] {logging_mixin.py:188} INFO - [2024-06-18T17:23:10.141-0400] {dag.py:3096} INFO - Sync 1 DAGs
[2024-06-18T17:23:10.176-0400] {logging_mixin.py:188} INFO - [2024-06-18T17:23:10.175-0400] {dag.py:3954} INFO - Setting next_dagrun for example_branch_labels to 2024-06-17 00:00:00+00:00, run_after=2024-06-18 00:00:00+00:00
[2024-06-18T17:23:10.208-0400] {processor.py:183} INFO - Processing /Users/jbshome/Desktop/us_debt_etl_pipeline/debt_env/lib/python3.12/site-packages/airflow/example_dags/example_branch_labels.py took 0.319 seconds
[2024-06-18T17:32:10.280-0400] {processor.py:161} INFO - Started process (PID=25298) to work on /Users/jbshome/Desktop/us_debt_etl_pipeline/debt_env/lib/python3.12/site-packages/airflow/example_dags/example_branch_labels.py
[2024-06-18T17:32:10.282-0400] {processor.py:830} INFO - Processing file /Users/jbshome/Desktop/us_debt_etl_pipeline/debt_env/lib/python3.12/site-packages/airflow/example_dags/example_branch_labels.py for tasks to queue
[2024-06-18T17:32:10.283-0400] {logging_mixin.py:188} INFO - [2024-06-18T17:32:10.283-0400] {dagbag.py:545} INFO - Filling up the DagBag from /Users/jbshome/Desktop/us_debt_etl_pipeline/debt_env/lib/python3.12/site-packages/airflow/example_dags/example_branch_labels.py
[2024-06-18T17:32:10.314-0400] {processor.py:840} INFO - DAG(s) 'example_branch_labels' retrieved from /Users/jbshome/Desktop/us_debt_etl_pipeline/debt_env/lib/python3.12/site-packages/airflow/example_dags/example_branch_labels.py
[2024-06-18T17:32:10.652-0400] {logging_mixin.py:188} INFO - [2024-06-18T17:32:10.652-0400] {dag.py:3096} INFO - Sync 1 DAGs
[2024-06-18T17:32:10.693-0400] {logging_mixin.py:188} INFO - [2024-06-18T17:32:10.693-0400] {dag.py:3954} INFO - Setting next_dagrun for example_branch_labels to 2024-06-17 00:00:00+00:00, run_after=2024-06-18 00:00:00+00:00
[2024-06-18T17:32:10.722-0400] {processor.py:183} INFO - Processing /Users/jbshome/Desktop/us_debt_etl_pipeline/debt_env/lib/python3.12/site-packages/airflow/example_dags/example_branch_labels.py took 0.447 seconds
[2024-06-18T17:39:13.933-0400] {processor.py:161} INFO - Started process (PID=26350) to work on /Users/jbshome/Desktop/us_debt_etl_pipeline/debt_env/lib/python3.12/site-packages/airflow/example_dags/example_branch_labels.py
[2024-06-18T17:39:13.935-0400] {processor.py:830} INFO - Processing file /Users/jbshome/Desktop/us_debt_etl_pipeline/debt_env/lib/python3.12/site-packages/airflow/example_dags/example_branch_labels.py for tasks to queue
[2024-06-18T17:39:13.936-0400] {logging_mixin.py:188} INFO - [2024-06-18T17:39:13.936-0400] {dagbag.py:545} INFO - Filling up the DagBag from /Users/jbshome/Desktop/us_debt_etl_pipeline/debt_env/lib/python3.12/site-packages/airflow/example_dags/example_branch_labels.py
[2024-06-18T17:39:13.954-0400] {processor.py:840} INFO - DAG(s) 'example_branch_labels' retrieved from /Users/jbshome/Desktop/us_debt_etl_pipeline/debt_env/lib/python3.12/site-packages/airflow/example_dags/example_branch_labels.py
[2024-06-18T17:39:14.408-0400] {logging_mixin.py:188} INFO - [2024-06-18T17:39:14.408-0400] {dag.py:3096} INFO - Sync 1 DAGs
[2024-06-18T17:39:14.472-0400] {logging_mixin.py:188} INFO - [2024-06-18T17:39:14.472-0400] {dag.py:3954} INFO - Setting next_dagrun for example_branch_labels to 2024-06-17 00:00:00+00:00, run_after=2024-06-18 00:00:00+00:00
[2024-06-18T17:39:14.558-0400] {processor.py:183} INFO - Processing /Users/jbshome/Desktop/us_debt_etl_pipeline/debt_env/lib/python3.12/site-packages/airflow/example_dags/example_branch_labels.py took 0.629 seconds
[2024-06-18T17:50:26.425-0400] {processor.py:161} INFO - Started process (PID=27851) to work on /Users/jbshome/Desktop/us_debt_etl_pipeline/debt_env/lib/python3.12/site-packages/airflow/example_dags/example_branch_labels.py
[2024-06-18T17:50:26.427-0400] {processor.py:830} INFO - Processing file /Users/jbshome/Desktop/us_debt_etl_pipeline/debt_env/lib/python3.12/site-packages/airflow/example_dags/example_branch_labels.py for tasks to queue
[2024-06-18T17:50:26.428-0400] {logging_mixin.py:188} INFO - [2024-06-18T17:50:26.428-0400] {dagbag.py:545} INFO - Filling up the DagBag from /Users/jbshome/Desktop/us_debt_etl_pipeline/debt_env/lib/python3.12/site-packages/airflow/example_dags/example_branch_labels.py
[2024-06-18T17:50:26.450-0400] {processor.py:840} INFO - DAG(s) 'example_branch_labels' retrieved from /Users/jbshome/Desktop/us_debt_etl_pipeline/debt_env/lib/python3.12/site-packages/airflow/example_dags/example_branch_labels.py
[2024-06-18T17:50:26.698-0400] {logging_mixin.py:188} INFO - [2024-06-18T17:50:26.697-0400] {dag.py:3096} INFO - Sync 1 DAGs
[2024-06-18T17:50:26.735-0400] {logging_mixin.py:188} INFO - [2024-06-18T17:50:26.735-0400] {dag.py:3954} INFO - Setting next_dagrun for example_branch_labels to 2024-06-17 00:00:00+00:00, run_after=2024-06-18 00:00:00+00:00
[2024-06-18T17:50:26.778-0400] {processor.py:183} INFO - Processing /Users/jbshome/Desktop/us_debt_etl_pipeline/debt_env/lib/python3.12/site-packages/airflow/example_dags/example_branch_labels.py took 0.358 seconds
