[2024-06-18T16:30:27.189-0400] {processor.py:161} INFO - Started process (PID=19784) to work on /Users/jbshome/Desktop/us_debt_etl_pipeline/debt_env/lib/python3.12/site-packages/airflow/example_dags/example_task_group_decorator.py
[2024-06-18T16:30:27.190-0400] {processor.py:830} INFO - Processing file /Users/jbshome/Desktop/us_debt_etl_pipeline/debt_env/lib/python3.12/site-packages/airflow/example_dags/example_task_group_decorator.py for tasks to queue
[2024-06-18T16:30:27.191-0400] {logging_mixin.py:188} INFO - [2024-06-18T16:30:27.191-0400] {dagbag.py:545} INFO - Filling up the DagBag from /Users/jbshome/Desktop/us_debt_etl_pipeline/debt_env/lib/python3.12/site-packages/airflow/example_dags/example_task_group_decorator.py
[2024-06-18T16:30:27.284-0400] {processor.py:840} INFO - DAG(s) 'example_task_group_decorator' retrieved from /Users/jbshome/Desktop/us_debt_etl_pipeline/debt_env/lib/python3.12/site-packages/airflow/example_dags/example_task_group_decorator.py
[2024-06-18T16:30:27.634-0400] {logging_mixin.py:188} INFO - [2024-06-18T16:30:27.633-0400] {override.py:1829} INFO - Created Permission View: can edit on DAG:example_task_group_decorator
[2024-06-18T16:30:27.646-0400] {logging_mixin.py:188} INFO - [2024-06-18T16:30:27.646-0400] {override.py:1829} INFO - Created Permission View: can delete on DAG:example_task_group_decorator
[2024-06-18T16:30:27.652-0400] {logging_mixin.py:188} INFO - [2024-06-18T16:30:27.652-0400] {override.py:1829} INFO - Created Permission View: can read on DAG:example_task_group_decorator
[2024-06-18T16:30:27.653-0400] {logging_mixin.py:188} INFO - [2024-06-18T16:30:27.652-0400] {dag.py:3096} INFO - Sync 1 DAGs
[2024-06-18T16:30:27.667-0400] {logging_mixin.py:188} INFO - [2024-06-18T16:30:27.667-0400] {dag.py:3118} INFO - Creating ORM DAG for example_task_group_decorator
[2024-06-18T16:30:27.679-0400] {logging_mixin.py:188} INFO - [2024-06-18T16:30:27.679-0400] {dag.py:3954} INFO - Setting next_dagrun for example_task_group_decorator to 2024-06-17 00:00:00+00:00, run_after=2024-06-18 00:00:00+00:00
[2024-06-18T16:30:27.703-0400] {processor.py:183} INFO - Processing /Users/jbshome/Desktop/us_debt_etl_pipeline/debt_env/lib/python3.12/site-packages/airflow/example_dags/example_task_group_decorator.py took 0.517 seconds
[2024-06-18T16:34:16.239-0400] {processor.py:161} INFO - Started process (PID=20279) to work on /Users/jbshome/Desktop/us_debt_etl_pipeline/debt_env/lib/python3.12/site-packages/airflow/example_dags/example_task_group_decorator.py
[2024-06-18T16:34:16.241-0400] {processor.py:830} INFO - Processing file /Users/jbshome/Desktop/us_debt_etl_pipeline/debt_env/lib/python3.12/site-packages/airflow/example_dags/example_task_group_decorator.py for tasks to queue
[2024-06-18T16:34:16.243-0400] {logging_mixin.py:188} INFO - [2024-06-18T16:34:16.242-0400] {dagbag.py:545} INFO - Filling up the DagBag from /Users/jbshome/Desktop/us_debt_etl_pipeline/debt_env/lib/python3.12/site-packages/airflow/example_dags/example_task_group_decorator.py
[2024-06-18T16:34:16.299-0400] {processor.py:840} INFO - DAG(s) 'example_task_group_decorator' retrieved from /Users/jbshome/Desktop/us_debt_etl_pipeline/debt_env/lib/python3.12/site-packages/airflow/example_dags/example_task_group_decorator.py
[2024-06-18T16:34:16.432-0400] {logging_mixin.py:188} INFO - [2024-06-18T16:34:16.431-0400] {dag.py:3096} INFO - Sync 1 DAGs
[2024-06-18T16:34:16.455-0400] {logging_mixin.py:188} INFO - [2024-06-18T16:34:16.455-0400] {dag.py:3954} INFO - Setting next_dagrun for example_task_group_decorator to 2024-06-17 00:00:00+00:00, run_after=2024-06-18 00:00:00+00:00
[2024-06-18T16:34:16.478-0400] {processor.py:183} INFO - Processing /Users/jbshome/Desktop/us_debt_etl_pipeline/debt_env/lib/python3.12/site-packages/airflow/example_dags/example_task_group_decorator.py took 0.243 seconds
[2024-06-18T16:37:33.209-0400] {processor.py:161} INFO - Started process (PID=20451) to work on /Users/jbshome/Desktop/us_debt_etl_pipeline/debt_env/lib/python3.12/site-packages/airflow/example_dags/example_task_group_decorator.py
[2024-06-18T16:37:33.211-0400] {processor.py:830} INFO - Processing file /Users/jbshome/Desktop/us_debt_etl_pipeline/debt_env/lib/python3.12/site-packages/airflow/example_dags/example_task_group_decorator.py for tasks to queue
[2024-06-18T16:37:33.212-0400] {logging_mixin.py:188} INFO - [2024-06-18T16:37:33.212-0400] {dagbag.py:545} INFO - Filling up the DagBag from /Users/jbshome/Desktop/us_debt_etl_pipeline/debt_env/lib/python3.12/site-packages/airflow/example_dags/example_task_group_decorator.py
[2024-06-18T16:37:33.269-0400] {processor.py:840} INFO - DAG(s) 'example_task_group_decorator' retrieved from /Users/jbshome/Desktop/us_debt_etl_pipeline/debt_env/lib/python3.12/site-packages/airflow/example_dags/example_task_group_decorator.py
[2024-06-18T16:37:33.509-0400] {logging_mixin.py:188} INFO - [2024-06-18T16:37:33.508-0400] {dag.py:3096} INFO - Sync 1 DAGs
[2024-06-18T16:37:33.548-0400] {logging_mixin.py:188} INFO - [2024-06-18T16:37:33.547-0400] {dag.py:3954} INFO - Setting next_dagrun for example_task_group_decorator to 2024-06-17 00:00:00+00:00, run_after=2024-06-18 00:00:00+00:00
[2024-06-18T16:37:33.581-0400] {processor.py:183} INFO - Processing /Users/jbshome/Desktop/us_debt_etl_pipeline/debt_env/lib/python3.12/site-packages/airflow/example_dags/example_task_group_decorator.py took 0.377 seconds
[2024-06-18T16:40:38.666-0400] {processor.py:161} INFO - Started process (PID=20783) to work on /Users/jbshome/Desktop/us_debt_etl_pipeline/debt_env/lib/python3.12/site-packages/airflow/example_dags/example_task_group_decorator.py
[2024-06-18T16:40:38.669-0400] {processor.py:830} INFO - Processing file /Users/jbshome/Desktop/us_debt_etl_pipeline/debt_env/lib/python3.12/site-packages/airflow/example_dags/example_task_group_decorator.py for tasks to queue
[2024-06-18T16:40:38.670-0400] {logging_mixin.py:188} INFO - [2024-06-18T16:40:38.670-0400] {dagbag.py:545} INFO - Filling up the DagBag from /Users/jbshome/Desktop/us_debt_etl_pipeline/debt_env/lib/python3.12/site-packages/airflow/example_dags/example_task_group_decorator.py
[2024-06-18T16:40:38.763-0400] {processor.py:840} INFO - DAG(s) 'example_task_group_decorator' retrieved from /Users/jbshome/Desktop/us_debt_etl_pipeline/debt_env/lib/python3.12/site-packages/airflow/example_dags/example_task_group_decorator.py
[2024-06-18T16:40:38.955-0400] {logging_mixin.py:188} INFO - [2024-06-18T16:40:38.955-0400] {dag.py:3096} INFO - Sync 1 DAGs
[2024-06-18T16:40:38.982-0400] {logging_mixin.py:188} INFO - [2024-06-18T16:40:38.981-0400] {dag.py:3954} INFO - Setting next_dagrun for example_task_group_decorator to 2024-06-17 00:00:00+00:00, run_after=2024-06-18 00:00:00+00:00
[2024-06-18T16:40:39.007-0400] {processor.py:183} INFO - Processing /Users/jbshome/Desktop/us_debt_etl_pipeline/debt_env/lib/python3.12/site-packages/airflow/example_dags/example_task_group_decorator.py took 0.346 seconds
[2024-06-18T16:43:47.340-0400] {processor.py:161} INFO - Started process (PID=21403) to work on /Users/jbshome/Desktop/us_debt_etl_pipeline/debt_env/lib/python3.12/site-packages/airflow/example_dags/example_task_group_decorator.py
[2024-06-18T16:43:47.341-0400] {processor.py:830} INFO - Processing file /Users/jbshome/Desktop/us_debt_etl_pipeline/debt_env/lib/python3.12/site-packages/airflow/example_dags/example_task_group_decorator.py for tasks to queue
[2024-06-18T16:43:47.342-0400] {logging_mixin.py:188} INFO - [2024-06-18T16:43:47.341-0400] {dagbag.py:545} INFO - Filling up the DagBag from /Users/jbshome/Desktop/us_debt_etl_pipeline/debt_env/lib/python3.12/site-packages/airflow/example_dags/example_task_group_decorator.py
[2024-06-18T16:43:47.391-0400] {processor.py:840} INFO - DAG(s) 'example_task_group_decorator' retrieved from /Users/jbshome/Desktop/us_debt_etl_pipeline/debt_env/lib/python3.12/site-packages/airflow/example_dags/example_task_group_decorator.py
[2024-06-18T16:43:47.513-0400] {logging_mixin.py:188} INFO - [2024-06-18T16:43:47.513-0400] {dag.py:3096} INFO - Sync 1 DAGs
[2024-06-18T16:43:47.547-0400] {logging_mixin.py:188} INFO - [2024-06-18T16:43:47.547-0400] {dag.py:3954} INFO - Setting next_dagrun for example_task_group_decorator to 2024-06-17 00:00:00+00:00, run_after=2024-06-18 00:00:00+00:00
[2024-06-18T16:43:47.571-0400] {processor.py:183} INFO - Processing /Users/jbshome/Desktop/us_debt_etl_pipeline/debt_env/lib/python3.12/site-packages/airflow/example_dags/example_task_group_decorator.py took 0.235 seconds
[2024-06-18T16:46:40.744-0400] {processor.py:161} INFO - Started process (PID=21567) to work on /Users/jbshome/Desktop/us_debt_etl_pipeline/debt_env/lib/python3.12/site-packages/airflow/example_dags/example_task_group_decorator.py
[2024-06-18T16:46:40.749-0400] {processor.py:830} INFO - Processing file /Users/jbshome/Desktop/us_debt_etl_pipeline/debt_env/lib/python3.12/site-packages/airflow/example_dags/example_task_group_decorator.py for tasks to queue
[2024-06-18T16:46:40.751-0400] {logging_mixin.py:188} INFO - [2024-06-18T16:46:40.750-0400] {dagbag.py:545} INFO - Filling up the DagBag from /Users/jbshome/Desktop/us_debt_etl_pipeline/debt_env/lib/python3.12/site-packages/airflow/example_dags/example_task_group_decorator.py
[2024-06-18T16:46:40.826-0400] {processor.py:840} INFO - DAG(s) 'example_task_group_decorator' retrieved from /Users/jbshome/Desktop/us_debt_etl_pipeline/debt_env/lib/python3.12/site-packages/airflow/example_dags/example_task_group_decorator.py
[2024-06-18T16:46:41.005-0400] {logging_mixin.py:188} INFO - [2024-06-18T16:46:41.005-0400] {dag.py:3096} INFO - Sync 1 DAGs
[2024-06-18T16:46:41.033-0400] {logging_mixin.py:188} INFO - [2024-06-18T16:46:41.033-0400] {dag.py:3954} INFO - Setting next_dagrun for example_task_group_decorator to 2024-06-17 00:00:00+00:00, run_after=2024-06-18 00:00:00+00:00
[2024-06-18T16:46:41.065-0400] {processor.py:183} INFO - Processing /Users/jbshome/Desktop/us_debt_etl_pipeline/debt_env/lib/python3.12/site-packages/airflow/example_dags/example_task_group_decorator.py took 0.327 seconds
[2024-06-18T16:49:49.084-0400] {processor.py:161} INFO - Started process (PID=21741) to work on /Users/jbshome/Desktop/us_debt_etl_pipeline/debt_env/lib/python3.12/site-packages/airflow/example_dags/example_task_group_decorator.py
[2024-06-18T16:49:49.085-0400] {processor.py:830} INFO - Processing file /Users/jbshome/Desktop/us_debt_etl_pipeline/debt_env/lib/python3.12/site-packages/airflow/example_dags/example_task_group_decorator.py for tasks to queue
[2024-06-18T16:49:49.086-0400] {logging_mixin.py:188} INFO - [2024-06-18T16:49:49.086-0400] {dagbag.py:545} INFO - Filling up the DagBag from /Users/jbshome/Desktop/us_debt_etl_pipeline/debt_env/lib/python3.12/site-packages/airflow/example_dags/example_task_group_decorator.py
[2024-06-18T16:49:49.135-0400] {processor.py:840} INFO - DAG(s) 'example_task_group_decorator' retrieved from /Users/jbshome/Desktop/us_debt_etl_pipeline/debt_env/lib/python3.12/site-packages/airflow/example_dags/example_task_group_decorator.py
[2024-06-18T16:49:49.257-0400] {logging_mixin.py:188} INFO - [2024-06-18T16:49:49.257-0400] {dag.py:3096} INFO - Sync 1 DAGs
[2024-06-18T16:49:49.278-0400] {logging_mixin.py:188} INFO - [2024-06-18T16:49:49.277-0400] {dag.py:3954} INFO - Setting next_dagrun for example_task_group_decorator to 2024-06-17 00:00:00+00:00, run_after=2024-06-18 00:00:00+00:00
[2024-06-18T16:49:49.300-0400] {processor.py:183} INFO - Processing /Users/jbshome/Desktop/us_debt_etl_pipeline/debt_env/lib/python3.12/site-packages/airflow/example_dags/example_task_group_decorator.py took 0.219 seconds
[2024-06-18T16:52:57.802-0400] {processor.py:161} INFO - Started process (PID=21906) to work on /Users/jbshome/Desktop/us_debt_etl_pipeline/debt_env/lib/python3.12/site-packages/airflow/example_dags/example_task_group_decorator.py
[2024-06-18T16:52:57.804-0400] {processor.py:830} INFO - Processing file /Users/jbshome/Desktop/us_debt_etl_pipeline/debt_env/lib/python3.12/site-packages/airflow/example_dags/example_task_group_decorator.py for tasks to queue
[2024-06-18T16:52:57.805-0400] {logging_mixin.py:188} INFO - [2024-06-18T16:52:57.805-0400] {dagbag.py:545} INFO - Filling up the DagBag from /Users/jbshome/Desktop/us_debt_etl_pipeline/debt_env/lib/python3.12/site-packages/airflow/example_dags/example_task_group_decorator.py
[2024-06-18T16:52:57.861-0400] {processor.py:840} INFO - DAG(s) 'example_task_group_decorator' retrieved from /Users/jbshome/Desktop/us_debt_etl_pipeline/debt_env/lib/python3.12/site-packages/airflow/example_dags/example_task_group_decorator.py
[2024-06-18T16:52:57.989-0400] {logging_mixin.py:188} INFO - [2024-06-18T16:52:57.988-0400] {dag.py:3096} INFO - Sync 1 DAGs
[2024-06-18T16:52:58.009-0400] {logging_mixin.py:188} INFO - [2024-06-18T16:52:58.008-0400] {dag.py:3954} INFO - Setting next_dagrun for example_task_group_decorator to 2024-06-17 00:00:00+00:00, run_after=2024-06-18 00:00:00+00:00
[2024-06-18T16:52:58.031-0400] {processor.py:183} INFO - Processing /Users/jbshome/Desktop/us_debt_etl_pipeline/debt_env/lib/python3.12/site-packages/airflow/example_dags/example_task_group_decorator.py took 0.232 seconds
[2024-06-18T16:56:08.529-0400] {processor.py:161} INFO - Started process (PID=22057) to work on /Users/jbshome/Desktop/us_debt_etl_pipeline/debt_env/lib/python3.12/site-packages/airflow/example_dags/example_task_group_decorator.py
[2024-06-18T16:56:08.532-0400] {processor.py:830} INFO - Processing file /Users/jbshome/Desktop/us_debt_etl_pipeline/debt_env/lib/python3.12/site-packages/airflow/example_dags/example_task_group_decorator.py for tasks to queue
[2024-06-18T16:56:08.533-0400] {logging_mixin.py:188} INFO - [2024-06-18T16:56:08.533-0400] {dagbag.py:545} INFO - Filling up the DagBag from /Users/jbshome/Desktop/us_debt_etl_pipeline/debt_env/lib/python3.12/site-packages/airflow/example_dags/example_task_group_decorator.py
[2024-06-18T16:56:08.600-0400] {processor.py:840} INFO - DAG(s) 'example_task_group_decorator' retrieved from /Users/jbshome/Desktop/us_debt_etl_pipeline/debt_env/lib/python3.12/site-packages/airflow/example_dags/example_task_group_decorator.py
[2024-06-18T16:56:08.826-0400] {logging_mixin.py:188} INFO - [2024-06-18T16:56:08.825-0400] {dag.py:3096} INFO - Sync 1 DAGs
[2024-06-18T16:56:08.853-0400] {logging_mixin.py:188} INFO - [2024-06-18T16:56:08.852-0400] {dag.py:3954} INFO - Setting next_dagrun for example_task_group_decorator to 2024-06-17 00:00:00+00:00, run_after=2024-06-18 00:00:00+00:00
[2024-06-18T16:56:08.889-0400] {processor.py:183} INFO - Processing /Users/jbshome/Desktop/us_debt_etl_pipeline/debt_env/lib/python3.12/site-packages/airflow/example_dags/example_task_group_decorator.py took 0.363 seconds
[2024-06-18T16:59:18.294-0400] {processor.py:161} INFO - Started process (PID=22560) to work on /Users/jbshome/Desktop/us_debt_etl_pipeline/debt_env/lib/python3.12/site-packages/airflow/example_dags/example_task_group_decorator.py
[2024-06-18T16:59:18.296-0400] {processor.py:830} INFO - Processing file /Users/jbshome/Desktop/us_debt_etl_pipeline/debt_env/lib/python3.12/site-packages/airflow/example_dags/example_task_group_decorator.py for tasks to queue
[2024-06-18T16:59:18.297-0400] {logging_mixin.py:188} INFO - [2024-06-18T16:59:18.297-0400] {dagbag.py:545} INFO - Filling up the DagBag from /Users/jbshome/Desktop/us_debt_etl_pipeline/debt_env/lib/python3.12/site-packages/airflow/example_dags/example_task_group_decorator.py
[2024-06-18T16:59:18.370-0400] {processor.py:840} INFO - DAG(s) 'example_task_group_decorator' retrieved from /Users/jbshome/Desktop/us_debt_etl_pipeline/debt_env/lib/python3.12/site-packages/airflow/example_dags/example_task_group_decorator.py
[2024-06-18T16:59:18.534-0400] {logging_mixin.py:188} INFO - [2024-06-18T16:59:18.534-0400] {dag.py:3096} INFO - Sync 1 DAGs
[2024-06-18T16:59:18.557-0400] {logging_mixin.py:188} INFO - [2024-06-18T16:59:18.557-0400] {dag.py:3954} INFO - Setting next_dagrun for example_task_group_decorator to 2024-06-17 00:00:00+00:00, run_after=2024-06-18 00:00:00+00:00
[2024-06-18T16:59:18.578-0400] {processor.py:183} INFO - Processing /Users/jbshome/Desktop/us_debt_etl_pipeline/debt_env/lib/python3.12/site-packages/airflow/example_dags/example_task_group_decorator.py took 0.289 seconds
[2024-06-18T17:03:29.285-0400] {processor.py:161} INFO - Started process (PID=22808) to work on /Users/jbshome/Desktop/us_debt_etl_pipeline/debt_env/lib/python3.12/site-packages/airflow/example_dags/example_task_group_decorator.py
[2024-06-18T17:03:29.288-0400] {processor.py:830} INFO - Processing file /Users/jbshome/Desktop/us_debt_etl_pipeline/debt_env/lib/python3.12/site-packages/airflow/example_dags/example_task_group_decorator.py for tasks to queue
[2024-06-18T17:03:29.288-0400] {logging_mixin.py:188} INFO - [2024-06-18T17:03:29.288-0400] {dagbag.py:545} INFO - Filling up the DagBag from /Users/jbshome/Desktop/us_debt_etl_pipeline/debt_env/lib/python3.12/site-packages/airflow/example_dags/example_task_group_decorator.py
[2024-06-18T17:03:29.338-0400] {processor.py:840} INFO - DAG(s) 'example_task_group_decorator' retrieved from /Users/jbshome/Desktop/us_debt_etl_pipeline/debt_env/lib/python3.12/site-packages/airflow/example_dags/example_task_group_decorator.py
[2024-06-18T17:03:29.461-0400] {logging_mixin.py:188} INFO - [2024-06-18T17:03:29.461-0400] {dag.py:3096} INFO - Sync 1 DAGs
[2024-06-18T17:03:29.481-0400] {logging_mixin.py:188} INFO - [2024-06-18T17:03:29.481-0400] {dag.py:3954} INFO - Setting next_dagrun for example_task_group_decorator to 2024-06-17 00:00:00+00:00, run_after=2024-06-18 00:00:00+00:00
[2024-06-18T17:03:29.506-0400] {processor.py:183} INFO - Processing /Users/jbshome/Desktop/us_debt_etl_pipeline/debt_env/lib/python3.12/site-packages/airflow/example_dags/example_task_group_decorator.py took 0.223 seconds
[2024-06-18T17:06:53.050-0400] {processor.py:161} INFO - Started process (PID=23116) to work on /Users/jbshome/Desktop/us_debt_etl_pipeline/debt_env/lib/python3.12/site-packages/airflow/example_dags/example_task_group_decorator.py
[2024-06-18T17:06:53.052-0400] {processor.py:830} INFO - Processing file /Users/jbshome/Desktop/us_debt_etl_pipeline/debt_env/lib/python3.12/site-packages/airflow/example_dags/example_task_group_decorator.py for tasks to queue
[2024-06-18T17:06:53.053-0400] {logging_mixin.py:188} INFO - [2024-06-18T17:06:53.053-0400] {dagbag.py:545} INFO - Filling up the DagBag from /Users/jbshome/Desktop/us_debt_etl_pipeline/debt_env/lib/python3.12/site-packages/airflow/example_dags/example_task_group_decorator.py
[2024-06-18T17:06:53.127-0400] {processor.py:840} INFO - DAG(s) 'example_task_group_decorator' retrieved from /Users/jbshome/Desktop/us_debt_etl_pipeline/debt_env/lib/python3.12/site-packages/airflow/example_dags/example_task_group_decorator.py
[2024-06-18T17:06:53.314-0400] {logging_mixin.py:188} INFO - [2024-06-18T17:06:53.312-0400] {dag.py:3096} INFO - Sync 1 DAGs
[2024-06-18T17:06:53.351-0400] {logging_mixin.py:188} INFO - [2024-06-18T17:06:53.350-0400] {dag.py:3954} INFO - Setting next_dagrun for example_task_group_decorator to 2024-06-17 00:00:00+00:00, run_after=2024-06-18 00:00:00+00:00
[2024-06-18T17:06:53.387-0400] {processor.py:183} INFO - Processing /Users/jbshome/Desktop/us_debt_etl_pipeline/debt_env/lib/python3.12/site-packages/airflow/example_dags/example_task_group_decorator.py took 0.342 seconds
[2024-06-18T17:10:56.700-0400] {processor.py:161} INFO - Started process (PID=23847) to work on /Users/jbshome/Desktop/us_debt_etl_pipeline/debt_env/lib/python3.12/site-packages/airflow/example_dags/example_task_group_decorator.py
[2024-06-18T17:10:56.703-0400] {processor.py:830} INFO - Processing file /Users/jbshome/Desktop/us_debt_etl_pipeline/debt_env/lib/python3.12/site-packages/airflow/example_dags/example_task_group_decorator.py for tasks to queue
[2024-06-18T17:10:56.704-0400] {logging_mixin.py:188} INFO - [2024-06-18T17:10:56.703-0400] {dagbag.py:545} INFO - Filling up the DagBag from /Users/jbshome/Desktop/us_debt_etl_pipeline/debt_env/lib/python3.12/site-packages/airflow/example_dags/example_task_group_decorator.py
[2024-06-18T17:10:56.801-0400] {processor.py:840} INFO - DAG(s) 'example_task_group_decorator' retrieved from /Users/jbshome/Desktop/us_debt_etl_pipeline/debt_env/lib/python3.12/site-packages/airflow/example_dags/example_task_group_decorator.py
[2024-06-18T17:10:57.048-0400] {logging_mixin.py:188} INFO - [2024-06-18T17:10:57.047-0400] {dag.py:3096} INFO - Sync 1 DAGs
[2024-06-18T17:10:57.087-0400] {logging_mixin.py:188} INFO - [2024-06-18T17:10:57.087-0400] {dag.py:3954} INFO - Setting next_dagrun for example_task_group_decorator to 2024-06-17 00:00:00+00:00, run_after=2024-06-18 00:00:00+00:00
[2024-06-18T17:10:57.125-0400] {processor.py:183} INFO - Processing /Users/jbshome/Desktop/us_debt_etl_pipeline/debt_env/lib/python3.12/site-packages/airflow/example_dags/example_task_group_decorator.py took 0.429 seconds
[2024-06-18T17:16:12.650-0400] {processor.py:161} INFO - Started process (PID=24187) to work on /Users/jbshome/Desktop/us_debt_etl_pipeline/debt_env/lib/python3.12/site-packages/airflow/example_dags/example_task_group_decorator.py
[2024-06-18T17:16:12.652-0400] {processor.py:830} INFO - Processing file /Users/jbshome/Desktop/us_debt_etl_pipeline/debt_env/lib/python3.12/site-packages/airflow/example_dags/example_task_group_decorator.py for tasks to queue
[2024-06-18T17:16:12.654-0400] {logging_mixin.py:188} INFO - [2024-06-18T17:16:12.653-0400] {dagbag.py:545} INFO - Filling up the DagBag from /Users/jbshome/Desktop/us_debt_etl_pipeline/debt_env/lib/python3.12/site-packages/airflow/example_dags/example_task_group_decorator.py
[2024-06-18T17:16:12.752-0400] {processor.py:840} INFO - DAG(s) 'example_task_group_decorator' retrieved from /Users/jbshome/Desktop/us_debt_etl_pipeline/debt_env/lib/python3.12/site-packages/airflow/example_dags/example_task_group_decorator.py
[2024-06-18T17:16:13.040-0400] {logging_mixin.py:188} INFO - [2024-06-18T17:16:13.038-0400] {dag.py:3096} INFO - Sync 1 DAGs
[2024-06-18T17:16:13.089-0400] {logging_mixin.py:188} INFO - [2024-06-18T17:16:13.084-0400] {dag.py:3954} INFO - Setting next_dagrun for example_task_group_decorator to 2024-06-17 00:00:00+00:00, run_after=2024-06-18 00:00:00+00:00
[2024-06-18T17:16:13.135-0400] {processor.py:183} INFO - Processing /Users/jbshome/Desktop/us_debt_etl_pipeline/debt_env/lib/python3.12/site-packages/airflow/example_dags/example_task_group_decorator.py took 0.491 seconds
[2024-06-18T17:20:59.165-0400] {processor.py:161} INFO - Started process (PID=24524) to work on /Users/jbshome/Desktop/us_debt_etl_pipeline/debt_env/lib/python3.12/site-packages/airflow/example_dags/example_task_group_decorator.py
[2024-06-18T17:20:59.166-0400] {processor.py:830} INFO - Processing file /Users/jbshome/Desktop/us_debt_etl_pipeline/debt_env/lib/python3.12/site-packages/airflow/example_dags/example_task_group_decorator.py for tasks to queue
[2024-06-18T17:20:59.167-0400] {logging_mixin.py:188} INFO - [2024-06-18T17:20:59.167-0400] {dagbag.py:545} INFO - Filling up the DagBag from /Users/jbshome/Desktop/us_debt_etl_pipeline/debt_env/lib/python3.12/site-packages/airflow/example_dags/example_task_group_decorator.py
[2024-06-18T17:20:59.218-0400] {processor.py:840} INFO - DAG(s) 'example_task_group_decorator' retrieved from /Users/jbshome/Desktop/us_debt_etl_pipeline/debt_env/lib/python3.12/site-packages/airflow/example_dags/example_task_group_decorator.py
[2024-06-18T17:20:59.348-0400] {logging_mixin.py:188} INFO - [2024-06-18T17:20:59.347-0400] {dag.py:3096} INFO - Sync 1 DAGs
[2024-06-18T17:20:59.370-0400] {logging_mixin.py:188} INFO - [2024-06-18T17:20:59.369-0400] {dag.py:3954} INFO - Setting next_dagrun for example_task_group_decorator to 2024-06-17 00:00:00+00:00, run_after=2024-06-18 00:00:00+00:00
[2024-06-18T17:20:59.396-0400] {processor.py:183} INFO - Processing /Users/jbshome/Desktop/us_debt_etl_pipeline/debt_env/lib/python3.12/site-packages/airflow/example_dags/example_task_group_decorator.py took 0.234 seconds
[2024-06-18T17:25:14.581-0400] {processor.py:161} INFO - Started process (PID=24817) to work on /Users/jbshome/Desktop/us_debt_etl_pipeline/debt_env/lib/python3.12/site-packages/airflow/example_dags/example_task_group_decorator.py
[2024-06-18T17:25:14.584-0400] {processor.py:830} INFO - Processing file /Users/jbshome/Desktop/us_debt_etl_pipeline/debt_env/lib/python3.12/site-packages/airflow/example_dags/example_task_group_decorator.py for tasks to queue
[2024-06-18T17:25:14.585-0400] {logging_mixin.py:188} INFO - [2024-06-18T17:25:14.585-0400] {dagbag.py:545} INFO - Filling up the DagBag from /Users/jbshome/Desktop/us_debt_etl_pipeline/debt_env/lib/python3.12/site-packages/airflow/example_dags/example_task_group_decorator.py
[2024-06-18T17:25:14.679-0400] {processor.py:840} INFO - DAG(s) 'example_task_group_decorator' retrieved from /Users/jbshome/Desktop/us_debt_etl_pipeline/debt_env/lib/python3.12/site-packages/airflow/example_dags/example_task_group_decorator.py
[2024-06-18T17:25:14.890-0400] {logging_mixin.py:188} INFO - [2024-06-18T17:25:14.889-0400] {dag.py:3096} INFO - Sync 1 DAGs
[2024-06-18T17:25:14.922-0400] {logging_mixin.py:188} INFO - [2024-06-18T17:25:14.921-0400] {dag.py:3954} INFO - Setting next_dagrun for example_task_group_decorator to 2024-06-17 00:00:00+00:00, run_after=2024-06-18 00:00:00+00:00
[2024-06-18T17:25:14.956-0400] {processor.py:183} INFO - Processing /Users/jbshome/Desktop/us_debt_etl_pipeline/debt_env/lib/python3.12/site-packages/airflow/example_dags/example_task_group_decorator.py took 0.380 seconds
[2024-06-18T17:29:48.394-0400] {processor.py:161} INFO - Started process (PID=25139) to work on /Users/jbshome/Desktop/us_debt_etl_pipeline/debt_env/lib/python3.12/site-packages/airflow/example_dags/example_task_group_decorator.py
[2024-06-18T17:29:48.396-0400] {processor.py:830} INFO - Processing file /Users/jbshome/Desktop/us_debt_etl_pipeline/debt_env/lib/python3.12/site-packages/airflow/example_dags/example_task_group_decorator.py for tasks to queue
[2024-06-18T17:29:48.397-0400] {logging_mixin.py:188} INFO - [2024-06-18T17:29:48.397-0400] {dagbag.py:545} INFO - Filling up the DagBag from /Users/jbshome/Desktop/us_debt_etl_pipeline/debt_env/lib/python3.12/site-packages/airflow/example_dags/example_task_group_decorator.py
[2024-06-18T17:29:48.479-0400] {processor.py:840} INFO - DAG(s) 'example_task_group_decorator' retrieved from /Users/jbshome/Desktop/us_debt_etl_pipeline/debt_env/lib/python3.12/site-packages/airflow/example_dags/example_task_group_decorator.py
[2024-06-18T17:29:48.693-0400] {logging_mixin.py:188} INFO - [2024-06-18T17:29:48.693-0400] {dag.py:3096} INFO - Sync 1 DAGs
[2024-06-18T17:29:48.730-0400] {logging_mixin.py:188} INFO - [2024-06-18T17:29:48.729-0400] {dag.py:3954} INFO - Setting next_dagrun for example_task_group_decorator to 2024-06-17 00:00:00+00:00, run_after=2024-06-18 00:00:00+00:00
[2024-06-18T17:29:48.768-0400] {processor.py:183} INFO - Processing /Users/jbshome/Desktop/us_debt_etl_pipeline/debt_env/lib/python3.12/site-packages/airflow/example_dags/example_task_group_decorator.py took 0.378 seconds
[2024-06-18T17:34:41.833-0400] {processor.py:161} INFO - Started process (PID=25453) to work on /Users/jbshome/Desktop/us_debt_etl_pipeline/debt_env/lib/python3.12/site-packages/airflow/example_dags/example_task_group_decorator.py
[2024-06-18T17:34:41.836-0400] {processor.py:830} INFO - Processing file /Users/jbshome/Desktop/us_debt_etl_pipeline/debt_env/lib/python3.12/site-packages/airflow/example_dags/example_task_group_decorator.py for tasks to queue
[2024-06-18T17:34:41.838-0400] {logging_mixin.py:188} INFO - [2024-06-18T17:34:41.837-0400] {dagbag.py:545} INFO - Filling up the DagBag from /Users/jbshome/Desktop/us_debt_etl_pipeline/debt_env/lib/python3.12/site-packages/airflow/example_dags/example_task_group_decorator.py
[2024-06-18T17:34:41.947-0400] {processor.py:840} INFO - DAG(s) 'example_task_group_decorator' retrieved from /Users/jbshome/Desktop/us_debt_etl_pipeline/debt_env/lib/python3.12/site-packages/airflow/example_dags/example_task_group_decorator.py
[2024-06-18T17:34:42.168-0400] {logging_mixin.py:188} INFO - [2024-06-18T17:34:42.164-0400] {dag.py:3096} INFO - Sync 1 DAGs
[2024-06-18T17:34:42.195-0400] {logging_mixin.py:188} INFO - [2024-06-18T17:34:42.194-0400] {dag.py:3954} INFO - Setting next_dagrun for example_task_group_decorator to 2024-06-17 00:00:00+00:00, run_after=2024-06-18 00:00:00+00:00
[2024-06-18T17:34:42.230-0400] {processor.py:183} INFO - Processing /Users/jbshome/Desktop/us_debt_etl_pipeline/debt_env/lib/python3.12/site-packages/airflow/example_dags/example_task_group_decorator.py took 0.404 seconds
[2024-06-18T17:42:23.566-0400] {processor.py:161} INFO - Started process (PID=26490) to work on /Users/jbshome/Desktop/us_debt_etl_pipeline/debt_env/lib/python3.12/site-packages/airflow/example_dags/example_task_group_decorator.py
[2024-06-18T17:42:23.569-0400] {processor.py:830} INFO - Processing file /Users/jbshome/Desktop/us_debt_etl_pipeline/debt_env/lib/python3.12/site-packages/airflow/example_dags/example_task_group_decorator.py for tasks to queue
[2024-06-18T17:42:23.570-0400] {logging_mixin.py:188} INFO - [2024-06-18T17:42:23.569-0400] {dagbag.py:545} INFO - Filling up the DagBag from /Users/jbshome/Desktop/us_debt_etl_pipeline/debt_env/lib/python3.12/site-packages/airflow/example_dags/example_task_group_decorator.py
[2024-06-18T17:42:23.727-0400] {processor.py:840} INFO - DAG(s) 'example_task_group_decorator' retrieved from /Users/jbshome/Desktop/us_debt_etl_pipeline/debt_env/lib/python3.12/site-packages/airflow/example_dags/example_task_group_decorator.py
[2024-06-18T17:42:24.209-0400] {logging_mixin.py:188} INFO - [2024-06-18T17:42:24.209-0400] {dag.py:3096} INFO - Sync 1 DAGs
[2024-06-18T17:42:24.358-0400] {logging_mixin.py:188} INFO - [2024-06-18T17:42:24.358-0400] {dag.py:3954} INFO - Setting next_dagrun for example_task_group_decorator to 2024-06-17 00:00:00+00:00, run_after=2024-06-18 00:00:00+00:00
[2024-06-18T17:42:24.523-0400] {processor.py:183} INFO - Processing /Users/jbshome/Desktop/us_debt_etl_pipeline/debt_env/lib/python3.12/site-packages/airflow/example_dags/example_task_group_decorator.py took 0.982 seconds
[2024-06-18T17:47:46.438-0400] {processor.py:161} INFO - Started process (PID=27569) to work on /Users/jbshome/Desktop/us_debt_etl_pipeline/debt_env/lib/python3.12/site-packages/airflow/example_dags/example_task_group_decorator.py
[2024-06-18T17:47:46.440-0400] {processor.py:830} INFO - Processing file /Users/jbshome/Desktop/us_debt_etl_pipeline/debt_env/lib/python3.12/site-packages/airflow/example_dags/example_task_group_decorator.py for tasks to queue
[2024-06-18T17:47:46.441-0400] {logging_mixin.py:188} INFO - [2024-06-18T17:47:46.441-0400] {dagbag.py:545} INFO - Filling up the DagBag from /Users/jbshome/Desktop/us_debt_etl_pipeline/debt_env/lib/python3.12/site-packages/airflow/example_dags/example_task_group_decorator.py
[2024-06-18T17:47:46.507-0400] {processor.py:840} INFO - DAG(s) 'example_task_group_decorator' retrieved from /Users/jbshome/Desktop/us_debt_etl_pipeline/debt_env/lib/python3.12/site-packages/airflow/example_dags/example_task_group_decorator.py
[2024-06-18T17:47:46.656-0400] {logging_mixin.py:188} INFO - [2024-06-18T17:47:46.656-0400] {dag.py:3096} INFO - Sync 1 DAGs
[2024-06-18T17:47:46.685-0400] {logging_mixin.py:188} INFO - [2024-06-18T17:47:46.685-0400] {dag.py:3954} INFO - Setting next_dagrun for example_task_group_decorator to 2024-06-17 00:00:00+00:00, run_after=2024-06-18 00:00:00+00:00
[2024-06-18T17:47:46.711-0400] {processor.py:183} INFO - Processing /Users/jbshome/Desktop/us_debt_etl_pipeline/debt_env/lib/python3.12/site-packages/airflow/example_dags/example_task_group_decorator.py took 0.278 seconds
