[2024-06-18T16:32:14.082-0400] {processor.py:161} INFO - Started process (PID=20172) to work on /Users/jbshome/Desktop/us_debt_etl_pipeline/debt_env/lib/python3.12/site-packages/airflow/example_dags/example_display_name.py
[2024-06-18T16:32:14.083-0400] {processor.py:830} INFO - Processing file /Users/jbshome/Desktop/us_debt_etl_pipeline/debt_env/lib/python3.12/site-packages/airflow/example_dags/example_display_name.py for tasks to queue
[2024-06-18T16:32:14.084-0400] {logging_mixin.py:188} INFO - [2024-06-18T16:32:14.084-0400] {dagbag.py:545} INFO - Filling up the DagBag from /Users/jbshome/Desktop/us_debt_etl_pipeline/debt_env/lib/python3.12/site-packages/airflow/example_dags/example_display_name.py
[2024-06-18T16:32:14.141-0400] {processor.py:840} INFO - DAG(s) 'example_display_name' retrieved from /Users/jbshome/Desktop/us_debt_etl_pipeline/debt_env/lib/python3.12/site-packages/airflow/example_dags/example_display_name.py
[2024-06-18T16:32:14.375-0400] {logging_mixin.py:188} INFO - [2024-06-18T16:32:14.374-0400] {override.py:1829} INFO - Created Permission View: can edit on DAG:example_display_name
[2024-06-18T16:32:14.469-0400] {logging_mixin.py:188} INFO - [2024-06-18T16:32:14.468-0400] {override.py:1829} INFO - Created Permission View: can delete on DAG:example_display_name
[2024-06-18T16:32:14.479-0400] {logging_mixin.py:188} INFO - [2024-06-18T16:32:14.478-0400] {override.py:1829} INFO - Created Permission View: can read on DAG:example_display_name
[2024-06-18T16:32:14.480-0400] {logging_mixin.py:188} INFO - [2024-06-18T16:32:14.479-0400] {dag.py:3096} INFO - Sync 1 DAGs
[2024-06-18T16:32:14.492-0400] {logging_mixin.py:188} INFO - [2024-06-18T16:32:14.492-0400] {dag.py:3118} INFO - Creating ORM DAG for example_display_name
[2024-06-18T16:32:14.493-0400] {logging_mixin.py:188} INFO - [2024-06-18T16:32:14.492-0400] {dag.py:3954} INFO - Setting next_dagrun for example_display_name to None, run_after=None
[2024-06-18T16:32:14.513-0400] {processor.py:183} INFO - Processing /Users/jbshome/Desktop/us_debt_etl_pipeline/debt_env/lib/python3.12/site-packages/airflow/example_dags/example_display_name.py took 0.434 seconds
[2024-06-18T16:35:55.038-0400] {processor.py:161} INFO - Started process (PID=20376) to work on /Users/jbshome/Desktop/us_debt_etl_pipeline/debt_env/lib/python3.12/site-packages/airflow/example_dags/example_display_name.py
[2024-06-18T16:35:55.041-0400] {processor.py:830} INFO - Processing file /Users/jbshome/Desktop/us_debt_etl_pipeline/debt_env/lib/python3.12/site-packages/airflow/example_dags/example_display_name.py for tasks to queue
[2024-06-18T16:35:55.042-0400] {logging_mixin.py:188} INFO - [2024-06-18T16:35:55.042-0400] {dagbag.py:545} INFO - Filling up the DagBag from /Users/jbshome/Desktop/us_debt_etl_pipeline/debt_env/lib/python3.12/site-packages/airflow/example_dags/example_display_name.py
[2024-06-18T16:35:55.085-0400] {processor.py:840} INFO - DAG(s) 'example_display_name' retrieved from /Users/jbshome/Desktop/us_debt_etl_pipeline/debt_env/lib/python3.12/site-packages/airflow/example_dags/example_display_name.py
[2024-06-18T16:35:55.203-0400] {logging_mixin.py:188} INFO - [2024-06-18T16:35:55.202-0400] {dag.py:3096} INFO - Sync 1 DAGs
[2024-06-18T16:35:55.214-0400] {logging_mixin.py:188} INFO - [2024-06-18T16:35:55.213-0400] {dag.py:3954} INFO - Setting next_dagrun for example_display_name to None, run_after=None
[2024-06-18T16:35:55.238-0400] {processor.py:183} INFO - Processing /Users/jbshome/Desktop/us_debt_etl_pipeline/debt_env/lib/python3.12/site-packages/airflow/example_dags/example_display_name.py took 0.203 seconds
[2024-06-18T16:42:13.528-0400] {processor.py:161} INFO - Started process (PID=20879) to work on /Users/jbshome/Desktop/us_debt_etl_pipeline/debt_env/lib/python3.12/site-packages/airflow/example_dags/example_display_name.py
[2024-06-18T16:42:13.530-0400] {processor.py:830} INFO - Processing file /Users/jbshome/Desktop/us_debt_etl_pipeline/debt_env/lib/python3.12/site-packages/airflow/example_dags/example_display_name.py for tasks to queue
[2024-06-18T16:42:13.531-0400] {logging_mixin.py:188} INFO - [2024-06-18T16:42:13.531-0400] {dagbag.py:545} INFO - Filling up the DagBag from /Users/jbshome/Desktop/us_debt_etl_pipeline/debt_env/lib/python3.12/site-packages/airflow/example_dags/example_display_name.py
[2024-06-18T16:42:13.569-0400] {processor.py:840} INFO - DAG(s) 'example_display_name' retrieved from /Users/jbshome/Desktop/us_debt_etl_pipeline/debt_env/lib/python3.12/site-packages/airflow/example_dags/example_display_name.py
[2024-06-18T16:42:13.678-0400] {logging_mixin.py:188} INFO - [2024-06-18T16:42:13.678-0400] {dag.py:3096} INFO - Sync 1 DAGs
[2024-06-18T16:42:13.687-0400] {logging_mixin.py:188} INFO - [2024-06-18T16:42:13.687-0400] {dag.py:3954} INFO - Setting next_dagrun for example_display_name to None, run_after=None
[2024-06-18T16:42:13.708-0400] {processor.py:183} INFO - Processing /Users/jbshome/Desktop/us_debt_etl_pipeline/debt_env/lib/python3.12/site-packages/airflow/example_dags/example_display_name.py took 0.183 seconds
[2024-06-18T16:48:17.758-0400] {processor.py:161} INFO - Started process (PID=21644) to work on /Users/jbshome/Desktop/us_debt_etl_pipeline/debt_env/lib/python3.12/site-packages/airflow/example_dags/example_display_name.py
[2024-06-18T16:48:17.760-0400] {processor.py:830} INFO - Processing file /Users/jbshome/Desktop/us_debt_etl_pipeline/debt_env/lib/python3.12/site-packages/airflow/example_dags/example_display_name.py for tasks to queue
[2024-06-18T16:48:17.761-0400] {logging_mixin.py:188} INFO - [2024-06-18T16:48:17.761-0400] {dagbag.py:545} INFO - Filling up the DagBag from /Users/jbshome/Desktop/us_debt_etl_pipeline/debt_env/lib/python3.12/site-packages/airflow/example_dags/example_display_name.py
[2024-06-18T16:48:17.842-0400] {processor.py:840} INFO - DAG(s) 'example_display_name' retrieved from /Users/jbshome/Desktop/us_debt_etl_pipeline/debt_env/lib/python3.12/site-packages/airflow/example_dags/example_display_name.py
[2024-06-18T16:48:18.062-0400] {logging_mixin.py:188} INFO - [2024-06-18T16:48:18.062-0400] {dag.py:3096} INFO - Sync 1 DAGs
[2024-06-18T16:48:18.082-0400] {logging_mixin.py:188} INFO - [2024-06-18T16:48:18.081-0400] {dag.py:3954} INFO - Setting next_dagrun for example_display_name to None, run_after=None
[2024-06-18T16:48:18.139-0400] {processor.py:183} INFO - Processing /Users/jbshome/Desktop/us_debt_etl_pipeline/debt_env/lib/python3.12/site-packages/airflow/example_dags/example_display_name.py took 0.385 seconds
[2024-06-18T16:54:28.502-0400] {processor.py:161} INFO - Started process (PID=21980) to work on /Users/jbshome/Desktop/us_debt_etl_pipeline/debt_env/lib/python3.12/site-packages/airflow/example_dags/example_display_name.py
[2024-06-18T16:54:28.508-0400] {processor.py:830} INFO - Processing file /Users/jbshome/Desktop/us_debt_etl_pipeline/debt_env/lib/python3.12/site-packages/airflow/example_dags/example_display_name.py for tasks to queue
[2024-06-18T16:54:28.510-0400] {logging_mixin.py:188} INFO - [2024-06-18T16:54:28.509-0400] {dagbag.py:545} INFO - Filling up the DagBag from /Users/jbshome/Desktop/us_debt_etl_pipeline/debt_env/lib/python3.12/site-packages/airflow/example_dags/example_display_name.py
[2024-06-18T16:54:28.563-0400] {processor.py:840} INFO - DAG(s) 'example_display_name' retrieved from /Users/jbshome/Desktop/us_debt_etl_pipeline/debt_env/lib/python3.12/site-packages/airflow/example_dags/example_display_name.py
[2024-06-18T16:54:28.730-0400] {logging_mixin.py:188} INFO - [2024-06-18T16:54:28.729-0400] {dag.py:3096} INFO - Sync 1 DAGs
[2024-06-18T16:54:28.747-0400] {logging_mixin.py:188} INFO - [2024-06-18T16:54:28.747-0400] {dag.py:3954} INFO - Setting next_dagrun for example_display_name to None, run_after=None
[2024-06-18T16:54:28.789-0400] {processor.py:183} INFO - Processing /Users/jbshome/Desktop/us_debt_etl_pipeline/debt_env/lib/python3.12/site-packages/airflow/example_dags/example_display_name.py took 0.291 seconds
[2024-06-18T17:01:29.039-0400] {processor.py:161} INFO - Started process (PID=22696) to work on /Users/jbshome/Desktop/us_debt_etl_pipeline/debt_env/lib/python3.12/site-packages/airflow/example_dags/example_display_name.py
[2024-06-18T17:01:29.050-0400] {processor.py:830} INFO - Processing file /Users/jbshome/Desktop/us_debt_etl_pipeline/debt_env/lib/python3.12/site-packages/airflow/example_dags/example_display_name.py for tasks to queue
[2024-06-18T17:01:29.051-0400] {logging_mixin.py:188} INFO - [2024-06-18T17:01:29.051-0400] {dagbag.py:545} INFO - Filling up the DagBag from /Users/jbshome/Desktop/us_debt_etl_pipeline/debt_env/lib/python3.12/site-packages/airflow/example_dags/example_display_name.py
[2024-06-18T17:01:29.265-0400] {processor.py:840} INFO - DAG(s) 'example_display_name' retrieved from /Users/jbshome/Desktop/us_debt_etl_pipeline/debt_env/lib/python3.12/site-packages/airflow/example_dags/example_display_name.py
[2024-06-18T17:01:29.960-0400] {logging_mixin.py:188} INFO - [2024-06-18T17:01:29.959-0400] {dag.py:3096} INFO - Sync 1 DAGs
[2024-06-18T17:01:30.033-0400] {logging_mixin.py:188} INFO - [2024-06-18T17:01:30.033-0400] {dag.py:3954} INFO - Setting next_dagrun for example_display_name to None, run_after=None
[2024-06-18T17:01:30.158-0400] {processor.py:183} INFO - Processing /Users/jbshome/Desktop/us_debt_etl_pipeline/debt_env/lib/python3.12/site-packages/airflow/example_dags/example_display_name.py took 1.126 seconds
[2024-06-18T17:05:03.546-0400] {processor.py:161} INFO - Started process (PID=22908) to work on /Users/jbshome/Desktop/us_debt_etl_pipeline/debt_env/lib/python3.12/site-packages/airflow/example_dags/example_display_name.py
[2024-06-18T17:05:03.547-0400] {processor.py:830} INFO - Processing file /Users/jbshome/Desktop/us_debt_etl_pipeline/debt_env/lib/python3.12/site-packages/airflow/example_dags/example_display_name.py for tasks to queue
[2024-06-18T17:05:03.549-0400] {logging_mixin.py:188} INFO - [2024-06-18T17:05:03.548-0400] {dagbag.py:545} INFO - Filling up the DagBag from /Users/jbshome/Desktop/us_debt_etl_pipeline/debt_env/lib/python3.12/site-packages/airflow/example_dags/example_display_name.py
[2024-06-18T17:05:03.623-0400] {processor.py:840} INFO - DAG(s) 'example_display_name' retrieved from /Users/jbshome/Desktop/us_debt_etl_pipeline/debt_env/lib/python3.12/site-packages/airflow/example_dags/example_display_name.py
[2024-06-18T17:05:03.768-0400] {logging_mixin.py:188} INFO - [2024-06-18T17:05:03.768-0400] {dag.py:3096} INFO - Sync 1 DAGs
[2024-06-18T17:05:03.785-0400] {logging_mixin.py:188} INFO - [2024-06-18T17:05:03.784-0400] {dag.py:3954} INFO - Setting next_dagrun for example_display_name to None, run_after=None
[2024-06-18T17:05:03.815-0400] {processor.py:183} INFO - Processing /Users/jbshome/Desktop/us_debt_etl_pipeline/debt_env/lib/python3.12/site-packages/airflow/example_dags/example_display_name.py took 0.273 seconds
[2024-06-18T17:13:21.299-0400] {processor.py:161} INFO - Started process (PID=24002) to work on /Users/jbshome/Desktop/us_debt_etl_pipeline/debt_env/lib/python3.12/site-packages/airflow/example_dags/example_display_name.py
[2024-06-18T17:13:21.301-0400] {processor.py:830} INFO - Processing file /Users/jbshome/Desktop/us_debt_etl_pipeline/debt_env/lib/python3.12/site-packages/airflow/example_dags/example_display_name.py for tasks to queue
[2024-06-18T17:13:21.304-0400] {logging_mixin.py:188} INFO - [2024-06-18T17:13:21.304-0400] {dagbag.py:545} INFO - Filling up the DagBag from /Users/jbshome/Desktop/us_debt_etl_pipeline/debt_env/lib/python3.12/site-packages/airflow/example_dags/example_display_name.py
[2024-06-18T17:13:21.382-0400] {processor.py:840} INFO - DAG(s) 'example_display_name' retrieved from /Users/jbshome/Desktop/us_debt_etl_pipeline/debt_env/lib/python3.12/site-packages/airflow/example_dags/example_display_name.py
[2024-06-18T17:13:21.596-0400] {logging_mixin.py:188} INFO - [2024-06-18T17:13:21.595-0400] {dag.py:3096} INFO - Sync 1 DAGs
[2024-06-18T17:13:21.628-0400] {logging_mixin.py:188} INFO - [2024-06-18T17:13:21.627-0400] {dag.py:3954} INFO - Setting next_dagrun for example_display_name to None, run_after=None
[2024-06-18T17:13:21.670-0400] {processor.py:183} INFO - Processing /Users/jbshome/Desktop/us_debt_etl_pipeline/debt_env/lib/python3.12/site-packages/airflow/example_dags/example_display_name.py took 0.375 seconds
[2024-06-18T17:18:58.390-0400] {processor.py:161} INFO - Started process (PID=24356) to work on /Users/jbshome/Desktop/us_debt_etl_pipeline/debt_env/lib/python3.12/site-packages/airflow/example_dags/example_display_name.py
[2024-06-18T17:18:58.392-0400] {processor.py:830} INFO - Processing file /Users/jbshome/Desktop/us_debt_etl_pipeline/debt_env/lib/python3.12/site-packages/airflow/example_dags/example_display_name.py for tasks to queue
[2024-06-18T17:18:58.393-0400] {logging_mixin.py:188} INFO - [2024-06-18T17:18:58.392-0400] {dagbag.py:545} INFO - Filling up the DagBag from /Users/jbshome/Desktop/us_debt_etl_pipeline/debt_env/lib/python3.12/site-packages/airflow/example_dags/example_display_name.py
[2024-06-18T17:18:58.485-0400] {processor.py:840} INFO - DAG(s) 'example_display_name' retrieved from /Users/jbshome/Desktop/us_debt_etl_pipeline/debt_env/lib/python3.12/site-packages/airflow/example_dags/example_display_name.py
[2024-06-18T17:18:58.726-0400] {logging_mixin.py:188} INFO - [2024-06-18T17:18:58.725-0400] {dag.py:3096} INFO - Sync 1 DAGs
[2024-06-18T17:18:58.749-0400] {logging_mixin.py:188} INFO - [2024-06-18T17:18:58.748-0400] {dag.py:3954} INFO - Setting next_dagrun for example_display_name to None, run_after=None
[2024-06-18T17:18:58.806-0400] {processor.py:183} INFO - Processing /Users/jbshome/Desktop/us_debt_etl_pipeline/debt_env/lib/python3.12/site-packages/airflow/example_dags/example_display_name.py took 0.420 seconds
[2024-06-18T17:23:00.773-0400] {processor.py:161} INFO - Started process (PID=24671) to work on /Users/jbshome/Desktop/us_debt_etl_pipeline/debt_env/lib/python3.12/site-packages/airflow/example_dags/example_display_name.py
[2024-06-18T17:23:00.776-0400] {processor.py:830} INFO - Processing file /Users/jbshome/Desktop/us_debt_etl_pipeline/debt_env/lib/python3.12/site-packages/airflow/example_dags/example_display_name.py for tasks to queue
[2024-06-18T17:23:00.777-0400] {logging_mixin.py:188} INFO - [2024-06-18T17:23:00.777-0400] {dagbag.py:545} INFO - Filling up the DagBag from /Users/jbshome/Desktop/us_debt_etl_pipeline/debt_env/lib/python3.12/site-packages/airflow/example_dags/example_display_name.py
[2024-06-18T17:23:00.844-0400] {processor.py:840} INFO - DAG(s) 'example_display_name' retrieved from /Users/jbshome/Desktop/us_debt_etl_pipeline/debt_env/lib/python3.12/site-packages/airflow/example_dags/example_display_name.py
[2024-06-18T17:23:01.093-0400] {logging_mixin.py:188} INFO - [2024-06-18T17:23:01.093-0400] {dag.py:3096} INFO - Sync 1 DAGs
[2024-06-18T17:23:01.111-0400] {logging_mixin.py:188} INFO - [2024-06-18T17:23:01.111-0400] {dag.py:3954} INFO - Setting next_dagrun for example_display_name to None, run_after=None
[2024-06-18T17:23:01.148-0400] {processor.py:183} INFO - Processing /Users/jbshome/Desktop/us_debt_etl_pipeline/debt_env/lib/python3.12/site-packages/airflow/example_dags/example_display_name.py took 0.379 seconds
[2024-06-18T17:27:47.981-0400] {processor.py:161} INFO - Started process (PID=24972) to work on /Users/jbshome/Desktop/us_debt_etl_pipeline/debt_env/lib/python3.12/site-packages/airflow/example_dags/example_display_name.py
[2024-06-18T17:27:47.984-0400] {processor.py:830} INFO - Processing file /Users/jbshome/Desktop/us_debt_etl_pipeline/debt_env/lib/python3.12/site-packages/airflow/example_dags/example_display_name.py for tasks to queue
[2024-06-18T17:27:47.985-0400] {logging_mixin.py:188} INFO - [2024-06-18T17:27:47.985-0400] {dagbag.py:545} INFO - Filling up the DagBag from /Users/jbshome/Desktop/us_debt_etl_pipeline/debt_env/lib/python3.12/site-packages/airflow/example_dags/example_display_name.py
[2024-06-18T17:27:48.053-0400] {processor.py:840} INFO - DAG(s) 'example_display_name' retrieved from /Users/jbshome/Desktop/us_debt_etl_pipeline/debt_env/lib/python3.12/site-packages/airflow/example_dags/example_display_name.py
[2024-06-18T17:27:48.292-0400] {logging_mixin.py:188} INFO - [2024-06-18T17:27:48.291-0400] {dag.py:3096} INFO - Sync 1 DAGs
[2024-06-18T17:27:48.316-0400] {logging_mixin.py:188} INFO - [2024-06-18T17:27:48.315-0400] {dag.py:3954} INFO - Setting next_dagrun for example_display_name to None, run_after=None
[2024-06-18T17:27:48.370-0400] {processor.py:183} INFO - Processing /Users/jbshome/Desktop/us_debt_etl_pipeline/debt_env/lib/python3.12/site-packages/airflow/example_dags/example_display_name.py took 0.393 seconds
[2024-06-18T17:32:03.079-0400] {processor.py:161} INFO - Started process (PID=25291) to work on /Users/jbshome/Desktop/us_debt_etl_pipeline/debt_env/lib/python3.12/site-packages/airflow/example_dags/example_display_name.py
[2024-06-18T17:32:03.081-0400] {processor.py:830} INFO - Processing file /Users/jbshome/Desktop/us_debt_etl_pipeline/debt_env/lib/python3.12/site-packages/airflow/example_dags/example_display_name.py for tasks to queue
[2024-06-18T17:32:03.083-0400] {logging_mixin.py:188} INFO - [2024-06-18T17:32:03.082-0400] {dagbag.py:545} INFO - Filling up the DagBag from /Users/jbshome/Desktop/us_debt_etl_pipeline/debt_env/lib/python3.12/site-packages/airflow/example_dags/example_display_name.py
[2024-06-18T17:32:03.164-0400] {processor.py:840} INFO - DAG(s) 'example_display_name' retrieved from /Users/jbshome/Desktop/us_debt_etl_pipeline/debt_env/lib/python3.12/site-packages/airflow/example_dags/example_display_name.py
[2024-06-18T17:32:03.635-0400] {logging_mixin.py:188} INFO - [2024-06-18T17:32:03.634-0400] {dag.py:3096} INFO - Sync 1 DAGs
[2024-06-18T17:32:03.661-0400] {logging_mixin.py:188} INFO - [2024-06-18T17:32:03.660-0400] {dag.py:3954} INFO - Setting next_dagrun for example_display_name to None, run_after=None
[2024-06-18T17:32:03.707-0400] {processor.py:183} INFO - Processing /Users/jbshome/Desktop/us_debt_etl_pipeline/debt_env/lib/python3.12/site-packages/airflow/example_dags/example_display_name.py took 0.633 seconds
[2024-06-18T17:37:50.245-0400] {processor.py:161} INFO - Started process (PID=26293) to work on /Users/jbshome/Desktop/us_debt_etl_pipeline/debt_env/lib/python3.12/site-packages/airflow/example_dags/example_display_name.py
[2024-06-18T17:37:50.251-0400] {processor.py:830} INFO - Processing file /Users/jbshome/Desktop/us_debt_etl_pipeline/debt_env/lib/python3.12/site-packages/airflow/example_dags/example_display_name.py for tasks to queue
[2024-06-18T17:37:50.252-0400] {logging_mixin.py:188} INFO - [2024-06-18T17:37:50.252-0400] {dagbag.py:545} INFO - Filling up the DagBag from /Users/jbshome/Desktop/us_debt_etl_pipeline/debt_env/lib/python3.12/site-packages/airflow/example_dags/example_display_name.py
[2024-06-18T17:37:50.440-0400] {processor.py:840} INFO - DAG(s) 'example_display_name' retrieved from /Users/jbshome/Desktop/us_debt_etl_pipeline/debt_env/lib/python3.12/site-packages/airflow/example_dags/example_display_name.py
[2024-06-18T17:37:50.899-0400] {logging_mixin.py:188} INFO - [2024-06-18T17:37:50.899-0400] {dag.py:3096} INFO - Sync 1 DAGs
[2024-06-18T17:37:50.970-0400] {logging_mixin.py:188} INFO - [2024-06-18T17:37:50.970-0400] {dag.py:3954} INFO - Setting next_dagrun for example_display_name to None, run_after=None
[2024-06-18T17:37:51.093-0400] {processor.py:183} INFO - Processing /Users/jbshome/Desktop/us_debt_etl_pipeline/debt_env/lib/python3.12/site-packages/airflow/example_dags/example_display_name.py took 0.855 seconds
[2024-06-18T17:45:44.635-0400] {processor.py:161} INFO - Started process (PID=27203) to work on /Users/jbshome/Desktop/us_debt_etl_pipeline/debt_env/lib/python3.12/site-packages/airflow/example_dags/example_display_name.py
[2024-06-18T17:45:44.637-0400] {processor.py:830} INFO - Processing file /Users/jbshome/Desktop/us_debt_etl_pipeline/debt_env/lib/python3.12/site-packages/airflow/example_dags/example_display_name.py for tasks to queue
[2024-06-18T17:45:44.638-0400] {logging_mixin.py:188} INFO - [2024-06-18T17:45:44.638-0400] {dagbag.py:545} INFO - Filling up the DagBag from /Users/jbshome/Desktop/us_debt_etl_pipeline/debt_env/lib/python3.12/site-packages/airflow/example_dags/example_display_name.py
[2024-06-18T17:45:44.697-0400] {processor.py:840} INFO - DAG(s) 'example_display_name' retrieved from /Users/jbshome/Desktop/us_debt_etl_pipeline/debt_env/lib/python3.12/site-packages/airflow/example_dags/example_display_name.py
[2024-06-18T17:45:44.857-0400] {logging_mixin.py:188} INFO - [2024-06-18T17:45:44.857-0400] {dag.py:3096} INFO - Sync 1 DAGs
[2024-06-18T17:45:44.874-0400] {logging_mixin.py:188} INFO - [2024-06-18T17:45:44.873-0400] {dag.py:3954} INFO - Setting next_dagrun for example_display_name to None, run_after=None
[2024-06-18T17:45:44.900-0400] {processor.py:183} INFO - Processing /Users/jbshome/Desktop/us_debt_etl_pipeline/debt_env/lib/python3.12/site-packages/airflow/example_dags/example_display_name.py took 0.270 seconds
[2024-06-18T17:50:07.290-0400] {processor.py:161} INFO - Started process (PID=27833) to work on /Users/jbshome/Desktop/us_debt_etl_pipeline/debt_env/lib/python3.12/site-packages/airflow/example_dags/example_display_name.py
[2024-06-18T17:50:07.291-0400] {processor.py:830} INFO - Processing file /Users/jbshome/Desktop/us_debt_etl_pipeline/debt_env/lib/python3.12/site-packages/airflow/example_dags/example_display_name.py for tasks to queue
[2024-06-18T17:50:07.293-0400] {logging_mixin.py:188} INFO - [2024-06-18T17:50:07.292-0400] {dagbag.py:545} INFO - Filling up the DagBag from /Users/jbshome/Desktop/us_debt_etl_pipeline/debt_env/lib/python3.12/site-packages/airflow/example_dags/example_display_name.py
[2024-06-18T17:50:07.380-0400] {processor.py:840} INFO - DAG(s) 'example_display_name' retrieved from /Users/jbshome/Desktop/us_debt_etl_pipeline/debt_env/lib/python3.12/site-packages/airflow/example_dags/example_display_name.py
[2024-06-18T17:50:07.639-0400] {logging_mixin.py:188} INFO - [2024-06-18T17:50:07.638-0400] {dag.py:3096} INFO - Sync 1 DAGs
[2024-06-18T17:50:07.660-0400] {logging_mixin.py:188} INFO - [2024-06-18T17:50:07.660-0400] {dag.py:3954} INFO - Setting next_dagrun for example_display_name to None, run_after=None
[2024-06-18T17:50:07.699-0400] {processor.py:183} INFO - Processing /Users/jbshome/Desktop/us_debt_etl_pipeline/debt_env/lib/python3.12/site-packages/airflow/example_dags/example_display_name.py took 0.413 seconds
