[2024-06-18T16:29:59.916-0400] {processor.py:161} INFO - Started process (PID=19593) to work on /Users/jbshome/Desktop/us_debt_etl_pipeline/debt_env/lib/python3.12/site-packages/airflow/example_dags/example_xcomargs.py
[2024-06-18T16:29:59.917-0400] {processor.py:830} INFO - Processing file /Users/jbshome/Desktop/us_debt_etl_pipeline/debt_env/lib/python3.12/site-packages/airflow/example_dags/example_xcomargs.py for tasks to queue
[2024-06-18T16:29:59.918-0400] {logging_mixin.py:188} INFO - [2024-06-18T16:29:59.918-0400] {dagbag.py:545} INFO - Filling up the DagBag from /Users/jbshome/Desktop/us_debt_etl_pipeline/debt_env/lib/python3.12/site-packages/airflow/example_dags/example_xcomargs.py
[2024-06-18T16:29:59.972-0400] {processor.py:840} INFO - DAG(s) 'example_xcom_args', 'example_xcom_args_with_operators' retrieved from /Users/jbshome/Desktop/us_debt_etl_pipeline/debt_env/lib/python3.12/site-packages/airflow/example_dags/example_xcomargs.py
[2024-06-18T16:30:00.192-0400] {logging_mixin.py:188} INFO - [2024-06-18T16:30:00.192-0400] {override.py:1829} INFO - Created Permission View: can read on DAG:example_xcom_args
[2024-06-18T16:30:00.257-0400] {logging_mixin.py:188} INFO - [2024-06-18T16:30:00.256-0400] {override.py:1829} INFO - Created Permission View: can edit on DAG:example_xcom_args
[2024-06-18T16:30:00.263-0400] {logging_mixin.py:188} INFO - [2024-06-18T16:30:00.263-0400] {override.py:1829} INFO - Created Permission View: can delete on DAG:example_xcom_args
[2024-06-18T16:30:00.277-0400] {logging_mixin.py:188} INFO - [2024-06-18T16:30:00.277-0400] {override.py:1829} INFO - Created Permission View: can read on DAG:example_xcom_args_with_operators
[2024-06-18T16:30:00.283-0400] {logging_mixin.py:188} INFO - [2024-06-18T16:30:00.283-0400] {override.py:1829} INFO - Created Permission View: can edit on DAG:example_xcom_args_with_operators
[2024-06-18T16:30:00.289-0400] {logging_mixin.py:188} INFO - [2024-06-18T16:30:00.289-0400] {override.py:1829} INFO - Created Permission View: can delete on DAG:example_xcom_args_with_operators
[2024-06-18T16:30:00.289-0400] {logging_mixin.py:188} INFO - [2024-06-18T16:30:00.289-0400] {dag.py:3096} INFO - Sync 2 DAGs
[2024-06-18T16:30:00.300-0400] {logging_mixin.py:188} INFO - [2024-06-18T16:30:00.300-0400] {dag.py:3118} INFO - Creating ORM DAG for example_xcom_args_with_operators
[2024-06-18T16:30:00.301-0400] {logging_mixin.py:188} INFO - [2024-06-18T16:30:00.301-0400] {dag.py:3118} INFO - Creating ORM DAG for example_xcom_args
[2024-06-18T16:30:00.301-0400] {logging_mixin.py:188} INFO - [2024-06-18T16:30:00.301-0400] {dag.py:3954} INFO - Setting next_dagrun for example_xcom_args to None, run_after=None
[2024-06-18T16:30:00.302-0400] {logging_mixin.py:188} INFO - [2024-06-18T16:30:00.302-0400] {dag.py:3954} INFO - Setting next_dagrun for example_xcom_args_with_operators to None, run_after=None
[2024-06-18T16:30:00.321-0400] {processor.py:183} INFO - Processing /Users/jbshome/Desktop/us_debt_etl_pipeline/debt_env/lib/python3.12/site-packages/airflow/example_dags/example_xcomargs.py took 0.408 seconds
[2024-06-18T16:33:55.222-0400] {processor.py:161} INFO - Started process (PID=20261) to work on /Users/jbshome/Desktop/us_debt_etl_pipeline/debt_env/lib/python3.12/site-packages/airflow/example_dags/example_xcomargs.py
[2024-06-18T16:33:55.224-0400] {processor.py:830} INFO - Processing file /Users/jbshome/Desktop/us_debt_etl_pipeline/debt_env/lib/python3.12/site-packages/airflow/example_dags/example_xcomargs.py for tasks to queue
[2024-06-18T16:33:55.225-0400] {logging_mixin.py:188} INFO - [2024-06-18T16:33:55.225-0400] {dagbag.py:545} INFO - Filling up the DagBag from /Users/jbshome/Desktop/us_debt_etl_pipeline/debt_env/lib/python3.12/site-packages/airflow/example_dags/example_xcomargs.py
[2024-06-18T16:33:55.306-0400] {processor.py:840} INFO - DAG(s) 'example_xcom_args', 'example_xcom_args_with_operators' retrieved from /Users/jbshome/Desktop/us_debt_etl_pipeline/debt_env/lib/python3.12/site-packages/airflow/example_dags/example_xcomargs.py
[2024-06-18T16:33:55.474-0400] {logging_mixin.py:188} INFO - [2024-06-18T16:33:55.474-0400] {dag.py:3096} INFO - Sync 2 DAGs
[2024-06-18T16:33:55.488-0400] {logging_mixin.py:188} INFO - [2024-06-18T16:33:55.488-0400] {dag.py:3954} INFO - Setting next_dagrun for example_xcom_args to None, run_after=None
[2024-06-18T16:33:55.492-0400] {logging_mixin.py:188} INFO - [2024-06-18T16:33:55.491-0400] {dag.py:3954} INFO - Setting next_dagrun for example_xcom_args_with_operators to None, run_after=None
[2024-06-18T16:33:55.517-0400] {processor.py:183} INFO - Processing /Users/jbshome/Desktop/us_debt_etl_pipeline/debt_env/lib/python3.12/site-packages/airflow/example_dags/example_xcomargs.py took 0.300 seconds
[2024-06-18T16:37:09.148-0400] {processor.py:161} INFO - Started process (PID=20435) to work on /Users/jbshome/Desktop/us_debt_etl_pipeline/debt_env/lib/python3.12/site-packages/airflow/example_dags/example_xcomargs.py
[2024-06-18T16:37:09.150-0400] {processor.py:830} INFO - Processing file /Users/jbshome/Desktop/us_debt_etl_pipeline/debt_env/lib/python3.12/site-packages/airflow/example_dags/example_xcomargs.py for tasks to queue
[2024-06-18T16:37:09.151-0400] {logging_mixin.py:188} INFO - [2024-06-18T16:37:09.151-0400] {dagbag.py:545} INFO - Filling up the DagBag from /Users/jbshome/Desktop/us_debt_etl_pipeline/debt_env/lib/python3.12/site-packages/airflow/example_dags/example_xcomargs.py
[2024-06-18T16:37:09.200-0400] {processor.py:840} INFO - DAG(s) 'example_xcom_args', 'example_xcom_args_with_operators' retrieved from /Users/jbshome/Desktop/us_debt_etl_pipeline/debt_env/lib/python3.12/site-packages/airflow/example_dags/example_xcomargs.py
[2024-06-18T16:37:09.347-0400] {logging_mixin.py:188} INFO - [2024-06-18T16:37:09.346-0400] {dag.py:3096} INFO - Sync 2 DAGs
[2024-06-18T16:37:09.367-0400] {logging_mixin.py:188} INFO - [2024-06-18T16:37:09.367-0400] {dag.py:3954} INFO - Setting next_dagrun for example_xcom_args to None, run_after=None
[2024-06-18T16:37:09.372-0400] {logging_mixin.py:188} INFO - [2024-06-18T16:37:09.372-0400] {dag.py:3954} INFO - Setting next_dagrun for example_xcom_args_with_operators to None, run_after=None
[2024-06-18T16:37:09.415-0400] {processor.py:183} INFO - Processing /Users/jbshome/Desktop/us_debt_etl_pipeline/debt_env/lib/python3.12/site-packages/airflow/example_dags/example_xcomargs.py took 0.269 seconds
[2024-06-18T16:40:20.107-0400] {processor.py:161} INFO - Started process (PID=20758) to work on /Users/jbshome/Desktop/us_debt_etl_pipeline/debt_env/lib/python3.12/site-packages/airflow/example_dags/example_xcomargs.py
[2024-06-18T16:40:20.109-0400] {processor.py:830} INFO - Processing file /Users/jbshome/Desktop/us_debt_etl_pipeline/debt_env/lib/python3.12/site-packages/airflow/example_dags/example_xcomargs.py for tasks to queue
[2024-06-18T16:40:20.110-0400] {logging_mixin.py:188} INFO - [2024-06-18T16:40:20.110-0400] {dagbag.py:545} INFO - Filling up the DagBag from /Users/jbshome/Desktop/us_debt_etl_pipeline/debt_env/lib/python3.12/site-packages/airflow/example_dags/example_xcomargs.py
[2024-06-18T16:40:20.155-0400] {processor.py:840} INFO - DAG(s) 'example_xcom_args_with_operators', 'example_xcom_args' retrieved from /Users/jbshome/Desktop/us_debt_etl_pipeline/debt_env/lib/python3.12/site-packages/airflow/example_dags/example_xcomargs.py
[2024-06-18T16:40:20.276-0400] {logging_mixin.py:188} INFO - [2024-06-18T16:40:20.275-0400] {dag.py:3096} INFO - Sync 2 DAGs
[2024-06-18T16:40:20.288-0400] {logging_mixin.py:188} INFO - [2024-06-18T16:40:20.288-0400] {dag.py:3954} INFO - Setting next_dagrun for example_xcom_args to None, run_after=None
[2024-06-18T16:40:20.292-0400] {logging_mixin.py:188} INFO - [2024-06-18T16:40:20.291-0400] {dag.py:3954} INFO - Setting next_dagrun for example_xcom_args_with_operators to None, run_after=None
[2024-06-18T16:40:20.314-0400] {processor.py:183} INFO - Processing /Users/jbshome/Desktop/us_debt_etl_pipeline/debt_env/lib/python3.12/site-packages/airflow/example_dags/example_xcomargs.py took 0.209 seconds
[2024-06-18T16:43:25.447-0400] {processor.py:161} INFO - Started process (PID=21384) to work on /Users/jbshome/Desktop/us_debt_etl_pipeline/debt_env/lib/python3.12/site-packages/airflow/example_dags/example_xcomargs.py
[2024-06-18T16:43:25.451-0400] {processor.py:830} INFO - Processing file /Users/jbshome/Desktop/us_debt_etl_pipeline/debt_env/lib/python3.12/site-packages/airflow/example_dags/example_xcomargs.py for tasks to queue
[2024-06-18T16:43:25.452-0400] {logging_mixin.py:188} INFO - [2024-06-18T16:43:25.452-0400] {dagbag.py:545} INFO - Filling up the DagBag from /Users/jbshome/Desktop/us_debt_etl_pipeline/debt_env/lib/python3.12/site-packages/airflow/example_dags/example_xcomargs.py
[2024-06-18T16:43:25.498-0400] {processor.py:840} INFO - DAG(s) 'example_xcom_args', 'example_xcom_args_with_operators' retrieved from /Users/jbshome/Desktop/us_debt_etl_pipeline/debt_env/lib/python3.12/site-packages/airflow/example_dags/example_xcomargs.py
[2024-06-18T16:43:25.633-0400] {logging_mixin.py:188} INFO - [2024-06-18T16:43:25.633-0400] {dag.py:3096} INFO - Sync 2 DAGs
[2024-06-18T16:43:25.648-0400] {logging_mixin.py:188} INFO - [2024-06-18T16:43:25.647-0400] {dag.py:3954} INFO - Setting next_dagrun for example_xcom_args to None, run_after=None
[2024-06-18T16:43:25.651-0400] {logging_mixin.py:188} INFO - [2024-06-18T16:43:25.651-0400] {dag.py:3954} INFO - Setting next_dagrun for example_xcom_args_with_operators to None, run_after=None
[2024-06-18T16:43:25.678-0400] {processor.py:183} INFO - Processing /Users/jbshome/Desktop/us_debt_etl_pipeline/debt_env/lib/python3.12/site-packages/airflow/example_dags/example_xcomargs.py took 0.234 seconds
[2024-06-18T16:46:19.257-0400] {processor.py:161} INFO - Started process (PID=21550) to work on /Users/jbshome/Desktop/us_debt_etl_pipeline/debt_env/lib/python3.12/site-packages/airflow/example_dags/example_xcomargs.py
[2024-06-18T16:46:19.263-0400] {processor.py:830} INFO - Processing file /Users/jbshome/Desktop/us_debt_etl_pipeline/debt_env/lib/python3.12/site-packages/airflow/example_dags/example_xcomargs.py for tasks to queue
[2024-06-18T16:46:19.265-0400] {logging_mixin.py:188} INFO - [2024-06-18T16:46:19.264-0400] {dagbag.py:545} INFO - Filling up the DagBag from /Users/jbshome/Desktop/us_debt_etl_pipeline/debt_env/lib/python3.12/site-packages/airflow/example_dags/example_xcomargs.py
[2024-06-18T16:46:19.321-0400] {processor.py:840} INFO - DAG(s) 'example_xcom_args', 'example_xcom_args_with_operators' retrieved from /Users/jbshome/Desktop/us_debt_etl_pipeline/debt_env/lib/python3.12/site-packages/airflow/example_dags/example_xcomargs.py
[2024-06-18T16:46:19.503-0400] {logging_mixin.py:188} INFO - [2024-06-18T16:46:19.502-0400] {dag.py:3096} INFO - Sync 2 DAGs
[2024-06-18T16:46:19.522-0400] {logging_mixin.py:188} INFO - [2024-06-18T16:46:19.521-0400] {dag.py:3954} INFO - Setting next_dagrun for example_xcom_args to None, run_after=None
[2024-06-18T16:46:19.531-0400] {logging_mixin.py:188} INFO - [2024-06-18T16:46:19.530-0400] {dag.py:3954} INFO - Setting next_dagrun for example_xcom_args_with_operators to None, run_after=None
[2024-06-18T16:46:19.558-0400] {processor.py:183} INFO - Processing /Users/jbshome/Desktop/us_debt_etl_pipeline/debt_env/lib/python3.12/site-packages/airflow/example_dags/example_xcomargs.py took 0.304 seconds
[2024-06-18T16:49:29.247-0400] {processor.py:161} INFO - Started process (PID=21726) to work on /Users/jbshome/Desktop/us_debt_etl_pipeline/debt_env/lib/python3.12/site-packages/airflow/example_dags/example_xcomargs.py
[2024-06-18T16:49:29.249-0400] {processor.py:830} INFO - Processing file /Users/jbshome/Desktop/us_debt_etl_pipeline/debt_env/lib/python3.12/site-packages/airflow/example_dags/example_xcomargs.py for tasks to queue
[2024-06-18T16:49:29.250-0400] {logging_mixin.py:188} INFO - [2024-06-18T16:49:29.250-0400] {dagbag.py:545} INFO - Filling up the DagBag from /Users/jbshome/Desktop/us_debt_etl_pipeline/debt_env/lib/python3.12/site-packages/airflow/example_dags/example_xcomargs.py
[2024-06-18T16:49:29.323-0400] {processor.py:840} INFO - DAG(s) 'example_xcom_args_with_operators', 'example_xcom_args' retrieved from /Users/jbshome/Desktop/us_debt_etl_pipeline/debt_env/lib/python3.12/site-packages/airflow/example_dags/example_xcomargs.py
[2024-06-18T16:49:29.463-0400] {logging_mixin.py:188} INFO - [2024-06-18T16:49:29.463-0400] {dag.py:3096} INFO - Sync 2 DAGs
[2024-06-18T16:49:29.476-0400] {logging_mixin.py:188} INFO - [2024-06-18T16:49:29.476-0400] {dag.py:3954} INFO - Setting next_dagrun for example_xcom_args to None, run_after=None
[2024-06-18T16:49:29.481-0400] {logging_mixin.py:188} INFO - [2024-06-18T16:49:29.481-0400] {dag.py:3954} INFO - Setting next_dagrun for example_xcom_args_with_operators to None, run_after=None
[2024-06-18T16:49:29.503-0400] {processor.py:183} INFO - Processing /Users/jbshome/Desktop/us_debt_etl_pipeline/debt_env/lib/python3.12/site-packages/airflow/example_dags/example_xcomargs.py took 0.259 seconds
[2024-06-18T16:52:37.400-0400] {processor.py:161} INFO - Started process (PID=21889) to work on /Users/jbshome/Desktop/us_debt_etl_pipeline/debt_env/lib/python3.12/site-packages/airflow/example_dags/example_xcomargs.py
[2024-06-18T16:52:37.402-0400] {processor.py:830} INFO - Processing file /Users/jbshome/Desktop/us_debt_etl_pipeline/debt_env/lib/python3.12/site-packages/airflow/example_dags/example_xcomargs.py for tasks to queue
[2024-06-18T16:52:37.404-0400] {logging_mixin.py:188} INFO - [2024-06-18T16:52:37.403-0400] {dagbag.py:545} INFO - Filling up the DagBag from /Users/jbshome/Desktop/us_debt_etl_pipeline/debt_env/lib/python3.12/site-packages/airflow/example_dags/example_xcomargs.py
[2024-06-18T16:52:37.453-0400] {processor.py:840} INFO - DAG(s) 'example_xcom_args_with_operators', 'example_xcom_args' retrieved from /Users/jbshome/Desktop/us_debt_etl_pipeline/debt_env/lib/python3.12/site-packages/airflow/example_dags/example_xcomargs.py
[2024-06-18T16:52:37.572-0400] {logging_mixin.py:188} INFO - [2024-06-18T16:52:37.571-0400] {dag.py:3096} INFO - Sync 2 DAGs
[2024-06-18T16:52:37.584-0400] {logging_mixin.py:188} INFO - [2024-06-18T16:52:37.584-0400] {dag.py:3954} INFO - Setting next_dagrun for example_xcom_args to None, run_after=None
[2024-06-18T16:52:37.588-0400] {logging_mixin.py:188} INFO - [2024-06-18T16:52:37.587-0400] {dag.py:3954} INFO - Setting next_dagrun for example_xcom_args_with_operators to None, run_after=None
[2024-06-18T16:52:37.608-0400] {processor.py:183} INFO - Processing /Users/jbshome/Desktop/us_debt_etl_pipeline/debt_env/lib/python3.12/site-packages/airflow/example_dags/example_xcomargs.py took 0.210 seconds
[2024-06-18T16:55:50.159-0400] {processor.py:161} INFO - Started process (PID=22038) to work on /Users/jbshome/Desktop/us_debt_etl_pipeline/debt_env/lib/python3.12/site-packages/airflow/example_dags/example_xcomargs.py
[2024-06-18T16:55:50.160-0400] {processor.py:830} INFO - Processing file /Users/jbshome/Desktop/us_debt_etl_pipeline/debt_env/lib/python3.12/site-packages/airflow/example_dags/example_xcomargs.py for tasks to queue
[2024-06-18T16:55:50.161-0400] {logging_mixin.py:188} INFO - [2024-06-18T16:55:50.161-0400] {dagbag.py:545} INFO - Filling up the DagBag from /Users/jbshome/Desktop/us_debt_etl_pipeline/debt_env/lib/python3.12/site-packages/airflow/example_dags/example_xcomargs.py
[2024-06-18T16:55:50.215-0400] {processor.py:840} INFO - DAG(s) 'example_xcom_args', 'example_xcom_args_with_operators' retrieved from /Users/jbshome/Desktop/us_debt_etl_pipeline/debt_env/lib/python3.12/site-packages/airflow/example_dags/example_xcomargs.py
[2024-06-18T16:55:50.375-0400] {logging_mixin.py:188} INFO - [2024-06-18T16:55:50.374-0400] {dag.py:3096} INFO - Sync 2 DAGs
[2024-06-18T16:55:50.390-0400] {logging_mixin.py:188} INFO - [2024-06-18T16:55:50.390-0400] {dag.py:3954} INFO - Setting next_dagrun for example_xcom_args to None, run_after=None
[2024-06-18T16:55:50.396-0400] {logging_mixin.py:188} INFO - [2024-06-18T16:55:50.395-0400] {dag.py:3954} INFO - Setting next_dagrun for example_xcom_args_with_operators to None, run_after=None
[2024-06-18T16:55:50.427-0400] {processor.py:183} INFO - Processing /Users/jbshome/Desktop/us_debt_etl_pipeline/debt_env/lib/python3.12/site-packages/airflow/example_dags/example_xcomargs.py took 0.271 seconds
[2024-06-18T16:58:57.478-0400] {processor.py:161} INFO - Started process (PID=22538) to work on /Users/jbshome/Desktop/us_debt_etl_pipeline/debt_env/lib/python3.12/site-packages/airflow/example_dags/example_xcomargs.py
[2024-06-18T16:58:57.480-0400] {processor.py:830} INFO - Processing file /Users/jbshome/Desktop/us_debt_etl_pipeline/debt_env/lib/python3.12/site-packages/airflow/example_dags/example_xcomargs.py for tasks to queue
[2024-06-18T16:58:57.482-0400] {logging_mixin.py:188} INFO - [2024-06-18T16:58:57.481-0400] {dagbag.py:545} INFO - Filling up the DagBag from /Users/jbshome/Desktop/us_debt_etl_pipeline/debt_env/lib/python3.12/site-packages/airflow/example_dags/example_xcomargs.py
[2024-06-18T16:58:57.537-0400] {processor.py:840} INFO - DAG(s) 'example_xcom_args_with_operators', 'example_xcom_args' retrieved from /Users/jbshome/Desktop/us_debt_etl_pipeline/debt_env/lib/python3.12/site-packages/airflow/example_dags/example_xcomargs.py
[2024-06-18T16:58:57.709-0400] {logging_mixin.py:188} INFO - [2024-06-18T16:58:57.708-0400] {dag.py:3096} INFO - Sync 2 DAGs
[2024-06-18T16:58:57.725-0400] {logging_mixin.py:188} INFO - [2024-06-18T16:58:57.724-0400] {dag.py:3954} INFO - Setting next_dagrun for example_xcom_args to None, run_after=None
[2024-06-18T16:58:57.732-0400] {logging_mixin.py:188} INFO - [2024-06-18T16:58:57.731-0400] {dag.py:3954} INFO - Setting next_dagrun for example_xcom_args_with_operators to None, run_after=None
[2024-06-18T16:58:57.759-0400] {processor.py:183} INFO - Processing /Users/jbshome/Desktop/us_debt_etl_pipeline/debt_env/lib/python3.12/site-packages/airflow/example_dags/example_xcomargs.py took 0.285 seconds
[2024-06-18T17:03:05.128-0400] {processor.py:161} INFO - Started process (PID=22786) to work on /Users/jbshome/Desktop/us_debt_etl_pipeline/debt_env/lib/python3.12/site-packages/airflow/example_dags/example_xcomargs.py
[2024-06-18T17:03:05.129-0400] {processor.py:830} INFO - Processing file /Users/jbshome/Desktop/us_debt_etl_pipeline/debt_env/lib/python3.12/site-packages/airflow/example_dags/example_xcomargs.py for tasks to queue
[2024-06-18T17:03:05.131-0400] {logging_mixin.py:188} INFO - [2024-06-18T17:03:05.130-0400] {dagbag.py:545} INFO - Filling up the DagBag from /Users/jbshome/Desktop/us_debt_etl_pipeline/debt_env/lib/python3.12/site-packages/airflow/example_dags/example_xcomargs.py
[2024-06-18T17:03:05.229-0400] {processor.py:840} INFO - DAG(s) 'example_xcom_args', 'example_xcom_args_with_operators' retrieved from /Users/jbshome/Desktop/us_debt_etl_pipeline/debt_env/lib/python3.12/site-packages/airflow/example_dags/example_xcomargs.py
[2024-06-18T17:03:05.480-0400] {logging_mixin.py:188} INFO - [2024-06-18T17:03:05.479-0400] {dag.py:3096} INFO - Sync 2 DAGs
[2024-06-18T17:03:05.513-0400] {logging_mixin.py:188} INFO - [2024-06-18T17:03:05.513-0400] {dag.py:3954} INFO - Setting next_dagrun for example_xcom_args to None, run_after=None
[2024-06-18T17:03:05.518-0400] {logging_mixin.py:188} INFO - [2024-06-18T17:03:05.517-0400] {dag.py:3954} INFO - Setting next_dagrun for example_xcom_args_with_operators to None, run_after=None
[2024-06-18T17:03:05.566-0400] {processor.py:183} INFO - Processing /Users/jbshome/Desktop/us_debt_etl_pipeline/debt_env/lib/python3.12/site-packages/airflow/example_dags/example_xcomargs.py took 0.444 seconds
[2024-06-18T17:06:29.415-0400] {processor.py:161} INFO - Started process (PID=23096) to work on /Users/jbshome/Desktop/us_debt_etl_pipeline/debt_env/lib/python3.12/site-packages/airflow/example_dags/example_xcomargs.py
[2024-06-18T17:06:29.417-0400] {processor.py:830} INFO - Processing file /Users/jbshome/Desktop/us_debt_etl_pipeline/debt_env/lib/python3.12/site-packages/airflow/example_dags/example_xcomargs.py for tasks to queue
[2024-06-18T17:06:29.419-0400] {logging_mixin.py:188} INFO - [2024-06-18T17:06:29.418-0400] {dagbag.py:545} INFO - Filling up the DagBag from /Users/jbshome/Desktop/us_debt_etl_pipeline/debt_env/lib/python3.12/site-packages/airflow/example_dags/example_xcomargs.py
[2024-06-18T17:06:29.508-0400] {processor.py:840} INFO - DAG(s) 'example_xcom_args', 'example_xcom_args_with_operators' retrieved from /Users/jbshome/Desktop/us_debt_etl_pipeline/debt_env/lib/python3.12/site-packages/airflow/example_dags/example_xcomargs.py
[2024-06-18T17:06:29.750-0400] {logging_mixin.py:188} INFO - [2024-06-18T17:06:29.750-0400] {dag.py:3096} INFO - Sync 2 DAGs
[2024-06-18T17:06:29.772-0400] {logging_mixin.py:188} INFO - [2024-06-18T17:06:29.771-0400] {dag.py:3954} INFO - Setting next_dagrun for example_xcom_args to None, run_after=None
[2024-06-18T17:06:29.778-0400] {logging_mixin.py:188} INFO - [2024-06-18T17:06:29.777-0400] {dag.py:3954} INFO - Setting next_dagrun for example_xcom_args_with_operators to None, run_after=None
[2024-06-18T17:06:29.815-0400] {processor.py:183} INFO - Processing /Users/jbshome/Desktop/us_debt_etl_pipeline/debt_env/lib/python3.12/site-packages/airflow/example_dags/example_xcomargs.py took 0.403 seconds
[2024-06-18T17:10:30.544-0400] {processor.py:161} INFO - Started process (PID=23821) to work on /Users/jbshome/Desktop/us_debt_etl_pipeline/debt_env/lib/python3.12/site-packages/airflow/example_dags/example_xcomargs.py
[2024-06-18T17:10:30.546-0400] {processor.py:830} INFO - Processing file /Users/jbshome/Desktop/us_debt_etl_pipeline/debt_env/lib/python3.12/site-packages/airflow/example_dags/example_xcomargs.py for tasks to queue
[2024-06-18T17:10:30.547-0400] {logging_mixin.py:188} INFO - [2024-06-18T17:10:30.547-0400] {dagbag.py:545} INFO - Filling up the DagBag from /Users/jbshome/Desktop/us_debt_etl_pipeline/debt_env/lib/python3.12/site-packages/airflow/example_dags/example_xcomargs.py
[2024-06-18T17:10:30.612-0400] {processor.py:840} INFO - DAG(s) 'example_xcom_args', 'example_xcom_args_with_operators' retrieved from /Users/jbshome/Desktop/us_debt_etl_pipeline/debt_env/lib/python3.12/site-packages/airflow/example_dags/example_xcomargs.py
[2024-06-18T17:10:30.793-0400] {logging_mixin.py:188} INFO - [2024-06-18T17:10:30.793-0400] {dag.py:3096} INFO - Sync 2 DAGs
[2024-06-18T17:10:30.809-0400] {logging_mixin.py:188} INFO - [2024-06-18T17:10:30.808-0400] {dag.py:3954} INFO - Setting next_dagrun for example_xcom_args to None, run_after=None
[2024-06-18T17:10:30.813-0400] {logging_mixin.py:188} INFO - [2024-06-18T17:10:30.813-0400] {dag.py:3954} INFO - Setting next_dagrun for example_xcom_args_with_operators to None, run_after=None
[2024-06-18T17:10:30.845-0400] {processor.py:183} INFO - Processing /Users/jbshome/Desktop/us_debt_etl_pipeline/debt_env/lib/python3.12/site-packages/airflow/example_dags/example_xcomargs.py took 0.305 seconds
[2024-06-18T17:15:38.194-0400] {processor.py:161} INFO - Started process (PID=24151) to work on /Users/jbshome/Desktop/us_debt_etl_pipeline/debt_env/lib/python3.12/site-packages/airflow/example_dags/example_xcomargs.py
[2024-06-18T17:15:38.200-0400] {processor.py:830} INFO - Processing file /Users/jbshome/Desktop/us_debt_etl_pipeline/debt_env/lib/python3.12/site-packages/airflow/example_dags/example_xcomargs.py for tasks to queue
[2024-06-18T17:15:38.202-0400] {logging_mixin.py:188} INFO - [2024-06-18T17:15:38.202-0400] {dagbag.py:545} INFO - Filling up the DagBag from /Users/jbshome/Desktop/us_debt_etl_pipeline/debt_env/lib/python3.12/site-packages/airflow/example_dags/example_xcomargs.py
[2024-06-18T17:15:38.342-0400] {processor.py:840} INFO - DAG(s) 'example_xcom_args', 'example_xcom_args_with_operators' retrieved from /Users/jbshome/Desktop/us_debt_etl_pipeline/debt_env/lib/python3.12/site-packages/airflow/example_dags/example_xcomargs.py
[2024-06-18T17:15:38.730-0400] {logging_mixin.py:188} INFO - [2024-06-18T17:15:38.729-0400] {dag.py:3096} INFO - Sync 2 DAGs
[2024-06-18T17:15:38.756-0400] {logging_mixin.py:188} INFO - [2024-06-18T17:15:38.755-0400] {dag.py:3954} INFO - Setting next_dagrun for example_xcom_args to None, run_after=None
[2024-06-18T17:15:38.762-0400] {logging_mixin.py:188} INFO - [2024-06-18T17:15:38.762-0400] {dag.py:3954} INFO - Setting next_dagrun for example_xcom_args_with_operators to None, run_after=None
[2024-06-18T17:15:38.808-0400] {processor.py:183} INFO - Processing /Users/jbshome/Desktop/us_debt_etl_pipeline/debt_env/lib/python3.12/site-packages/airflow/example_dags/example_xcomargs.py took 0.619 seconds
[2024-06-18T17:20:36.442-0400] {processor.py:161} INFO - Started process (PID=24491) to work on /Users/jbshome/Desktop/us_debt_etl_pipeline/debt_env/lib/python3.12/site-packages/airflow/example_dags/example_xcomargs.py
[2024-06-18T17:20:36.445-0400] {processor.py:830} INFO - Processing file /Users/jbshome/Desktop/us_debt_etl_pipeline/debt_env/lib/python3.12/site-packages/airflow/example_dags/example_xcomargs.py for tasks to queue
[2024-06-18T17:20:36.447-0400] {logging_mixin.py:188} INFO - [2024-06-18T17:20:36.446-0400] {dagbag.py:545} INFO - Filling up the DagBag from /Users/jbshome/Desktop/us_debt_etl_pipeline/debt_env/lib/python3.12/site-packages/airflow/example_dags/example_xcomargs.py
[2024-06-18T17:20:36.513-0400] {processor.py:840} INFO - DAG(s) 'example_xcom_args_with_operators', 'example_xcom_args' retrieved from /Users/jbshome/Desktop/us_debt_etl_pipeline/debt_env/lib/python3.12/site-packages/airflow/example_dags/example_xcomargs.py
[2024-06-18T17:20:36.709-0400] {logging_mixin.py:188} INFO - [2024-06-18T17:20:36.709-0400] {dag.py:3096} INFO - Sync 2 DAGs
[2024-06-18T17:20:36.729-0400] {logging_mixin.py:188} INFO - [2024-06-18T17:20:36.729-0400] {dag.py:3954} INFO - Setting next_dagrun for example_xcom_args to None, run_after=None
[2024-06-18T17:20:36.735-0400] {logging_mixin.py:188} INFO - [2024-06-18T17:20:36.735-0400] {dag.py:3954} INFO - Setting next_dagrun for example_xcom_args_with_operators to None, run_after=None
[2024-06-18T17:20:36.765-0400] {processor.py:183} INFO - Processing /Users/jbshome/Desktop/us_debt_etl_pipeline/debt_env/lib/python3.12/site-packages/airflow/example_dags/example_xcomargs.py took 0.327 seconds
[2024-06-18T17:24:48.690-0400] {processor.py:161} INFO - Started process (PID=24789) to work on /Users/jbshome/Desktop/us_debt_etl_pipeline/debt_env/lib/python3.12/site-packages/airflow/example_dags/example_xcomargs.py
[2024-06-18T17:24:48.693-0400] {processor.py:830} INFO - Processing file /Users/jbshome/Desktop/us_debt_etl_pipeline/debt_env/lib/python3.12/site-packages/airflow/example_dags/example_xcomargs.py for tasks to queue
[2024-06-18T17:24:48.694-0400] {logging_mixin.py:188} INFO - [2024-06-18T17:24:48.694-0400] {dagbag.py:545} INFO - Filling up the DagBag from /Users/jbshome/Desktop/us_debt_etl_pipeline/debt_env/lib/python3.12/site-packages/airflow/example_dags/example_xcomargs.py
[2024-06-18T17:24:48.768-0400] {processor.py:840} INFO - DAG(s) 'example_xcom_args', 'example_xcom_args_with_operators' retrieved from /Users/jbshome/Desktop/us_debt_etl_pipeline/debt_env/lib/python3.12/site-packages/airflow/example_dags/example_xcomargs.py
[2024-06-18T17:24:49.008-0400] {logging_mixin.py:188} INFO - [2024-06-18T17:24:49.007-0400] {dag.py:3096} INFO - Sync 2 DAGs
[2024-06-18T17:24:49.034-0400] {logging_mixin.py:188} INFO - [2024-06-18T17:24:49.034-0400] {dag.py:3954} INFO - Setting next_dagrun for example_xcom_args to None, run_after=None
[2024-06-18T17:24:49.041-0400] {logging_mixin.py:188} INFO - [2024-06-18T17:24:49.040-0400] {dag.py:3954} INFO - Setting next_dagrun for example_xcom_args_with_operators to None, run_after=None
[2024-06-18T17:24:49.090-0400] {processor.py:183} INFO - Processing /Users/jbshome/Desktop/us_debt_etl_pipeline/debt_env/lib/python3.12/site-packages/airflow/example_dags/example_xcomargs.py took 0.404 seconds
[2024-06-18T17:29:26.140-0400] {processor.py:161} INFO - Started process (PID=25101) to work on /Users/jbshome/Desktop/us_debt_etl_pipeline/debt_env/lib/python3.12/site-packages/airflow/example_dags/example_xcomargs.py
[2024-06-18T17:29:26.142-0400] {processor.py:830} INFO - Processing file /Users/jbshome/Desktop/us_debt_etl_pipeline/debt_env/lib/python3.12/site-packages/airflow/example_dags/example_xcomargs.py for tasks to queue
[2024-06-18T17:29:26.143-0400] {logging_mixin.py:188} INFO - [2024-06-18T17:29:26.143-0400] {dagbag.py:545} INFO - Filling up the DagBag from /Users/jbshome/Desktop/us_debt_etl_pipeline/debt_env/lib/python3.12/site-packages/airflow/example_dags/example_xcomargs.py
[2024-06-18T17:29:26.227-0400] {processor.py:840} INFO - DAG(s) 'example_xcom_args', 'example_xcom_args_with_operators' retrieved from /Users/jbshome/Desktop/us_debt_etl_pipeline/debt_env/lib/python3.12/site-packages/airflow/example_dags/example_xcomargs.py
[2024-06-18T17:29:26.502-0400] {logging_mixin.py:188} INFO - [2024-06-18T17:29:26.502-0400] {dag.py:3096} INFO - Sync 2 DAGs
[2024-06-18T17:29:26.524-0400] {logging_mixin.py:188} INFO - [2024-06-18T17:29:26.523-0400] {dag.py:3954} INFO - Setting next_dagrun for example_xcom_args to None, run_after=None
[2024-06-18T17:29:26.530-0400] {logging_mixin.py:188} INFO - [2024-06-18T17:29:26.529-0400] {dag.py:3954} INFO - Setting next_dagrun for example_xcom_args_with_operators to None, run_after=None
[2024-06-18T17:29:26.564-0400] {processor.py:183} INFO - Processing /Users/jbshome/Desktop/us_debt_etl_pipeline/debt_env/lib/python3.12/site-packages/airflow/example_dags/example_xcomargs.py took 0.427 seconds
[2024-06-18T17:34:07.812-0400] {processor.py:161} INFO - Started process (PID=25417) to work on /Users/jbshome/Desktop/us_debt_etl_pipeline/debt_env/lib/python3.12/site-packages/airflow/example_dags/example_xcomargs.py
[2024-06-18T17:34:07.815-0400] {processor.py:830} INFO - Processing file /Users/jbshome/Desktop/us_debt_etl_pipeline/debt_env/lib/python3.12/site-packages/airflow/example_dags/example_xcomargs.py for tasks to queue
[2024-06-18T17:34:07.816-0400] {logging_mixin.py:188} INFO - [2024-06-18T17:34:07.816-0400] {dagbag.py:545} INFO - Filling up the DagBag from /Users/jbshome/Desktop/us_debt_etl_pipeline/debt_env/lib/python3.12/site-packages/airflow/example_dags/example_xcomargs.py
[2024-06-18T17:34:07.973-0400] {processor.py:840} INFO - DAG(s) 'example_xcom_args_with_operators', 'example_xcom_args' retrieved from /Users/jbshome/Desktop/us_debt_etl_pipeline/debt_env/lib/python3.12/site-packages/airflow/example_dags/example_xcomargs.py
[2024-06-18T17:34:08.319-0400] {logging_mixin.py:188} INFO - [2024-06-18T17:34:08.319-0400] {dag.py:3096} INFO - Sync 2 DAGs
[2024-06-18T17:34:08.343-0400] {logging_mixin.py:188} INFO - [2024-06-18T17:34:08.342-0400] {dag.py:3954} INFO - Setting next_dagrun for example_xcom_args to None, run_after=None
[2024-06-18T17:34:08.349-0400] {logging_mixin.py:188} INFO - [2024-06-18T17:34:08.349-0400] {dag.py:3954} INFO - Setting next_dagrun for example_xcom_args_with_operators to None, run_after=None
[2024-06-18T17:34:08.389-0400] {processor.py:183} INFO - Processing /Users/jbshome/Desktop/us_debt_etl_pipeline/debt_env/lib/python3.12/site-packages/airflow/example_dags/example_xcomargs.py took 0.583 seconds
[2024-06-18T17:41:40.157-0400] {processor.py:161} INFO - Started process (PID=26452) to work on /Users/jbshome/Desktop/us_debt_etl_pipeline/debt_env/lib/python3.12/site-packages/airflow/example_dags/example_xcomargs.py
[2024-06-18T17:41:40.159-0400] {processor.py:830} INFO - Processing file /Users/jbshome/Desktop/us_debt_etl_pipeline/debt_env/lib/python3.12/site-packages/airflow/example_dags/example_xcomargs.py for tasks to queue
[2024-06-18T17:41:40.161-0400] {logging_mixin.py:188} INFO - [2024-06-18T17:41:40.160-0400] {dagbag.py:545} INFO - Filling up the DagBag from /Users/jbshome/Desktop/us_debt_etl_pipeline/debt_env/lib/python3.12/site-packages/airflow/example_dags/example_xcomargs.py
[2024-06-18T17:41:40.281-0400] {processor.py:840} INFO - DAG(s) 'example_xcom_args_with_operators', 'example_xcom_args' retrieved from /Users/jbshome/Desktop/us_debt_etl_pipeline/debt_env/lib/python3.12/site-packages/airflow/example_dags/example_xcomargs.py
[2024-06-18T17:41:40.623-0400] {logging_mixin.py:188} INFO - [2024-06-18T17:41:40.622-0400] {dag.py:3096} INFO - Sync 2 DAGs
[2024-06-18T17:41:40.662-0400] {logging_mixin.py:188} INFO - [2024-06-18T17:41:40.662-0400] {dag.py:3954} INFO - Setting next_dagrun for example_xcom_args to None, run_after=None
[2024-06-18T17:41:40.673-0400] {logging_mixin.py:188} INFO - [2024-06-18T17:41:40.673-0400] {dag.py:3954} INFO - Setting next_dagrun for example_xcom_args_with_operators to None, run_after=None
[2024-06-18T17:41:40.735-0400] {processor.py:183} INFO - Processing /Users/jbshome/Desktop/us_debt_etl_pipeline/debt_env/lib/python3.12/site-packages/airflow/example_dags/example_xcomargs.py took 0.588 seconds
[2024-06-18T17:47:24.246-0400] {processor.py:161} INFO - Started process (PID=27547) to work on /Users/jbshome/Desktop/us_debt_etl_pipeline/debt_env/lib/python3.12/site-packages/airflow/example_dags/example_xcomargs.py
[2024-06-18T17:47:24.248-0400] {processor.py:830} INFO - Processing file /Users/jbshome/Desktop/us_debt_etl_pipeline/debt_env/lib/python3.12/site-packages/airflow/example_dags/example_xcomargs.py for tasks to queue
[2024-06-18T17:47:24.249-0400] {logging_mixin.py:188} INFO - [2024-06-18T17:47:24.248-0400] {dagbag.py:545} INFO - Filling up the DagBag from /Users/jbshome/Desktop/us_debt_etl_pipeline/debt_env/lib/python3.12/site-packages/airflow/example_dags/example_xcomargs.py
[2024-06-18T17:47:24.320-0400] {processor.py:840} INFO - DAG(s) 'example_xcom_args_with_operators', 'example_xcom_args' retrieved from /Users/jbshome/Desktop/us_debt_etl_pipeline/debt_env/lib/python3.12/site-packages/airflow/example_dags/example_xcomargs.py
[2024-06-18T17:47:24.531-0400] {logging_mixin.py:188} INFO - [2024-06-18T17:47:24.530-0400] {dag.py:3096} INFO - Sync 2 DAGs
[2024-06-18T17:47:24.553-0400] {logging_mixin.py:188} INFO - [2024-06-18T17:47:24.553-0400] {dag.py:3954} INFO - Setting next_dagrun for example_xcom_args to None, run_after=None
[2024-06-18T17:47:24.559-0400] {logging_mixin.py:188} INFO - [2024-06-18T17:47:24.558-0400] {dag.py:3954} INFO - Setting next_dagrun for example_xcom_args_with_operators to None, run_after=None
[2024-06-18T17:47:24.591-0400] {processor.py:183} INFO - Processing /Users/jbshome/Desktop/us_debt_etl_pipeline/debt_env/lib/python3.12/site-packages/airflow/example_dags/example_xcomargs.py took 0.349 seconds
[2024-06-18T17:51:30.087-0400] {processor.py:161} INFO - Started process (PID=28063) to work on /Users/jbshome/Desktop/us_debt_etl_pipeline/debt_env/lib/python3.12/site-packages/airflow/example_dags/example_xcomargs.py
[2024-06-18T17:51:30.089-0400] {processor.py:830} INFO - Processing file /Users/jbshome/Desktop/us_debt_etl_pipeline/debt_env/lib/python3.12/site-packages/airflow/example_dags/example_xcomargs.py for tasks to queue
[2024-06-18T17:51:30.090-0400] {logging_mixin.py:188} INFO - [2024-06-18T17:51:30.090-0400] {dagbag.py:545} INFO - Filling up the DagBag from /Users/jbshome/Desktop/us_debt_etl_pipeline/debt_env/lib/python3.12/site-packages/airflow/example_dags/example_xcomargs.py
[2024-06-18T17:51:30.184-0400] {processor.py:840} INFO - DAG(s) 'example_xcom_args_with_operators', 'example_xcom_args' retrieved from /Users/jbshome/Desktop/us_debt_etl_pipeline/debt_env/lib/python3.12/site-packages/airflow/example_dags/example_xcomargs.py
[2024-06-18T17:51:30.440-0400] {logging_mixin.py:188} INFO - [2024-06-18T17:51:30.439-0400] {dag.py:3096} INFO - Sync 2 DAGs
[2024-06-18T17:51:30.470-0400] {logging_mixin.py:188} INFO - [2024-06-18T17:51:30.469-0400] {dag.py:3954} INFO - Setting next_dagrun for example_xcom_args to None, run_after=None
[2024-06-18T17:51:30.476-0400] {logging_mixin.py:188} INFO - [2024-06-18T17:51:30.475-0400] {dag.py:3954} INFO - Setting next_dagrun for example_xcom_args_with_operators to None, run_after=None
[2024-06-18T17:51:30.515-0400] {processor.py:183} INFO - Processing /Users/jbshome/Desktop/us_debt_etl_pipeline/debt_env/lib/python3.12/site-packages/airflow/example_dags/example_xcomargs.py took 0.438 seconds
[2024-06-18T17:55:37.681-0400] {processor.py:161} INFO - Started process (PID=29122) to work on /Users/jbshome/Desktop/us_debt_etl_pipeline/debt_env/lib/python3.12/site-packages/airflow/example_dags/example_xcomargs.py
[2024-06-18T17:55:37.685-0400] {processor.py:830} INFO - Processing file /Users/jbshome/Desktop/us_debt_etl_pipeline/debt_env/lib/python3.12/site-packages/airflow/example_dags/example_xcomargs.py for tasks to queue
[2024-06-18T17:55:37.686-0400] {logging_mixin.py:188} INFO - [2024-06-18T17:55:37.686-0400] {dagbag.py:545} INFO - Filling up the DagBag from /Users/jbshome/Desktop/us_debt_etl_pipeline/debt_env/lib/python3.12/site-packages/airflow/example_dags/example_xcomargs.py
[2024-06-18T17:55:37.728-0400] {processor.py:840} INFO - DAG(s) 'example_xcom_args', 'example_xcom_args_with_operators' retrieved from /Users/jbshome/Desktop/us_debt_etl_pipeline/debt_env/lib/python3.12/site-packages/airflow/example_dags/example_xcomargs.py
[2024-06-18T17:55:37.845-0400] {logging_mixin.py:188} INFO - [2024-06-18T17:55:37.845-0400] {dag.py:3096} INFO - Sync 2 DAGs
[2024-06-18T17:55:37.860-0400] {logging_mixin.py:188} INFO - [2024-06-18T17:55:37.859-0400] {dag.py:3954} INFO - Setting next_dagrun for example_xcom_args to None, run_after=None
[2024-06-18T17:55:37.863-0400] {logging_mixin.py:188} INFO - [2024-06-18T17:55:37.863-0400] {dag.py:3954} INFO - Setting next_dagrun for example_xcom_args_with_operators to None, run_after=None
[2024-06-18T17:55:37.882-0400] {processor.py:183} INFO - Processing /Users/jbshome/Desktop/us_debt_etl_pipeline/debt_env/lib/python3.12/site-packages/airflow/example_dags/example_xcomargs.py took 0.205 seconds
