[2024-06-18T16:31:52.688-0400] {processor.py:161} INFO - Started process (PID=20148) to work on /Users/jbshome/Desktop/us_debt_etl_pipeline/debt_env/lib/python3.12/site-packages/airflow/example_dags/example_latest_only.py
[2024-06-18T16:31:52.689-0400] {processor.py:830} INFO - Processing file /Users/jbshome/Desktop/us_debt_etl_pipeline/debt_env/lib/python3.12/site-packages/airflow/example_dags/example_latest_only.py for tasks to queue
[2024-06-18T16:31:52.690-0400] {logging_mixin.py:188} INFO - [2024-06-18T16:31:52.689-0400] {dagbag.py:545} INFO - Filling up the DagBag from /Users/jbshome/Desktop/us_debt_etl_pipeline/debt_env/lib/python3.12/site-packages/airflow/example_dags/example_latest_only.py
[2024-06-18T16:31:52.718-0400] {processor.py:840} INFO - DAG(s) 'latest_only' retrieved from /Users/jbshome/Desktop/us_debt_etl_pipeline/debt_env/lib/python3.12/site-packages/airflow/example_dags/example_latest_only.py
[2024-06-18T16:31:53.052-0400] {logging_mixin.py:188} INFO - [2024-06-18T16:31:53.051-0400] {override.py:1829} INFO - Created Permission View: can read on DAG:latest_only
[2024-06-18T16:31:53.070-0400] {logging_mixin.py:188} INFO - [2024-06-18T16:31:53.070-0400] {override.py:1829} INFO - Created Permission View: can delete on DAG:latest_only
[2024-06-18T16:31:53.083-0400] {logging_mixin.py:188} INFO - [2024-06-18T16:31:53.083-0400] {override.py:1829} INFO - Created Permission View: can edit on DAG:latest_only
[2024-06-18T16:31:53.084-0400] {logging_mixin.py:188} INFO - [2024-06-18T16:31:53.084-0400] {dag.py:3096} INFO - Sync 1 DAGs
[2024-06-18T16:31:53.101-0400] {logging_mixin.py:188} INFO - [2024-06-18T16:31:53.101-0400] {dag.py:3118} INFO - Creating ORM DAG for latest_only
[2024-06-18T16:31:53.112-0400] {logging_mixin.py:188} INFO - [2024-06-18T16:31:53.112-0400] {dag.py:3954} INFO - Setting next_dagrun for latest_only to 2024-06-18 16:00:00+00:00, run_after=2024-06-18 20:00:00+00:00
[2024-06-18T16:31:53.148-0400] {processor.py:183} INFO - Processing /Users/jbshome/Desktop/us_debt_etl_pipeline/debt_env/lib/python3.12/site-packages/airflow/example_dags/example_latest_only.py took 0.466 seconds
[2024-06-18T16:35:31.580-0400] {processor.py:161} INFO - Started process (PID=20353) to work on /Users/jbshome/Desktop/us_debt_etl_pipeline/debt_env/lib/python3.12/site-packages/airflow/example_dags/example_latest_only.py
[2024-06-18T16:35:31.583-0400] {processor.py:830} INFO - Processing file /Users/jbshome/Desktop/us_debt_etl_pipeline/debt_env/lib/python3.12/site-packages/airflow/example_dags/example_latest_only.py for tasks to queue
[2024-06-18T16:35:31.584-0400] {logging_mixin.py:188} INFO - [2024-06-18T16:35:31.584-0400] {dagbag.py:545} INFO - Filling up the DagBag from /Users/jbshome/Desktop/us_debt_etl_pipeline/debt_env/lib/python3.12/site-packages/airflow/example_dags/example_latest_only.py
[2024-06-18T16:35:31.595-0400] {processor.py:840} INFO - DAG(s) 'latest_only' retrieved from /Users/jbshome/Desktop/us_debt_etl_pipeline/debt_env/lib/python3.12/site-packages/airflow/example_dags/example_latest_only.py
[2024-06-18T16:35:31.758-0400] {logging_mixin.py:188} INFO - [2024-06-18T16:35:31.757-0400] {dag.py:3096} INFO - Sync 1 DAGs
[2024-06-18T16:35:31.780-0400] {logging_mixin.py:188} INFO - [2024-06-18T16:35:31.780-0400] {dag.py:3954} INFO - Setting next_dagrun for latest_only to 2024-06-18 16:00:00+00:00, run_after=2024-06-18 20:00:00+00:00
[2024-06-18T16:35:31.809-0400] {processor.py:183} INFO - Processing /Users/jbshome/Desktop/us_debt_etl_pipeline/debt_env/lib/python3.12/site-packages/airflow/example_dags/example_latest_only.py took 0.233 seconds
[2024-06-18T16:38:57.816-0400] {processor.py:161} INFO - Started process (PID=20522) to work on /Users/jbshome/Desktop/us_debt_etl_pipeline/debt_env/lib/python3.12/site-packages/airflow/example_dags/example_latest_only.py
[2024-06-18T16:38:57.821-0400] {processor.py:830} INFO - Processing file /Users/jbshome/Desktop/us_debt_etl_pipeline/debt_env/lib/python3.12/site-packages/airflow/example_dags/example_latest_only.py for tasks to queue
[2024-06-18T16:38:57.822-0400] {logging_mixin.py:188} INFO - [2024-06-18T16:38:57.822-0400] {dagbag.py:545} INFO - Filling up the DagBag from /Users/jbshome/Desktop/us_debt_etl_pipeline/debt_env/lib/python3.12/site-packages/airflow/example_dags/example_latest_only.py
[2024-06-18T16:38:57.840-0400] {processor.py:840} INFO - DAG(s) 'latest_only' retrieved from /Users/jbshome/Desktop/us_debt_etl_pipeline/debt_env/lib/python3.12/site-packages/airflow/example_dags/example_latest_only.py
[2024-06-18T16:38:58.131-0400] {logging_mixin.py:188} INFO - [2024-06-18T16:38:58.131-0400] {dag.py:3096} INFO - Sync 1 DAGs
[2024-06-18T16:38:58.169-0400] {logging_mixin.py:188} INFO - [2024-06-18T16:38:58.168-0400] {dag.py:3954} INFO - Setting next_dagrun for latest_only to 2024-06-18 16:00:00+00:00, run_after=2024-06-18 20:00:00+00:00
[2024-06-18T16:38:58.202-0400] {processor.py:183} INFO - Processing /Users/jbshome/Desktop/us_debt_etl_pipeline/debt_env/lib/python3.12/site-packages/airflow/example_dags/example_latest_only.py took 0.391 seconds
[2024-06-18T16:41:56.607-0400] {processor.py:161} INFO - Started process (PID=20857) to work on /Users/jbshome/Desktop/us_debt_etl_pipeline/debt_env/lib/python3.12/site-packages/airflow/example_dags/example_latest_only.py
[2024-06-18T16:41:56.608-0400] {processor.py:830} INFO - Processing file /Users/jbshome/Desktop/us_debt_etl_pipeline/debt_env/lib/python3.12/site-packages/airflow/example_dags/example_latest_only.py for tasks to queue
[2024-06-18T16:41:56.609-0400] {logging_mixin.py:188} INFO - [2024-06-18T16:41:56.609-0400] {dagbag.py:545} INFO - Filling up the DagBag from /Users/jbshome/Desktop/us_debt_etl_pipeline/debt_env/lib/python3.12/site-packages/airflow/example_dags/example_latest_only.py
[2024-06-18T16:41:56.618-0400] {processor.py:840} INFO - DAG(s) 'latest_only' retrieved from /Users/jbshome/Desktop/us_debt_etl_pipeline/debt_env/lib/python3.12/site-packages/airflow/example_dags/example_latest_only.py
[2024-06-18T16:41:56.760-0400] {logging_mixin.py:188} INFO - [2024-06-18T16:41:56.760-0400] {dag.py:3096} INFO - Sync 1 DAGs
[2024-06-18T16:41:56.786-0400] {logging_mixin.py:188} INFO - [2024-06-18T16:41:56.786-0400] {dag.py:3954} INFO - Setting next_dagrun for latest_only to 2024-06-18 16:00:00+00:00, run_after=2024-06-18 20:00:00+00:00
[2024-06-18T16:41:56.811-0400] {processor.py:183} INFO - Processing /Users/jbshome/Desktop/us_debt_etl_pipeline/debt_env/lib/python3.12/site-packages/airflow/example_dags/example_latest_only.py took 0.207 seconds
[2024-06-18T16:44:57.126-0400] {processor.py:161} INFO - Started process (PID=21466) to work on /Users/jbshome/Desktop/us_debt_etl_pipeline/debt_env/lib/python3.12/site-packages/airflow/example_dags/example_latest_only.py
[2024-06-18T16:44:57.128-0400] {processor.py:830} INFO - Processing file /Users/jbshome/Desktop/us_debt_etl_pipeline/debt_env/lib/python3.12/site-packages/airflow/example_dags/example_latest_only.py for tasks to queue
[2024-06-18T16:44:57.129-0400] {logging_mixin.py:188} INFO - [2024-06-18T16:44:57.128-0400] {dagbag.py:545} INFO - Filling up the DagBag from /Users/jbshome/Desktop/us_debt_etl_pipeline/debt_env/lib/python3.12/site-packages/airflow/example_dags/example_latest_only.py
[2024-06-18T16:44:57.139-0400] {processor.py:840} INFO - DAG(s) 'latest_only' retrieved from /Users/jbshome/Desktop/us_debt_etl_pipeline/debt_env/lib/python3.12/site-packages/airflow/example_dags/example_latest_only.py
[2024-06-18T16:44:57.284-0400] {logging_mixin.py:188} INFO - [2024-06-18T16:44:57.283-0400] {dag.py:3096} INFO - Sync 1 DAGs
[2024-06-18T16:44:57.308-0400] {logging_mixin.py:188} INFO - [2024-06-18T16:44:57.307-0400] {dag.py:3954} INFO - Setting next_dagrun for latest_only to 2024-06-18 16:00:00+00:00, run_after=2024-06-18 20:00:00+00:00
[2024-06-18T16:44:57.334-0400] {processor.py:183} INFO - Processing /Users/jbshome/Desktop/us_debt_etl_pipeline/debt_env/lib/python3.12/site-packages/airflow/example_dags/example_latest_only.py took 0.211 seconds
[2024-06-18T16:47:58.462-0400] {processor.py:161} INFO - Started process (PID=21633) to work on /Users/jbshome/Desktop/us_debt_etl_pipeline/debt_env/lib/python3.12/site-packages/airflow/example_dags/example_latest_only.py
[2024-06-18T16:47:58.465-0400] {processor.py:830} INFO - Processing file /Users/jbshome/Desktop/us_debt_etl_pipeline/debt_env/lib/python3.12/site-packages/airflow/example_dags/example_latest_only.py for tasks to queue
[2024-06-18T16:47:58.466-0400] {logging_mixin.py:188} INFO - [2024-06-18T16:47:58.466-0400] {dagbag.py:545} INFO - Filling up the DagBag from /Users/jbshome/Desktop/us_debt_etl_pipeline/debt_env/lib/python3.12/site-packages/airflow/example_dags/example_latest_only.py
[2024-06-18T16:47:58.484-0400] {processor.py:840} INFO - DAG(s) 'latest_only' retrieved from /Users/jbshome/Desktop/us_debt_etl_pipeline/debt_env/lib/python3.12/site-packages/airflow/example_dags/example_latest_only.py
[2024-06-18T16:47:58.690-0400] {logging_mixin.py:188} INFO - [2024-06-18T16:47:58.689-0400] {dag.py:3096} INFO - Sync 1 DAGs
[2024-06-18T16:47:58.722-0400] {logging_mixin.py:188} INFO - [2024-06-18T16:47:58.722-0400] {dag.py:3954} INFO - Setting next_dagrun for latest_only to 2024-06-18 16:00:00+00:00, run_after=2024-06-18 20:00:00+00:00
[2024-06-18T16:47:58.770-0400] {processor.py:183} INFO - Processing /Users/jbshome/Desktop/us_debt_etl_pipeline/debt_env/lib/python3.12/site-packages/airflow/example_dags/example_latest_only.py took 0.311 seconds
[2024-06-18T16:51:08.988-0400] {processor.py:161} INFO - Started process (PID=21817) to work on /Users/jbshome/Desktop/us_debt_etl_pipeline/debt_env/lib/python3.12/site-packages/airflow/example_dags/example_latest_only.py
[2024-06-18T16:51:08.991-0400] {processor.py:830} INFO - Processing file /Users/jbshome/Desktop/us_debt_etl_pipeline/debt_env/lib/python3.12/site-packages/airflow/example_dags/example_latest_only.py for tasks to queue
[2024-06-18T16:51:08.993-0400] {logging_mixin.py:188} INFO - [2024-06-18T16:51:08.992-0400] {dagbag.py:545} INFO - Filling up the DagBag from /Users/jbshome/Desktop/us_debt_etl_pipeline/debt_env/lib/python3.12/site-packages/airflow/example_dags/example_latest_only.py
[2024-06-18T16:51:09.042-0400] {processor.py:840} INFO - DAG(s) 'latest_only' retrieved from /Users/jbshome/Desktop/us_debt_etl_pipeline/debt_env/lib/python3.12/site-packages/airflow/example_dags/example_latest_only.py
[2024-06-18T16:51:09.311-0400] {logging_mixin.py:188} INFO - [2024-06-18T16:51:09.310-0400] {dag.py:3096} INFO - Sync 1 DAGs
[2024-06-18T16:51:09.358-0400] {logging_mixin.py:188} INFO - [2024-06-18T16:51:09.357-0400] {dag.py:3954} INFO - Setting next_dagrun for latest_only to 2024-06-18 16:00:00+00:00, run_after=2024-06-18 20:00:00+00:00
[2024-06-18T16:51:09.403-0400] {processor.py:183} INFO - Processing /Users/jbshome/Desktop/us_debt_etl_pipeline/debt_env/lib/python3.12/site-packages/airflow/example_dags/example_latest_only.py took 0.423 seconds
[2024-06-18T16:54:12.126-0400] {processor.py:161} INFO - Started process (PID=21965) to work on /Users/jbshome/Desktop/us_debt_etl_pipeline/debt_env/lib/python3.12/site-packages/airflow/example_dags/example_latest_only.py
[2024-06-18T16:54:12.128-0400] {processor.py:830} INFO - Processing file /Users/jbshome/Desktop/us_debt_etl_pipeline/debt_env/lib/python3.12/site-packages/airflow/example_dags/example_latest_only.py for tasks to queue
[2024-06-18T16:54:12.129-0400] {logging_mixin.py:188} INFO - [2024-06-18T16:54:12.129-0400] {dagbag.py:545} INFO - Filling up the DagBag from /Users/jbshome/Desktop/us_debt_etl_pipeline/debt_env/lib/python3.12/site-packages/airflow/example_dags/example_latest_only.py
[2024-06-18T16:54:12.138-0400] {processor.py:840} INFO - DAG(s) 'latest_only' retrieved from /Users/jbshome/Desktop/us_debt_etl_pipeline/debt_env/lib/python3.12/site-packages/airflow/example_dags/example_latest_only.py
[2024-06-18T16:54:12.268-0400] {logging_mixin.py:188} INFO - [2024-06-18T16:54:12.268-0400] {dag.py:3096} INFO - Sync 1 DAGs
[2024-06-18T16:54:12.285-0400] {logging_mixin.py:188} INFO - [2024-06-18T16:54:12.285-0400] {dag.py:3954} INFO - Setting next_dagrun for latest_only to 2024-06-18 16:00:00+00:00, run_after=2024-06-18 20:00:00+00:00
[2024-06-18T16:54:12.306-0400] {processor.py:183} INFO - Processing /Users/jbshome/Desktop/us_debt_etl_pipeline/debt_env/lib/python3.12/site-packages/airflow/example_dags/example_latest_only.py took 0.183 seconds
[2024-06-18T16:57:23.047-0400] {processor.py:161} INFO - Started process (PID=22433) to work on /Users/jbshome/Desktop/us_debt_etl_pipeline/debt_env/lib/python3.12/site-packages/airflow/example_dags/example_latest_only.py
[2024-06-18T16:57:23.049-0400] {processor.py:830} INFO - Processing file /Users/jbshome/Desktop/us_debt_etl_pipeline/debt_env/lib/python3.12/site-packages/airflow/example_dags/example_latest_only.py for tasks to queue
[2024-06-18T16:57:23.050-0400] {logging_mixin.py:188} INFO - [2024-06-18T16:57:23.050-0400] {dagbag.py:545} INFO - Filling up the DagBag from /Users/jbshome/Desktop/us_debt_etl_pipeline/debt_env/lib/python3.12/site-packages/airflow/example_dags/example_latest_only.py
[2024-06-18T16:57:23.064-0400] {processor.py:840} INFO - DAG(s) 'latest_only' retrieved from /Users/jbshome/Desktop/us_debt_etl_pipeline/debt_env/lib/python3.12/site-packages/airflow/example_dags/example_latest_only.py
[2024-06-18T16:57:23.232-0400] {logging_mixin.py:188} INFO - [2024-06-18T16:57:23.232-0400] {dag.py:3096} INFO - Sync 1 DAGs
[2024-06-18T16:57:23.256-0400] {logging_mixin.py:188} INFO - [2024-06-18T16:57:23.256-0400] {dag.py:3954} INFO - Setting next_dagrun for latest_only to 2024-06-18 16:00:00+00:00, run_after=2024-06-18 20:00:00+00:00
[2024-06-18T16:57:23.292-0400] {processor.py:183} INFO - Processing /Users/jbshome/Desktop/us_debt_etl_pipeline/debt_env/lib/python3.12/site-packages/airflow/example_dags/example_latest_only.py took 0.248 seconds
[2024-06-18T17:00:50.680-0400] {processor.py:161} INFO - Started process (PID=22650) to work on /Users/jbshome/Desktop/us_debt_etl_pipeline/debt_env/lib/python3.12/site-packages/airflow/example_dags/example_latest_only.py
[2024-06-18T17:00:50.683-0400] {processor.py:830} INFO - Processing file /Users/jbshome/Desktop/us_debt_etl_pipeline/debt_env/lib/python3.12/site-packages/airflow/example_dags/example_latest_only.py for tasks to queue
[2024-06-18T17:00:50.684-0400] {logging_mixin.py:188} INFO - [2024-06-18T17:00:50.684-0400] {dagbag.py:545} INFO - Filling up the DagBag from /Users/jbshome/Desktop/us_debt_etl_pipeline/debt_env/lib/python3.12/site-packages/airflow/example_dags/example_latest_only.py
[2024-06-18T17:00:50.706-0400] {processor.py:840} INFO - DAG(s) 'latest_only' retrieved from /Users/jbshome/Desktop/us_debt_etl_pipeline/debt_env/lib/python3.12/site-packages/airflow/example_dags/example_latest_only.py
[2024-06-18T17:00:50.853-0400] {logging_mixin.py:188} INFO - [2024-06-18T17:00:50.852-0400] {dag.py:3096} INFO - Sync 1 DAGs
[2024-06-18T17:00:50.883-0400] {logging_mixin.py:188} INFO - [2024-06-18T17:00:50.883-0400] {dag.py:3954} INFO - Setting next_dagrun for latest_only to 2024-06-18 16:00:00+00:00, run_after=2024-06-18 20:00:00+00:00
[2024-06-18T17:00:50.922-0400] {processor.py:183} INFO - Processing /Users/jbshome/Desktop/us_debt_etl_pipeline/debt_env/lib/python3.12/site-packages/airflow/example_dags/example_latest_only.py took 0.247 seconds
[2024-06-18T17:04:43.813-0400] {processor.py:161} INFO - Started process (PID=22889) to work on /Users/jbshome/Desktop/us_debt_etl_pipeline/debt_env/lib/python3.12/site-packages/airflow/example_dags/example_latest_only.py
[2024-06-18T17:04:43.816-0400] {processor.py:830} INFO - Processing file /Users/jbshome/Desktop/us_debt_etl_pipeline/debt_env/lib/python3.12/site-packages/airflow/example_dags/example_latest_only.py for tasks to queue
[2024-06-18T17:04:43.817-0400] {logging_mixin.py:188} INFO - [2024-06-18T17:04:43.817-0400] {dagbag.py:545} INFO - Filling up the DagBag from /Users/jbshome/Desktop/us_debt_etl_pipeline/debt_env/lib/python3.12/site-packages/airflow/example_dags/example_latest_only.py
[2024-06-18T17:04:43.828-0400] {processor.py:840} INFO - DAG(s) 'latest_only' retrieved from /Users/jbshome/Desktop/us_debt_etl_pipeline/debt_env/lib/python3.12/site-packages/airflow/example_dags/example_latest_only.py
[2024-06-18T17:04:43.993-0400] {logging_mixin.py:188} INFO - [2024-06-18T17:04:43.993-0400] {dag.py:3096} INFO - Sync 1 DAGs
[2024-06-18T17:04:44.016-0400] {logging_mixin.py:188} INFO - [2024-06-18T17:04:44.015-0400] {dag.py:3954} INFO - Setting next_dagrun for latest_only to 2024-06-18 16:00:00+00:00, run_after=2024-06-18 20:00:00+00:00
[2024-06-18T17:04:44.044-0400] {processor.py:183} INFO - Processing /Users/jbshome/Desktop/us_debt_etl_pipeline/debt_env/lib/python3.12/site-packages/airflow/example_dags/example_latest_only.py took 0.234 seconds
[2024-06-18T17:08:26.440-0400] {processor.py:161} INFO - Started process (PID=23603) to work on /Users/jbshome/Desktop/us_debt_etl_pipeline/debt_env/lib/python3.12/site-packages/airflow/example_dags/example_latest_only.py
[2024-06-18T17:08:26.443-0400] {processor.py:830} INFO - Processing file /Users/jbshome/Desktop/us_debt_etl_pipeline/debt_env/lib/python3.12/site-packages/airflow/example_dags/example_latest_only.py for tasks to queue
[2024-06-18T17:08:26.444-0400] {logging_mixin.py:188} INFO - [2024-06-18T17:08:26.444-0400] {dagbag.py:545} INFO - Filling up the DagBag from /Users/jbshome/Desktop/us_debt_etl_pipeline/debt_env/lib/python3.12/site-packages/airflow/example_dags/example_latest_only.py
[2024-06-18T17:08:26.457-0400] {processor.py:840} INFO - DAG(s) 'latest_only' retrieved from /Users/jbshome/Desktop/us_debt_etl_pipeline/debt_env/lib/python3.12/site-packages/airflow/example_dags/example_latest_only.py
[2024-06-18T17:08:26.663-0400] {logging_mixin.py:188} INFO - [2024-06-18T17:08:26.662-0400] {dag.py:3096} INFO - Sync 1 DAGs
[2024-06-18T17:08:26.694-0400] {logging_mixin.py:188} INFO - [2024-06-18T17:08:26.693-0400] {dag.py:3954} INFO - Setting next_dagrun for latest_only to 2024-06-18 16:00:00+00:00, run_after=2024-06-18 20:00:00+00:00
[2024-06-18T17:08:26.734-0400] {processor.py:183} INFO - Processing /Users/jbshome/Desktop/us_debt_etl_pipeline/debt_env/lib/python3.12/site-packages/airflow/example_dags/example_latest_only.py took 0.297 seconds
[2024-06-18T17:12:52.914-0400] {processor.py:161} INFO - Started process (PID=23972) to work on /Users/jbshome/Desktop/us_debt_etl_pipeline/debt_env/lib/python3.12/site-packages/airflow/example_dags/example_latest_only.py
[2024-06-18T17:12:52.915-0400] {processor.py:830} INFO - Processing file /Users/jbshome/Desktop/us_debt_etl_pipeline/debt_env/lib/python3.12/site-packages/airflow/example_dags/example_latest_only.py for tasks to queue
[2024-06-18T17:12:52.917-0400] {logging_mixin.py:188} INFO - [2024-06-18T17:12:52.916-0400] {dagbag.py:545} INFO - Filling up the DagBag from /Users/jbshome/Desktop/us_debt_etl_pipeline/debt_env/lib/python3.12/site-packages/airflow/example_dags/example_latest_only.py
[2024-06-18T17:12:52.930-0400] {processor.py:840} INFO - DAG(s) 'latest_only' retrieved from /Users/jbshome/Desktop/us_debt_etl_pipeline/debt_env/lib/python3.12/site-packages/airflow/example_dags/example_latest_only.py
[2024-06-18T17:12:53.204-0400] {logging_mixin.py:188} INFO - [2024-06-18T17:12:53.202-0400] {dag.py:3096} INFO - Sync 1 DAGs
[2024-06-18T17:12:53.247-0400] {logging_mixin.py:188} INFO - [2024-06-18T17:12:53.246-0400] {dag.py:3954} INFO - Setting next_dagrun for latest_only to 2024-06-18 16:00:00+00:00, run_after=2024-06-18 20:00:00+00:00
[2024-06-18T17:12:53.302-0400] {processor.py:183} INFO - Processing /Users/jbshome/Desktop/us_debt_etl_pipeline/debt_env/lib/python3.12/site-packages/airflow/example_dags/example_latest_only.py took 0.394 seconds
[2024-06-18T17:18:20.458-0400] {processor.py:161} INFO - Started process (PID=24319) to work on /Users/jbshome/Desktop/us_debt_etl_pipeline/debt_env/lib/python3.12/site-packages/airflow/example_dags/example_latest_only.py
[2024-06-18T17:18:20.462-0400] {processor.py:830} INFO - Processing file /Users/jbshome/Desktop/us_debt_etl_pipeline/debt_env/lib/python3.12/site-packages/airflow/example_dags/example_latest_only.py for tasks to queue
[2024-06-18T17:18:20.464-0400] {logging_mixin.py:188} INFO - [2024-06-18T17:18:20.463-0400] {dagbag.py:545} INFO - Filling up the DagBag from /Users/jbshome/Desktop/us_debt_etl_pipeline/debt_env/lib/python3.12/site-packages/airflow/example_dags/example_latest_only.py
[2024-06-18T17:18:20.512-0400] {processor.py:840} INFO - DAG(s) 'latest_only' retrieved from /Users/jbshome/Desktop/us_debt_etl_pipeline/debt_env/lib/python3.12/site-packages/airflow/example_dags/example_latest_only.py
[2024-06-18T17:18:21.190-0400] {logging_mixin.py:188} INFO - [2024-06-18T17:18:21.189-0400] {dag.py:3096} INFO - Sync 1 DAGs
[2024-06-18T17:18:21.310-0400] {logging_mixin.py:188} INFO - [2024-06-18T17:18:21.309-0400] {dag.py:3954} INFO - Setting next_dagrun for latest_only to 2024-06-18 16:00:00+00:00, run_after=2024-06-18 20:00:00+00:00
[2024-06-18T17:18:21.493-0400] {processor.py:183} INFO - Processing /Users/jbshome/Desktop/us_debt_etl_pipeline/debt_env/lib/python3.12/site-packages/airflow/example_dags/example_latest_only.py took 1.040 seconds
[2024-06-18T17:22:37.504-0400] {processor.py:161} INFO - Started process (PID=24641) to work on /Users/jbshome/Desktop/us_debt_etl_pipeline/debt_env/lib/python3.12/site-packages/airflow/example_dags/example_latest_only.py
[2024-06-18T17:22:37.506-0400] {processor.py:830} INFO - Processing file /Users/jbshome/Desktop/us_debt_etl_pipeline/debt_env/lib/python3.12/site-packages/airflow/example_dags/example_latest_only.py for tasks to queue
[2024-06-18T17:22:37.507-0400] {logging_mixin.py:188} INFO - [2024-06-18T17:22:37.506-0400] {dagbag.py:545} INFO - Filling up the DagBag from /Users/jbshome/Desktop/us_debt_etl_pipeline/debt_env/lib/python3.12/site-packages/airflow/example_dags/example_latest_only.py
[2024-06-18T17:22:37.523-0400] {processor.py:840} INFO - DAG(s) 'latest_only' retrieved from /Users/jbshome/Desktop/us_debt_etl_pipeline/debt_env/lib/python3.12/site-packages/airflow/example_dags/example_latest_only.py
[2024-06-18T17:22:37.700-0400] {logging_mixin.py:188} INFO - [2024-06-18T17:22:37.699-0400] {dag.py:3096} INFO - Sync 1 DAGs
[2024-06-18T17:22:37.722-0400] {logging_mixin.py:188} INFO - [2024-06-18T17:22:37.721-0400] {dag.py:3954} INFO - Setting next_dagrun for latest_only to 2024-06-18 16:00:00+00:00, run_after=2024-06-18 20:00:00+00:00
[2024-06-18T17:22:37.748-0400] {processor.py:183} INFO - Processing /Users/jbshome/Desktop/us_debt_etl_pipeline/debt_env/lib/python3.12/site-packages/airflow/example_dags/example_latest_only.py took 0.249 seconds
[2024-06-18T17:27:09.782-0400] {processor.py:161} INFO - Started process (PID=24937) to work on /Users/jbshome/Desktop/us_debt_etl_pipeline/debt_env/lib/python3.12/site-packages/airflow/example_dags/example_latest_only.py
[2024-06-18T17:27:09.784-0400] {processor.py:830} INFO - Processing file /Users/jbshome/Desktop/us_debt_etl_pipeline/debt_env/lib/python3.12/site-packages/airflow/example_dags/example_latest_only.py for tasks to queue
[2024-06-18T17:27:09.786-0400] {logging_mixin.py:188} INFO - [2024-06-18T17:27:09.785-0400] {dagbag.py:545} INFO - Filling up the DagBag from /Users/jbshome/Desktop/us_debt_etl_pipeline/debt_env/lib/python3.12/site-packages/airflow/example_dags/example_latest_only.py
[2024-06-18T17:27:09.885-0400] {processor.py:840} INFO - DAG(s) 'latest_only' retrieved from /Users/jbshome/Desktop/us_debt_etl_pipeline/debt_env/lib/python3.12/site-packages/airflow/example_dags/example_latest_only.py
[2024-06-18T17:27:10.409-0400] {logging_mixin.py:188} INFO - [2024-06-18T17:27:10.408-0400] {dag.py:3096} INFO - Sync 1 DAGs
[2024-06-18T17:27:10.442-0400] {logging_mixin.py:188} INFO - [2024-06-18T17:27:10.441-0400] {dag.py:3954} INFO - Setting next_dagrun for latest_only to 2024-06-18 16:00:00+00:00, run_after=2024-06-18 20:00:00+00:00
[2024-06-18T17:27:10.556-0400] {processor.py:183} INFO - Processing /Users/jbshome/Desktop/us_debt_etl_pipeline/debt_env/lib/python3.12/site-packages/airflow/example_dags/example_latest_only.py took 0.781 seconds
[2024-06-18T17:31:34.400-0400] {processor.py:161} INFO - Started process (PID=25256) to work on /Users/jbshome/Desktop/us_debt_etl_pipeline/debt_env/lib/python3.12/site-packages/airflow/example_dags/example_latest_only.py
[2024-06-18T17:31:34.402-0400] {processor.py:830} INFO - Processing file /Users/jbshome/Desktop/us_debt_etl_pipeline/debt_env/lib/python3.12/site-packages/airflow/example_dags/example_latest_only.py for tasks to queue
[2024-06-18T17:31:34.403-0400] {logging_mixin.py:188} INFO - [2024-06-18T17:31:34.403-0400] {dagbag.py:545} INFO - Filling up the DagBag from /Users/jbshome/Desktop/us_debt_etl_pipeline/debt_env/lib/python3.12/site-packages/airflow/example_dags/example_latest_only.py
[2024-06-18T17:31:34.418-0400] {processor.py:840} INFO - DAG(s) 'latest_only' retrieved from /Users/jbshome/Desktop/us_debt_etl_pipeline/debt_env/lib/python3.12/site-packages/airflow/example_dags/example_latest_only.py
[2024-06-18T17:31:34.671-0400] {logging_mixin.py:188} INFO - [2024-06-18T17:31:34.670-0400] {dag.py:3096} INFO - Sync 1 DAGs
[2024-06-18T17:31:34.724-0400] {logging_mixin.py:188} INFO - [2024-06-18T17:31:34.724-0400] {dag.py:3954} INFO - Setting next_dagrun for latest_only to 2024-06-18 16:00:00+00:00, run_after=2024-06-18 20:00:00+00:00
[2024-06-18T17:31:34.770-0400] {processor.py:183} INFO - Processing /Users/jbshome/Desktop/us_debt_etl_pipeline/debt_env/lib/python3.12/site-packages/airflow/example_dags/example_latest_only.py took 0.374 seconds
[2024-06-18T17:36:57.387-0400] {processor.py:161} INFO - Started process (PID=25829) to work on /Users/jbshome/Desktop/us_debt_etl_pipeline/debt_env/lib/python3.12/site-packages/airflow/example_dags/example_latest_only.py
[2024-06-18T17:36:57.389-0400] {processor.py:830} INFO - Processing file /Users/jbshome/Desktop/us_debt_etl_pipeline/debt_env/lib/python3.12/site-packages/airflow/example_dags/example_latest_only.py for tasks to queue
[2024-06-18T17:36:57.390-0400] {logging_mixin.py:188} INFO - [2024-06-18T17:36:57.390-0400] {dagbag.py:545} INFO - Filling up the DagBag from /Users/jbshome/Desktop/us_debt_etl_pipeline/debt_env/lib/python3.12/site-packages/airflow/example_dags/example_latest_only.py
[2024-06-18T17:36:57.405-0400] {processor.py:840} INFO - DAG(s) 'latest_only' retrieved from /Users/jbshome/Desktop/us_debt_etl_pipeline/debt_env/lib/python3.12/site-packages/airflow/example_dags/example_latest_only.py
[2024-06-18T17:36:57.634-0400] {logging_mixin.py:188} INFO - [2024-06-18T17:36:57.633-0400] {dag.py:3096} INFO - Sync 1 DAGs
[2024-06-18T17:36:57.668-0400] {logging_mixin.py:188} INFO - [2024-06-18T17:36:57.668-0400] {dag.py:3954} INFO - Setting next_dagrun for latest_only to 2024-06-18 16:00:00+00:00, run_after=2024-06-18 20:00:00+00:00
[2024-06-18T17:36:57.706-0400] {processor.py:183} INFO - Processing /Users/jbshome/Desktop/us_debt_etl_pipeline/debt_env/lib/python3.12/site-packages/airflow/example_dags/example_latest_only.py took 0.324 seconds
[2024-06-18T17:45:15.309-0400] {processor.py:161} INFO - Started process (PID=26942) to work on /Users/jbshome/Desktop/us_debt_etl_pipeline/debt_env/lib/python3.12/site-packages/airflow/example_dags/example_latest_only.py
[2024-06-18T17:45:15.311-0400] {processor.py:830} INFO - Processing file /Users/jbshome/Desktop/us_debt_etl_pipeline/debt_env/lib/python3.12/site-packages/airflow/example_dags/example_latest_only.py for tasks to queue
[2024-06-18T17:45:15.312-0400] {logging_mixin.py:188} INFO - [2024-06-18T17:45:15.312-0400] {dagbag.py:545} INFO - Filling up the DagBag from /Users/jbshome/Desktop/us_debt_etl_pipeline/debt_env/lib/python3.12/site-packages/airflow/example_dags/example_latest_only.py
[2024-06-18T17:45:15.327-0400] {processor.py:840} INFO - DAG(s) 'latest_only' retrieved from /Users/jbshome/Desktop/us_debt_etl_pipeline/debt_env/lib/python3.12/site-packages/airflow/example_dags/example_latest_only.py
[2024-06-18T17:45:15.451-0400] {logging_mixin.py:188} INFO - [2024-06-18T17:45:15.451-0400] {dag.py:3096} INFO - Sync 1 DAGs
[2024-06-18T17:45:15.470-0400] {logging_mixin.py:188} INFO - [2024-06-18T17:45:15.470-0400] {dag.py:3954} INFO - Setting next_dagrun for latest_only to 2024-06-18 16:00:00+00:00, run_after=2024-06-18 20:00:00+00:00
[2024-06-18T17:45:15.496-0400] {processor.py:183} INFO - Processing /Users/jbshome/Desktop/us_debt_etl_pipeline/debt_env/lib/python3.12/site-packages/airflow/example_dags/example_latest_only.py took 0.191 seconds
[2024-06-18T17:49:39.061-0400] {processor.py:161} INFO - Started process (PID=27789) to work on /Users/jbshome/Desktop/us_debt_etl_pipeline/debt_env/lib/python3.12/site-packages/airflow/example_dags/example_latest_only.py
[2024-06-18T17:49:39.069-0400] {processor.py:830} INFO - Processing file /Users/jbshome/Desktop/us_debt_etl_pipeline/debt_env/lib/python3.12/site-packages/airflow/example_dags/example_latest_only.py for tasks to queue
[2024-06-18T17:49:39.070-0400] {logging_mixin.py:188} INFO - [2024-06-18T17:49:39.070-0400] {dagbag.py:545} INFO - Filling up the DagBag from /Users/jbshome/Desktop/us_debt_etl_pipeline/debt_env/lib/python3.12/site-packages/airflow/example_dags/example_latest_only.py
[2024-06-18T17:49:39.108-0400] {processor.py:840} INFO - DAG(s) 'latest_only' retrieved from /Users/jbshome/Desktop/us_debt_etl_pipeline/debt_env/lib/python3.12/site-packages/airflow/example_dags/example_latest_only.py
[2024-06-18T17:49:39.447-0400] {logging_mixin.py:188} INFO - [2024-06-18T17:49:39.447-0400] {dag.py:3096} INFO - Sync 1 DAGs
[2024-06-18T17:49:39.494-0400] {logging_mixin.py:188} INFO - [2024-06-18T17:49:39.493-0400] {dag.py:3954} INFO - Setting next_dagrun for latest_only to 2024-06-18 16:00:00+00:00, run_after=2024-06-18 20:00:00+00:00
[2024-06-18T17:49:39.544-0400] {processor.py:183} INFO - Processing /Users/jbshome/Desktop/us_debt_etl_pipeline/debt_env/lib/python3.12/site-packages/airflow/example_dags/example_latest_only.py took 0.488 seconds
