[2024-06-18T16:31:56.890-0400] {processor.py:161} INFO - Started process (PID=20153) to work on /Users/jbshome/Desktop/us_debt_etl_pipeline/debt_env/lib/python3.12/site-packages/airflow/example_dags/example_kubernetes_executor.py
[2024-06-18T16:31:56.892-0400] {processor.py:830} INFO - Processing file /Users/jbshome/Desktop/us_debt_etl_pipeline/debt_env/lib/python3.12/site-packages/airflow/example_dags/example_kubernetes_executor.py for tasks to queue
[2024-06-18T16:31:56.893-0400] {logging_mixin.py:188} INFO - [2024-06-18T16:31:56.893-0400] {dagbag.py:545} INFO - Filling up the DagBag from /Users/jbshome/Desktop/us_debt_etl_pipeline/debt_env/lib/python3.12/site-packages/airflow/example_dags/example_kubernetes_executor.py
[2024-06-18T16:31:56.936-0400] {logging_mixin.py:188} INFO - [2024-06-18T16:31:56.936-0400] {example_kubernetes_executor.py:39} WARNING - The example_kubernetes_executor example DAG requires the kubernetes provider. Please install it with: pip install apache-airflow[cncf.kubernetes]
[2024-06-18T16:31:56.936-0400] {processor.py:842} WARNING - No viable dags retrieved from /Users/jbshome/Desktop/us_debt_etl_pipeline/debt_env/lib/python3.12/site-packages/airflow/example_dags/example_kubernetes_executor.py
[2024-06-18T16:31:57.036-0400] {processor.py:183} INFO - Processing /Users/jbshome/Desktop/us_debt_etl_pipeline/debt_env/lib/python3.12/site-packages/airflow/example_dags/example_kubernetes_executor.py took 0.150 seconds
[2024-06-18T16:35:38.333-0400] {processor.py:161} INFO - Started process (PID=20357) to work on /Users/jbshome/Desktop/us_debt_etl_pipeline/debt_env/lib/python3.12/site-packages/airflow/example_dags/example_kubernetes_executor.py
[2024-06-18T16:35:38.335-0400] {processor.py:830} INFO - Processing file /Users/jbshome/Desktop/us_debt_etl_pipeline/debt_env/lib/python3.12/site-packages/airflow/example_dags/example_kubernetes_executor.py for tasks to queue
[2024-06-18T16:35:38.337-0400] {logging_mixin.py:188} INFO - [2024-06-18T16:35:38.337-0400] {dagbag.py:545} INFO - Filling up the DagBag from /Users/jbshome/Desktop/us_debt_etl_pipeline/debt_env/lib/python3.12/site-packages/airflow/example_dags/example_kubernetes_executor.py
[2024-06-18T16:35:38.414-0400] {logging_mixin.py:188} INFO - [2024-06-18T16:35:38.414-0400] {example_kubernetes_executor.py:39} WARNING - The example_kubernetes_executor example DAG requires the kubernetes provider. Please install it with: pip install apache-airflow[cncf.kubernetes]
[2024-06-18T16:35:38.415-0400] {processor.py:842} WARNING - No viable dags retrieved from /Users/jbshome/Desktop/us_debt_etl_pipeline/debt_env/lib/python3.12/site-packages/airflow/example_dags/example_kubernetes_executor.py
[2024-06-18T16:35:38.567-0400] {processor.py:183} INFO - Processing /Users/jbshome/Desktop/us_debt_etl_pipeline/debt_env/lib/python3.12/site-packages/airflow/example_dags/example_kubernetes_executor.py took 0.243 seconds
[2024-06-18T16:39:04.285-0400] {processor.py:161} INFO - Started process (PID=20524) to work on /Users/jbshome/Desktop/us_debt_etl_pipeline/debt_env/lib/python3.12/site-packages/airflow/example_dags/example_kubernetes_executor.py
[2024-06-18T16:39:04.287-0400] {processor.py:830} INFO - Processing file /Users/jbshome/Desktop/us_debt_etl_pipeline/debt_env/lib/python3.12/site-packages/airflow/example_dags/example_kubernetes_executor.py for tasks to queue
[2024-06-18T16:39:04.288-0400] {logging_mixin.py:188} INFO - [2024-06-18T16:39:04.288-0400] {dagbag.py:545} INFO - Filling up the DagBag from /Users/jbshome/Desktop/us_debt_etl_pipeline/debt_env/lib/python3.12/site-packages/airflow/example_dags/example_kubernetes_executor.py
[2024-06-18T16:39:04.335-0400] {logging_mixin.py:188} INFO - [2024-06-18T16:39:04.335-0400] {example_kubernetes_executor.py:39} WARNING - The example_kubernetes_executor example DAG requires the kubernetes provider. Please install it with: pip install apache-airflow[cncf.kubernetes]
[2024-06-18T16:39:04.335-0400] {processor.py:842} WARNING - No viable dags retrieved from /Users/jbshome/Desktop/us_debt_etl_pipeline/debt_env/lib/python3.12/site-packages/airflow/example_dags/example_kubernetes_executor.py
[2024-06-18T16:39:04.420-0400] {processor.py:183} INFO - Processing /Users/jbshome/Desktop/us_debt_etl_pipeline/debt_env/lib/python3.12/site-packages/airflow/example_dags/example_kubernetes_executor.py took 0.137 seconds
[2024-06-18T16:45:00.901-0400] {processor.py:161} INFO - Started process (PID=21468) to work on /Users/jbshome/Desktop/us_debt_etl_pipeline/debt_env/lib/python3.12/site-packages/airflow/example_dags/example_kubernetes_executor.py
[2024-06-18T16:45:00.903-0400] {processor.py:830} INFO - Processing file /Users/jbshome/Desktop/us_debt_etl_pipeline/debt_env/lib/python3.12/site-packages/airflow/example_dags/example_kubernetes_executor.py for tasks to queue
[2024-06-18T16:45:00.906-0400] {logging_mixin.py:188} INFO - [2024-06-18T16:45:00.905-0400] {dagbag.py:545} INFO - Filling up the DagBag from /Users/jbshome/Desktop/us_debt_etl_pipeline/debt_env/lib/python3.12/site-packages/airflow/example_dags/example_kubernetes_executor.py
[2024-06-18T16:45:00.961-0400] {logging_mixin.py:188} INFO - [2024-06-18T16:45:00.960-0400] {example_kubernetes_executor.py:39} WARNING - The example_kubernetes_executor example DAG requires the kubernetes provider. Please install it with: pip install apache-airflow[cncf.kubernetes]
[2024-06-18T16:45:00.961-0400] {processor.py:842} WARNING - No viable dags retrieved from /Users/jbshome/Desktop/us_debt_etl_pipeline/debt_env/lib/python3.12/site-packages/airflow/example_dags/example_kubernetes_executor.py
[2024-06-18T16:45:01.092-0400] {processor.py:183} INFO - Processing /Users/jbshome/Desktop/us_debt_etl_pipeline/debt_env/lib/python3.12/site-packages/airflow/example_dags/example_kubernetes_executor.py took 0.194 seconds
[2024-06-18T16:48:03.459-0400] {processor.py:161} INFO - Started process (PID=21635) to work on /Users/jbshome/Desktop/us_debt_etl_pipeline/debt_env/lib/python3.12/site-packages/airflow/example_dags/example_kubernetes_executor.py
[2024-06-18T16:48:03.462-0400] {processor.py:830} INFO - Processing file /Users/jbshome/Desktop/us_debt_etl_pipeline/debt_env/lib/python3.12/site-packages/airflow/example_dags/example_kubernetes_executor.py for tasks to queue
[2024-06-18T16:48:03.464-0400] {logging_mixin.py:188} INFO - [2024-06-18T16:48:03.463-0400] {dagbag.py:545} INFO - Filling up the DagBag from /Users/jbshome/Desktop/us_debt_etl_pipeline/debt_env/lib/python3.12/site-packages/airflow/example_dags/example_kubernetes_executor.py
[2024-06-18T16:48:03.524-0400] {logging_mixin.py:188} INFO - [2024-06-18T16:48:03.524-0400] {example_kubernetes_executor.py:39} WARNING - The example_kubernetes_executor example DAG requires the kubernetes provider. Please install it with: pip install apache-airflow[cncf.kubernetes]
[2024-06-18T16:48:03.525-0400] {processor.py:842} WARNING - No viable dags retrieved from /Users/jbshome/Desktop/us_debt_etl_pipeline/debt_env/lib/python3.12/site-packages/airflow/example_dags/example_kubernetes_executor.py
[2024-06-18T16:48:03.761-0400] {processor.py:183} INFO - Processing /Users/jbshome/Desktop/us_debt_etl_pipeline/debt_env/lib/python3.12/site-packages/airflow/example_dags/example_kubernetes_executor.py took 0.306 seconds
[2024-06-18T16:51:12.988-0400] {processor.py:161} INFO - Started process (PID=21819) to work on /Users/jbshome/Desktop/us_debt_etl_pipeline/debt_env/lib/python3.12/site-packages/airflow/example_dags/example_kubernetes_executor.py
[2024-06-18T16:51:12.990-0400] {processor.py:830} INFO - Processing file /Users/jbshome/Desktop/us_debt_etl_pipeline/debt_env/lib/python3.12/site-packages/airflow/example_dags/example_kubernetes_executor.py for tasks to queue
[2024-06-18T16:51:12.991-0400] {logging_mixin.py:188} INFO - [2024-06-18T16:51:12.990-0400] {dagbag.py:545} INFO - Filling up the DagBag from /Users/jbshome/Desktop/us_debt_etl_pipeline/debt_env/lib/python3.12/site-packages/airflow/example_dags/example_kubernetes_executor.py
[2024-06-18T16:51:13.026-0400] {logging_mixin.py:188} INFO - [2024-06-18T16:51:13.025-0400] {example_kubernetes_executor.py:39} WARNING - The example_kubernetes_executor example DAG requires the kubernetes provider. Please install it with: pip install apache-airflow[cncf.kubernetes]
[2024-06-18T16:51:13.026-0400] {processor.py:842} WARNING - No viable dags retrieved from /Users/jbshome/Desktop/us_debt_etl_pipeline/debt_env/lib/python3.12/site-packages/airflow/example_dags/example_kubernetes_executor.py
[2024-06-18T16:51:13.116-0400] {processor.py:183} INFO - Processing /Users/jbshome/Desktop/us_debt_etl_pipeline/debt_env/lib/python3.12/site-packages/airflow/example_dags/example_kubernetes_executor.py took 0.131 seconds
[2024-06-18T16:54:15.790-0400] {processor.py:161} INFO - Started process (PID=21970) to work on /Users/jbshome/Desktop/us_debt_etl_pipeline/debt_env/lib/python3.12/site-packages/airflow/example_dags/example_kubernetes_executor.py
[2024-06-18T16:54:15.791-0400] {processor.py:830} INFO - Processing file /Users/jbshome/Desktop/us_debt_etl_pipeline/debt_env/lib/python3.12/site-packages/airflow/example_dags/example_kubernetes_executor.py for tasks to queue
[2024-06-18T16:54:15.792-0400] {logging_mixin.py:188} INFO - [2024-06-18T16:54:15.792-0400] {dagbag.py:545} INFO - Filling up the DagBag from /Users/jbshome/Desktop/us_debt_etl_pipeline/debt_env/lib/python3.12/site-packages/airflow/example_dags/example_kubernetes_executor.py
[2024-06-18T16:54:15.831-0400] {logging_mixin.py:188} INFO - [2024-06-18T16:54:15.831-0400] {example_kubernetes_executor.py:39} WARNING - The example_kubernetes_executor example DAG requires the kubernetes provider. Please install it with: pip install apache-airflow[cncf.kubernetes]
[2024-06-18T16:54:15.831-0400] {processor.py:842} WARNING - No viable dags retrieved from /Users/jbshome/Desktop/us_debt_etl_pipeline/debt_env/lib/python3.12/site-packages/airflow/example_dags/example_kubernetes_executor.py
[2024-06-18T16:54:15.940-0400] {processor.py:183} INFO - Processing /Users/jbshome/Desktop/us_debt_etl_pipeline/debt_env/lib/python3.12/site-packages/airflow/example_dags/example_kubernetes_executor.py took 0.154 seconds
[2024-06-18T16:57:27.207-0400] {processor.py:161} INFO - Started process (PID=22436) to work on /Users/jbshome/Desktop/us_debt_etl_pipeline/debt_env/lib/python3.12/site-packages/airflow/example_dags/example_kubernetes_executor.py
[2024-06-18T16:57:27.210-0400] {processor.py:830} INFO - Processing file /Users/jbshome/Desktop/us_debt_etl_pipeline/debt_env/lib/python3.12/site-packages/airflow/example_dags/example_kubernetes_executor.py for tasks to queue
[2024-06-18T16:57:27.211-0400] {logging_mixin.py:188} INFO - [2024-06-18T16:57:27.211-0400] {dagbag.py:545} INFO - Filling up the DagBag from /Users/jbshome/Desktop/us_debt_etl_pipeline/debt_env/lib/python3.12/site-packages/airflow/example_dags/example_kubernetes_executor.py
[2024-06-18T16:57:27.289-0400] {logging_mixin.py:188} INFO - [2024-06-18T16:57:27.289-0400] {example_kubernetes_executor.py:39} WARNING - The example_kubernetes_executor example DAG requires the kubernetes provider. Please install it with: pip install apache-airflow[cncf.kubernetes]
[2024-06-18T16:57:27.290-0400] {processor.py:842} WARNING - No viable dags retrieved from /Users/jbshome/Desktop/us_debt_etl_pipeline/debt_env/lib/python3.12/site-packages/airflow/example_dags/example_kubernetes_executor.py
[2024-06-18T16:57:27.435-0400] {processor.py:183} INFO - Processing /Users/jbshome/Desktop/us_debt_etl_pipeline/debt_env/lib/python3.12/site-packages/airflow/example_dags/example_kubernetes_executor.py took 0.236 seconds
[2024-06-18T17:00:58.063-0400] {processor.py:161} INFO - Started process (PID=22662) to work on /Users/jbshome/Desktop/us_debt_etl_pipeline/debt_env/lib/python3.12/site-packages/airflow/example_dags/example_kubernetes_executor.py
[2024-06-18T17:00:58.073-0400] {processor.py:830} INFO - Processing file /Users/jbshome/Desktop/us_debt_etl_pipeline/debt_env/lib/python3.12/site-packages/airflow/example_dags/example_kubernetes_executor.py for tasks to queue
[2024-06-18T17:00:58.074-0400] {logging_mixin.py:188} INFO - [2024-06-18T17:00:58.074-0400] {dagbag.py:545} INFO - Filling up the DagBag from /Users/jbshome/Desktop/us_debt_etl_pipeline/debt_env/lib/python3.12/site-packages/airflow/example_dags/example_kubernetes_executor.py
[2024-06-18T17:00:58.176-0400] {logging_mixin.py:188} INFO - [2024-06-18T17:00:58.176-0400] {example_kubernetes_executor.py:39} WARNING - The example_kubernetes_executor example DAG requires the kubernetes provider. Please install it with: pip install apache-airflow[cncf.kubernetes]
[2024-06-18T17:00:58.176-0400] {processor.py:842} WARNING - No viable dags retrieved from /Users/jbshome/Desktop/us_debt_etl_pipeline/debt_env/lib/python3.12/site-packages/airflow/example_dags/example_kubernetes_executor.py
[2024-06-18T17:00:58.430-0400] {processor.py:183} INFO - Processing /Users/jbshome/Desktop/us_debt_etl_pipeline/debt_env/lib/python3.12/site-packages/airflow/example_dags/example_kubernetes_executor.py took 0.373 seconds
[2024-06-18T17:04:47.754-0400] {processor.py:161} INFO - Started process (PID=22893) to work on /Users/jbshome/Desktop/us_debt_etl_pipeline/debt_env/lib/python3.12/site-packages/airflow/example_dags/example_kubernetes_executor.py
[2024-06-18T17:04:47.757-0400] {processor.py:830} INFO - Processing file /Users/jbshome/Desktop/us_debt_etl_pipeline/debt_env/lib/python3.12/site-packages/airflow/example_dags/example_kubernetes_executor.py for tasks to queue
[2024-06-18T17:04:47.758-0400] {logging_mixin.py:188} INFO - [2024-06-18T17:04:47.757-0400] {dagbag.py:545} INFO - Filling up the DagBag from /Users/jbshome/Desktop/us_debt_etl_pipeline/debt_env/lib/python3.12/site-packages/airflow/example_dags/example_kubernetes_executor.py
[2024-06-18T17:04:47.809-0400] {logging_mixin.py:188} INFO - [2024-06-18T17:04:47.808-0400] {example_kubernetes_executor.py:39} WARNING - The example_kubernetes_executor example DAG requires the kubernetes provider. Please install it with: pip install apache-airflow[cncf.kubernetes]
[2024-06-18T17:04:47.809-0400] {processor.py:842} WARNING - No viable dags retrieved from /Users/jbshome/Desktop/us_debt_etl_pipeline/debt_env/lib/python3.12/site-packages/airflow/example_dags/example_kubernetes_executor.py
[2024-06-18T17:04:47.927-0400] {processor.py:183} INFO - Processing /Users/jbshome/Desktop/us_debt_etl_pipeline/debt_env/lib/python3.12/site-packages/airflow/example_dags/example_kubernetes_executor.py took 0.177 seconds
[2024-06-18T17:08:30.954-0400] {processor.py:161} INFO - Started process (PID=23608) to work on /Users/jbshome/Desktop/us_debt_etl_pipeline/debt_env/lib/python3.12/site-packages/airflow/example_dags/example_kubernetes_executor.py
[2024-06-18T17:08:30.959-0400] {processor.py:830} INFO - Processing file /Users/jbshome/Desktop/us_debt_etl_pipeline/debt_env/lib/python3.12/site-packages/airflow/example_dags/example_kubernetes_executor.py for tasks to queue
[2024-06-18T17:08:30.960-0400] {logging_mixin.py:188} INFO - [2024-06-18T17:08:30.960-0400] {dagbag.py:545} INFO - Filling up the DagBag from /Users/jbshome/Desktop/us_debt_etl_pipeline/debt_env/lib/python3.12/site-packages/airflow/example_dags/example_kubernetes_executor.py
[2024-06-18T17:08:31.026-0400] {logging_mixin.py:188} INFO - [2024-06-18T17:08:31.025-0400] {example_kubernetes_executor.py:39} WARNING - The example_kubernetes_executor example DAG requires the kubernetes provider. Please install it with: pip install apache-airflow[cncf.kubernetes]
[2024-06-18T17:08:31.026-0400] {processor.py:842} WARNING - No viable dags retrieved from /Users/jbshome/Desktop/us_debt_etl_pipeline/debt_env/lib/python3.12/site-packages/airflow/example_dags/example_kubernetes_executor.py
[2024-06-18T17:08:31.192-0400] {processor.py:183} INFO - Processing /Users/jbshome/Desktop/us_debt_etl_pipeline/debt_env/lib/python3.12/site-packages/airflow/example_dags/example_kubernetes_executor.py took 0.244 seconds
[2024-06-18T17:12:59.843-0400] {processor.py:161} INFO - Started process (PID=23977) to work on /Users/jbshome/Desktop/us_debt_etl_pipeline/debt_env/lib/python3.12/site-packages/airflow/example_dags/example_kubernetes_executor.py
[2024-06-18T17:12:59.846-0400] {processor.py:830} INFO - Processing file /Users/jbshome/Desktop/us_debt_etl_pipeline/debt_env/lib/python3.12/site-packages/airflow/example_dags/example_kubernetes_executor.py for tasks to queue
[2024-06-18T17:12:59.847-0400] {logging_mixin.py:188} INFO - [2024-06-18T17:12:59.847-0400] {dagbag.py:545} INFO - Filling up the DagBag from /Users/jbshome/Desktop/us_debt_etl_pipeline/debt_env/lib/python3.12/site-packages/airflow/example_dags/example_kubernetes_executor.py
[2024-06-18T17:12:59.908-0400] {logging_mixin.py:188} INFO - [2024-06-18T17:12:59.907-0400] {example_kubernetes_executor.py:39} WARNING - The example_kubernetes_executor example DAG requires the kubernetes provider. Please install it with: pip install apache-airflow[cncf.kubernetes]
[2024-06-18T17:12:59.908-0400] {processor.py:842} WARNING - No viable dags retrieved from /Users/jbshome/Desktop/us_debt_etl_pipeline/debt_env/lib/python3.12/site-packages/airflow/example_dags/example_kubernetes_executor.py
[2024-06-18T17:13:00.073-0400] {processor.py:183} INFO - Processing /Users/jbshome/Desktop/us_debt_etl_pipeline/debt_env/lib/python3.12/site-packages/airflow/example_dags/example_kubernetes_executor.py took 0.234 seconds
[2024-06-18T17:18:30.620-0400] {processor.py:161} INFO - Started process (PID=24327) to work on /Users/jbshome/Desktop/us_debt_etl_pipeline/debt_env/lib/python3.12/site-packages/airflow/example_dags/example_kubernetes_executor.py
[2024-06-18T17:18:30.622-0400] {processor.py:830} INFO - Processing file /Users/jbshome/Desktop/us_debt_etl_pipeline/debt_env/lib/python3.12/site-packages/airflow/example_dags/example_kubernetes_executor.py for tasks to queue
[2024-06-18T17:18:30.623-0400] {logging_mixin.py:188} INFO - [2024-06-18T17:18:30.623-0400] {dagbag.py:545} INFO - Filling up the DagBag from /Users/jbshome/Desktop/us_debt_etl_pipeline/debt_env/lib/python3.12/site-packages/airflow/example_dags/example_kubernetes_executor.py
[2024-06-18T17:18:30.688-0400] {logging_mixin.py:188} INFO - [2024-06-18T17:18:30.688-0400] {example_kubernetes_executor.py:39} WARNING - The example_kubernetes_executor example DAG requires the kubernetes provider. Please install it with: pip install apache-airflow[cncf.kubernetes]
[2024-06-18T17:18:30.689-0400] {processor.py:842} WARNING - No viable dags retrieved from /Users/jbshome/Desktop/us_debt_etl_pipeline/debt_env/lib/python3.12/site-packages/airflow/example_dags/example_kubernetes_executor.py
[2024-06-18T17:18:30.926-0400] {processor.py:183} INFO - Processing /Users/jbshome/Desktop/us_debt_etl_pipeline/debt_env/lib/python3.12/site-packages/airflow/example_dags/example_kubernetes_executor.py took 0.312 seconds
[2024-06-18T17:22:42.666-0400] {processor.py:161} INFO - Started process (PID=24648) to work on /Users/jbshome/Desktop/us_debt_etl_pipeline/debt_env/lib/python3.12/site-packages/airflow/example_dags/example_kubernetes_executor.py
[2024-06-18T17:22:42.667-0400] {processor.py:830} INFO - Processing file /Users/jbshome/Desktop/us_debt_etl_pipeline/debt_env/lib/python3.12/site-packages/airflow/example_dags/example_kubernetes_executor.py for tasks to queue
[2024-06-18T17:22:42.669-0400] {logging_mixin.py:188} INFO - [2024-06-18T17:22:42.668-0400] {dagbag.py:545} INFO - Filling up the DagBag from /Users/jbshome/Desktop/us_debt_etl_pipeline/debt_env/lib/python3.12/site-packages/airflow/example_dags/example_kubernetes_executor.py
[2024-06-18T17:22:42.727-0400] {logging_mixin.py:188} INFO - [2024-06-18T17:22:42.726-0400] {example_kubernetes_executor.py:39} WARNING - The example_kubernetes_executor example DAG requires the kubernetes provider. Please install it with: pip install apache-airflow[cncf.kubernetes]
[2024-06-18T17:22:42.727-0400] {processor.py:842} WARNING - No viable dags retrieved from /Users/jbshome/Desktop/us_debt_etl_pipeline/debt_env/lib/python3.12/site-packages/airflow/example_dags/example_kubernetes_executor.py
[2024-06-18T17:22:42.846-0400] {processor.py:183} INFO - Processing /Users/jbshome/Desktop/us_debt_etl_pipeline/debt_env/lib/python3.12/site-packages/airflow/example_dags/example_kubernetes_executor.py took 0.186 seconds
[2024-06-18T17:27:18.319-0400] {processor.py:161} INFO - Started process (PID=24943) to work on /Users/jbshome/Desktop/us_debt_etl_pipeline/debt_env/lib/python3.12/site-packages/airflow/example_dags/example_kubernetes_executor.py
[2024-06-18T17:27:18.321-0400] {processor.py:830} INFO - Processing file /Users/jbshome/Desktop/us_debt_etl_pipeline/debt_env/lib/python3.12/site-packages/airflow/example_dags/example_kubernetes_executor.py for tasks to queue
[2024-06-18T17:27:18.322-0400] {logging_mixin.py:188} INFO - [2024-06-18T17:27:18.322-0400] {dagbag.py:545} INFO - Filling up the DagBag from /Users/jbshome/Desktop/us_debt_etl_pipeline/debt_env/lib/python3.12/site-packages/airflow/example_dags/example_kubernetes_executor.py
[2024-06-18T17:27:18.499-0400] {logging_mixin.py:188} INFO - [2024-06-18T17:27:18.499-0400] {example_kubernetes_executor.py:39} WARNING - The example_kubernetes_executor example DAG requires the kubernetes provider. Please install it with: pip install apache-airflow[cncf.kubernetes]
[2024-06-18T17:27:18.500-0400] {processor.py:842} WARNING - No viable dags retrieved from /Users/jbshome/Desktop/us_debt_etl_pipeline/debt_env/lib/python3.12/site-packages/airflow/example_dags/example_kubernetes_executor.py
[2024-06-18T17:27:18.894-0400] {processor.py:183} INFO - Processing /Users/jbshome/Desktop/us_debt_etl_pipeline/debt_env/lib/python3.12/site-packages/airflow/example_dags/example_kubernetes_executor.py took 0.579 seconds
[2024-06-18T17:31:40.093-0400] {processor.py:161} INFO - Started process (PID=25265) to work on /Users/jbshome/Desktop/us_debt_etl_pipeline/debt_env/lib/python3.12/site-packages/airflow/example_dags/example_kubernetes_executor.py
[2024-06-18T17:31:40.096-0400] {processor.py:830} INFO - Processing file /Users/jbshome/Desktop/us_debt_etl_pipeline/debt_env/lib/python3.12/site-packages/airflow/example_dags/example_kubernetes_executor.py for tasks to queue
[2024-06-18T17:31:40.097-0400] {logging_mixin.py:188} INFO - [2024-06-18T17:31:40.097-0400] {dagbag.py:545} INFO - Filling up the DagBag from /Users/jbshome/Desktop/us_debt_etl_pipeline/debt_env/lib/python3.12/site-packages/airflow/example_dags/example_kubernetes_executor.py
[2024-06-18T17:31:40.204-0400] {logging_mixin.py:188} INFO - [2024-06-18T17:31:40.203-0400] {example_kubernetes_executor.py:39} WARNING - The example_kubernetes_executor example DAG requires the kubernetes provider. Please install it with: pip install apache-airflow[cncf.kubernetes]
[2024-06-18T17:31:40.204-0400] {processor.py:842} WARNING - No viable dags retrieved from /Users/jbshome/Desktop/us_debt_etl_pipeline/debt_env/lib/python3.12/site-packages/airflow/example_dags/example_kubernetes_executor.py
[2024-06-18T17:31:40.416-0400] {processor.py:183} INFO - Processing /Users/jbshome/Desktop/us_debt_etl_pipeline/debt_env/lib/python3.12/site-packages/airflow/example_dags/example_kubernetes_executor.py took 0.328 seconds
[2024-06-18T17:37:08.333-0400] {processor.py:161} INFO - Started process (PID=25838) to work on /Users/jbshome/Desktop/us_debt_etl_pipeline/debt_env/lib/python3.12/site-packages/airflow/example_dags/example_kubernetes_executor.py
[2024-06-18T17:37:08.340-0400] {processor.py:830} INFO - Processing file /Users/jbshome/Desktop/us_debt_etl_pipeline/debt_env/lib/python3.12/site-packages/airflow/example_dags/example_kubernetes_executor.py for tasks to queue
[2024-06-18T17:37:08.340-0400] {logging_mixin.py:188} INFO - [2024-06-18T17:37:08.340-0400] {dagbag.py:545} INFO - Filling up the DagBag from /Users/jbshome/Desktop/us_debt_etl_pipeline/debt_env/lib/python3.12/site-packages/airflow/example_dags/example_kubernetes_executor.py
[2024-06-18T17:37:08.461-0400] {logging_mixin.py:188} INFO - [2024-06-18T17:37:08.460-0400] {example_kubernetes_executor.py:39} WARNING - The example_kubernetes_executor example DAG requires the kubernetes provider. Please install it with: pip install apache-airflow[cncf.kubernetes]
[2024-06-18T17:37:08.461-0400] {processor.py:842} WARNING - No viable dags retrieved from /Users/jbshome/Desktop/us_debt_etl_pipeline/debt_env/lib/python3.12/site-packages/airflow/example_dags/example_kubernetes_executor.py
[2024-06-18T17:37:09.001-0400] {processor.py:183} INFO - Processing /Users/jbshome/Desktop/us_debt_etl_pipeline/debt_env/lib/python3.12/site-packages/airflow/example_dags/example_kubernetes_executor.py took 0.671 seconds
[2024-06-18T17:45:23.986-0400] {processor.py:161} INFO - Started process (PID=26947) to work on /Users/jbshome/Desktop/us_debt_etl_pipeline/debt_env/lib/python3.12/site-packages/airflow/example_dags/example_kubernetes_executor.py
[2024-06-18T17:45:23.988-0400] {processor.py:830} INFO - Processing file /Users/jbshome/Desktop/us_debt_etl_pipeline/debt_env/lib/python3.12/site-packages/airflow/example_dags/example_kubernetes_executor.py for tasks to queue
[2024-06-18T17:45:23.990-0400] {logging_mixin.py:188} INFO - [2024-06-18T17:45:23.989-0400] {dagbag.py:545} INFO - Filling up the DagBag from /Users/jbshome/Desktop/us_debt_etl_pipeline/debt_env/lib/python3.12/site-packages/airflow/example_dags/example_kubernetes_executor.py
[2024-06-18T17:45:24.059-0400] {logging_mixin.py:188} INFO - [2024-06-18T17:45:24.059-0400] {example_kubernetes_executor.py:39} WARNING - The example_kubernetes_executor example DAG requires the kubernetes provider. Please install it with: pip install apache-airflow[cncf.kubernetes]
[2024-06-18T17:45:24.060-0400] {processor.py:842} WARNING - No viable dags retrieved from /Users/jbshome/Desktop/us_debt_etl_pipeline/debt_env/lib/python3.12/site-packages/airflow/example_dags/example_kubernetes_executor.py
[2024-06-18T17:45:24.448-0400] {processor.py:183} INFO - Processing /Users/jbshome/Desktop/us_debt_etl_pipeline/debt_env/lib/python3.12/site-packages/airflow/example_dags/example_kubernetes_executor.py took 0.467 seconds
[2024-06-18T17:49:45.293-0400] {processor.py:161} INFO - Started process (PID=27798) to work on /Users/jbshome/Desktop/us_debt_etl_pipeline/debt_env/lib/python3.12/site-packages/airflow/example_dags/example_kubernetes_executor.py
[2024-06-18T17:49:45.295-0400] {processor.py:830} INFO - Processing file /Users/jbshome/Desktop/us_debt_etl_pipeline/debt_env/lib/python3.12/site-packages/airflow/example_dags/example_kubernetes_executor.py for tasks to queue
[2024-06-18T17:49:45.296-0400] {logging_mixin.py:188} INFO - [2024-06-18T17:49:45.296-0400] {dagbag.py:545} INFO - Filling up the DagBag from /Users/jbshome/Desktop/us_debt_etl_pipeline/debt_env/lib/python3.12/site-packages/airflow/example_dags/example_kubernetes_executor.py
[2024-06-18T17:49:45.371-0400] {logging_mixin.py:188} INFO - [2024-06-18T17:49:45.363-0400] {example_kubernetes_executor.py:39} WARNING - The example_kubernetes_executor example DAG requires the kubernetes provider. Please install it with: pip install apache-airflow[cncf.kubernetes]
[2024-06-18T17:49:45.372-0400] {processor.py:842} WARNING - No viable dags retrieved from /Users/jbshome/Desktop/us_debt_etl_pipeline/debt_env/lib/python3.12/site-packages/airflow/example_dags/example_kubernetes_executor.py
[2024-06-18T17:49:45.539-0400] {processor.py:183} INFO - Processing /Users/jbshome/Desktop/us_debt_etl_pipeline/debt_env/lib/python3.12/site-packages/airflow/example_dags/example_kubernetes_executor.py took 0.251 seconds
