[2024-06-18T16:30:08.475-0400] {processor.py:161} INFO - Started process (PID=19602) to work on /Users/jbshome/Desktop/us_debt_etl_pipeline/debt_env/lib/python3.12/site-packages/airflow/example_dags/example_trigger_target_dag.py
[2024-06-18T16:30:08.477-0400] {processor.py:830} INFO - Processing file /Users/jbshome/Desktop/us_debt_etl_pipeline/debt_env/lib/python3.12/site-packages/airflow/example_dags/example_trigger_target_dag.py for tasks to queue
[2024-06-18T16:30:08.478-0400] {logging_mixin.py:188} INFO - [2024-06-18T16:30:08.478-0400] {dagbag.py:545} INFO - Filling up the DagBag from /Users/jbshome/Desktop/us_debt_etl_pipeline/debt_env/lib/python3.12/site-packages/airflow/example_dags/example_trigger_target_dag.py
[2024-06-18T16:30:08.545-0400] {processor.py:840} INFO - DAG(s) 'example_trigger_target_dag' retrieved from /Users/jbshome/Desktop/us_debt_etl_pipeline/debt_env/lib/python3.12/site-packages/airflow/example_dags/example_trigger_target_dag.py
[2024-06-18T16:30:08.897-0400] {logging_mixin.py:188} INFO - [2024-06-18T16:30:08.896-0400] {override.py:1829} INFO - Created Permission View: can delete on DAG:example_trigger_target_dag
[2024-06-18T16:30:09.002-0400] {logging_mixin.py:188} INFO - [2024-06-18T16:30:09.001-0400] {override.py:1829} INFO - Created Permission View: can read on DAG:example_trigger_target_dag
[2024-06-18T16:30:09.017-0400] {logging_mixin.py:188} INFO - [2024-06-18T16:30:09.017-0400] {override.py:1829} INFO - Created Permission View: can edit on DAG:example_trigger_target_dag
[2024-06-18T16:30:09.018-0400] {logging_mixin.py:188} INFO - [2024-06-18T16:30:09.018-0400] {dag.py:3096} INFO - Sync 1 DAGs
[2024-06-18T16:30:09.035-0400] {logging_mixin.py:188} INFO - [2024-06-18T16:30:09.034-0400] {dag.py:3118} INFO - Creating ORM DAG for example_trigger_target_dag
[2024-06-18T16:30:09.037-0400] {logging_mixin.py:188} INFO - [2024-06-18T16:30:09.037-0400] {dag.py:3954} INFO - Setting next_dagrun for example_trigger_target_dag to None, run_after=None
[2024-06-18T16:30:09.075-0400] {processor.py:183} INFO - Processing /Users/jbshome/Desktop/us_debt_etl_pipeline/debt_env/lib/python3.12/site-packages/airflow/example_dags/example_trigger_target_dag.py took 0.605 seconds
[2024-06-18T16:34:04.647-0400] {processor.py:161} INFO - Started process (PID=20265) to work on /Users/jbshome/Desktop/us_debt_etl_pipeline/debt_env/lib/python3.12/site-packages/airflow/example_dags/example_trigger_target_dag.py
[2024-06-18T16:34:04.648-0400] {processor.py:830} INFO - Processing file /Users/jbshome/Desktop/us_debt_etl_pipeline/debt_env/lib/python3.12/site-packages/airflow/example_dags/example_trigger_target_dag.py for tasks to queue
[2024-06-18T16:34:04.650-0400] {logging_mixin.py:188} INFO - [2024-06-18T16:34:04.649-0400] {dagbag.py:545} INFO - Filling up the DagBag from /Users/jbshome/Desktop/us_debt_etl_pipeline/debt_env/lib/python3.12/site-packages/airflow/example_dags/example_trigger_target_dag.py
[2024-06-18T16:34:04.751-0400] {processor.py:840} INFO - DAG(s) 'example_trigger_target_dag' retrieved from /Users/jbshome/Desktop/us_debt_etl_pipeline/debt_env/lib/python3.12/site-packages/airflow/example_dags/example_trigger_target_dag.py
[2024-06-18T16:34:05.006-0400] {logging_mixin.py:188} INFO - [2024-06-18T16:34:05.006-0400] {dag.py:3096} INFO - Sync 1 DAGs
[2024-06-18T16:34:05.029-0400] {logging_mixin.py:188} INFO - [2024-06-18T16:34:05.028-0400] {dag.py:3954} INFO - Setting next_dagrun for example_trigger_target_dag to None, run_after=None
[2024-06-18T16:34:05.074-0400] {processor.py:183} INFO - Processing /Users/jbshome/Desktop/us_debt_etl_pipeline/debt_env/lib/python3.12/site-packages/airflow/example_dags/example_trigger_target_dag.py took 0.431 seconds
[2024-06-18T16:37:20.153-0400] {processor.py:161} INFO - Started process (PID=20441) to work on /Users/jbshome/Desktop/us_debt_etl_pipeline/debt_env/lib/python3.12/site-packages/airflow/example_dags/example_trigger_target_dag.py
[2024-06-18T16:37:20.155-0400] {processor.py:830} INFO - Processing file /Users/jbshome/Desktop/us_debt_etl_pipeline/debt_env/lib/python3.12/site-packages/airflow/example_dags/example_trigger_target_dag.py for tasks to queue
[2024-06-18T16:37:20.168-0400] {logging_mixin.py:188} INFO - [2024-06-18T16:37:20.159-0400] {dagbag.py:545} INFO - Filling up the DagBag from /Users/jbshome/Desktop/us_debt_etl_pipeline/debt_env/lib/python3.12/site-packages/airflow/example_dags/example_trigger_target_dag.py
[2024-06-18T16:37:20.270-0400] {processor.py:840} INFO - DAG(s) 'example_trigger_target_dag' retrieved from /Users/jbshome/Desktop/us_debt_etl_pipeline/debt_env/lib/python3.12/site-packages/airflow/example_dags/example_trigger_target_dag.py
[2024-06-18T16:37:20.552-0400] {logging_mixin.py:188} INFO - [2024-06-18T16:37:20.552-0400] {dag.py:3096} INFO - Sync 1 DAGs
[2024-06-18T16:37:20.597-0400] {logging_mixin.py:188} INFO - [2024-06-18T16:37:20.596-0400] {dag.py:3954} INFO - Setting next_dagrun for example_trigger_target_dag to None, run_after=None
[2024-06-18T16:37:20.687-0400] {processor.py:183} INFO - Processing /Users/jbshome/Desktop/us_debt_etl_pipeline/debt_env/lib/python3.12/site-packages/airflow/example_dags/example_trigger_target_dag.py took 0.549 seconds
[2024-06-18T16:40:27.343-0400] {processor.py:161} INFO - Started process (PID=20765) to work on /Users/jbshome/Desktop/us_debt_etl_pipeline/debt_env/lib/python3.12/site-packages/airflow/example_dags/example_trigger_target_dag.py
[2024-06-18T16:40:27.345-0400] {processor.py:830} INFO - Processing file /Users/jbshome/Desktop/us_debt_etl_pipeline/debt_env/lib/python3.12/site-packages/airflow/example_dags/example_trigger_target_dag.py for tasks to queue
[2024-06-18T16:40:27.346-0400] {logging_mixin.py:188} INFO - [2024-06-18T16:40:27.346-0400] {dagbag.py:545} INFO - Filling up the DagBag from /Users/jbshome/Desktop/us_debt_etl_pipeline/debt_env/lib/python3.12/site-packages/airflow/example_dags/example_trigger_target_dag.py
[2024-06-18T16:40:27.405-0400] {processor.py:840} INFO - DAG(s) 'example_trigger_target_dag' retrieved from /Users/jbshome/Desktop/us_debt_etl_pipeline/debt_env/lib/python3.12/site-packages/airflow/example_dags/example_trigger_target_dag.py
[2024-06-18T16:40:27.535-0400] {logging_mixin.py:188} INFO - [2024-06-18T16:40:27.535-0400] {dag.py:3096} INFO - Sync 1 DAGs
[2024-06-18T16:40:27.546-0400] {logging_mixin.py:188} INFO - [2024-06-18T16:40:27.546-0400] {dag.py:3954} INFO - Setting next_dagrun for example_trigger_target_dag to None, run_after=None
[2024-06-18T16:40:27.571-0400] {processor.py:183} INFO - Processing /Users/jbshome/Desktop/us_debt_etl_pipeline/debt_env/lib/python3.12/site-packages/airflow/example_dags/example_trigger_target_dag.py took 0.232 seconds
[2024-06-18T16:43:34.121-0400] {processor.py:161} INFO - Started process (PID=21390) to work on /Users/jbshome/Desktop/us_debt_etl_pipeline/debt_env/lib/python3.12/site-packages/airflow/example_dags/example_trigger_target_dag.py
[2024-06-18T16:43:34.124-0400] {processor.py:830} INFO - Processing file /Users/jbshome/Desktop/us_debt_etl_pipeline/debt_env/lib/python3.12/site-packages/airflow/example_dags/example_trigger_target_dag.py for tasks to queue
[2024-06-18T16:43:34.124-0400] {logging_mixin.py:188} INFO - [2024-06-18T16:43:34.124-0400] {dagbag.py:545} INFO - Filling up the DagBag from /Users/jbshome/Desktop/us_debt_etl_pipeline/debt_env/lib/python3.12/site-packages/airflow/example_dags/example_trigger_target_dag.py
[2024-06-18T16:43:34.173-0400] {processor.py:840} INFO - DAG(s) 'example_trigger_target_dag' retrieved from /Users/jbshome/Desktop/us_debt_etl_pipeline/debt_env/lib/python3.12/site-packages/airflow/example_dags/example_trigger_target_dag.py
[2024-06-18T16:43:34.298-0400] {logging_mixin.py:188} INFO - [2024-06-18T16:43:34.297-0400] {dag.py:3096} INFO - Sync 1 DAGs
[2024-06-18T16:43:34.312-0400] {logging_mixin.py:188} INFO - [2024-06-18T16:43:34.312-0400] {dag.py:3954} INFO - Setting next_dagrun for example_trigger_target_dag to None, run_after=None
[2024-06-18T16:43:34.340-0400] {processor.py:183} INFO - Processing /Users/jbshome/Desktop/us_debt_etl_pipeline/debt_env/lib/python3.12/site-packages/airflow/example_dags/example_trigger_target_dag.py took 0.223 seconds
[2024-06-18T16:46:27.437-0400] {processor.py:161} INFO - Started process (PID=21557) to work on /Users/jbshome/Desktop/us_debt_etl_pipeline/debt_env/lib/python3.12/site-packages/airflow/example_dags/example_trigger_target_dag.py
[2024-06-18T16:46:27.440-0400] {processor.py:830} INFO - Processing file /Users/jbshome/Desktop/us_debt_etl_pipeline/debt_env/lib/python3.12/site-packages/airflow/example_dags/example_trigger_target_dag.py for tasks to queue
[2024-06-18T16:46:27.441-0400] {logging_mixin.py:188} INFO - [2024-06-18T16:46:27.440-0400] {dagbag.py:545} INFO - Filling up the DagBag from /Users/jbshome/Desktop/us_debt_etl_pipeline/debt_env/lib/python3.12/site-packages/airflow/example_dags/example_trigger_target_dag.py
[2024-06-18T16:46:27.487-0400] {processor.py:840} INFO - DAG(s) 'example_trigger_target_dag' retrieved from /Users/jbshome/Desktop/us_debt_etl_pipeline/debt_env/lib/python3.12/site-packages/airflow/example_dags/example_trigger_target_dag.py
[2024-06-18T16:46:27.607-0400] {logging_mixin.py:188} INFO - [2024-06-18T16:46:27.607-0400] {dag.py:3096} INFO - Sync 1 DAGs
[2024-06-18T16:46:27.619-0400] {logging_mixin.py:188} INFO - [2024-06-18T16:46:27.619-0400] {dag.py:3954} INFO - Setting next_dagrun for example_trigger_target_dag to None, run_after=None
[2024-06-18T16:46:27.645-0400] {processor.py:183} INFO - Processing /Users/jbshome/Desktop/us_debt_etl_pipeline/debt_env/lib/python3.12/site-packages/airflow/example_dags/example_trigger_target_dag.py took 0.210 seconds
[2024-06-18T16:49:36.948-0400] {processor.py:161} INFO - Started process (PID=21730) to work on /Users/jbshome/Desktop/us_debt_etl_pipeline/debt_env/lib/python3.12/site-packages/airflow/example_dags/example_trigger_target_dag.py
[2024-06-18T16:49:36.951-0400] {processor.py:830} INFO - Processing file /Users/jbshome/Desktop/us_debt_etl_pipeline/debt_env/lib/python3.12/site-packages/airflow/example_dags/example_trigger_target_dag.py for tasks to queue
[2024-06-18T16:49:36.952-0400] {logging_mixin.py:188} INFO - [2024-06-18T16:49:36.952-0400] {dagbag.py:545} INFO - Filling up the DagBag from /Users/jbshome/Desktop/us_debt_etl_pipeline/debt_env/lib/python3.12/site-packages/airflow/example_dags/example_trigger_target_dag.py
[2024-06-18T16:49:37.002-0400] {processor.py:840} INFO - DAG(s) 'example_trigger_target_dag' retrieved from /Users/jbshome/Desktop/us_debt_etl_pipeline/debt_env/lib/python3.12/site-packages/airflow/example_dags/example_trigger_target_dag.py
[2024-06-18T16:49:37.143-0400] {logging_mixin.py:188} INFO - [2024-06-18T16:49:37.143-0400] {dag.py:3096} INFO - Sync 1 DAGs
[2024-06-18T16:49:37.156-0400] {logging_mixin.py:188} INFO - [2024-06-18T16:49:37.155-0400] {dag.py:3954} INFO - Setting next_dagrun for example_trigger_target_dag to None, run_after=None
[2024-06-18T16:49:37.191-0400] {processor.py:183} INFO - Processing /Users/jbshome/Desktop/us_debt_etl_pipeline/debt_env/lib/python3.12/site-packages/airflow/example_dags/example_trigger_target_dag.py took 0.246 seconds
[2024-06-18T16:52:45.913-0400] {processor.py:161} INFO - Started process (PID=21896) to work on /Users/jbshome/Desktop/us_debt_etl_pipeline/debt_env/lib/python3.12/site-packages/airflow/example_dags/example_trigger_target_dag.py
[2024-06-18T16:52:45.915-0400] {processor.py:830} INFO - Processing file /Users/jbshome/Desktop/us_debt_etl_pipeline/debt_env/lib/python3.12/site-packages/airflow/example_dags/example_trigger_target_dag.py for tasks to queue
[2024-06-18T16:52:45.915-0400] {logging_mixin.py:188} INFO - [2024-06-18T16:52:45.915-0400] {dagbag.py:545} INFO - Filling up the DagBag from /Users/jbshome/Desktop/us_debt_etl_pipeline/debt_env/lib/python3.12/site-packages/airflow/example_dags/example_trigger_target_dag.py
[2024-06-18T16:52:45.958-0400] {processor.py:840} INFO - DAG(s) 'example_trigger_target_dag' retrieved from /Users/jbshome/Desktop/us_debt_etl_pipeline/debt_env/lib/python3.12/site-packages/airflow/example_dags/example_trigger_target_dag.py
[2024-06-18T16:52:46.098-0400] {logging_mixin.py:188} INFO - [2024-06-18T16:52:46.098-0400] {dag.py:3096} INFO - Sync 1 DAGs
[2024-06-18T16:52:46.108-0400] {logging_mixin.py:188} INFO - [2024-06-18T16:52:46.108-0400] {dag.py:3954} INFO - Setting next_dagrun for example_trigger_target_dag to None, run_after=None
[2024-06-18T16:52:46.137-0400] {processor.py:183} INFO - Processing /Users/jbshome/Desktop/us_debt_etl_pipeline/debt_env/lib/python3.12/site-packages/airflow/example_dags/example_trigger_target_dag.py took 0.228 seconds
[2024-06-18T16:55:56.972-0400] {processor.py:161} INFO - Started process (PID=22045) to work on /Users/jbshome/Desktop/us_debt_etl_pipeline/debt_env/lib/python3.12/site-packages/airflow/example_dags/example_trigger_target_dag.py
[2024-06-18T16:55:56.974-0400] {processor.py:830} INFO - Processing file /Users/jbshome/Desktop/us_debt_etl_pipeline/debt_env/lib/python3.12/site-packages/airflow/example_dags/example_trigger_target_dag.py for tasks to queue
[2024-06-18T16:55:56.975-0400] {logging_mixin.py:188} INFO - [2024-06-18T16:55:56.975-0400] {dagbag.py:545} INFO - Filling up the DagBag from /Users/jbshome/Desktop/us_debt_etl_pipeline/debt_env/lib/python3.12/site-packages/airflow/example_dags/example_trigger_target_dag.py
[2024-06-18T16:55:57.021-0400] {processor.py:840} INFO - DAG(s) 'example_trigger_target_dag' retrieved from /Users/jbshome/Desktop/us_debt_etl_pipeline/debt_env/lib/python3.12/site-packages/airflow/example_dags/example_trigger_target_dag.py
[2024-06-18T16:55:57.145-0400] {logging_mixin.py:188} INFO - [2024-06-18T16:55:57.144-0400] {dag.py:3096} INFO - Sync 1 DAGs
[2024-06-18T16:55:57.156-0400] {logging_mixin.py:188} INFO - [2024-06-18T16:55:57.155-0400] {dag.py:3954} INFO - Setting next_dagrun for example_trigger_target_dag to None, run_after=None
[2024-06-18T16:55:57.183-0400] {processor.py:183} INFO - Processing /Users/jbshome/Desktop/us_debt_etl_pipeline/debt_env/lib/python3.12/site-packages/airflow/example_dags/example_trigger_target_dag.py took 0.214 seconds
[2024-06-18T16:59:05.327-0400] {processor.py:161} INFO - Started process (PID=22546) to work on /Users/jbshome/Desktop/us_debt_etl_pipeline/debt_env/lib/python3.12/site-packages/airflow/example_dags/example_trigger_target_dag.py
[2024-06-18T16:59:05.329-0400] {processor.py:830} INFO - Processing file /Users/jbshome/Desktop/us_debt_etl_pipeline/debt_env/lib/python3.12/site-packages/airflow/example_dags/example_trigger_target_dag.py for tasks to queue
[2024-06-18T16:59:05.329-0400] {logging_mixin.py:188} INFO - [2024-06-18T16:59:05.329-0400] {dagbag.py:545} INFO - Filling up the DagBag from /Users/jbshome/Desktop/us_debt_etl_pipeline/debt_env/lib/python3.12/site-packages/airflow/example_dags/example_trigger_target_dag.py
[2024-06-18T16:59:05.370-0400] {processor.py:840} INFO - DAG(s) 'example_trigger_target_dag' retrieved from /Users/jbshome/Desktop/us_debt_etl_pipeline/debt_env/lib/python3.12/site-packages/airflow/example_dags/example_trigger_target_dag.py
[2024-06-18T16:59:05.485-0400] {logging_mixin.py:188} INFO - [2024-06-18T16:59:05.485-0400] {dag.py:3096} INFO - Sync 1 DAGs
[2024-06-18T16:59:05.496-0400] {logging_mixin.py:188} INFO - [2024-06-18T16:59:05.496-0400] {dag.py:3954} INFO - Setting next_dagrun for example_trigger_target_dag to None, run_after=None
[2024-06-18T16:59:05.537-0400] {processor.py:183} INFO - Processing /Users/jbshome/Desktop/us_debt_etl_pipeline/debt_env/lib/python3.12/site-packages/airflow/example_dags/example_trigger_target_dag.py took 0.213 seconds
[2024-06-18T17:03:16.376-0400] {processor.py:161} INFO - Started process (PID=22796) to work on /Users/jbshome/Desktop/us_debt_etl_pipeline/debt_env/lib/python3.12/site-packages/airflow/example_dags/example_trigger_target_dag.py
[2024-06-18T17:03:16.379-0400] {processor.py:830} INFO - Processing file /Users/jbshome/Desktop/us_debt_etl_pipeline/debt_env/lib/python3.12/site-packages/airflow/example_dags/example_trigger_target_dag.py for tasks to queue
[2024-06-18T17:03:16.380-0400] {logging_mixin.py:188} INFO - [2024-06-18T17:03:16.380-0400] {dagbag.py:545} INFO - Filling up the DagBag from /Users/jbshome/Desktop/us_debt_etl_pipeline/debt_env/lib/python3.12/site-packages/airflow/example_dags/example_trigger_target_dag.py
[2024-06-18T17:03:17.049-0400] {processor.py:840} INFO - DAG(s) 'example_trigger_target_dag' retrieved from /Users/jbshome/Desktop/us_debt_etl_pipeline/debt_env/lib/python3.12/site-packages/airflow/example_dags/example_trigger_target_dag.py
[2024-06-18T17:03:17.409-0400] {logging_mixin.py:188} INFO - [2024-06-18T17:03:17.409-0400] {dag.py:3096} INFO - Sync 1 DAGs
[2024-06-18T17:03:17.443-0400] {logging_mixin.py:188} INFO - [2024-06-18T17:03:17.443-0400] {dag.py:3954} INFO - Setting next_dagrun for example_trigger_target_dag to None, run_after=None
[2024-06-18T17:03:17.488-0400] {processor.py:183} INFO - Processing /Users/jbshome/Desktop/us_debt_etl_pipeline/debt_env/lib/python3.12/site-packages/airflow/example_dags/example_trigger_target_dag.py took 1.117 seconds
[2024-06-18T17:06:38.982-0400] {processor.py:161} INFO - Started process (PID=23104) to work on /Users/jbshome/Desktop/us_debt_etl_pipeline/debt_env/lib/python3.12/site-packages/airflow/example_dags/example_trigger_target_dag.py
[2024-06-18T17:06:38.984-0400] {processor.py:830} INFO - Processing file /Users/jbshome/Desktop/us_debt_etl_pipeline/debt_env/lib/python3.12/site-packages/airflow/example_dags/example_trigger_target_dag.py for tasks to queue
[2024-06-18T17:06:38.986-0400] {logging_mixin.py:188} INFO - [2024-06-18T17:06:38.985-0400] {dagbag.py:545} INFO - Filling up the DagBag from /Users/jbshome/Desktop/us_debt_etl_pipeline/debt_env/lib/python3.12/site-packages/airflow/example_dags/example_trigger_target_dag.py
[2024-06-18T17:06:39.056-0400] {processor.py:840} INFO - DAG(s) 'example_trigger_target_dag' retrieved from /Users/jbshome/Desktop/us_debt_etl_pipeline/debt_env/lib/python3.12/site-packages/airflow/example_dags/example_trigger_target_dag.py
[2024-06-18T17:06:39.285-0400] {logging_mixin.py:188} INFO - [2024-06-18T17:06:39.284-0400] {dag.py:3096} INFO - Sync 1 DAGs
[2024-06-18T17:06:39.306-0400] {logging_mixin.py:188} INFO - [2024-06-18T17:06:39.306-0400] {dag.py:3954} INFO - Setting next_dagrun for example_trigger_target_dag to None, run_after=None
[2024-06-18T17:06:39.353-0400] {processor.py:183} INFO - Processing /Users/jbshome/Desktop/us_debt_etl_pipeline/debt_env/lib/python3.12/site-packages/airflow/example_dags/example_trigger_target_dag.py took 0.376 seconds
[2024-06-18T17:10:40.728-0400] {processor.py:161} INFO - Started process (PID=23832) to work on /Users/jbshome/Desktop/us_debt_etl_pipeline/debt_env/lib/python3.12/site-packages/airflow/example_dags/example_trigger_target_dag.py
[2024-06-18T17:10:40.730-0400] {processor.py:830} INFO - Processing file /Users/jbshome/Desktop/us_debt_etl_pipeline/debt_env/lib/python3.12/site-packages/airflow/example_dags/example_trigger_target_dag.py for tasks to queue
[2024-06-18T17:10:40.731-0400] {logging_mixin.py:188} INFO - [2024-06-18T17:10:40.731-0400] {dagbag.py:545} INFO - Filling up the DagBag from /Users/jbshome/Desktop/us_debt_etl_pipeline/debt_env/lib/python3.12/site-packages/airflow/example_dags/example_trigger_target_dag.py
[2024-06-18T17:10:40.817-0400] {processor.py:840} INFO - DAG(s) 'example_trigger_target_dag' retrieved from /Users/jbshome/Desktop/us_debt_etl_pipeline/debt_env/lib/python3.12/site-packages/airflow/example_dags/example_trigger_target_dag.py
[2024-06-18T17:10:41.083-0400] {logging_mixin.py:188} INFO - [2024-06-18T17:10:41.083-0400] {dag.py:3096} INFO - Sync 1 DAGs
[2024-06-18T17:10:41.116-0400] {logging_mixin.py:188} INFO - [2024-06-18T17:10:41.116-0400] {dag.py:3954} INFO - Setting next_dagrun for example_trigger_target_dag to None, run_after=None
[2024-06-18T17:10:41.188-0400] {processor.py:183} INFO - Processing /Users/jbshome/Desktop/us_debt_etl_pipeline/debt_env/lib/python3.12/site-packages/airflow/example_dags/example_trigger_target_dag.py took 0.467 seconds
[2024-06-18T17:15:52.691-0400] {processor.py:161} INFO - Started process (PID=24166) to work on /Users/jbshome/Desktop/us_debt_etl_pipeline/debt_env/lib/python3.12/site-packages/airflow/example_dags/example_trigger_target_dag.py
[2024-06-18T17:15:52.692-0400] {processor.py:830} INFO - Processing file /Users/jbshome/Desktop/us_debt_etl_pipeline/debt_env/lib/python3.12/site-packages/airflow/example_dags/example_trigger_target_dag.py for tasks to queue
[2024-06-18T17:15:52.694-0400] {logging_mixin.py:188} INFO - [2024-06-18T17:15:52.693-0400] {dagbag.py:545} INFO - Filling up the DagBag from /Users/jbshome/Desktop/us_debt_etl_pipeline/debt_env/lib/python3.12/site-packages/airflow/example_dags/example_trigger_target_dag.py
[2024-06-18T17:15:52.768-0400] {processor.py:840} INFO - DAG(s) 'example_trigger_target_dag' retrieved from /Users/jbshome/Desktop/us_debt_etl_pipeline/debt_env/lib/python3.12/site-packages/airflow/example_dags/example_trigger_target_dag.py
[2024-06-18T17:15:52.991-0400] {logging_mixin.py:188} INFO - [2024-06-18T17:15:52.991-0400] {dag.py:3096} INFO - Sync 1 DAGs
[2024-06-18T17:15:53.016-0400] {logging_mixin.py:188} INFO - [2024-06-18T17:15:53.015-0400] {dag.py:3954} INFO - Setting next_dagrun for example_trigger_target_dag to None, run_after=None
[2024-06-18T17:15:53.058-0400] {processor.py:183} INFO - Processing /Users/jbshome/Desktop/us_debt_etl_pipeline/debt_env/lib/python3.12/site-packages/airflow/example_dags/example_trigger_target_dag.py took 0.374 seconds
[2024-06-18T17:20:45.029-0400] {processor.py:161} INFO - Started process (PID=24504) to work on /Users/jbshome/Desktop/us_debt_etl_pipeline/debt_env/lib/python3.12/site-packages/airflow/example_dags/example_trigger_target_dag.py
[2024-06-18T17:20:45.031-0400] {processor.py:830} INFO - Processing file /Users/jbshome/Desktop/us_debt_etl_pipeline/debt_env/lib/python3.12/site-packages/airflow/example_dags/example_trigger_target_dag.py for tasks to queue
[2024-06-18T17:20:45.032-0400] {logging_mixin.py:188} INFO - [2024-06-18T17:20:45.032-0400] {dagbag.py:545} INFO - Filling up the DagBag from /Users/jbshome/Desktop/us_debt_etl_pipeline/debt_env/lib/python3.12/site-packages/airflow/example_dags/example_trigger_target_dag.py
[2024-06-18T17:20:45.068-0400] {processor.py:840} INFO - DAG(s) 'example_trigger_target_dag' retrieved from /Users/jbshome/Desktop/us_debt_etl_pipeline/debt_env/lib/python3.12/site-packages/airflow/example_dags/example_trigger_target_dag.py
[2024-06-18T17:20:45.181-0400] {logging_mixin.py:188} INFO - [2024-06-18T17:20:45.181-0400] {dag.py:3096} INFO - Sync 1 DAGs
[2024-06-18T17:20:45.192-0400] {logging_mixin.py:188} INFO - [2024-06-18T17:20:45.192-0400] {dag.py:3954} INFO - Setting next_dagrun for example_trigger_target_dag to None, run_after=None
[2024-06-18T17:20:45.217-0400] {processor.py:183} INFO - Processing /Users/jbshome/Desktop/us_debt_etl_pipeline/debt_env/lib/python3.12/site-packages/airflow/example_dags/example_trigger_target_dag.py took 0.191 seconds
[2024-06-18T17:25:00.611-0400] {processor.py:161} INFO - Started process (PID=24801) to work on /Users/jbshome/Desktop/us_debt_etl_pipeline/debt_env/lib/python3.12/site-packages/airflow/example_dags/example_trigger_target_dag.py
[2024-06-18T17:25:00.613-0400] {processor.py:830} INFO - Processing file /Users/jbshome/Desktop/us_debt_etl_pipeline/debt_env/lib/python3.12/site-packages/airflow/example_dags/example_trigger_target_dag.py for tasks to queue
[2024-06-18T17:25:00.614-0400] {logging_mixin.py:188} INFO - [2024-06-18T17:25:00.614-0400] {dagbag.py:545} INFO - Filling up the DagBag from /Users/jbshome/Desktop/us_debt_etl_pipeline/debt_env/lib/python3.12/site-packages/airflow/example_dags/example_trigger_target_dag.py
[2024-06-18T17:25:00.672-0400] {processor.py:840} INFO - DAG(s) 'example_trigger_target_dag' retrieved from /Users/jbshome/Desktop/us_debt_etl_pipeline/debt_env/lib/python3.12/site-packages/airflow/example_dags/example_trigger_target_dag.py
[2024-06-18T17:25:00.842-0400] {logging_mixin.py:188} INFO - [2024-06-18T17:25:00.841-0400] {dag.py:3096} INFO - Sync 1 DAGs
[2024-06-18T17:25:00.861-0400] {logging_mixin.py:188} INFO - [2024-06-18T17:25:00.860-0400] {dag.py:3954} INFO - Setting next_dagrun for example_trigger_target_dag to None, run_after=None
[2024-06-18T17:25:00.893-0400] {processor.py:183} INFO - Processing /Users/jbshome/Desktop/us_debt_etl_pipeline/debt_env/lib/python3.12/site-packages/airflow/example_dags/example_trigger_target_dag.py took 0.285 seconds
[2024-06-18T17:29:35.208-0400] {processor.py:161} INFO - Started process (PID=25115) to work on /Users/jbshome/Desktop/us_debt_etl_pipeline/debt_env/lib/python3.12/site-packages/airflow/example_dags/example_trigger_target_dag.py
[2024-06-18T17:29:35.209-0400] {processor.py:830} INFO - Processing file /Users/jbshome/Desktop/us_debt_etl_pipeline/debt_env/lib/python3.12/site-packages/airflow/example_dags/example_trigger_target_dag.py for tasks to queue
[2024-06-18T17:29:35.211-0400] {logging_mixin.py:188} INFO - [2024-06-18T17:29:35.210-0400] {dagbag.py:545} INFO - Filling up the DagBag from /Users/jbshome/Desktop/us_debt_etl_pipeline/debt_env/lib/python3.12/site-packages/airflow/example_dags/example_trigger_target_dag.py
[2024-06-18T17:29:35.276-0400] {processor.py:840} INFO - DAG(s) 'example_trigger_target_dag' retrieved from /Users/jbshome/Desktop/us_debt_etl_pipeline/debt_env/lib/python3.12/site-packages/airflow/example_dags/example_trigger_target_dag.py
[2024-06-18T17:29:35.495-0400] {logging_mixin.py:188} INFO - [2024-06-18T17:29:35.494-0400] {dag.py:3096} INFO - Sync 1 DAGs
[2024-06-18T17:29:35.514-0400] {logging_mixin.py:188} INFO - [2024-06-18T17:29:35.513-0400] {dag.py:3954} INFO - Setting next_dagrun for example_trigger_target_dag to None, run_after=None
[2024-06-18T17:29:35.549-0400] {processor.py:183} INFO - Processing /Users/jbshome/Desktop/us_debt_etl_pipeline/debt_env/lib/python3.12/site-packages/airflow/example_dags/example_trigger_target_dag.py took 0.346 seconds
[2024-06-18T17:34:21.422-0400] {processor.py:161} INFO - Started process (PID=25432) to work on /Users/jbshome/Desktop/us_debt_etl_pipeline/debt_env/lib/python3.12/site-packages/airflow/example_dags/example_trigger_target_dag.py
[2024-06-18T17:34:21.438-0400] {processor.py:830} INFO - Processing file /Users/jbshome/Desktop/us_debt_etl_pipeline/debt_env/lib/python3.12/site-packages/airflow/example_dags/example_trigger_target_dag.py for tasks to queue
[2024-06-18T17:34:21.439-0400] {logging_mixin.py:188} INFO - [2024-06-18T17:34:21.439-0400] {dagbag.py:545} INFO - Filling up the DagBag from /Users/jbshome/Desktop/us_debt_etl_pipeline/debt_env/lib/python3.12/site-packages/airflow/example_dags/example_trigger_target_dag.py
[2024-06-18T17:34:21.576-0400] {processor.py:840} INFO - DAG(s) 'example_trigger_target_dag' retrieved from /Users/jbshome/Desktop/us_debt_etl_pipeline/debt_env/lib/python3.12/site-packages/airflow/example_dags/example_trigger_target_dag.py
[2024-06-18T17:34:21.885-0400] {logging_mixin.py:188} INFO - [2024-06-18T17:34:21.879-0400] {dag.py:3096} INFO - Sync 1 DAGs
[2024-06-18T17:34:21.913-0400] {logging_mixin.py:188} INFO - [2024-06-18T17:34:21.913-0400] {dag.py:3954} INFO - Setting next_dagrun for example_trigger_target_dag to None, run_after=None
[2024-06-18T17:34:21.990-0400] {processor.py:183} INFO - Processing /Users/jbshome/Desktop/us_debt_etl_pipeline/debt_env/lib/python3.12/site-packages/airflow/example_dags/example_trigger_target_dag.py took 0.586 seconds
[2024-06-18T17:41:56.746-0400] {processor.py:161} INFO - Started process (PID=26471) to work on /Users/jbshome/Desktop/us_debt_etl_pipeline/debt_env/lib/python3.12/site-packages/airflow/example_dags/example_trigger_target_dag.py
[2024-06-18T17:41:56.748-0400] {processor.py:830} INFO - Processing file /Users/jbshome/Desktop/us_debt_etl_pipeline/debt_env/lib/python3.12/site-packages/airflow/example_dags/example_trigger_target_dag.py for tasks to queue
[2024-06-18T17:41:56.750-0400] {logging_mixin.py:188} INFO - [2024-06-18T17:41:56.749-0400] {dagbag.py:545} INFO - Filling up the DagBag from /Users/jbshome/Desktop/us_debt_etl_pipeline/debt_env/lib/python3.12/site-packages/airflow/example_dags/example_trigger_target_dag.py
[2024-06-18T17:41:57.051-0400] {processor.py:840} INFO - DAG(s) 'example_trigger_target_dag' retrieved from /Users/jbshome/Desktop/us_debt_etl_pipeline/debt_env/lib/python3.12/site-packages/airflow/example_dags/example_trigger_target_dag.py
[2024-06-18T17:41:57.609-0400] {logging_mixin.py:188} INFO - [2024-06-18T17:41:57.609-0400] {dag.py:3096} INFO - Sync 1 DAGs
[2024-06-18T17:41:57.643-0400] {logging_mixin.py:188} INFO - [2024-06-18T17:41:57.643-0400] {dag.py:3954} INFO - Setting next_dagrun for example_trigger_target_dag to None, run_after=None
[2024-06-18T17:41:57.730-0400] {processor.py:183} INFO - Processing /Users/jbshome/Desktop/us_debt_etl_pipeline/debt_env/lib/python3.12/site-packages/airflow/example_dags/example_trigger_target_dag.py took 0.990 seconds
[2024-06-18T17:47:33.810-0400] {processor.py:161} INFO - Started process (PID=27556) to work on /Users/jbshome/Desktop/us_debt_etl_pipeline/debt_env/lib/python3.12/site-packages/airflow/example_dags/example_trigger_target_dag.py
[2024-06-18T17:47:33.811-0400] {processor.py:830} INFO - Processing file /Users/jbshome/Desktop/us_debt_etl_pipeline/debt_env/lib/python3.12/site-packages/airflow/example_dags/example_trigger_target_dag.py for tasks to queue
[2024-06-18T17:47:33.812-0400] {logging_mixin.py:188} INFO - [2024-06-18T17:47:33.812-0400] {dagbag.py:545} INFO - Filling up the DagBag from /Users/jbshome/Desktop/us_debt_etl_pipeline/debt_env/lib/python3.12/site-packages/airflow/example_dags/example_trigger_target_dag.py
[2024-06-18T17:47:33.852-0400] {processor.py:840} INFO - DAG(s) 'example_trigger_target_dag' retrieved from /Users/jbshome/Desktop/us_debt_etl_pipeline/debt_env/lib/python3.12/site-packages/airflow/example_dags/example_trigger_target_dag.py
[2024-06-18T17:47:33.963-0400] {logging_mixin.py:188} INFO - [2024-06-18T17:47:33.963-0400] {dag.py:3096} INFO - Sync 1 DAGs
[2024-06-18T17:47:33.975-0400] {logging_mixin.py:188} INFO - [2024-06-18T17:47:33.974-0400] {dag.py:3954} INFO - Setting next_dagrun for example_trigger_target_dag to None, run_after=None
[2024-06-18T17:47:33.995-0400] {processor.py:183} INFO - Processing /Users/jbshome/Desktop/us_debt_etl_pipeline/debt_env/lib/python3.12/site-packages/airflow/example_dags/example_trigger_target_dag.py took 0.188 seconds
