[2024-06-18T16:31:37.828-0400] {processor.py:161} INFO - Started process (PID=20133) to work on /Users/jbshome/Desktop/us_debt_etl_pipeline/debt_env/lib/python3.12/site-packages/airflow/example_dags/example_nested_branch_dag.py
[2024-06-18T16:31:37.829-0400] {processor.py:830} INFO - Processing file /Users/jbshome/Desktop/us_debt_etl_pipeline/debt_env/lib/python3.12/site-packages/airflow/example_dags/example_nested_branch_dag.py for tasks to queue
[2024-06-18T16:31:37.830-0400] {logging_mixin.py:188} INFO - [2024-06-18T16:31:37.830-0400] {dagbag.py:545} INFO - Filling up the DagBag from /Users/jbshome/Desktop/us_debt_etl_pipeline/debt_env/lib/python3.12/site-packages/airflow/example_dags/example_nested_branch_dag.py
[2024-06-18T16:31:37.894-0400] {processor.py:840} INFO - DAG(s) 'example_nested_branch_dag' retrieved from /Users/jbshome/Desktop/us_debt_etl_pipeline/debt_env/lib/python3.12/site-packages/airflow/example_dags/example_nested_branch_dag.py
[2024-06-18T16:31:38.286-0400] {logging_mixin.py:188} INFO - [2024-06-18T16:31:38.285-0400] {override.py:1829} INFO - Created Permission View: can read on DAG:example_nested_branch_dag
[2024-06-18T16:31:38.416-0400] {logging_mixin.py:188} INFO - [2024-06-18T16:31:38.415-0400] {override.py:1829} INFO - Created Permission View: can delete on DAG:example_nested_branch_dag
[2024-06-18T16:31:38.425-0400] {logging_mixin.py:188} INFO - [2024-06-18T16:31:38.425-0400] {override.py:1829} INFO - Created Permission View: can edit on DAG:example_nested_branch_dag
[2024-06-18T16:31:38.426-0400] {logging_mixin.py:188} INFO - [2024-06-18T16:31:38.425-0400] {dag.py:3096} INFO - Sync 1 DAGs
[2024-06-18T16:31:38.450-0400] {logging_mixin.py:188} INFO - [2024-06-18T16:31:38.450-0400] {dag.py:3118} INFO - Creating ORM DAG for example_nested_branch_dag
[2024-06-18T16:31:38.467-0400] {logging_mixin.py:188} INFO - [2024-06-18T16:31:38.466-0400] {dag.py:3954} INFO - Setting next_dagrun for example_nested_branch_dag to 2024-06-17 00:00:00+00:00, run_after=2024-06-18 00:00:00+00:00
[2024-06-18T16:31:38.494-0400] {processor.py:183} INFO - Processing /Users/jbshome/Desktop/us_debt_etl_pipeline/debt_env/lib/python3.12/site-packages/airflow/example_dags/example_nested_branch_dag.py took 0.671 seconds
[2024-06-18T16:35:19.104-0400] {processor.py:161} INFO - Started process (PID=20327) to work on /Users/jbshome/Desktop/us_debt_etl_pipeline/debt_env/lib/python3.12/site-packages/airflow/example_dags/example_nested_branch_dag.py
[2024-06-18T16:35:19.106-0400] {processor.py:830} INFO - Processing file /Users/jbshome/Desktop/us_debt_etl_pipeline/debt_env/lib/python3.12/site-packages/airflow/example_dags/example_nested_branch_dag.py for tasks to queue
[2024-06-18T16:35:19.106-0400] {logging_mixin.py:188} INFO - [2024-06-18T16:35:19.106-0400] {dagbag.py:545} INFO - Filling up the DagBag from /Users/jbshome/Desktop/us_debt_etl_pipeline/debt_env/lib/python3.12/site-packages/airflow/example_dags/example_nested_branch_dag.py
[2024-06-18T16:35:19.174-0400] {processor.py:840} INFO - DAG(s) 'example_nested_branch_dag' retrieved from /Users/jbshome/Desktop/us_debt_etl_pipeline/debt_env/lib/python3.12/site-packages/airflow/example_dags/example_nested_branch_dag.py
[2024-06-18T16:35:19.316-0400] {logging_mixin.py:188} INFO - [2024-06-18T16:35:19.316-0400] {dag.py:3096} INFO - Sync 1 DAGs
[2024-06-18T16:35:19.341-0400] {logging_mixin.py:188} INFO - [2024-06-18T16:35:19.341-0400] {dag.py:3954} INFO - Setting next_dagrun for example_nested_branch_dag to 2024-06-17 00:00:00+00:00, run_after=2024-06-18 00:00:00+00:00
[2024-06-18T16:35:19.366-0400] {processor.py:183} INFO - Processing /Users/jbshome/Desktop/us_debt_etl_pipeline/debt_env/lib/python3.12/site-packages/airflow/example_dags/example_nested_branch_dag.py took 0.265 seconds
[2024-06-18T16:38:42.315-0400] {processor.py:161} INFO - Started process (PID=20506) to work on /Users/jbshome/Desktop/us_debt_etl_pipeline/debt_env/lib/python3.12/site-packages/airflow/example_dags/example_nested_branch_dag.py
[2024-06-18T16:38:42.317-0400] {processor.py:830} INFO - Processing file /Users/jbshome/Desktop/us_debt_etl_pipeline/debt_env/lib/python3.12/site-packages/airflow/example_dags/example_nested_branch_dag.py for tasks to queue
[2024-06-18T16:38:42.318-0400] {logging_mixin.py:188} INFO - [2024-06-18T16:38:42.317-0400] {dagbag.py:545} INFO - Filling up the DagBag from /Users/jbshome/Desktop/us_debt_etl_pipeline/debt_env/lib/python3.12/site-packages/airflow/example_dags/example_nested_branch_dag.py
[2024-06-18T16:38:42.373-0400] {processor.py:840} INFO - DAG(s) 'example_nested_branch_dag' retrieved from /Users/jbshome/Desktop/us_debt_etl_pipeline/debt_env/lib/python3.12/site-packages/airflow/example_dags/example_nested_branch_dag.py
[2024-06-18T16:38:42.538-0400] {logging_mixin.py:188} INFO - [2024-06-18T16:38:42.537-0400] {dag.py:3096} INFO - Sync 1 DAGs
[2024-06-18T16:38:42.561-0400] {logging_mixin.py:188} INFO - [2024-06-18T16:38:42.561-0400] {dag.py:3954} INFO - Setting next_dagrun for example_nested_branch_dag to 2024-06-17 00:00:00+00:00, run_after=2024-06-18 00:00:00+00:00
[2024-06-18T16:38:42.599-0400] {processor.py:183} INFO - Processing /Users/jbshome/Desktop/us_debt_etl_pipeline/debt_env/lib/python3.12/site-packages/airflow/example_dags/example_nested_branch_dag.py took 0.288 seconds
[2024-06-18T16:41:44.713-0400] {processor.py:161} INFO - Started process (PID=20835) to work on /Users/jbshome/Desktop/us_debt_etl_pipeline/debt_env/lib/python3.12/site-packages/airflow/example_dags/example_nested_branch_dag.py
[2024-06-18T16:41:44.715-0400] {processor.py:830} INFO - Processing file /Users/jbshome/Desktop/us_debt_etl_pipeline/debt_env/lib/python3.12/site-packages/airflow/example_dags/example_nested_branch_dag.py for tasks to queue
[2024-06-18T16:41:44.716-0400] {logging_mixin.py:188} INFO - [2024-06-18T16:41:44.715-0400] {dagbag.py:545} INFO - Filling up the DagBag from /Users/jbshome/Desktop/us_debt_etl_pipeline/debt_env/lib/python3.12/site-packages/airflow/example_dags/example_nested_branch_dag.py
[2024-06-18T16:41:44.771-0400] {processor.py:840} INFO - DAG(s) 'example_nested_branch_dag' retrieved from /Users/jbshome/Desktop/us_debt_etl_pipeline/debt_env/lib/python3.12/site-packages/airflow/example_dags/example_nested_branch_dag.py
[2024-06-18T16:41:44.881-0400] {logging_mixin.py:188} INFO - [2024-06-18T16:41:44.881-0400] {dag.py:3096} INFO - Sync 1 DAGs
[2024-06-18T16:41:44.902-0400] {logging_mixin.py:188} INFO - [2024-06-18T16:41:44.902-0400] {dag.py:3954} INFO - Setting next_dagrun for example_nested_branch_dag to 2024-06-17 00:00:00+00:00, run_after=2024-06-18 00:00:00+00:00
[2024-06-18T16:41:44.930-0400] {processor.py:183} INFO - Processing /Users/jbshome/Desktop/us_debt_etl_pipeline/debt_env/lib/python3.12/site-packages/airflow/example_dags/example_nested_branch_dag.py took 0.220 seconds
[2024-06-18T16:44:45.899-0400] {processor.py:161} INFO - Started process (PID=21456) to work on /Users/jbshome/Desktop/us_debt_etl_pipeline/debt_env/lib/python3.12/site-packages/airflow/example_dags/example_nested_branch_dag.py
[2024-06-18T16:44:45.902-0400] {processor.py:830} INFO - Processing file /Users/jbshome/Desktop/us_debt_etl_pipeline/debt_env/lib/python3.12/site-packages/airflow/example_dags/example_nested_branch_dag.py for tasks to queue
[2024-06-18T16:44:45.902-0400] {logging_mixin.py:188} INFO - [2024-06-18T16:44:45.902-0400] {dagbag.py:545} INFO - Filling up the DagBag from /Users/jbshome/Desktop/us_debt_etl_pipeline/debt_env/lib/python3.12/site-packages/airflow/example_dags/example_nested_branch_dag.py
[2024-06-18T16:44:45.957-0400] {processor.py:840} INFO - DAG(s) 'example_nested_branch_dag' retrieved from /Users/jbshome/Desktop/us_debt_etl_pipeline/debt_env/lib/python3.12/site-packages/airflow/example_dags/example_nested_branch_dag.py
[2024-06-18T16:44:46.116-0400] {logging_mixin.py:188} INFO - [2024-06-18T16:44:46.116-0400] {dag.py:3096} INFO - Sync 1 DAGs
[2024-06-18T16:44:46.137-0400] {logging_mixin.py:188} INFO - [2024-06-18T16:44:46.137-0400] {dag.py:3954} INFO - Setting next_dagrun for example_nested_branch_dag to 2024-06-17 00:00:00+00:00, run_after=2024-06-18 00:00:00+00:00
[2024-06-18T16:44:46.158-0400] {processor.py:183} INFO - Processing /Users/jbshome/Desktop/us_debt_etl_pipeline/debt_env/lib/python3.12/site-packages/airflow/example_dags/example_nested_branch_dag.py took 0.264 seconds
[2024-06-18T16:47:45.924-0400] {processor.py:161} INFO - Started process (PID=21623) to work on /Users/jbshome/Desktop/us_debt_etl_pipeline/debt_env/lib/python3.12/site-packages/airflow/example_dags/example_nested_branch_dag.py
[2024-06-18T16:47:45.926-0400] {processor.py:830} INFO - Processing file /Users/jbshome/Desktop/us_debt_etl_pipeline/debt_env/lib/python3.12/site-packages/airflow/example_dags/example_nested_branch_dag.py for tasks to queue
[2024-06-18T16:47:45.927-0400] {logging_mixin.py:188} INFO - [2024-06-18T16:47:45.927-0400] {dagbag.py:545} INFO - Filling up the DagBag from /Users/jbshome/Desktop/us_debt_etl_pipeline/debt_env/lib/python3.12/site-packages/airflow/example_dags/example_nested_branch_dag.py
[2024-06-18T16:47:45.974-0400] {processor.py:840} INFO - DAG(s) 'example_nested_branch_dag' retrieved from /Users/jbshome/Desktop/us_debt_etl_pipeline/debt_env/lib/python3.12/site-packages/airflow/example_dags/example_nested_branch_dag.py
[2024-06-18T16:47:46.110-0400] {logging_mixin.py:188} INFO - [2024-06-18T16:47:46.110-0400] {dag.py:3096} INFO - Sync 1 DAGs
[2024-06-18T16:47:46.136-0400] {logging_mixin.py:188} INFO - [2024-06-18T16:47:46.135-0400] {dag.py:3954} INFO - Setting next_dagrun for example_nested_branch_dag to 2024-06-17 00:00:00+00:00, run_after=2024-06-18 00:00:00+00:00
[2024-06-18T16:47:46.162-0400] {processor.py:183} INFO - Processing /Users/jbshome/Desktop/us_debt_etl_pipeline/debt_env/lib/python3.12/site-packages/airflow/example_dags/example_nested_branch_dag.py took 0.241 seconds
[2024-06-18T16:50:56.153-0400] {processor.py:161} INFO - Started process (PID=21804) to work on /Users/jbshome/Desktop/us_debt_etl_pipeline/debt_env/lib/python3.12/site-packages/airflow/example_dags/example_nested_branch_dag.py
[2024-06-18T16:50:56.155-0400] {processor.py:830} INFO - Processing file /Users/jbshome/Desktop/us_debt_etl_pipeline/debt_env/lib/python3.12/site-packages/airflow/example_dags/example_nested_branch_dag.py for tasks to queue
[2024-06-18T16:50:56.156-0400] {logging_mixin.py:188} INFO - [2024-06-18T16:50:56.156-0400] {dagbag.py:545} INFO - Filling up the DagBag from /Users/jbshome/Desktop/us_debt_etl_pipeline/debt_env/lib/python3.12/site-packages/airflow/example_dags/example_nested_branch_dag.py
[2024-06-18T16:50:56.205-0400] {processor.py:840} INFO - DAG(s) 'example_nested_branch_dag' retrieved from /Users/jbshome/Desktop/us_debt_etl_pipeline/debt_env/lib/python3.12/site-packages/airflow/example_dags/example_nested_branch_dag.py
[2024-06-18T16:50:56.332-0400] {logging_mixin.py:188} INFO - [2024-06-18T16:50:56.331-0400] {dag.py:3096} INFO - Sync 1 DAGs
[2024-06-18T16:50:56.354-0400] {logging_mixin.py:188} INFO - [2024-06-18T16:50:56.354-0400] {dag.py:3954} INFO - Setting next_dagrun for example_nested_branch_dag to 2024-06-17 00:00:00+00:00, run_after=2024-06-18 00:00:00+00:00
[2024-06-18T16:50:56.382-0400] {processor.py:183} INFO - Processing /Users/jbshome/Desktop/us_debt_etl_pipeline/debt_env/lib/python3.12/site-packages/airflow/example_dags/example_nested_branch_dag.py took 0.232 seconds
[2024-06-18T16:54:00.301-0400] {processor.py:161} INFO - Started process (PID=21956) to work on /Users/jbshome/Desktop/us_debt_etl_pipeline/debt_env/lib/python3.12/site-packages/airflow/example_dags/example_nested_branch_dag.py
[2024-06-18T16:54:00.303-0400] {processor.py:830} INFO - Processing file /Users/jbshome/Desktop/us_debt_etl_pipeline/debt_env/lib/python3.12/site-packages/airflow/example_dags/example_nested_branch_dag.py for tasks to queue
[2024-06-18T16:54:00.304-0400] {logging_mixin.py:188} INFO - [2024-06-18T16:54:00.303-0400] {dagbag.py:545} INFO - Filling up the DagBag from /Users/jbshome/Desktop/us_debt_etl_pipeline/debt_env/lib/python3.12/site-packages/airflow/example_dags/example_nested_branch_dag.py
[2024-06-18T16:54:00.355-0400] {processor.py:840} INFO - DAG(s) 'example_nested_branch_dag' retrieved from /Users/jbshome/Desktop/us_debt_etl_pipeline/debt_env/lib/python3.12/site-packages/airflow/example_dags/example_nested_branch_dag.py
[2024-06-18T16:54:00.475-0400] {logging_mixin.py:188} INFO - [2024-06-18T16:54:00.474-0400] {dag.py:3096} INFO - Sync 1 DAGs
[2024-06-18T16:54:00.497-0400] {logging_mixin.py:188} INFO - [2024-06-18T16:54:00.497-0400] {dag.py:3954} INFO - Setting next_dagrun for example_nested_branch_dag to 2024-06-17 00:00:00+00:00, run_after=2024-06-18 00:00:00+00:00
[2024-06-18T16:54:00.521-0400] {processor.py:183} INFO - Processing /Users/jbshome/Desktop/us_debt_etl_pipeline/debt_env/lib/python3.12/site-packages/airflow/example_dags/example_nested_branch_dag.py took 0.223 seconds
[2024-06-18T16:57:09.058-0400] {processor.py:161} INFO - Started process (PID=22423) to work on /Users/jbshome/Desktop/us_debt_etl_pipeline/debt_env/lib/python3.12/site-packages/airflow/example_dags/example_nested_branch_dag.py
[2024-06-18T16:57:09.060-0400] {processor.py:830} INFO - Processing file /Users/jbshome/Desktop/us_debt_etl_pipeline/debt_env/lib/python3.12/site-packages/airflow/example_dags/example_nested_branch_dag.py for tasks to queue
[2024-06-18T16:57:09.062-0400] {logging_mixin.py:188} INFO - [2024-06-18T16:57:09.062-0400] {dagbag.py:545} INFO - Filling up the DagBag from /Users/jbshome/Desktop/us_debt_etl_pipeline/debt_env/lib/python3.12/site-packages/airflow/example_dags/example_nested_branch_dag.py
[2024-06-18T16:57:09.120-0400] {processor.py:840} INFO - DAG(s) 'example_nested_branch_dag' retrieved from /Users/jbshome/Desktop/us_debt_etl_pipeline/debt_env/lib/python3.12/site-packages/airflow/example_dags/example_nested_branch_dag.py
[2024-06-18T16:57:09.250-0400] {logging_mixin.py:188} INFO - [2024-06-18T16:57:09.249-0400] {dag.py:3096} INFO - Sync 1 DAGs
[2024-06-18T16:57:09.275-0400] {logging_mixin.py:188} INFO - [2024-06-18T16:57:09.275-0400] {dag.py:3954} INFO - Setting next_dagrun for example_nested_branch_dag to 2024-06-17 00:00:00+00:00, run_after=2024-06-18 00:00:00+00:00
[2024-06-18T16:57:09.301-0400] {processor.py:183} INFO - Processing /Users/jbshome/Desktop/us_debt_etl_pipeline/debt_env/lib/python3.12/site-packages/airflow/example_dags/example_nested_branch_dag.py took 0.246 seconds
[2024-06-18T17:00:35.382-0400] {processor.py:161} INFO - Started process (PID=22630) to work on /Users/jbshome/Desktop/us_debt_etl_pipeline/debt_env/lib/python3.12/site-packages/airflow/example_dags/example_nested_branch_dag.py
[2024-06-18T17:00:35.385-0400] {processor.py:830} INFO - Processing file /Users/jbshome/Desktop/us_debt_etl_pipeline/debt_env/lib/python3.12/site-packages/airflow/example_dags/example_nested_branch_dag.py for tasks to queue
[2024-06-18T17:00:35.386-0400] {logging_mixin.py:188} INFO - [2024-06-18T17:00:35.386-0400] {dagbag.py:545} INFO - Filling up the DagBag from /Users/jbshome/Desktop/us_debt_etl_pipeline/debt_env/lib/python3.12/site-packages/airflow/example_dags/example_nested_branch_dag.py
[2024-06-18T17:00:35.462-0400] {processor.py:840} INFO - DAG(s) 'example_nested_branch_dag' retrieved from /Users/jbshome/Desktop/us_debt_etl_pipeline/debt_env/lib/python3.12/site-packages/airflow/example_dags/example_nested_branch_dag.py
[2024-06-18T17:00:35.634-0400] {logging_mixin.py:188} INFO - [2024-06-18T17:00:35.634-0400] {dag.py:3096} INFO - Sync 1 DAGs
[2024-06-18T17:00:35.662-0400] {logging_mixin.py:188} INFO - [2024-06-18T17:00:35.662-0400] {dag.py:3954} INFO - Setting next_dagrun for example_nested_branch_dag to 2024-06-17 00:00:00+00:00, run_after=2024-06-18 00:00:00+00:00
[2024-06-18T17:00:35.696-0400] {processor.py:183} INFO - Processing /Users/jbshome/Desktop/us_debt_etl_pipeline/debt_env/lib/python3.12/site-packages/airflow/example_dags/example_nested_branch_dag.py took 0.317 seconds
[2024-06-18T17:04:32.301-0400] {processor.py:161} INFO - Started process (PID=22877) to work on /Users/jbshome/Desktop/us_debt_etl_pipeline/debt_env/lib/python3.12/site-packages/airflow/example_dags/example_nested_branch_dag.py
[2024-06-18T17:04:32.304-0400] {processor.py:830} INFO - Processing file /Users/jbshome/Desktop/us_debt_etl_pipeline/debt_env/lib/python3.12/site-packages/airflow/example_dags/example_nested_branch_dag.py for tasks to queue
[2024-06-18T17:04:32.305-0400] {logging_mixin.py:188} INFO - [2024-06-18T17:04:32.304-0400] {dagbag.py:545} INFO - Filling up the DagBag from /Users/jbshome/Desktop/us_debt_etl_pipeline/debt_env/lib/python3.12/site-packages/airflow/example_dags/example_nested_branch_dag.py
[2024-06-18T17:04:32.363-0400] {processor.py:840} INFO - DAG(s) 'example_nested_branch_dag' retrieved from /Users/jbshome/Desktop/us_debt_etl_pipeline/debt_env/lib/python3.12/site-packages/airflow/example_dags/example_nested_branch_dag.py
[2024-06-18T17:04:32.511-0400] {logging_mixin.py:188} INFO - [2024-06-18T17:04:32.510-0400] {dag.py:3096} INFO - Sync 1 DAGs
[2024-06-18T17:04:32.538-0400] {logging_mixin.py:188} INFO - [2024-06-18T17:04:32.538-0400] {dag.py:3954} INFO - Setting next_dagrun for example_nested_branch_dag to 2024-06-17 00:00:00+00:00, run_after=2024-06-18 00:00:00+00:00
[2024-06-18T17:04:32.573-0400] {processor.py:183} INFO - Processing /Users/jbshome/Desktop/us_debt_etl_pipeline/debt_env/lib/python3.12/site-packages/airflow/example_dags/example_nested_branch_dag.py took 0.276 seconds
[2024-06-18T17:08:12.870-0400] {processor.py:161} INFO - Started process (PID=23587) to work on /Users/jbshome/Desktop/us_debt_etl_pipeline/debt_env/lib/python3.12/site-packages/airflow/example_dags/example_nested_branch_dag.py
[2024-06-18T17:08:12.872-0400] {processor.py:830} INFO - Processing file /Users/jbshome/Desktop/us_debt_etl_pipeline/debt_env/lib/python3.12/site-packages/airflow/example_dags/example_nested_branch_dag.py for tasks to queue
[2024-06-18T17:08:12.874-0400] {logging_mixin.py:188} INFO - [2024-06-18T17:08:12.873-0400] {dagbag.py:545} INFO - Filling up the DagBag from /Users/jbshome/Desktop/us_debt_etl_pipeline/debt_env/lib/python3.12/site-packages/airflow/example_dags/example_nested_branch_dag.py
[2024-06-18T17:08:12.938-0400] {processor.py:840} INFO - DAG(s) 'example_nested_branch_dag' retrieved from /Users/jbshome/Desktop/us_debt_etl_pipeline/debt_env/lib/python3.12/site-packages/airflow/example_dags/example_nested_branch_dag.py
[2024-06-18T17:08:13.100-0400] {logging_mixin.py:188} INFO - [2024-06-18T17:08:13.100-0400] {dag.py:3096} INFO - Sync 1 DAGs
[2024-06-18T17:08:13.123-0400] {logging_mixin.py:188} INFO - [2024-06-18T17:08:13.123-0400] {dag.py:3954} INFO - Setting next_dagrun for example_nested_branch_dag to 2024-06-17 00:00:00+00:00, run_after=2024-06-18 00:00:00+00:00
[2024-06-18T17:08:13.148-0400] {processor.py:183} INFO - Processing /Users/jbshome/Desktop/us_debt_etl_pipeline/debt_env/lib/python3.12/site-packages/airflow/example_dags/example_nested_branch_dag.py took 0.280 seconds
[2024-06-18T17:12:28.424-0400] {processor.py:161} INFO - Started process (PID=23954) to work on /Users/jbshome/Desktop/us_debt_etl_pipeline/debt_env/lib/python3.12/site-packages/airflow/example_dags/example_nested_branch_dag.py
[2024-06-18T17:12:28.426-0400] {processor.py:830} INFO - Processing file /Users/jbshome/Desktop/us_debt_etl_pipeline/debt_env/lib/python3.12/site-packages/airflow/example_dags/example_nested_branch_dag.py for tasks to queue
[2024-06-18T17:12:28.429-0400] {logging_mixin.py:188} INFO - [2024-06-18T17:12:28.427-0400] {dagbag.py:545} INFO - Filling up the DagBag from /Users/jbshome/Desktop/us_debt_etl_pipeline/debt_env/lib/python3.12/site-packages/airflow/example_dags/example_nested_branch_dag.py
[2024-06-18T17:12:28.513-0400] {processor.py:840} INFO - DAG(s) 'example_nested_branch_dag' retrieved from /Users/jbshome/Desktop/us_debt_etl_pipeline/debt_env/lib/python3.12/site-packages/airflow/example_dags/example_nested_branch_dag.py
[2024-06-18T17:12:28.742-0400] {logging_mixin.py:188} INFO - [2024-06-18T17:12:28.742-0400] {dag.py:3096} INFO - Sync 1 DAGs
[2024-06-18T17:12:28.791-0400] {logging_mixin.py:188} INFO - [2024-06-18T17:12:28.790-0400] {dag.py:3954} INFO - Setting next_dagrun for example_nested_branch_dag to 2024-06-17 00:00:00+00:00, run_after=2024-06-18 00:00:00+00:00
[2024-06-18T17:12:28.831-0400] {processor.py:183} INFO - Processing /Users/jbshome/Desktop/us_debt_etl_pipeline/debt_env/lib/python3.12/site-packages/airflow/example_dags/example_nested_branch_dag.py took 0.412 seconds
[2024-06-18T17:17:56.030-0400] {processor.py:161} INFO - Started process (PID=24293) to work on /Users/jbshome/Desktop/us_debt_etl_pipeline/debt_env/lib/python3.12/site-packages/airflow/example_dags/example_nested_branch_dag.py
[2024-06-18T17:17:56.037-0400] {processor.py:830} INFO - Processing file /Users/jbshome/Desktop/us_debt_etl_pipeline/debt_env/lib/python3.12/site-packages/airflow/example_dags/example_nested_branch_dag.py for tasks to queue
[2024-06-18T17:17:56.038-0400] {logging_mixin.py:188} INFO - [2024-06-18T17:17:56.038-0400] {dagbag.py:545} INFO - Filling up the DagBag from /Users/jbshome/Desktop/us_debt_etl_pipeline/debt_env/lib/python3.12/site-packages/airflow/example_dags/example_nested_branch_dag.py
[2024-06-18T17:17:56.169-0400] {processor.py:840} INFO - DAG(s) 'example_nested_branch_dag' retrieved from /Users/jbshome/Desktop/us_debt_etl_pipeline/debt_env/lib/python3.12/site-packages/airflow/example_dags/example_nested_branch_dag.py
[2024-06-18T17:17:56.429-0400] {logging_mixin.py:188} INFO - [2024-06-18T17:17:56.429-0400] {dag.py:3096} INFO - Sync 1 DAGs
[2024-06-18T17:17:56.492-0400] {logging_mixin.py:188} INFO - [2024-06-18T17:17:56.491-0400] {dag.py:3954} INFO - Setting next_dagrun for example_nested_branch_dag to 2024-06-17 00:00:00+00:00, run_after=2024-06-18 00:00:00+00:00
[2024-06-18T17:17:56.548-0400] {processor.py:183} INFO - Processing /Users/jbshome/Desktop/us_debt_etl_pipeline/debt_env/lib/python3.12/site-packages/airflow/example_dags/example_nested_branch_dag.py took 0.523 seconds
[2024-06-18T17:22:21.187-0400] {processor.py:161} INFO - Started process (PID=24622) to work on /Users/jbshome/Desktop/us_debt_etl_pipeline/debt_env/lib/python3.12/site-packages/airflow/example_dags/example_nested_branch_dag.py
[2024-06-18T17:22:21.191-0400] {processor.py:830} INFO - Processing file /Users/jbshome/Desktop/us_debt_etl_pipeline/debt_env/lib/python3.12/site-packages/airflow/example_dags/example_nested_branch_dag.py for tasks to queue
[2024-06-18T17:22:21.192-0400] {logging_mixin.py:188} INFO - [2024-06-18T17:22:21.192-0400] {dagbag.py:545} INFO - Filling up the DagBag from /Users/jbshome/Desktop/us_debt_etl_pipeline/debt_env/lib/python3.12/site-packages/airflow/example_dags/example_nested_branch_dag.py
[2024-06-18T17:22:21.239-0400] {processor.py:840} INFO - DAG(s) 'example_nested_branch_dag' retrieved from /Users/jbshome/Desktop/us_debt_etl_pipeline/debt_env/lib/python3.12/site-packages/airflow/example_dags/example_nested_branch_dag.py
[2024-06-18T17:22:21.386-0400] {logging_mixin.py:188} INFO - [2024-06-18T17:22:21.386-0400] {dag.py:3096} INFO - Sync 1 DAGs
[2024-06-18T17:22:21.419-0400] {logging_mixin.py:188} INFO - [2024-06-18T17:22:21.418-0400] {dag.py:3954} INFO - Setting next_dagrun for example_nested_branch_dag to 2024-06-17 00:00:00+00:00, run_after=2024-06-18 00:00:00+00:00
[2024-06-18T17:22:21.451-0400] {processor.py:183} INFO - Processing /Users/jbshome/Desktop/us_debt_etl_pipeline/debt_env/lib/python3.12/site-packages/airflow/example_dags/example_nested_branch_dag.py took 0.268 seconds
[2024-06-18T17:26:49.285-0400] {processor.py:161} INFO - Started process (PID=24922) to work on /Users/jbshome/Desktop/us_debt_etl_pipeline/debt_env/lib/python3.12/site-packages/airflow/example_dags/example_nested_branch_dag.py
[2024-06-18T17:26:49.290-0400] {processor.py:830} INFO - Processing file /Users/jbshome/Desktop/us_debt_etl_pipeline/debt_env/lib/python3.12/site-packages/airflow/example_dags/example_nested_branch_dag.py for tasks to queue
[2024-06-18T17:26:49.291-0400] {logging_mixin.py:188} INFO - [2024-06-18T17:26:49.291-0400] {dagbag.py:545} INFO - Filling up the DagBag from /Users/jbshome/Desktop/us_debt_etl_pipeline/debt_env/lib/python3.12/site-packages/airflow/example_dags/example_nested_branch_dag.py
[2024-06-18T17:26:49.377-0400] {processor.py:840} INFO - DAG(s) 'example_nested_branch_dag' retrieved from /Users/jbshome/Desktop/us_debt_etl_pipeline/debt_env/lib/python3.12/site-packages/airflow/example_dags/example_nested_branch_dag.py
[2024-06-18T17:26:49.654-0400] {logging_mixin.py:188} INFO - [2024-06-18T17:26:49.653-0400] {dag.py:3096} INFO - Sync 1 DAGs
[2024-06-18T17:26:49.693-0400] {logging_mixin.py:188} INFO - [2024-06-18T17:26:49.693-0400] {dag.py:3954} INFO - Setting next_dagrun for example_nested_branch_dag to 2024-06-17 00:00:00+00:00, run_after=2024-06-18 00:00:00+00:00
[2024-06-18T17:26:49.741-0400] {processor.py:183} INFO - Processing /Users/jbshome/Desktop/us_debt_etl_pipeline/debt_env/lib/python3.12/site-packages/airflow/example_dags/example_nested_branch_dag.py took 0.460 seconds
[2024-06-18T17:31:19.294-0400] {processor.py:161} INFO - Started process (PID=25239) to work on /Users/jbshome/Desktop/us_debt_etl_pipeline/debt_env/lib/python3.12/site-packages/airflow/example_dags/example_nested_branch_dag.py
[2024-06-18T17:31:19.297-0400] {processor.py:830} INFO - Processing file /Users/jbshome/Desktop/us_debt_etl_pipeline/debt_env/lib/python3.12/site-packages/airflow/example_dags/example_nested_branch_dag.py for tasks to queue
[2024-06-18T17:31:19.299-0400] {logging_mixin.py:188} INFO - [2024-06-18T17:31:19.299-0400] {dagbag.py:545} INFO - Filling up the DagBag from /Users/jbshome/Desktop/us_debt_etl_pipeline/debt_env/lib/python3.12/site-packages/airflow/example_dags/example_nested_branch_dag.py
[2024-06-18T17:31:19.382-0400] {processor.py:840} INFO - DAG(s) 'example_nested_branch_dag' retrieved from /Users/jbshome/Desktop/us_debt_etl_pipeline/debt_env/lib/python3.12/site-packages/airflow/example_dags/example_nested_branch_dag.py
[2024-06-18T17:31:19.626-0400] {logging_mixin.py:188} INFO - [2024-06-18T17:31:19.626-0400] {dag.py:3096} INFO - Sync 1 DAGs
[2024-06-18T17:31:19.695-0400] {logging_mixin.py:188} INFO - [2024-06-18T17:31:19.695-0400] {dag.py:3954} INFO - Setting next_dagrun for example_nested_branch_dag to 2024-06-17 00:00:00+00:00, run_after=2024-06-18 00:00:00+00:00
[2024-06-18T17:31:19.736-0400] {processor.py:183} INFO - Processing /Users/jbshome/Desktop/us_debt_etl_pipeline/debt_env/lib/python3.12/site-packages/airflow/example_dags/example_nested_branch_dag.py took 0.446 seconds
[2024-06-18T17:36:38.475-0400] {processor.py:161} INFO - Started process (PID=25783) to work on /Users/jbshome/Desktop/us_debt_etl_pipeline/debt_env/lib/python3.12/site-packages/airflow/example_dags/example_nested_branch_dag.py
[2024-06-18T17:36:38.480-0400] {processor.py:830} INFO - Processing file /Users/jbshome/Desktop/us_debt_etl_pipeline/debt_env/lib/python3.12/site-packages/airflow/example_dags/example_nested_branch_dag.py for tasks to queue
[2024-06-18T17:36:38.481-0400] {logging_mixin.py:188} INFO - [2024-06-18T17:36:38.481-0400] {dagbag.py:545} INFO - Filling up the DagBag from /Users/jbshome/Desktop/us_debt_etl_pipeline/debt_env/lib/python3.12/site-packages/airflow/example_dags/example_nested_branch_dag.py
[2024-06-18T17:36:38.532-0400] {processor.py:840} INFO - DAG(s) 'example_nested_branch_dag' retrieved from /Users/jbshome/Desktop/us_debt_etl_pipeline/debt_env/lib/python3.12/site-packages/airflow/example_dags/example_nested_branch_dag.py
[2024-06-18T17:36:38.695-0400] {logging_mixin.py:188} INFO - [2024-06-18T17:36:38.694-0400] {dag.py:3096} INFO - Sync 1 DAGs
[2024-06-18T17:36:38.727-0400] {logging_mixin.py:188} INFO - [2024-06-18T17:36:38.727-0400] {dag.py:3954} INFO - Setting next_dagrun for example_nested_branch_dag to 2024-06-17 00:00:00+00:00, run_after=2024-06-18 00:00:00+00:00
[2024-06-18T17:36:38.753-0400] {processor.py:183} INFO - Processing /Users/jbshome/Desktop/us_debt_etl_pipeline/debt_env/lib/python3.12/site-packages/airflow/example_dags/example_nested_branch_dag.py took 0.283 seconds
[2024-06-18T17:44:59.357-0400] {processor.py:161} INFO - Started process (PID=26614) to work on /Users/jbshome/Desktop/us_debt_etl_pipeline/debt_env/lib/python3.12/site-packages/airflow/example_dags/example_nested_branch_dag.py
[2024-06-18T17:44:59.359-0400] {processor.py:830} INFO - Processing file /Users/jbshome/Desktop/us_debt_etl_pipeline/debt_env/lib/python3.12/site-packages/airflow/example_dags/example_nested_branch_dag.py for tasks to queue
[2024-06-18T17:44:59.361-0400] {logging_mixin.py:188} INFO - [2024-06-18T17:44:59.360-0400] {dagbag.py:545} INFO - Filling up the DagBag from /Users/jbshome/Desktop/us_debt_etl_pipeline/debt_env/lib/python3.12/site-packages/airflow/example_dags/example_nested_branch_dag.py
[2024-06-18T17:44:59.428-0400] {processor.py:840} INFO - DAG(s) 'example_nested_branch_dag' retrieved from /Users/jbshome/Desktop/us_debt_etl_pipeline/debt_env/lib/python3.12/site-packages/airflow/example_dags/example_nested_branch_dag.py
[2024-06-18T17:44:59.616-0400] {logging_mixin.py:188} INFO - [2024-06-18T17:44:59.616-0400] {dag.py:3096} INFO - Sync 1 DAGs
[2024-06-18T17:44:59.697-0400] {logging_mixin.py:188} INFO - [2024-06-18T17:44:59.695-0400] {dag.py:3954} INFO - Setting next_dagrun for example_nested_branch_dag to 2024-06-17 00:00:00+00:00, run_after=2024-06-18 00:00:00+00:00
[2024-06-18T17:44:59.788-0400] {processor.py:183} INFO - Processing /Users/jbshome/Desktop/us_debt_etl_pipeline/debt_env/lib/python3.12/site-packages/airflow/example_dags/example_nested_branch_dag.py took 0.435 seconds
[2024-06-18T17:49:20.503-0400] {processor.py:161} INFO - Started process (PID=27777) to work on /Users/jbshome/Desktop/us_debt_etl_pipeline/debt_env/lib/python3.12/site-packages/airflow/example_dags/example_nested_branch_dag.py
[2024-06-18T17:49:20.505-0400] {processor.py:830} INFO - Processing file /Users/jbshome/Desktop/us_debt_etl_pipeline/debt_env/lib/python3.12/site-packages/airflow/example_dags/example_nested_branch_dag.py for tasks to queue
[2024-06-18T17:49:20.508-0400] {logging_mixin.py:188} INFO - [2024-06-18T17:49:20.506-0400] {dagbag.py:545} INFO - Filling up the DagBag from /Users/jbshome/Desktop/us_debt_etl_pipeline/debt_env/lib/python3.12/site-packages/airflow/example_dags/example_nested_branch_dag.py
[2024-06-18T17:49:20.598-0400] {processor.py:840} INFO - DAG(s) 'example_nested_branch_dag' retrieved from /Users/jbshome/Desktop/us_debt_etl_pipeline/debt_env/lib/python3.12/site-packages/airflow/example_dags/example_nested_branch_dag.py
[2024-06-18T17:49:20.822-0400] {logging_mixin.py:188} INFO - [2024-06-18T17:49:20.821-0400] {dag.py:3096} INFO - Sync 1 DAGs
[2024-06-18T17:49:20.868-0400] {logging_mixin.py:188} INFO - [2024-06-18T17:49:20.867-0400] {dag.py:3954} INFO - Setting next_dagrun for example_nested_branch_dag to 2024-06-17 00:00:00+00:00, run_after=2024-06-18 00:00:00+00:00
[2024-06-18T17:49:20.991-0400] {processor.py:183} INFO - Processing /Users/jbshome/Desktop/us_debt_etl_pipeline/debt_env/lib/python3.12/site-packages/airflow/example_dags/example_nested_branch_dag.py took 0.493 seconds
