[2024-06-18T16:31:05.568-0400] {processor.py:161} INFO - Started process (PID=20104) to work on /Users/jbshome/Desktop/us_debt_etl_pipeline/debt_env/lib/python3.12/site-packages/airflow/example_dags/example_setup_teardown.py
[2024-06-18T16:31:05.569-0400] {processor.py:830} INFO - Processing file /Users/jbshome/Desktop/us_debt_etl_pipeline/debt_env/lib/python3.12/site-packages/airflow/example_dags/example_setup_teardown.py for tasks to queue
[2024-06-18T16:31:05.571-0400] {logging_mixin.py:188} INFO - [2024-06-18T16:31:05.570-0400] {dagbag.py:545} INFO - Filling up the DagBag from /Users/jbshome/Desktop/us_debt_etl_pipeline/debt_env/lib/python3.12/site-packages/airflow/example_dags/example_setup_teardown.py
[2024-06-18T16:31:05.585-0400] {processor.py:840} INFO - DAG(s) 'example_setup_teardown' retrieved from /Users/jbshome/Desktop/us_debt_etl_pipeline/debt_env/lib/python3.12/site-packages/airflow/example_dags/example_setup_teardown.py
[2024-06-18T16:31:05.928-0400] {logging_mixin.py:188} INFO - [2024-06-18T16:31:05.927-0400] {override.py:1829} INFO - Created Permission View: can delete on DAG:example_setup_teardown
[2024-06-18T16:31:05.941-0400] {logging_mixin.py:188} INFO - [2024-06-18T16:31:05.940-0400] {override.py:1829} INFO - Created Permission View: can read on DAG:example_setup_teardown
[2024-06-18T16:31:05.952-0400] {logging_mixin.py:188} INFO - [2024-06-18T16:31:05.952-0400] {override.py:1829} INFO - Created Permission View: can edit on DAG:example_setup_teardown
[2024-06-18T16:31:05.953-0400] {logging_mixin.py:188} INFO - [2024-06-18T16:31:05.953-0400] {dag.py:3096} INFO - Sync 1 DAGs
[2024-06-18T16:31:05.970-0400] {logging_mixin.py:188} INFO - [2024-06-18T16:31:05.969-0400] {dag.py:3118} INFO - Creating ORM DAG for example_setup_teardown
[2024-06-18T16:31:05.981-0400] {logging_mixin.py:188} INFO - [2024-06-18T16:31:05.981-0400] {dag.py:3954} INFO - Setting next_dagrun for example_setup_teardown to 2024-06-17 00:00:00+00:00, run_after=2024-06-18 00:00:00+00:00
[2024-06-18T16:31:06.099-0400] {processor.py:183} INFO - Processing /Users/jbshome/Desktop/us_debt_etl_pipeline/debt_env/lib/python3.12/site-packages/airflow/example_dags/example_setup_teardown.py took 0.536 seconds
[2024-06-18T16:34:47.758-0400] {processor.py:161} INFO - Started process (PID=20303) to work on /Users/jbshome/Desktop/us_debt_etl_pipeline/debt_env/lib/python3.12/site-packages/airflow/example_dags/example_setup_teardown.py
[2024-06-18T16:34:47.759-0400] {processor.py:830} INFO - Processing file /Users/jbshome/Desktop/us_debt_etl_pipeline/debt_env/lib/python3.12/site-packages/airflow/example_dags/example_setup_teardown.py for tasks to queue
[2024-06-18T16:34:47.760-0400] {logging_mixin.py:188} INFO - [2024-06-18T16:34:47.760-0400] {dagbag.py:545} INFO - Filling up the DagBag from /Users/jbshome/Desktop/us_debt_etl_pipeline/debt_env/lib/python3.12/site-packages/airflow/example_dags/example_setup_teardown.py
[2024-06-18T16:34:47.776-0400] {processor.py:840} INFO - DAG(s) 'example_setup_teardown' retrieved from /Users/jbshome/Desktop/us_debt_etl_pipeline/debt_env/lib/python3.12/site-packages/airflow/example_dags/example_setup_teardown.py
[2024-06-18T16:34:47.891-0400] {logging_mixin.py:188} INFO - [2024-06-18T16:34:47.891-0400] {dag.py:3096} INFO - Sync 1 DAGs
[2024-06-18T16:34:47.908-0400] {logging_mixin.py:188} INFO - [2024-06-18T16:34:47.908-0400] {dag.py:3954} INFO - Setting next_dagrun for example_setup_teardown to 2024-06-17 00:00:00+00:00, run_after=2024-06-18 00:00:00+00:00
[2024-06-18T16:34:47.928-0400] {processor.py:183} INFO - Processing /Users/jbshome/Desktop/us_debt_etl_pipeline/debt_env/lib/python3.12/site-packages/airflow/example_dags/example_setup_teardown.py took 0.174 seconds
[2024-06-18T16:38:07.665-0400] {processor.py:161} INFO - Started process (PID=20477) to work on /Users/jbshome/Desktop/us_debt_etl_pipeline/debt_env/lib/python3.12/site-packages/airflow/example_dags/example_setup_teardown.py
[2024-06-18T16:38:07.669-0400] {processor.py:830} INFO - Processing file /Users/jbshome/Desktop/us_debt_etl_pipeline/debt_env/lib/python3.12/site-packages/airflow/example_dags/example_setup_teardown.py for tasks to queue
[2024-06-18T16:38:07.670-0400] {logging_mixin.py:188} INFO - [2024-06-18T16:38:07.670-0400] {dagbag.py:545} INFO - Filling up the DagBag from /Users/jbshome/Desktop/us_debt_etl_pipeline/debt_env/lib/python3.12/site-packages/airflow/example_dags/example_setup_teardown.py
[2024-06-18T16:38:07.686-0400] {processor.py:840} INFO - DAG(s) 'example_setup_teardown' retrieved from /Users/jbshome/Desktop/us_debt_etl_pipeline/debt_env/lib/python3.12/site-packages/airflow/example_dags/example_setup_teardown.py
[2024-06-18T16:38:07.815-0400] {logging_mixin.py:188} INFO - [2024-06-18T16:38:07.815-0400] {dag.py:3096} INFO - Sync 1 DAGs
[2024-06-18T16:38:07.834-0400] {logging_mixin.py:188} INFO - [2024-06-18T16:38:07.834-0400] {dag.py:3954} INFO - Setting next_dagrun for example_setup_teardown to 2024-06-17 00:00:00+00:00, run_after=2024-06-18 00:00:00+00:00
[2024-06-18T16:38:07.857-0400] {processor.py:183} INFO - Processing /Users/jbshome/Desktop/us_debt_etl_pipeline/debt_env/lib/python3.12/site-packages/airflow/example_dags/example_setup_teardown.py took 0.195 seconds
[2024-06-18T16:41:11.210-0400] {processor.py:161} INFO - Started process (PID=20809) to work on /Users/jbshome/Desktop/us_debt_etl_pipeline/debt_env/lib/python3.12/site-packages/airflow/example_dags/example_setup_teardown.py
[2024-06-18T16:41:11.213-0400] {processor.py:830} INFO - Processing file /Users/jbshome/Desktop/us_debt_etl_pipeline/debt_env/lib/python3.12/site-packages/airflow/example_dags/example_setup_teardown.py for tasks to queue
[2024-06-18T16:41:11.213-0400] {logging_mixin.py:188} INFO - [2024-06-18T16:41:11.213-0400] {dagbag.py:545} INFO - Filling up the DagBag from /Users/jbshome/Desktop/us_debt_etl_pipeline/debt_env/lib/python3.12/site-packages/airflow/example_dags/example_setup_teardown.py
[2024-06-18T16:41:11.222-0400] {processor.py:840} INFO - DAG(s) 'example_setup_teardown' retrieved from /Users/jbshome/Desktop/us_debt_etl_pipeline/debt_env/lib/python3.12/site-packages/airflow/example_dags/example_setup_teardown.py
[2024-06-18T16:41:11.338-0400] {logging_mixin.py:188} INFO - [2024-06-18T16:41:11.338-0400] {dag.py:3096} INFO - Sync 1 DAGs
[2024-06-18T16:41:11.356-0400] {logging_mixin.py:188} INFO - [2024-06-18T16:41:11.356-0400] {dag.py:3954} INFO - Setting next_dagrun for example_setup_teardown to 2024-06-17 00:00:00+00:00, run_after=2024-06-18 00:00:00+00:00
[2024-06-18T16:41:11.379-0400] {processor.py:183} INFO - Processing /Users/jbshome/Desktop/us_debt_etl_pipeline/debt_env/lib/python3.12/site-packages/airflow/example_dags/example_setup_teardown.py took 0.171 seconds
[2024-06-18T16:44:15.787-0400] {processor.py:161} INFO - Started process (PID=21430) to work on /Users/jbshome/Desktop/us_debt_etl_pipeline/debt_env/lib/python3.12/site-packages/airflow/example_dags/example_setup_teardown.py
[2024-06-18T16:44:15.789-0400] {processor.py:830} INFO - Processing file /Users/jbshome/Desktop/us_debt_etl_pipeline/debt_env/lib/python3.12/site-packages/airflow/example_dags/example_setup_teardown.py for tasks to queue
[2024-06-18T16:44:15.790-0400] {logging_mixin.py:188} INFO - [2024-06-18T16:44:15.789-0400] {dagbag.py:545} INFO - Filling up the DagBag from /Users/jbshome/Desktop/us_debt_etl_pipeline/debt_env/lib/python3.12/site-packages/airflow/example_dags/example_setup_teardown.py
[2024-06-18T16:44:15.798-0400] {processor.py:840} INFO - DAG(s) 'example_setup_teardown' retrieved from /Users/jbshome/Desktop/us_debt_etl_pipeline/debt_env/lib/python3.12/site-packages/airflow/example_dags/example_setup_teardown.py
[2024-06-18T16:44:15.911-0400] {logging_mixin.py:188} INFO - [2024-06-18T16:44:15.911-0400] {dag.py:3096} INFO - Sync 1 DAGs
[2024-06-18T16:44:15.928-0400] {logging_mixin.py:188} INFO - [2024-06-18T16:44:15.928-0400] {dag.py:3954} INFO - Setting next_dagrun for example_setup_teardown to 2024-06-17 00:00:00+00:00, run_after=2024-06-18 00:00:00+00:00
[2024-06-18T16:44:15.951-0400] {processor.py:183} INFO - Processing /Users/jbshome/Desktop/us_debt_etl_pipeline/debt_env/lib/python3.12/site-packages/airflow/example_dags/example_setup_teardown.py took 0.167 seconds
[2024-06-18T16:47:16.867-0400] {processor.py:161} INFO - Started process (PID=21599) to work on /Users/jbshome/Desktop/us_debt_etl_pipeline/debt_env/lib/python3.12/site-packages/airflow/example_dags/example_setup_teardown.py
[2024-06-18T16:47:16.872-0400] {processor.py:830} INFO - Processing file /Users/jbshome/Desktop/us_debt_etl_pipeline/debt_env/lib/python3.12/site-packages/airflow/example_dags/example_setup_teardown.py for tasks to queue
[2024-06-18T16:47:16.874-0400] {logging_mixin.py:188} INFO - [2024-06-18T16:47:16.874-0400] {dagbag.py:545} INFO - Filling up the DagBag from /Users/jbshome/Desktop/us_debt_etl_pipeline/debt_env/lib/python3.12/site-packages/airflow/example_dags/example_setup_teardown.py
[2024-06-18T16:47:16.903-0400] {processor.py:840} INFO - DAG(s) 'example_setup_teardown' retrieved from /Users/jbshome/Desktop/us_debt_etl_pipeline/debt_env/lib/python3.12/site-packages/airflow/example_dags/example_setup_teardown.py
[2024-06-18T16:47:17.366-0400] {logging_mixin.py:188} INFO - [2024-06-18T16:47:17.366-0400] {dag.py:3096} INFO - Sync 1 DAGs
[2024-06-18T16:47:17.415-0400] {logging_mixin.py:188} INFO - [2024-06-18T16:47:17.415-0400] {dag.py:3954} INFO - Setting next_dagrun for example_setup_teardown to 2024-06-17 00:00:00+00:00, run_after=2024-06-18 00:00:00+00:00
[2024-06-18T16:47:17.479-0400] {processor.py:183} INFO - Processing /Users/jbshome/Desktop/us_debt_etl_pipeline/debt_env/lib/python3.12/site-packages/airflow/example_dags/example_setup_teardown.py took 0.637 seconds
[2024-06-18T16:50:23.902-0400] {processor.py:161} INFO - Started process (PID=21780) to work on /Users/jbshome/Desktop/us_debt_etl_pipeline/debt_env/lib/python3.12/site-packages/airflow/example_dags/example_setup_teardown.py
[2024-06-18T16:50:23.904-0400] {processor.py:830} INFO - Processing file /Users/jbshome/Desktop/us_debt_etl_pipeline/debt_env/lib/python3.12/site-packages/airflow/example_dags/example_setup_teardown.py for tasks to queue
[2024-06-18T16:50:23.905-0400] {logging_mixin.py:188} INFO - [2024-06-18T16:50:23.905-0400] {dagbag.py:545} INFO - Filling up the DagBag from /Users/jbshome/Desktop/us_debt_etl_pipeline/debt_env/lib/python3.12/site-packages/airflow/example_dags/example_setup_teardown.py
[2024-06-18T16:50:23.915-0400] {processor.py:840} INFO - DAG(s) 'example_setup_teardown' retrieved from /Users/jbshome/Desktop/us_debt_etl_pipeline/debt_env/lib/python3.12/site-packages/airflow/example_dags/example_setup_teardown.py
[2024-06-18T16:50:24.045-0400] {logging_mixin.py:188} INFO - [2024-06-18T16:50:24.044-0400] {dag.py:3096} INFO - Sync 1 DAGs
[2024-06-18T16:50:24.062-0400] {logging_mixin.py:188} INFO - [2024-06-18T16:50:24.062-0400] {dag.py:3954} INFO - Setting next_dagrun for example_setup_teardown to 2024-06-17 00:00:00+00:00, run_after=2024-06-18 00:00:00+00:00
[2024-06-18T16:50:24.086-0400] {processor.py:183} INFO - Processing /Users/jbshome/Desktop/us_debt_etl_pipeline/debt_env/lib/python3.12/site-packages/airflow/example_dags/example_setup_teardown.py took 0.186 seconds
[2024-06-18T16:53:31.060-0400] {processor.py:161} INFO - Started process (PID=21932) to work on /Users/jbshome/Desktop/us_debt_etl_pipeline/debt_env/lib/python3.12/site-packages/airflow/example_dags/example_setup_teardown.py
[2024-06-18T16:53:31.062-0400] {processor.py:830} INFO - Processing file /Users/jbshome/Desktop/us_debt_etl_pipeline/debt_env/lib/python3.12/site-packages/airflow/example_dags/example_setup_teardown.py for tasks to queue
[2024-06-18T16:53:31.063-0400] {logging_mixin.py:188} INFO - [2024-06-18T16:53:31.063-0400] {dagbag.py:545} INFO - Filling up the DagBag from /Users/jbshome/Desktop/us_debt_etl_pipeline/debt_env/lib/python3.12/site-packages/airflow/example_dags/example_setup_teardown.py
[2024-06-18T16:53:31.073-0400] {processor.py:840} INFO - DAG(s) 'example_setup_teardown' retrieved from /Users/jbshome/Desktop/us_debt_etl_pipeline/debt_env/lib/python3.12/site-packages/airflow/example_dags/example_setup_teardown.py
[2024-06-18T16:53:31.198-0400] {logging_mixin.py:188} INFO - [2024-06-18T16:53:31.198-0400] {dag.py:3096} INFO - Sync 1 DAGs
[2024-06-18T16:53:31.221-0400] {logging_mixin.py:188} INFO - [2024-06-18T16:53:31.221-0400] {dag.py:3954} INFO - Setting next_dagrun for example_setup_teardown to 2024-06-17 00:00:00+00:00, run_after=2024-06-18 00:00:00+00:00
[2024-06-18T16:53:31.245-0400] {processor.py:183} INFO - Processing /Users/jbshome/Desktop/us_debt_etl_pipeline/debt_env/lib/python3.12/site-packages/airflow/example_dags/example_setup_teardown.py took 0.188 seconds
[2024-06-18T16:56:36.909-0400] {processor.py:161} INFO - Started process (PID=22081) to work on /Users/jbshome/Desktop/us_debt_etl_pipeline/debt_env/lib/python3.12/site-packages/airflow/example_dags/example_setup_teardown.py
[2024-06-18T16:56:36.911-0400] {processor.py:830} INFO - Processing file /Users/jbshome/Desktop/us_debt_etl_pipeline/debt_env/lib/python3.12/site-packages/airflow/example_dags/example_setup_teardown.py for tasks to queue
[2024-06-18T16:56:36.912-0400] {logging_mixin.py:188} INFO - [2024-06-18T16:56:36.912-0400] {dagbag.py:545} INFO - Filling up the DagBag from /Users/jbshome/Desktop/us_debt_etl_pipeline/debt_env/lib/python3.12/site-packages/airflow/example_dags/example_setup_teardown.py
[2024-06-18T16:56:36.921-0400] {processor.py:840} INFO - DAG(s) 'example_setup_teardown' retrieved from /Users/jbshome/Desktop/us_debt_etl_pipeline/debt_env/lib/python3.12/site-packages/airflow/example_dags/example_setup_teardown.py
[2024-06-18T16:56:37.042-0400] {logging_mixin.py:188} INFO - [2024-06-18T16:56:37.042-0400] {dag.py:3096} INFO - Sync 1 DAGs
[2024-06-18T16:56:37.059-0400] {logging_mixin.py:188} INFO - [2024-06-18T16:56:37.059-0400] {dag.py:3954} INFO - Setting next_dagrun for example_setup_teardown to 2024-06-17 00:00:00+00:00, run_after=2024-06-18 00:00:00+00:00
[2024-06-18T16:56:37.082-0400] {processor.py:183} INFO - Processing /Users/jbshome/Desktop/us_debt_etl_pipeline/debt_env/lib/python3.12/site-packages/airflow/example_dags/example_setup_teardown.py took 0.176 seconds
[2024-06-18T16:59:50.067-0400] {processor.py:161} INFO - Started process (PID=22592) to work on /Users/jbshome/Desktop/us_debt_etl_pipeline/debt_env/lib/python3.12/site-packages/airflow/example_dags/example_setup_teardown.py
[2024-06-18T16:59:50.069-0400] {processor.py:830} INFO - Processing file /Users/jbshome/Desktop/us_debt_etl_pipeline/debt_env/lib/python3.12/site-packages/airflow/example_dags/example_setup_teardown.py for tasks to queue
[2024-06-18T16:59:50.070-0400] {logging_mixin.py:188} INFO - [2024-06-18T16:59:50.070-0400] {dagbag.py:545} INFO - Filling up the DagBag from /Users/jbshome/Desktop/us_debt_etl_pipeline/debt_env/lib/python3.12/site-packages/airflow/example_dags/example_setup_teardown.py
[2024-06-18T16:59:50.079-0400] {processor.py:840} INFO - DAG(s) 'example_setup_teardown' retrieved from /Users/jbshome/Desktop/us_debt_etl_pipeline/debt_env/lib/python3.12/site-packages/airflow/example_dags/example_setup_teardown.py
[2024-06-18T16:59:50.209-0400] {logging_mixin.py:188} INFO - [2024-06-18T16:59:50.208-0400] {dag.py:3096} INFO - Sync 1 DAGs
[2024-06-18T16:59:50.226-0400] {logging_mixin.py:188} INFO - [2024-06-18T16:59:50.226-0400] {dag.py:3954} INFO - Setting next_dagrun for example_setup_teardown to 2024-06-17 00:00:00+00:00, run_after=2024-06-18 00:00:00+00:00
[2024-06-18T16:59:50.247-0400] {processor.py:183} INFO - Processing /Users/jbshome/Desktop/us_debt_etl_pipeline/debt_env/lib/python3.12/site-packages/airflow/example_dags/example_setup_teardown.py took 0.182 seconds
[2024-06-18T17:04:01.306-0400] {processor.py:161} INFO - Started process (PID=22842) to work on /Users/jbshome/Desktop/us_debt_etl_pipeline/debt_env/lib/python3.12/site-packages/airflow/example_dags/example_setup_teardown.py
[2024-06-18T17:04:01.308-0400] {processor.py:830} INFO - Processing file /Users/jbshome/Desktop/us_debt_etl_pipeline/debt_env/lib/python3.12/site-packages/airflow/example_dags/example_setup_teardown.py for tasks to queue
[2024-06-18T17:04:01.309-0400] {logging_mixin.py:188} INFO - [2024-06-18T17:04:01.309-0400] {dagbag.py:545} INFO - Filling up the DagBag from /Users/jbshome/Desktop/us_debt_etl_pipeline/debt_env/lib/python3.12/site-packages/airflow/example_dags/example_setup_teardown.py
[2024-06-18T17:04:01.325-0400] {processor.py:840} INFO - DAG(s) 'example_setup_teardown' retrieved from /Users/jbshome/Desktop/us_debt_etl_pipeline/debt_env/lib/python3.12/site-packages/airflow/example_dags/example_setup_teardown.py
[2024-06-18T17:04:01.484-0400] {logging_mixin.py:188} INFO - [2024-06-18T17:04:01.484-0400] {dag.py:3096} INFO - Sync 1 DAGs
[2024-06-18T17:04:01.504-0400] {logging_mixin.py:188} INFO - [2024-06-18T17:04:01.503-0400] {dag.py:3954} INFO - Setting next_dagrun for example_setup_teardown to 2024-06-17 00:00:00+00:00, run_after=2024-06-18 00:00:00+00:00
[2024-06-18T17:04:01.527-0400] {processor.py:183} INFO - Processing /Users/jbshome/Desktop/us_debt_etl_pipeline/debt_env/lib/python3.12/site-packages/airflow/example_dags/example_setup_teardown.py took 0.227 seconds
[2024-06-18T17:07:34.093-0400] {processor.py:161} INFO - Started process (PID=23245) to work on /Users/jbshome/Desktop/us_debt_etl_pipeline/debt_env/lib/python3.12/site-packages/airflow/example_dags/example_setup_teardown.py
[2024-06-18T17:07:34.095-0400] {processor.py:830} INFO - Processing file /Users/jbshome/Desktop/us_debt_etl_pipeline/debt_env/lib/python3.12/site-packages/airflow/example_dags/example_setup_teardown.py for tasks to queue
[2024-06-18T17:07:34.097-0400] {logging_mixin.py:188} INFO - [2024-06-18T17:07:34.096-0400] {dagbag.py:545} INFO - Filling up the DagBag from /Users/jbshome/Desktop/us_debt_etl_pipeline/debt_env/lib/python3.12/site-packages/airflow/example_dags/example_setup_teardown.py
[2024-06-18T17:07:34.109-0400] {processor.py:840} INFO - DAG(s) 'example_setup_teardown' retrieved from /Users/jbshome/Desktop/us_debt_etl_pipeline/debt_env/lib/python3.12/site-packages/airflow/example_dags/example_setup_teardown.py
[2024-06-18T17:07:34.283-0400] {logging_mixin.py:188} INFO - [2024-06-18T17:07:34.282-0400] {dag.py:3096} INFO - Sync 1 DAGs
[2024-06-18T17:07:34.309-0400] {logging_mixin.py:188} INFO - [2024-06-18T17:07:34.308-0400] {dag.py:3954} INFO - Setting next_dagrun for example_setup_teardown to 2024-06-17 00:00:00+00:00, run_after=2024-06-18 00:00:00+00:00
[2024-06-18T17:07:34.340-0400] {processor.py:183} INFO - Processing /Users/jbshome/Desktop/us_debt_etl_pipeline/debt_env/lib/python3.12/site-packages/airflow/example_dags/example_setup_teardown.py took 0.251 seconds
[2024-06-18T17:11:38.780-0400] {processor.py:161} INFO - Started process (PID=23906) to work on /Users/jbshome/Desktop/us_debt_etl_pipeline/debt_env/lib/python3.12/site-packages/airflow/example_dags/example_setup_teardown.py
[2024-06-18T17:11:38.783-0400] {processor.py:830} INFO - Processing file /Users/jbshome/Desktop/us_debt_etl_pipeline/debt_env/lib/python3.12/site-packages/airflow/example_dags/example_setup_teardown.py for tasks to queue
[2024-06-18T17:11:38.783-0400] {logging_mixin.py:188} INFO - [2024-06-18T17:11:38.783-0400] {dagbag.py:545} INFO - Filling up the DagBag from /Users/jbshome/Desktop/us_debt_etl_pipeline/debt_env/lib/python3.12/site-packages/airflow/example_dags/example_setup_teardown.py
[2024-06-18T17:11:38.796-0400] {processor.py:840} INFO - DAG(s) 'example_setup_teardown' retrieved from /Users/jbshome/Desktop/us_debt_etl_pipeline/debt_env/lib/python3.12/site-packages/airflow/example_dags/example_setup_teardown.py
[2024-06-18T17:11:39.032-0400] {logging_mixin.py:188} INFO - [2024-06-18T17:11:39.031-0400] {dag.py:3096} INFO - Sync 1 DAGs
[2024-06-18T17:11:39.066-0400] {logging_mixin.py:188} INFO - [2024-06-18T17:11:39.066-0400] {dag.py:3954} INFO - Setting next_dagrun for example_setup_teardown to 2024-06-17 00:00:00+00:00, run_after=2024-06-18 00:00:00+00:00
[2024-06-18T17:11:39.108-0400] {processor.py:183} INFO - Processing /Users/jbshome/Desktop/us_debt_etl_pipeline/debt_env/lib/python3.12/site-packages/airflow/example_dags/example_setup_teardown.py took 0.333 seconds
[2024-06-18T17:17:06.548-0400] {processor.py:161} INFO - Started process (PID=24241) to work on /Users/jbshome/Desktop/us_debt_etl_pipeline/debt_env/lib/python3.12/site-packages/airflow/example_dags/example_setup_teardown.py
[2024-06-18T17:17:06.553-0400] {processor.py:830} INFO - Processing file /Users/jbshome/Desktop/us_debt_etl_pipeline/debt_env/lib/python3.12/site-packages/airflow/example_dags/example_setup_teardown.py for tasks to queue
[2024-06-18T17:17:06.554-0400] {logging_mixin.py:188} INFO - [2024-06-18T17:17:06.554-0400] {dagbag.py:545} INFO - Filling up the DagBag from /Users/jbshome/Desktop/us_debt_etl_pipeline/debt_env/lib/python3.12/site-packages/airflow/example_dags/example_setup_teardown.py
[2024-06-18T17:17:06.611-0400] {processor.py:840} INFO - DAG(s) 'example_setup_teardown' retrieved from /Users/jbshome/Desktop/us_debt_etl_pipeline/debt_env/lib/python3.12/site-packages/airflow/example_dags/example_setup_teardown.py
[2024-06-18T17:17:07.156-0400] {logging_mixin.py:188} INFO - [2024-06-18T17:17:07.155-0400] {dag.py:3096} INFO - Sync 1 DAGs
[2024-06-18T17:17:07.221-0400] {logging_mixin.py:188} INFO - [2024-06-18T17:17:07.221-0400] {dag.py:3954} INFO - Setting next_dagrun for example_setup_teardown to 2024-06-17 00:00:00+00:00, run_after=2024-06-18 00:00:00+00:00
[2024-06-18T17:17:07.328-0400] {processor.py:183} INFO - Processing /Users/jbshome/Desktop/us_debt_etl_pipeline/debt_env/lib/python3.12/site-packages/airflow/example_dags/example_setup_teardown.py took 0.791 seconds
[2024-06-18T17:21:41.699-0400] {processor.py:161} INFO - Started process (PID=24575) to work on /Users/jbshome/Desktop/us_debt_etl_pipeline/debt_env/lib/python3.12/site-packages/airflow/example_dags/example_setup_teardown.py
[2024-06-18T17:21:41.700-0400] {processor.py:830} INFO - Processing file /Users/jbshome/Desktop/us_debt_etl_pipeline/debt_env/lib/python3.12/site-packages/airflow/example_dags/example_setup_teardown.py for tasks to queue
[2024-06-18T17:21:41.701-0400] {logging_mixin.py:188} INFO - [2024-06-18T17:21:41.701-0400] {dagbag.py:545} INFO - Filling up the DagBag from /Users/jbshome/Desktop/us_debt_etl_pipeline/debt_env/lib/python3.12/site-packages/airflow/example_dags/example_setup_teardown.py
[2024-06-18T17:21:41.710-0400] {processor.py:840} INFO - DAG(s) 'example_setup_teardown' retrieved from /Users/jbshome/Desktop/us_debt_etl_pipeline/debt_env/lib/python3.12/site-packages/airflow/example_dags/example_setup_teardown.py
[2024-06-18T17:21:41.885-0400] {logging_mixin.py:188} INFO - [2024-06-18T17:21:41.885-0400] {dag.py:3096} INFO - Sync 1 DAGs
[2024-06-18T17:21:41.917-0400] {logging_mixin.py:188} INFO - [2024-06-18T17:21:41.916-0400] {dag.py:3954} INFO - Setting next_dagrun for example_setup_teardown to 2024-06-17 00:00:00+00:00, run_after=2024-06-18 00:00:00+00:00
[2024-06-18T17:21:41.951-0400] {processor.py:183} INFO - Processing /Users/jbshome/Desktop/us_debt_etl_pipeline/debt_env/lib/python3.12/site-packages/airflow/example_dags/example_setup_teardown.py took 0.255 seconds
[2024-06-18T17:25:58.375-0400] {processor.py:161} INFO - Started process (PID=24868) to work on /Users/jbshome/Desktop/us_debt_etl_pipeline/debt_env/lib/python3.12/site-packages/airflow/example_dags/example_setup_teardown.py
[2024-06-18T17:25:58.379-0400] {processor.py:830} INFO - Processing file /Users/jbshome/Desktop/us_debt_etl_pipeline/debt_env/lib/python3.12/site-packages/airflow/example_dags/example_setup_teardown.py for tasks to queue
[2024-06-18T17:25:58.381-0400] {logging_mixin.py:188} INFO - [2024-06-18T17:25:58.380-0400] {dagbag.py:545} INFO - Filling up the DagBag from /Users/jbshome/Desktop/us_debt_etl_pipeline/debt_env/lib/python3.12/site-packages/airflow/example_dags/example_setup_teardown.py
[2024-06-18T17:25:58.396-0400] {processor.py:840} INFO - DAG(s) 'example_setup_teardown' retrieved from /Users/jbshome/Desktop/us_debt_etl_pipeline/debt_env/lib/python3.12/site-packages/airflow/example_dags/example_setup_teardown.py
[2024-06-18T17:25:58.647-0400] {logging_mixin.py:188} INFO - [2024-06-18T17:25:58.647-0400] {dag.py:3096} INFO - Sync 1 DAGs
[2024-06-18T17:25:58.691-0400] {logging_mixin.py:188} INFO - [2024-06-18T17:25:58.687-0400] {dag.py:3954} INFO - Setting next_dagrun for example_setup_teardown to 2024-06-17 00:00:00+00:00, run_after=2024-06-18 00:00:00+00:00
[2024-06-18T17:25:58.747-0400] {processor.py:183} INFO - Processing /Users/jbshome/Desktop/us_debt_etl_pipeline/debt_env/lib/python3.12/site-packages/airflow/example_dags/example_setup_teardown.py took 0.376 seconds
[2024-06-18T17:30:28.291-0400] {processor.py:161} INFO - Started process (PID=25184) to work on /Users/jbshome/Desktop/us_debt_etl_pipeline/debt_env/lib/python3.12/site-packages/airflow/example_dags/example_setup_teardown.py
[2024-06-18T17:30:28.292-0400] {processor.py:830} INFO - Processing file /Users/jbshome/Desktop/us_debt_etl_pipeline/debt_env/lib/python3.12/site-packages/airflow/example_dags/example_setup_teardown.py for tasks to queue
[2024-06-18T17:30:28.293-0400] {logging_mixin.py:188} INFO - [2024-06-18T17:30:28.293-0400] {dagbag.py:545} INFO - Filling up the DagBag from /Users/jbshome/Desktop/us_debt_etl_pipeline/debt_env/lib/python3.12/site-packages/airflow/example_dags/example_setup_teardown.py
[2024-06-18T17:30:28.312-0400] {processor.py:840} INFO - DAG(s) 'example_setup_teardown' retrieved from /Users/jbshome/Desktop/us_debt_etl_pipeline/debt_env/lib/python3.12/site-packages/airflow/example_dags/example_setup_teardown.py
[2024-06-18T17:30:28.527-0400] {logging_mixin.py:188} INFO - [2024-06-18T17:30:28.527-0400] {dag.py:3096} INFO - Sync 1 DAGs
[2024-06-18T17:30:28.558-0400] {logging_mixin.py:188} INFO - [2024-06-18T17:30:28.558-0400] {dag.py:3954} INFO - Setting next_dagrun for example_setup_teardown to 2024-06-17 00:00:00+00:00, run_after=2024-06-18 00:00:00+00:00
[2024-06-18T17:30:28.593-0400] {processor.py:183} INFO - Processing /Users/jbshome/Desktop/us_debt_etl_pipeline/debt_env/lib/python3.12/site-packages/airflow/example_dags/example_setup_teardown.py took 0.309 seconds
[2024-06-18T17:35:45.942-0400] {processor.py:161} INFO - Started process (PID=25725) to work on /Users/jbshome/Desktop/us_debt_etl_pipeline/debt_env/lib/python3.12/site-packages/airflow/example_dags/example_setup_teardown.py
[2024-06-18T17:35:45.944-0400] {processor.py:830} INFO - Processing file /Users/jbshome/Desktop/us_debt_etl_pipeline/debt_env/lib/python3.12/site-packages/airflow/example_dags/example_setup_teardown.py for tasks to queue
[2024-06-18T17:35:45.946-0400] {logging_mixin.py:188} INFO - [2024-06-18T17:35:45.946-0400] {dagbag.py:545} INFO - Filling up the DagBag from /Users/jbshome/Desktop/us_debt_etl_pipeline/debt_env/lib/python3.12/site-packages/airflow/example_dags/example_setup_teardown.py
[2024-06-18T17:35:45.960-0400] {processor.py:840} INFO - DAG(s) 'example_setup_teardown' retrieved from /Users/jbshome/Desktop/us_debt_etl_pipeline/debt_env/lib/python3.12/site-packages/airflow/example_dags/example_setup_teardown.py
[2024-06-18T17:35:46.301-0400] {logging_mixin.py:188} INFO - [2024-06-18T17:35:46.301-0400] {dag.py:3096} INFO - Sync 1 DAGs
[2024-06-18T17:35:46.369-0400] {logging_mixin.py:188} INFO - [2024-06-18T17:35:46.368-0400] {dag.py:3954} INFO - Setting next_dagrun for example_setup_teardown to 2024-06-17 00:00:00+00:00, run_after=2024-06-18 00:00:00+00:00
[2024-06-18T17:35:46.449-0400] {processor.py:183} INFO - Processing /Users/jbshome/Desktop/us_debt_etl_pipeline/debt_env/lib/python3.12/site-packages/airflow/example_dags/example_setup_teardown.py took 0.512 seconds
[2024-06-18T17:43:49.494-0400] {processor.py:161} INFO - Started process (PID=26548) to work on /Users/jbshome/Desktop/us_debt_etl_pipeline/debt_env/lib/python3.12/site-packages/airflow/example_dags/example_setup_teardown.py
[2024-06-18T17:43:49.498-0400] {processor.py:830} INFO - Processing file /Users/jbshome/Desktop/us_debt_etl_pipeline/debt_env/lib/python3.12/site-packages/airflow/example_dags/example_setup_teardown.py for tasks to queue
[2024-06-18T17:43:49.499-0400] {logging_mixin.py:188} INFO - [2024-06-18T17:43:49.498-0400] {dagbag.py:545} INFO - Filling up the DagBag from /Users/jbshome/Desktop/us_debt_etl_pipeline/debt_env/lib/python3.12/site-packages/airflow/example_dags/example_setup_teardown.py
[2024-06-18T17:43:49.517-0400] {processor.py:840} INFO - DAG(s) 'example_setup_teardown' retrieved from /Users/jbshome/Desktop/us_debt_etl_pipeline/debt_env/lib/python3.12/site-packages/airflow/example_dags/example_setup_teardown.py
[2024-06-18T17:43:49.905-0400] {logging_mixin.py:188} INFO - [2024-06-18T17:43:49.904-0400] {dag.py:3096} INFO - Sync 1 DAGs
[2024-06-18T17:43:49.995-0400] {logging_mixin.py:188} INFO - [2024-06-18T17:43:49.994-0400] {dag.py:3954} INFO - Setting next_dagrun for example_setup_teardown to 2024-06-17 00:00:00+00:00, run_after=2024-06-18 00:00:00+00:00
[2024-06-18T17:43:50.089-0400] {processor.py:183} INFO - Processing /Users/jbshome/Desktop/us_debt_etl_pipeline/debt_env/lib/python3.12/site-packages/airflow/example_dags/example_setup_teardown.py took 0.600 seconds
[2024-06-18T17:48:25.145-0400] {processor.py:161} INFO - Started process (PID=27602) to work on /Users/jbshome/Desktop/us_debt_etl_pipeline/debt_env/lib/python3.12/site-packages/airflow/example_dags/example_setup_teardown.py
[2024-06-18T17:48:25.147-0400] {processor.py:830} INFO - Processing file /Users/jbshome/Desktop/us_debt_etl_pipeline/debt_env/lib/python3.12/site-packages/airflow/example_dags/example_setup_teardown.py for tasks to queue
[2024-06-18T17:48:25.149-0400] {logging_mixin.py:188} INFO - [2024-06-18T17:48:25.148-0400] {dagbag.py:545} INFO - Filling up the DagBag from /Users/jbshome/Desktop/us_debt_etl_pipeline/debt_env/lib/python3.12/site-packages/airflow/example_dags/example_setup_teardown.py
[2024-06-18T17:48:25.165-0400] {processor.py:840} INFO - DAG(s) 'example_setup_teardown' retrieved from /Users/jbshome/Desktop/us_debt_etl_pipeline/debt_env/lib/python3.12/site-packages/airflow/example_dags/example_setup_teardown.py
[2024-06-18T17:48:25.406-0400] {logging_mixin.py:188} INFO - [2024-06-18T17:48:25.406-0400] {dag.py:3096} INFO - Sync 1 DAGs
[2024-06-18T17:48:25.437-0400] {logging_mixin.py:188} INFO - [2024-06-18T17:48:25.436-0400] {dag.py:3954} INFO - Setting next_dagrun for example_setup_teardown to 2024-06-17 00:00:00+00:00, run_after=2024-06-18 00:00:00+00:00
[2024-06-18T17:48:25.486-0400] {processor.py:183} INFO - Processing /Users/jbshome/Desktop/us_debt_etl_pipeline/debt_env/lib/python3.12/site-packages/airflow/example_dags/example_setup_teardown.py took 0.347 seconds
