[2024-06-18T16:32:00.564-0400] {processor.py:161} INFO - Started process (PID=20156) to work on /Users/jbshome/Desktop/us_debt_etl_pipeline/debt_env/lib/python3.12/site-packages/airflow/example_dags/example_external_task_marker_dag.py
[2024-06-18T16:32:00.565-0400] {processor.py:830} INFO - Processing file /Users/jbshome/Desktop/us_debt_etl_pipeline/debt_env/lib/python3.12/site-packages/airflow/example_dags/example_external_task_marker_dag.py for tasks to queue
[2024-06-18T16:32:00.571-0400] {logging_mixin.py:188} INFO - [2024-06-18T16:32:00.571-0400] {dagbag.py:545} INFO - Filling up the DagBag from /Users/jbshome/Desktop/us_debt_etl_pipeline/debt_env/lib/python3.12/site-packages/airflow/example_dags/example_external_task_marker_dag.py
[2024-06-18T16:32:00.594-0400] {processor.py:840} INFO - DAG(s) 'example_external_task_marker_parent', 'example_external_task_marker_child' retrieved from /Users/jbshome/Desktop/us_debt_etl_pipeline/debt_env/lib/python3.12/site-packages/airflow/example_dags/example_external_task_marker_dag.py
[2024-06-18T16:32:00.893-0400] {logging_mixin.py:188} INFO - [2024-06-18T16:32:00.892-0400] {override.py:1829} INFO - Created Permission View: can read on DAG:example_external_task_marker_parent
[2024-06-18T16:32:00.906-0400] {logging_mixin.py:188} INFO - [2024-06-18T16:32:00.905-0400] {override.py:1829} INFO - Created Permission View: can delete on DAG:example_external_task_marker_parent
[2024-06-18T16:32:00.916-0400] {logging_mixin.py:188} INFO - [2024-06-18T16:32:00.916-0400] {override.py:1829} INFO - Created Permission View: can edit on DAG:example_external_task_marker_parent
[2024-06-18T16:32:00.958-0400] {logging_mixin.py:188} INFO - [2024-06-18T16:32:00.958-0400] {override.py:1829} INFO - Created Permission View: can read on DAG:example_external_task_marker_child
[2024-06-18T16:32:00.965-0400] {logging_mixin.py:188} INFO - [2024-06-18T16:32:00.965-0400] {override.py:1829} INFO - Created Permission View: can delete on DAG:example_external_task_marker_child
[2024-06-18T16:32:00.977-0400] {logging_mixin.py:188} INFO - [2024-06-18T16:32:00.977-0400] {override.py:1829} INFO - Created Permission View: can edit on DAG:example_external_task_marker_child
[2024-06-18T16:32:00.978-0400] {logging_mixin.py:188} INFO - [2024-06-18T16:32:00.978-0400] {dag.py:3096} INFO - Sync 2 DAGs
[2024-06-18T16:32:00.993-0400] {logging_mixin.py:188} INFO - [2024-06-18T16:32:00.993-0400] {dag.py:3118} INFO - Creating ORM DAG for example_external_task_marker_parent
[2024-06-18T16:32:00.994-0400] {logging_mixin.py:188} INFO - [2024-06-18T16:32:00.994-0400] {dag.py:3118} INFO - Creating ORM DAG for example_external_task_marker_child
[2024-06-18T16:32:00.995-0400] {logging_mixin.py:188} INFO - [2024-06-18T16:32:00.994-0400] {dag.py:3954} INFO - Setting next_dagrun for example_external_task_marker_child to None, run_after=None
[2024-06-18T16:32:00.995-0400] {logging_mixin.py:188} INFO - [2024-06-18T16:32:00.995-0400] {dag.py:3954} INFO - Setting next_dagrun for example_external_task_marker_parent to None, run_after=None
[2024-06-18T16:32:01.029-0400] {processor.py:183} INFO - Processing /Users/jbshome/Desktop/us_debt_etl_pipeline/debt_env/lib/python3.12/site-packages/airflow/example_dags/example_external_task_marker_dag.py took 0.468 seconds
[2024-06-18T16:35:42.403-0400] {processor.py:161} INFO - Started process (PID=20365) to work on /Users/jbshome/Desktop/us_debt_etl_pipeline/debt_env/lib/python3.12/site-packages/airflow/example_dags/example_external_task_marker_dag.py
[2024-06-18T16:35:42.405-0400] {processor.py:830} INFO - Processing file /Users/jbshome/Desktop/us_debt_etl_pipeline/debt_env/lib/python3.12/site-packages/airflow/example_dags/example_external_task_marker_dag.py for tasks to queue
[2024-06-18T16:35:42.405-0400] {logging_mixin.py:188} INFO - [2024-06-18T16:35:42.405-0400] {dagbag.py:545} INFO - Filling up the DagBag from /Users/jbshome/Desktop/us_debt_etl_pipeline/debt_env/lib/python3.12/site-packages/airflow/example_dags/example_external_task_marker_dag.py
[2024-06-18T16:35:42.422-0400] {processor.py:840} INFO - DAG(s) 'example_external_task_marker_child', 'example_external_task_marker_parent' retrieved from /Users/jbshome/Desktop/us_debt_etl_pipeline/debt_env/lib/python3.12/site-packages/airflow/example_dags/example_external_task_marker_dag.py
[2024-06-18T16:35:42.665-0400] {logging_mixin.py:188} INFO - [2024-06-18T16:35:42.664-0400] {dag.py:3096} INFO - Sync 2 DAGs
[2024-06-18T16:35:42.686-0400] {logging_mixin.py:188} INFO - [2024-06-18T16:35:42.685-0400] {dag.py:3954} INFO - Setting next_dagrun for example_external_task_marker_child to None, run_after=None
[2024-06-18T16:35:42.689-0400] {logging_mixin.py:188} INFO - [2024-06-18T16:35:42.689-0400] {dag.py:3954} INFO - Setting next_dagrun for example_external_task_marker_parent to None, run_after=None
[2024-06-18T16:35:42.731-0400] {processor.py:183} INFO - Processing /Users/jbshome/Desktop/us_debt_etl_pipeline/debt_env/lib/python3.12/site-packages/airflow/example_dags/example_external_task_marker_dag.py took 0.331 seconds
[2024-06-18T16:42:00.799-0400] {processor.py:161} INFO - Started process (PID=20861) to work on /Users/jbshome/Desktop/us_debt_etl_pipeline/debt_env/lib/python3.12/site-packages/airflow/example_dags/example_external_task_marker_dag.py
[2024-06-18T16:42:00.803-0400] {processor.py:830} INFO - Processing file /Users/jbshome/Desktop/us_debt_etl_pipeline/debt_env/lib/python3.12/site-packages/airflow/example_dags/example_external_task_marker_dag.py for tasks to queue
[2024-06-18T16:42:00.805-0400] {logging_mixin.py:188} INFO - [2024-06-18T16:42:00.805-0400] {dagbag.py:545} INFO - Filling up the DagBag from /Users/jbshome/Desktop/us_debt_etl_pipeline/debt_env/lib/python3.12/site-packages/airflow/example_dags/example_external_task_marker_dag.py
[2024-06-18T16:42:00.848-0400] {processor.py:840} INFO - DAG(s) 'example_external_task_marker_parent', 'example_external_task_marker_child' retrieved from /Users/jbshome/Desktop/us_debt_etl_pipeline/debt_env/lib/python3.12/site-packages/airflow/example_dags/example_external_task_marker_dag.py
[2024-06-18T16:42:01.015-0400] {logging_mixin.py:188} INFO - [2024-06-18T16:42:01.015-0400] {dag.py:3096} INFO - Sync 2 DAGs
[2024-06-18T16:42:01.120-0400] {logging_mixin.py:188} INFO - [2024-06-18T16:42:01.120-0400] {dag.py:3954} INFO - Setting next_dagrun for example_external_task_marker_child to None, run_after=None
[2024-06-18T16:42:01.128-0400] {logging_mixin.py:188} INFO - [2024-06-18T16:42:01.128-0400] {dag.py:3954} INFO - Setting next_dagrun for example_external_task_marker_parent to None, run_after=None
[2024-06-18T16:42:01.179-0400] {processor.py:183} INFO - Processing /Users/jbshome/Desktop/us_debt_etl_pipeline/debt_env/lib/python3.12/site-packages/airflow/example_dags/example_external_task_marker_dag.py took 0.387 seconds
[2024-06-18T16:45:04.612-0400] {processor.py:161} INFO - Started process (PID=21470) to work on /Users/jbshome/Desktop/us_debt_etl_pipeline/debt_env/lib/python3.12/site-packages/airflow/example_dags/example_external_task_marker_dag.py
[2024-06-18T16:45:04.614-0400] {processor.py:830} INFO - Processing file /Users/jbshome/Desktop/us_debt_etl_pipeline/debt_env/lib/python3.12/site-packages/airflow/example_dags/example_external_task_marker_dag.py for tasks to queue
[2024-06-18T16:45:04.615-0400] {logging_mixin.py:188} INFO - [2024-06-18T16:45:04.615-0400] {dagbag.py:545} INFO - Filling up the DagBag from /Users/jbshome/Desktop/us_debt_etl_pipeline/debt_env/lib/python3.12/site-packages/airflow/example_dags/example_external_task_marker_dag.py
[2024-06-18T16:45:04.637-0400] {processor.py:840} INFO - DAG(s) 'example_external_task_marker_parent', 'example_external_task_marker_child' retrieved from /Users/jbshome/Desktop/us_debt_etl_pipeline/debt_env/lib/python3.12/site-packages/airflow/example_dags/example_external_task_marker_dag.py
[2024-06-18T16:45:04.809-0400] {logging_mixin.py:188} INFO - [2024-06-18T16:45:04.808-0400] {dag.py:3096} INFO - Sync 2 DAGs
[2024-06-18T16:45:04.822-0400] {logging_mixin.py:188} INFO - [2024-06-18T16:45:04.822-0400] {dag.py:3954} INFO - Setting next_dagrun for example_external_task_marker_child to None, run_after=None
[2024-06-18T16:45:04.829-0400] {logging_mixin.py:188} INFO - [2024-06-18T16:45:04.828-0400] {dag.py:3954} INFO - Setting next_dagrun for example_external_task_marker_parent to None, run_after=None
[2024-06-18T16:45:04.853-0400] {processor.py:183} INFO - Processing /Users/jbshome/Desktop/us_debt_etl_pipeline/debt_env/lib/python3.12/site-packages/airflow/example_dags/example_external_task_marker_dag.py took 0.249 seconds
[2024-06-18T16:51:16.609-0400] {processor.py:161} INFO - Started process (PID=21821) to work on /Users/jbshome/Desktop/us_debt_etl_pipeline/debt_env/lib/python3.12/site-packages/airflow/example_dags/example_external_task_marker_dag.py
[2024-06-18T16:51:16.610-0400] {processor.py:830} INFO - Processing file /Users/jbshome/Desktop/us_debt_etl_pipeline/debt_env/lib/python3.12/site-packages/airflow/example_dags/example_external_task_marker_dag.py for tasks to queue
[2024-06-18T16:51:16.611-0400] {logging_mixin.py:188} INFO - [2024-06-18T16:51:16.611-0400] {dagbag.py:545} INFO - Filling up the DagBag from /Users/jbshome/Desktop/us_debt_etl_pipeline/debt_env/lib/python3.12/site-packages/airflow/example_dags/example_external_task_marker_dag.py
[2024-06-18T16:51:16.625-0400] {processor.py:840} INFO - DAG(s) 'example_external_task_marker_child', 'example_external_task_marker_parent' retrieved from /Users/jbshome/Desktop/us_debt_etl_pipeline/debt_env/lib/python3.12/site-packages/airflow/example_dags/example_external_task_marker_dag.py
[2024-06-18T16:51:16.743-0400] {logging_mixin.py:188} INFO - [2024-06-18T16:51:16.742-0400] {dag.py:3096} INFO - Sync 2 DAGs
[2024-06-18T16:51:16.752-0400] {logging_mixin.py:188} INFO - [2024-06-18T16:51:16.752-0400] {dag.py:3954} INFO - Setting next_dagrun for example_external_task_marker_child to None, run_after=None
[2024-06-18T16:51:16.756-0400] {logging_mixin.py:188} INFO - [2024-06-18T16:51:16.755-0400] {dag.py:3954} INFO - Setting next_dagrun for example_external_task_marker_parent to None, run_after=None
[2024-06-18T16:51:16.774-0400] {processor.py:183} INFO - Processing /Users/jbshome/Desktop/us_debt_etl_pipeline/debt_env/lib/python3.12/site-packages/airflow/example_dags/example_external_task_marker_dag.py took 0.167 seconds
[2024-06-18T16:54:19.749-0400] {processor.py:161} INFO - Started process (PID=21974) to work on /Users/jbshome/Desktop/us_debt_etl_pipeline/debt_env/lib/python3.12/site-packages/airflow/example_dags/example_external_task_marker_dag.py
[2024-06-18T16:54:19.755-0400] {processor.py:830} INFO - Processing file /Users/jbshome/Desktop/us_debt_etl_pipeline/debt_env/lib/python3.12/site-packages/airflow/example_dags/example_external_task_marker_dag.py for tasks to queue
[2024-06-18T16:54:19.758-0400] {logging_mixin.py:188} INFO - [2024-06-18T16:54:19.757-0400] {dagbag.py:545} INFO - Filling up the DagBag from /Users/jbshome/Desktop/us_debt_etl_pipeline/debt_env/lib/python3.12/site-packages/airflow/example_dags/example_external_task_marker_dag.py
[2024-06-18T16:54:19.878-0400] {processor.py:840} INFO - DAG(s) 'example_external_task_marker_parent', 'example_external_task_marker_child' retrieved from /Users/jbshome/Desktop/us_debt_etl_pipeline/debt_env/lib/python3.12/site-packages/airflow/example_dags/example_external_task_marker_dag.py
[2024-06-18T16:54:20.075-0400] {logging_mixin.py:188} INFO - [2024-06-18T16:54:20.074-0400] {dag.py:3096} INFO - Sync 2 DAGs
[2024-06-18T16:54:20.098-0400] {logging_mixin.py:188} INFO - [2024-06-18T16:54:20.098-0400] {dag.py:3954} INFO - Setting next_dagrun for example_external_task_marker_child to None, run_after=None
[2024-06-18T16:54:20.110-0400] {logging_mixin.py:188} INFO - [2024-06-18T16:54:20.110-0400] {dag.py:3954} INFO - Setting next_dagrun for example_external_task_marker_parent to None, run_after=None
[2024-06-18T16:54:20.138-0400] {processor.py:183} INFO - Processing /Users/jbshome/Desktop/us_debt_etl_pipeline/debt_env/lib/python3.12/site-packages/airflow/example_dags/example_external_task_marker_dag.py took 0.394 seconds
[2024-06-18T17:01:05.233-0400] {processor.py:161} INFO - Started process (PID=22669) to work on /Users/jbshome/Desktop/us_debt_etl_pipeline/debt_env/lib/python3.12/site-packages/airflow/example_dags/example_external_task_marker_dag.py
[2024-06-18T17:01:05.235-0400] {processor.py:830} INFO - Processing file /Users/jbshome/Desktop/us_debt_etl_pipeline/debt_env/lib/python3.12/site-packages/airflow/example_dags/example_external_task_marker_dag.py for tasks to queue
[2024-06-18T17:01:05.236-0400] {logging_mixin.py:188} INFO - [2024-06-18T17:01:05.236-0400] {dagbag.py:545} INFO - Filling up the DagBag from /Users/jbshome/Desktop/us_debt_etl_pipeline/debt_env/lib/python3.12/site-packages/airflow/example_dags/example_external_task_marker_dag.py
[2024-06-18T17:01:05.261-0400] {processor.py:840} INFO - DAG(s) 'example_external_task_marker_parent', 'example_external_task_marker_child' retrieved from /Users/jbshome/Desktop/us_debt_etl_pipeline/debt_env/lib/python3.12/site-packages/airflow/example_dags/example_external_task_marker_dag.py
[2024-06-18T17:01:05.489-0400] {logging_mixin.py:188} INFO - [2024-06-18T17:01:05.488-0400] {dag.py:3096} INFO - Sync 2 DAGs
[2024-06-18T17:01:05.514-0400] {logging_mixin.py:188} INFO - [2024-06-18T17:01:05.513-0400] {dag.py:3954} INFO - Setting next_dagrun for example_external_task_marker_child to None, run_after=None
[2024-06-18T17:01:05.523-0400] {logging_mixin.py:188} INFO - [2024-06-18T17:01:05.523-0400] {dag.py:3954} INFO - Setting next_dagrun for example_external_task_marker_parent to None, run_after=None
[2024-06-18T17:01:05.564-0400] {processor.py:183} INFO - Processing /Users/jbshome/Desktop/us_debt_etl_pipeline/debt_env/lib/python3.12/site-packages/airflow/example_dags/example_external_task_marker_dag.py took 0.335 seconds
[2024-06-18T17:04:51.475-0400] {processor.py:161} INFO - Started process (PID=22896) to work on /Users/jbshome/Desktop/us_debt_etl_pipeline/debt_env/lib/python3.12/site-packages/airflow/example_dags/example_external_task_marker_dag.py
[2024-06-18T17:04:51.476-0400] {processor.py:830} INFO - Processing file /Users/jbshome/Desktop/us_debt_etl_pipeline/debt_env/lib/python3.12/site-packages/airflow/example_dags/example_external_task_marker_dag.py for tasks to queue
[2024-06-18T17:04:51.478-0400] {logging_mixin.py:188} INFO - [2024-06-18T17:04:51.477-0400] {dagbag.py:545} INFO - Filling up the DagBag from /Users/jbshome/Desktop/us_debt_etl_pipeline/debt_env/lib/python3.12/site-packages/airflow/example_dags/example_external_task_marker_dag.py
[2024-06-18T17:04:51.503-0400] {processor.py:840} INFO - DAG(s) 'example_external_task_marker_child', 'example_external_task_marker_parent' retrieved from /Users/jbshome/Desktop/us_debt_etl_pipeline/debt_env/lib/python3.12/site-packages/airflow/example_dags/example_external_task_marker_dag.py
[2024-06-18T17:04:51.682-0400] {logging_mixin.py:188} INFO - [2024-06-18T17:04:51.681-0400] {dag.py:3096} INFO - Sync 2 DAGs
[2024-06-18T17:04:51.699-0400] {logging_mixin.py:188} INFO - [2024-06-18T17:04:51.698-0400] {dag.py:3954} INFO - Setting next_dagrun for example_external_task_marker_child to None, run_after=None
[2024-06-18T17:04:51.703-0400] {logging_mixin.py:188} INFO - [2024-06-18T17:04:51.703-0400] {dag.py:3954} INFO - Setting next_dagrun for example_external_task_marker_parent to None, run_after=None
[2024-06-18T17:04:51.731-0400] {processor.py:183} INFO - Processing /Users/jbshome/Desktop/us_debt_etl_pipeline/debt_env/lib/python3.12/site-packages/airflow/example_dags/example_external_task_marker_dag.py took 0.261 seconds
[2024-06-18T17:08:36.178-0400] {processor.py:161} INFO - Started process (PID=23614) to work on /Users/jbshome/Desktop/us_debt_etl_pipeline/debt_env/lib/python3.12/site-packages/airflow/example_dags/example_external_task_marker_dag.py
[2024-06-18T17:08:36.181-0400] {processor.py:830} INFO - Processing file /Users/jbshome/Desktop/us_debt_etl_pipeline/debt_env/lib/python3.12/site-packages/airflow/example_dags/example_external_task_marker_dag.py for tasks to queue
[2024-06-18T17:08:36.183-0400] {logging_mixin.py:188} INFO - [2024-06-18T17:08:36.182-0400] {dagbag.py:545} INFO - Filling up the DagBag from /Users/jbshome/Desktop/us_debt_etl_pipeline/debt_env/lib/python3.12/site-packages/airflow/example_dags/example_external_task_marker_dag.py
[2024-06-18T17:08:36.210-0400] {processor.py:840} INFO - DAG(s) 'example_external_task_marker_child', 'example_external_task_marker_parent' retrieved from /Users/jbshome/Desktop/us_debt_etl_pipeline/debt_env/lib/python3.12/site-packages/airflow/example_dags/example_external_task_marker_dag.py
[2024-06-18T17:08:36.506-0400] {logging_mixin.py:188} INFO - [2024-06-18T17:08:36.505-0400] {dag.py:3096} INFO - Sync 2 DAGs
[2024-06-18T17:08:36.526-0400] {logging_mixin.py:188} INFO - [2024-06-18T17:08:36.526-0400] {dag.py:3954} INFO - Setting next_dagrun for example_external_task_marker_child to None, run_after=None
[2024-06-18T17:08:36.532-0400] {logging_mixin.py:188} INFO - [2024-06-18T17:08:36.531-0400] {dag.py:3954} INFO - Setting next_dagrun for example_external_task_marker_parent to None, run_after=None
[2024-06-18T17:08:36.566-0400] {processor.py:183} INFO - Processing /Users/jbshome/Desktop/us_debt_etl_pipeline/debt_env/lib/python3.12/site-packages/airflow/example_dags/example_external_task_marker_dag.py took 0.392 seconds
[2024-06-18T17:13:05.752-0400] {processor.py:161} INFO - Started process (PID=23985) to work on /Users/jbshome/Desktop/us_debt_etl_pipeline/debt_env/lib/python3.12/site-packages/airflow/example_dags/example_external_task_marker_dag.py
[2024-06-18T17:13:05.754-0400] {processor.py:830} INFO - Processing file /Users/jbshome/Desktop/us_debt_etl_pipeline/debt_env/lib/python3.12/site-packages/airflow/example_dags/example_external_task_marker_dag.py for tasks to queue
[2024-06-18T17:13:05.756-0400] {logging_mixin.py:188} INFO - [2024-06-18T17:13:05.756-0400] {dagbag.py:545} INFO - Filling up the DagBag from /Users/jbshome/Desktop/us_debt_etl_pipeline/debt_env/lib/python3.12/site-packages/airflow/example_dags/example_external_task_marker_dag.py
[2024-06-18T17:13:05.781-0400] {processor.py:840} INFO - DAG(s) 'example_external_task_marker_parent', 'example_external_task_marker_child' retrieved from /Users/jbshome/Desktop/us_debt_etl_pipeline/debt_env/lib/python3.12/site-packages/airflow/example_dags/example_external_task_marker_dag.py
[2024-06-18T17:13:06.029-0400] {logging_mixin.py:188} INFO - [2024-06-18T17:13:06.028-0400] {dag.py:3096} INFO - Sync 2 DAGs
[2024-06-18T17:13:06.048-0400] {logging_mixin.py:188} INFO - [2024-06-18T17:13:06.048-0400] {dag.py:3954} INFO - Setting next_dagrun for example_external_task_marker_child to None, run_after=None
[2024-06-18T17:13:06.055-0400] {logging_mixin.py:188} INFO - [2024-06-18T17:13:06.055-0400] {dag.py:3954} INFO - Setting next_dagrun for example_external_task_marker_parent to None, run_after=None
[2024-06-18T17:13:06.089-0400] {processor.py:183} INFO - Processing /Users/jbshome/Desktop/us_debt_etl_pipeline/debt_env/lib/python3.12/site-packages/airflow/example_dags/example_external_task_marker_dag.py took 0.342 seconds
[2024-06-18T17:18:38.017-0400] {processor.py:161} INFO - Started process (PID=24334) to work on /Users/jbshome/Desktop/us_debt_etl_pipeline/debt_env/lib/python3.12/site-packages/airflow/example_dags/example_external_task_marker_dag.py
[2024-06-18T17:18:38.021-0400] {processor.py:830} INFO - Processing file /Users/jbshome/Desktop/us_debt_etl_pipeline/debt_env/lib/python3.12/site-packages/airflow/example_dags/example_external_task_marker_dag.py for tasks to queue
[2024-06-18T17:18:38.023-0400] {logging_mixin.py:188} INFO - [2024-06-18T17:18:38.022-0400] {dagbag.py:545} INFO - Filling up the DagBag from /Users/jbshome/Desktop/us_debt_etl_pipeline/debt_env/lib/python3.12/site-packages/airflow/example_dags/example_external_task_marker_dag.py
[2024-06-18T17:18:38.052-0400] {processor.py:840} INFO - DAG(s) 'example_external_task_marker_parent', 'example_external_task_marker_child' retrieved from /Users/jbshome/Desktop/us_debt_etl_pipeline/debt_env/lib/python3.12/site-packages/airflow/example_dags/example_external_task_marker_dag.py
[2024-06-18T17:18:38.297-0400] {logging_mixin.py:188} INFO - [2024-06-18T17:18:38.297-0400] {dag.py:3096} INFO - Sync 2 DAGs
[2024-06-18T17:18:38.316-0400] {logging_mixin.py:188} INFO - [2024-06-18T17:18:38.316-0400] {dag.py:3954} INFO - Setting next_dagrun for example_external_task_marker_child to None, run_after=None
[2024-06-18T17:18:38.325-0400] {logging_mixin.py:188} INFO - [2024-06-18T17:18:38.324-0400] {dag.py:3954} INFO - Setting next_dagrun for example_external_task_marker_parent to None, run_after=None
[2024-06-18T17:18:38.359-0400] {processor.py:183} INFO - Processing /Users/jbshome/Desktop/us_debt_etl_pipeline/debt_env/lib/python3.12/site-packages/airflow/example_dags/example_external_task_marker_dag.py took 0.344 seconds
[2024-06-18T17:22:46.233-0400] {processor.py:161} INFO - Started process (PID=24653) to work on /Users/jbshome/Desktop/us_debt_etl_pipeline/debt_env/lib/python3.12/site-packages/airflow/example_dags/example_external_task_marker_dag.py
[2024-06-18T17:22:46.236-0400] {processor.py:830} INFO - Processing file /Users/jbshome/Desktop/us_debt_etl_pipeline/debt_env/lib/python3.12/site-packages/airflow/example_dags/example_external_task_marker_dag.py for tasks to queue
[2024-06-18T17:22:46.237-0400] {logging_mixin.py:188} INFO - [2024-06-18T17:22:46.236-0400] {dagbag.py:545} INFO - Filling up the DagBag from /Users/jbshome/Desktop/us_debt_etl_pipeline/debt_env/lib/python3.12/site-packages/airflow/example_dags/example_external_task_marker_dag.py
[2024-06-18T17:22:46.264-0400] {processor.py:840} INFO - DAG(s) 'example_external_task_marker_parent', 'example_external_task_marker_child' retrieved from /Users/jbshome/Desktop/us_debt_etl_pipeline/debt_env/lib/python3.12/site-packages/airflow/example_dags/example_external_task_marker_dag.py
[2024-06-18T17:22:46.520-0400] {logging_mixin.py:188} INFO - [2024-06-18T17:22:46.520-0400] {dag.py:3096} INFO - Sync 2 DAGs
[2024-06-18T17:22:46.538-0400] {logging_mixin.py:188} INFO - [2024-06-18T17:22:46.538-0400] {dag.py:3954} INFO - Setting next_dagrun for example_external_task_marker_child to None, run_after=None
[2024-06-18T17:22:46.544-0400] {logging_mixin.py:188} INFO - [2024-06-18T17:22:46.543-0400] {dag.py:3954} INFO - Setting next_dagrun for example_external_task_marker_parent to None, run_after=None
[2024-06-18T17:22:46.579-0400] {processor.py:183} INFO - Processing /Users/jbshome/Desktop/us_debt_etl_pipeline/debt_env/lib/python3.12/site-packages/airflow/example_dags/example_external_task_marker_dag.py took 0.351 seconds
[2024-06-18T17:27:26.149-0400] {processor.py:161} INFO - Started process (PID=24948) to work on /Users/jbshome/Desktop/us_debt_etl_pipeline/debt_env/lib/python3.12/site-packages/airflow/example_dags/example_external_task_marker_dag.py
[2024-06-18T17:27:26.151-0400] {processor.py:830} INFO - Processing file /Users/jbshome/Desktop/us_debt_etl_pipeline/debt_env/lib/python3.12/site-packages/airflow/example_dags/example_external_task_marker_dag.py for tasks to queue
[2024-06-18T17:27:26.153-0400] {logging_mixin.py:188} INFO - [2024-06-18T17:27:26.153-0400] {dagbag.py:545} INFO - Filling up the DagBag from /Users/jbshome/Desktop/us_debt_etl_pipeline/debt_env/lib/python3.12/site-packages/airflow/example_dags/example_external_task_marker_dag.py
[2024-06-18T17:27:26.201-0400] {processor.py:840} INFO - DAG(s) 'example_external_task_marker_parent', 'example_external_task_marker_child' retrieved from /Users/jbshome/Desktop/us_debt_etl_pipeline/debt_env/lib/python3.12/site-packages/airflow/example_dags/example_external_task_marker_dag.py
[2024-06-18T17:27:26.572-0400] {logging_mixin.py:188} INFO - [2024-06-18T17:27:26.571-0400] {dag.py:3096} INFO - Sync 2 DAGs
[2024-06-18T17:27:26.594-0400] {logging_mixin.py:188} INFO - [2024-06-18T17:27:26.594-0400] {dag.py:3954} INFO - Setting next_dagrun for example_external_task_marker_child to None, run_after=None
[2024-06-18T17:27:26.601-0400] {logging_mixin.py:188} INFO - [2024-06-18T17:27:26.600-0400] {dag.py:3954} INFO - Setting next_dagrun for example_external_task_marker_parent to None, run_after=None
[2024-06-18T17:27:26.634-0400] {processor.py:183} INFO - Processing /Users/jbshome/Desktop/us_debt_etl_pipeline/debt_env/lib/python3.12/site-packages/airflow/example_dags/example_external_task_marker_dag.py took 0.489 seconds
[2024-06-18T17:31:45.841-0400] {processor.py:161} INFO - Started process (PID=25271) to work on /Users/jbshome/Desktop/us_debt_etl_pipeline/debt_env/lib/python3.12/site-packages/airflow/example_dags/example_external_task_marker_dag.py
[2024-06-18T17:31:45.849-0400] {processor.py:830} INFO - Processing file /Users/jbshome/Desktop/us_debt_etl_pipeline/debt_env/lib/python3.12/site-packages/airflow/example_dags/example_external_task_marker_dag.py for tasks to queue
[2024-06-18T17:31:45.850-0400] {logging_mixin.py:188} INFO - [2024-06-18T17:31:45.849-0400] {dagbag.py:545} INFO - Filling up the DagBag from /Users/jbshome/Desktop/us_debt_etl_pipeline/debt_env/lib/python3.12/site-packages/airflow/example_dags/example_external_task_marker_dag.py
[2024-06-18T17:31:45.883-0400] {processor.py:840} INFO - DAG(s) 'example_external_task_marker_child', 'example_external_task_marker_parent' retrieved from /Users/jbshome/Desktop/us_debt_etl_pipeline/debt_env/lib/python3.12/site-packages/airflow/example_dags/example_external_task_marker_dag.py
[2024-06-18T17:31:46.247-0400] {logging_mixin.py:188} INFO - [2024-06-18T17:31:46.246-0400] {dag.py:3096} INFO - Sync 2 DAGs
[2024-06-18T17:31:46.270-0400] {logging_mixin.py:188} INFO - [2024-06-18T17:31:46.269-0400] {dag.py:3954} INFO - Setting next_dagrun for example_external_task_marker_child to None, run_after=None
[2024-06-18T17:31:46.278-0400] {logging_mixin.py:188} INFO - [2024-06-18T17:31:46.278-0400] {dag.py:3954} INFO - Setting next_dagrun for example_external_task_marker_parent to None, run_after=None
[2024-06-18T17:31:46.355-0400] {processor.py:183} INFO - Processing /Users/jbshome/Desktop/us_debt_etl_pipeline/debt_env/lib/python3.12/site-packages/airflow/example_dags/example_external_task_marker_dag.py took 0.519 seconds
[2024-06-18T17:37:19.373-0400] {processor.py:161} INFO - Started process (PID=26004) to work on /Users/jbshome/Desktop/us_debt_etl_pipeline/debt_env/lib/python3.12/site-packages/airflow/example_dags/example_external_task_marker_dag.py
[2024-06-18T17:37:19.376-0400] {processor.py:830} INFO - Processing file /Users/jbshome/Desktop/us_debt_etl_pipeline/debt_env/lib/python3.12/site-packages/airflow/example_dags/example_external_task_marker_dag.py for tasks to queue
[2024-06-18T17:37:19.377-0400] {logging_mixin.py:188} INFO - [2024-06-18T17:37:19.377-0400] {dagbag.py:545} INFO - Filling up the DagBag from /Users/jbshome/Desktop/us_debt_etl_pipeline/debt_env/lib/python3.12/site-packages/airflow/example_dags/example_external_task_marker_dag.py
[2024-06-18T17:37:19.433-0400] {processor.py:840} INFO - DAG(s) 'example_external_task_marker_parent', 'example_external_task_marker_child' retrieved from /Users/jbshome/Desktop/us_debt_etl_pipeline/debt_env/lib/python3.12/site-packages/airflow/example_dags/example_external_task_marker_dag.py
[2024-06-18T17:37:20.022-0400] {logging_mixin.py:188} INFO - [2024-06-18T17:37:20.021-0400] {dag.py:3096} INFO - Sync 2 DAGs
[2024-06-18T17:37:20.076-0400] {logging_mixin.py:188} INFO - [2024-06-18T17:37:20.075-0400] {dag.py:3954} INFO - Setting next_dagrun for example_external_task_marker_child to None, run_after=None
[2024-06-18T17:37:20.082-0400] {logging_mixin.py:188} INFO - [2024-06-18T17:37:20.081-0400] {dag.py:3954} INFO - Setting next_dagrun for example_external_task_marker_parent to None, run_after=None
[2024-06-18T17:37:20.166-0400] {processor.py:183} INFO - Processing /Users/jbshome/Desktop/us_debt_etl_pipeline/debt_env/lib/python3.12/site-packages/airflow/example_dags/example_external_task_marker_dag.py took 0.798 seconds
[2024-06-18T17:45:29.329-0400] {processor.py:161} INFO - Started process (PID=26953) to work on /Users/jbshome/Desktop/us_debt_etl_pipeline/debt_env/lib/python3.12/site-packages/airflow/example_dags/example_external_task_marker_dag.py
[2024-06-18T17:45:29.331-0400] {processor.py:830} INFO - Processing file /Users/jbshome/Desktop/us_debt_etl_pipeline/debt_env/lib/python3.12/site-packages/airflow/example_dags/example_external_task_marker_dag.py for tasks to queue
[2024-06-18T17:45:29.333-0400] {logging_mixin.py:188} INFO - [2024-06-18T17:45:29.332-0400] {dagbag.py:545} INFO - Filling up the DagBag from /Users/jbshome/Desktop/us_debt_etl_pipeline/debt_env/lib/python3.12/site-packages/airflow/example_dags/example_external_task_marker_dag.py
[2024-06-18T17:45:29.361-0400] {processor.py:840} INFO - DAG(s) 'example_external_task_marker_child', 'example_external_task_marker_parent' retrieved from /Users/jbshome/Desktop/us_debt_etl_pipeline/debt_env/lib/python3.12/site-packages/airflow/example_dags/example_external_task_marker_dag.py
[2024-06-18T17:45:29.566-0400] {logging_mixin.py:188} INFO - [2024-06-18T17:45:29.565-0400] {dag.py:3096} INFO - Sync 2 DAGs
[2024-06-18T17:45:29.585-0400] {logging_mixin.py:188} INFO - [2024-06-18T17:45:29.585-0400] {dag.py:3954} INFO - Setting next_dagrun for example_external_task_marker_child to None, run_after=None
[2024-06-18T17:45:29.591-0400] {logging_mixin.py:188} INFO - [2024-06-18T17:45:29.590-0400] {dag.py:3954} INFO - Setting next_dagrun for example_external_task_marker_parent to None, run_after=None
[2024-06-18T17:45:29.618-0400] {processor.py:183} INFO - Processing /Users/jbshome/Desktop/us_debt_etl_pipeline/debt_env/lib/python3.12/site-packages/airflow/example_dags/example_external_task_marker_dag.py took 0.294 seconds
[2024-06-18T17:49:50.264-0400] {processor.py:161} INFO - Started process (PID=27801) to work on /Users/jbshome/Desktop/us_debt_etl_pipeline/debt_env/lib/python3.12/site-packages/airflow/example_dags/example_external_task_marker_dag.py
[2024-06-18T17:49:50.266-0400] {processor.py:830} INFO - Processing file /Users/jbshome/Desktop/us_debt_etl_pipeline/debt_env/lib/python3.12/site-packages/airflow/example_dags/example_external_task_marker_dag.py for tasks to queue
[2024-06-18T17:49:50.267-0400] {logging_mixin.py:188} INFO - [2024-06-18T17:49:50.267-0400] {dagbag.py:545} INFO - Filling up the DagBag from /Users/jbshome/Desktop/us_debt_etl_pipeline/debt_env/lib/python3.12/site-packages/airflow/example_dags/example_external_task_marker_dag.py
[2024-06-18T17:49:50.300-0400] {processor.py:840} INFO - DAG(s) 'example_external_task_marker_parent', 'example_external_task_marker_child' retrieved from /Users/jbshome/Desktop/us_debt_etl_pipeline/debt_env/lib/python3.12/site-packages/airflow/example_dags/example_external_task_marker_dag.py
[2024-06-18T17:49:50.631-0400] {logging_mixin.py:188} INFO - [2024-06-18T17:49:50.630-0400] {dag.py:3096} INFO - Sync 2 DAGs
[2024-06-18T17:49:50.649-0400] {logging_mixin.py:188} INFO - [2024-06-18T17:49:50.648-0400] {dag.py:3954} INFO - Setting next_dagrun for example_external_task_marker_child to None, run_after=None
[2024-06-18T17:49:50.654-0400] {logging_mixin.py:188} INFO - [2024-06-18T17:49:50.654-0400] {dag.py:3954} INFO - Setting next_dagrun for example_external_task_marker_parent to None, run_after=None
[2024-06-18T17:49:50.693-0400] {processor.py:183} INFO - Processing /Users/jbshome/Desktop/us_debt_etl_pipeline/debt_env/lib/python3.12/site-packages/airflow/example_dags/example_external_task_marker_dag.py took 0.432 seconds
[2024-06-18T17:54:06.313-0400] {processor.py:161} INFO - Started process (PID=28734) to work on /Users/jbshome/Desktop/us_debt_etl_pipeline/debt_env/lib/python3.12/site-packages/airflow/example_dags/example_external_task_marker_dag.py
[2024-06-18T17:54:06.316-0400] {processor.py:830} INFO - Processing file /Users/jbshome/Desktop/us_debt_etl_pipeline/debt_env/lib/python3.12/site-packages/airflow/example_dags/example_external_task_marker_dag.py for tasks to queue
[2024-06-18T17:54:06.317-0400] {logging_mixin.py:188} INFO - [2024-06-18T17:54:06.316-0400] {dagbag.py:545} INFO - Filling up the DagBag from /Users/jbshome/Desktop/us_debt_etl_pipeline/debt_env/lib/python3.12/site-packages/airflow/example_dags/example_external_task_marker_dag.py
[2024-06-18T17:54:06.334-0400] {processor.py:840} INFO - DAG(s) 'example_external_task_marker_parent', 'example_external_task_marker_child' retrieved from /Users/jbshome/Desktop/us_debt_etl_pipeline/debt_env/lib/python3.12/site-packages/airflow/example_dags/example_external_task_marker_dag.py
[2024-06-18T17:54:06.510-0400] {logging_mixin.py:188} INFO - [2024-06-18T17:54:06.509-0400] {dag.py:3096} INFO - Sync 2 DAGs
[2024-06-18T17:54:06.520-0400] {logging_mixin.py:188} INFO - [2024-06-18T17:54:06.520-0400] {dag.py:3954} INFO - Setting next_dagrun for example_external_task_marker_child to None, run_after=None
[2024-06-18T17:54:06.523-0400] {logging_mixin.py:188} INFO - [2024-06-18T17:54:06.523-0400] {dag.py:3954} INFO - Setting next_dagrun for example_external_task_marker_parent to None, run_after=None
[2024-06-18T17:54:06.542-0400] {processor.py:183} INFO - Processing /Users/jbshome/Desktop/us_debt_etl_pipeline/debt_env/lib/python3.12/site-packages/airflow/example_dags/example_external_task_marker_dag.py took 0.237 seconds
