[2024-06-18T16:32:28.069-0400] {processor.py:161} INFO - Started process (PID=20186) to work on /Users/jbshome/Desktop/us_debt_etl_pipeline/debt_env/lib/python3.12/site-packages/airflow/example_dags/example_complex.py
[2024-06-18T16:32:28.071-0400] {processor.py:830} INFO - Processing file /Users/jbshome/Desktop/us_debt_etl_pipeline/debt_env/lib/python3.12/site-packages/airflow/example_dags/example_complex.py for tasks to queue
[2024-06-18T16:32:28.072-0400] {logging_mixin.py:188} INFO - [2024-06-18T16:32:28.072-0400] {dagbag.py:545} INFO - Filling up the DagBag from /Users/jbshome/Desktop/us_debt_etl_pipeline/debt_env/lib/python3.12/site-packages/airflow/example_dags/example_complex.py
[2024-06-18T16:32:28.091-0400] {processor.py:840} INFO - DAG(s) 'example_complex' retrieved from /Users/jbshome/Desktop/us_debt_etl_pipeline/debt_env/lib/python3.12/site-packages/airflow/example_dags/example_complex.py
[2024-06-18T16:32:28.733-0400] {logging_mixin.py:188} INFO - [2024-06-18T16:32:28.732-0400] {override.py:1829} INFO - Created Permission View: can delete on DAG:example_complex
[2024-06-18T16:32:28.768-0400] {logging_mixin.py:188} INFO - [2024-06-18T16:32:28.767-0400] {override.py:1829} INFO - Created Permission View: can edit on DAG:example_complex
[2024-06-18T16:32:28.795-0400] {logging_mixin.py:188} INFO - [2024-06-18T16:32:28.794-0400] {override.py:1829} INFO - Created Permission View: can read on DAG:example_complex
[2024-06-18T16:32:28.796-0400] {logging_mixin.py:188} INFO - [2024-06-18T16:32:28.795-0400] {dag.py:3096} INFO - Sync 1 DAGs
[2024-06-18T16:32:28.836-0400] {logging_mixin.py:188} INFO - [2024-06-18T16:32:28.835-0400] {dag.py:3118} INFO - Creating ORM DAG for example_complex
[2024-06-18T16:32:28.836-0400] {logging_mixin.py:188} INFO - [2024-06-18T16:32:28.836-0400] {dag.py:3954} INFO - Setting next_dagrun for example_complex to None, run_after=None
[2024-06-18T16:32:28.884-0400] {processor.py:183} INFO - Processing /Users/jbshome/Desktop/us_debt_etl_pipeline/debt_env/lib/python3.12/site-packages/airflow/example_dags/example_complex.py took 0.818 seconds
[2024-06-18T16:36:07.559-0400] {processor.py:161} INFO - Started process (PID=20386) to work on /Users/jbshome/Desktop/us_debt_etl_pipeline/debt_env/lib/python3.12/site-packages/airflow/example_dags/example_complex.py
[2024-06-18T16:36:07.562-0400] {processor.py:830} INFO - Processing file /Users/jbshome/Desktop/us_debt_etl_pipeline/debt_env/lib/python3.12/site-packages/airflow/example_dags/example_complex.py for tasks to queue
[2024-06-18T16:36:07.563-0400] {logging_mixin.py:188} INFO - [2024-06-18T16:36:07.563-0400] {dagbag.py:545} INFO - Filling up the DagBag from /Users/jbshome/Desktop/us_debt_etl_pipeline/debt_env/lib/python3.12/site-packages/airflow/example_dags/example_complex.py
[2024-06-18T16:36:07.581-0400] {processor.py:840} INFO - DAG(s) 'example_complex' retrieved from /Users/jbshome/Desktop/us_debt_etl_pipeline/debt_env/lib/python3.12/site-packages/airflow/example_dags/example_complex.py
[2024-06-18T16:36:07.745-0400] {logging_mixin.py:188} INFO - [2024-06-18T16:36:07.744-0400] {dag.py:3096} INFO - Sync 1 DAGs
[2024-06-18T16:36:07.757-0400] {logging_mixin.py:188} INFO - [2024-06-18T16:36:07.757-0400] {dag.py:3954} INFO - Setting next_dagrun for example_complex to None, run_after=None
[2024-06-18T16:36:07.786-0400] {processor.py:183} INFO - Processing /Users/jbshome/Desktop/us_debt_etl_pipeline/debt_env/lib/python3.12/site-packages/airflow/example_dags/example_complex.py took 0.231 seconds
[2024-06-18T16:42:25.999-0400] {processor.py:161} INFO - Started process (PID=21144) to work on /Users/jbshome/Desktop/us_debt_etl_pipeline/debt_env/lib/python3.12/site-packages/airflow/example_dags/example_complex.py
[2024-06-18T16:42:26.001-0400] {processor.py:830} INFO - Processing file /Users/jbshome/Desktop/us_debt_etl_pipeline/debt_env/lib/python3.12/site-packages/airflow/example_dags/example_complex.py for tasks to queue
[2024-06-18T16:42:26.002-0400] {logging_mixin.py:188} INFO - [2024-06-18T16:42:26.002-0400] {dagbag.py:545} INFO - Filling up the DagBag from /Users/jbshome/Desktop/us_debt_etl_pipeline/debt_env/lib/python3.12/site-packages/airflow/example_dags/example_complex.py
[2024-06-18T16:42:26.017-0400] {processor.py:840} INFO - DAG(s) 'example_complex' retrieved from /Users/jbshome/Desktop/us_debt_etl_pipeline/debt_env/lib/python3.12/site-packages/airflow/example_dags/example_complex.py
[2024-06-18T16:42:26.177-0400] {logging_mixin.py:188} INFO - [2024-06-18T16:42:26.176-0400] {dag.py:3096} INFO - Sync 1 DAGs
[2024-06-18T16:42:26.191-0400] {logging_mixin.py:188} INFO - [2024-06-18T16:42:26.190-0400] {dag.py:3954} INFO - Setting next_dagrun for example_complex to None, run_after=None
[2024-06-18T16:42:26.219-0400] {processor.py:183} INFO - Processing /Users/jbshome/Desktop/us_debt_etl_pipeline/debt_env/lib/python3.12/site-packages/airflow/example_dags/example_complex.py took 0.223 seconds
[2024-06-18T16:48:35.008-0400] {processor.py:161} INFO - Started process (PID=21664) to work on /Users/jbshome/Desktop/us_debt_etl_pipeline/debt_env/lib/python3.12/site-packages/airflow/example_dags/example_complex.py
[2024-06-18T16:48:35.010-0400] {processor.py:830} INFO - Processing file /Users/jbshome/Desktop/us_debt_etl_pipeline/debt_env/lib/python3.12/site-packages/airflow/example_dags/example_complex.py for tasks to queue
[2024-06-18T16:48:35.011-0400] {logging_mixin.py:188} INFO - [2024-06-18T16:48:35.011-0400] {dagbag.py:545} INFO - Filling up the DagBag from /Users/jbshome/Desktop/us_debt_etl_pipeline/debt_env/lib/python3.12/site-packages/airflow/example_dags/example_complex.py
[2024-06-18T16:48:35.043-0400] {processor.py:840} INFO - DAG(s) 'example_complex' retrieved from /Users/jbshome/Desktop/us_debt_etl_pipeline/debt_env/lib/python3.12/site-packages/airflow/example_dags/example_complex.py
[2024-06-18T16:48:35.246-0400] {logging_mixin.py:188} INFO - [2024-06-18T16:48:35.246-0400] {dag.py:3096} INFO - Sync 1 DAGs
[2024-06-18T16:48:35.258-0400] {logging_mixin.py:188} INFO - [2024-06-18T16:48:35.257-0400] {dag.py:3954} INFO - Setting next_dagrun for example_complex to None, run_after=None
[2024-06-18T16:48:35.287-0400] {processor.py:183} INFO - Processing /Users/jbshome/Desktop/us_debt_etl_pipeline/debt_env/lib/python3.12/site-packages/airflow/example_dags/example_complex.py took 0.286 seconds
[2024-06-18T16:54:42.593-0400] {processor.py:161} INFO - Started process (PID=21991) to work on /Users/jbshome/Desktop/us_debt_etl_pipeline/debt_env/lib/python3.12/site-packages/airflow/example_dags/example_complex.py
[2024-06-18T16:54:42.598-0400] {processor.py:830} INFO - Processing file /Users/jbshome/Desktop/us_debt_etl_pipeline/debt_env/lib/python3.12/site-packages/airflow/example_dags/example_complex.py for tasks to queue
[2024-06-18T16:54:42.600-0400] {logging_mixin.py:188} INFO - [2024-06-18T16:54:42.599-0400] {dagbag.py:545} INFO - Filling up the DagBag from /Users/jbshome/Desktop/us_debt_etl_pipeline/debt_env/lib/python3.12/site-packages/airflow/example_dags/example_complex.py
[2024-06-18T16:54:42.633-0400] {processor.py:840} INFO - DAG(s) 'example_complex' retrieved from /Users/jbshome/Desktop/us_debt_etl_pipeline/debt_env/lib/python3.12/site-packages/airflow/example_dags/example_complex.py
[2024-06-18T16:54:42.959-0400] {logging_mixin.py:188} INFO - [2024-06-18T16:54:42.958-0400] {dag.py:3096} INFO - Sync 1 DAGs
[2024-06-18T16:54:42.983-0400] {logging_mixin.py:188} INFO - [2024-06-18T16:54:42.983-0400] {dag.py:3954} INFO - Setting next_dagrun for example_complex to None, run_after=None
[2024-06-18T16:54:43.033-0400] {processor.py:183} INFO - Processing /Users/jbshome/Desktop/us_debt_etl_pipeline/debt_env/lib/python3.12/site-packages/airflow/example_dags/example_complex.py took 0.448 seconds
[2024-06-18T17:01:53.693-0400] {processor.py:161} INFO - Started process (PID=22725) to work on /Users/jbshome/Desktop/us_debt_etl_pipeline/debt_env/lib/python3.12/site-packages/airflow/example_dags/example_complex.py
[2024-06-18T17:01:53.710-0400] {processor.py:830} INFO - Processing file /Users/jbshome/Desktop/us_debt_etl_pipeline/debt_env/lib/python3.12/site-packages/airflow/example_dags/example_complex.py for tasks to queue
[2024-06-18T17:01:53.714-0400] {logging_mixin.py:188} INFO - [2024-06-18T17:01:53.713-0400] {dagbag.py:545} INFO - Filling up the DagBag from /Users/jbshome/Desktop/us_debt_etl_pipeline/debt_env/lib/python3.12/site-packages/airflow/example_dags/example_complex.py
[2024-06-18T17:01:53.758-0400] {processor.py:840} INFO - DAG(s) 'example_complex' retrieved from /Users/jbshome/Desktop/us_debt_etl_pipeline/debt_env/lib/python3.12/site-packages/airflow/example_dags/example_complex.py
[2024-06-18T17:01:54.073-0400] {logging_mixin.py:188} INFO - [2024-06-18T17:01:54.072-0400] {dag.py:3096} INFO - Sync 1 DAGs
[2024-06-18T17:01:54.132-0400] {logging_mixin.py:188} INFO - [2024-06-18T17:01:54.131-0400] {dag.py:3954} INFO - Setting next_dagrun for example_complex to None, run_after=None
[2024-06-18T17:01:54.190-0400] {processor.py:183} INFO - Processing /Users/jbshome/Desktop/us_debt_etl_pipeline/debt_env/lib/python3.12/site-packages/airflow/example_dags/example_complex.py took 0.500 seconds
[2024-06-18T17:09:01.508-0400] {processor.py:161} INFO - Started process (PID=23722) to work on /Users/jbshome/Desktop/us_debt_etl_pipeline/debt_env/lib/python3.12/site-packages/airflow/example_dags/example_complex.py
[2024-06-18T17:09:01.560-0400] {processor.py:830} INFO - Processing file /Users/jbshome/Desktop/us_debt_etl_pipeline/debt_env/lib/python3.12/site-packages/airflow/example_dags/example_complex.py for tasks to queue
[2024-06-18T17:09:01.562-0400] {logging_mixin.py:188} INFO - [2024-06-18T17:09:01.561-0400] {dagbag.py:545} INFO - Filling up the DagBag from /Users/jbshome/Desktop/us_debt_etl_pipeline/debt_env/lib/python3.12/site-packages/airflow/example_dags/example_complex.py
[2024-06-18T17:09:01.689-0400] {processor.py:840} INFO - DAG(s) 'example_complex' retrieved from /Users/jbshome/Desktop/us_debt_etl_pipeline/debt_env/lib/python3.12/site-packages/airflow/example_dags/example_complex.py
[2024-06-18T17:09:02.251-0400] {logging_mixin.py:188} INFO - [2024-06-18T17:09:02.250-0400] {dag.py:3096} INFO - Sync 1 DAGs
[2024-06-18T17:09:02.273-0400] {logging_mixin.py:188} INFO - [2024-06-18T17:09:02.273-0400] {dag.py:3954} INFO - Setting next_dagrun for example_complex to None, run_after=None
[2024-06-18T17:09:02.436-0400] {processor.py:183} INFO - Processing /Users/jbshome/Desktop/us_debt_etl_pipeline/debt_env/lib/python3.12/site-packages/airflow/example_dags/example_complex.py took 0.967 seconds
[2024-06-18T17:19:23.911-0400] {processor.py:161} INFO - Started process (PID=24380) to work on /Users/jbshome/Desktop/us_debt_etl_pipeline/debt_env/lib/python3.12/site-packages/airflow/example_dags/example_complex.py
[2024-06-18T17:19:23.914-0400] {processor.py:830} INFO - Processing file /Users/jbshome/Desktop/us_debt_etl_pipeline/debt_env/lib/python3.12/site-packages/airflow/example_dags/example_complex.py for tasks to queue
[2024-06-18T17:19:23.917-0400] {logging_mixin.py:188} INFO - [2024-06-18T17:19:23.915-0400] {dagbag.py:545} INFO - Filling up the DagBag from /Users/jbshome/Desktop/us_debt_etl_pipeline/debt_env/lib/python3.12/site-packages/airflow/example_dags/example_complex.py
[2024-06-18T17:19:23.973-0400] {processor.py:840} INFO - DAG(s) 'example_complex' retrieved from /Users/jbshome/Desktop/us_debt_etl_pipeline/debt_env/lib/python3.12/site-packages/airflow/example_dags/example_complex.py
[2024-06-18T17:19:24.518-0400] {logging_mixin.py:188} INFO - [2024-06-18T17:19:24.517-0400] {dag.py:3096} INFO - Sync 1 DAGs
[2024-06-18T17:19:24.564-0400] {logging_mixin.py:188} INFO - [2024-06-18T17:19:24.562-0400] {dag.py:3954} INFO - Setting next_dagrun for example_complex to None, run_after=None
[2024-06-18T17:19:24.622-0400] {processor.py:183} INFO - Processing /Users/jbshome/Desktop/us_debt_etl_pipeline/debt_env/lib/python3.12/site-packages/airflow/example_dags/example_complex.py took 0.716 seconds
[2024-06-18T17:28:06.404-0400] {processor.py:161} INFO - Started process (PID=24990) to work on /Users/jbshome/Desktop/us_debt_etl_pipeline/debt_env/lib/python3.12/site-packages/airflow/example_dags/example_complex.py
[2024-06-18T17:28:06.406-0400] {processor.py:830} INFO - Processing file /Users/jbshome/Desktop/us_debt_etl_pipeline/debt_env/lib/python3.12/site-packages/airflow/example_dags/example_complex.py for tasks to queue
[2024-06-18T17:28:06.407-0400] {logging_mixin.py:188} INFO - [2024-06-18T17:28:06.407-0400] {dagbag.py:545} INFO - Filling up the DagBag from /Users/jbshome/Desktop/us_debt_etl_pipeline/debt_env/lib/python3.12/site-packages/airflow/example_dags/example_complex.py
[2024-06-18T17:28:06.439-0400] {processor.py:840} INFO - DAG(s) 'example_complex' retrieved from /Users/jbshome/Desktop/us_debt_etl_pipeline/debt_env/lib/python3.12/site-packages/airflow/example_dags/example_complex.py
[2024-06-18T17:28:06.727-0400] {logging_mixin.py:188} INFO - [2024-06-18T17:28:06.727-0400] {dag.py:3096} INFO - Sync 1 DAGs
[2024-06-18T17:28:06.763-0400] {logging_mixin.py:188} INFO - [2024-06-18T17:28:06.763-0400] {dag.py:3954} INFO - Setting next_dagrun for example_complex to None, run_after=None
[2024-06-18T17:28:06.809-0400] {processor.py:183} INFO - Processing /Users/jbshome/Desktop/us_debt_etl_pipeline/debt_env/lib/python3.12/site-packages/airflow/example_dags/example_complex.py took 0.409 seconds
[2024-06-18T17:38:25.521-0400] {processor.py:161} INFO - Started process (PID=26318) to work on /Users/jbshome/Desktop/us_debt_etl_pipeline/debt_env/lib/python3.12/site-packages/airflow/example_dags/example_complex.py
[2024-06-18T17:38:25.524-0400] {processor.py:830} INFO - Processing file /Users/jbshome/Desktop/us_debt_etl_pipeline/debt_env/lib/python3.12/site-packages/airflow/example_dags/example_complex.py for tasks to queue
[2024-06-18T17:38:25.524-0400] {logging_mixin.py:188} INFO - [2024-06-18T17:38:25.524-0400] {dagbag.py:545} INFO - Filling up the DagBag from /Users/jbshome/Desktop/us_debt_etl_pipeline/debt_env/lib/python3.12/site-packages/airflow/example_dags/example_complex.py
[2024-06-18T17:38:25.642-0400] {processor.py:840} INFO - DAG(s) 'example_complex' retrieved from /Users/jbshome/Desktop/us_debt_etl_pipeline/debt_env/lib/python3.12/site-packages/airflow/example_dags/example_complex.py
[2024-06-18T17:38:26.498-0400] {logging_mixin.py:188} INFO - [2024-06-18T17:38:26.498-0400] {dag.py:3096} INFO - Sync 1 DAGs
[2024-06-18T17:38:26.531-0400] {logging_mixin.py:188} INFO - [2024-06-18T17:38:26.530-0400] {dag.py:3954} INFO - Setting next_dagrun for example_complex to None, run_after=None
[2024-06-18T17:38:26.606-0400] {processor.py:183} INFO - Processing /Users/jbshome/Desktop/us_debt_etl_pipeline/debt_env/lib/python3.12/site-packages/airflow/example_dags/example_complex.py took 1.090 seconds
[2024-06-18T17:45:58.975-0400] {processor.py:161} INFO - Started process (PID=27218) to work on /Users/jbshome/Desktop/us_debt_etl_pipeline/debt_env/lib/python3.12/site-packages/airflow/example_dags/example_complex.py
[2024-06-18T17:45:58.977-0400] {processor.py:830} INFO - Processing file /Users/jbshome/Desktop/us_debt_etl_pipeline/debt_env/lib/python3.12/site-packages/airflow/example_dags/example_complex.py for tasks to queue
[2024-06-18T17:45:58.979-0400] {logging_mixin.py:188} INFO - [2024-06-18T17:45:58.978-0400] {dagbag.py:545} INFO - Filling up the DagBag from /Users/jbshome/Desktop/us_debt_etl_pipeline/debt_env/lib/python3.12/site-packages/airflow/example_dags/example_complex.py
[2024-06-18T17:45:59.003-0400] {processor.py:840} INFO - DAG(s) 'example_complex' retrieved from /Users/jbshome/Desktop/us_debt_etl_pipeline/debt_env/lib/python3.12/site-packages/airflow/example_dags/example_complex.py
[2024-06-18T17:45:59.234-0400] {logging_mixin.py:188} INFO - [2024-06-18T17:45:59.234-0400] {dag.py:3096} INFO - Sync 1 DAGs
[2024-06-18T17:45:59.257-0400] {logging_mixin.py:188} INFO - [2024-06-18T17:45:59.256-0400] {dag.py:3954} INFO - Setting next_dagrun for example_complex to None, run_after=None
[2024-06-18T17:45:59.297-0400] {processor.py:183} INFO - Processing /Users/jbshome/Desktop/us_debt_etl_pipeline/debt_env/lib/python3.12/site-packages/airflow/example_dags/example_complex.py took 0.327 seconds
[2024-06-18T17:54:19.431-0400] {processor.py:161} INFO - Started process (PID=28750) to work on /Users/jbshome/Desktop/us_debt_etl_pipeline/debt_env/lib/python3.12/site-packages/airflow/example_dags/example_complex.py
[2024-06-18T17:54:19.433-0400] {processor.py:830} INFO - Processing file /Users/jbshome/Desktop/us_debt_etl_pipeline/debt_env/lib/python3.12/site-packages/airflow/example_dags/example_complex.py for tasks to queue
[2024-06-18T17:54:19.434-0400] {logging_mixin.py:188} INFO - [2024-06-18T17:54:19.434-0400] {dagbag.py:545} INFO - Filling up the DagBag from /Users/jbshome/Desktop/us_debt_etl_pipeline/debt_env/lib/python3.12/site-packages/airflow/example_dags/example_complex.py
[2024-06-18T17:54:19.447-0400] {processor.py:840} INFO - DAG(s) 'example_complex' retrieved from /Users/jbshome/Desktop/us_debt_etl_pipeline/debt_env/lib/python3.12/site-packages/airflow/example_dags/example_complex.py
[2024-06-18T17:54:19.570-0400] {logging_mixin.py:188} INFO - [2024-06-18T17:54:19.570-0400] {dag.py:3096} INFO - Sync 1 DAGs
[2024-06-18T17:54:19.582-0400] {logging_mixin.py:188} INFO - [2024-06-18T17:54:19.581-0400] {dag.py:3954} INFO - Setting next_dagrun for example_complex to None, run_after=None
[2024-06-18T17:54:19.612-0400] {processor.py:183} INFO - Processing /Users/jbshome/Desktop/us_debt_etl_pipeline/debt_env/lib/python3.12/site-packages/airflow/example_dags/example_complex.py took 0.184 seconds
