[2024-06-18T16:31:14.587-0400] {processor.py:161} INFO - Started process (PID=20114) to work on /Users/jbshome/Desktop/us_debt_etl_pipeline/debt_env/lib/python3.12/site-packages/airflow/example_dags/example_sensor_decorator.py
[2024-06-18T16:31:14.588-0400] {processor.py:830} INFO - Processing file /Users/jbshome/Desktop/us_debt_etl_pipeline/debt_env/lib/python3.12/site-packages/airflow/example_dags/example_sensor_decorator.py for tasks to queue
[2024-06-18T16:31:14.589-0400] {logging_mixin.py:188} INFO - [2024-06-18T16:31:14.589-0400] {dagbag.py:545} INFO - Filling up the DagBag from /Users/jbshome/Desktop/us_debt_etl_pipeline/debt_env/lib/python3.12/site-packages/airflow/example_dags/example_sensor_decorator.py
[2024-06-18T16:31:14.645-0400] {processor.py:840} INFO - DAG(s) 'example_sensor_decorator' retrieved from /Users/jbshome/Desktop/us_debt_etl_pipeline/debt_env/lib/python3.12/site-packages/airflow/example_dags/example_sensor_decorator.py
[2024-06-18T16:31:14.898-0400] {logging_mixin.py:188} INFO - [2024-06-18T16:31:14.897-0400] {override.py:1829} INFO - Created Permission View: can edit on DAG:example_sensor_decorator
[2024-06-18T16:31:14.979-0400] {logging_mixin.py:188} INFO - [2024-06-18T16:31:14.978-0400] {override.py:1829} INFO - Created Permission View: can delete on DAG:example_sensor_decorator
[2024-06-18T16:31:14.987-0400] {logging_mixin.py:188} INFO - [2024-06-18T16:31:14.986-0400] {override.py:1829} INFO - Created Permission View: can read on DAG:example_sensor_decorator
[2024-06-18T16:31:14.988-0400] {logging_mixin.py:188} INFO - [2024-06-18T16:31:14.987-0400] {dag.py:3096} INFO - Sync 1 DAGs
[2024-06-18T16:31:15.008-0400] {logging_mixin.py:188} INFO - [2024-06-18T16:31:15.007-0400] {dag.py:3118} INFO - Creating ORM DAG for example_sensor_decorator
[2024-06-18T16:31:15.009-0400] {logging_mixin.py:188} INFO - [2024-06-18T16:31:15.009-0400] {dag.py:3954} INFO - Setting next_dagrun for example_sensor_decorator to None, run_after=None
[2024-06-18T16:31:15.042-0400] {processor.py:183} INFO - Processing /Users/jbshome/Desktop/us_debt_etl_pipeline/debt_env/lib/python3.12/site-packages/airflow/example_dags/example_sensor_decorator.py took 0.458 seconds
[2024-06-18T16:34:55.458-0400] {processor.py:161} INFO - Started process (PID=20310) to work on /Users/jbshome/Desktop/us_debt_etl_pipeline/debt_env/lib/python3.12/site-packages/airflow/example_dags/example_sensor_decorator.py
[2024-06-18T16:34:55.461-0400] {processor.py:830} INFO - Processing file /Users/jbshome/Desktop/us_debt_etl_pipeline/debt_env/lib/python3.12/site-packages/airflow/example_dags/example_sensor_decorator.py for tasks to queue
[2024-06-18T16:34:55.462-0400] {logging_mixin.py:188} INFO - [2024-06-18T16:34:55.462-0400] {dagbag.py:545} INFO - Filling up the DagBag from /Users/jbshome/Desktop/us_debt_etl_pipeline/debt_env/lib/python3.12/site-packages/airflow/example_dags/example_sensor_decorator.py
[2024-06-18T16:34:55.514-0400] {processor.py:840} INFO - DAG(s) 'example_sensor_decorator' retrieved from /Users/jbshome/Desktop/us_debt_etl_pipeline/debt_env/lib/python3.12/site-packages/airflow/example_dags/example_sensor_decorator.py
[2024-06-18T16:34:55.664-0400] {logging_mixin.py:188} INFO - [2024-06-18T16:34:55.662-0400] {dag.py:3096} INFO - Sync 1 DAGs
[2024-06-18T16:34:55.678-0400] {logging_mixin.py:188} INFO - [2024-06-18T16:34:55.678-0400] {dag.py:3954} INFO - Setting next_dagrun for example_sensor_decorator to None, run_after=None
[2024-06-18T16:34:55.705-0400] {processor.py:183} INFO - Processing /Users/jbshome/Desktop/us_debt_etl_pipeline/debt_env/lib/python3.12/site-packages/airflow/example_dags/example_sensor_decorator.py took 0.249 seconds
[2024-06-18T16:38:15.237-0400] {processor.py:161} INFO - Started process (PID=20485) to work on /Users/jbshome/Desktop/us_debt_etl_pipeline/debt_env/lib/python3.12/site-packages/airflow/example_dags/example_sensor_decorator.py
[2024-06-18T16:38:15.238-0400] {processor.py:830} INFO - Processing file /Users/jbshome/Desktop/us_debt_etl_pipeline/debt_env/lib/python3.12/site-packages/airflow/example_dags/example_sensor_decorator.py for tasks to queue
[2024-06-18T16:38:15.239-0400] {logging_mixin.py:188} INFO - [2024-06-18T16:38:15.239-0400] {dagbag.py:545} INFO - Filling up the DagBag from /Users/jbshome/Desktop/us_debt_etl_pipeline/debt_env/lib/python3.12/site-packages/airflow/example_dags/example_sensor_decorator.py
[2024-06-18T16:38:15.285-0400] {processor.py:840} INFO - DAG(s) 'example_sensor_decorator' retrieved from /Users/jbshome/Desktop/us_debt_etl_pipeline/debt_env/lib/python3.12/site-packages/airflow/example_dags/example_sensor_decorator.py
[2024-06-18T16:38:15.444-0400] {logging_mixin.py:188} INFO - [2024-06-18T16:38:15.444-0400] {dag.py:3096} INFO - Sync 1 DAGs
[2024-06-18T16:38:15.458-0400] {logging_mixin.py:188} INFO - [2024-06-18T16:38:15.457-0400] {dag.py:3954} INFO - Setting next_dagrun for example_sensor_decorator to None, run_after=None
[2024-06-18T16:38:15.485-0400] {processor.py:183} INFO - Processing /Users/jbshome/Desktop/us_debt_etl_pipeline/debt_env/lib/python3.12/site-packages/airflow/example_dags/example_sensor_decorator.py took 0.252 seconds
[2024-06-18T16:41:20.044-0400] {processor.py:161} INFO - Started process (PID=20815) to work on /Users/jbshome/Desktop/us_debt_etl_pipeline/debt_env/lib/python3.12/site-packages/airflow/example_dags/example_sensor_decorator.py
[2024-06-18T16:41:20.047-0400] {processor.py:830} INFO - Processing file /Users/jbshome/Desktop/us_debt_etl_pipeline/debt_env/lib/python3.12/site-packages/airflow/example_dags/example_sensor_decorator.py for tasks to queue
[2024-06-18T16:41:20.049-0400] {logging_mixin.py:188} INFO - [2024-06-18T16:41:20.048-0400] {dagbag.py:545} INFO - Filling up the DagBag from /Users/jbshome/Desktop/us_debt_etl_pipeline/debt_env/lib/python3.12/site-packages/airflow/example_dags/example_sensor_decorator.py
[2024-06-18T16:41:20.105-0400] {processor.py:840} INFO - DAG(s) 'example_sensor_decorator' retrieved from /Users/jbshome/Desktop/us_debt_etl_pipeline/debt_env/lib/python3.12/site-packages/airflow/example_dags/example_sensor_decorator.py
[2024-06-18T16:41:20.414-0400] {logging_mixin.py:188} INFO - [2024-06-18T16:41:20.412-0400] {dag.py:3096} INFO - Sync 1 DAGs
[2024-06-18T16:41:20.437-0400] {logging_mixin.py:188} INFO - [2024-06-18T16:41:20.437-0400] {dag.py:3954} INFO - Setting next_dagrun for example_sensor_decorator to None, run_after=None
[2024-06-18T16:41:20.480-0400] {processor.py:183} INFO - Processing /Users/jbshome/Desktop/us_debt_etl_pipeline/debt_env/lib/python3.12/site-packages/airflow/example_dags/example_sensor_decorator.py took 0.445 seconds
[2024-06-18T16:44:22.910-0400] {processor.py:161} INFO - Started process (PID=21436) to work on /Users/jbshome/Desktop/us_debt_etl_pipeline/debt_env/lib/python3.12/site-packages/airflow/example_dags/example_sensor_decorator.py
[2024-06-18T16:44:22.913-0400] {processor.py:830} INFO - Processing file /Users/jbshome/Desktop/us_debt_etl_pipeline/debt_env/lib/python3.12/site-packages/airflow/example_dags/example_sensor_decorator.py for tasks to queue
[2024-06-18T16:44:22.914-0400] {logging_mixin.py:188} INFO - [2024-06-18T16:44:22.914-0400] {dagbag.py:545} INFO - Filling up the DagBag from /Users/jbshome/Desktop/us_debt_etl_pipeline/debt_env/lib/python3.12/site-packages/airflow/example_dags/example_sensor_decorator.py
[2024-06-18T16:44:22.966-0400] {processor.py:840} INFO - DAG(s) 'example_sensor_decorator' retrieved from /Users/jbshome/Desktop/us_debt_etl_pipeline/debt_env/lib/python3.12/site-packages/airflow/example_dags/example_sensor_decorator.py
[2024-06-18T16:44:23.117-0400] {logging_mixin.py:188} INFO - [2024-06-18T16:44:23.117-0400] {dag.py:3096} INFO - Sync 1 DAGs
[2024-06-18T16:44:23.131-0400] {logging_mixin.py:188} INFO - [2024-06-18T16:44:23.131-0400] {dag.py:3954} INFO - Setting next_dagrun for example_sensor_decorator to None, run_after=None
[2024-06-18T16:44:23.157-0400] {processor.py:183} INFO - Processing /Users/jbshome/Desktop/us_debt_etl_pipeline/debt_env/lib/python3.12/site-packages/airflow/example_dags/example_sensor_decorator.py took 0.252 seconds
[2024-06-18T16:47:24.353-0400] {processor.py:161} INFO - Started process (PID=21606) to work on /Users/jbshome/Desktop/us_debt_etl_pipeline/debt_env/lib/python3.12/site-packages/airflow/example_dags/example_sensor_decorator.py
[2024-06-18T16:47:24.355-0400] {processor.py:830} INFO - Processing file /Users/jbshome/Desktop/us_debt_etl_pipeline/debt_env/lib/python3.12/site-packages/airflow/example_dags/example_sensor_decorator.py for tasks to queue
[2024-06-18T16:47:24.356-0400] {logging_mixin.py:188} INFO - [2024-06-18T16:47:24.355-0400] {dagbag.py:545} INFO - Filling up the DagBag from /Users/jbshome/Desktop/us_debt_etl_pipeline/debt_env/lib/python3.12/site-packages/airflow/example_dags/example_sensor_decorator.py
[2024-06-18T16:47:24.399-0400] {processor.py:840} INFO - DAG(s) 'example_sensor_decorator' retrieved from /Users/jbshome/Desktop/us_debt_etl_pipeline/debt_env/lib/python3.12/site-packages/airflow/example_dags/example_sensor_decorator.py
[2024-06-18T16:47:24.539-0400] {logging_mixin.py:188} INFO - [2024-06-18T16:47:24.539-0400] {dag.py:3096} INFO - Sync 1 DAGs
[2024-06-18T16:47:24.550-0400] {logging_mixin.py:188} INFO - [2024-06-18T16:47:24.550-0400] {dag.py:3954} INFO - Setting next_dagrun for example_sensor_decorator to None, run_after=None
[2024-06-18T16:47:24.569-0400] {processor.py:183} INFO - Processing /Users/jbshome/Desktop/us_debt_etl_pipeline/debt_env/lib/python3.12/site-packages/airflow/example_dags/example_sensor_decorator.py took 0.220 seconds
[2024-06-18T16:50:32.196-0400] {processor.py:161} INFO - Started process (PID=21786) to work on /Users/jbshome/Desktop/us_debt_etl_pipeline/debt_env/lib/python3.12/site-packages/airflow/example_dags/example_sensor_decorator.py
[2024-06-18T16:50:32.199-0400] {processor.py:830} INFO - Processing file /Users/jbshome/Desktop/us_debt_etl_pipeline/debt_env/lib/python3.12/site-packages/airflow/example_dags/example_sensor_decorator.py for tasks to queue
[2024-06-18T16:50:32.203-0400] {logging_mixin.py:188} INFO - [2024-06-18T16:50:32.202-0400] {dagbag.py:545} INFO - Filling up the DagBag from /Users/jbshome/Desktop/us_debt_etl_pipeline/debt_env/lib/python3.12/site-packages/airflow/example_dags/example_sensor_decorator.py
[2024-06-18T16:50:32.274-0400] {processor.py:840} INFO - DAG(s) 'example_sensor_decorator' retrieved from /Users/jbshome/Desktop/us_debt_etl_pipeline/debt_env/lib/python3.12/site-packages/airflow/example_dags/example_sensor_decorator.py
[2024-06-18T16:50:32.490-0400] {logging_mixin.py:188} INFO - [2024-06-18T16:50:32.489-0400] {dag.py:3096} INFO - Sync 1 DAGs
[2024-06-18T16:50:32.512-0400] {logging_mixin.py:188} INFO - [2024-06-18T16:50:32.512-0400] {dag.py:3954} INFO - Setting next_dagrun for example_sensor_decorator to None, run_after=None
[2024-06-18T16:50:32.569-0400] {processor.py:183} INFO - Processing /Users/jbshome/Desktop/us_debt_etl_pipeline/debt_env/lib/python3.12/site-packages/airflow/example_dags/example_sensor_decorator.py took 0.376 seconds
[2024-06-18T16:53:38.691-0400] {processor.py:161} INFO - Started process (PID=21937) to work on /Users/jbshome/Desktop/us_debt_etl_pipeline/debt_env/lib/python3.12/site-packages/airflow/example_dags/example_sensor_decorator.py
[2024-06-18T16:53:38.692-0400] {processor.py:830} INFO - Processing file /Users/jbshome/Desktop/us_debt_etl_pipeline/debt_env/lib/python3.12/site-packages/airflow/example_dags/example_sensor_decorator.py for tasks to queue
[2024-06-18T16:53:38.693-0400] {logging_mixin.py:188} INFO - [2024-06-18T16:53:38.693-0400] {dagbag.py:545} INFO - Filling up the DagBag from /Users/jbshome/Desktop/us_debt_etl_pipeline/debt_env/lib/python3.12/site-packages/airflow/example_dags/example_sensor_decorator.py
[2024-06-18T16:53:38.731-0400] {processor.py:840} INFO - DAG(s) 'example_sensor_decorator' retrieved from /Users/jbshome/Desktop/us_debt_etl_pipeline/debt_env/lib/python3.12/site-packages/airflow/example_dags/example_sensor_decorator.py
[2024-06-18T16:53:38.858-0400] {logging_mixin.py:188} INFO - [2024-06-18T16:53:38.858-0400] {dag.py:3096} INFO - Sync 1 DAGs
[2024-06-18T16:53:38.870-0400] {logging_mixin.py:188} INFO - [2024-06-18T16:53:38.870-0400] {dag.py:3954} INFO - Setting next_dagrun for example_sensor_decorator to None, run_after=None
[2024-06-18T16:53:38.891-0400] {processor.py:183} INFO - Processing /Users/jbshome/Desktop/us_debt_etl_pipeline/debt_env/lib/python3.12/site-packages/airflow/example_dags/example_sensor_decorator.py took 0.203 seconds
[2024-06-18T16:56:44.178-0400] {processor.py:161} INFO - Started process (PID=22087) to work on /Users/jbshome/Desktop/us_debt_etl_pipeline/debt_env/lib/python3.12/site-packages/airflow/example_dags/example_sensor_decorator.py
[2024-06-18T16:56:44.180-0400] {processor.py:830} INFO - Processing file /Users/jbshome/Desktop/us_debt_etl_pipeline/debt_env/lib/python3.12/site-packages/airflow/example_dags/example_sensor_decorator.py for tasks to queue
[2024-06-18T16:56:44.181-0400] {logging_mixin.py:188} INFO - [2024-06-18T16:56:44.181-0400] {dagbag.py:545} INFO - Filling up the DagBag from /Users/jbshome/Desktop/us_debt_etl_pipeline/debt_env/lib/python3.12/site-packages/airflow/example_dags/example_sensor_decorator.py
[2024-06-18T16:56:44.227-0400] {processor.py:840} INFO - DAG(s) 'example_sensor_decorator' retrieved from /Users/jbshome/Desktop/us_debt_etl_pipeline/debt_env/lib/python3.12/site-packages/airflow/example_dags/example_sensor_decorator.py
[2024-06-18T16:56:44.381-0400] {logging_mixin.py:188} INFO - [2024-06-18T16:56:44.381-0400] {dag.py:3096} INFO - Sync 1 DAGs
[2024-06-18T16:56:44.399-0400] {logging_mixin.py:188} INFO - [2024-06-18T16:56:44.398-0400] {dag.py:3954} INFO - Setting next_dagrun for example_sensor_decorator to None, run_after=None
[2024-06-18T16:56:44.576-0400] {processor.py:183} INFO - Processing /Users/jbshome/Desktop/us_debt_etl_pipeline/debt_env/lib/python3.12/site-packages/airflow/example_dags/example_sensor_decorator.py took 0.401 seconds
[2024-06-18T16:59:59.990-0400] {processor.py:161} INFO - Started process (PID=22601) to work on /Users/jbshome/Desktop/us_debt_etl_pipeline/debt_env/lib/python3.12/site-packages/airflow/example_dags/example_sensor_decorator.py
[2024-06-18T16:59:59.991-0400] {processor.py:830} INFO - Processing file /Users/jbshome/Desktop/us_debt_etl_pipeline/debt_env/lib/python3.12/site-packages/airflow/example_dags/example_sensor_decorator.py for tasks to queue
[2024-06-18T16:59:59.992-0400] {logging_mixin.py:188} INFO - [2024-06-18T16:59:59.991-0400] {dagbag.py:545} INFO - Filling up the DagBag from /Users/jbshome/Desktop/us_debt_etl_pipeline/debt_env/lib/python3.12/site-packages/airflow/example_dags/example_sensor_decorator.py
[2024-06-18T17:00:00.044-0400] {processor.py:840} INFO - DAG(s) 'example_sensor_decorator' retrieved from /Users/jbshome/Desktop/us_debt_etl_pipeline/debt_env/lib/python3.12/site-packages/airflow/example_dags/example_sensor_decorator.py
[2024-06-18T17:00:00.198-0400] {logging_mixin.py:188} INFO - [2024-06-18T17:00:00.198-0400] {dag.py:3096} INFO - Sync 1 DAGs
[2024-06-18T17:00:00.212-0400] {logging_mixin.py:188} INFO - [2024-06-18T17:00:00.212-0400] {dag.py:3954} INFO - Setting next_dagrun for example_sensor_decorator to None, run_after=None
[2024-06-18T17:00:00.233-0400] {processor.py:183} INFO - Processing /Users/jbshome/Desktop/us_debt_etl_pipeline/debt_env/lib/python3.12/site-packages/airflow/example_dags/example_sensor_decorator.py took 0.246 seconds
[2024-06-18T17:04:08.284-0400] {processor.py:161} INFO - Started process (PID=22850) to work on /Users/jbshome/Desktop/us_debt_etl_pipeline/debt_env/lib/python3.12/site-packages/airflow/example_dags/example_sensor_decorator.py
[2024-06-18T17:04:08.287-0400] {processor.py:830} INFO - Processing file /Users/jbshome/Desktop/us_debt_etl_pipeline/debt_env/lib/python3.12/site-packages/airflow/example_dags/example_sensor_decorator.py for tasks to queue
[2024-06-18T17:04:08.288-0400] {logging_mixin.py:188} INFO - [2024-06-18T17:04:08.288-0400] {dagbag.py:545} INFO - Filling up the DagBag from /Users/jbshome/Desktop/us_debt_etl_pipeline/debt_env/lib/python3.12/site-packages/airflow/example_dags/example_sensor_decorator.py
[2024-06-18T17:04:08.346-0400] {processor.py:840} INFO - DAG(s) 'example_sensor_decorator' retrieved from /Users/jbshome/Desktop/us_debt_etl_pipeline/debt_env/lib/python3.12/site-packages/airflow/example_dags/example_sensor_decorator.py
[2024-06-18T17:04:08.534-0400] {logging_mixin.py:188} INFO - [2024-06-18T17:04:08.533-0400] {dag.py:3096} INFO - Sync 1 DAGs
[2024-06-18T17:04:08.552-0400] {logging_mixin.py:188} INFO - [2024-06-18T17:04:08.552-0400] {dag.py:3954} INFO - Setting next_dagrun for example_sensor_decorator to None, run_after=None
[2024-06-18T17:04:08.584-0400] {processor.py:183} INFO - Processing /Users/jbshome/Desktop/us_debt_etl_pipeline/debt_env/lib/python3.12/site-packages/airflow/example_dags/example_sensor_decorator.py took 0.304 seconds
[2024-06-18T17:07:43.758-0400] {processor.py:161} INFO - Started process (PID=23523) to work on /Users/jbshome/Desktop/us_debt_etl_pipeline/debt_env/lib/python3.12/site-packages/airflow/example_dags/example_sensor_decorator.py
[2024-06-18T17:07:43.760-0400] {processor.py:830} INFO - Processing file /Users/jbshome/Desktop/us_debt_etl_pipeline/debt_env/lib/python3.12/site-packages/airflow/example_dags/example_sensor_decorator.py for tasks to queue
[2024-06-18T17:07:43.761-0400] {logging_mixin.py:188} INFO - [2024-06-18T17:07:43.761-0400] {dagbag.py:545} INFO - Filling up the DagBag from /Users/jbshome/Desktop/us_debt_etl_pipeline/debt_env/lib/python3.12/site-packages/airflow/example_dags/example_sensor_decorator.py
[2024-06-18T17:07:43.800-0400] {processor.py:840} INFO - DAG(s) 'example_sensor_decorator' retrieved from /Users/jbshome/Desktop/us_debt_etl_pipeline/debt_env/lib/python3.12/site-packages/airflow/example_dags/example_sensor_decorator.py
[2024-06-18T17:07:43.931-0400] {logging_mixin.py:188} INFO - [2024-06-18T17:07:43.930-0400] {dag.py:3096} INFO - Sync 1 DAGs
[2024-06-18T17:07:43.942-0400] {logging_mixin.py:188} INFO - [2024-06-18T17:07:43.942-0400] {dag.py:3954} INFO - Setting next_dagrun for example_sensor_decorator to None, run_after=None
[2024-06-18T17:07:43.966-0400] {processor.py:183} INFO - Processing /Users/jbshome/Desktop/us_debt_etl_pipeline/debt_env/lib/python3.12/site-packages/airflow/example_dags/example_sensor_decorator.py took 0.211 seconds
[2024-06-18T17:11:48.749-0400] {processor.py:161} INFO - Started process (PID=23917) to work on /Users/jbshome/Desktop/us_debt_etl_pipeline/debt_env/lib/python3.12/site-packages/airflow/example_dags/example_sensor_decorator.py
[2024-06-18T17:11:48.752-0400] {processor.py:830} INFO - Processing file /Users/jbshome/Desktop/us_debt_etl_pipeline/debt_env/lib/python3.12/site-packages/airflow/example_dags/example_sensor_decorator.py for tasks to queue
[2024-06-18T17:11:48.754-0400] {logging_mixin.py:188} INFO - [2024-06-18T17:11:48.753-0400] {dagbag.py:545} INFO - Filling up the DagBag from /Users/jbshome/Desktop/us_debt_etl_pipeline/debt_env/lib/python3.12/site-packages/airflow/example_dags/example_sensor_decorator.py
[2024-06-18T17:11:48.821-0400] {processor.py:840} INFO - DAG(s) 'example_sensor_decorator' retrieved from /Users/jbshome/Desktop/us_debt_etl_pipeline/debt_env/lib/python3.12/site-packages/airflow/example_dags/example_sensor_decorator.py
[2024-06-18T17:11:49.038-0400] {logging_mixin.py:188} INFO - [2024-06-18T17:11:49.037-0400] {dag.py:3096} INFO - Sync 1 DAGs
[2024-06-18T17:11:49.061-0400] {logging_mixin.py:188} INFO - [2024-06-18T17:11:49.060-0400] {dag.py:3954} INFO - Setting next_dagrun for example_sensor_decorator to None, run_after=None
[2024-06-18T17:11:49.104-0400] {processor.py:183} INFO - Processing /Users/jbshome/Desktop/us_debt_etl_pipeline/debt_env/lib/python3.12/site-packages/airflow/example_dags/example_sensor_decorator.py took 0.360 seconds
[2024-06-18T17:17:20.440-0400] {processor.py:161} INFO - Started process (PID=24252) to work on /Users/jbshome/Desktop/us_debt_etl_pipeline/debt_env/lib/python3.12/site-packages/airflow/example_dags/example_sensor_decorator.py
[2024-06-18T17:17:20.441-0400] {processor.py:830} INFO - Processing file /Users/jbshome/Desktop/us_debt_etl_pipeline/debt_env/lib/python3.12/site-packages/airflow/example_dags/example_sensor_decorator.py for tasks to queue
[2024-06-18T17:17:20.443-0400] {logging_mixin.py:188} INFO - [2024-06-18T17:17:20.442-0400] {dagbag.py:545} INFO - Filling up the DagBag from /Users/jbshome/Desktop/us_debt_etl_pipeline/debt_env/lib/python3.12/site-packages/airflow/example_dags/example_sensor_decorator.py
[2024-06-18T17:17:20.525-0400] {processor.py:840} INFO - DAG(s) 'example_sensor_decorator' retrieved from /Users/jbshome/Desktop/us_debt_etl_pipeline/debt_env/lib/python3.12/site-packages/airflow/example_dags/example_sensor_decorator.py
[2024-06-18T17:17:20.824-0400] {logging_mixin.py:188} INFO - [2024-06-18T17:17:20.824-0400] {dag.py:3096} INFO - Sync 1 DAGs
[2024-06-18T17:17:20.850-0400] {logging_mixin.py:188} INFO - [2024-06-18T17:17:20.850-0400] {dag.py:3954} INFO - Setting next_dagrun for example_sensor_decorator to None, run_after=None
[2024-06-18T17:17:20.900-0400] {processor.py:183} INFO - Processing /Users/jbshome/Desktop/us_debt_etl_pipeline/debt_env/lib/python3.12/site-packages/airflow/example_dags/example_sensor_decorator.py took 0.465 seconds
[2024-06-18T17:21:51.531-0400] {processor.py:161} INFO - Started process (PID=24587) to work on /Users/jbshome/Desktop/us_debt_etl_pipeline/debt_env/lib/python3.12/site-packages/airflow/example_dags/example_sensor_decorator.py
[2024-06-18T17:21:51.534-0400] {processor.py:830} INFO - Processing file /Users/jbshome/Desktop/us_debt_etl_pipeline/debt_env/lib/python3.12/site-packages/airflow/example_dags/example_sensor_decorator.py for tasks to queue
[2024-06-18T17:21:51.536-0400] {logging_mixin.py:188} INFO - [2024-06-18T17:21:51.536-0400] {dagbag.py:545} INFO - Filling up the DagBag from /Users/jbshome/Desktop/us_debt_etl_pipeline/debt_env/lib/python3.12/site-packages/airflow/example_dags/example_sensor_decorator.py
[2024-06-18T17:21:51.606-0400] {processor.py:840} INFO - DAG(s) 'example_sensor_decorator' retrieved from /Users/jbshome/Desktop/us_debt_etl_pipeline/debt_env/lib/python3.12/site-packages/airflow/example_dags/example_sensor_decorator.py
[2024-06-18T17:21:51.872-0400] {logging_mixin.py:188} INFO - [2024-06-18T17:21:51.872-0400] {dag.py:3096} INFO - Sync 1 DAGs
[2024-06-18T17:21:51.893-0400] {logging_mixin.py:188} INFO - [2024-06-18T17:21:51.892-0400] {dag.py:3954} INFO - Setting next_dagrun for example_sensor_decorator to None, run_after=None
[2024-06-18T17:21:51.945-0400] {processor.py:183} INFO - Processing /Users/jbshome/Desktop/us_debt_etl_pipeline/debt_env/lib/python3.12/site-packages/airflow/example_dags/example_sensor_decorator.py took 0.418 seconds
[2024-06-18T17:26:09.352-0400] {processor.py:161} INFO - Started process (PID=24879) to work on /Users/jbshome/Desktop/us_debt_etl_pipeline/debt_env/lib/python3.12/site-packages/airflow/example_dags/example_sensor_decorator.py
[2024-06-18T17:26:09.355-0400] {processor.py:830} INFO - Processing file /Users/jbshome/Desktop/us_debt_etl_pipeline/debt_env/lib/python3.12/site-packages/airflow/example_dags/example_sensor_decorator.py for tasks to queue
[2024-06-18T17:26:09.356-0400] {logging_mixin.py:188} INFO - [2024-06-18T17:26:09.356-0400] {dagbag.py:545} INFO - Filling up the DagBag from /Users/jbshome/Desktop/us_debt_etl_pipeline/debt_env/lib/python3.12/site-packages/airflow/example_dags/example_sensor_decorator.py
[2024-06-18T17:26:09.418-0400] {processor.py:840} INFO - DAG(s) 'example_sensor_decorator' retrieved from /Users/jbshome/Desktop/us_debt_etl_pipeline/debt_env/lib/python3.12/site-packages/airflow/example_dags/example_sensor_decorator.py
[2024-06-18T17:26:09.660-0400] {logging_mixin.py:188} INFO - [2024-06-18T17:26:09.659-0400] {dag.py:3096} INFO - Sync 1 DAGs
[2024-06-18T17:26:09.681-0400] {logging_mixin.py:188} INFO - [2024-06-18T17:26:09.681-0400] {dag.py:3954} INFO - Setting next_dagrun for example_sensor_decorator to None, run_after=None
[2024-06-18T17:26:09.721-0400] {processor.py:183} INFO - Processing /Users/jbshome/Desktop/us_debt_etl_pipeline/debt_env/lib/python3.12/site-packages/airflow/example_dags/example_sensor_decorator.py took 0.373 seconds
[2024-06-18T17:30:42.179-0400] {processor.py:161} INFO - Started process (PID=25198) to work on /Users/jbshome/Desktop/us_debt_etl_pipeline/debt_env/lib/python3.12/site-packages/airflow/example_dags/example_sensor_decorator.py
[2024-06-18T17:30:42.182-0400] {processor.py:830} INFO - Processing file /Users/jbshome/Desktop/us_debt_etl_pipeline/debt_env/lib/python3.12/site-packages/airflow/example_dags/example_sensor_decorator.py for tasks to queue
[2024-06-18T17:30:42.183-0400] {logging_mixin.py:188} INFO - [2024-06-18T17:30:42.183-0400] {dagbag.py:545} INFO - Filling up the DagBag from /Users/jbshome/Desktop/us_debt_etl_pipeline/debt_env/lib/python3.12/site-packages/airflow/example_dags/example_sensor_decorator.py
[2024-06-18T17:30:42.255-0400] {processor.py:840} INFO - DAG(s) 'example_sensor_decorator' retrieved from /Users/jbshome/Desktop/us_debt_etl_pipeline/debt_env/lib/python3.12/site-packages/airflow/example_dags/example_sensor_decorator.py
[2024-06-18T17:30:42.487-0400] {logging_mixin.py:188} INFO - [2024-06-18T17:30:42.486-0400] {dag.py:3096} INFO - Sync 1 DAGs
[2024-06-18T17:30:42.507-0400] {logging_mixin.py:188} INFO - [2024-06-18T17:30:42.507-0400] {dag.py:3954} INFO - Setting next_dagrun for example_sensor_decorator to None, run_after=None
[2024-06-18T17:30:42.539-0400] {processor.py:183} INFO - Processing /Users/jbshome/Desktop/us_debt_etl_pipeline/debt_env/lib/python3.12/site-packages/airflow/example_dags/example_sensor_decorator.py took 0.364 seconds
[2024-06-18T17:36:04.510-0400] {processor.py:161} INFO - Started process (PID=25741) to work on /Users/jbshome/Desktop/us_debt_etl_pipeline/debt_env/lib/python3.12/site-packages/airflow/example_dags/example_sensor_decorator.py
[2024-06-18T17:36:04.512-0400] {processor.py:830} INFO - Processing file /Users/jbshome/Desktop/us_debt_etl_pipeline/debt_env/lib/python3.12/site-packages/airflow/example_dags/example_sensor_decorator.py for tasks to queue
[2024-06-18T17:36:04.513-0400] {logging_mixin.py:188} INFO - [2024-06-18T17:36:04.513-0400] {dagbag.py:545} INFO - Filling up the DagBag from /Users/jbshome/Desktop/us_debt_etl_pipeline/debt_env/lib/python3.12/site-packages/airflow/example_dags/example_sensor_decorator.py
[2024-06-18T17:36:04.611-0400] {processor.py:840} INFO - DAG(s) 'example_sensor_decorator' retrieved from /Users/jbshome/Desktop/us_debt_etl_pipeline/debt_env/lib/python3.12/site-packages/airflow/example_dags/example_sensor_decorator.py
[2024-06-18T17:36:05.575-0400] {logging_mixin.py:188} INFO - [2024-06-18T17:36:05.574-0400] {dag.py:3096} INFO - Sync 1 DAGs
[2024-06-18T17:36:05.754-0400] {logging_mixin.py:188} INFO - [2024-06-18T17:36:05.753-0400] {dag.py:3954} INFO - Setting next_dagrun for example_sensor_decorator to None, run_after=None
[2024-06-18T17:36:05.810-0400] {processor.py:183} INFO - Processing /Users/jbshome/Desktop/us_debt_etl_pipeline/debt_env/lib/python3.12/site-packages/airflow/example_dags/example_sensor_decorator.py took 1.307 seconds
[2024-06-18T17:44:07.254-0400] {processor.py:161} INFO - Started process (PID=26561) to work on /Users/jbshome/Desktop/us_debt_etl_pipeline/debt_env/lib/python3.12/site-packages/airflow/example_dags/example_sensor_decorator.py
[2024-06-18T17:44:07.257-0400] {processor.py:830} INFO - Processing file /Users/jbshome/Desktop/us_debt_etl_pipeline/debt_env/lib/python3.12/site-packages/airflow/example_dags/example_sensor_decorator.py for tasks to queue
[2024-06-18T17:44:07.262-0400] {logging_mixin.py:188} INFO - [2024-06-18T17:44:07.261-0400] {dagbag.py:545} INFO - Filling up the DagBag from /Users/jbshome/Desktop/us_debt_etl_pipeline/debt_env/lib/python3.12/site-packages/airflow/example_dags/example_sensor_decorator.py
[2024-06-18T17:44:07.428-0400] {processor.py:840} INFO - DAG(s) 'example_sensor_decorator' retrieved from /Users/jbshome/Desktop/us_debt_etl_pipeline/debt_env/lib/python3.12/site-packages/airflow/example_dags/example_sensor_decorator.py
[2024-06-18T17:44:07.887-0400] {logging_mixin.py:188} INFO - [2024-06-18T17:44:07.886-0400] {dag.py:3096} INFO - Sync 1 DAGs
[2024-06-18T17:44:07.923-0400] {logging_mixin.py:188} INFO - [2024-06-18T17:44:07.923-0400] {dag.py:3954} INFO - Setting next_dagrun for example_sensor_decorator to None, run_after=None
[2024-06-18T17:44:08.076-0400] {processor.py:183} INFO - Processing /Users/jbshome/Desktop/us_debt_etl_pipeline/debt_env/lib/python3.12/site-packages/airflow/example_dags/example_sensor_decorator.py took 0.830 seconds
[2024-06-18T17:48:37.499-0400] {processor.py:161} INFO - Started process (PID=27613) to work on /Users/jbshome/Desktop/us_debt_etl_pipeline/debt_env/lib/python3.12/site-packages/airflow/example_dags/example_sensor_decorator.py
[2024-06-18T17:48:37.506-0400] {processor.py:830} INFO - Processing file /Users/jbshome/Desktop/us_debt_etl_pipeline/debt_env/lib/python3.12/site-packages/airflow/example_dags/example_sensor_decorator.py for tasks to queue
[2024-06-18T17:48:37.518-0400] {logging_mixin.py:188} INFO - [2024-06-18T17:48:37.507-0400] {dagbag.py:545} INFO - Filling up the DagBag from /Users/jbshome/Desktop/us_debt_etl_pipeline/debt_env/lib/python3.12/site-packages/airflow/example_dags/example_sensor_decorator.py
[2024-06-18T17:48:37.619-0400] {processor.py:840} INFO - DAG(s) 'example_sensor_decorator' retrieved from /Users/jbshome/Desktop/us_debt_etl_pipeline/debt_env/lib/python3.12/site-packages/airflow/example_dags/example_sensor_decorator.py
[2024-06-18T17:48:38.093-0400] {logging_mixin.py:188} INFO - [2024-06-18T17:48:38.093-0400] {dag.py:3096} INFO - Sync 1 DAGs
[2024-06-18T17:48:38.113-0400] {logging_mixin.py:188} INFO - [2024-06-18T17:48:38.113-0400] {dag.py:3954} INFO - Setting next_dagrun for example_sensor_decorator to None, run_after=None
[2024-06-18T17:48:38.142-0400] {processor.py:183} INFO - Processing /Users/jbshome/Desktop/us_debt_etl_pipeline/debt_env/lib/python3.12/site-packages/airflow/example_dags/example_sensor_decorator.py took 0.646 seconds
[2024-06-18T17:53:11.120-0400] {processor.py:161} INFO - Started process (PID=28471) to work on /Users/jbshome/Desktop/us_debt_etl_pipeline/debt_env/lib/python3.12/site-packages/airflow/example_dags/example_sensor_decorator.py
[2024-06-18T17:53:11.124-0400] {processor.py:830} INFO - Processing file /Users/jbshome/Desktop/us_debt_etl_pipeline/debt_env/lib/python3.12/site-packages/airflow/example_dags/example_sensor_decorator.py for tasks to queue
[2024-06-18T17:53:11.126-0400] {logging_mixin.py:188} INFO - [2024-06-18T17:53:11.125-0400] {dagbag.py:545} INFO - Filling up the DagBag from /Users/jbshome/Desktop/us_debt_etl_pipeline/debt_env/lib/python3.12/site-packages/airflow/example_dags/example_sensor_decorator.py
[2024-06-18T17:53:11.193-0400] {processor.py:840} INFO - DAG(s) 'example_sensor_decorator' retrieved from /Users/jbshome/Desktop/us_debt_etl_pipeline/debt_env/lib/python3.12/site-packages/airflow/example_dags/example_sensor_decorator.py
[2024-06-18T17:53:11.448-0400] {logging_mixin.py:188} INFO - [2024-06-18T17:53:11.448-0400] {dag.py:3096} INFO - Sync 1 DAGs
[2024-06-18T17:53:11.472-0400] {logging_mixin.py:188} INFO - [2024-06-18T17:53:11.471-0400] {dag.py:3954} INFO - Setting next_dagrun for example_sensor_decorator to None, run_after=None
[2024-06-18T17:53:11.510-0400] {processor.py:183} INFO - Processing /Users/jbshome/Desktop/us_debt_etl_pipeline/debt_env/lib/python3.12/site-packages/airflow/example_dags/example_sensor_decorator.py took 0.398 seconds
[2024-06-18T17:56:48.303-0400] {processor.py:161} INFO - Started process (PID=29406) to work on /Users/jbshome/Desktop/us_debt_etl_pipeline/debt_env/lib/python3.12/site-packages/airflow/example_dags/example_sensor_decorator.py
[2024-06-18T17:56:48.306-0400] {processor.py:830} INFO - Processing file /Users/jbshome/Desktop/us_debt_etl_pipeline/debt_env/lib/python3.12/site-packages/airflow/example_dags/example_sensor_decorator.py for tasks to queue
[2024-06-18T17:56:48.307-0400] {logging_mixin.py:188} INFO - [2024-06-18T17:56:48.306-0400] {dagbag.py:545} INFO - Filling up the DagBag from /Users/jbshome/Desktop/us_debt_etl_pipeline/debt_env/lib/python3.12/site-packages/airflow/example_dags/example_sensor_decorator.py
[2024-06-18T17:56:48.360-0400] {processor.py:840} INFO - DAG(s) 'example_sensor_decorator' retrieved from /Users/jbshome/Desktop/us_debt_etl_pipeline/debt_env/lib/python3.12/site-packages/airflow/example_dags/example_sensor_decorator.py
[2024-06-18T17:56:48.552-0400] {logging_mixin.py:188} INFO - [2024-06-18T17:56:48.552-0400] {dag.py:3096} INFO - Sync 1 DAGs
[2024-06-18T17:56:48.569-0400] {logging_mixin.py:188} INFO - [2024-06-18T17:56:48.568-0400] {dag.py:3954} INFO - Setting next_dagrun for example_sensor_decorator to None, run_after=None
[2024-06-18T17:56:48.596-0400] {processor.py:183} INFO - Processing /Users/jbshome/Desktop/us_debt_etl_pipeline/debt_env/lib/python3.12/site-packages/airflow/example_dags/example_sensor_decorator.py took 0.297 seconds
