[2024-06-18T16:29:34.778-0400] {processor.py:161} INFO - Started process (PID=19581) to work on /Users/jbshome/Desktop/us_debt_etl_pipeline/debt_env/lib/python3.12/site-packages/airflow/example_dags/tutorial_taskflow_api.py
[2024-06-18T16:29:34.780-0400] {processor.py:830} INFO - Processing file /Users/jbshome/Desktop/us_debt_etl_pipeline/debt_env/lib/python3.12/site-packages/airflow/example_dags/tutorial_taskflow_api.py for tasks to queue
[2024-06-18T16:29:34.781-0400] {logging_mixin.py:188} INFO - [2024-06-18T16:29:34.781-0400] {dagbag.py:545} INFO - Filling up the DagBag from /Users/jbshome/Desktop/us_debt_etl_pipeline/debt_env/lib/python3.12/site-packages/airflow/example_dags/tutorial_taskflow_api.py
[2024-06-18T16:29:34.902-0400] {processor.py:840} INFO - DAG(s) 'tutorial_taskflow_api' retrieved from /Users/jbshome/Desktop/us_debt_etl_pipeline/debt_env/lib/python3.12/site-packages/airflow/example_dags/tutorial_taskflow_api.py
[2024-06-18T16:29:35.526-0400] {logging_mixin.py:188} INFO - [2024-06-18T16:29:35.526-0400] {override.py:1829} INFO - Created Permission View: can read on DAG:tutorial_taskflow_api
[2024-06-18T16:29:35.653-0400] {logging_mixin.py:188} INFO - [2024-06-18T16:29:35.653-0400] {override.py:1829} INFO - Created Permission View: can edit on DAG:tutorial_taskflow_api
[2024-06-18T16:29:35.662-0400] {logging_mixin.py:188} INFO - [2024-06-18T16:29:35.662-0400] {override.py:1829} INFO - Created Permission View: can delete on DAG:tutorial_taskflow_api
[2024-06-18T16:29:35.663-0400] {logging_mixin.py:188} INFO - [2024-06-18T16:29:35.662-0400] {dag.py:3096} INFO - Sync 1 DAGs
[2024-06-18T16:29:35.678-0400] {logging_mixin.py:188} INFO - [2024-06-18T16:29:35.678-0400] {dag.py:3118} INFO - Creating ORM DAG for tutorial_taskflow_api
[2024-06-18T16:29:35.679-0400] {logging_mixin.py:188} INFO - [2024-06-18T16:29:35.679-0400] {dag.py:3954} INFO - Setting next_dagrun for tutorial_taskflow_api to None, run_after=None
[2024-06-18T16:29:35.742-0400] {processor.py:183} INFO - Processing /Users/jbshome/Desktop/us_debt_etl_pipeline/debt_env/lib/python3.12/site-packages/airflow/example_dags/tutorial_taskflow_api.py took 0.993 seconds
[2024-06-18T16:33:38.393-0400] {processor.py:161} INFO - Started process (PID=20248) to work on /Users/jbshome/Desktop/us_debt_etl_pipeline/debt_env/lib/python3.12/site-packages/airflow/example_dags/tutorial_taskflow_api.py
[2024-06-18T16:33:38.395-0400] {processor.py:830} INFO - Processing file /Users/jbshome/Desktop/us_debt_etl_pipeline/debt_env/lib/python3.12/site-packages/airflow/example_dags/tutorial_taskflow_api.py for tasks to queue
[2024-06-18T16:33:38.396-0400] {logging_mixin.py:188} INFO - [2024-06-18T16:33:38.396-0400] {dagbag.py:545} INFO - Filling up the DagBag from /Users/jbshome/Desktop/us_debt_etl_pipeline/debt_env/lib/python3.12/site-packages/airflow/example_dags/tutorial_taskflow_api.py
[2024-06-18T16:33:38.443-0400] {processor.py:840} INFO - DAG(s) 'tutorial_taskflow_api' retrieved from /Users/jbshome/Desktop/us_debt_etl_pipeline/debt_env/lib/python3.12/site-packages/airflow/example_dags/tutorial_taskflow_api.py
[2024-06-18T16:33:38.569-0400] {logging_mixin.py:188} INFO - [2024-06-18T16:33:38.568-0400] {dag.py:3096} INFO - Sync 1 DAGs
[2024-06-18T16:33:38.580-0400] {logging_mixin.py:188} INFO - [2024-06-18T16:33:38.580-0400] {dag.py:3954} INFO - Setting next_dagrun for tutorial_taskflow_api to None, run_after=None
[2024-06-18T16:33:38.608-0400] {processor.py:183} INFO - Processing /Users/jbshome/Desktop/us_debt_etl_pipeline/debt_env/lib/python3.12/site-packages/airflow/example_dags/tutorial_taskflow_api.py took 0.218 seconds
[2024-06-18T16:36:52.083-0400] {processor.py:161} INFO - Started process (PID=20421) to work on /Users/jbshome/Desktop/us_debt_etl_pipeline/debt_env/lib/python3.12/site-packages/airflow/example_dags/tutorial_taskflow_api.py
[2024-06-18T16:36:52.088-0400] {processor.py:830} INFO - Processing file /Users/jbshome/Desktop/us_debt_etl_pipeline/debt_env/lib/python3.12/site-packages/airflow/example_dags/tutorial_taskflow_api.py for tasks to queue
[2024-06-18T16:36:52.092-0400] {logging_mixin.py:188} INFO - [2024-06-18T16:36:52.091-0400] {dagbag.py:545} INFO - Filling up the DagBag from /Users/jbshome/Desktop/us_debt_etl_pipeline/debt_env/lib/python3.12/site-packages/airflow/example_dags/tutorial_taskflow_api.py
[2024-06-18T16:36:52.285-0400] {processor.py:840} INFO - DAG(s) 'tutorial_taskflow_api' retrieved from /Users/jbshome/Desktop/us_debt_etl_pipeline/debt_env/lib/python3.12/site-packages/airflow/example_dags/tutorial_taskflow_api.py
[2024-06-18T16:36:52.508-0400] {logging_mixin.py:188} INFO - [2024-06-18T16:36:52.507-0400] {dag.py:3096} INFO - Sync 1 DAGs
[2024-06-18T16:36:52.527-0400] {logging_mixin.py:188} INFO - [2024-06-18T16:36:52.526-0400] {dag.py:3954} INFO - Setting next_dagrun for tutorial_taskflow_api to None, run_after=None
[2024-06-18T16:36:52.556-0400] {processor.py:183} INFO - Processing /Users/jbshome/Desktop/us_debt_etl_pipeline/debt_env/lib/python3.12/site-packages/airflow/example_dags/tutorial_taskflow_api.py took 0.494 seconds
[2024-06-18T16:40:06.152-0400] {processor.py:161} INFO - Started process (PID=20744) to work on /Users/jbshome/Desktop/us_debt_etl_pipeline/debt_env/lib/python3.12/site-packages/airflow/example_dags/tutorial_taskflow_api.py
[2024-06-18T16:40:06.155-0400] {processor.py:830} INFO - Processing file /Users/jbshome/Desktop/us_debt_etl_pipeline/debt_env/lib/python3.12/site-packages/airflow/example_dags/tutorial_taskflow_api.py for tasks to queue
[2024-06-18T16:40:06.156-0400] {logging_mixin.py:188} INFO - [2024-06-18T16:40:06.155-0400] {dagbag.py:545} INFO - Filling up the DagBag from /Users/jbshome/Desktop/us_debt_etl_pipeline/debt_env/lib/python3.12/site-packages/airflow/example_dags/tutorial_taskflow_api.py
[2024-06-18T16:40:06.202-0400] {processor.py:840} INFO - DAG(s) 'tutorial_taskflow_api' retrieved from /Users/jbshome/Desktop/us_debt_etl_pipeline/debt_env/lib/python3.12/site-packages/airflow/example_dags/tutorial_taskflow_api.py
[2024-06-18T16:40:06.341-0400] {logging_mixin.py:188} INFO - [2024-06-18T16:40:06.341-0400] {dag.py:3096} INFO - Sync 1 DAGs
[2024-06-18T16:40:06.355-0400] {logging_mixin.py:188} INFO - [2024-06-18T16:40:06.354-0400] {dag.py:3954} INFO - Setting next_dagrun for tutorial_taskflow_api to None, run_after=None
[2024-06-18T16:40:06.388-0400] {processor.py:183} INFO - Processing /Users/jbshome/Desktop/us_debt_etl_pipeline/debt_env/lib/python3.12/site-packages/airflow/example_dags/tutorial_taskflow_api.py took 0.239 seconds
[2024-06-18T16:43:08.912-0400] {processor.py:161} INFO - Started process (PID=21373) to work on /Users/jbshome/Desktop/us_debt_etl_pipeline/debt_env/lib/python3.12/site-packages/airflow/example_dags/tutorial_taskflow_api.py
[2024-06-18T16:43:08.914-0400] {processor.py:830} INFO - Processing file /Users/jbshome/Desktop/us_debt_etl_pipeline/debt_env/lib/python3.12/site-packages/airflow/example_dags/tutorial_taskflow_api.py for tasks to queue
[2024-06-18T16:43:08.916-0400] {logging_mixin.py:188} INFO - [2024-06-18T16:43:08.915-0400] {dagbag.py:545} INFO - Filling up the DagBag from /Users/jbshome/Desktop/us_debt_etl_pipeline/debt_env/lib/python3.12/site-packages/airflow/example_dags/tutorial_taskflow_api.py
[2024-06-18T16:43:08.971-0400] {processor.py:840} INFO - DAG(s) 'tutorial_taskflow_api' retrieved from /Users/jbshome/Desktop/us_debt_etl_pipeline/debt_env/lib/python3.12/site-packages/airflow/example_dags/tutorial_taskflow_api.py
[2024-06-18T16:43:09.286-0400] {logging_mixin.py:188} INFO - [2024-06-18T16:43:09.285-0400] {dag.py:3096} INFO - Sync 1 DAGs
[2024-06-18T16:43:09.309-0400] {logging_mixin.py:188} INFO - [2024-06-18T16:43:09.308-0400] {dag.py:3954} INFO - Setting next_dagrun for tutorial_taskflow_api to None, run_after=None
[2024-06-18T16:43:09.351-0400] {processor.py:183} INFO - Processing /Users/jbshome/Desktop/us_debt_etl_pipeline/debt_env/lib/python3.12/site-packages/airflow/example_dags/tutorial_taskflow_api.py took 0.442 seconds
[2024-06-18T16:46:00.343-0400] {processor.py:161} INFO - Started process (PID=21522) to work on /Users/jbshome/Desktop/us_debt_etl_pipeline/debt_env/lib/python3.12/site-packages/airflow/example_dags/tutorial_taskflow_api.py
[2024-06-18T16:46:00.346-0400] {processor.py:830} INFO - Processing file /Users/jbshome/Desktop/us_debt_etl_pipeline/debt_env/lib/python3.12/site-packages/airflow/example_dags/tutorial_taskflow_api.py for tasks to queue
[2024-06-18T16:46:00.347-0400] {logging_mixin.py:188} INFO - [2024-06-18T16:46:00.347-0400] {dagbag.py:545} INFO - Filling up the DagBag from /Users/jbshome/Desktop/us_debt_etl_pipeline/debt_env/lib/python3.12/site-packages/airflow/example_dags/tutorial_taskflow_api.py
[2024-06-18T16:46:00.473-0400] {processor.py:840} INFO - DAG(s) 'tutorial_taskflow_api' retrieved from /Users/jbshome/Desktop/us_debt_etl_pipeline/debt_env/lib/python3.12/site-packages/airflow/example_dags/tutorial_taskflow_api.py
[2024-06-18T16:46:00.787-0400] {logging_mixin.py:188} INFO - [2024-06-18T16:46:00.787-0400] {dag.py:3096} INFO - Sync 1 DAGs
[2024-06-18T16:46:00.838-0400] {logging_mixin.py:188} INFO - [2024-06-18T16:46:00.837-0400] {dag.py:3954} INFO - Setting next_dagrun for tutorial_taskflow_api to None, run_after=None
[2024-06-18T16:46:00.879-0400] {processor.py:183} INFO - Processing /Users/jbshome/Desktop/us_debt_etl_pipeline/debt_env/lib/python3.12/site-packages/airflow/example_dags/tutorial_taskflow_api.py took 0.541 seconds
[2024-06-18T16:49:14.416-0400] {processor.py:161} INFO - Started process (PID=21713) to work on /Users/jbshome/Desktop/us_debt_etl_pipeline/debt_env/lib/python3.12/site-packages/airflow/example_dags/tutorial_taskflow_api.py
[2024-06-18T16:49:14.418-0400] {processor.py:830} INFO - Processing file /Users/jbshome/Desktop/us_debt_etl_pipeline/debt_env/lib/python3.12/site-packages/airflow/example_dags/tutorial_taskflow_api.py for tasks to queue
[2024-06-18T16:49:14.419-0400] {logging_mixin.py:188} INFO - [2024-06-18T16:49:14.418-0400] {dagbag.py:545} INFO - Filling up the DagBag from /Users/jbshome/Desktop/us_debt_etl_pipeline/debt_env/lib/python3.12/site-packages/airflow/example_dags/tutorial_taskflow_api.py
[2024-06-18T16:49:14.465-0400] {processor.py:840} INFO - DAG(s) 'tutorial_taskflow_api' retrieved from /Users/jbshome/Desktop/us_debt_etl_pipeline/debt_env/lib/python3.12/site-packages/airflow/example_dags/tutorial_taskflow_api.py
[2024-06-18T16:49:14.595-0400] {logging_mixin.py:188} INFO - [2024-06-18T16:49:14.595-0400] {dag.py:3096} INFO - Sync 1 DAGs
[2024-06-18T16:49:14.607-0400] {logging_mixin.py:188} INFO - [2024-06-18T16:49:14.607-0400] {dag.py:3954} INFO - Setting next_dagrun for tutorial_taskflow_api to None, run_after=None
[2024-06-18T16:49:14.637-0400] {processor.py:183} INFO - Processing /Users/jbshome/Desktop/us_debt_etl_pipeline/debt_env/lib/python3.12/site-packages/airflow/example_dags/tutorial_taskflow_api.py took 0.225 seconds
[2024-06-18T16:52:22.247-0400] {processor.py:161} INFO - Started process (PID=21878) to work on /Users/jbshome/Desktop/us_debt_etl_pipeline/debt_env/lib/python3.12/site-packages/airflow/example_dags/tutorial_taskflow_api.py
[2024-06-18T16:52:22.249-0400] {processor.py:830} INFO - Processing file /Users/jbshome/Desktop/us_debt_etl_pipeline/debt_env/lib/python3.12/site-packages/airflow/example_dags/tutorial_taskflow_api.py for tasks to queue
[2024-06-18T16:52:22.249-0400] {logging_mixin.py:188} INFO - [2024-06-18T16:52:22.249-0400] {dagbag.py:545} INFO - Filling up the DagBag from /Users/jbshome/Desktop/us_debt_etl_pipeline/debt_env/lib/python3.12/site-packages/airflow/example_dags/tutorial_taskflow_api.py
[2024-06-18T16:52:22.290-0400] {processor.py:840} INFO - DAG(s) 'tutorial_taskflow_api' retrieved from /Users/jbshome/Desktop/us_debt_etl_pipeline/debt_env/lib/python3.12/site-packages/airflow/example_dags/tutorial_taskflow_api.py
[2024-06-18T16:52:22.414-0400] {logging_mixin.py:188} INFO - [2024-06-18T16:52:22.414-0400] {dag.py:3096} INFO - Sync 1 DAGs
[2024-06-18T16:52:22.424-0400] {logging_mixin.py:188} INFO - [2024-06-18T16:52:22.424-0400] {dag.py:3954} INFO - Setting next_dagrun for tutorial_taskflow_api to None, run_after=None
[2024-06-18T16:52:22.448-0400] {processor.py:183} INFO - Processing /Users/jbshome/Desktop/us_debt_etl_pipeline/debt_env/lib/python3.12/site-packages/airflow/example_dags/tutorial_taskflow_api.py took 0.205 seconds
[2024-06-18T16:55:31.724-0400] {processor.py:161} INFO - Started process (PID=22027) to work on /Users/jbshome/Desktop/us_debt_etl_pipeline/debt_env/lib/python3.12/site-packages/airflow/example_dags/tutorial_taskflow_api.py
[2024-06-18T16:55:31.726-0400] {processor.py:830} INFO - Processing file /Users/jbshome/Desktop/us_debt_etl_pipeline/debt_env/lib/python3.12/site-packages/airflow/example_dags/tutorial_taskflow_api.py for tasks to queue
[2024-06-18T16:55:31.727-0400] {logging_mixin.py:188} INFO - [2024-06-18T16:55:31.726-0400] {dagbag.py:545} INFO - Filling up the DagBag from /Users/jbshome/Desktop/us_debt_etl_pipeline/debt_env/lib/python3.12/site-packages/airflow/example_dags/tutorial_taskflow_api.py
[2024-06-18T16:55:31.771-0400] {processor.py:840} INFO - DAG(s) 'tutorial_taskflow_api' retrieved from /Users/jbshome/Desktop/us_debt_etl_pipeline/debt_env/lib/python3.12/site-packages/airflow/example_dags/tutorial_taskflow_api.py
[2024-06-18T16:55:31.895-0400] {logging_mixin.py:188} INFO - [2024-06-18T16:55:31.894-0400] {dag.py:3096} INFO - Sync 1 DAGs
[2024-06-18T16:55:31.908-0400] {logging_mixin.py:188} INFO - [2024-06-18T16:55:31.908-0400] {dag.py:3954} INFO - Setting next_dagrun for tutorial_taskflow_api to None, run_after=None
[2024-06-18T16:55:31.935-0400] {processor.py:183} INFO - Processing /Users/jbshome/Desktop/us_debt_etl_pipeline/debt_env/lib/python3.12/site-packages/airflow/example_dags/tutorial_taskflow_api.py took 0.214 seconds
[2024-06-18T16:58:41.671-0400] {processor.py:161} INFO - Started process (PID=22513) to work on /Users/jbshome/Desktop/us_debt_etl_pipeline/debt_env/lib/python3.12/site-packages/airflow/example_dags/tutorial_taskflow_api.py
[2024-06-18T16:58:41.676-0400] {processor.py:830} INFO - Processing file /Users/jbshome/Desktop/us_debt_etl_pipeline/debt_env/lib/python3.12/site-packages/airflow/example_dags/tutorial_taskflow_api.py for tasks to queue
[2024-06-18T16:58:41.677-0400] {logging_mixin.py:188} INFO - [2024-06-18T16:58:41.676-0400] {dagbag.py:545} INFO - Filling up the DagBag from /Users/jbshome/Desktop/us_debt_etl_pipeline/debt_env/lib/python3.12/site-packages/airflow/example_dags/tutorial_taskflow_api.py
[2024-06-18T16:58:41.744-0400] {processor.py:840} INFO - DAG(s) 'tutorial_taskflow_api' retrieved from /Users/jbshome/Desktop/us_debt_etl_pipeline/debt_env/lib/python3.12/site-packages/airflow/example_dags/tutorial_taskflow_api.py
[2024-06-18T16:58:41.949-0400] {logging_mixin.py:188} INFO - [2024-06-18T16:58:41.948-0400] {dag.py:3096} INFO - Sync 1 DAGs
[2024-06-18T16:58:41.969-0400] {logging_mixin.py:188} INFO - [2024-06-18T16:58:41.969-0400] {dag.py:3954} INFO - Setting next_dagrun for tutorial_taskflow_api to None, run_after=None
[2024-06-18T16:58:42.007-0400] {processor.py:183} INFO - Processing /Users/jbshome/Desktop/us_debt_etl_pipeline/debt_env/lib/python3.12/site-packages/airflow/example_dags/tutorial_taskflow_api.py took 0.343 seconds
[2024-06-18T17:02:47.696-0400] {processor.py:161} INFO - Started process (PID=22770) to work on /Users/jbshome/Desktop/us_debt_etl_pipeline/debt_env/lib/python3.12/site-packages/airflow/example_dags/tutorial_taskflow_api.py
[2024-06-18T17:02:47.699-0400] {processor.py:830} INFO - Processing file /Users/jbshome/Desktop/us_debt_etl_pipeline/debt_env/lib/python3.12/site-packages/airflow/example_dags/tutorial_taskflow_api.py for tasks to queue
[2024-06-18T17:02:47.700-0400] {logging_mixin.py:188} INFO - [2024-06-18T17:02:47.699-0400] {dagbag.py:545} INFO - Filling up the DagBag from /Users/jbshome/Desktop/us_debt_etl_pipeline/debt_env/lib/python3.12/site-packages/airflow/example_dags/tutorial_taskflow_api.py
[2024-06-18T17:02:47.742-0400] {processor.py:840} INFO - DAG(s) 'tutorial_taskflow_api' retrieved from /Users/jbshome/Desktop/us_debt_etl_pipeline/debt_env/lib/python3.12/site-packages/airflow/example_dags/tutorial_taskflow_api.py
[2024-06-18T17:02:47.867-0400] {logging_mixin.py:188} INFO - [2024-06-18T17:02:47.866-0400] {dag.py:3096} INFO - Sync 1 DAGs
[2024-06-18T17:02:47.879-0400] {logging_mixin.py:188} INFO - [2024-06-18T17:02:47.879-0400] {dag.py:3954} INFO - Setting next_dagrun for tutorial_taskflow_api to None, run_after=None
[2024-06-18T17:02:47.908-0400] {processor.py:183} INFO - Processing /Users/jbshome/Desktop/us_debt_etl_pipeline/debt_env/lib/python3.12/site-packages/airflow/example_dags/tutorial_taskflow_api.py took 0.216 seconds
[2024-06-18T17:06:05.795-0400] {processor.py:161} INFO - Started process (PID=23076) to work on /Users/jbshome/Desktop/us_debt_etl_pipeline/debt_env/lib/python3.12/site-packages/airflow/example_dags/tutorial_taskflow_api.py
[2024-06-18T17:06:05.797-0400] {processor.py:830} INFO - Processing file /Users/jbshome/Desktop/us_debt_etl_pipeline/debt_env/lib/python3.12/site-packages/airflow/example_dags/tutorial_taskflow_api.py for tasks to queue
[2024-06-18T17:06:05.798-0400] {logging_mixin.py:188} INFO - [2024-06-18T17:06:05.798-0400] {dagbag.py:545} INFO - Filling up the DagBag from /Users/jbshome/Desktop/us_debt_etl_pipeline/debt_env/lib/python3.12/site-packages/airflow/example_dags/tutorial_taskflow_api.py
[2024-06-18T17:06:05.851-0400] {processor.py:840} INFO - DAG(s) 'tutorial_taskflow_api' retrieved from /Users/jbshome/Desktop/us_debt_etl_pipeline/debt_env/lib/python3.12/site-packages/airflow/example_dags/tutorial_taskflow_api.py
[2024-06-18T17:06:06.047-0400] {logging_mixin.py:188} INFO - [2024-06-18T17:06:06.047-0400] {dag.py:3096} INFO - Sync 1 DAGs
[2024-06-18T17:06:06.066-0400] {logging_mixin.py:188} INFO - [2024-06-18T17:06:06.066-0400] {dag.py:3954} INFO - Setting next_dagrun for tutorial_taskflow_api to None, run_after=None
[2024-06-18T17:06:06.106-0400] {processor.py:183} INFO - Processing /Users/jbshome/Desktop/us_debt_etl_pipeline/debt_env/lib/python3.12/site-packages/airflow/example_dags/tutorial_taskflow_api.py took 0.314 seconds
[2024-06-18T17:10:05.310-0400] {processor.py:161} INFO - Started process (PID=23790) to work on /Users/jbshome/Desktop/us_debt_etl_pipeline/debt_env/lib/python3.12/site-packages/airflow/example_dags/tutorial_taskflow_api.py
[2024-06-18T17:10:05.311-0400] {processor.py:830} INFO - Processing file /Users/jbshome/Desktop/us_debt_etl_pipeline/debt_env/lib/python3.12/site-packages/airflow/example_dags/tutorial_taskflow_api.py for tasks to queue
[2024-06-18T17:10:05.314-0400] {logging_mixin.py:188} INFO - [2024-06-18T17:10:05.314-0400] {dagbag.py:545} INFO - Filling up the DagBag from /Users/jbshome/Desktop/us_debt_etl_pipeline/debt_env/lib/python3.12/site-packages/airflow/example_dags/tutorial_taskflow_api.py
[2024-06-18T17:10:05.431-0400] {processor.py:840} INFO - DAG(s) 'tutorial_taskflow_api' retrieved from /Users/jbshome/Desktop/us_debt_etl_pipeline/debt_env/lib/python3.12/site-packages/airflow/example_dags/tutorial_taskflow_api.py
[2024-06-18T17:10:05.666-0400] {logging_mixin.py:188} INFO - [2024-06-18T17:10:05.666-0400] {dag.py:3096} INFO - Sync 1 DAGs
[2024-06-18T17:10:05.729-0400] {logging_mixin.py:188} INFO - [2024-06-18T17:10:05.728-0400] {dag.py:3954} INFO - Setting next_dagrun for tutorial_taskflow_api to None, run_after=None
[2024-06-18T17:10:05.839-0400] {processor.py:183} INFO - Processing /Users/jbshome/Desktop/us_debt_etl_pipeline/debt_env/lib/python3.12/site-packages/airflow/example_dags/tutorial_taskflow_api.py took 0.535 seconds
[2024-06-18T17:15:02.356-0400] {processor.py:161} INFO - Started process (PID=24115) to work on /Users/jbshome/Desktop/us_debt_etl_pipeline/debt_env/lib/python3.12/site-packages/airflow/example_dags/tutorial_taskflow_api.py
[2024-06-18T17:15:02.358-0400] {processor.py:830} INFO - Processing file /Users/jbshome/Desktop/us_debt_etl_pipeline/debt_env/lib/python3.12/site-packages/airflow/example_dags/tutorial_taskflow_api.py for tasks to queue
[2024-06-18T17:15:02.359-0400] {logging_mixin.py:188} INFO - [2024-06-18T17:15:02.359-0400] {dagbag.py:545} INFO - Filling up the DagBag from /Users/jbshome/Desktop/us_debt_etl_pipeline/debt_env/lib/python3.12/site-packages/airflow/example_dags/tutorial_taskflow_api.py
[2024-06-18T17:15:02.456-0400] {processor.py:840} INFO - DAG(s) 'tutorial_taskflow_api' retrieved from /Users/jbshome/Desktop/us_debt_etl_pipeline/debt_env/lib/python3.12/site-packages/airflow/example_dags/tutorial_taskflow_api.py
[2024-06-18T17:15:02.750-0400] {logging_mixin.py:188} INFO - [2024-06-18T17:15:02.748-0400] {dag.py:3096} INFO - Sync 1 DAGs
[2024-06-18T17:15:02.774-0400] {logging_mixin.py:188} INFO - [2024-06-18T17:15:02.774-0400] {dag.py:3954} INFO - Setting next_dagrun for tutorial_taskflow_api to None, run_after=None
[2024-06-18T17:15:02.816-0400] {processor.py:183} INFO - Processing /Users/jbshome/Desktop/us_debt_etl_pipeline/debt_env/lib/python3.12/site-packages/airflow/example_dags/tutorial_taskflow_api.py took 0.467 seconds
[2024-06-18T17:20:19.705-0400] {processor.py:161} INFO - Started process (PID=24465) to work on /Users/jbshome/Desktop/us_debt_etl_pipeline/debt_env/lib/python3.12/site-packages/airflow/example_dags/tutorial_taskflow_api.py
[2024-06-18T17:20:19.709-0400] {processor.py:830} INFO - Processing file /Users/jbshome/Desktop/us_debt_etl_pipeline/debt_env/lib/python3.12/site-packages/airflow/example_dags/tutorial_taskflow_api.py for tasks to queue
[2024-06-18T17:20:19.711-0400] {logging_mixin.py:188} INFO - [2024-06-18T17:20:19.710-0400] {dagbag.py:545} INFO - Filling up the DagBag from /Users/jbshome/Desktop/us_debt_etl_pipeline/debt_env/lib/python3.12/site-packages/airflow/example_dags/tutorial_taskflow_api.py
[2024-06-18T17:20:19.778-0400] {processor.py:840} INFO - DAG(s) 'tutorial_taskflow_api' retrieved from /Users/jbshome/Desktop/us_debt_etl_pipeline/debt_env/lib/python3.12/site-packages/airflow/example_dags/tutorial_taskflow_api.py
[2024-06-18T17:20:19.977-0400] {logging_mixin.py:188} INFO - [2024-06-18T17:20:19.976-0400] {dag.py:3096} INFO - Sync 1 DAGs
[2024-06-18T17:20:19.994-0400] {logging_mixin.py:188} INFO - [2024-06-18T17:20:19.994-0400] {dag.py:3954} INFO - Setting next_dagrun for tutorial_taskflow_api to None, run_after=None
[2024-06-18T17:20:20.031-0400] {processor.py:183} INFO - Processing /Users/jbshome/Desktop/us_debt_etl_pipeline/debt_env/lib/python3.12/site-packages/airflow/example_dags/tutorial_taskflow_api.py took 0.331 seconds
[2024-06-18T17:24:24.076-0400] {processor.py:161} INFO - Started process (PID=24764) to work on /Users/jbshome/Desktop/us_debt_etl_pipeline/debt_env/lib/python3.12/site-packages/airflow/example_dags/tutorial_taskflow_api.py
[2024-06-18T17:24:24.078-0400] {processor.py:830} INFO - Processing file /Users/jbshome/Desktop/us_debt_etl_pipeline/debt_env/lib/python3.12/site-packages/airflow/example_dags/tutorial_taskflow_api.py for tasks to queue
[2024-06-18T17:24:24.079-0400] {logging_mixin.py:188} INFO - [2024-06-18T17:24:24.079-0400] {dagbag.py:545} INFO - Filling up the DagBag from /Users/jbshome/Desktop/us_debt_etl_pipeline/debt_env/lib/python3.12/site-packages/airflow/example_dags/tutorial_taskflow_api.py
[2024-06-18T17:24:24.137-0400] {processor.py:840} INFO - DAG(s) 'tutorial_taskflow_api' retrieved from /Users/jbshome/Desktop/us_debt_etl_pipeline/debt_env/lib/python3.12/site-packages/airflow/example_dags/tutorial_taskflow_api.py
[2024-06-18T17:24:24.311-0400] {logging_mixin.py:188} INFO - [2024-06-18T17:24:24.310-0400] {dag.py:3096} INFO - Sync 1 DAGs
[2024-06-18T17:24:24.331-0400] {logging_mixin.py:188} INFO - [2024-06-18T17:24:24.331-0400] {dag.py:3954} INFO - Setting next_dagrun for tutorial_taskflow_api to None, run_after=None
[2024-06-18T17:24:24.362-0400] {processor.py:183} INFO - Processing /Users/jbshome/Desktop/us_debt_etl_pipeline/debt_env/lib/python3.12/site-packages/airflow/example_dags/tutorial_taskflow_api.py took 0.290 seconds
[2024-06-18T17:29:06.840-0400] {processor.py:161} INFO - Started process (PID=25074) to work on /Users/jbshome/Desktop/us_debt_etl_pipeline/debt_env/lib/python3.12/site-packages/airflow/example_dags/tutorial_taskflow_api.py
[2024-06-18T17:29:06.842-0400] {processor.py:830} INFO - Processing file /Users/jbshome/Desktop/us_debt_etl_pipeline/debt_env/lib/python3.12/site-packages/airflow/example_dags/tutorial_taskflow_api.py for tasks to queue
[2024-06-18T17:29:06.844-0400] {logging_mixin.py:188} INFO - [2024-06-18T17:29:06.843-0400] {dagbag.py:545} INFO - Filling up the DagBag from /Users/jbshome/Desktop/us_debt_etl_pipeline/debt_env/lib/python3.12/site-packages/airflow/example_dags/tutorial_taskflow_api.py
[2024-06-18T17:29:06.911-0400] {processor.py:840} INFO - DAG(s) 'tutorial_taskflow_api' retrieved from /Users/jbshome/Desktop/us_debt_etl_pipeline/debt_env/lib/python3.12/site-packages/airflow/example_dags/tutorial_taskflow_api.py
[2024-06-18T17:29:07.113-0400] {logging_mixin.py:188} INFO - [2024-06-18T17:29:07.112-0400] {dag.py:3096} INFO - Sync 1 DAGs
[2024-06-18T17:29:07.127-0400] {logging_mixin.py:188} INFO - [2024-06-18T17:29:07.126-0400] {dag.py:3954} INFO - Setting next_dagrun for tutorial_taskflow_api to None, run_after=None
[2024-06-18T17:29:07.163-0400] {processor.py:183} INFO - Processing /Users/jbshome/Desktop/us_debt_etl_pipeline/debt_env/lib/python3.12/site-packages/airflow/example_dags/tutorial_taskflow_api.py took 0.328 seconds
[2024-06-18T17:33:39.552-0400] {processor.py:161} INFO - Started process (PID=25390) to work on /Users/jbshome/Desktop/us_debt_etl_pipeline/debt_env/lib/python3.12/site-packages/airflow/example_dags/tutorial_taskflow_api.py
[2024-06-18T17:33:39.555-0400] {processor.py:830} INFO - Processing file /Users/jbshome/Desktop/us_debt_etl_pipeline/debt_env/lib/python3.12/site-packages/airflow/example_dags/tutorial_taskflow_api.py for tasks to queue
[2024-06-18T17:33:39.561-0400] {logging_mixin.py:188} INFO - [2024-06-18T17:33:39.557-0400] {dagbag.py:545} INFO - Filling up the DagBag from /Users/jbshome/Desktop/us_debt_etl_pipeline/debt_env/lib/python3.12/site-packages/airflow/example_dags/tutorial_taskflow_api.py
[2024-06-18T17:33:39.655-0400] {processor.py:840} INFO - DAG(s) 'tutorial_taskflow_api' retrieved from /Users/jbshome/Desktop/us_debt_etl_pipeline/debt_env/lib/python3.12/site-packages/airflow/example_dags/tutorial_taskflow_api.py
[2024-06-18T17:33:39.916-0400] {logging_mixin.py:188} INFO - [2024-06-18T17:33:39.916-0400] {dag.py:3096} INFO - Sync 1 DAGs
[2024-06-18T17:33:39.944-0400] {logging_mixin.py:188} INFO - [2024-06-18T17:33:39.943-0400] {dag.py:3954} INFO - Setting next_dagrun for tutorial_taskflow_api to None, run_after=None
[2024-06-18T17:33:40.030-0400] {processor.py:183} INFO - Processing /Users/jbshome/Desktop/us_debt_etl_pipeline/debt_env/lib/python3.12/site-packages/airflow/example_dags/tutorial_taskflow_api.py took 0.487 seconds
[2024-06-18T17:40:57.013-0400] {processor.py:161} INFO - Started process (PID=26421) to work on /Users/jbshome/Desktop/us_debt_etl_pipeline/debt_env/lib/python3.12/site-packages/airflow/example_dags/tutorial_taskflow_api.py
[2024-06-18T17:40:57.016-0400] {processor.py:830} INFO - Processing file /Users/jbshome/Desktop/us_debt_etl_pipeline/debt_env/lib/python3.12/site-packages/airflow/example_dags/tutorial_taskflow_api.py for tasks to queue
[2024-06-18T17:40:57.017-0400] {logging_mixin.py:188} INFO - [2024-06-18T17:40:57.017-0400] {dagbag.py:545} INFO - Filling up the DagBag from /Users/jbshome/Desktop/us_debt_etl_pipeline/debt_env/lib/python3.12/site-packages/airflow/example_dags/tutorial_taskflow_api.py
[2024-06-18T17:40:57.155-0400] {processor.py:840} INFO - DAG(s) 'tutorial_taskflow_api' retrieved from /Users/jbshome/Desktop/us_debt_etl_pipeline/debt_env/lib/python3.12/site-packages/airflow/example_dags/tutorial_taskflow_api.py
[2024-06-18T17:40:57.631-0400] {logging_mixin.py:188} INFO - [2024-06-18T17:40:57.630-0400] {dag.py:3096} INFO - Sync 1 DAGs
[2024-06-18T17:40:57.665-0400] {logging_mixin.py:188} INFO - [2024-06-18T17:40:57.664-0400] {dag.py:3954} INFO - Setting next_dagrun for tutorial_taskflow_api to None, run_after=None
[2024-06-18T17:40:57.748-0400] {processor.py:183} INFO - Processing /Users/jbshome/Desktop/us_debt_etl_pipeline/debt_env/lib/python3.12/site-packages/airflow/example_dags/tutorial_taskflow_api.py took 0.740 seconds
[2024-06-18T17:47:02.720-0400] {processor.py:161} INFO - Started process (PID=27530) to work on /Users/jbshome/Desktop/us_debt_etl_pipeline/debt_env/lib/python3.12/site-packages/airflow/example_dags/tutorial_taskflow_api.py
[2024-06-18T17:47:02.721-0400] {processor.py:830} INFO - Processing file /Users/jbshome/Desktop/us_debt_etl_pipeline/debt_env/lib/python3.12/site-packages/airflow/example_dags/tutorial_taskflow_api.py for tasks to queue
[2024-06-18T17:47:02.723-0400] {logging_mixin.py:188} INFO - [2024-06-18T17:47:02.722-0400] {dagbag.py:545} INFO - Filling up the DagBag from /Users/jbshome/Desktop/us_debt_etl_pipeline/debt_env/lib/python3.12/site-packages/airflow/example_dags/tutorial_taskflow_api.py
[2024-06-18T17:47:02.795-0400] {processor.py:840} INFO - DAG(s) 'tutorial_taskflow_api' retrieved from /Users/jbshome/Desktop/us_debt_etl_pipeline/debt_env/lib/python3.12/site-packages/airflow/example_dags/tutorial_taskflow_api.py
[2024-06-18T17:47:02.983-0400] {logging_mixin.py:188} INFO - [2024-06-18T17:47:02.983-0400] {dag.py:3096} INFO - Sync 1 DAGs
[2024-06-18T17:47:02.999-0400] {logging_mixin.py:188} INFO - [2024-06-18T17:47:02.999-0400] {dag.py:3954} INFO - Setting next_dagrun for tutorial_taskflow_api to None, run_after=None
[2024-06-18T17:47:03.030-0400] {processor.py:183} INFO - Processing /Users/jbshome/Desktop/us_debt_etl_pipeline/debt_env/lib/python3.12/site-packages/airflow/example_dags/tutorial_taskflow_api.py took 0.317 seconds
