[2024-06-18T16:29:40.716-0400] {processor.py:161} INFO - Started process (PID=19585) to work on /Users/jbshome/Desktop/us_debt_etl_pipeline/debt_env/lib/python3.12/site-packages/airflow/example_dags/tutorial_objectstorage.py
[2024-06-18T16:29:40.717-0400] {processor.py:830} INFO - Processing file /Users/jbshome/Desktop/us_debt_etl_pipeline/debt_env/lib/python3.12/site-packages/airflow/example_dags/tutorial_objectstorage.py for tasks to queue
[2024-06-18T16:29:40.718-0400] {logging_mixin.py:188} INFO - [2024-06-18T16:29:40.718-0400] {dagbag.py:545} INFO - Filling up the DagBag from /Users/jbshome/Desktop/us_debt_etl_pipeline/debt_env/lib/python3.12/site-packages/airflow/example_dags/tutorial_objectstorage.py
[2024-06-18T16:29:40.899-0400] {processor.py:840} INFO - DAG(s) 'tutorial_objectstorage' retrieved from /Users/jbshome/Desktop/us_debt_etl_pipeline/debt_env/lib/python3.12/site-packages/airflow/example_dags/tutorial_objectstorage.py
[2024-06-18T16:29:41.551-0400] {logging_mixin.py:188} INFO - [2024-06-18T16:29:41.550-0400] {override.py:1829} INFO - Created Permission View: can edit on DAG:tutorial_objectstorage
[2024-06-18T16:29:41.577-0400] {logging_mixin.py:188} INFO - [2024-06-18T16:29:41.576-0400] {override.py:1829} INFO - Created Permission View: can delete on DAG:tutorial_objectstorage
[2024-06-18T16:29:41.589-0400] {logging_mixin.py:188} INFO - [2024-06-18T16:29:41.588-0400] {override.py:1829} INFO - Created Permission View: can read on DAG:tutorial_objectstorage
[2024-06-18T16:29:41.590-0400] {logging_mixin.py:188} INFO - [2024-06-18T16:29:41.589-0400] {dag.py:3096} INFO - Sync 1 DAGs
[2024-06-18T16:29:41.614-0400] {logging_mixin.py:188} INFO - [2024-06-18T16:29:41.614-0400] {dag.py:3118} INFO - Creating ORM DAG for tutorial_objectstorage
[2024-06-18T16:29:41.615-0400] {logging_mixin.py:188} INFO - [2024-06-18T16:29:41.615-0400] {dag.py:3954} INFO - Setting next_dagrun for tutorial_objectstorage to None, run_after=None
[2024-06-18T16:29:41.647-0400] {processor.py:183} INFO - Processing /Users/jbshome/Desktop/us_debt_etl_pipeline/debt_env/lib/python3.12/site-packages/airflow/example_dags/tutorial_objectstorage.py took 0.933 seconds
[2024-06-18T16:33:42.034-0400] {processor.py:161} INFO - Started process (PID=20251) to work on /Users/jbshome/Desktop/us_debt_etl_pipeline/debt_env/lib/python3.12/site-packages/airflow/example_dags/tutorial_objectstorage.py
[2024-06-18T16:33:42.036-0400] {processor.py:830} INFO - Processing file /Users/jbshome/Desktop/us_debt_etl_pipeline/debt_env/lib/python3.12/site-packages/airflow/example_dags/tutorial_objectstorage.py for tasks to queue
[2024-06-18T16:33:42.039-0400] {logging_mixin.py:188} INFO - [2024-06-18T16:33:42.037-0400] {dagbag.py:545} INFO - Filling up the DagBag from /Users/jbshome/Desktop/us_debt_etl_pipeline/debt_env/lib/python3.12/site-packages/airflow/example_dags/tutorial_objectstorage.py
[2024-06-18T16:33:42.247-0400] {processor.py:840} INFO - DAG(s) 'tutorial_objectstorage' retrieved from /Users/jbshome/Desktop/us_debt_etl_pipeline/debt_env/lib/python3.12/site-packages/airflow/example_dags/tutorial_objectstorage.py
[2024-06-18T16:33:42.464-0400] {logging_mixin.py:188} INFO - [2024-06-18T16:33:42.463-0400] {dag.py:3096} INFO - Sync 1 DAGs
[2024-06-18T16:33:42.482-0400] {logging_mixin.py:188} INFO - [2024-06-18T16:33:42.481-0400] {dag.py:3954} INFO - Setting next_dagrun for tutorial_objectstorage to None, run_after=None
[2024-06-18T16:33:42.511-0400] {processor.py:183} INFO - Processing /Users/jbshome/Desktop/us_debt_etl_pipeline/debt_env/lib/python3.12/site-packages/airflow/example_dags/tutorial_objectstorage.py took 0.480 seconds
[2024-06-18T16:36:56.703-0400] {processor.py:161} INFO - Started process (PID=20426) to work on /Users/jbshome/Desktop/us_debt_etl_pipeline/debt_env/lib/python3.12/site-packages/airflow/example_dags/tutorial_objectstorage.py
[2024-06-18T16:36:56.705-0400] {processor.py:830} INFO - Processing file /Users/jbshome/Desktop/us_debt_etl_pipeline/debt_env/lib/python3.12/site-packages/airflow/example_dags/tutorial_objectstorage.py for tasks to queue
[2024-06-18T16:36:56.706-0400] {logging_mixin.py:188} INFO - [2024-06-18T16:36:56.705-0400] {dagbag.py:545} INFO - Filling up the DagBag from /Users/jbshome/Desktop/us_debt_etl_pipeline/debt_env/lib/python3.12/site-packages/airflow/example_dags/tutorial_objectstorage.py
[2024-06-18T16:36:56.819-0400] {processor.py:840} INFO - DAG(s) 'tutorial_objectstorage' retrieved from /Users/jbshome/Desktop/us_debt_etl_pipeline/debt_env/lib/python3.12/site-packages/airflow/example_dags/tutorial_objectstorage.py
[2024-06-18T16:36:56.919-0400] {logging_mixin.py:188} INFO - [2024-06-18T16:36:56.919-0400] {dag.py:3096} INFO - Sync 1 DAGs
[2024-06-18T16:36:56.930-0400] {logging_mixin.py:188} INFO - [2024-06-18T16:36:56.929-0400] {dag.py:3954} INFO - Setting next_dagrun for tutorial_objectstorage to None, run_after=None
[2024-06-18T16:36:56.949-0400] {processor.py:183} INFO - Processing /Users/jbshome/Desktop/us_debt_etl_pipeline/debt_env/lib/python3.12/site-packages/airflow/example_dags/tutorial_objectstorage.py took 0.248 seconds
[2024-06-18T16:40:09.198-0400] {processor.py:161} INFO - Started process (PID=20750) to work on /Users/jbshome/Desktop/us_debt_etl_pipeline/debt_env/lib/python3.12/site-packages/airflow/example_dags/tutorial_objectstorage.py
[2024-06-18T16:40:09.199-0400] {processor.py:830} INFO - Processing file /Users/jbshome/Desktop/us_debt_etl_pipeline/debt_env/lib/python3.12/site-packages/airflow/example_dags/tutorial_objectstorage.py for tasks to queue
[2024-06-18T16:40:09.200-0400] {logging_mixin.py:188} INFO - [2024-06-18T16:40:09.200-0400] {dagbag.py:545} INFO - Filling up the DagBag from /Users/jbshome/Desktop/us_debt_etl_pipeline/debt_env/lib/python3.12/site-packages/airflow/example_dags/tutorial_objectstorage.py
[2024-06-18T16:40:09.318-0400] {processor.py:840} INFO - DAG(s) 'tutorial_objectstorage' retrieved from /Users/jbshome/Desktop/us_debt_etl_pipeline/debt_env/lib/python3.12/site-packages/airflow/example_dags/tutorial_objectstorage.py
[2024-06-18T16:40:09.426-0400] {logging_mixin.py:188} INFO - [2024-06-18T16:40:09.425-0400] {dag.py:3096} INFO - Sync 1 DAGs
[2024-06-18T16:40:09.436-0400] {logging_mixin.py:188} INFO - [2024-06-18T16:40:09.435-0400] {dag.py:3954} INFO - Setting next_dagrun for tutorial_objectstorage to None, run_after=None
[2024-06-18T16:40:09.456-0400] {processor.py:183} INFO - Processing /Users/jbshome/Desktop/us_debt_etl_pipeline/debt_env/lib/python3.12/site-packages/airflow/example_dags/tutorial_objectstorage.py took 0.260 seconds
[2024-06-18T16:43:12.937-0400] {processor.py:161} INFO - Started process (PID=21375) to work on /Users/jbshome/Desktop/us_debt_etl_pipeline/debt_env/lib/python3.12/site-packages/airflow/example_dags/tutorial_objectstorage.py
[2024-06-18T16:43:12.938-0400] {processor.py:830} INFO - Processing file /Users/jbshome/Desktop/us_debt_etl_pipeline/debt_env/lib/python3.12/site-packages/airflow/example_dags/tutorial_objectstorage.py for tasks to queue
[2024-06-18T16:43:12.938-0400] {logging_mixin.py:188} INFO - [2024-06-18T16:43:12.938-0400] {dagbag.py:545} INFO - Filling up the DagBag from /Users/jbshome/Desktop/us_debt_etl_pipeline/debt_env/lib/python3.12/site-packages/airflow/example_dags/tutorial_objectstorage.py
[2024-06-18T16:43:13.062-0400] {processor.py:840} INFO - DAG(s) 'tutorial_objectstorage' retrieved from /Users/jbshome/Desktop/us_debt_etl_pipeline/debt_env/lib/python3.12/site-packages/airflow/example_dags/tutorial_objectstorage.py
[2024-06-18T16:43:13.203-0400] {logging_mixin.py:188} INFO - [2024-06-18T16:43:13.202-0400] {dag.py:3096} INFO - Sync 1 DAGs
[2024-06-18T16:43:13.217-0400] {logging_mixin.py:188} INFO - [2024-06-18T16:43:13.217-0400] {dag.py:3954} INFO - Setting next_dagrun for tutorial_objectstorage to None, run_after=None
[2024-06-18T16:43:13.245-0400] {processor.py:183} INFO - Processing /Users/jbshome/Desktop/us_debt_etl_pipeline/debt_env/lib/python3.12/site-packages/airflow/example_dags/tutorial_objectstorage.py took 0.312 seconds
[2024-06-18T16:46:06.520-0400] {processor.py:161} INFO - Started process (PID=21531) to work on /Users/jbshome/Desktop/us_debt_etl_pipeline/debt_env/lib/python3.12/site-packages/airflow/example_dags/tutorial_objectstorage.py
[2024-06-18T16:46:06.522-0400] {processor.py:830} INFO - Processing file /Users/jbshome/Desktop/us_debt_etl_pipeline/debt_env/lib/python3.12/site-packages/airflow/example_dags/tutorial_objectstorage.py for tasks to queue
[2024-06-18T16:46:06.523-0400] {logging_mixin.py:188} INFO - [2024-06-18T16:46:06.523-0400] {dagbag.py:545} INFO - Filling up the DagBag from /Users/jbshome/Desktop/us_debt_etl_pipeline/debt_env/lib/python3.12/site-packages/airflow/example_dags/tutorial_objectstorage.py
[2024-06-18T16:46:06.652-0400] {processor.py:840} INFO - DAG(s) 'tutorial_objectstorage' retrieved from /Users/jbshome/Desktop/us_debt_etl_pipeline/debt_env/lib/python3.12/site-packages/airflow/example_dags/tutorial_objectstorage.py
[2024-06-18T16:46:06.783-0400] {logging_mixin.py:188} INFO - [2024-06-18T16:46:06.783-0400] {dag.py:3096} INFO - Sync 1 DAGs
[2024-06-18T16:46:06.795-0400] {logging_mixin.py:188} INFO - [2024-06-18T16:46:06.795-0400] {dag.py:3954} INFO - Setting next_dagrun for tutorial_objectstorage to None, run_after=None
[2024-06-18T16:46:06.815-0400] {processor.py:183} INFO - Processing /Users/jbshome/Desktop/us_debt_etl_pipeline/debt_env/lib/python3.12/site-packages/airflow/example_dags/tutorial_objectstorage.py took 0.298 seconds
[2024-06-18T16:49:18.106-0400] {processor.py:161} INFO - Started process (PID=21717) to work on /Users/jbshome/Desktop/us_debt_etl_pipeline/debt_env/lib/python3.12/site-packages/airflow/example_dags/tutorial_objectstorage.py
[2024-06-18T16:49:18.107-0400] {processor.py:830} INFO - Processing file /Users/jbshome/Desktop/us_debt_etl_pipeline/debt_env/lib/python3.12/site-packages/airflow/example_dags/tutorial_objectstorage.py for tasks to queue
[2024-06-18T16:49:18.108-0400] {logging_mixin.py:188} INFO - [2024-06-18T16:49:18.108-0400] {dagbag.py:545} INFO - Filling up the DagBag from /Users/jbshome/Desktop/us_debt_etl_pipeline/debt_env/lib/python3.12/site-packages/airflow/example_dags/tutorial_objectstorage.py
[2024-06-18T16:49:18.262-0400] {processor.py:840} INFO - DAG(s) 'tutorial_objectstorage' retrieved from /Users/jbshome/Desktop/us_debt_etl_pipeline/debt_env/lib/python3.12/site-packages/airflow/example_dags/tutorial_objectstorage.py
[2024-06-18T16:49:18.408-0400] {logging_mixin.py:188} INFO - [2024-06-18T16:49:18.408-0400] {dag.py:3096} INFO - Sync 1 DAGs
[2024-06-18T16:49:18.421-0400] {logging_mixin.py:188} INFO - [2024-06-18T16:49:18.420-0400] {dag.py:3954} INFO - Setting next_dagrun for tutorial_objectstorage to None, run_after=None
[2024-06-18T16:49:18.445-0400] {processor.py:183} INFO - Processing /Users/jbshome/Desktop/us_debt_etl_pipeline/debt_env/lib/python3.12/site-packages/airflow/example_dags/tutorial_objectstorage.py took 0.342 seconds
[2024-06-18T16:52:25.606-0400] {processor.py:161} INFO - Started process (PID=21881) to work on /Users/jbshome/Desktop/us_debt_etl_pipeline/debt_env/lib/python3.12/site-packages/airflow/example_dags/tutorial_objectstorage.py
[2024-06-18T16:52:25.608-0400] {processor.py:830} INFO - Processing file /Users/jbshome/Desktop/us_debt_etl_pipeline/debt_env/lib/python3.12/site-packages/airflow/example_dags/tutorial_objectstorage.py for tasks to queue
[2024-06-18T16:52:25.609-0400] {logging_mixin.py:188} INFO - [2024-06-18T16:52:25.609-0400] {dagbag.py:545} INFO - Filling up the DagBag from /Users/jbshome/Desktop/us_debt_etl_pipeline/debt_env/lib/python3.12/site-packages/airflow/example_dags/tutorial_objectstorage.py
[2024-06-18T16:52:25.784-0400] {processor.py:840} INFO - DAG(s) 'tutorial_objectstorage' retrieved from /Users/jbshome/Desktop/us_debt_etl_pipeline/debt_env/lib/python3.12/site-packages/airflow/example_dags/tutorial_objectstorage.py
[2024-06-18T16:52:25.958-0400] {logging_mixin.py:188} INFO - [2024-06-18T16:52:25.957-0400] {dag.py:3096} INFO - Sync 1 DAGs
[2024-06-18T16:52:25.968-0400] {logging_mixin.py:188} INFO - [2024-06-18T16:52:25.968-0400] {dag.py:3954} INFO - Setting next_dagrun for tutorial_objectstorage to None, run_after=None
[2024-06-18T16:52:25.992-0400] {processor.py:183} INFO - Processing /Users/jbshome/Desktop/us_debt_etl_pipeline/debt_env/lib/python3.12/site-packages/airflow/example_dags/tutorial_objectstorage.py took 0.390 seconds
[2024-06-18T16:55:36.471-0400] {processor.py:161} INFO - Started process (PID=22029) to work on /Users/jbshome/Desktop/us_debt_etl_pipeline/debt_env/lib/python3.12/site-packages/airflow/example_dags/tutorial_objectstorage.py
[2024-06-18T16:55:36.476-0400] {processor.py:830} INFO - Processing file /Users/jbshome/Desktop/us_debt_etl_pipeline/debt_env/lib/python3.12/site-packages/airflow/example_dags/tutorial_objectstorage.py for tasks to queue
[2024-06-18T16:55:36.477-0400] {logging_mixin.py:188} INFO - [2024-06-18T16:55:36.477-0400] {dagbag.py:545} INFO - Filling up the DagBag from /Users/jbshome/Desktop/us_debt_etl_pipeline/debt_env/lib/python3.12/site-packages/airflow/example_dags/tutorial_objectstorage.py
[2024-06-18T16:55:36.744-0400] {processor.py:840} INFO - DAG(s) 'tutorial_objectstorage' retrieved from /Users/jbshome/Desktop/us_debt_etl_pipeline/debt_env/lib/python3.12/site-packages/airflow/example_dags/tutorial_objectstorage.py
[2024-06-18T16:55:36.922-0400] {logging_mixin.py:188} INFO - [2024-06-18T16:55:36.922-0400] {dag.py:3096} INFO - Sync 1 DAGs
[2024-06-18T16:55:36.934-0400] {logging_mixin.py:188} INFO - [2024-06-18T16:55:36.934-0400] {dag.py:3954} INFO - Setting next_dagrun for tutorial_objectstorage to None, run_after=None
[2024-06-18T16:55:36.959-0400] {processor.py:183} INFO - Processing /Users/jbshome/Desktop/us_debt_etl_pipeline/debt_env/lib/python3.12/site-packages/airflow/example_dags/tutorial_objectstorage.py took 0.493 seconds
[2024-06-18T16:58:45.520-0400] {processor.py:161} INFO - Started process (PID=22521) to work on /Users/jbshome/Desktop/us_debt_etl_pipeline/debt_env/lib/python3.12/site-packages/airflow/example_dags/tutorial_objectstorage.py
[2024-06-18T16:58:45.524-0400] {processor.py:830} INFO - Processing file /Users/jbshome/Desktop/us_debt_etl_pipeline/debt_env/lib/python3.12/site-packages/airflow/example_dags/tutorial_objectstorage.py for tasks to queue
[2024-06-18T16:58:45.525-0400] {logging_mixin.py:188} INFO - [2024-06-18T16:58:45.524-0400] {dagbag.py:545} INFO - Filling up the DagBag from /Users/jbshome/Desktop/us_debt_etl_pipeline/debt_env/lib/python3.12/site-packages/airflow/example_dags/tutorial_objectstorage.py
[2024-06-18T16:58:45.754-0400] {processor.py:840} INFO - DAG(s) 'tutorial_objectstorage' retrieved from /Users/jbshome/Desktop/us_debt_etl_pipeline/debt_env/lib/python3.12/site-packages/airflow/example_dags/tutorial_objectstorage.py
[2024-06-18T16:58:46.023-0400] {logging_mixin.py:188} INFO - [2024-06-18T16:58:46.023-0400] {dag.py:3096} INFO - Sync 1 DAGs
[2024-06-18T16:58:46.066-0400] {logging_mixin.py:188} INFO - [2024-06-18T16:58:46.065-0400] {dag.py:3954} INFO - Setting next_dagrun for tutorial_objectstorage to None, run_after=None
[2024-06-18T16:58:46.099-0400] {processor.py:183} INFO - Processing /Users/jbshome/Desktop/us_debt_etl_pipeline/debt_env/lib/python3.12/site-packages/airflow/example_dags/tutorial_objectstorage.py took 0.584 seconds
[2024-06-18T17:02:51.573-0400] {processor.py:161} INFO - Started process (PID=22773) to work on /Users/jbshome/Desktop/us_debt_etl_pipeline/debt_env/lib/python3.12/site-packages/airflow/example_dags/tutorial_objectstorage.py
[2024-06-18T17:02:51.575-0400] {processor.py:830} INFO - Processing file /Users/jbshome/Desktop/us_debt_etl_pipeline/debt_env/lib/python3.12/site-packages/airflow/example_dags/tutorial_objectstorage.py for tasks to queue
[2024-06-18T17:02:51.576-0400] {logging_mixin.py:188} INFO - [2024-06-18T17:02:51.576-0400] {dagbag.py:545} INFO - Filling up the DagBag from /Users/jbshome/Desktop/us_debt_etl_pipeline/debt_env/lib/python3.12/site-packages/airflow/example_dags/tutorial_objectstorage.py
[2024-06-18T17:02:51.704-0400] {processor.py:840} INFO - DAG(s) 'tutorial_objectstorage' retrieved from /Users/jbshome/Desktop/us_debt_etl_pipeline/debt_env/lib/python3.12/site-packages/airflow/example_dags/tutorial_objectstorage.py
[2024-06-18T17:02:51.855-0400] {logging_mixin.py:188} INFO - [2024-06-18T17:02:51.854-0400] {dag.py:3096} INFO - Sync 1 DAGs
[2024-06-18T17:02:51.871-0400] {logging_mixin.py:188} INFO - [2024-06-18T17:02:51.870-0400] {dag.py:3954} INFO - Setting next_dagrun for tutorial_objectstorage to None, run_after=None
[2024-06-18T17:02:51.904-0400] {processor.py:183} INFO - Processing /Users/jbshome/Desktop/us_debt_etl_pipeline/debt_env/lib/python3.12/site-packages/airflow/example_dags/tutorial_objectstorage.py took 0.333 seconds
[2024-06-18T17:06:10.521-0400] {processor.py:161} INFO - Started process (PID=23080) to work on /Users/jbshome/Desktop/us_debt_etl_pipeline/debt_env/lib/python3.12/site-packages/airflow/example_dags/tutorial_objectstorage.py
[2024-06-18T17:06:10.523-0400] {processor.py:830} INFO - Processing file /Users/jbshome/Desktop/us_debt_etl_pipeline/debt_env/lib/python3.12/site-packages/airflow/example_dags/tutorial_objectstorage.py for tasks to queue
[2024-06-18T17:06:10.524-0400] {logging_mixin.py:188} INFO - [2024-06-18T17:06:10.524-0400] {dagbag.py:545} INFO - Filling up the DagBag from /Users/jbshome/Desktop/us_debt_etl_pipeline/debt_env/lib/python3.12/site-packages/airflow/example_dags/tutorial_objectstorage.py
[2024-06-18T17:06:10.757-0400] {processor.py:840} INFO - DAG(s) 'tutorial_objectstorage' retrieved from /Users/jbshome/Desktop/us_debt_etl_pipeline/debt_env/lib/python3.12/site-packages/airflow/example_dags/tutorial_objectstorage.py
[2024-06-18T17:06:10.923-0400] {logging_mixin.py:188} INFO - [2024-06-18T17:06:10.922-0400] {dag.py:3096} INFO - Sync 1 DAGs
[2024-06-18T17:06:10.935-0400] {logging_mixin.py:188} INFO - [2024-06-18T17:06:10.935-0400] {dag.py:3954} INFO - Setting next_dagrun for tutorial_objectstorage to None, run_after=None
[2024-06-18T17:06:10.966-0400] {processor.py:183} INFO - Processing /Users/jbshome/Desktop/us_debt_etl_pipeline/debt_env/lib/python3.12/site-packages/airflow/example_dags/tutorial_objectstorage.py took 0.450 seconds
[2024-06-18T17:10:12.732-0400] {processor.py:161} INFO - Started process (PID=23803) to work on /Users/jbshome/Desktop/us_debt_etl_pipeline/debt_env/lib/python3.12/site-packages/airflow/example_dags/tutorial_objectstorage.py
[2024-06-18T17:10:12.734-0400] {processor.py:830} INFO - Processing file /Users/jbshome/Desktop/us_debt_etl_pipeline/debt_env/lib/python3.12/site-packages/airflow/example_dags/tutorial_objectstorage.py for tasks to queue
[2024-06-18T17:10:12.741-0400] {logging_mixin.py:188} INFO - [2024-06-18T17:10:12.740-0400] {dagbag.py:545} INFO - Filling up the DagBag from /Users/jbshome/Desktop/us_debt_etl_pipeline/debt_env/lib/python3.12/site-packages/airflow/example_dags/tutorial_objectstorage.py
[2024-06-18T17:10:13.191-0400] {processor.py:840} INFO - DAG(s) 'tutorial_objectstorage' retrieved from /Users/jbshome/Desktop/us_debt_etl_pipeline/debt_env/lib/python3.12/site-packages/airflow/example_dags/tutorial_objectstorage.py
[2024-06-18T17:10:13.466-0400] {logging_mixin.py:188} INFO - [2024-06-18T17:10:13.465-0400] {dag.py:3096} INFO - Sync 1 DAGs
[2024-06-18T17:10:13.505-0400] {logging_mixin.py:188} INFO - [2024-06-18T17:10:13.504-0400] {dag.py:3954} INFO - Setting next_dagrun for tutorial_objectstorage to None, run_after=None
[2024-06-18T17:10:13.555-0400] {processor.py:183} INFO - Processing /Users/jbshome/Desktop/us_debt_etl_pipeline/debt_env/lib/python3.12/site-packages/airflow/example_dags/tutorial_objectstorage.py took 0.828 seconds
[2024-06-18T17:15:09.070-0400] {processor.py:161} INFO - Started process (PID=24120) to work on /Users/jbshome/Desktop/us_debt_etl_pipeline/debt_env/lib/python3.12/site-packages/airflow/example_dags/tutorial_objectstorage.py
[2024-06-18T17:15:09.073-0400] {processor.py:830} INFO - Processing file /Users/jbshome/Desktop/us_debt_etl_pipeline/debt_env/lib/python3.12/site-packages/airflow/example_dags/tutorial_objectstorage.py for tasks to queue
[2024-06-18T17:15:09.076-0400] {logging_mixin.py:188} INFO - [2024-06-18T17:15:09.075-0400] {dagbag.py:545} INFO - Filling up the DagBag from /Users/jbshome/Desktop/us_debt_etl_pipeline/debt_env/lib/python3.12/site-packages/airflow/example_dags/tutorial_objectstorage.py
[2024-06-18T17:15:09.410-0400] {processor.py:840} INFO - DAG(s) 'tutorial_objectstorage' retrieved from /Users/jbshome/Desktop/us_debt_etl_pipeline/debt_env/lib/python3.12/site-packages/airflow/example_dags/tutorial_objectstorage.py
[2024-06-18T17:15:09.697-0400] {logging_mixin.py:188} INFO - [2024-06-18T17:15:09.696-0400] {dag.py:3096} INFO - Sync 1 DAGs
[2024-06-18T17:15:09.720-0400] {logging_mixin.py:188} INFO - [2024-06-18T17:15:09.719-0400] {dag.py:3954} INFO - Setting next_dagrun for tutorial_objectstorage to None, run_after=None
[2024-06-18T17:15:09.762-0400] {processor.py:183} INFO - Processing /Users/jbshome/Desktop/us_debt_etl_pipeline/debt_env/lib/python3.12/site-packages/airflow/example_dags/tutorial_objectstorage.py took 0.698 seconds
[2024-06-18T17:20:23.876-0400] {processor.py:161} INFO - Started process (PID=24475) to work on /Users/jbshome/Desktop/us_debt_etl_pipeline/debt_env/lib/python3.12/site-packages/airflow/example_dags/tutorial_objectstorage.py
[2024-06-18T17:20:23.879-0400] {processor.py:830} INFO - Processing file /Users/jbshome/Desktop/us_debt_etl_pipeline/debt_env/lib/python3.12/site-packages/airflow/example_dags/tutorial_objectstorage.py for tasks to queue
[2024-06-18T17:20:23.880-0400] {logging_mixin.py:188} INFO - [2024-06-18T17:20:23.880-0400] {dagbag.py:545} INFO - Filling up the DagBag from /Users/jbshome/Desktop/us_debt_etl_pipeline/debt_env/lib/python3.12/site-packages/airflow/example_dags/tutorial_objectstorage.py
[2024-06-18T17:20:24.073-0400] {processor.py:840} INFO - DAG(s) 'tutorial_objectstorage' retrieved from /Users/jbshome/Desktop/us_debt_etl_pipeline/debt_env/lib/python3.12/site-packages/airflow/example_dags/tutorial_objectstorage.py
[2024-06-18T17:20:24.267-0400] {logging_mixin.py:188} INFO - [2024-06-18T17:20:24.267-0400] {dag.py:3096} INFO - Sync 1 DAGs
[2024-06-18T17:20:24.284-0400] {logging_mixin.py:188} INFO - [2024-06-18T17:20:24.284-0400] {dag.py:3954} INFO - Setting next_dagrun for tutorial_objectstorage to None, run_after=None
[2024-06-18T17:20:24.317-0400] {processor.py:183} INFO - Processing /Users/jbshome/Desktop/us_debt_etl_pipeline/debt_env/lib/python3.12/site-packages/airflow/example_dags/tutorial_objectstorage.py took 0.446 seconds
[2024-06-18T17:24:30.226-0400] {processor.py:161} INFO - Started process (PID=24772) to work on /Users/jbshome/Desktop/us_debt_etl_pipeline/debt_env/lib/python3.12/site-packages/airflow/example_dags/tutorial_objectstorage.py
[2024-06-18T17:24:30.229-0400] {processor.py:830} INFO - Processing file /Users/jbshome/Desktop/us_debt_etl_pipeline/debt_env/lib/python3.12/site-packages/airflow/example_dags/tutorial_objectstorage.py for tasks to queue
[2024-06-18T17:24:30.230-0400] {logging_mixin.py:188} INFO - [2024-06-18T17:24:30.229-0400] {dagbag.py:545} INFO - Filling up the DagBag from /Users/jbshome/Desktop/us_debt_etl_pipeline/debt_env/lib/python3.12/site-packages/airflow/example_dags/tutorial_objectstorage.py
[2024-06-18T17:24:30.406-0400] {processor.py:840} INFO - DAG(s) 'tutorial_objectstorage' retrieved from /Users/jbshome/Desktop/us_debt_etl_pipeline/debt_env/lib/python3.12/site-packages/airflow/example_dags/tutorial_objectstorage.py
[2024-06-18T17:24:30.563-0400] {logging_mixin.py:188} INFO - [2024-06-18T17:24:30.563-0400] {dag.py:3096} INFO - Sync 1 DAGs
[2024-06-18T17:24:30.579-0400] {logging_mixin.py:188} INFO - [2024-06-18T17:24:30.579-0400] {dag.py:3954} INFO - Setting next_dagrun for tutorial_objectstorage to None, run_after=None
[2024-06-18T17:24:30.608-0400] {processor.py:183} INFO - Processing /Users/jbshome/Desktop/us_debt_etl_pipeline/debt_env/lib/python3.12/site-packages/airflow/example_dags/tutorial_objectstorage.py took 0.387 seconds
[2024-06-18T17:29:12.374-0400] {processor.py:161} INFO - Started process (PID=25083) to work on /Users/jbshome/Desktop/us_debt_etl_pipeline/debt_env/lib/python3.12/site-packages/airflow/example_dags/tutorial_objectstorage.py
[2024-06-18T17:29:12.375-0400] {processor.py:830} INFO - Processing file /Users/jbshome/Desktop/us_debt_etl_pipeline/debt_env/lib/python3.12/site-packages/airflow/example_dags/tutorial_objectstorage.py for tasks to queue
[2024-06-18T17:29:12.377-0400] {logging_mixin.py:188} INFO - [2024-06-18T17:29:12.377-0400] {dagbag.py:545} INFO - Filling up the DagBag from /Users/jbshome/Desktop/us_debt_etl_pipeline/debt_env/lib/python3.12/site-packages/airflow/example_dags/tutorial_objectstorage.py
[2024-06-18T17:29:12.617-0400] {processor.py:840} INFO - DAG(s) 'tutorial_objectstorage' retrieved from /Users/jbshome/Desktop/us_debt_etl_pipeline/debt_env/lib/python3.12/site-packages/airflow/example_dags/tutorial_objectstorage.py
[2024-06-18T17:29:12.845-0400] {logging_mixin.py:188} INFO - [2024-06-18T17:29:12.845-0400] {dag.py:3096} INFO - Sync 1 DAGs
[2024-06-18T17:29:12.864-0400] {logging_mixin.py:188} INFO - [2024-06-18T17:29:12.863-0400] {dag.py:3954} INFO - Setting next_dagrun for tutorial_objectstorage to None, run_after=None
[2024-06-18T17:29:12.905-0400] {processor.py:183} INFO - Processing /Users/jbshome/Desktop/us_debt_etl_pipeline/debt_env/lib/python3.12/site-packages/airflow/example_dags/tutorial_objectstorage.py took 0.535 seconds
[2024-06-18T17:33:46.495-0400] {processor.py:161} INFO - Started process (PID=25398) to work on /Users/jbshome/Desktop/us_debt_etl_pipeline/debt_env/lib/python3.12/site-packages/airflow/example_dags/tutorial_objectstorage.py
[2024-06-18T17:33:46.497-0400] {processor.py:830} INFO - Processing file /Users/jbshome/Desktop/us_debt_etl_pipeline/debt_env/lib/python3.12/site-packages/airflow/example_dags/tutorial_objectstorage.py for tasks to queue
[2024-06-18T17:33:46.498-0400] {logging_mixin.py:188} INFO - [2024-06-18T17:33:46.498-0400] {dagbag.py:545} INFO - Filling up the DagBag from /Users/jbshome/Desktop/us_debt_etl_pipeline/debt_env/lib/python3.12/site-packages/airflow/example_dags/tutorial_objectstorage.py
[2024-06-18T17:33:46.776-0400] {processor.py:840} INFO - DAG(s) 'tutorial_objectstorage' retrieved from /Users/jbshome/Desktop/us_debt_etl_pipeline/debt_env/lib/python3.12/site-packages/airflow/example_dags/tutorial_objectstorage.py
[2024-06-18T17:33:46.971-0400] {logging_mixin.py:188} INFO - [2024-06-18T17:33:46.970-0400] {dag.py:3096} INFO - Sync 1 DAGs
[2024-06-18T17:33:46.989-0400] {logging_mixin.py:188} INFO - [2024-06-18T17:33:46.989-0400] {dag.py:3954} INFO - Setting next_dagrun for tutorial_objectstorage to None, run_after=None
[2024-06-18T17:33:47.053-0400] {processor.py:183} INFO - Processing /Users/jbshome/Desktop/us_debt_etl_pipeline/debt_env/lib/python3.12/site-packages/airflow/example_dags/tutorial_objectstorage.py took 0.566 seconds
[2024-06-18T17:41:08.403-0400] {processor.py:161} INFO - Started process (PID=26428) to work on /Users/jbshome/Desktop/us_debt_etl_pipeline/debt_env/lib/python3.12/site-packages/airflow/example_dags/tutorial_objectstorage.py
[2024-06-18T17:41:08.406-0400] {processor.py:830} INFO - Processing file /Users/jbshome/Desktop/us_debt_etl_pipeline/debt_env/lib/python3.12/site-packages/airflow/example_dags/tutorial_objectstorage.py for tasks to queue
[2024-06-18T17:41:08.409-0400] {logging_mixin.py:188} INFO - [2024-06-18T17:41:08.408-0400] {dagbag.py:545} INFO - Filling up the DagBag from /Users/jbshome/Desktop/us_debt_etl_pipeline/debt_env/lib/python3.12/site-packages/airflow/example_dags/tutorial_objectstorage.py
[2024-06-18T17:41:08.898-0400] {processor.py:840} INFO - DAG(s) 'tutorial_objectstorage' retrieved from /Users/jbshome/Desktop/us_debt_etl_pipeline/debt_env/lib/python3.12/site-packages/airflow/example_dags/tutorial_objectstorage.py
[2024-06-18T17:41:09.342-0400] {logging_mixin.py:188} INFO - [2024-06-18T17:41:09.341-0400] {dag.py:3096} INFO - Sync 1 DAGs
[2024-06-18T17:41:09.389-0400] {logging_mixin.py:188} INFO - [2024-06-18T17:41:09.389-0400] {dag.py:3954} INFO - Setting next_dagrun for tutorial_objectstorage to None, run_after=None
[2024-06-18T17:41:09.502-0400] {processor.py:183} INFO - Processing /Users/jbshome/Desktop/us_debt_etl_pipeline/debt_env/lib/python3.12/site-packages/airflow/example_dags/tutorial_objectstorage.py took 1.105 seconds
[2024-06-18T17:47:06.693-0400] {processor.py:161} INFO - Started process (PID=27534) to work on /Users/jbshome/Desktop/us_debt_etl_pipeline/debt_env/lib/python3.12/site-packages/airflow/example_dags/tutorial_objectstorage.py
[2024-06-18T17:47:06.695-0400] {processor.py:830} INFO - Processing file /Users/jbshome/Desktop/us_debt_etl_pipeline/debt_env/lib/python3.12/site-packages/airflow/example_dags/tutorial_objectstorage.py for tasks to queue
[2024-06-18T17:47:06.696-0400] {logging_mixin.py:188} INFO - [2024-06-18T17:47:06.695-0400] {dagbag.py:545} INFO - Filling up the DagBag from /Users/jbshome/Desktop/us_debt_etl_pipeline/debt_env/lib/python3.12/site-packages/airflow/example_dags/tutorial_objectstorage.py
[2024-06-18T17:47:06.949-0400] {processor.py:840} INFO - DAG(s) 'tutorial_objectstorage' retrieved from /Users/jbshome/Desktop/us_debt_etl_pipeline/debt_env/lib/python3.12/site-packages/airflow/example_dags/tutorial_objectstorage.py
[2024-06-18T17:47:07.113-0400] {logging_mixin.py:188} INFO - [2024-06-18T17:47:07.113-0400] {dag.py:3096} INFO - Sync 1 DAGs
[2024-06-18T17:47:07.129-0400] {logging_mixin.py:188} INFO - [2024-06-18T17:47:07.129-0400] {dag.py:3954} INFO - Setting next_dagrun for tutorial_objectstorage to None, run_after=None
[2024-06-18T17:47:07.158-0400] {processor.py:183} INFO - Processing /Users/jbshome/Desktop/us_debt_etl_pipeline/debt_env/lib/python3.12/site-packages/airflow/example_dags/tutorial_objectstorage.py took 0.468 seconds
