[2024-06-18T16:29:49.082-0400] {processor.py:161} INFO - Started process (PID=19587) to work on /Users/jbshome/Desktop/us_debt_etl_pipeline/debt_env/lib/python3.12/site-packages/airflow/example_dags/tutorial_dag.py
[2024-06-18T16:29:49.083-0400] {processor.py:830} INFO - Processing file /Users/jbshome/Desktop/us_debt_etl_pipeline/debt_env/lib/python3.12/site-packages/airflow/example_dags/tutorial_dag.py for tasks to queue
[2024-06-18T16:29:49.084-0400] {logging_mixin.py:188} INFO - [2024-06-18T16:29:49.084-0400] {dagbag.py:545} INFO - Filling up the DagBag from /Users/jbshome/Desktop/us_debt_etl_pipeline/debt_env/lib/python3.12/site-packages/airflow/example_dags/tutorial_dag.py
[2024-06-18T16:29:49.124-0400] {processor.py:840} INFO - DAG(s) 'tutorial_dag' retrieved from /Users/jbshome/Desktop/us_debt_etl_pipeline/debt_env/lib/python3.12/site-packages/airflow/example_dags/tutorial_dag.py
[2024-06-18T16:29:49.452-0400] {logging_mixin.py:188} INFO - [2024-06-18T16:29:49.451-0400] {override.py:1829} INFO - Created Permission View: can edit on DAG:tutorial_dag
[2024-06-18T16:29:49.468-0400] {logging_mixin.py:188} INFO - [2024-06-18T16:29:49.467-0400] {override.py:1829} INFO - Created Permission View: can read on DAG:tutorial_dag
[2024-06-18T16:29:49.481-0400] {logging_mixin.py:188} INFO - [2024-06-18T16:29:49.481-0400] {override.py:1829} INFO - Created Permission View: can delete on DAG:tutorial_dag
[2024-06-18T16:29:49.483-0400] {logging_mixin.py:188} INFO - [2024-06-18T16:29:49.482-0400] {dag.py:3096} INFO - Sync 1 DAGs
[2024-06-18T16:29:49.590-0400] {logging_mixin.py:188} INFO - [2024-06-18T16:29:49.590-0400] {dag.py:3118} INFO - Creating ORM DAG for tutorial_dag
[2024-06-18T16:29:49.591-0400] {logging_mixin.py:188} INFO - [2024-06-18T16:29:49.591-0400] {dag.py:3954} INFO - Setting next_dagrun for tutorial_dag to None, run_after=None
[2024-06-18T16:29:49.635-0400] {processor.py:183} INFO - Processing /Users/jbshome/Desktop/us_debt_etl_pipeline/debt_env/lib/python3.12/site-packages/airflow/example_dags/tutorial_dag.py took 0.564 seconds
[2024-06-18T16:33:46.726-0400] {processor.py:161} INFO - Started process (PID=20254) to work on /Users/jbshome/Desktop/us_debt_etl_pipeline/debt_env/lib/python3.12/site-packages/airflow/example_dags/tutorial_dag.py
[2024-06-18T16:33:46.729-0400] {processor.py:830} INFO - Processing file /Users/jbshome/Desktop/us_debt_etl_pipeline/debt_env/lib/python3.12/site-packages/airflow/example_dags/tutorial_dag.py for tasks to queue
[2024-06-18T16:33:46.730-0400] {logging_mixin.py:188} INFO - [2024-06-18T16:33:46.729-0400] {dagbag.py:545} INFO - Filling up the DagBag from /Users/jbshome/Desktop/us_debt_etl_pipeline/debt_env/lib/python3.12/site-packages/airflow/example_dags/tutorial_dag.py
[2024-06-18T16:33:46.764-0400] {processor.py:840} INFO - DAG(s) 'tutorial_dag' retrieved from /Users/jbshome/Desktop/us_debt_etl_pipeline/debt_env/lib/python3.12/site-packages/airflow/example_dags/tutorial_dag.py
[2024-06-18T16:33:46.936-0400] {logging_mixin.py:188} INFO - [2024-06-18T16:33:46.936-0400] {dag.py:3096} INFO - Sync 1 DAGs
[2024-06-18T16:33:46.972-0400] {logging_mixin.py:188} INFO - [2024-06-18T16:33:46.971-0400] {dag.py:3954} INFO - Setting next_dagrun for tutorial_dag to None, run_after=None
[2024-06-18T16:33:47.116-0400] {processor.py:183} INFO - Processing /Users/jbshome/Desktop/us_debt_etl_pipeline/debt_env/lib/python3.12/site-packages/airflow/example_dags/tutorial_dag.py took 0.396 seconds
[2024-06-18T16:37:01.566-0400] {processor.py:161} INFO - Started process (PID=20428) to work on /Users/jbshome/Desktop/us_debt_etl_pipeline/debt_env/lib/python3.12/site-packages/airflow/example_dags/tutorial_dag.py
[2024-06-18T16:37:01.568-0400] {processor.py:830} INFO - Processing file /Users/jbshome/Desktop/us_debt_etl_pipeline/debt_env/lib/python3.12/site-packages/airflow/example_dags/tutorial_dag.py for tasks to queue
[2024-06-18T16:37:01.569-0400] {logging_mixin.py:188} INFO - [2024-06-18T16:37:01.569-0400] {dagbag.py:545} INFO - Filling up the DagBag from /Users/jbshome/Desktop/us_debt_etl_pipeline/debt_env/lib/python3.12/site-packages/airflow/example_dags/tutorial_dag.py
[2024-06-18T16:37:01.594-0400] {processor.py:840} INFO - DAG(s) 'tutorial_dag' retrieved from /Users/jbshome/Desktop/us_debt_etl_pipeline/debt_env/lib/python3.12/site-packages/airflow/example_dags/tutorial_dag.py
[2024-06-18T16:37:01.697-0400] {logging_mixin.py:188} INFO - [2024-06-18T16:37:01.697-0400] {dag.py:3096} INFO - Sync 1 DAGs
[2024-06-18T16:37:01.707-0400] {logging_mixin.py:188} INFO - [2024-06-18T16:37:01.707-0400] {dag.py:3954} INFO - Setting next_dagrun for tutorial_dag to None, run_after=None
[2024-06-18T16:37:01.727-0400] {processor.py:183} INFO - Processing /Users/jbshome/Desktop/us_debt_etl_pipeline/debt_env/lib/python3.12/site-packages/airflow/example_dags/tutorial_dag.py took 0.164 seconds
[2024-06-18T16:40:12.758-0400] {processor.py:161} INFO - Started process (PID=20752) to work on /Users/jbshome/Desktop/us_debt_etl_pipeline/debt_env/lib/python3.12/site-packages/airflow/example_dags/tutorial_dag.py
[2024-06-18T16:40:12.760-0400] {processor.py:830} INFO - Processing file /Users/jbshome/Desktop/us_debt_etl_pipeline/debt_env/lib/python3.12/site-packages/airflow/example_dags/tutorial_dag.py for tasks to queue
[2024-06-18T16:40:12.761-0400] {logging_mixin.py:188} INFO - [2024-06-18T16:40:12.761-0400] {dagbag.py:545} INFO - Filling up the DagBag from /Users/jbshome/Desktop/us_debt_etl_pipeline/debt_env/lib/python3.12/site-packages/airflow/example_dags/tutorial_dag.py
[2024-06-18T16:40:12.789-0400] {processor.py:840} INFO - DAG(s) 'tutorial_dag' retrieved from /Users/jbshome/Desktop/us_debt_etl_pipeline/debt_env/lib/python3.12/site-packages/airflow/example_dags/tutorial_dag.py
[2024-06-18T16:40:12.906-0400] {logging_mixin.py:188} INFO - [2024-06-18T16:40:12.906-0400] {dag.py:3096} INFO - Sync 1 DAGs
[2024-06-18T16:40:12.918-0400] {logging_mixin.py:188} INFO - [2024-06-18T16:40:12.917-0400] {dag.py:3954} INFO - Setting next_dagrun for tutorial_dag to None, run_after=None
[2024-06-18T16:40:12.939-0400] {processor.py:183} INFO - Processing /Users/jbshome/Desktop/us_debt_etl_pipeline/debt_env/lib/python3.12/site-packages/airflow/example_dags/tutorial_dag.py took 0.184 seconds
[2024-06-18T16:43:16.820-0400] {processor.py:161} INFO - Started process (PID=21379) to work on /Users/jbshome/Desktop/us_debt_etl_pipeline/debt_env/lib/python3.12/site-packages/airflow/example_dags/tutorial_dag.py
[2024-06-18T16:43:16.822-0400] {processor.py:830} INFO - Processing file /Users/jbshome/Desktop/us_debt_etl_pipeline/debt_env/lib/python3.12/site-packages/airflow/example_dags/tutorial_dag.py for tasks to queue
[2024-06-18T16:43:16.823-0400] {logging_mixin.py:188} INFO - [2024-06-18T16:43:16.823-0400] {dagbag.py:545} INFO - Filling up the DagBag from /Users/jbshome/Desktop/us_debt_etl_pipeline/debt_env/lib/python3.12/site-packages/airflow/example_dags/tutorial_dag.py
[2024-06-18T16:43:16.867-0400] {processor.py:840} INFO - DAG(s) 'tutorial_dag' retrieved from /Users/jbshome/Desktop/us_debt_etl_pipeline/debt_env/lib/python3.12/site-packages/airflow/example_dags/tutorial_dag.py
[2024-06-18T16:43:17.050-0400] {logging_mixin.py:188} INFO - [2024-06-18T16:43:17.049-0400] {dag.py:3096} INFO - Sync 1 DAGs
[2024-06-18T16:43:17.064-0400] {logging_mixin.py:188} INFO - [2024-06-18T16:43:17.064-0400] {dag.py:3954} INFO - Setting next_dagrun for tutorial_dag to None, run_after=None
[2024-06-18T16:43:17.108-0400] {processor.py:183} INFO - Processing /Users/jbshome/Desktop/us_debt_etl_pipeline/debt_env/lib/python3.12/site-packages/airflow/example_dags/tutorial_dag.py took 0.291 seconds
[2024-06-18T16:46:10.964-0400] {processor.py:161} INFO - Started process (PID=21542) to work on /Users/jbshome/Desktop/us_debt_etl_pipeline/debt_env/lib/python3.12/site-packages/airflow/example_dags/tutorial_dag.py
[2024-06-18T16:46:10.966-0400] {processor.py:830} INFO - Processing file /Users/jbshome/Desktop/us_debt_etl_pipeline/debt_env/lib/python3.12/site-packages/airflow/example_dags/tutorial_dag.py for tasks to queue
[2024-06-18T16:46:10.967-0400] {logging_mixin.py:188} INFO - [2024-06-18T16:46:10.967-0400] {dagbag.py:545} INFO - Filling up the DagBag from /Users/jbshome/Desktop/us_debt_etl_pipeline/debt_env/lib/python3.12/site-packages/airflow/example_dags/tutorial_dag.py
[2024-06-18T16:46:11.003-0400] {processor.py:840} INFO - DAG(s) 'tutorial_dag' retrieved from /Users/jbshome/Desktop/us_debt_etl_pipeline/debt_env/lib/python3.12/site-packages/airflow/example_dags/tutorial_dag.py
[2024-06-18T16:46:11.158-0400] {logging_mixin.py:188} INFO - [2024-06-18T16:46:11.157-0400] {dag.py:3096} INFO - Sync 1 DAGs
[2024-06-18T16:46:11.170-0400] {logging_mixin.py:188} INFO - [2024-06-18T16:46:11.170-0400] {dag.py:3954} INFO - Setting next_dagrun for tutorial_dag to None, run_after=None
[2024-06-18T16:46:11.195-0400] {processor.py:183} INFO - Processing /Users/jbshome/Desktop/us_debt_etl_pipeline/debt_env/lib/python3.12/site-packages/airflow/example_dags/tutorial_dag.py took 0.234 seconds
[2024-06-18T16:49:21.593-0400] {processor.py:161} INFO - Started process (PID=21719) to work on /Users/jbshome/Desktop/us_debt_etl_pipeline/debt_env/lib/python3.12/site-packages/airflow/example_dags/tutorial_dag.py
[2024-06-18T16:49:21.595-0400] {processor.py:830} INFO - Processing file /Users/jbshome/Desktop/us_debt_etl_pipeline/debt_env/lib/python3.12/site-packages/airflow/example_dags/tutorial_dag.py for tasks to queue
[2024-06-18T16:49:21.597-0400] {logging_mixin.py:188} INFO - [2024-06-18T16:49:21.596-0400] {dagbag.py:545} INFO - Filling up the DagBag from /Users/jbshome/Desktop/us_debt_etl_pipeline/debt_env/lib/python3.12/site-packages/airflow/example_dags/tutorial_dag.py
[2024-06-18T16:49:21.628-0400] {processor.py:840} INFO - DAG(s) 'tutorial_dag' retrieved from /Users/jbshome/Desktop/us_debt_etl_pipeline/debt_env/lib/python3.12/site-packages/airflow/example_dags/tutorial_dag.py
[2024-06-18T16:49:21.762-0400] {logging_mixin.py:188} INFO - [2024-06-18T16:49:21.761-0400] {dag.py:3096} INFO - Sync 1 DAGs
[2024-06-18T16:49:21.778-0400] {logging_mixin.py:188} INFO - [2024-06-18T16:49:21.778-0400] {dag.py:3954} INFO - Setting next_dagrun for tutorial_dag to None, run_after=None
[2024-06-18T16:49:21.805-0400] {processor.py:183} INFO - Processing /Users/jbshome/Desktop/us_debt_etl_pipeline/debt_env/lib/python3.12/site-packages/airflow/example_dags/tutorial_dag.py took 0.215 seconds
[2024-06-18T16:52:29.782-0400] {processor.py:161} INFO - Started process (PID=21885) to work on /Users/jbshome/Desktop/us_debt_etl_pipeline/debt_env/lib/python3.12/site-packages/airflow/example_dags/tutorial_dag.py
[2024-06-18T16:52:29.785-0400] {processor.py:830} INFO - Processing file /Users/jbshome/Desktop/us_debt_etl_pipeline/debt_env/lib/python3.12/site-packages/airflow/example_dags/tutorial_dag.py for tasks to queue
[2024-06-18T16:52:29.787-0400] {logging_mixin.py:188} INFO - [2024-06-18T16:52:29.786-0400] {dagbag.py:545} INFO - Filling up the DagBag from /Users/jbshome/Desktop/us_debt_etl_pipeline/debt_env/lib/python3.12/site-packages/airflow/example_dags/tutorial_dag.py
[2024-06-18T16:52:29.837-0400] {processor.py:840} INFO - DAG(s) 'tutorial_dag' retrieved from /Users/jbshome/Desktop/us_debt_etl_pipeline/debt_env/lib/python3.12/site-packages/airflow/example_dags/tutorial_dag.py
[2024-06-18T16:52:30.068-0400] {logging_mixin.py:188} INFO - [2024-06-18T16:52:30.067-0400] {dag.py:3096} INFO - Sync 1 DAGs
[2024-06-18T16:52:30.081-0400] {logging_mixin.py:188} INFO - [2024-06-18T16:52:30.081-0400] {dag.py:3954} INFO - Setting next_dagrun for tutorial_dag to None, run_after=None
[2024-06-18T16:52:30.104-0400] {processor.py:183} INFO - Processing /Users/jbshome/Desktop/us_debt_etl_pipeline/debt_env/lib/python3.12/site-packages/airflow/example_dags/tutorial_dag.py took 0.326 seconds
[2024-06-18T16:55:40.735-0400] {processor.py:161} INFO - Started process (PID=22033) to work on /Users/jbshome/Desktop/us_debt_etl_pipeline/debt_env/lib/python3.12/site-packages/airflow/example_dags/tutorial_dag.py
[2024-06-18T16:55:40.738-0400] {processor.py:830} INFO - Processing file /Users/jbshome/Desktop/us_debt_etl_pipeline/debt_env/lib/python3.12/site-packages/airflow/example_dags/tutorial_dag.py for tasks to queue
[2024-06-18T16:55:40.739-0400] {logging_mixin.py:188} INFO - [2024-06-18T16:55:40.739-0400] {dagbag.py:545} INFO - Filling up the DagBag from /Users/jbshome/Desktop/us_debt_etl_pipeline/debt_env/lib/python3.12/site-packages/airflow/example_dags/tutorial_dag.py
[2024-06-18T16:55:40.776-0400] {processor.py:840} INFO - DAG(s) 'tutorial_dag' retrieved from /Users/jbshome/Desktop/us_debt_etl_pipeline/debt_env/lib/python3.12/site-packages/airflow/example_dags/tutorial_dag.py
[2024-06-18T16:55:40.926-0400] {logging_mixin.py:188} INFO - [2024-06-18T16:55:40.925-0400] {dag.py:3096} INFO - Sync 1 DAGs
[2024-06-18T16:55:40.939-0400] {logging_mixin.py:188} INFO - [2024-06-18T16:55:40.939-0400] {dag.py:3954} INFO - Setting next_dagrun for tutorial_dag to None, run_after=None
[2024-06-18T16:55:40.969-0400] {processor.py:183} INFO - Processing /Users/jbshome/Desktop/us_debt_etl_pipeline/debt_env/lib/python3.12/site-packages/airflow/example_dags/tutorial_dag.py took 0.239 seconds
[2024-06-18T16:58:50.429-0400] {processor.py:161} INFO - Started process (PID=22526) to work on /Users/jbshome/Desktop/us_debt_etl_pipeline/debt_env/lib/python3.12/site-packages/airflow/example_dags/tutorial_dag.py
[2024-06-18T16:58:50.430-0400] {processor.py:830} INFO - Processing file /Users/jbshome/Desktop/us_debt_etl_pipeline/debt_env/lib/python3.12/site-packages/airflow/example_dags/tutorial_dag.py for tasks to queue
[2024-06-18T16:58:50.431-0400] {logging_mixin.py:188} INFO - [2024-06-18T16:58:50.431-0400] {dagbag.py:545} INFO - Filling up the DagBag from /Users/jbshome/Desktop/us_debt_etl_pipeline/debt_env/lib/python3.12/site-packages/airflow/example_dags/tutorial_dag.py
[2024-06-18T16:58:50.465-0400] {processor.py:840} INFO - DAG(s) 'tutorial_dag' retrieved from /Users/jbshome/Desktop/us_debt_etl_pipeline/debt_env/lib/python3.12/site-packages/airflow/example_dags/tutorial_dag.py
[2024-06-18T16:58:50.618-0400] {logging_mixin.py:188} INFO - [2024-06-18T16:58:50.617-0400] {dag.py:3096} INFO - Sync 1 DAGs
[2024-06-18T16:58:50.633-0400] {logging_mixin.py:188} INFO - [2024-06-18T16:58:50.632-0400] {dag.py:3954} INFO - Setting next_dagrun for tutorial_dag to None, run_after=None
[2024-06-18T16:58:50.664-0400] {processor.py:183} INFO - Processing /Users/jbshome/Desktop/us_debt_etl_pipeline/debt_env/lib/python3.12/site-packages/airflow/example_dags/tutorial_dag.py took 0.240 seconds
[2024-06-18T17:02:55.871-0400] {processor.py:161} INFO - Started process (PID=22779) to work on /Users/jbshome/Desktop/us_debt_etl_pipeline/debt_env/lib/python3.12/site-packages/airflow/example_dags/tutorial_dag.py
[2024-06-18T17:02:55.874-0400] {processor.py:830} INFO - Processing file /Users/jbshome/Desktop/us_debt_etl_pipeline/debt_env/lib/python3.12/site-packages/airflow/example_dags/tutorial_dag.py for tasks to queue
[2024-06-18T17:02:55.874-0400] {logging_mixin.py:188} INFO - [2024-06-18T17:02:55.874-0400] {dagbag.py:545} INFO - Filling up the DagBag from /Users/jbshome/Desktop/us_debt_etl_pipeline/debt_env/lib/python3.12/site-packages/airflow/example_dags/tutorial_dag.py
[2024-06-18T17:02:55.903-0400] {processor.py:840} INFO - DAG(s) 'tutorial_dag' retrieved from /Users/jbshome/Desktop/us_debt_etl_pipeline/debt_env/lib/python3.12/site-packages/airflow/example_dags/tutorial_dag.py
[2024-06-18T17:02:56.054-0400] {logging_mixin.py:188} INFO - [2024-06-18T17:02:56.054-0400] {dag.py:3096} INFO - Sync 1 DAGs
[2024-06-18T17:02:56.068-0400] {logging_mixin.py:188} INFO - [2024-06-18T17:02:56.068-0400] {dag.py:3954} INFO - Setting next_dagrun for tutorial_dag to None, run_after=None
[2024-06-18T17:02:56.098-0400] {processor.py:183} INFO - Processing /Users/jbshome/Desktop/us_debt_etl_pipeline/debt_env/lib/python3.12/site-packages/airflow/example_dags/tutorial_dag.py took 0.229 seconds
[2024-06-18T17:06:16.190-0400] {processor.py:161} INFO - Started process (PID=23083) to work on /Users/jbshome/Desktop/us_debt_etl_pipeline/debt_env/lib/python3.12/site-packages/airflow/example_dags/tutorial_dag.py
[2024-06-18T17:06:16.192-0400] {processor.py:830} INFO - Processing file /Users/jbshome/Desktop/us_debt_etl_pipeline/debt_env/lib/python3.12/site-packages/airflow/example_dags/tutorial_dag.py for tasks to queue
[2024-06-18T17:06:16.193-0400] {logging_mixin.py:188} INFO - [2024-06-18T17:06:16.193-0400] {dagbag.py:545} INFO - Filling up the DagBag from /Users/jbshome/Desktop/us_debt_etl_pipeline/debt_env/lib/python3.12/site-packages/airflow/example_dags/tutorial_dag.py
[2024-06-18T17:06:16.266-0400] {processor.py:840} INFO - DAG(s) 'tutorial_dag' retrieved from /Users/jbshome/Desktop/us_debt_etl_pipeline/debt_env/lib/python3.12/site-packages/airflow/example_dags/tutorial_dag.py
[2024-06-18T17:06:16.504-0400] {logging_mixin.py:188} INFO - [2024-06-18T17:06:16.503-0400] {dag.py:3096} INFO - Sync 1 DAGs
[2024-06-18T17:06:16.530-0400] {logging_mixin.py:188} INFO - [2024-06-18T17:06:16.530-0400] {dag.py:3954} INFO - Setting next_dagrun for tutorial_dag to None, run_after=None
[2024-06-18T17:06:16.580-0400] {processor.py:183} INFO - Processing /Users/jbshome/Desktop/us_debt_etl_pipeline/debt_env/lib/python3.12/site-packages/airflow/example_dags/tutorial_dag.py took 0.394 seconds
[2024-06-18T17:10:19.771-0400] {processor.py:161} INFO - Started process (PID=23810) to work on /Users/jbshome/Desktop/us_debt_etl_pipeline/debt_env/lib/python3.12/site-packages/airflow/example_dags/tutorial_dag.py
[2024-06-18T17:10:19.773-0400] {processor.py:830} INFO - Processing file /Users/jbshome/Desktop/us_debt_etl_pipeline/debt_env/lib/python3.12/site-packages/airflow/example_dags/tutorial_dag.py for tasks to queue
[2024-06-18T17:10:19.774-0400] {logging_mixin.py:188} INFO - [2024-06-18T17:10:19.774-0400] {dagbag.py:545} INFO - Filling up the DagBag from /Users/jbshome/Desktop/us_debt_etl_pipeline/debt_env/lib/python3.12/site-packages/airflow/example_dags/tutorial_dag.py
[2024-06-18T17:10:19.810-0400] {processor.py:840} INFO - DAG(s) 'tutorial_dag' retrieved from /Users/jbshome/Desktop/us_debt_etl_pipeline/debt_env/lib/python3.12/site-packages/airflow/example_dags/tutorial_dag.py
[2024-06-18T17:10:19.982-0400] {logging_mixin.py:188} INFO - [2024-06-18T17:10:19.981-0400] {dag.py:3096} INFO - Sync 1 DAGs
[2024-06-18T17:10:19.994-0400] {logging_mixin.py:188} INFO - [2024-06-18T17:10:19.994-0400] {dag.py:3954} INFO - Setting next_dagrun for tutorial_dag to None, run_after=None
[2024-06-18T17:10:20.023-0400] {processor.py:183} INFO - Processing /Users/jbshome/Desktop/us_debt_etl_pipeline/debt_env/lib/python3.12/site-packages/airflow/example_dags/tutorial_dag.py took 0.256 seconds
[2024-06-18T17:15:18.978-0400] {processor.py:161} INFO - Started process (PID=24127) to work on /Users/jbshome/Desktop/us_debt_etl_pipeline/debt_env/lib/python3.12/site-packages/airflow/example_dags/tutorial_dag.py
[2024-06-18T17:15:18.981-0400] {processor.py:830} INFO - Processing file /Users/jbshome/Desktop/us_debt_etl_pipeline/debt_env/lib/python3.12/site-packages/airflow/example_dags/tutorial_dag.py for tasks to queue
[2024-06-18T17:15:18.986-0400] {logging_mixin.py:188} INFO - [2024-06-18T17:15:18.986-0400] {dagbag.py:545} INFO - Filling up the DagBag from /Users/jbshome/Desktop/us_debt_etl_pipeline/debt_env/lib/python3.12/site-packages/airflow/example_dags/tutorial_dag.py
[2024-06-18T17:15:19.148-0400] {processor.py:840} INFO - DAG(s) 'tutorial_dag' retrieved from /Users/jbshome/Desktop/us_debt_etl_pipeline/debt_env/lib/python3.12/site-packages/airflow/example_dags/tutorial_dag.py
[2024-06-18T17:15:19.719-0400] {logging_mixin.py:188} INFO - [2024-06-18T17:15:19.718-0400] {dag.py:3096} INFO - Sync 1 DAGs
[2024-06-18T17:15:19.799-0400] {logging_mixin.py:188} INFO - [2024-06-18T17:15:19.796-0400] {dag.py:3954} INFO - Setting next_dagrun for tutorial_dag to None, run_after=None
[2024-06-18T17:15:19.917-0400] {processor.py:183} INFO - Processing /Users/jbshome/Desktop/us_debt_etl_pipeline/debt_env/lib/python3.12/site-packages/airflow/example_dags/tutorial_dag.py took 0.968 seconds
[2024-06-18T17:20:28.076-0400] {processor.py:161} INFO - Started process (PID=24479) to work on /Users/jbshome/Desktop/us_debt_etl_pipeline/debt_env/lib/python3.12/site-packages/airflow/example_dags/tutorial_dag.py
[2024-06-18T17:20:28.078-0400] {processor.py:830} INFO - Processing file /Users/jbshome/Desktop/us_debt_etl_pipeline/debt_env/lib/python3.12/site-packages/airflow/example_dags/tutorial_dag.py for tasks to queue
[2024-06-18T17:20:28.079-0400] {logging_mixin.py:188} INFO - [2024-06-18T17:20:28.079-0400] {dagbag.py:545} INFO - Filling up the DagBag from /Users/jbshome/Desktop/us_debt_etl_pipeline/debt_env/lib/python3.12/site-packages/airflow/example_dags/tutorial_dag.py
[2024-06-18T17:20:28.124-0400] {processor.py:840} INFO - DAG(s) 'tutorial_dag' retrieved from /Users/jbshome/Desktop/us_debt_etl_pipeline/debt_env/lib/python3.12/site-packages/airflow/example_dags/tutorial_dag.py
[2024-06-18T17:20:28.326-0400] {logging_mixin.py:188} INFO - [2024-06-18T17:20:28.325-0400] {dag.py:3096} INFO - Sync 1 DAGs
[2024-06-18T17:20:28.343-0400] {logging_mixin.py:188} INFO - [2024-06-18T17:20:28.343-0400] {dag.py:3954} INFO - Setting next_dagrun for tutorial_dag to None, run_after=None
[2024-06-18T17:20:28.376-0400] {processor.py:183} INFO - Processing /Users/jbshome/Desktop/us_debt_etl_pipeline/debt_env/lib/python3.12/site-packages/airflow/example_dags/tutorial_dag.py took 0.304 seconds
[2024-06-18T17:24:36.108-0400] {processor.py:161} INFO - Started process (PID=24779) to work on /Users/jbshome/Desktop/us_debt_etl_pipeline/debt_env/lib/python3.12/site-packages/airflow/example_dags/tutorial_dag.py
[2024-06-18T17:24:36.111-0400] {processor.py:830} INFO - Processing file /Users/jbshome/Desktop/us_debt_etl_pipeline/debt_env/lib/python3.12/site-packages/airflow/example_dags/tutorial_dag.py for tasks to queue
[2024-06-18T17:24:36.113-0400] {logging_mixin.py:188} INFO - [2024-06-18T17:24:36.112-0400] {dagbag.py:545} INFO - Filling up the DagBag from /Users/jbshome/Desktop/us_debt_etl_pipeline/debt_env/lib/python3.12/site-packages/airflow/example_dags/tutorial_dag.py
[2024-06-18T17:24:36.155-0400] {processor.py:840} INFO - DAG(s) 'tutorial_dag' retrieved from /Users/jbshome/Desktop/us_debt_etl_pipeline/debt_env/lib/python3.12/site-packages/airflow/example_dags/tutorial_dag.py
[2024-06-18T17:24:36.379-0400] {logging_mixin.py:188} INFO - [2024-06-18T17:24:36.379-0400] {dag.py:3096} INFO - Sync 1 DAGs
[2024-06-18T17:24:36.401-0400] {logging_mixin.py:188} INFO - [2024-06-18T17:24:36.401-0400] {dag.py:3954} INFO - Setting next_dagrun for tutorial_dag to None, run_after=None
[2024-06-18T17:24:36.436-0400] {processor.py:183} INFO - Processing /Users/jbshome/Desktop/us_debt_etl_pipeline/debt_env/lib/python3.12/site-packages/airflow/example_dags/tutorial_dag.py took 0.332 seconds
[2024-06-18T17:29:17.392-0400] {processor.py:161} INFO - Started process (PID=25087) to work on /Users/jbshome/Desktop/us_debt_etl_pipeline/debt_env/lib/python3.12/site-packages/airflow/example_dags/tutorial_dag.py
[2024-06-18T17:29:17.411-0400] {processor.py:830} INFO - Processing file /Users/jbshome/Desktop/us_debt_etl_pipeline/debt_env/lib/python3.12/site-packages/airflow/example_dags/tutorial_dag.py for tasks to queue
[2024-06-18T17:29:17.412-0400] {logging_mixin.py:188} INFO - [2024-06-18T17:29:17.412-0400] {dagbag.py:545} INFO - Filling up the DagBag from /Users/jbshome/Desktop/us_debt_etl_pipeline/debt_env/lib/python3.12/site-packages/airflow/example_dags/tutorial_dag.py
[2024-06-18T17:29:17.457-0400] {processor.py:840} INFO - DAG(s) 'tutorial_dag' retrieved from /Users/jbshome/Desktop/us_debt_etl_pipeline/debt_env/lib/python3.12/site-packages/airflow/example_dags/tutorial_dag.py
[2024-06-18T17:29:17.680-0400] {logging_mixin.py:188} INFO - [2024-06-18T17:29:17.679-0400] {dag.py:3096} INFO - Sync 1 DAGs
[2024-06-18T17:29:17.699-0400] {logging_mixin.py:188} INFO - [2024-06-18T17:29:17.698-0400] {dag.py:3954} INFO - Setting next_dagrun for tutorial_dag to None, run_after=None
[2024-06-18T17:29:17.744-0400] {processor.py:183} INFO - Processing /Users/jbshome/Desktop/us_debt_etl_pipeline/debt_env/lib/python3.12/site-packages/airflow/example_dags/tutorial_dag.py took 0.356 seconds
[2024-06-18T17:33:54.361-0400] {processor.py:161} INFO - Started process (PID=25405) to work on /Users/jbshome/Desktop/us_debt_etl_pipeline/debt_env/lib/python3.12/site-packages/airflow/example_dags/tutorial_dag.py
[2024-06-18T17:33:54.367-0400] {processor.py:830} INFO - Processing file /Users/jbshome/Desktop/us_debt_etl_pipeline/debt_env/lib/python3.12/site-packages/airflow/example_dags/tutorial_dag.py for tasks to queue
[2024-06-18T17:33:54.368-0400] {logging_mixin.py:188} INFO - [2024-06-18T17:33:54.368-0400] {dagbag.py:545} INFO - Filling up the DagBag from /Users/jbshome/Desktop/us_debt_etl_pipeline/debt_env/lib/python3.12/site-packages/airflow/example_dags/tutorial_dag.py
[2024-06-18T17:33:54.470-0400] {processor.py:840} INFO - DAG(s) 'tutorial_dag' retrieved from /Users/jbshome/Desktop/us_debt_etl_pipeline/debt_env/lib/python3.12/site-packages/airflow/example_dags/tutorial_dag.py
[2024-06-18T17:33:54.714-0400] {logging_mixin.py:188} INFO - [2024-06-18T17:33:54.713-0400] {dag.py:3096} INFO - Sync 1 DAGs
[2024-06-18T17:33:54.748-0400] {logging_mixin.py:188} INFO - [2024-06-18T17:33:54.747-0400] {dag.py:3954} INFO - Setting next_dagrun for tutorial_dag to None, run_after=None
[2024-06-18T17:33:54.790-0400] {processor.py:183} INFO - Processing /Users/jbshome/Desktop/us_debt_etl_pipeline/debt_env/lib/python3.12/site-packages/airflow/example_dags/tutorial_dag.py took 0.435 seconds
[2024-06-18T17:41:18.945-0400] {processor.py:161} INFO - Started process (PID=26437) to work on /Users/jbshome/Desktop/us_debt_etl_pipeline/debt_env/lib/python3.12/site-packages/airflow/example_dags/tutorial_dag.py
[2024-06-18T17:41:18.954-0400] {processor.py:830} INFO - Processing file /Users/jbshome/Desktop/us_debt_etl_pipeline/debt_env/lib/python3.12/site-packages/airflow/example_dags/tutorial_dag.py for tasks to queue
[2024-06-18T17:41:18.956-0400] {logging_mixin.py:188} INFO - [2024-06-18T17:41:18.956-0400] {dagbag.py:545} INFO - Filling up the DagBag from /Users/jbshome/Desktop/us_debt_etl_pipeline/debt_env/lib/python3.12/site-packages/airflow/example_dags/tutorial_dag.py
[2024-06-18T17:41:19.099-0400] {processor.py:840} INFO - DAG(s) 'tutorial_dag' retrieved from /Users/jbshome/Desktop/us_debt_etl_pipeline/debt_env/lib/python3.12/site-packages/airflow/example_dags/tutorial_dag.py
[2024-06-18T17:41:19.888-0400] {logging_mixin.py:188} INFO - [2024-06-18T17:41:19.886-0400] {dag.py:3096} INFO - Sync 1 DAGs
[2024-06-18T17:41:19.969-0400] {logging_mixin.py:188} INFO - [2024-06-18T17:41:19.966-0400] {dag.py:3954} INFO - Setting next_dagrun for tutorial_dag to None, run_after=None
[2024-06-18T17:41:20.086-0400] {processor.py:183} INFO - Processing /Users/jbshome/Desktop/us_debt_etl_pipeline/debt_env/lib/python3.12/site-packages/airflow/example_dags/tutorial_dag.py took 1.253 seconds
[2024-06-18T17:47:11.739-0400] {processor.py:161} INFO - Started process (PID=27539) to work on /Users/jbshome/Desktop/us_debt_etl_pipeline/debt_env/lib/python3.12/site-packages/airflow/example_dags/tutorial_dag.py
[2024-06-18T17:47:11.740-0400] {processor.py:830} INFO - Processing file /Users/jbshome/Desktop/us_debt_etl_pipeline/debt_env/lib/python3.12/site-packages/airflow/example_dags/tutorial_dag.py for tasks to queue
[2024-06-18T17:47:11.741-0400] {logging_mixin.py:188} INFO - [2024-06-18T17:47:11.741-0400] {dagbag.py:545} INFO - Filling up the DagBag from /Users/jbshome/Desktop/us_debt_etl_pipeline/debt_env/lib/python3.12/site-packages/airflow/example_dags/tutorial_dag.py
[2024-06-18T17:47:11.769-0400] {processor.py:840} INFO - DAG(s) 'tutorial_dag' retrieved from /Users/jbshome/Desktop/us_debt_etl_pipeline/debt_env/lib/python3.12/site-packages/airflow/example_dags/tutorial_dag.py
[2024-06-18T17:47:11.896-0400] {logging_mixin.py:188} INFO - [2024-06-18T17:47:11.895-0400] {dag.py:3096} INFO - Sync 1 DAGs
[2024-06-18T17:47:11.913-0400] {logging_mixin.py:188} INFO - [2024-06-18T17:47:11.913-0400] {dag.py:3954} INFO - Setting next_dagrun for tutorial_dag to None, run_after=None
[2024-06-18T17:47:11.950-0400] {processor.py:183} INFO - Processing /Users/jbshome/Desktop/us_debt_etl_pipeline/debt_env/lib/python3.12/site-packages/airflow/example_dags/tutorial_dag.py took 0.216 seconds
[2024-06-18T17:51:18.560-0400] {processor.py:161} INFO - Started process (PID=27978) to work on /Users/jbshome/Desktop/us_debt_etl_pipeline/debt_env/lib/python3.12/site-packages/airflow/example_dags/tutorial_dag.py
[2024-06-18T17:51:18.562-0400] {processor.py:830} INFO - Processing file /Users/jbshome/Desktop/us_debt_etl_pipeline/debt_env/lib/python3.12/site-packages/airflow/example_dags/tutorial_dag.py for tasks to queue
[2024-06-18T17:51:18.566-0400] {logging_mixin.py:188} INFO - [2024-06-18T17:51:18.564-0400] {dagbag.py:545} INFO - Filling up the DagBag from /Users/jbshome/Desktop/us_debt_etl_pipeline/debt_env/lib/python3.12/site-packages/airflow/example_dags/tutorial_dag.py
[2024-06-18T17:51:18.617-0400] {processor.py:840} INFO - DAG(s) 'tutorial_dag' retrieved from /Users/jbshome/Desktop/us_debt_etl_pipeline/debt_env/lib/python3.12/site-packages/airflow/example_dags/tutorial_dag.py
[2024-06-18T17:51:18.858-0400] {logging_mixin.py:188} INFO - [2024-06-18T17:51:18.857-0400] {dag.py:3096} INFO - Sync 1 DAGs
[2024-06-18T17:51:18.879-0400] {logging_mixin.py:188} INFO - [2024-06-18T17:51:18.878-0400] {dag.py:3954} INFO - Setting next_dagrun for tutorial_dag to None, run_after=None
[2024-06-18T17:51:18.918-0400] {processor.py:183} INFO - Processing /Users/jbshome/Desktop/us_debt_etl_pipeline/debt_env/lib/python3.12/site-packages/airflow/example_dags/tutorial_dag.py took 0.363 seconds
[2024-06-18T17:55:28.940-0400] {processor.py:161} INFO - Started process (PID=29025) to work on /Users/jbshome/Desktop/us_debt_etl_pipeline/debt_env/lib/python3.12/site-packages/airflow/example_dags/tutorial_dag.py
[2024-06-18T17:55:28.942-0400] {processor.py:830} INFO - Processing file /Users/jbshome/Desktop/us_debt_etl_pipeline/debt_env/lib/python3.12/site-packages/airflow/example_dags/tutorial_dag.py for tasks to queue
[2024-06-18T17:55:28.943-0400] {logging_mixin.py:188} INFO - [2024-06-18T17:55:28.943-0400] {dagbag.py:545} INFO - Filling up the DagBag from /Users/jbshome/Desktop/us_debt_etl_pipeline/debt_env/lib/python3.12/site-packages/airflow/example_dags/tutorial_dag.py
[2024-06-18T17:55:28.979-0400] {processor.py:840} INFO - DAG(s) 'tutorial_dag' retrieved from /Users/jbshome/Desktop/us_debt_etl_pipeline/debt_env/lib/python3.12/site-packages/airflow/example_dags/tutorial_dag.py
[2024-06-18T17:55:29.255-0400] {logging_mixin.py:188} INFO - [2024-06-18T17:55:29.254-0400] {dag.py:3096} INFO - Sync 1 DAGs
[2024-06-18T17:55:29.276-0400] {logging_mixin.py:188} INFO - [2024-06-18T17:55:29.276-0400] {dag.py:3954} INFO - Setting next_dagrun for tutorial_dag to None, run_after=None
[2024-06-18T17:55:29.313-0400] {processor.py:183} INFO - Processing /Users/jbshome/Desktop/us_debt_etl_pipeline/debt_env/lib/python3.12/site-packages/airflow/example_dags/tutorial_dag.py took 0.377 seconds
