[2024-06-18T16:29:54.563-0400] {processor.py:161} INFO - Started process (PID=19591) to work on /Users/jbshome/Desktop/us_debt_etl_pipeline/debt_env/lib/python3.12/site-packages/airflow/example_dags/tutorial.py
[2024-06-18T16:29:54.565-0400] {processor.py:830} INFO - Processing file /Users/jbshome/Desktop/us_debt_etl_pipeline/debt_env/lib/python3.12/site-packages/airflow/example_dags/tutorial.py for tasks to queue
[2024-06-18T16:29:54.568-0400] {logging_mixin.py:188} INFO - [2024-06-18T16:29:54.567-0400] {dagbag.py:545} INFO - Filling up the DagBag from /Users/jbshome/Desktop/us_debt_etl_pipeline/debt_env/lib/python3.12/site-packages/airflow/example_dags/tutorial.py
[2024-06-18T16:29:54.586-0400] {processor.py:840} INFO - DAG(s) 'tutorial' retrieved from /Users/jbshome/Desktop/us_debt_etl_pipeline/debt_env/lib/python3.12/site-packages/airflow/example_dags/tutorial.py
[2024-06-18T16:29:54.953-0400] {logging_mixin.py:188} INFO - [2024-06-18T16:29:54.952-0400] {override.py:1829} INFO - Created Permission View: can delete on DAG:tutorial
[2024-06-18T16:29:54.969-0400] {logging_mixin.py:188} INFO - [2024-06-18T16:29:54.968-0400] {override.py:1829} INFO - Created Permission View: can read on DAG:tutorial
[2024-06-18T16:29:54.976-0400] {logging_mixin.py:188} INFO - [2024-06-18T16:29:54.975-0400] {override.py:1829} INFO - Created Permission View: can edit on DAG:tutorial
[2024-06-18T16:29:54.976-0400] {logging_mixin.py:188} INFO - [2024-06-18T16:29:54.976-0400] {dag.py:3096} INFO - Sync 1 DAGs
[2024-06-18T16:29:54.992-0400] {logging_mixin.py:188} INFO - [2024-06-18T16:29:54.991-0400] {dag.py:3118} INFO - Creating ORM DAG for tutorial
[2024-06-18T16:29:55.008-0400] {logging_mixin.py:188} INFO - [2024-06-18T16:29:55.008-0400] {dag.py:3954} INFO - Setting next_dagrun for tutorial to 2024-06-17 00:00:00+00:00, run_after=2024-06-18 00:00:00+00:00
[2024-06-18T16:29:55.123-0400] {processor.py:183} INFO - Processing /Users/jbshome/Desktop/us_debt_etl_pipeline/debt_env/lib/python3.12/site-packages/airflow/example_dags/tutorial.py took 0.563 seconds
[2024-06-18T16:33:51.631-0400] {processor.py:161} INFO - Started process (PID=20257) to work on /Users/jbshome/Desktop/us_debt_etl_pipeline/debt_env/lib/python3.12/site-packages/airflow/example_dags/tutorial.py
[2024-06-18T16:33:51.633-0400] {processor.py:830} INFO - Processing file /Users/jbshome/Desktop/us_debt_etl_pipeline/debt_env/lib/python3.12/site-packages/airflow/example_dags/tutorial.py for tasks to queue
[2024-06-18T16:33:51.633-0400] {logging_mixin.py:188} INFO - [2024-06-18T16:33:51.633-0400] {dagbag.py:545} INFO - Filling up the DagBag from /Users/jbshome/Desktop/us_debt_etl_pipeline/debt_env/lib/python3.12/site-packages/airflow/example_dags/tutorial.py
[2024-06-18T16:33:51.642-0400] {processor.py:840} INFO - DAG(s) 'tutorial' retrieved from /Users/jbshome/Desktop/us_debt_etl_pipeline/debt_env/lib/python3.12/site-packages/airflow/example_dags/tutorial.py
[2024-06-18T16:33:51.758-0400] {logging_mixin.py:188} INFO - [2024-06-18T16:33:51.758-0400] {dag.py:3096} INFO - Sync 1 DAGs
[2024-06-18T16:33:51.777-0400] {logging_mixin.py:188} INFO - [2024-06-18T16:33:51.777-0400] {dag.py:3954} INFO - Setting next_dagrun for tutorial to 2024-06-17 00:00:00+00:00, run_after=2024-06-18 00:00:00+00:00
[2024-06-18T16:33:51.800-0400] {processor.py:183} INFO - Processing /Users/jbshome/Desktop/us_debt_etl_pipeline/debt_env/lib/python3.12/site-packages/airflow/example_dags/tutorial.py took 0.172 seconds
[2024-06-18T16:37:05.113-0400] {processor.py:161} INFO - Started process (PID=20432) to work on /Users/jbshome/Desktop/us_debt_etl_pipeline/debt_env/lib/python3.12/site-packages/airflow/example_dags/tutorial.py
[2024-06-18T16:37:05.115-0400] {processor.py:830} INFO - Processing file /Users/jbshome/Desktop/us_debt_etl_pipeline/debt_env/lib/python3.12/site-packages/airflow/example_dags/tutorial.py for tasks to queue
[2024-06-18T16:37:05.116-0400] {logging_mixin.py:188} INFO - [2024-06-18T16:37:05.116-0400] {dagbag.py:545} INFO - Filling up the DagBag from /Users/jbshome/Desktop/us_debt_etl_pipeline/debt_env/lib/python3.12/site-packages/airflow/example_dags/tutorial.py
[2024-06-18T16:37:05.125-0400] {processor.py:840} INFO - DAG(s) 'tutorial' retrieved from /Users/jbshome/Desktop/us_debt_etl_pipeline/debt_env/lib/python3.12/site-packages/airflow/example_dags/tutorial.py
[2024-06-18T16:37:05.251-0400] {logging_mixin.py:188} INFO - [2024-06-18T16:37:05.251-0400] {dag.py:3096} INFO - Sync 1 DAGs
[2024-06-18T16:37:05.270-0400] {logging_mixin.py:188} INFO - [2024-06-18T16:37:05.270-0400] {dag.py:3954} INFO - Setting next_dagrun for tutorial to 2024-06-17 00:00:00+00:00, run_after=2024-06-18 00:00:00+00:00
[2024-06-18T16:37:05.290-0400] {processor.py:183} INFO - Processing /Users/jbshome/Desktop/us_debt_etl_pipeline/debt_env/lib/python3.12/site-packages/airflow/example_dags/tutorial.py took 0.180 seconds
[2024-06-18T16:40:16.547-0400] {processor.py:161} INFO - Started process (PID=20756) to work on /Users/jbshome/Desktop/us_debt_etl_pipeline/debt_env/lib/python3.12/site-packages/airflow/example_dags/tutorial.py
[2024-06-18T16:40:16.549-0400] {processor.py:830} INFO - Processing file /Users/jbshome/Desktop/us_debt_etl_pipeline/debt_env/lib/python3.12/site-packages/airflow/example_dags/tutorial.py for tasks to queue
[2024-06-18T16:40:16.550-0400] {logging_mixin.py:188} INFO - [2024-06-18T16:40:16.550-0400] {dagbag.py:545} INFO - Filling up the DagBag from /Users/jbshome/Desktop/us_debt_etl_pipeline/debt_env/lib/python3.12/site-packages/airflow/example_dags/tutorial.py
[2024-06-18T16:40:16.558-0400] {processor.py:840} INFO - DAG(s) 'tutorial' retrieved from /Users/jbshome/Desktop/us_debt_etl_pipeline/debt_env/lib/python3.12/site-packages/airflow/example_dags/tutorial.py
[2024-06-18T16:40:16.687-0400] {logging_mixin.py:188} INFO - [2024-06-18T16:40:16.687-0400] {dag.py:3096} INFO - Sync 1 DAGs
[2024-06-18T16:40:16.713-0400] {logging_mixin.py:188} INFO - [2024-06-18T16:40:16.712-0400] {dag.py:3954} INFO - Setting next_dagrun for tutorial to 2024-06-17 00:00:00+00:00, run_after=2024-06-18 00:00:00+00:00
[2024-06-18T16:40:16.746-0400] {processor.py:183} INFO - Processing /Users/jbshome/Desktop/us_debt_etl_pipeline/debt_env/lib/python3.12/site-packages/airflow/example_dags/tutorial.py took 0.202 seconds
[2024-06-18T16:43:21.812-0400] {processor.py:161} INFO - Started process (PID=21381) to work on /Users/jbshome/Desktop/us_debt_etl_pipeline/debt_env/lib/python3.12/site-packages/airflow/example_dags/tutorial.py
[2024-06-18T16:43:21.814-0400] {processor.py:830} INFO - Processing file /Users/jbshome/Desktop/us_debt_etl_pipeline/debt_env/lib/python3.12/site-packages/airflow/example_dags/tutorial.py for tasks to queue
[2024-06-18T16:43:21.816-0400] {logging_mixin.py:188} INFO - [2024-06-18T16:43:21.815-0400] {dagbag.py:545} INFO - Filling up the DagBag from /Users/jbshome/Desktop/us_debt_etl_pipeline/debt_env/lib/python3.12/site-packages/airflow/example_dags/tutorial.py
[2024-06-18T16:43:21.829-0400] {processor.py:840} INFO - DAG(s) 'tutorial' retrieved from /Users/jbshome/Desktop/us_debt_etl_pipeline/debt_env/lib/python3.12/site-packages/airflow/example_dags/tutorial.py
[2024-06-18T16:43:21.984-0400] {logging_mixin.py:188} INFO - [2024-06-18T16:43:21.984-0400] {dag.py:3096} INFO - Sync 1 DAGs
[2024-06-18T16:43:22.014-0400] {logging_mixin.py:188} INFO - [2024-06-18T16:43:22.013-0400] {dag.py:3954} INFO - Setting next_dagrun for tutorial to 2024-06-17 00:00:00+00:00, run_after=2024-06-18 00:00:00+00:00
[2024-06-18T16:43:22.047-0400] {processor.py:183} INFO - Processing /Users/jbshome/Desktop/us_debt_etl_pipeline/debt_env/lib/python3.12/site-packages/airflow/example_dags/tutorial.py took 0.238 seconds
[2024-06-18T16:46:14.165-0400] {processor.py:161} INFO - Started process (PID=21545) to work on /Users/jbshome/Desktop/us_debt_etl_pipeline/debt_env/lib/python3.12/site-packages/airflow/example_dags/tutorial.py
[2024-06-18T16:46:14.167-0400] {processor.py:830} INFO - Processing file /Users/jbshome/Desktop/us_debt_etl_pipeline/debt_env/lib/python3.12/site-packages/airflow/example_dags/tutorial.py for tasks to queue
[2024-06-18T16:46:14.168-0400] {logging_mixin.py:188} INFO - [2024-06-18T16:46:14.168-0400] {dagbag.py:545} INFO - Filling up the DagBag from /Users/jbshome/Desktop/us_debt_etl_pipeline/debt_env/lib/python3.12/site-packages/airflow/example_dags/tutorial.py
[2024-06-18T16:46:14.177-0400] {processor.py:840} INFO - DAG(s) 'tutorial' retrieved from /Users/jbshome/Desktop/us_debt_etl_pipeline/debt_env/lib/python3.12/site-packages/airflow/example_dags/tutorial.py
[2024-06-18T16:46:14.293-0400] {logging_mixin.py:188} INFO - [2024-06-18T16:46:14.292-0400] {dag.py:3096} INFO - Sync 1 DAGs
[2024-06-18T16:46:14.311-0400] {logging_mixin.py:188} INFO - [2024-06-18T16:46:14.310-0400] {dag.py:3954} INFO - Setting next_dagrun for tutorial to 2024-06-17 00:00:00+00:00, run_after=2024-06-18 00:00:00+00:00
[2024-06-18T16:46:14.335-0400] {processor.py:183} INFO - Processing /Users/jbshome/Desktop/us_debt_etl_pipeline/debt_env/lib/python3.12/site-packages/airflow/example_dags/tutorial.py took 0.173 seconds
[2024-06-18T16:49:25.344-0400] {processor.py:161} INFO - Started process (PID=21722) to work on /Users/jbshome/Desktop/us_debt_etl_pipeline/debt_env/lib/python3.12/site-packages/airflow/example_dags/tutorial.py
[2024-06-18T16:49:25.345-0400] {processor.py:830} INFO - Processing file /Users/jbshome/Desktop/us_debt_etl_pipeline/debt_env/lib/python3.12/site-packages/airflow/example_dags/tutorial.py for tasks to queue
[2024-06-18T16:49:25.347-0400] {logging_mixin.py:188} INFO - [2024-06-18T16:49:25.346-0400] {dagbag.py:545} INFO - Filling up the DagBag from /Users/jbshome/Desktop/us_debt_etl_pipeline/debt_env/lib/python3.12/site-packages/airflow/example_dags/tutorial.py
[2024-06-18T16:49:25.355-0400] {processor.py:840} INFO - DAG(s) 'tutorial' retrieved from /Users/jbshome/Desktop/us_debt_etl_pipeline/debt_env/lib/python3.12/site-packages/airflow/example_dags/tutorial.py
[2024-06-18T16:49:25.509-0400] {logging_mixin.py:188} INFO - [2024-06-18T16:49:25.508-0400] {dag.py:3096} INFO - Sync 1 DAGs
[2024-06-18T16:49:25.528-0400] {logging_mixin.py:188} INFO - [2024-06-18T16:49:25.528-0400] {dag.py:3954} INFO - Setting next_dagrun for tutorial to 2024-06-17 00:00:00+00:00, run_after=2024-06-18 00:00:00+00:00
[2024-06-18T16:49:25.579-0400] {processor.py:183} INFO - Processing /Users/jbshome/Desktop/us_debt_etl_pipeline/debt_env/lib/python3.12/site-packages/airflow/example_dags/tutorial.py took 0.238 seconds
[2024-06-18T16:52:33.831-0400] {processor.py:161} INFO - Started process (PID=21887) to work on /Users/jbshome/Desktop/us_debt_etl_pipeline/debt_env/lib/python3.12/site-packages/airflow/example_dags/tutorial.py
[2024-06-18T16:52:33.836-0400] {processor.py:830} INFO - Processing file /Users/jbshome/Desktop/us_debt_etl_pipeline/debt_env/lib/python3.12/site-packages/airflow/example_dags/tutorial.py for tasks to queue
[2024-06-18T16:52:33.838-0400] {logging_mixin.py:188} INFO - [2024-06-18T16:52:33.837-0400] {dagbag.py:545} INFO - Filling up the DagBag from /Users/jbshome/Desktop/us_debt_etl_pipeline/debt_env/lib/python3.12/site-packages/airflow/example_dags/tutorial.py
[2024-06-18T16:52:33.854-0400] {processor.py:840} INFO - DAG(s) 'tutorial' retrieved from /Users/jbshome/Desktop/us_debt_etl_pipeline/debt_env/lib/python3.12/site-packages/airflow/example_dags/tutorial.py
[2024-06-18T16:52:34.045-0400] {logging_mixin.py:188} INFO - [2024-06-18T16:52:34.045-0400] {dag.py:3096} INFO - Sync 1 DAGs
[2024-06-18T16:52:34.066-0400] {logging_mixin.py:188} INFO - [2024-06-18T16:52:34.064-0400] {dag.py:3954} INFO - Setting next_dagrun for tutorial to 2024-06-17 00:00:00+00:00, run_after=2024-06-18 00:00:00+00:00
[2024-06-18T16:52:34.090-0400] {processor.py:183} INFO - Processing /Users/jbshome/Desktop/us_debt_etl_pipeline/debt_env/lib/python3.12/site-packages/airflow/example_dags/tutorial.py took 0.267 seconds
[2024-06-18T16:55:45.493-0400] {processor.py:161} INFO - Started process (PID=22036) to work on /Users/jbshome/Desktop/us_debt_etl_pipeline/debt_env/lib/python3.12/site-packages/airflow/example_dags/tutorial.py
[2024-06-18T16:55:45.495-0400] {processor.py:830} INFO - Processing file /Users/jbshome/Desktop/us_debt_etl_pipeline/debt_env/lib/python3.12/site-packages/airflow/example_dags/tutorial.py for tasks to queue
[2024-06-18T16:55:45.496-0400] {logging_mixin.py:188} INFO - [2024-06-18T16:55:45.496-0400] {dagbag.py:545} INFO - Filling up the DagBag from /Users/jbshome/Desktop/us_debt_etl_pipeline/debt_env/lib/python3.12/site-packages/airflow/example_dags/tutorial.py
[2024-06-18T16:55:45.510-0400] {processor.py:840} INFO - DAG(s) 'tutorial' retrieved from /Users/jbshome/Desktop/us_debt_etl_pipeline/debt_env/lib/python3.12/site-packages/airflow/example_dags/tutorial.py
[2024-06-18T16:55:45.618-0400] {logging_mixin.py:188} INFO - [2024-06-18T16:55:45.617-0400] {dag.py:3096} INFO - Sync 1 DAGs
[2024-06-18T16:55:45.635-0400] {logging_mixin.py:188} INFO - [2024-06-18T16:55:45.635-0400] {dag.py:3954} INFO - Setting next_dagrun for tutorial to 2024-06-17 00:00:00+00:00, run_after=2024-06-18 00:00:00+00:00
[2024-06-18T16:55:45.657-0400] {processor.py:183} INFO - Processing /Users/jbshome/Desktop/us_debt_etl_pipeline/debt_env/lib/python3.12/site-packages/airflow/example_dags/tutorial.py took 0.167 seconds
[2024-06-18T16:58:53.753-0400] {processor.py:161} INFO - Started process (PID=22533) to work on /Users/jbshome/Desktop/us_debt_etl_pipeline/debt_env/lib/python3.12/site-packages/airflow/example_dags/tutorial.py
[2024-06-18T16:58:53.754-0400] {processor.py:830} INFO - Processing file /Users/jbshome/Desktop/us_debt_etl_pipeline/debt_env/lib/python3.12/site-packages/airflow/example_dags/tutorial.py for tasks to queue
[2024-06-18T16:58:53.756-0400] {logging_mixin.py:188} INFO - [2024-06-18T16:58:53.755-0400] {dagbag.py:545} INFO - Filling up the DagBag from /Users/jbshome/Desktop/us_debt_etl_pipeline/debt_env/lib/python3.12/site-packages/airflow/example_dags/tutorial.py
[2024-06-18T16:58:53.767-0400] {processor.py:840} INFO - DAG(s) 'tutorial' retrieved from /Users/jbshome/Desktop/us_debt_etl_pipeline/debt_env/lib/python3.12/site-packages/airflow/example_dags/tutorial.py
[2024-06-18T16:58:53.923-0400] {logging_mixin.py:188} INFO - [2024-06-18T16:58:53.923-0400] {dag.py:3096} INFO - Sync 1 DAGs
[2024-06-18T16:58:53.946-0400] {logging_mixin.py:188} INFO - [2024-06-18T16:58:53.946-0400] {dag.py:3954} INFO - Setting next_dagrun for tutorial to 2024-06-17 00:00:00+00:00, run_after=2024-06-18 00:00:00+00:00
[2024-06-18T16:58:53.975-0400] {processor.py:183} INFO - Processing /Users/jbshome/Desktop/us_debt_etl_pipeline/debt_env/lib/python3.12/site-packages/airflow/example_dags/tutorial.py took 0.226 seconds
[2024-06-18T17:03:00.826-0400] {processor.py:161} INFO - Started process (PID=22782) to work on /Users/jbshome/Desktop/us_debt_etl_pipeline/debt_env/lib/python3.12/site-packages/airflow/example_dags/tutorial.py
[2024-06-18T17:03:00.827-0400] {processor.py:830} INFO - Processing file /Users/jbshome/Desktop/us_debt_etl_pipeline/debt_env/lib/python3.12/site-packages/airflow/example_dags/tutorial.py for tasks to queue
[2024-06-18T17:03:00.828-0400] {logging_mixin.py:188} INFO - [2024-06-18T17:03:00.828-0400] {dagbag.py:545} INFO - Filling up the DagBag from /Users/jbshome/Desktop/us_debt_etl_pipeline/debt_env/lib/python3.12/site-packages/airflow/example_dags/tutorial.py
[2024-06-18T17:03:00.842-0400] {processor.py:840} INFO - DAG(s) 'tutorial' retrieved from /Users/jbshome/Desktop/us_debt_etl_pipeline/debt_env/lib/python3.12/site-packages/airflow/example_dags/tutorial.py
[2024-06-18T17:03:01.069-0400] {logging_mixin.py:188} INFO - [2024-06-18T17:03:01.067-0400] {dag.py:3096} INFO - Sync 1 DAGs
[2024-06-18T17:03:01.105-0400] {logging_mixin.py:188} INFO - [2024-06-18T17:03:01.104-0400] {dag.py:3954} INFO - Setting next_dagrun for tutorial to 2024-06-17 00:00:00+00:00, run_after=2024-06-18 00:00:00+00:00
[2024-06-18T17:03:01.136-0400] {processor.py:183} INFO - Processing /Users/jbshome/Desktop/us_debt_etl_pipeline/debt_env/lib/python3.12/site-packages/airflow/example_dags/tutorial.py took 0.314 seconds
[2024-06-18T17:06:24.132-0400] {processor.py:161} INFO - Started process (PID=23090) to work on /Users/jbshome/Desktop/us_debt_etl_pipeline/debt_env/lib/python3.12/site-packages/airflow/example_dags/tutorial.py
[2024-06-18T17:06:24.135-0400] {processor.py:830} INFO - Processing file /Users/jbshome/Desktop/us_debt_etl_pipeline/debt_env/lib/python3.12/site-packages/airflow/example_dags/tutorial.py for tasks to queue
[2024-06-18T17:06:24.142-0400] {logging_mixin.py:188} INFO - [2024-06-18T17:06:24.141-0400] {dagbag.py:545} INFO - Filling up the DagBag from /Users/jbshome/Desktop/us_debt_etl_pipeline/debt_env/lib/python3.12/site-packages/airflow/example_dags/tutorial.py
[2024-06-18T17:06:24.157-0400] {processor.py:840} INFO - DAG(s) 'tutorial' retrieved from /Users/jbshome/Desktop/us_debt_etl_pipeline/debt_env/lib/python3.12/site-packages/airflow/example_dags/tutorial.py
[2024-06-18T17:06:24.356-0400] {logging_mixin.py:188} INFO - [2024-06-18T17:06:24.356-0400] {dag.py:3096} INFO - Sync 1 DAGs
[2024-06-18T17:06:24.387-0400] {logging_mixin.py:188} INFO - [2024-06-18T17:06:24.387-0400] {dag.py:3954} INFO - Setting next_dagrun for tutorial to 2024-06-17 00:00:00+00:00, run_after=2024-06-18 00:00:00+00:00
[2024-06-18T17:06:24.417-0400] {processor.py:183} INFO - Processing /Users/jbshome/Desktop/us_debt_etl_pipeline/debt_env/lib/python3.12/site-packages/airflow/example_dags/tutorial.py took 0.295 seconds
[2024-06-18T17:10:25.044-0400] {processor.py:161} INFO - Started process (PID=23815) to work on /Users/jbshome/Desktop/us_debt_etl_pipeline/debt_env/lib/python3.12/site-packages/airflow/example_dags/tutorial.py
[2024-06-18T17:10:25.046-0400] {processor.py:830} INFO - Processing file /Users/jbshome/Desktop/us_debt_etl_pipeline/debt_env/lib/python3.12/site-packages/airflow/example_dags/tutorial.py for tasks to queue
[2024-06-18T17:10:25.047-0400] {logging_mixin.py:188} INFO - [2024-06-18T17:10:25.047-0400] {dagbag.py:545} INFO - Filling up the DagBag from /Users/jbshome/Desktop/us_debt_etl_pipeline/debt_env/lib/python3.12/site-packages/airflow/example_dags/tutorial.py
[2024-06-18T17:10:25.062-0400] {processor.py:840} INFO - DAG(s) 'tutorial' retrieved from /Users/jbshome/Desktop/us_debt_etl_pipeline/debt_env/lib/python3.12/site-packages/airflow/example_dags/tutorial.py
[2024-06-18T17:10:25.251-0400] {logging_mixin.py:188} INFO - [2024-06-18T17:10:25.250-0400] {dag.py:3096} INFO - Sync 1 DAGs
[2024-06-18T17:10:25.280-0400] {logging_mixin.py:188} INFO - [2024-06-18T17:10:25.279-0400] {dag.py:3954} INFO - Setting next_dagrun for tutorial to 2024-06-17 00:00:00+00:00, run_after=2024-06-18 00:00:00+00:00
[2024-06-18T17:10:25.308-0400] {processor.py:183} INFO - Processing /Users/jbshome/Desktop/us_debt_etl_pipeline/debt_env/lib/python3.12/site-packages/airflow/example_dags/tutorial.py took 0.269 seconds
[2024-06-18T17:15:28.599-0400] {processor.py:161} INFO - Started process (PID=24142) to work on /Users/jbshome/Desktop/us_debt_etl_pipeline/debt_env/lib/python3.12/site-packages/airflow/example_dags/tutorial.py
[2024-06-18T17:15:28.601-0400] {processor.py:830} INFO - Processing file /Users/jbshome/Desktop/us_debt_etl_pipeline/debt_env/lib/python3.12/site-packages/airflow/example_dags/tutorial.py for tasks to queue
[2024-06-18T17:15:28.602-0400] {logging_mixin.py:188} INFO - [2024-06-18T17:15:28.602-0400] {dagbag.py:545} INFO - Filling up the DagBag from /Users/jbshome/Desktop/us_debt_etl_pipeline/debt_env/lib/python3.12/site-packages/airflow/example_dags/tutorial.py
[2024-06-18T17:15:28.620-0400] {processor.py:840} INFO - DAG(s) 'tutorial' retrieved from /Users/jbshome/Desktop/us_debt_etl_pipeline/debt_env/lib/python3.12/site-packages/airflow/example_dags/tutorial.py
[2024-06-18T17:15:29.155-0400] {logging_mixin.py:188} INFO - [2024-06-18T17:15:29.154-0400] {dag.py:3096} INFO - Sync 1 DAGs
[2024-06-18T17:15:29.198-0400] {logging_mixin.py:188} INFO - [2024-06-18T17:15:29.197-0400] {dag.py:3954} INFO - Setting next_dagrun for tutorial to 2024-06-17 00:00:00+00:00, run_after=2024-06-18 00:00:00+00:00
[2024-06-18T17:15:29.264-0400] {processor.py:183} INFO - Processing /Users/jbshome/Desktop/us_debt_etl_pipeline/debt_env/lib/python3.12/site-packages/airflow/example_dags/tutorial.py took 0.669 seconds
[2024-06-18T17:20:32.443-0400] {processor.py:161} INFO - Started process (PID=24485) to work on /Users/jbshome/Desktop/us_debt_etl_pipeline/debt_env/lib/python3.12/site-packages/airflow/example_dags/tutorial.py
[2024-06-18T17:20:32.446-0400] {processor.py:830} INFO - Processing file /Users/jbshome/Desktop/us_debt_etl_pipeline/debt_env/lib/python3.12/site-packages/airflow/example_dags/tutorial.py for tasks to queue
[2024-06-18T17:20:32.447-0400] {logging_mixin.py:188} INFO - [2024-06-18T17:20:32.447-0400] {dagbag.py:545} INFO - Filling up the DagBag from /Users/jbshome/Desktop/us_debt_etl_pipeline/debt_env/lib/python3.12/site-packages/airflow/example_dags/tutorial.py
[2024-06-18T17:20:32.461-0400] {processor.py:840} INFO - DAG(s) 'tutorial' retrieved from /Users/jbshome/Desktop/us_debt_etl_pipeline/debt_env/lib/python3.12/site-packages/airflow/example_dags/tutorial.py
[2024-06-18T17:20:32.671-0400] {logging_mixin.py:188} INFO - [2024-06-18T17:20:32.671-0400] {dag.py:3096} INFO - Sync 1 DAGs
[2024-06-18T17:20:32.702-0400] {logging_mixin.py:188} INFO - [2024-06-18T17:20:32.701-0400] {dag.py:3954} INFO - Setting next_dagrun for tutorial to 2024-06-17 00:00:00+00:00, run_after=2024-06-18 00:00:00+00:00
[2024-06-18T17:20:32.739-0400] {processor.py:183} INFO - Processing /Users/jbshome/Desktop/us_debt_etl_pipeline/debt_env/lib/python3.12/site-packages/airflow/example_dags/tutorial.py took 0.300 seconds
[2024-06-18T17:24:42.591-0400] {processor.py:161} INFO - Started process (PID=24783) to work on /Users/jbshome/Desktop/us_debt_etl_pipeline/debt_env/lib/python3.12/site-packages/airflow/example_dags/tutorial.py
[2024-06-18T17:24:42.594-0400] {processor.py:830} INFO - Processing file /Users/jbshome/Desktop/us_debt_etl_pipeline/debt_env/lib/python3.12/site-packages/airflow/example_dags/tutorial.py for tasks to queue
[2024-06-18T17:24:42.595-0400] {logging_mixin.py:188} INFO - [2024-06-18T17:24:42.595-0400] {dagbag.py:545} INFO - Filling up the DagBag from /Users/jbshome/Desktop/us_debt_etl_pipeline/debt_env/lib/python3.12/site-packages/airflow/example_dags/tutorial.py
[2024-06-18T17:24:42.609-0400] {processor.py:840} INFO - DAG(s) 'tutorial' retrieved from /Users/jbshome/Desktop/us_debt_etl_pipeline/debt_env/lib/python3.12/site-packages/airflow/example_dags/tutorial.py
[2024-06-18T17:24:42.842-0400] {logging_mixin.py:188} INFO - [2024-06-18T17:24:42.841-0400] {dag.py:3096} INFO - Sync 1 DAGs
[2024-06-18T17:24:42.883-0400] {logging_mixin.py:188} INFO - [2024-06-18T17:24:42.882-0400] {dag.py:3954} INFO - Setting next_dagrun for tutorial to 2024-06-17 00:00:00+00:00, run_after=2024-06-18 00:00:00+00:00
[2024-06-18T17:24:42.949-0400] {processor.py:183} INFO - Processing /Users/jbshome/Desktop/us_debt_etl_pipeline/debt_env/lib/python3.12/site-packages/airflow/example_dags/tutorial.py took 0.362 seconds
[2024-06-18T17:29:20.978-0400] {processor.py:161} INFO - Started process (PID=25092) to work on /Users/jbshome/Desktop/us_debt_etl_pipeline/debt_env/lib/python3.12/site-packages/airflow/example_dags/tutorial.py
[2024-06-18T17:29:20.979-0400] {processor.py:830} INFO - Processing file /Users/jbshome/Desktop/us_debt_etl_pipeline/debt_env/lib/python3.12/site-packages/airflow/example_dags/tutorial.py for tasks to queue
[2024-06-18T17:29:20.981-0400] {logging_mixin.py:188} INFO - [2024-06-18T17:29:20.980-0400] {dagbag.py:545} INFO - Filling up the DagBag from /Users/jbshome/Desktop/us_debt_etl_pipeline/debt_env/lib/python3.12/site-packages/airflow/example_dags/tutorial.py
[2024-06-18T17:29:20.993-0400] {processor.py:840} INFO - DAG(s) 'tutorial' retrieved from /Users/jbshome/Desktop/us_debt_etl_pipeline/debt_env/lib/python3.12/site-packages/airflow/example_dags/tutorial.py
[2024-06-18T17:29:21.191-0400] {logging_mixin.py:188} INFO - [2024-06-18T17:29:21.190-0400] {dag.py:3096} INFO - Sync 1 DAGs
[2024-06-18T17:29:21.219-0400] {logging_mixin.py:188} INFO - [2024-06-18T17:29:21.219-0400] {dag.py:3954} INFO - Setting next_dagrun for tutorial to 2024-06-17 00:00:00+00:00, run_after=2024-06-18 00:00:00+00:00
[2024-06-18T17:29:21.252-0400] {processor.py:183} INFO - Processing /Users/jbshome/Desktop/us_debt_etl_pipeline/debt_env/lib/python3.12/site-packages/airflow/example_dags/tutorial.py took 0.278 seconds
[2024-06-18T17:34:01.230-0400] {processor.py:161} INFO - Started process (PID=25411) to work on /Users/jbshome/Desktop/us_debt_etl_pipeline/debt_env/lib/python3.12/site-packages/airflow/example_dags/tutorial.py
[2024-06-18T17:34:01.234-0400] {processor.py:830} INFO - Processing file /Users/jbshome/Desktop/us_debt_etl_pipeline/debt_env/lib/python3.12/site-packages/airflow/example_dags/tutorial.py for tasks to queue
[2024-06-18T17:34:01.249-0400] {logging_mixin.py:188} INFO - [2024-06-18T17:34:01.249-0400] {dagbag.py:545} INFO - Filling up the DagBag from /Users/jbshome/Desktop/us_debt_etl_pipeline/debt_env/lib/python3.12/site-packages/airflow/example_dags/tutorial.py
[2024-06-18T17:34:01.274-0400] {processor.py:840} INFO - DAG(s) 'tutorial' retrieved from /Users/jbshome/Desktop/us_debt_etl_pipeline/debt_env/lib/python3.12/site-packages/airflow/example_dags/tutorial.py
[2024-06-18T17:34:01.575-0400] {logging_mixin.py:188} INFO - [2024-06-18T17:34:01.575-0400] {dag.py:3096} INFO - Sync 1 DAGs
[2024-06-18T17:34:01.604-0400] {logging_mixin.py:188} INFO - [2024-06-18T17:34:01.604-0400] {dag.py:3954} INFO - Setting next_dagrun for tutorial to 2024-06-17 00:00:00+00:00, run_after=2024-06-18 00:00:00+00:00
[2024-06-18T17:34:01.661-0400] {processor.py:183} INFO - Processing /Users/jbshome/Desktop/us_debt_etl_pipeline/debt_env/lib/python3.12/site-packages/airflow/example_dags/tutorial.py took 0.436 seconds
[2024-06-18T17:41:30.237-0400] {processor.py:161} INFO - Started process (PID=26444) to work on /Users/jbshome/Desktop/us_debt_etl_pipeline/debt_env/lib/python3.12/site-packages/airflow/example_dags/tutorial.py
[2024-06-18T17:41:30.241-0400] {processor.py:830} INFO - Processing file /Users/jbshome/Desktop/us_debt_etl_pipeline/debt_env/lib/python3.12/site-packages/airflow/example_dags/tutorial.py for tasks to queue
[2024-06-18T17:41:30.245-0400] {logging_mixin.py:188} INFO - [2024-06-18T17:41:30.245-0400] {dagbag.py:545} INFO - Filling up the DagBag from /Users/jbshome/Desktop/us_debt_etl_pipeline/debt_env/lib/python3.12/site-packages/airflow/example_dags/tutorial.py
[2024-06-18T17:41:30.297-0400] {processor.py:840} INFO - DAG(s) 'tutorial' retrieved from /Users/jbshome/Desktop/us_debt_etl_pipeline/debt_env/lib/python3.12/site-packages/airflow/example_dags/tutorial.py
[2024-06-18T17:41:30.813-0400] {logging_mixin.py:188} INFO - [2024-06-18T17:41:30.813-0400] {dag.py:3096} INFO - Sync 1 DAGs
[2024-06-18T17:41:30.891-0400] {logging_mixin.py:188} INFO - [2024-06-18T17:41:30.891-0400] {dag.py:3954} INFO - Setting next_dagrun for tutorial to 2024-06-17 00:00:00+00:00, run_after=2024-06-18 00:00:00+00:00
[2024-06-18T17:41:31.101-0400] {processor.py:183} INFO - Processing /Users/jbshome/Desktop/us_debt_etl_pipeline/debt_env/lib/python3.12/site-packages/airflow/example_dags/tutorial.py took 0.902 seconds
[2024-06-18T17:47:18.878-0400] {processor.py:161} INFO - Started process (PID=27543) to work on /Users/jbshome/Desktop/us_debt_etl_pipeline/debt_env/lib/python3.12/site-packages/airflow/example_dags/tutorial.py
[2024-06-18T17:47:18.879-0400] {processor.py:830} INFO - Processing file /Users/jbshome/Desktop/us_debt_etl_pipeline/debt_env/lib/python3.12/site-packages/airflow/example_dags/tutorial.py for tasks to queue
[2024-06-18T17:47:18.880-0400] {logging_mixin.py:188} INFO - [2024-06-18T17:47:18.880-0400] {dagbag.py:545} INFO - Filling up the DagBag from /Users/jbshome/Desktop/us_debt_etl_pipeline/debt_env/lib/python3.12/site-packages/airflow/example_dags/tutorial.py
[2024-06-18T17:47:18.890-0400] {processor.py:840} INFO - DAG(s) 'tutorial' retrieved from /Users/jbshome/Desktop/us_debt_etl_pipeline/debt_env/lib/python3.12/site-packages/airflow/example_dags/tutorial.py
[2024-06-18T17:47:19.133-0400] {logging_mixin.py:188} INFO - [2024-06-18T17:47:19.133-0400] {dag.py:3096} INFO - Sync 1 DAGs
[2024-06-18T17:47:19.156-0400] {logging_mixin.py:188} INFO - [2024-06-18T17:47:19.155-0400] {dag.py:3954} INFO - Setting next_dagrun for tutorial to 2024-06-17 00:00:00+00:00, run_after=2024-06-18 00:00:00+00:00
[2024-06-18T17:47:19.182-0400] {processor.py:183} INFO - Processing /Users/jbshome/Desktop/us_debt_etl_pipeline/debt_env/lib/python3.12/site-packages/airflow/example_dags/tutorial.py took 0.307 seconds
