[2024-06-18T16:29:03.799-0400] {processor.py:161} INFO - Started process (PID=19559) to work on /Users/jbshome/Desktop/us_debt_etl_pipeline/airflow_home/dags/us_debt_by_president_dag.py
[2024-06-18T16:29:03.800-0400] {processor.py:830} INFO - Processing file /Users/jbshome/Desktop/us_debt_etl_pipeline/airflow_home/dags/us_debt_by_president_dag.py for tasks to queue
[2024-06-18T16:29:03.801-0400] {logging_mixin.py:188} INFO - [2024-06-18T16:29:03.801-0400] {dagbag.py:545} INFO - Filling up the DagBag from /Users/jbshome/Desktop/us_debt_etl_pipeline/airflow_home/dags/us_debt_by_president_dag.py
[2024-06-18T16:29:04.706-0400] {logging_mixin.py:188} WARNING - 2024-06-18 16:29:04,706 - cron_descriptor.GetText - DEBUG - /Users/jbshome/Desktop/us_debt_etl_pipeline/debt_env/lib/python3.12/site-packages/cron_descriptor/locale/en_US.mo Loaded
[2024-06-18T16:29:04.710-0400] {logging_mixin.py:188} WARNING - 2024-06-18 16:29:04,710 - urllib3.connectionpool - DEBUG - Starting new HTTPS connection (1): api.fiscaldata.treasury.gov:443
[2024-06-18T16:29:05.011-0400] {logging_mixin.py:188} WARNING - 2024-06-18 16:29:05,010 - urllib3.connectionpool - DEBUG - https://api.fiscaldata.treasury.gov:443 "GET /services/api/fiscal_service/v2/accounting/od/debt_outstanding?fields=record_fiscal_year,%20debt_outstanding_amt&sort=-record_fiscal_year&format=json&page%5Bnumber%5D=1&page%5Bsize%5D=235 HTTP/1.1" 200 4289
[2024-06-18T16:29:05.014-0400] {logging_mixin.py:188} WARNING - 2024-06-18 16:29:05,013 - root - INFO - Data extracted successfully
[2024-06-18T16:29:05.019-0400] {logging_mixin.py:188} WARNING - 2024-06-18 16:29:05,018 - root - INFO - President column added to DataFrame
[2024-06-18T16:29:05.025-0400] {logging_mixin.py:188} WARNING - 2024-06-18 16:29:05,025 - root - INFO - Data transformed successfully
[2024-06-18T16:29:05.029-0400] {logging_mixin.py:188} WARNING - 2024-06-18 16:29:05,029 - root - INFO - Data saved to csv successfully
[2024-06-18T16:29:05.031-0400] {logging_mixin.py:188} WARNING - 2024-06-18 16:29:05,031 - cron_descriptor.GetText - DEBUG - /Users/jbshome/Desktop/us_debt_etl_pipeline/debt_env/lib/python3.12/site-packages/cron_descriptor/locale/en_US.mo Loaded
[2024-06-18T16:29:05.049-0400] {logging_mixin.py:188} WARNING - 2024-06-18 16:29:05,048 - airflow.models.dagbag.DagBag - DEBUG - Loaded DAG <DAG: us_debt_by_president_dag>
[2024-06-18T16:29:05.049-0400] {processor.py:840} INFO - DAG(s) 'us_debt_by_president_dag' retrieved from /Users/jbshome/Desktop/us_debt_etl_pipeline/airflow_home/dags/us_debt_by_president_dag.py
[2024-06-18T16:29:05.066-0400] {logging_mixin.py:188} WARNING - 2024-06-18 16:29:05,066 - airflow.models.dagbag.DagBag - DEBUG - Running dagbag.sync_to_db with retries. Try 1 of 3
[2024-06-18T16:29:05.066-0400] {logging_mixin.py:188} WARNING - 2024-06-18 16:29:05,066 - airflow.models.dagbag.DagBag - DEBUG - Calling the DAG.bulk_sync_to_db method
[2024-06-18T16:29:05.076-0400] {logging_mixin.py:188} WARNING - 2024-06-18 16:29:05,076 - airflow.models.serialized_dag - DEBUG - Checking if DAG (us_debt_by_president_dag) changed
[2024-06-18T16:29:05.277-0400] {logging_mixin.py:188} WARNING - 2024-06-18 16:29:05,277 - airflow.models.serialized_dag - DEBUG - Writing Serialized DAG: us_debt_by_president_dag to the DB
[2024-06-18T16:29:05.280-0400] {logging_mixin.py:188} WARNING - 2024-06-18 16:29:05,280 - airflow.models.serialized_dag - DEBUG - DAG: us_debt_by_president_dag written to the DB
[2024-06-18T16:29:05.281-0400] {logging_mixin.py:188} WARNING - 2024-06-18 16:29:05,281 - airflow.models.dagbag.DagBag - DEBUG - Syncing DAG permissions: us_debt_by_president_dag to the DB
[2024-06-18T16:29:05.415-0400] {logging_mixin.py:188} WARNING - 2024-06-18 16:29:05,414 - airflow.providers.fab.auth_manager.security_manager.override - INFO - Created Permission View: can edit on DAG:us_debt_by_president_dag
[2024-06-18T16:29:05.424-0400] {logging_mixin.py:188} WARNING - 2024-06-18 16:29:05,424 - airflow.providers.fab.auth_manager.security_manager.override - INFO - Created Permission View: can delete on DAG:us_debt_by_president_dag
[2024-06-18T16:29:05.431-0400] {logging_mixin.py:188} WARNING - 2024-06-18 16:29:05,430 - airflow.providers.fab.auth_manager.security_manager.override - INFO - Created Permission View: can read on DAG:us_debt_by_president_dag
[2024-06-18T16:29:05.431-0400] {logging_mixin.py:188} WARNING - 2024-06-18 16:29:05,431 - airflow.www.security_appless.ApplessAirflowSecurityManager - DEBUG - Not syncing DAG-level permissions for DAG 'DAG:us_debt_by_president_dag' as access control is unset.
[2024-06-18T16:29:05.432-0400] {logging_mixin.py:188} WARNING - 2024-06-18 16:29:05,431 - airflow.models.dag - INFO - Sync 1 DAGs
[2024-06-18T16:29:05.442-0400] {logging_mixin.py:188} WARNING - 2024-06-18 16:29:05,442 - airflow.models.dag - INFO - Creating ORM DAG for us_debt_by_president_dag
[2024-06-18T16:29:05.451-0400] {logging_mixin.py:188} WARNING - 2024-06-18 16:29:05,451 - airflow.models.dag - INFO - Setting next_dagrun for us_debt_by_president_dag to 2025-01-01 00:00:00+00:00, run_after=2026-01-01 00:00:00+00:00
[2024-06-18T16:29:05.467-0400] {processor.py:183} INFO - Processing /Users/jbshome/Desktop/us_debt_etl_pipeline/airflow_home/dags/us_debt_by_president_dag.py took 1.671 seconds
[2024-06-18T16:29:05.468-0400] {logging_mixin.py:188} WARNING - 2024-06-18 16:29:05,468 - airflow.settings - DEBUG - Disposing DB connection pool (PID 19559)
[2024-06-18T16:29:05.468-0400] {logging_mixin.py:188} WARNING - 2024-06-18 16:29:05,468 - airflow.settings - DEBUG - Disposing DB connection pool (PID 19559)
[2024-06-18T16:33:07.243-0400] {processor.py:161} INFO - Started process (PID=20221) to work on /Users/jbshome/Desktop/us_debt_etl_pipeline/airflow_home/dags/us_debt_by_president_dag.py
[2024-06-18T16:33:07.244-0400] {processor.py:830} INFO - Processing file /Users/jbshome/Desktop/us_debt_etl_pipeline/airflow_home/dags/us_debt_by_president_dag.py for tasks to queue
[2024-06-18T16:33:07.244-0400] {logging_mixin.py:188} INFO - [2024-06-18T16:33:07.244-0400] {dagbag.py:545} INFO - Filling up the DagBag from /Users/jbshome/Desktop/us_debt_etl_pipeline/airflow_home/dags/us_debt_by_president_dag.py
[2024-06-18T16:33:08.094-0400] {logging_mixin.py:188} WARNING - 2024-06-18 16:33:08,094 - cron_descriptor.GetText - DEBUG - /Users/jbshome/Desktop/us_debt_etl_pipeline/debt_env/lib/python3.12/site-packages/cron_descriptor/locale/en_US.mo Loaded
[2024-06-18T16:33:08.098-0400] {logging_mixin.py:188} WARNING - 2024-06-18 16:33:08,098 - urllib3.connectionpool - DEBUG - Starting new HTTPS connection (1): api.fiscaldata.treasury.gov:443
[2024-06-18T16:33:08.363-0400] {logging_mixin.py:188} WARNING - 2024-06-18 16:33:08,363 - urllib3.connectionpool - DEBUG - https://api.fiscaldata.treasury.gov:443 "GET /services/api/fiscal_service/v2/accounting/od/debt_outstanding?fields=record_fiscal_year,%20debt_outstanding_amt&sort=-record_fiscal_year&format=json&page%5Bnumber%5D=1&page%5Bsize%5D=235 HTTP/1.1" 200 4289
[2024-06-18T16:33:08.365-0400] {logging_mixin.py:188} WARNING - 2024-06-18 16:33:08,365 - root - INFO - Data extracted successfully
[2024-06-18T16:33:08.370-0400] {logging_mixin.py:188} WARNING - 2024-06-18 16:33:08,370 - root - INFO - President column added to DataFrame
[2024-06-18T16:33:08.372-0400] {logging_mixin.py:188} WARNING - 2024-06-18 16:33:08,372 - root - INFO - Data transformed successfully
[2024-06-18T16:33:08.376-0400] {logging_mixin.py:188} WARNING - 2024-06-18 16:33:08,376 - root - INFO - Data saved to csv successfully
[2024-06-18T16:33:08.378-0400] {logging_mixin.py:188} WARNING - 2024-06-18 16:33:08,378 - cron_descriptor.GetText - DEBUG - /Users/jbshome/Desktop/us_debt_etl_pipeline/debt_env/lib/python3.12/site-packages/cron_descriptor/locale/en_US.mo Loaded
[2024-06-18T16:33:08.383-0400] {logging_mixin.py:188} WARNING - 2024-06-18 16:33:08,382 - airflow.models.dagbag.DagBag - DEBUG - Loaded DAG <DAG: us_debt_by_president_dag>
[2024-06-18T16:33:08.383-0400] {processor.py:840} INFO - DAG(s) 'us_debt_by_president_dag' retrieved from /Users/jbshome/Desktop/us_debt_etl_pipeline/airflow_home/dags/us_debt_by_president_dag.py
[2024-06-18T16:33:08.393-0400] {logging_mixin.py:188} WARNING - 2024-06-18 16:33:08,392 - airflow.models.dagbag.DagBag - DEBUG - Running dagbag.sync_to_db with retries. Try 1 of 3
[2024-06-18T16:33:08.393-0400] {logging_mixin.py:188} WARNING - 2024-06-18 16:33:08,393 - airflow.models.dagbag.DagBag - DEBUG - Calling the DAG.bulk_sync_to_db method
[2024-06-18T16:33:08.398-0400] {logging_mixin.py:188} WARNING - 2024-06-18 16:33:08,398 - airflow.models.serialized_dag - DEBUG - Checking if DAG (us_debt_by_president_dag) changed
[2024-06-18T16:33:08.678-0400] {logging_mixin.py:188} WARNING - 2024-06-18 16:33:08,677 - airflow.models.serialized_dag - DEBUG - Writing Serialized DAG: us_debt_by_president_dag to the DB
[2024-06-18T16:33:08.685-0400] {logging_mixin.py:188} WARNING - 2024-06-18 16:33:08,685 - airflow.models.serialized_dag - DEBUG - DAG: us_debt_by_president_dag written to the DB
[2024-06-18T16:33:08.686-0400] {logging_mixin.py:188} WARNING - 2024-06-18 16:33:08,686 - airflow.models.dagbag.DagBag - DEBUG - Syncing DAG permissions: us_debt_by_president_dag to the DB
[2024-06-18T16:33:08.882-0400] {logging_mixin.py:188} WARNING - 2024-06-18 16:33:08,881 - airflow.www.security_appless.ApplessAirflowSecurityManager - DEBUG - Not syncing DAG-level permissions for DAG 'DAG:us_debt_by_president_dag' as access control is unset.
[2024-06-18T16:33:08.882-0400] {logging_mixin.py:188} WARNING - 2024-06-18 16:33:08,882 - airflow.models.dag - INFO - Sync 1 DAGs
[2024-06-18T16:33:08.903-0400] {logging_mixin.py:188} WARNING - 2024-06-18 16:33:08,903 - airflow.models.dag - INFO - Setting next_dagrun for us_debt_by_president_dag to 2025-01-01 00:00:00+00:00, run_after=2026-01-01 00:00:00+00:00
[2024-06-18T16:33:08.926-0400] {processor.py:183} INFO - Processing /Users/jbshome/Desktop/us_debt_etl_pipeline/airflow_home/dags/us_debt_by_president_dag.py took 1.686 seconds
[2024-06-18T16:33:08.927-0400] {logging_mixin.py:188} WARNING - 2024-06-18 16:33:08,927 - airflow.settings - DEBUG - Disposing DB connection pool (PID 20221)
[2024-06-18T16:33:08.928-0400] {logging_mixin.py:188} WARNING - 2024-06-18 16:33:08,928 - airflow.settings - DEBUG - Disposing DB connection pool (PID 20221)
[2024-06-18T16:36:14.990-0400] {processor.py:161} INFO - Started process (PID=20393) to work on /Users/jbshome/Desktop/us_debt_etl_pipeline/airflow_home/dags/us_debt_by_president_dag.py
[2024-06-18T16:36:14.992-0400] {processor.py:830} INFO - Processing file /Users/jbshome/Desktop/us_debt_etl_pipeline/airflow_home/dags/us_debt_by_president_dag.py for tasks to queue
[2024-06-18T16:36:14.992-0400] {logging_mixin.py:188} INFO - [2024-06-18T16:36:14.992-0400] {dagbag.py:545} INFO - Filling up the DagBag from /Users/jbshome/Desktop/us_debt_etl_pipeline/airflow_home/dags/us_debt_by_president_dag.py
[2024-06-18T16:36:16.075-0400] {logging_mixin.py:188} WARNING - 2024-06-18 16:36:16,075 - cron_descriptor.GetText - DEBUG - /Users/jbshome/Desktop/us_debt_etl_pipeline/debt_env/lib/python3.12/site-packages/cron_descriptor/locale/en_US.mo Loaded
[2024-06-18T16:36:16.082-0400] {logging_mixin.py:188} WARNING - 2024-06-18 16:36:16,082 - urllib3.connectionpool - DEBUG - Starting new HTTPS connection (1): api.fiscaldata.treasury.gov:443
[2024-06-18T16:36:17.520-0400] {logging_mixin.py:188} WARNING - 2024-06-18 16:36:17,519 - urllib3.connectionpool - DEBUG - https://api.fiscaldata.treasury.gov:443 "GET /services/api/fiscal_service/v2/accounting/od/debt_outstanding?fields=record_fiscal_year,%20debt_outstanding_amt&sort=-record_fiscal_year&format=json&page%5Bnumber%5D=1&page%5Bsize%5D=235 HTTP/1.1" 200 4289
[2024-06-18T16:36:17.522-0400] {logging_mixin.py:188} WARNING - 2024-06-18 16:36:17,522 - root - INFO - Data extracted successfully
[2024-06-18T16:36:17.526-0400] {logging_mixin.py:188} WARNING - 2024-06-18 16:36:17,526 - root - INFO - President column added to DataFrame
[2024-06-18T16:36:17.527-0400] {logging_mixin.py:188} WARNING - 2024-06-18 16:36:17,527 - root - INFO - Data transformed successfully
[2024-06-18T16:36:17.533-0400] {logging_mixin.py:188} WARNING - 2024-06-18 16:36:17,532 - root - INFO - Data saved to csv successfully
[2024-06-18T16:36:17.535-0400] {logging_mixin.py:188} WARNING - 2024-06-18 16:36:17,535 - cron_descriptor.GetText - DEBUG - /Users/jbshome/Desktop/us_debt_etl_pipeline/debt_env/lib/python3.12/site-packages/cron_descriptor/locale/en_US.mo Loaded
[2024-06-18T16:36:17.540-0400] {logging_mixin.py:188} WARNING - 2024-06-18 16:36:17,539 - airflow.models.dagbag.DagBag - DEBUG - Loaded DAG <DAG: us_debt_by_president_dag>
[2024-06-18T16:36:17.540-0400] {processor.py:840} INFO - DAG(s) 'us_debt_by_president_dag' retrieved from /Users/jbshome/Desktop/us_debt_etl_pipeline/airflow_home/dags/us_debt_by_president_dag.py
[2024-06-18T16:36:17.549-0400] {logging_mixin.py:188} WARNING - 2024-06-18 16:36:17,549 - airflow.models.dagbag.DagBag - DEBUG - Running dagbag.sync_to_db with retries. Try 1 of 3
[2024-06-18T16:36:17.550-0400] {logging_mixin.py:188} WARNING - 2024-06-18 16:36:17,549 - airflow.models.dagbag.DagBag - DEBUG - Calling the DAG.bulk_sync_to_db method
[2024-06-18T16:36:17.555-0400] {logging_mixin.py:188} WARNING - 2024-06-18 16:36:17,554 - airflow.models.serialized_dag - DEBUG - Checking if DAG (us_debt_by_president_dag) changed
[2024-06-18T16:36:17.681-0400] {logging_mixin.py:188} WARNING - 2024-06-18 16:36:17,681 - airflow.models.serialized_dag - DEBUG - Writing Serialized DAG: us_debt_by_president_dag to the DB
[2024-06-18T16:36:17.685-0400] {logging_mixin.py:188} WARNING - 2024-06-18 16:36:17,685 - airflow.models.serialized_dag - DEBUG - DAG: us_debt_by_president_dag written to the DB
[2024-06-18T16:36:17.685-0400] {logging_mixin.py:188} WARNING - 2024-06-18 16:36:17,685 - airflow.models.dagbag.DagBag - DEBUG - Syncing DAG permissions: us_debt_by_president_dag to the DB
[2024-06-18T16:36:17.783-0400] {logging_mixin.py:188} WARNING - 2024-06-18 16:36:17,783 - airflow.www.security_appless.ApplessAirflowSecurityManager - DEBUG - Not syncing DAG-level permissions for DAG 'DAG:us_debt_by_president_dag' as access control is unset.
[2024-06-18T16:36:17.784-0400] {logging_mixin.py:188} WARNING - 2024-06-18 16:36:17,784 - airflow.models.dag - INFO - Sync 1 DAGs
[2024-06-18T16:36:17.804-0400] {logging_mixin.py:188} WARNING - 2024-06-18 16:36:17,804 - airflow.models.dag - INFO - Setting next_dagrun for us_debt_by_president_dag to 2025-01-01 00:00:00+00:00, run_after=2026-01-01 00:00:00+00:00
[2024-06-18T16:36:17.829-0400] {processor.py:183} INFO - Processing /Users/jbshome/Desktop/us_debt_etl_pipeline/airflow_home/dags/us_debt_by_president_dag.py took 2.841 seconds
[2024-06-18T16:36:17.829-0400] {logging_mixin.py:188} WARNING - 2024-06-18 16:36:17,829 - airflow.settings - DEBUG - Disposing DB connection pool (PID 20393)
[2024-06-18T16:36:17.830-0400] {logging_mixin.py:188} WARNING - 2024-06-18 16:36:17,830 - airflow.settings - DEBUG - Disposing DB connection pool (PID 20393)
[2024-06-18T16:39:36.311-0400] {processor.py:161} INFO - Started process (PID=20555) to work on /Users/jbshome/Desktop/us_debt_etl_pipeline/airflow_home/dags/us_debt_by_president_dag.py
[2024-06-18T16:39:36.313-0400] {processor.py:830} INFO - Processing file /Users/jbshome/Desktop/us_debt_etl_pipeline/airflow_home/dags/us_debt_by_president_dag.py for tasks to queue
[2024-06-18T16:39:36.314-0400] {logging_mixin.py:188} INFO - [2024-06-18T16:39:36.314-0400] {dagbag.py:545} INFO - Filling up the DagBag from /Users/jbshome/Desktop/us_debt_etl_pipeline/airflow_home/dags/us_debt_by_president_dag.py
[2024-06-18T16:39:37.315-0400] {logging_mixin.py:188} WARNING - 2024-06-18 16:39:37,314 - cron_descriptor.GetText - DEBUG - /Users/jbshome/Desktop/us_debt_etl_pipeline/debt_env/lib/python3.12/site-packages/cron_descriptor/locale/en_US.mo Loaded
[2024-06-18T16:39:37.319-0400] {logging_mixin.py:188} WARNING - 2024-06-18 16:39:37,319 - urllib3.connectionpool - DEBUG - Starting new HTTPS connection (1): api.fiscaldata.treasury.gov:443
[2024-06-18T16:39:37.603-0400] {logging_mixin.py:188} WARNING - 2024-06-18 16:39:37,603 - urllib3.connectionpool - DEBUG - https://api.fiscaldata.treasury.gov:443 "GET /services/api/fiscal_service/v2/accounting/od/debt_outstanding?fields=record_fiscal_year,%20debt_outstanding_amt&sort=-record_fiscal_year&format=json&page%5Bnumber%5D=1&page%5Bsize%5D=235 HTTP/1.1" 200 4289
[2024-06-18T16:39:37.606-0400] {logging_mixin.py:188} WARNING - 2024-06-18 16:39:37,606 - root - INFO - Data extracted successfully
[2024-06-18T16:39:37.611-0400] {logging_mixin.py:188} WARNING - 2024-06-18 16:39:37,611 - root - INFO - President column added to DataFrame
[2024-06-18T16:39:37.614-0400] {logging_mixin.py:188} WARNING - 2024-06-18 16:39:37,613 - root - INFO - Data transformed successfully
[2024-06-18T16:39:37.618-0400] {logging_mixin.py:188} WARNING - 2024-06-18 16:39:37,618 - root - INFO - Data saved to csv successfully
[2024-06-18T16:39:37.620-0400] {logging_mixin.py:188} WARNING - 2024-06-18 16:39:37,620 - cron_descriptor.GetText - DEBUG - /Users/jbshome/Desktop/us_debt_etl_pipeline/debt_env/lib/python3.12/site-packages/cron_descriptor/locale/en_US.mo Loaded
[2024-06-18T16:39:37.625-0400] {logging_mixin.py:188} WARNING - 2024-06-18 16:39:37,625 - airflow.models.dagbag.DagBag - DEBUG - Loaded DAG <DAG: us_debt_by_president_dag>
[2024-06-18T16:39:37.626-0400] {processor.py:840} INFO - DAG(s) 'us_debt_by_president_dag' retrieved from /Users/jbshome/Desktop/us_debt_etl_pipeline/airflow_home/dags/us_debt_by_president_dag.py
[2024-06-18T16:39:37.635-0400] {logging_mixin.py:188} WARNING - 2024-06-18 16:39:37,635 - airflow.models.dagbag.DagBag - DEBUG - Running dagbag.sync_to_db with retries. Try 1 of 3
[2024-06-18T16:39:37.636-0400] {logging_mixin.py:188} WARNING - 2024-06-18 16:39:37,636 - airflow.models.dagbag.DagBag - DEBUG - Calling the DAG.bulk_sync_to_db method
[2024-06-18T16:39:37.641-0400] {logging_mixin.py:188} WARNING - 2024-06-18 16:39:37,640 - airflow.models.serialized_dag - DEBUG - Checking if DAG (us_debt_by_president_dag) changed
[2024-06-18T16:39:37.784-0400] {logging_mixin.py:188} WARNING - 2024-06-18 16:39:37,784 - airflow.models.serialized_dag - DEBUG - Writing Serialized DAG: us_debt_by_president_dag to the DB
[2024-06-18T16:39:37.788-0400] {logging_mixin.py:188} WARNING - 2024-06-18 16:39:37,787 - airflow.models.serialized_dag - DEBUG - DAG: us_debt_by_president_dag written to the DB
[2024-06-18T16:39:37.788-0400] {logging_mixin.py:188} WARNING - 2024-06-18 16:39:37,788 - airflow.models.dagbag.DagBag - DEBUG - Syncing DAG permissions: us_debt_by_president_dag to the DB
[2024-06-18T16:39:37.906-0400] {logging_mixin.py:188} WARNING - 2024-06-18 16:39:37,906 - airflow.www.security_appless.ApplessAirflowSecurityManager - DEBUG - Not syncing DAG-level permissions for DAG 'DAG:us_debt_by_president_dag' as access control is unset.
[2024-06-18T16:39:37.907-0400] {logging_mixin.py:188} WARNING - 2024-06-18 16:39:37,907 - airflow.models.dag - INFO - Sync 1 DAGs
[2024-06-18T16:39:37.929-0400] {logging_mixin.py:188} WARNING - 2024-06-18 16:39:37,928 - airflow.models.dag - INFO - Setting next_dagrun for us_debt_by_president_dag to 2025-01-01 00:00:00+00:00, run_after=2026-01-01 00:00:00+00:00
[2024-06-18T16:39:37.954-0400] {processor.py:183} INFO - Processing /Users/jbshome/Desktop/us_debt_etl_pipeline/airflow_home/dags/us_debt_by_president_dag.py took 1.646 seconds
[2024-06-18T16:39:37.955-0400] {logging_mixin.py:188} WARNING - 2024-06-18 16:39:37,955 - airflow.settings - DEBUG - Disposing DB connection pool (PID 20555)
[2024-06-18T16:39:37.956-0400] {logging_mixin.py:188} WARNING - 2024-06-18 16:39:37,955 - airflow.settings - DEBUG - Disposing DB connection pool (PID 20555)
[2024-06-18T16:42:34.471-0400] {processor.py:161} INFO - Started process (PID=21171) to work on /Users/jbshome/Desktop/us_debt_etl_pipeline/airflow_home/dags/us_debt_by_president_dag.py
[2024-06-18T16:42:34.472-0400] {processor.py:830} INFO - Processing file /Users/jbshome/Desktop/us_debt_etl_pipeline/airflow_home/dags/us_debt_by_president_dag.py for tasks to queue
[2024-06-18T16:42:34.473-0400] {logging_mixin.py:188} INFO - [2024-06-18T16:42:34.472-0400] {dagbag.py:545} INFO - Filling up the DagBag from /Users/jbshome/Desktop/us_debt_etl_pipeline/airflow_home/dags/us_debt_by_president_dag.py
[2024-06-18T16:42:35.589-0400] {logging_mixin.py:188} WARNING - 2024-06-18 16:42:35,588 - cron_descriptor.GetText - DEBUG - /Users/jbshome/Desktop/us_debt_etl_pipeline/debt_env/lib/python3.12/site-packages/cron_descriptor/locale/en_US.mo Loaded
[2024-06-18T16:42:35.596-0400] {logging_mixin.py:188} WARNING - 2024-06-18 16:42:35,595 - urllib3.connectionpool - DEBUG - Starting new HTTPS connection (1): api.fiscaldata.treasury.gov:443
[2024-06-18T16:42:35.887-0400] {logging_mixin.py:188} WARNING - 2024-06-18 16:42:35,886 - urllib3.connectionpool - DEBUG - https://api.fiscaldata.treasury.gov:443 "GET /services/api/fiscal_service/v2/accounting/od/debt_outstanding?fields=record_fiscal_year,%20debt_outstanding_amt&sort=-record_fiscal_year&format=json&page%5Bnumber%5D=1&page%5Bsize%5D=235 HTTP/1.1" 200 4289
[2024-06-18T16:42:35.890-0400] {logging_mixin.py:188} WARNING - 2024-06-18 16:42:35,889 - root - INFO - Data extracted successfully
[2024-06-18T16:42:35.899-0400] {logging_mixin.py:188} WARNING - 2024-06-18 16:42:35,899 - root - INFO - President column added to DataFrame
[2024-06-18T16:42:35.901-0400] {logging_mixin.py:188} WARNING - 2024-06-18 16:42:35,901 - root - INFO - Data transformed successfully
[2024-06-18T16:42:35.907-0400] {logging_mixin.py:188} WARNING - 2024-06-18 16:42:35,907 - root - INFO - Data saved to csv successfully
[2024-06-18T16:42:35.910-0400] {logging_mixin.py:188} WARNING - 2024-06-18 16:42:35,910 - cron_descriptor.GetText - DEBUG - /Users/jbshome/Desktop/us_debt_etl_pipeline/debt_env/lib/python3.12/site-packages/cron_descriptor/locale/en_US.mo Loaded
[2024-06-18T16:42:35.919-0400] {logging_mixin.py:188} WARNING - 2024-06-18 16:42:35,918 - airflow.models.dagbag.DagBag - DEBUG - Loaded DAG <DAG: us_debt_by_president_dag>
[2024-06-18T16:42:35.920-0400] {processor.py:840} INFO - DAG(s) 'us_debt_by_president_dag' retrieved from /Users/jbshome/Desktop/us_debt_etl_pipeline/airflow_home/dags/us_debt_by_president_dag.py
[2024-06-18T16:42:35.933-0400] {logging_mixin.py:188} WARNING - 2024-06-18 16:42:35,933 - airflow.models.dagbag.DagBag - DEBUG - Running dagbag.sync_to_db with retries. Try 1 of 3
[2024-06-18T16:42:35.934-0400] {logging_mixin.py:188} WARNING - 2024-06-18 16:42:35,934 - airflow.models.dagbag.DagBag - DEBUG - Calling the DAG.bulk_sync_to_db method
[2024-06-18T16:42:35.942-0400] {logging_mixin.py:188} WARNING - 2024-06-18 16:42:35,942 - airflow.models.serialized_dag - DEBUG - Checking if DAG (us_debt_by_president_dag) changed
[2024-06-18T16:42:36.325-0400] {logging_mixin.py:188} WARNING - 2024-06-18 16:42:36,324 - airflow.models.serialized_dag - DEBUG - Writing Serialized DAG: us_debt_by_president_dag to the DB
[2024-06-18T16:42:36.338-0400] {logging_mixin.py:188} WARNING - 2024-06-18 16:42:36,336 - airflow.models.serialized_dag - DEBUG - DAG: us_debt_by_president_dag written to the DB
[2024-06-18T16:42:36.340-0400] {logging_mixin.py:188} WARNING - 2024-06-18 16:42:36,339 - airflow.models.dagbag.DagBag - DEBUG - Syncing DAG permissions: us_debt_by_president_dag to the DB
[2024-06-18T16:42:36.629-0400] {logging_mixin.py:188} WARNING - 2024-06-18 16:42:36,629 - airflow.www.security_appless.ApplessAirflowSecurityManager - DEBUG - Not syncing DAG-level permissions for DAG 'DAG:us_debt_by_president_dag' as access control is unset.
[2024-06-18T16:42:36.631-0400] {logging_mixin.py:188} WARNING - 2024-06-18 16:42:36,630 - airflow.models.dag - INFO - Sync 1 DAGs
[2024-06-18T16:42:36.674-0400] {logging_mixin.py:188} WARNING - 2024-06-18 16:42:36,673 - airflow.models.dag - INFO - Setting next_dagrun for us_debt_by_president_dag to 2025-01-01 00:00:00+00:00, run_after=2026-01-01 00:00:00+00:00
[2024-06-18T16:42:36.726-0400] {processor.py:183} INFO - Processing /Users/jbshome/Desktop/us_debt_etl_pipeline/airflow_home/dags/us_debt_by_president_dag.py took 2.258 seconds
[2024-06-18T16:42:36.727-0400] {logging_mixin.py:188} WARNING - 2024-06-18 16:42:36,727 - airflow.settings - DEBUG - Disposing DB connection pool (PID 21171)
[2024-06-18T16:42:36.729-0400] {logging_mixin.py:188} WARNING - 2024-06-18 16:42:36,728 - airflow.settings - DEBUG - Disposing DB connection pool (PID 21171)
[2024-06-18T16:45:33.950-0400] {processor.py:161} INFO - Started process (PID=21496) to work on /Users/jbshome/Desktop/us_debt_etl_pipeline/airflow_home/dags/us_debt_by_president_dag.py
[2024-06-18T16:45:33.952-0400] {processor.py:830} INFO - Processing file /Users/jbshome/Desktop/us_debt_etl_pipeline/airflow_home/dags/us_debt_by_president_dag.py for tasks to queue
[2024-06-18T16:45:33.953-0400] {logging_mixin.py:188} INFO - [2024-06-18T16:45:33.953-0400] {dagbag.py:545} INFO - Filling up the DagBag from /Users/jbshome/Desktop/us_debt_etl_pipeline/airflow_home/dags/us_debt_by_president_dag.py
[2024-06-18T16:45:34.713-0400] {logging_mixin.py:188} WARNING - 2024-06-18 16:45:34,713 - cron_descriptor.GetText - DEBUG - /Users/jbshome/Desktop/us_debt_etl_pipeline/debt_env/lib/python3.12/site-packages/cron_descriptor/locale/en_US.mo Loaded
[2024-06-18T16:45:34.717-0400] {logging_mixin.py:188} WARNING - 2024-06-18 16:45:34,717 - urllib3.connectionpool - DEBUG - Starting new HTTPS connection (1): api.fiscaldata.treasury.gov:443
[2024-06-18T16:45:35.035-0400] {logging_mixin.py:188} WARNING - 2024-06-18 16:45:35,035 - urllib3.connectionpool - DEBUG - https://api.fiscaldata.treasury.gov:443 "GET /services/api/fiscal_service/v2/accounting/od/debt_outstanding?fields=record_fiscal_year,%20debt_outstanding_amt&sort=-record_fiscal_year&format=json&page%5Bnumber%5D=1&page%5Bsize%5D=235 HTTP/1.1" 200 4289
[2024-06-18T16:45:35.038-0400] {logging_mixin.py:188} WARNING - 2024-06-18 16:45:35,038 - root - INFO - Data extracted successfully
[2024-06-18T16:45:35.042-0400] {logging_mixin.py:188} WARNING - 2024-06-18 16:45:35,042 - root - INFO - President column added to DataFrame
[2024-06-18T16:45:35.044-0400] {logging_mixin.py:188} WARNING - 2024-06-18 16:45:35,044 - root - INFO - Data transformed successfully
[2024-06-18T16:45:35.047-0400] {logging_mixin.py:188} WARNING - 2024-06-18 16:45:35,047 - root - INFO - Data saved to csv successfully
[2024-06-18T16:45:35.049-0400] {logging_mixin.py:188} WARNING - 2024-06-18 16:45:35,049 - cron_descriptor.GetText - DEBUG - /Users/jbshome/Desktop/us_debt_etl_pipeline/debt_env/lib/python3.12/site-packages/cron_descriptor/locale/en_US.mo Loaded
[2024-06-18T16:45:35.054-0400] {logging_mixin.py:188} WARNING - 2024-06-18 16:45:35,053 - airflow.models.dagbag.DagBag - DEBUG - Loaded DAG <DAG: us_debt_by_president_dag>
[2024-06-18T16:45:35.055-0400] {processor.py:840} INFO - DAG(s) 'us_debt_by_president_dag' retrieved from /Users/jbshome/Desktop/us_debt_etl_pipeline/airflow_home/dags/us_debt_by_president_dag.py
[2024-06-18T16:45:35.065-0400] {logging_mixin.py:188} WARNING - 2024-06-18 16:45:35,064 - airflow.models.dagbag.DagBag - DEBUG - Running dagbag.sync_to_db with retries. Try 1 of 3
[2024-06-18T16:45:35.065-0400] {logging_mixin.py:188} WARNING - 2024-06-18 16:45:35,065 - airflow.models.dagbag.DagBag - DEBUG - Calling the DAG.bulk_sync_to_db method
[2024-06-18T16:45:35.069-0400] {logging_mixin.py:188} WARNING - 2024-06-18 16:45:35,069 - airflow.models.serialized_dag - DEBUG - Checking if DAG (us_debt_by_president_dag) changed
[2024-06-18T16:45:35.203-0400] {logging_mixin.py:188} WARNING - 2024-06-18 16:45:35,203 - airflow.models.serialized_dag - DEBUG - Serialized DAG (us_debt_by_president_dag) is unchanged. Skipping writing to DB
[2024-06-18T16:45:35.204-0400] {logging_mixin.py:188} WARNING - 2024-06-18 16:45:35,203 - airflow.models.dag - INFO - Sync 1 DAGs
[2024-06-18T16:45:35.226-0400] {logging_mixin.py:188} WARNING - 2024-06-18 16:45:35,225 - airflow.models.dag - INFO - Setting next_dagrun for us_debt_by_president_dag to 2025-01-01 00:00:00+00:00, run_after=2026-01-01 00:00:00+00:00
[2024-06-18T16:45:35.246-0400] {processor.py:183} INFO - Processing /Users/jbshome/Desktop/us_debt_etl_pipeline/airflow_home/dags/us_debt_by_president_dag.py took 1.299 seconds
[2024-06-18T16:45:35.247-0400] {logging_mixin.py:188} WARNING - 2024-06-18 16:45:35,247 - airflow.settings - DEBUG - Disposing DB connection pool (PID 21496)
[2024-06-18T16:45:35.248-0400] {logging_mixin.py:188} WARNING - 2024-06-18 16:45:35,247 - airflow.settings - DEBUG - Disposing DB connection pool (PID 21496)
[2024-06-18T16:48:45.615-0400] {processor.py:161} INFO - Started process (PID=21678) to work on /Users/jbshome/Desktop/us_debt_etl_pipeline/airflow_home/dags/us_debt_by_president_dag.py
[2024-06-18T16:48:45.617-0400] {processor.py:830} INFO - Processing file /Users/jbshome/Desktop/us_debt_etl_pipeline/airflow_home/dags/us_debt_by_president_dag.py for tasks to queue
[2024-06-18T16:48:45.621-0400] {logging_mixin.py:188} INFO - [2024-06-18T16:48:45.621-0400] {dagbag.py:545} INFO - Filling up the DagBag from /Users/jbshome/Desktop/us_debt_etl_pipeline/airflow_home/dags/us_debt_by_president_dag.py
[2024-06-18T16:48:46.910-0400] {logging_mixin.py:188} WARNING - 2024-06-18 16:48:46,909 - cron_descriptor.GetText - DEBUG - /Users/jbshome/Desktop/us_debt_etl_pipeline/debt_env/lib/python3.12/site-packages/cron_descriptor/locale/en_US.mo Loaded
[2024-06-18T16:48:46.914-0400] {logging_mixin.py:188} WARNING - 2024-06-18 16:48:46,914 - urllib3.connectionpool - DEBUG - Starting new HTTPS connection (1): api.fiscaldata.treasury.gov:443
[2024-06-18T16:48:47.182-0400] {logging_mixin.py:188} WARNING - 2024-06-18 16:48:47,182 - urllib3.connectionpool - DEBUG - https://api.fiscaldata.treasury.gov:443 "GET /services/api/fiscal_service/v2/accounting/od/debt_outstanding?fields=record_fiscal_year,%20debt_outstanding_amt&sort=-record_fiscal_year&format=json&page%5Bnumber%5D=1&page%5Bsize%5D=235 HTTP/1.1" 200 4289
[2024-06-18T16:48:47.185-0400] {logging_mixin.py:188} WARNING - 2024-06-18 16:48:47,185 - root - INFO - Data extracted successfully
[2024-06-18T16:48:47.191-0400] {logging_mixin.py:188} WARNING - 2024-06-18 16:48:47,191 - root - INFO - President column added to DataFrame
[2024-06-18T16:48:47.194-0400] {logging_mixin.py:188} WARNING - 2024-06-18 16:48:47,194 - root - INFO - Data transformed successfully
[2024-06-18T16:48:47.198-0400] {logging_mixin.py:188} WARNING - 2024-06-18 16:48:47,198 - root - INFO - Data saved to csv successfully
[2024-06-18T16:48:47.200-0400] {logging_mixin.py:188} WARNING - 2024-06-18 16:48:47,200 - cron_descriptor.GetText - DEBUG - /Users/jbshome/Desktop/us_debt_etl_pipeline/debt_env/lib/python3.12/site-packages/cron_descriptor/locale/en_US.mo Loaded
[2024-06-18T16:48:47.207-0400] {logging_mixin.py:188} WARNING - 2024-06-18 16:48:47,206 - airflow.models.dagbag.DagBag - DEBUG - Loaded DAG <DAG: us_debt_by_president_dag>
[2024-06-18T16:48:47.208-0400] {processor.py:840} INFO - DAG(s) 'us_debt_by_president_dag' retrieved from /Users/jbshome/Desktop/us_debt_etl_pipeline/airflow_home/dags/us_debt_by_president_dag.py
[2024-06-18T16:48:47.226-0400] {logging_mixin.py:188} WARNING - 2024-06-18 16:48:47,225 - airflow.models.dagbag.DagBag - DEBUG - Running dagbag.sync_to_db with retries. Try 1 of 3
[2024-06-18T16:48:47.226-0400] {logging_mixin.py:188} WARNING - 2024-06-18 16:48:47,226 - airflow.models.dagbag.DagBag - DEBUG - Calling the DAG.bulk_sync_to_db method
[2024-06-18T16:48:47.234-0400] {logging_mixin.py:188} WARNING - 2024-06-18 16:48:47,234 - airflow.models.serialized_dag - DEBUG - Checking if DAG (us_debt_by_president_dag) changed
[2024-06-18T16:48:47.378-0400] {logging_mixin.py:188} WARNING - 2024-06-18 16:48:47,378 - airflow.models.serialized_dag - DEBUG - Serialized DAG (us_debt_by_president_dag) is unchanged. Skipping writing to DB
[2024-06-18T16:48:47.379-0400] {logging_mixin.py:188} WARNING - 2024-06-18 16:48:47,378 - airflow.models.dag - INFO - Sync 1 DAGs
[2024-06-18T16:48:47.401-0400] {logging_mixin.py:188} WARNING - 2024-06-18 16:48:47,401 - airflow.models.dag - INFO - Setting next_dagrun for us_debt_by_president_dag to 2025-01-01 00:00:00+00:00, run_after=2026-01-01 00:00:00+00:00
[2024-06-18T16:48:47.422-0400] {processor.py:183} INFO - Processing /Users/jbshome/Desktop/us_debt_etl_pipeline/airflow_home/dags/us_debt_by_president_dag.py took 1.810 seconds
[2024-06-18T16:48:47.423-0400] {logging_mixin.py:188} WARNING - 2024-06-18 16:48:47,423 - airflow.settings - DEBUG - Disposing DB connection pool (PID 21678)
[2024-06-18T16:48:47.423-0400] {logging_mixin.py:188} WARNING - 2024-06-18 16:48:47,423 - airflow.settings - DEBUG - Disposing DB connection pool (PID 21678)
[2024-06-18T16:51:51.457-0400] {processor.py:161} INFO - Started process (PID=21849) to work on /Users/jbshome/Desktop/us_debt_etl_pipeline/airflow_home/dags/us_debt_by_president_dag.py
[2024-06-18T16:51:51.459-0400] {processor.py:830} INFO - Processing file /Users/jbshome/Desktop/us_debt_etl_pipeline/airflow_home/dags/us_debt_by_president_dag.py for tasks to queue
[2024-06-18T16:51:51.460-0400] {logging_mixin.py:188} INFO - [2024-06-18T16:51:51.460-0400] {dagbag.py:545} INFO - Filling up the DagBag from /Users/jbshome/Desktop/us_debt_etl_pipeline/airflow_home/dags/us_debt_by_president_dag.py
[2024-06-18T16:51:52.364-0400] {logging_mixin.py:188} WARNING - 2024-06-18 16:51:52,363 - cron_descriptor.GetText - DEBUG - /Users/jbshome/Desktop/us_debt_etl_pipeline/debt_env/lib/python3.12/site-packages/cron_descriptor/locale/en_US.mo Loaded
[2024-06-18T16:51:52.369-0400] {logging_mixin.py:188} WARNING - 2024-06-18 16:51:52,367 - airflow.models.dagbag.DagBag - ERROR - Failed to import: /Users/jbshome/Desktop/us_debt_etl_pipeline/airflow_home/dags/us_debt_by_president_dag.py
Traceback (most recent call last):
  File "/Users/jbshome/Desktop/us_debt_etl_pipeline/debt_env/lib/python3.12/site-packages/airflow/models/dagbag.py", line 351, in parse
    loader.exec_module(new_module)
  File "<frozen importlib._bootstrap_external>", line 995, in exec_module
  File "<frozen importlib._bootstrap>", line 488, in _call_with_frames_removed
  File "/Users/jbshome/Desktop/us_debt_etl_pipeline/airflow_home/dags/us_debt_by_president_dag.py", line 161, in <module>
    op_args=[df],
             ^^
NameError: name 'df' is not defined
[2024-06-18T16:51:52.370-0400] {processor.py:842} WARNING - No viable dags retrieved from /Users/jbshome/Desktop/us_debt_etl_pipeline/airflow_home/dags/us_debt_by_president_dag.py
[2024-06-18T16:51:52.556-0400] {processor.py:183} INFO - Processing /Users/jbshome/Desktop/us_debt_etl_pipeline/airflow_home/dags/us_debt_by_president_dag.py took 1.101 seconds
[2024-06-18T16:51:52.556-0400] {logging_mixin.py:188} WARNING - 2024-06-18 16:51:52,556 - airflow.settings - DEBUG - Disposing DB connection pool (PID 21849)
[2024-06-18T16:51:52.557-0400] {logging_mixin.py:188} WARNING - 2024-06-18 16:51:52,557 - airflow.settings - DEBUG - Disposing DB connection pool (PID 21849)
[2024-06-18T16:54:52.416-0400] {processor.py:161} INFO - Started process (PID=21997) to work on /Users/jbshome/Desktop/us_debt_etl_pipeline/airflow_home/dags/us_debt_by_president_dag.py
[2024-06-18T16:54:52.419-0400] {processor.py:830} INFO - Processing file /Users/jbshome/Desktop/us_debt_etl_pipeline/airflow_home/dags/us_debt_by_president_dag.py for tasks to queue
[2024-06-18T16:54:52.421-0400] {logging_mixin.py:188} INFO - [2024-06-18T16:54:52.420-0400] {dagbag.py:545} INFO - Filling up the DagBag from /Users/jbshome/Desktop/us_debt_etl_pipeline/airflow_home/dags/us_debt_by_president_dag.py
[2024-06-18T16:54:53.919-0400] {logging_mixin.py:188} WARNING - 2024-06-18 16:54:53,918 - cron_descriptor.GetText - DEBUG - /Users/jbshome/Desktop/us_debt_etl_pipeline/debt_env/lib/python3.12/site-packages/cron_descriptor/locale/en_US.mo Loaded
[2024-06-18T16:54:53.924-0400] {logging_mixin.py:188} WARNING - 2024-06-18 16:54:53,921 - airflow.models.dagbag.DagBag - ERROR - Failed to import: /Users/jbshome/Desktop/us_debt_etl_pipeline/airflow_home/dags/us_debt_by_president_dag.py
Traceback (most recent call last):
  File "/Users/jbshome/Desktop/us_debt_etl_pipeline/debt_env/lib/python3.12/site-packages/airflow/models/dagbag.py", line 351, in parse
    loader.exec_module(new_module)
  File "<frozen importlib._bootstrap_external>", line 995, in exec_module
  File "<frozen importlib._bootstrap>", line 488, in _call_with_frames_removed
  File "/Users/jbshome/Desktop/us_debt_etl_pipeline/airflow_home/dags/us_debt_by_president_dag.py", line 161, in <module>
    op_args=[df],
             ^^
NameError: name 'df' is not defined
[2024-06-18T16:54:53.925-0400] {processor.py:842} WARNING - No viable dags retrieved from /Users/jbshome/Desktop/us_debt_etl_pipeline/airflow_home/dags/us_debt_by_president_dag.py
[2024-06-18T16:54:54.115-0400] {processor.py:183} INFO - Processing /Users/jbshome/Desktop/us_debt_etl_pipeline/airflow_home/dags/us_debt_by_president_dag.py took 1.713 seconds
[2024-06-18T16:54:54.116-0400] {logging_mixin.py:188} WARNING - 2024-06-18 16:54:54,115 - airflow.settings - DEBUG - Disposing DB connection pool (PID 21997)
[2024-06-18T16:54:54.116-0400] {logging_mixin.py:188} WARNING - 2024-06-18 16:54:54,116 - airflow.settings - DEBUG - Disposing DB connection pool (PID 21997)
[2024-06-18T16:58:13.044-0400] {processor.py:161} INFO - Started process (PID=22468) to work on /Users/jbshome/Desktop/us_debt_etl_pipeline/airflow_home/dags/us_debt_by_president_dag.py
[2024-06-18T16:58:13.046-0400] {processor.py:830} INFO - Processing file /Users/jbshome/Desktop/us_debt_etl_pipeline/airflow_home/dags/us_debt_by_president_dag.py for tasks to queue
[2024-06-18T16:58:13.047-0400] {logging_mixin.py:188} INFO - [2024-06-18T16:58:13.047-0400] {dagbag.py:545} INFO - Filling up the DagBag from /Users/jbshome/Desktop/us_debt_etl_pipeline/airflow_home/dags/us_debt_by_president_dag.py
[2024-06-18T16:58:13.051-0400] {logging_mixin.py:188} INFO - [2024-06-18T16:58:13.049-0400] {dagbag.py:355} ERROR - Failed to import: /Users/jbshome/Desktop/us_debt_etl_pipeline/airflow_home/dags/us_debt_by_president_dag.py
Traceback (most recent call last):
  File "/Users/jbshome/Desktop/us_debt_etl_pipeline/debt_env/lib/python3.12/site-packages/airflow/models/dagbag.py", line 351, in parse
    loader.exec_module(new_module)
  File "<frozen importlib._bootstrap_external>", line 991, in exec_module
  File "<frozen importlib._bootstrap_external>", line 1129, in get_code
  File "<frozen importlib._bootstrap_external>", line 1059, in source_to_code
  File "<frozen importlib._bootstrap>", line 488, in _call_with_frames_removed
  File "/Users/jbshome/Desktop/us_debt_etl_pipeline/airflow_home/dags/us_debt_by_president_dag.py", line 80
    dag = DAG(
             ^
SyntaxError: '(' was never closed
[2024-06-18T16:58:13.052-0400] {processor.py:842} WARNING - No viable dags retrieved from /Users/jbshome/Desktop/us_debt_etl_pipeline/airflow_home/dags/us_debt_by_president_dag.py
[2024-06-18T16:58:13.182-0400] {processor.py:183} INFO - Processing /Users/jbshome/Desktop/us_debt_etl_pipeline/airflow_home/dags/us_debt_by_president_dag.py took 0.141 seconds
[2024-06-18T17:02:15.043-0400] {processor.py:161} INFO - Started process (PID=22741) to work on /Users/jbshome/Desktop/us_debt_etl_pipeline/airflow_home/dags/us_debt_by_president_dag.py
[2024-06-18T17:02:15.056-0400] {processor.py:830} INFO - Processing file /Users/jbshome/Desktop/us_debt_etl_pipeline/airflow_home/dags/us_debt_by_president_dag.py for tasks to queue
[2024-06-18T17:02:15.058-0400] {logging_mixin.py:188} INFO - [2024-06-18T17:02:15.057-0400] {dagbag.py:545} INFO - Filling up the DagBag from /Users/jbshome/Desktop/us_debt_etl_pipeline/airflow_home/dags/us_debt_by_president_dag.py
[2024-06-18T17:02:15.066-0400] {logging_mixin.py:188} INFO - [2024-06-18T17:02:15.064-0400] {dagbag.py:355} ERROR - Failed to import: /Users/jbshome/Desktop/us_debt_etl_pipeline/airflow_home/dags/us_debt_by_president_dag.py
Traceback (most recent call last):
  File "/Users/jbshome/Desktop/us_debt_etl_pipeline/debt_env/lib/python3.12/site-packages/airflow/models/dagbag.py", line 351, in parse
    loader.exec_module(new_module)
  File "<frozen importlib._bootstrap_external>", line 991, in exec_module
  File "<frozen importlib._bootstrap_external>", line 1129, in get_code
  File "<frozen importlib._bootstrap_external>", line 1059, in source_to_code
  File "<frozen importlib._bootstrap>", line 488, in _call_with_frames_removed
  File "/Users/jbshome/Desktop/us_debt_etl_pipeline/airflow_home/dags/us_debt_by_president_dag.py", line 85
    start_date=pendulum.today('UTC').add(days=-1,)
               
SyntaxError: invalid syntax. Perhaps you forgot a comma?
[2024-06-18T17:02:15.069-0400] {processor.py:842} WARNING - No viable dags retrieved from /Users/jbshome/Desktop/us_debt_etl_pipeline/airflow_home/dags/us_debt_by_president_dag.py
[2024-06-18T17:02:15.548-0400] {processor.py:183} INFO - Processing /Users/jbshome/Desktop/us_debt_etl_pipeline/airflow_home/dags/us_debt_by_president_dag.py took 0.508 seconds
[2024-06-18T17:05:30.921-0400] {processor.py:161} INFO - Started process (PID=22937) to work on /Users/jbshome/Desktop/us_debt_etl_pipeline/airflow_home/dags/us_debt_by_president_dag.py
[2024-06-18T17:05:30.923-0400] {processor.py:830} INFO - Processing file /Users/jbshome/Desktop/us_debt_etl_pipeline/airflow_home/dags/us_debt_by_president_dag.py for tasks to queue
[2024-06-18T17:05:30.925-0400] {logging_mixin.py:188} INFO - [2024-06-18T17:05:30.924-0400] {dagbag.py:545} INFO - Filling up the DagBag from /Users/jbshome/Desktop/us_debt_etl_pipeline/airflow_home/dags/us_debt_by_president_dag.py
[2024-06-18T17:05:32.124-0400] {logging_mixin.py:188} WARNING - 2024-06-18 17:05:32,117 - airflow.models.dagbag.DagBag - ERROR - Failed to import: /Users/jbshome/Desktop/us_debt_etl_pipeline/airflow_home/dags/us_debt_by_president_dag.py
Traceback (most recent call last):
  File "/Users/jbshome/Desktop/us_debt_etl_pipeline/debt_env/lib/python3.12/site-packages/airflow/models/dagbag.py", line 351, in parse
    loader.exec_module(new_module)
  File "<frozen importlib._bootstrap_external>", line 995, in exec_module
  File "<frozen importlib._bootstrap>", line 488, in _call_with_frames_removed
  File "/Users/jbshome/Desktop/us_debt_etl_pipeline/airflow_home/dags/us_debt_by_president_dag.py", line 85, in <module>
    start_date=pendulum.today('UTC').add(days=-1,),
               ^^^^^^^^
NameError: name 'pendulum' is not defined
[2024-06-18T17:05:32.128-0400] {processor.py:842} WARNING - No viable dags retrieved from /Users/jbshome/Desktop/us_debt_etl_pipeline/airflow_home/dags/us_debt_by_president_dag.py
[2024-06-18T17:05:32.265-0400] {processor.py:183} INFO - Processing /Users/jbshome/Desktop/us_debt_etl_pipeline/airflow_home/dags/us_debt_by_president_dag.py took 1.347 seconds
[2024-06-18T17:05:32.266-0400] {logging_mixin.py:188} WARNING - 2024-06-18 17:05:32,265 - airflow.settings - DEBUG - Disposing DB connection pool (PID 22937)
[2024-06-18T17:05:32.266-0400] {logging_mixin.py:188} WARNING - 2024-06-18 17:05:32,266 - airflow.settings - DEBUG - Disposing DB connection pool (PID 22937)
[2024-06-18T17:09:22.263-0400] {processor.py:161} INFO - Started process (PID=23742) to work on /Users/jbshome/Desktop/us_debt_etl_pipeline/airflow_home/dags/us_debt_by_president_dag.py
[2024-06-18T17:09:22.266-0400] {processor.py:830} INFO - Processing file /Users/jbshome/Desktop/us_debt_etl_pipeline/airflow_home/dags/us_debt_by_president_dag.py for tasks to queue
[2024-06-18T17:09:22.268-0400] {logging_mixin.py:188} INFO - [2024-06-18T17:09:22.267-0400] {dagbag.py:545} INFO - Filling up the DagBag from /Users/jbshome/Desktop/us_debt_etl_pipeline/airflow_home/dags/us_debt_by_president_dag.py
[2024-06-18T17:09:23.741-0400] {logging_mixin.py:188} WARNING - 2024-06-18 17:09:23,741 - cron_descriptor.GetText - DEBUG - /Users/jbshome/Desktop/us_debt_etl_pipeline/debt_env/lib/python3.12/site-packages/cron_descriptor/locale/en_US.mo Loaded
[2024-06-18T17:09:23.746-0400] {logging_mixin.py:188} WARNING - 2024-06-18 17:09:23,746 - cron_descriptor.GetText - DEBUG - /Users/jbshome/Desktop/us_debt_etl_pipeline/debt_env/lib/python3.12/site-packages/cron_descriptor/locale/en_US.mo Loaded
[2024-06-18T17:09:23.752-0400] {logging_mixin.py:188} WARNING - 2024-06-18 17:09:23,752 - airflow.models.dagbag.DagBag - DEBUG - Loaded DAG <DAG: us_debt_by_president_dag>
[2024-06-18T17:09:23.753-0400] {processor.py:840} INFO - DAG(s) 'us_debt_by_president_dag' retrieved from /Users/jbshome/Desktop/us_debt_etl_pipeline/airflow_home/dags/us_debt_by_president_dag.py
[2024-06-18T17:09:23.775-0400] {logging_mixin.py:188} WARNING - 2024-06-18 17:09:23,775 - airflow.models.dagbag.DagBag - DEBUG - Running dagbag.sync_to_db with retries. Try 1 of 3
[2024-06-18T17:09:23.776-0400] {logging_mixin.py:188} WARNING - 2024-06-18 17:09:23,776 - airflow.models.dagbag.DagBag - DEBUG - Calling the DAG.bulk_sync_to_db method
[2024-06-18T17:09:23.786-0400] {logging_mixin.py:188} WARNING - 2024-06-18 17:09:23,785 - airflow.models.serialized_dag - DEBUG - Checking if DAG (us_debt_by_president_dag) changed
[2024-06-18T17:09:24.012-0400] {logging_mixin.py:188} WARNING - 2024-06-18 17:09:24,011 - airflow.models.serialized_dag - DEBUG - Writing Serialized DAG: us_debt_by_president_dag to the DB
[2024-06-18T17:09:24.018-0400] {logging_mixin.py:188} WARNING - 2024-06-18 17:09:24,018 - airflow.models.serialized_dag - DEBUG - DAG: us_debt_by_president_dag written to the DB
[2024-06-18T17:09:24.019-0400] {logging_mixin.py:188} WARNING - 2024-06-18 17:09:24,018 - airflow.models.dagbag.DagBag - DEBUG - Syncing DAG permissions: us_debt_by_president_dag to the DB
[2024-06-18T17:09:24.202-0400] {logging_mixin.py:188} WARNING - 2024-06-18 17:09:24,201 - airflow.www.security_appless.ApplessAirflowSecurityManager - DEBUG - Not syncing DAG-level permissions for DAG 'DAG:us_debt_by_president_dag' as access control is unset.
[2024-06-18T17:09:24.202-0400] {logging_mixin.py:188} WARNING - 2024-06-18 17:09:24,202 - airflow.models.dag - INFO - Sync 1 DAGs
[2024-06-18T17:09:24.240-0400] {logging_mixin.py:188} WARNING - 2024-06-18 17:09:24,240 - airflow.models.dag - INFO - Setting next_dagrun for us_debt_by_president_dag to 2025-01-01 00:00:00+00:00, run_after=2026-01-01 00:00:00+00:00
[2024-06-18T17:09:24.283-0400] {processor.py:183} INFO - Processing /Users/jbshome/Desktop/us_debt_etl_pipeline/airflow_home/dags/us_debt_by_president_dag.py took 2.030 seconds
[2024-06-18T17:09:24.292-0400] {logging_mixin.py:188} WARNING - 2024-06-18 17:09:24,292 - airflow.settings - DEBUG - Disposing DB connection pool (PID 23742)
[2024-06-18T17:09:24.294-0400] {logging_mixin.py:188} WARNING - 2024-06-18 17:09:24,293 - airflow.settings - DEBUG - Disposing DB connection pool (PID 23742)
[2024-06-18T17:14:01.956-0400] {processor.py:161} INFO - Started process (PID=24045) to work on /Users/jbshome/Desktop/us_debt_etl_pipeline/airflow_home/dags/us_debt_by_president_dag.py
[2024-06-18T17:14:01.959-0400] {processor.py:830} INFO - Processing file /Users/jbshome/Desktop/us_debt_etl_pipeline/airflow_home/dags/us_debt_by_president_dag.py for tasks to queue
[2024-06-18T17:14:01.960-0400] {logging_mixin.py:188} INFO - [2024-06-18T17:14:01.960-0400] {dagbag.py:545} INFO - Filling up the DagBag from /Users/jbshome/Desktop/us_debt_etl_pipeline/airflow_home/dags/us_debt_by_president_dag.py
[2024-06-18T17:14:05.348-0400] {logging_mixin.py:188} WARNING - 2024-06-18 17:14:05,347 - cron_descriptor.GetText - DEBUG - /Users/jbshome/Desktop/us_debt_etl_pipeline/debt_env/lib/python3.12/site-packages/cron_descriptor/locale/en_US.mo Loaded
[2024-06-18T17:14:05.380-0400] {logging_mixin.py:188} WARNING - 2024-06-18 17:14:05,380 - cron_descriptor.GetText - DEBUG - /Users/jbshome/Desktop/us_debt_etl_pipeline/debt_env/lib/python3.12/site-packages/cron_descriptor/locale/en_US.mo Loaded
[2024-06-18T17:14:05.400-0400] {logging_mixin.py:188} WARNING - 2024-06-18 17:14:05,399 - airflow.models.dagbag.DagBag - DEBUG - Loaded DAG <DAG: us_debt_by_president_dag>
[2024-06-18T17:14:05.401-0400] {processor.py:840} INFO - DAG(s) 'us_debt_by_president_dag' retrieved from /Users/jbshome/Desktop/us_debt_etl_pipeline/airflow_home/dags/us_debt_by_president_dag.py
[2024-06-18T17:14:05.435-0400] {logging_mixin.py:188} WARNING - 2024-06-18 17:14:05,433 - airflow.models.dagbag.DagBag - DEBUG - Running dagbag.sync_to_db with retries. Try 1 of 3
[2024-06-18T17:14:05.438-0400] {logging_mixin.py:188} WARNING - 2024-06-18 17:14:05,437 - airflow.models.dagbag.DagBag - DEBUG - Calling the DAG.bulk_sync_to_db method
[2024-06-18T17:14:05.455-0400] {logging_mixin.py:188} WARNING - 2024-06-18 17:14:05,453 - airflow.models.serialized_dag - DEBUG - Checking if DAG (us_debt_by_president_dag) changed
[2024-06-18T17:14:06.118-0400] {logging_mixin.py:188} WARNING - 2024-06-18 17:14:06,118 - airflow.models.serialized_dag - DEBUG - Serialized DAG (us_debt_by_president_dag) is unchanged. Skipping writing to DB
[2024-06-18T17:14:06.119-0400] {logging_mixin.py:188} WARNING - 2024-06-18 17:14:06,119 - airflow.models.dag - INFO - Sync 1 DAGs
[2024-06-18T17:14:06.269-0400] {logging_mixin.py:188} WARNING - 2024-06-18 17:14:06,251 - airflow.models.dag - INFO - Setting next_dagrun for us_debt_by_president_dag to 2025-01-01 00:00:00+00:00, run_after=2026-01-01 00:00:00+00:00
[2024-06-18T17:14:06.444-0400] {processor.py:183} INFO - Processing /Users/jbshome/Desktop/us_debt_etl_pipeline/airflow_home/dags/us_debt_by_president_dag.py took 4.492 seconds
[2024-06-18T17:14:06.446-0400] {logging_mixin.py:188} WARNING - 2024-06-18 17:14:06,445 - airflow.settings - DEBUG - Disposing DB connection pool (PID 24045)
[2024-06-18T17:14:06.447-0400] {logging_mixin.py:188} WARNING - 2024-06-18 17:14:06,447 - airflow.settings - DEBUG - Disposing DB connection pool (PID 24045)
[2024-06-18T17:19:41.584-0400] {processor.py:161} INFO - Started process (PID=24405) to work on /Users/jbshome/Desktop/us_debt_etl_pipeline/airflow_home/dags/us_debt_by_president_dag.py
[2024-06-18T17:19:41.585-0400] {processor.py:830} INFO - Processing file /Users/jbshome/Desktop/us_debt_etl_pipeline/airflow_home/dags/us_debt_by_president_dag.py for tasks to queue
[2024-06-18T17:19:41.586-0400] {logging_mixin.py:188} INFO - [2024-06-18T17:19:41.586-0400] {dagbag.py:545} INFO - Filling up the DagBag from /Users/jbshome/Desktop/us_debt_etl_pipeline/airflow_home/dags/us_debt_by_president_dag.py
[2024-06-18T17:19:43.080-0400] {logging_mixin.py:188} WARNING - 2024-06-18 17:19:43,079 - cron_descriptor.GetText - DEBUG - /Users/jbshome/Desktop/us_debt_etl_pipeline/debt_env/lib/python3.12/site-packages/cron_descriptor/locale/en_US.mo Loaded
[2024-06-18T17:19:43.085-0400] {logging_mixin.py:188} WARNING - 2024-06-18 17:19:43,084 - cron_descriptor.GetText - DEBUG - /Users/jbshome/Desktop/us_debt_etl_pipeline/debt_env/lib/python3.12/site-packages/cron_descriptor/locale/en_US.mo Loaded
[2024-06-18T17:19:43.092-0400] {logging_mixin.py:188} WARNING - 2024-06-18 17:19:43,092 - airflow.models.dagbag.DagBag - DEBUG - Loaded DAG <DAG: us_debt_by_president_dag>
[2024-06-18T17:19:43.093-0400] {processor.py:840} INFO - DAG(s) 'us_debt_by_president_dag' retrieved from /Users/jbshome/Desktop/us_debt_etl_pipeline/airflow_home/dags/us_debt_by_president_dag.py
[2024-06-18T17:19:43.109-0400] {logging_mixin.py:188} WARNING - 2024-06-18 17:19:43,109 - airflow.models.dagbag.DagBag - DEBUG - Running dagbag.sync_to_db with retries. Try 1 of 3
[2024-06-18T17:19:43.110-0400] {logging_mixin.py:188} WARNING - 2024-06-18 17:19:43,110 - airflow.models.dagbag.DagBag - DEBUG - Calling the DAG.bulk_sync_to_db method
[2024-06-18T17:19:43.119-0400] {logging_mixin.py:188} WARNING - 2024-06-18 17:19:43,118 - airflow.models.serialized_dag - DEBUG - Checking if DAG (us_debt_by_president_dag) changed
[2024-06-18T17:19:43.338-0400] {logging_mixin.py:188} WARNING - 2024-06-18 17:19:43,338 - airflow.models.serialized_dag - DEBUG - Serialized DAG (us_debt_by_president_dag) is unchanged. Skipping writing to DB
[2024-06-18T17:19:43.339-0400] {logging_mixin.py:188} WARNING - 2024-06-18 17:19:43,339 - airflow.models.dag - INFO - Sync 1 DAGs
[2024-06-18T17:19:43.374-0400] {logging_mixin.py:188} WARNING - 2024-06-18 17:19:43,373 - airflow.models.dag - INFO - Setting next_dagrun for us_debt_by_president_dag to 2025-01-01 00:00:00+00:00, run_after=2026-01-01 00:00:00+00:00
[2024-06-18T17:19:43.414-0400] {processor.py:183} INFO - Processing /Users/jbshome/Desktop/us_debt_etl_pipeline/airflow_home/dags/us_debt_by_president_dag.py took 1.834 seconds
[2024-06-18T17:19:43.414-0400] {logging_mixin.py:188} WARNING - 2024-06-18 17:19:43,414 - airflow.settings - DEBUG - Disposing DB connection pool (PID 24405)
[2024-06-18T17:19:43.415-0400] {logging_mixin.py:188} WARNING - 2024-06-18 17:19:43,415 - airflow.settings - DEBUG - Disposing DB connection pool (PID 24405)
[2024-06-18T17:23:43.127-0400] {processor.py:161} INFO - Started process (PID=24719) to work on /Users/jbshome/Desktop/us_debt_etl_pipeline/airflow_home/dags/us_debt_by_president_dag.py
[2024-06-18T17:23:43.129-0400] {processor.py:830} INFO - Processing file /Users/jbshome/Desktop/us_debt_etl_pipeline/airflow_home/dags/us_debt_by_president_dag.py for tasks to queue
[2024-06-18T17:23:43.131-0400] {logging_mixin.py:188} INFO - [2024-06-18T17:23:43.131-0400] {dagbag.py:545} INFO - Filling up the DagBag from /Users/jbshome/Desktop/us_debt_etl_pipeline/airflow_home/dags/us_debt_by_president_dag.py
[2024-06-18T17:23:44.433-0400] {logging_mixin.py:188} WARNING - 2024-06-18 17:23:44,432 - cron_descriptor.GetText - DEBUG - /Users/jbshome/Desktop/us_debt_etl_pipeline/debt_env/lib/python3.12/site-packages/cron_descriptor/locale/en_US.mo Loaded
[2024-06-18T17:23:44.439-0400] {logging_mixin.py:188} WARNING - 2024-06-18 17:23:44,438 - cron_descriptor.GetText - DEBUG - /Users/jbshome/Desktop/us_debt_etl_pipeline/debt_env/lib/python3.12/site-packages/cron_descriptor/locale/en_US.mo Loaded
[2024-06-18T17:23:44.446-0400] {logging_mixin.py:188} WARNING - 2024-06-18 17:23:44,445 - airflow.models.dagbag.DagBag - DEBUG - Loaded DAG <DAG: us_debt_by_president_dag>
[2024-06-18T17:23:44.446-0400] {processor.py:840} INFO - DAG(s) 'us_debt_by_president_dag' retrieved from /Users/jbshome/Desktop/us_debt_etl_pipeline/airflow_home/dags/us_debt_by_president_dag.py
[2024-06-18T17:23:44.459-0400] {logging_mixin.py:188} WARNING - 2024-06-18 17:23:44,459 - airflow.models.dagbag.DagBag - DEBUG - Running dagbag.sync_to_db with retries. Try 1 of 3
[2024-06-18T17:23:44.460-0400] {logging_mixin.py:188} WARNING - 2024-06-18 17:23:44,460 - airflow.models.dagbag.DagBag - DEBUG - Calling the DAG.bulk_sync_to_db method
[2024-06-18T17:23:44.465-0400] {logging_mixin.py:188} WARNING - 2024-06-18 17:23:44,465 - airflow.models.serialized_dag - DEBUG - Checking if DAG (us_debt_by_president_dag) changed
[2024-06-18T17:23:44.619-0400] {logging_mixin.py:188} WARNING - 2024-06-18 17:23:44,618 - airflow.models.serialized_dag - DEBUG - Serialized DAG (us_debt_by_president_dag) is unchanged. Skipping writing to DB
[2024-06-18T17:23:44.620-0400] {logging_mixin.py:188} WARNING - 2024-06-18 17:23:44,619 - airflow.models.dag - INFO - Sync 1 DAGs
[2024-06-18T17:23:44.656-0400] {logging_mixin.py:188} WARNING - 2024-06-18 17:23:44,655 - airflow.models.dag - INFO - Setting next_dagrun for us_debt_by_president_dag to 2025-01-01 00:00:00+00:00, run_after=2026-01-01 00:00:00+00:00
[2024-06-18T17:23:44.695-0400] {processor.py:183} INFO - Processing /Users/jbshome/Desktop/us_debt_etl_pipeline/airflow_home/dags/us_debt_by_president_dag.py took 1.583 seconds
[2024-06-18T17:23:44.696-0400] {logging_mixin.py:188} WARNING - 2024-06-18 17:23:44,695 - airflow.settings - DEBUG - Disposing DB connection pool (PID 24719)
[2024-06-18T17:23:44.696-0400] {logging_mixin.py:188} WARNING - 2024-06-18 17:23:44,696 - airflow.settings - DEBUG - Disposing DB connection pool (PID 24719)
[2024-06-18T17:28:27.398-0400] {processor.py:161} INFO - Started process (PID=25017) to work on /Users/jbshome/Desktop/us_debt_etl_pipeline/airflow_home/dags/us_debt_by_president_dag.py
[2024-06-18T17:28:27.400-0400] {processor.py:830} INFO - Processing file /Users/jbshome/Desktop/us_debt_etl_pipeline/airflow_home/dags/us_debt_by_president_dag.py for tasks to queue
[2024-06-18T17:28:27.401-0400] {logging_mixin.py:188} INFO - [2024-06-18T17:28:27.401-0400] {dagbag.py:545} INFO - Filling up the DagBag from /Users/jbshome/Desktop/us_debt_etl_pipeline/airflow_home/dags/us_debt_by_president_dag.py
[2024-06-18T17:28:28.607-0400] {logging_mixin.py:188} WARNING - 2024-06-18 17:28:28,606 - cron_descriptor.GetText - DEBUG - /Users/jbshome/Desktop/us_debt_etl_pipeline/debt_env/lib/python3.12/site-packages/cron_descriptor/locale/en_US.mo Loaded
[2024-06-18T17:28:28.612-0400] {logging_mixin.py:188} WARNING - 2024-06-18 17:28:28,611 - cron_descriptor.GetText - DEBUG - /Users/jbshome/Desktop/us_debt_etl_pipeline/debt_env/lib/python3.12/site-packages/cron_descriptor/locale/en_US.mo Loaded
[2024-06-18T17:28:28.620-0400] {logging_mixin.py:188} WARNING - 2024-06-18 17:28:28,619 - airflow.models.dagbag.DagBag - DEBUG - Loaded DAG <DAG: us_debt_by_president_dag>
[2024-06-18T17:28:28.620-0400] {processor.py:840} INFO - DAG(s) 'us_debt_by_president_dag' retrieved from /Users/jbshome/Desktop/us_debt_etl_pipeline/airflow_home/dags/us_debt_by_president_dag.py
[2024-06-18T17:28:28.636-0400] {logging_mixin.py:188} WARNING - 2024-06-18 17:28:28,635 - airflow.models.dagbag.DagBag - DEBUG - Running dagbag.sync_to_db with retries. Try 1 of 3
[2024-06-18T17:28:28.636-0400] {logging_mixin.py:188} WARNING - 2024-06-18 17:28:28,636 - airflow.models.dagbag.DagBag - DEBUG - Calling the DAG.bulk_sync_to_db method
[2024-06-18T17:28:28.646-0400] {logging_mixin.py:188} WARNING - 2024-06-18 17:28:28,645 - airflow.models.serialized_dag - DEBUG - Checking if DAG (us_debt_by_president_dag) changed
[2024-06-18T17:28:28.840-0400] {logging_mixin.py:188} WARNING - 2024-06-18 17:28:28,839 - airflow.models.serialized_dag - DEBUG - Serialized DAG (us_debt_by_president_dag) is unchanged. Skipping writing to DB
[2024-06-18T17:28:28.841-0400] {logging_mixin.py:188} WARNING - 2024-06-18 17:28:28,840 - airflow.models.dag - INFO - Sync 1 DAGs
[2024-06-18T17:28:28.875-0400] {logging_mixin.py:188} WARNING - 2024-06-18 17:28:28,875 - airflow.models.dag - INFO - Setting next_dagrun for us_debt_by_president_dag to 2025-01-01 00:00:00+00:00, run_after=2026-01-01 00:00:00+00:00
[2024-06-18T17:28:28.921-0400] {processor.py:183} INFO - Processing /Users/jbshome/Desktop/us_debt_etl_pipeline/airflow_home/dags/us_debt_by_president_dag.py took 1.527 seconds
[2024-06-18T17:28:28.922-0400] {logging_mixin.py:188} WARNING - 2024-06-18 17:28:28,921 - airflow.settings - DEBUG - Disposing DB connection pool (PID 25017)
[2024-06-18T17:28:28.923-0400] {logging_mixin.py:188} WARNING - 2024-06-18 17:28:28,922 - airflow.settings - DEBUG - Disposing DB connection pool (PID 25017)
[2024-06-18T17:32:49.638-0400] {processor.py:161} INFO - Started process (PID=25337) to work on /Users/jbshome/Desktop/us_debt_etl_pipeline/airflow_home/dags/us_debt_by_president_dag.py
[2024-06-18T17:32:49.641-0400] {processor.py:830} INFO - Processing file /Users/jbshome/Desktop/us_debt_etl_pipeline/airflow_home/dags/us_debt_by_president_dag.py for tasks to queue
[2024-06-18T17:32:49.643-0400] {logging_mixin.py:188} INFO - [2024-06-18T17:32:49.642-0400] {dagbag.py:545} INFO - Filling up the DagBag from /Users/jbshome/Desktop/us_debt_etl_pipeline/airflow_home/dags/us_debt_by_president_dag.py
[2024-06-18T17:32:51.434-0400] {logging_mixin.py:188} WARNING - 2024-06-18 17:32:51,433 - cron_descriptor.GetText - DEBUG - /Users/jbshome/Desktop/us_debt_etl_pipeline/debt_env/lib/python3.12/site-packages/cron_descriptor/locale/en_US.mo Loaded
[2024-06-18T17:32:51.438-0400] {logging_mixin.py:188} WARNING - 2024-06-18 17:32:51,438 - cron_descriptor.GetText - DEBUG - /Users/jbshome/Desktop/us_debt_etl_pipeline/debt_env/lib/python3.12/site-packages/cron_descriptor/locale/en_US.mo Loaded
[2024-06-18T17:32:51.444-0400] {logging_mixin.py:188} WARNING - 2024-06-18 17:32:51,444 - airflow.models.dagbag.DagBag - DEBUG - Loaded DAG <DAG: us_debt_by_president_dag>
[2024-06-18T17:32:51.445-0400] {processor.py:840} INFO - DAG(s) 'us_debt_by_president_dag' retrieved from /Users/jbshome/Desktop/us_debt_etl_pipeline/airflow_home/dags/us_debt_by_president_dag.py
[2024-06-18T17:32:51.453-0400] {logging_mixin.py:188} WARNING - 2024-06-18 17:32:51,453 - airflow.models.dagbag.DagBag - DEBUG - Running dagbag.sync_to_db with retries. Try 1 of 3
[2024-06-18T17:32:51.454-0400] {logging_mixin.py:188} WARNING - 2024-06-18 17:32:51,454 - airflow.models.dagbag.DagBag - DEBUG - Calling the DAG.bulk_sync_to_db method
[2024-06-18T17:32:51.462-0400] {logging_mixin.py:188} WARNING - 2024-06-18 17:32:51,462 - airflow.models.serialized_dag - DEBUG - Checking if DAG (us_debt_by_president_dag) changed
[2024-06-18T17:32:51.620-0400] {logging_mixin.py:188} WARNING - 2024-06-18 17:32:51,620 - airflow.models.serialized_dag - DEBUG - Serialized DAG (us_debt_by_president_dag) is unchanged. Skipping writing to DB
[2024-06-18T17:32:51.621-0400] {logging_mixin.py:188} WARNING - 2024-06-18 17:32:51,620 - airflow.models.dag - INFO - Sync 1 DAGs
[2024-06-18T17:32:51.651-0400] {logging_mixin.py:188} WARNING - 2024-06-18 17:32:51,650 - airflow.models.dag - INFO - Setting next_dagrun for us_debt_by_president_dag to 2025-01-01 00:00:00+00:00, run_after=2026-01-01 00:00:00+00:00
[2024-06-18T17:32:51.684-0400] {processor.py:183} INFO - Processing /Users/jbshome/Desktop/us_debt_etl_pipeline/airflow_home/dags/us_debt_by_president_dag.py took 2.051 seconds
[2024-06-18T17:32:51.684-0400] {logging_mixin.py:188} WARNING - 2024-06-18 17:32:51,684 - airflow.settings - DEBUG - Disposing DB connection pool (PID 25337)
[2024-06-18T17:32:51.685-0400] {logging_mixin.py:188} WARNING - 2024-06-18 17:32:51,685 - airflow.settings - DEBUG - Disposing DB connection pool (PID 25337)
[2024-06-18T17:39:26.030-0400] {processor.py:161} INFO - Started process (PID=26358) to work on /Users/jbshome/Desktop/us_debt_etl_pipeline/airflow_home/dags/us_debt_by_president_dag.py
[2024-06-18T17:39:26.033-0400] {processor.py:830} INFO - Processing file /Users/jbshome/Desktop/us_debt_etl_pipeline/airflow_home/dags/us_debt_by_president_dag.py for tasks to queue
[2024-06-18T17:39:26.034-0400] {logging_mixin.py:188} INFO - [2024-06-18T17:39:26.034-0400] {dagbag.py:545} INFO - Filling up the DagBag from /Users/jbshome/Desktop/us_debt_etl_pipeline/airflow_home/dags/us_debt_by_president_dag.py
[2024-06-18T17:39:28.943-0400] {logging_mixin.py:188} WARNING - 2024-06-18 17:39:28,942 - cron_descriptor.GetText - DEBUG - /Users/jbshome/Desktop/us_debt_etl_pipeline/debt_env/lib/python3.12/site-packages/cron_descriptor/locale/en_US.mo Loaded
[2024-06-18T17:39:28.946-0400] {logging_mixin.py:188} WARNING - 2024-06-18 17:39:28,946 - cron_descriptor.GetText - DEBUG - /Users/jbshome/Desktop/us_debt_etl_pipeline/debt_env/lib/python3.12/site-packages/cron_descriptor/locale/en_US.mo Loaded
[2024-06-18T17:39:28.981-0400] {logging_mixin.py:188} WARNING - 2024-06-18 17:39:28,981 - airflow.models.dagbag.DagBag - DEBUG - Loaded DAG <DAG: us_debt_by_president_dag>
[2024-06-18T17:39:28.982-0400] {processor.py:840} INFO - DAG(s) 'us_debt_by_president_dag' retrieved from /Users/jbshome/Desktop/us_debt_etl_pipeline/airflow_home/dags/us_debt_by_president_dag.py
[2024-06-18T17:39:29.039-0400] {logging_mixin.py:188} WARNING - 2024-06-18 17:39:29,039 - airflow.models.dagbag.DagBag - DEBUG - Running dagbag.sync_to_db with retries. Try 1 of 3
[2024-06-18T17:39:29.040-0400] {logging_mixin.py:188} WARNING - 2024-06-18 17:39:29,040 - airflow.models.dagbag.DagBag - DEBUG - Calling the DAG.bulk_sync_to_db method
[2024-06-18T17:39:29.054-0400] {logging_mixin.py:188} WARNING - 2024-06-18 17:39:29,053 - airflow.models.serialized_dag - DEBUG - Checking if DAG (us_debt_by_president_dag) changed
[2024-06-18T17:39:29.502-0400] {logging_mixin.py:188} WARNING - 2024-06-18 17:39:29,501 - airflow.models.serialized_dag - DEBUG - Serialized DAG (us_debt_by_president_dag) is unchanged. Skipping writing to DB
[2024-06-18T17:39:29.506-0400] {logging_mixin.py:188} WARNING - 2024-06-18 17:39:29,502 - airflow.models.dag - INFO - Sync 1 DAGs
[2024-06-18T17:39:29.583-0400] {logging_mixin.py:188} WARNING - 2024-06-18 17:39:29,583 - airflow.models.dag - INFO - Setting next_dagrun for us_debt_by_president_dag to 2025-01-01 00:00:00+00:00, run_after=2026-01-01 00:00:00+00:00
[2024-06-18T17:39:29.647-0400] {processor.py:183} INFO - Processing /Users/jbshome/Desktop/us_debt_etl_pipeline/airflow_home/dags/us_debt_by_president_dag.py took 3.622 seconds
[2024-06-18T17:39:29.648-0400] {logging_mixin.py:188} WARNING - 2024-06-18 17:39:29,647 - airflow.settings - DEBUG - Disposing DB connection pool (PID 26358)
[2024-06-18T17:39:29.649-0400] {logging_mixin.py:188} WARNING - 2024-06-18 17:39:29,648 - airflow.settings - DEBUG - Disposing DB connection pool (PID 26358)
[2024-06-18T17:46:27.821-0400] {processor.py:161} INFO - Started process (PID=27258) to work on /Users/jbshome/Desktop/us_debt_etl_pipeline/airflow_home/dags/us_debt_by_president_dag.py
[2024-06-18T17:46:27.823-0400] {processor.py:830} INFO - Processing file /Users/jbshome/Desktop/us_debt_etl_pipeline/airflow_home/dags/us_debt_by_president_dag.py for tasks to queue
[2024-06-18T17:46:27.824-0400] {logging_mixin.py:188} INFO - [2024-06-18T17:46:27.824-0400] {dagbag.py:545} INFO - Filling up the DagBag from /Users/jbshome/Desktop/us_debt_etl_pipeline/airflow_home/dags/us_debt_by_president_dag.py
[2024-06-18T17:46:28.819-0400] {logging_mixin.py:188} INFO - [2024-06-18T17:46:28.818-0400] {dagbag.py:355} ERROR - Failed to import: /Users/jbshome/Desktop/us_debt_etl_pipeline/airflow_home/dags/us_debt_by_president_dag.py
Traceback (most recent call last):
  File "/Users/jbshome/Desktop/us_debt_etl_pipeline/debt_env/lib/python3.12/site-packages/airflow/models/dagbag.py", line 351, in parse
    loader.exec_module(new_module)
  File "<frozen importlib._bootstrap_external>", line 995, in exec_module
  File "<frozen importlib._bootstrap>", line 488, in _call_with_frames_removed
  File "/Users/jbshome/Desktop/us_debt_etl_pipeline/airflow_home/dags/us_debt_by_president_dag.py", line 12, in <module>
    from president_data import year_to_president
ModuleNotFoundError: No module named 'president_data'
[2024-06-18T17:46:28.820-0400] {processor.py:842} WARNING - No viable dags retrieved from /Users/jbshome/Desktop/us_debt_etl_pipeline/airflow_home/dags/us_debt_by_president_dag.py
[2024-06-18T17:46:28.940-0400] {processor.py:183} INFO - Processing /Users/jbshome/Desktop/us_debt_etl_pipeline/airflow_home/dags/us_debt_by_president_dag.py took 1.124 seconds
