[2024-06-25 20:05:01,125] {scheduler_job.py:182} INFO - Started process (PID=37) to work on /home/airflow/.local/lib/python3.6/site-packages/airflow/example_dags/example_nested_branch_dag.py
[2024-06-25 20:05:01,189] {scheduler_job.py:629} INFO - Processing file /home/airflow/.local/lib/python3.6/site-packages/airflow/example_dags/example_nested_branch_dag.py for tasks to queue
[2024-06-25 20:05:01,194] {logging_mixin.py:104} INFO - [2024-06-25 20:05:01,194] {dagbag.py:451} INFO - Filling up the DagBag from /home/airflow/.local/lib/python3.6/site-packages/airflow/example_dags/example_nested_branch_dag.py
[2024-06-25 20:05:01,747] {scheduler_job.py:639} INFO - DAG(s) dict_keys(['example_nested_branch_dag']) retrieved from /home/airflow/.local/lib/python3.6/site-packages/airflow/example_dags/example_nested_branch_dag.py
[2024-06-25 20:05:02,381] {logging_mixin.py:104} INFO - [2024-06-25 20:05:02,381] {dag.py:1824} INFO - Sync 1 DAGs
[2024-06-25 20:05:03,333] {logging_mixin.py:104} INFO - [2024-06-25 20:05:03,331] {dag.py:1843} INFO - Creating ORM DAG for example_nested_branch_dag
[2024-06-25 20:05:03,698] {logging_mixin.py:104} INFO - [2024-06-25 20:05:03,697] {dag.py:2280} INFO - Setting next_dagrun for example_nested_branch_dag to 2024-06-23 00:00:00+00:00
[2024-06-25 20:05:05,858] {scheduler_job.py:190} INFO - Processing /home/airflow/.local/lib/python3.6/site-packages/airflow/example_dags/example_nested_branch_dag.py took 4.949 seconds
[2024-06-25 20:05:50,142] {scheduler_job.py:182} INFO - Started process (PID=63) to work on /home/airflow/.local/lib/python3.6/site-packages/airflow/example_dags/example_nested_branch_dag.py
[2024-06-25 20:05:50,148] {scheduler_job.py:629} INFO - Processing file /home/airflow/.local/lib/python3.6/site-packages/airflow/example_dags/example_nested_branch_dag.py for tasks to queue
[2024-06-25 20:05:50,151] {logging_mixin.py:104} INFO - [2024-06-25 20:05:50,151] {dagbag.py:451} INFO - Filling up the DagBag from /home/airflow/.local/lib/python3.6/site-packages/airflow/example_dags/example_nested_branch_dag.py
[2024-06-25 20:05:50,332] {scheduler_job.py:639} INFO - DAG(s) dict_keys(['example_nested_branch_dag']) retrieved from /home/airflow/.local/lib/python3.6/site-packages/airflow/example_dags/example_nested_branch_dag.py
[2024-06-25 20:05:50,608] {logging_mixin.py:104} INFO - [2024-06-25 20:05:50,608] {dag.py:1824} INFO - Sync 1 DAGs
[2024-06-25 20:05:50,734] {logging_mixin.py:104} INFO - [2024-06-25 20:05:50,734] {dag.py:2280} INFO - Setting next_dagrun for example_nested_branch_dag to 2024-06-23 00:00:00+00:00
[2024-06-25 20:05:50,891] {scheduler_job.py:190} INFO - Processing /home/airflow/.local/lib/python3.6/site-packages/airflow/example_dags/example_nested_branch_dag.py took 0.793 seconds
[2024-06-25 20:06:21,925] {scheduler_job.py:182} INFO - Started process (PID=89) to work on /home/airflow/.local/lib/python3.6/site-packages/airflow/example_dags/example_nested_branch_dag.py
[2024-06-25 20:06:21,928] {scheduler_job.py:629} INFO - Processing file /home/airflow/.local/lib/python3.6/site-packages/airflow/example_dags/example_nested_branch_dag.py for tasks to queue
[2024-06-25 20:06:21,931] {logging_mixin.py:104} INFO - [2024-06-25 20:06:21,930] {dagbag.py:451} INFO - Filling up the DagBag from /home/airflow/.local/lib/python3.6/site-packages/airflow/example_dags/example_nested_branch_dag.py
[2024-06-25 20:06:21,977] {scheduler_job.py:639} INFO - DAG(s) dict_keys(['example_nested_branch_dag']) retrieved from /home/airflow/.local/lib/python3.6/site-packages/airflow/example_dags/example_nested_branch_dag.py
[2024-06-25 20:06:22,096] {logging_mixin.py:104} INFO - [2024-06-25 20:06:22,096] {dag.py:1824} INFO - Sync 1 DAGs
[2024-06-25 20:06:22,184] {logging_mixin.py:104} INFO - [2024-06-25 20:06:22,184] {dag.py:2280} INFO - Setting next_dagrun for example_nested_branch_dag to 2024-06-23 00:00:00+00:00
[2024-06-25 20:06:22,234] {scheduler_job.py:190} INFO - Processing /home/airflow/.local/lib/python3.6/site-packages/airflow/example_dags/example_nested_branch_dag.py took 0.335 seconds
[2024-06-25 20:06:53,454] {scheduler_job.py:182} INFO - Started process (PID=116) to work on /home/airflow/.local/lib/python3.6/site-packages/airflow/example_dags/example_nested_branch_dag.py
[2024-06-25 20:06:53,468] {scheduler_job.py:629} INFO - Processing file /home/airflow/.local/lib/python3.6/site-packages/airflow/example_dags/example_nested_branch_dag.py for tasks to queue
[2024-06-25 20:06:53,480] {logging_mixin.py:104} INFO - [2024-06-25 20:06:53,479] {dagbag.py:451} INFO - Filling up the DagBag from /home/airflow/.local/lib/python3.6/site-packages/airflow/example_dags/example_nested_branch_dag.py
[2024-06-25 20:06:53,723] {scheduler_job.py:639} INFO - DAG(s) dict_keys(['example_nested_branch_dag']) retrieved from /home/airflow/.local/lib/python3.6/site-packages/airflow/example_dags/example_nested_branch_dag.py
[2024-06-25 20:06:54,466] {logging_mixin.py:104} INFO - [2024-06-25 20:06:54,466] {dag.py:1824} INFO - Sync 1 DAGs
[2024-06-25 20:06:54,884] {logging_mixin.py:104} INFO - [2024-06-25 20:06:54,883] {dag.py:2280} INFO - Setting next_dagrun for example_nested_branch_dag to 2024-06-23 00:00:00+00:00
[2024-06-25 20:06:55,069] {scheduler_job.py:190} INFO - Processing /home/airflow/.local/lib/python3.6/site-packages/airflow/example_dags/example_nested_branch_dag.py took 1.639 seconds
[2024-06-25 20:07:29,653] {scheduler_job.py:182} INFO - Started process (PID=144) to work on /home/airflow/.local/lib/python3.6/site-packages/airflow/example_dags/example_nested_branch_dag.py
[2024-06-25 20:07:29,705] {scheduler_job.py:629} INFO - Processing file /home/airflow/.local/lib/python3.6/site-packages/airflow/example_dags/example_nested_branch_dag.py for tasks to queue
[2024-06-25 20:07:29,775] {logging_mixin.py:104} INFO - [2024-06-25 20:07:29,773] {dagbag.py:451} INFO - Filling up the DagBag from /home/airflow/.local/lib/python3.6/site-packages/airflow/example_dags/example_nested_branch_dag.py
[2024-06-25 20:07:29,907] {scheduler_job.py:639} INFO - DAG(s) dict_keys(['example_nested_branch_dag']) retrieved from /home/airflow/.local/lib/python3.6/site-packages/airflow/example_dags/example_nested_branch_dag.py
[2024-06-25 20:07:30,132] {logging_mixin.py:104} INFO - [2024-06-25 20:07:30,132] {dag.py:1824} INFO - Sync 1 DAGs
[2024-06-25 20:07:30,352] {logging_mixin.py:104} INFO - [2024-06-25 20:07:30,352] {dag.py:2280} INFO - Setting next_dagrun for example_nested_branch_dag to 2024-06-23 00:00:00+00:00
[2024-06-25 20:07:30,461] {scheduler_job.py:190} INFO - Processing /home/airflow/.local/lib/python3.6/site-packages/airflow/example_dags/example_nested_branch_dag.py took 0.858 seconds
[2024-06-25 20:09:54,973] {scheduler_job.py:182} INFO - Started process (PID=179) to work on /home/airflow/.local/lib/python3.6/site-packages/airflow/example_dags/example_nested_branch_dag.py
[2024-06-25 20:09:54,979] {scheduler_job.py:629} INFO - Processing file /home/airflow/.local/lib/python3.6/site-packages/airflow/example_dags/example_nested_branch_dag.py for tasks to queue
[2024-06-25 20:09:54,988] {logging_mixin.py:104} INFO - [2024-06-25 20:09:54,988] {dagbag.py:451} INFO - Filling up the DagBag from /home/airflow/.local/lib/python3.6/site-packages/airflow/example_dags/example_nested_branch_dag.py
[2024-06-25 20:09:55,609] {scheduler_job.py:639} INFO - DAG(s) dict_keys(['example_nested_branch_dag']) retrieved from /home/airflow/.local/lib/python3.6/site-packages/airflow/example_dags/example_nested_branch_dag.py
[2024-06-25 20:09:56,321] {logging_mixin.py:104} INFO - [2024-06-25 20:09:56,321] {dag.py:1824} INFO - Sync 1 DAGs
[2024-06-25 20:09:56,608] {logging_mixin.py:104} INFO - [2024-06-25 20:09:56,608] {dag.py:2280} INFO - Setting next_dagrun for example_nested_branch_dag to 2024-06-23 00:00:00+00:00
[2024-06-25 20:09:56,726] {scheduler_job.py:190} INFO - Processing /home/airflow/.local/lib/python3.6/site-packages/airflow/example_dags/example_nested_branch_dag.py took 1.759 seconds
[2024-06-25 20:12:29,880] {scheduler_job.py:182} INFO - Started process (PID=205) to work on /home/airflow/.local/lib/python3.6/site-packages/airflow/example_dags/example_nested_branch_dag.py
[2024-06-25 20:12:29,890] {scheduler_job.py:629} INFO - Processing file /home/airflow/.local/lib/python3.6/site-packages/airflow/example_dags/example_nested_branch_dag.py for tasks to queue
[2024-06-25 20:12:29,894] {logging_mixin.py:104} INFO - [2024-06-25 20:12:29,893] {dagbag.py:451} INFO - Filling up the DagBag from /home/airflow/.local/lib/python3.6/site-packages/airflow/example_dags/example_nested_branch_dag.py
[2024-06-25 20:12:30,069] {scheduler_job.py:639} INFO - DAG(s) dict_keys(['example_nested_branch_dag']) retrieved from /home/airflow/.local/lib/python3.6/site-packages/airflow/example_dags/example_nested_branch_dag.py
[2024-06-25 20:12:30,172] {logging_mixin.py:104} INFO - [2024-06-25 20:12:30,172] {dag.py:1824} INFO - Sync 1 DAGs
[2024-06-25 20:12:30,241] {logging_mixin.py:104} INFO - [2024-06-25 20:12:30,241] {dag.py:2280} INFO - Setting next_dagrun for example_nested_branch_dag to 2024-06-23 00:00:00+00:00
[2024-06-25 20:12:30,277] {scheduler_job.py:190} INFO - Processing /home/airflow/.local/lib/python3.6/site-packages/airflow/example_dags/example_nested_branch_dag.py took 0.414 seconds
[2024-06-25 20:14:48,296] {scheduler_job.py:182} INFO - Started process (PID=231) to work on /home/airflow/.local/lib/python3.6/site-packages/airflow/example_dags/example_nested_branch_dag.py
[2024-06-25 20:14:48,306] {scheduler_job.py:629} INFO - Processing file /home/airflow/.local/lib/python3.6/site-packages/airflow/example_dags/example_nested_branch_dag.py for tasks to queue
[2024-06-25 20:14:48,308] {logging_mixin.py:104} INFO - [2024-06-25 20:14:48,308] {dagbag.py:451} INFO - Filling up the DagBag from /home/airflow/.local/lib/python3.6/site-packages/airflow/example_dags/example_nested_branch_dag.py
[2024-06-25 20:14:48,418] {scheduler_job.py:639} INFO - DAG(s) dict_keys(['example_nested_branch_dag']) retrieved from /home/airflow/.local/lib/python3.6/site-packages/airflow/example_dags/example_nested_branch_dag.py
[2024-06-25 20:14:48,738] {logging_mixin.py:104} INFO - [2024-06-25 20:14:48,738] {dag.py:1824} INFO - Sync 1 DAGs
[2024-06-25 20:14:49,275] {logging_mixin.py:104} INFO - [2024-06-25 20:14:49,275] {dag.py:2280} INFO - Setting next_dagrun for example_nested_branch_dag to 2024-06-23 00:00:00+00:00
[2024-06-25 20:14:49,424] {scheduler_job.py:190} INFO - Processing /home/airflow/.local/lib/python3.6/site-packages/airflow/example_dags/example_nested_branch_dag.py took 1.138 seconds
[2024-06-25 20:17:24,526] {scheduler_job.py:182} INFO - Started process (PID=42) to work on /home/airflow/.local/lib/python3.6/site-packages/airflow/example_dags/example_nested_branch_dag.py
[2024-06-25 20:17:24,533] {scheduler_job.py:629} INFO - Processing file /home/airflow/.local/lib/python3.6/site-packages/airflow/example_dags/example_nested_branch_dag.py for tasks to queue
[2024-06-25 20:17:24,543] {logging_mixin.py:104} INFO - [2024-06-25 20:17:24,543] {dagbag.py:451} INFO - Filling up the DagBag from /home/airflow/.local/lib/python3.6/site-packages/airflow/example_dags/example_nested_branch_dag.py
[2024-06-25 20:17:24,661] {scheduler_job.py:639} INFO - DAG(s) dict_keys(['example_nested_branch_dag']) retrieved from /home/airflow/.local/lib/python3.6/site-packages/airflow/example_dags/example_nested_branch_dag.py
[2024-06-25 20:17:24,731] {logging_mixin.py:104} INFO - [2024-06-25 20:17:24,731] {dag.py:1824} INFO - Sync 1 DAGs
[2024-06-25 20:17:24,856] {logging_mixin.py:104} INFO - [2024-06-25 20:17:24,856] {dag.py:2280} INFO - Setting next_dagrun for example_nested_branch_dag to 2024-06-23 00:00:00+00:00
[2024-06-25 20:17:24,908] {scheduler_job.py:190} INFO - Processing /home/airflow/.local/lib/python3.6/site-packages/airflow/example_dags/example_nested_branch_dag.py took 0.436 seconds
[2024-06-25 20:17:56,858] {scheduler_job.py:182} INFO - Started process (PID=65) to work on /home/airflow/.local/lib/python3.6/site-packages/airflow/example_dags/example_nested_branch_dag.py
[2024-06-25 20:17:56,861] {scheduler_job.py:629} INFO - Processing file /home/airflow/.local/lib/python3.6/site-packages/airflow/example_dags/example_nested_branch_dag.py for tasks to queue
[2024-06-25 20:17:56,863] {logging_mixin.py:104} INFO - [2024-06-25 20:17:56,863] {dagbag.py:451} INFO - Filling up the DagBag from /home/airflow/.local/lib/python3.6/site-packages/airflow/example_dags/example_nested_branch_dag.py
[2024-06-25 20:17:56,913] {scheduler_job.py:639} INFO - DAG(s) dict_keys(['example_nested_branch_dag']) retrieved from /home/airflow/.local/lib/python3.6/site-packages/airflow/example_dags/example_nested_branch_dag.py
[2024-06-25 20:17:57,048] {logging_mixin.py:104} INFO - [2024-06-25 20:17:57,048] {dag.py:1824} INFO - Sync 1 DAGs
[2024-06-25 20:17:57,171] {logging_mixin.py:104} INFO - [2024-06-25 20:17:57,171] {dag.py:2280} INFO - Setting next_dagrun for example_nested_branch_dag to 2024-06-23 00:00:00+00:00
[2024-06-25 20:17:57,210] {scheduler_job.py:190} INFO - Processing /home/airflow/.local/lib/python3.6/site-packages/airflow/example_dags/example_nested_branch_dag.py took 0.361 seconds
