[2024-06-25 20:05:11,534] {scheduler_job.py:182} INFO - Started process (PID=41) to work on /home/airflow/.local/lib/python3.6/site-packages/airflow/example_dags/example_trigger_controller_dag.py
[2024-06-25 20:05:11,772] {scheduler_job.py:629} INFO - Processing file /home/airflow/.local/lib/python3.6/site-packages/airflow/example_dags/example_trigger_controller_dag.py for tasks to queue
[2024-06-25 20:05:12,147] {logging_mixin.py:104} INFO - [2024-06-25 20:05:12,146] {dagbag.py:451} INFO - Filling up the DagBag from /home/airflow/.local/lib/python3.6/site-packages/airflow/example_dags/example_trigger_controller_dag.py
[2024-06-25 20:05:13,100] {scheduler_job.py:639} INFO - DAG(s) dict_keys(['example_trigger_controller_dag']) retrieved from /home/airflow/.local/lib/python3.6/site-packages/airflow/example_dags/example_trigger_controller_dag.py
[2024-06-25 20:05:15,175] {logging_mixin.py:104} INFO - [2024-06-25 20:05:15,175] {dag.py:1824} INFO - Sync 1 DAGs
[2024-06-25 20:05:15,315] {logging_mixin.py:104} INFO - [2024-06-25 20:05:15,315] {dag.py:1843} INFO - Creating ORM DAG for example_trigger_controller_dag
[2024-06-25 20:05:15,560] {logging_mixin.py:104} INFO - [2024-06-25 20:05:15,559] {dag.py:2280} INFO - Setting next_dagrun for example_trigger_controller_dag to 2024-06-23 00:00:00+00:00
[2024-06-25 20:05:16,480] {scheduler_job.py:190} INFO - Processing /home/airflow/.local/lib/python3.6/site-packages/airflow/example_dags/example_trigger_controller_dag.py took 5.255 seconds
[2024-06-25 20:05:52,288] {scheduler_job.py:182} INFO - Started process (PID=66) to work on /home/airflow/.local/lib/python3.6/site-packages/airflow/example_dags/example_trigger_controller_dag.py
[2024-06-25 20:05:52,301] {scheduler_job.py:629} INFO - Processing file /home/airflow/.local/lib/python3.6/site-packages/airflow/example_dags/example_trigger_controller_dag.py for tasks to queue
[2024-06-25 20:05:52,324] {logging_mixin.py:104} INFO - [2024-06-25 20:05:52,324] {dagbag.py:451} INFO - Filling up the DagBag from /home/airflow/.local/lib/python3.6/site-packages/airflow/example_dags/example_trigger_controller_dag.py
[2024-06-25 20:05:52,435] {scheduler_job.py:639} INFO - DAG(s) dict_keys(['example_trigger_controller_dag']) retrieved from /home/airflow/.local/lib/python3.6/site-packages/airflow/example_dags/example_trigger_controller_dag.py
[2024-06-25 20:05:52,801] {logging_mixin.py:104} INFO - [2024-06-25 20:05:52,801] {dag.py:1824} INFO - Sync 1 DAGs
[2024-06-25 20:05:52,919] {logging_mixin.py:104} INFO - [2024-06-25 20:05:52,916] {dag.py:2280} INFO - Setting next_dagrun for example_trigger_controller_dag to 2024-06-23 00:00:00+00:00
[2024-06-25 20:05:52,968] {scheduler_job.py:190} INFO - Processing /home/airflow/.local/lib/python3.6/site-packages/airflow/example_dags/example_trigger_controller_dag.py took 0.755 seconds
[2024-06-25 20:06:23,282] {scheduler_job.py:182} INFO - Started process (PID=92) to work on /home/airflow/.local/lib/python3.6/site-packages/airflow/example_dags/example_trigger_controller_dag.py
[2024-06-25 20:06:23,284] {scheduler_job.py:629} INFO - Processing file /home/airflow/.local/lib/python3.6/site-packages/airflow/example_dags/example_trigger_controller_dag.py for tasks to queue
[2024-06-25 20:06:23,286] {logging_mixin.py:104} INFO - [2024-06-25 20:06:23,286] {dagbag.py:451} INFO - Filling up the DagBag from /home/airflow/.local/lib/python3.6/site-packages/airflow/example_dags/example_trigger_controller_dag.py
[2024-06-25 20:06:23,311] {scheduler_job.py:639} INFO - DAG(s) dict_keys(['example_trigger_controller_dag']) retrieved from /home/airflow/.local/lib/python3.6/site-packages/airflow/example_dags/example_trigger_controller_dag.py
[2024-06-25 20:06:23,366] {logging_mixin.py:104} INFO - [2024-06-25 20:06:23,366] {dag.py:1824} INFO - Sync 1 DAGs
[2024-06-25 20:06:23,431] {logging_mixin.py:104} INFO - [2024-06-25 20:06:23,430] {dag.py:2280} INFO - Setting next_dagrun for example_trigger_controller_dag to 2024-06-23 00:00:00+00:00
[2024-06-25 20:06:23,474] {scheduler_job.py:190} INFO - Processing /home/airflow/.local/lib/python3.6/site-packages/airflow/example_dags/example_trigger_controller_dag.py took 0.198 seconds
[2024-06-25 20:06:55,188] {scheduler_job.py:182} INFO - Started process (PID=118) to work on /home/airflow/.local/lib/python3.6/site-packages/airflow/example_dags/example_trigger_controller_dag.py
[2024-06-25 20:06:55,191] {scheduler_job.py:629} INFO - Processing file /home/airflow/.local/lib/python3.6/site-packages/airflow/example_dags/example_trigger_controller_dag.py for tasks to queue
[2024-06-25 20:06:55,197] {logging_mixin.py:104} INFO - [2024-06-25 20:06:55,197] {dagbag.py:451} INFO - Filling up the DagBag from /home/airflow/.local/lib/python3.6/site-packages/airflow/example_dags/example_trigger_controller_dag.py
[2024-06-25 20:06:55,230] {scheduler_job.py:639} INFO - DAG(s) dict_keys(['example_trigger_controller_dag']) retrieved from /home/airflow/.local/lib/python3.6/site-packages/airflow/example_dags/example_trigger_controller_dag.py
[2024-06-25 20:06:55,356] {logging_mixin.py:104} INFO - [2024-06-25 20:06:55,355] {dag.py:1824} INFO - Sync 1 DAGs
[2024-06-25 20:06:55,529] {logging_mixin.py:104} INFO - [2024-06-25 20:06:55,529] {dag.py:2280} INFO - Setting next_dagrun for example_trigger_controller_dag to 2024-06-23 00:00:00+00:00
[2024-06-25 20:06:55,616] {scheduler_job.py:190} INFO - Processing /home/airflow/.local/lib/python3.6/site-packages/airflow/example_dags/example_trigger_controller_dag.py took 0.445 seconds
[2024-06-25 20:07:30,631] {scheduler_job.py:182} INFO - Started process (PID=145) to work on /home/airflow/.local/lib/python3.6/site-packages/airflow/example_dags/example_trigger_controller_dag.py
[2024-06-25 20:07:30,684] {scheduler_job.py:629} INFO - Processing file /home/airflow/.local/lib/python3.6/site-packages/airflow/example_dags/example_trigger_controller_dag.py for tasks to queue
[2024-06-25 20:07:30,716] {logging_mixin.py:104} INFO - [2024-06-25 20:07:30,716] {dagbag.py:451} INFO - Filling up the DagBag from /home/airflow/.local/lib/python3.6/site-packages/airflow/example_dags/example_trigger_controller_dag.py
[2024-06-25 20:07:30,844] {scheduler_job.py:639} INFO - DAG(s) dict_keys(['example_trigger_controller_dag']) retrieved from /home/airflow/.local/lib/python3.6/site-packages/airflow/example_dags/example_trigger_controller_dag.py
[2024-06-25 20:07:31,119] {logging_mixin.py:104} INFO - [2024-06-25 20:07:31,070] {dag.py:1824} INFO - Sync 1 DAGs
[2024-06-25 20:07:31,195] {logging_mixin.py:104} INFO - [2024-06-25 20:07:31,195] {dag.py:2280} INFO - Setting next_dagrun for example_trigger_controller_dag to 2024-06-23 00:00:00+00:00
[2024-06-25 20:07:31,224] {scheduler_job.py:190} INFO - Processing /home/airflow/.local/lib/python3.6/site-packages/airflow/example_dags/example_trigger_controller_dag.py took 0.688 seconds
[2024-06-25 20:08:21,884] {scheduler_job.py:182} INFO - Started process (PID=167) to work on /home/airflow/.local/lib/python3.6/site-packages/airflow/example_dags/example_trigger_controller_dag.py
[2024-06-25 20:08:21,933] {scheduler_job.py:629} INFO - Processing file /home/airflow/.local/lib/python3.6/site-packages/airflow/example_dags/example_trigger_controller_dag.py for tasks to queue
[2024-06-25 20:08:21,961] {logging_mixin.py:104} INFO - [2024-06-25 20:08:21,952] {dagbag.py:451} INFO - Filling up the DagBag from /home/airflow/.local/lib/python3.6/site-packages/airflow/example_dags/example_trigger_controller_dag.py
[2024-06-25 20:08:22,874] {scheduler_job.py:639} INFO - DAG(s) dict_keys(['example_trigger_controller_dag']) retrieved from /home/airflow/.local/lib/python3.6/site-packages/airflow/example_dags/example_trigger_controller_dag.py
[2024-06-25 20:09:58,007] {scheduler_job.py:182} INFO - Started process (PID=183) to work on /home/airflow/.local/lib/python3.6/site-packages/airflow/example_dags/example_trigger_controller_dag.py
[2024-06-25 20:09:58,019] {scheduler_job.py:629} INFO - Processing file /home/airflow/.local/lib/python3.6/site-packages/airflow/example_dags/example_trigger_controller_dag.py for tasks to queue
[2024-06-25 20:09:58,035] {logging_mixin.py:104} INFO - [2024-06-25 20:09:58,035] {dagbag.py:451} INFO - Filling up the DagBag from /home/airflow/.local/lib/python3.6/site-packages/airflow/example_dags/example_trigger_controller_dag.py
[2024-06-25 20:09:58,188] {scheduler_job.py:639} INFO - DAG(s) dict_keys(['example_trigger_controller_dag']) retrieved from /home/airflow/.local/lib/python3.6/site-packages/airflow/example_dags/example_trigger_controller_dag.py
[2024-06-25 20:09:58,550] {logging_mixin.py:104} INFO - [2024-06-25 20:09:58,550] {dag.py:1824} INFO - Sync 1 DAGs
[2024-06-25 20:09:58,673] {logging_mixin.py:104} INFO - [2024-06-25 20:09:58,673] {dag.py:2280} INFO - Setting next_dagrun for example_trigger_controller_dag to 2024-06-23 00:00:00+00:00
[2024-06-25 20:09:58,808] {scheduler_job.py:190} INFO - Processing /home/airflow/.local/lib/python3.6/site-packages/airflow/example_dags/example_trigger_controller_dag.py took 0.848 seconds
[2024-06-25 20:12:30,786] {scheduler_job.py:182} INFO - Started process (PID=209) to work on /home/airflow/.local/lib/python3.6/site-packages/airflow/example_dags/example_trigger_controller_dag.py
[2024-06-25 20:12:30,800] {scheduler_job.py:629} INFO - Processing file /home/airflow/.local/lib/python3.6/site-packages/airflow/example_dags/example_trigger_controller_dag.py for tasks to queue
[2024-06-25 20:12:30,805] {logging_mixin.py:104} INFO - [2024-06-25 20:12:30,805] {dagbag.py:451} INFO - Filling up the DagBag from /home/airflow/.local/lib/python3.6/site-packages/airflow/example_dags/example_trigger_controller_dag.py
[2024-06-25 20:12:30,874] {scheduler_job.py:639} INFO - DAG(s) dict_keys(['example_trigger_controller_dag']) retrieved from /home/airflow/.local/lib/python3.6/site-packages/airflow/example_dags/example_trigger_controller_dag.py
[2024-06-25 20:12:30,937] {logging_mixin.py:104} INFO - [2024-06-25 20:12:30,936] {dag.py:1824} INFO - Sync 1 DAGs
[2024-06-25 20:12:30,987] {logging_mixin.py:104} INFO - [2024-06-25 20:12:30,987] {dag.py:2280} INFO - Setting next_dagrun for example_trigger_controller_dag to 2024-06-23 00:00:00+00:00
[2024-06-25 20:12:31,023] {scheduler_job.py:190} INFO - Processing /home/airflow/.local/lib/python3.6/site-packages/airflow/example_dags/example_trigger_controller_dag.py took 0.260 seconds
[2024-06-25 20:14:55,082] {scheduler_job.py:182} INFO - Started process (PID=235) to work on /home/airflow/.local/lib/python3.6/site-packages/airflow/example_dags/example_trigger_controller_dag.py
[2024-06-25 20:14:55,090] {scheduler_job.py:629} INFO - Processing file /home/airflow/.local/lib/python3.6/site-packages/airflow/example_dags/example_trigger_controller_dag.py for tasks to queue
[2024-06-25 20:14:55,115] {logging_mixin.py:104} INFO - [2024-06-25 20:14:55,115] {dagbag.py:451} INFO - Filling up the DagBag from /home/airflow/.local/lib/python3.6/site-packages/airflow/example_dags/example_trigger_controller_dag.py
[2024-06-25 20:14:55,351] {scheduler_job.py:639} INFO - DAG(s) dict_keys(['example_trigger_controller_dag']) retrieved from /home/airflow/.local/lib/python3.6/site-packages/airflow/example_dags/example_trigger_controller_dag.py
[2024-06-25 20:15:00,395] {logging_mixin.py:104} INFO - [2024-06-25 20:15:00,395] {process_utils.py:206} INFO - Waiting up to 5 seconds for processes to exit...
[2024-06-25 20:17:27,649] {scheduler_job.py:182} INFO - Started process (PID=50) to work on /home/airflow/.local/lib/python3.6/site-packages/airflow/example_dags/example_trigger_controller_dag.py
[2024-06-25 20:17:27,667] {scheduler_job.py:629} INFO - Processing file /home/airflow/.local/lib/python3.6/site-packages/airflow/example_dags/example_trigger_controller_dag.py for tasks to queue
[2024-06-25 20:17:27,669] {logging_mixin.py:104} INFO - [2024-06-25 20:17:27,669] {dagbag.py:451} INFO - Filling up the DagBag from /home/airflow/.local/lib/python3.6/site-packages/airflow/example_dags/example_trigger_controller_dag.py
[2024-06-25 20:17:27,882] {scheduler_job.py:639} INFO - DAG(s) dict_keys(['example_trigger_controller_dag']) retrieved from /home/airflow/.local/lib/python3.6/site-packages/airflow/example_dags/example_trigger_controller_dag.py
[2024-06-25 20:17:28,257] {logging_mixin.py:104} INFO - [2024-06-25 20:17:28,256] {dag.py:1824} INFO - Sync 1 DAGs
[2024-06-25 20:17:28,377] {logging_mixin.py:104} INFO - [2024-06-25 20:17:28,376] {dag.py:2280} INFO - Setting next_dagrun for example_trigger_controller_dag to 2024-06-23 00:00:00+00:00
[2024-06-25 20:17:28,467] {scheduler_job.py:190} INFO - Processing /home/airflow/.local/lib/python3.6/site-packages/airflow/example_dags/example_trigger_controller_dag.py took 0.856 seconds
[2024-06-25 20:17:58,564] {scheduler_job.py:182} INFO - Started process (PID=76) to work on /home/airflow/.local/lib/python3.6/site-packages/airflow/example_dags/example_trigger_controller_dag.py
[2024-06-25 20:17:58,567] {scheduler_job.py:629} INFO - Processing file /home/airflow/.local/lib/python3.6/site-packages/airflow/example_dags/example_trigger_controller_dag.py for tasks to queue
[2024-06-25 20:17:58,570] {logging_mixin.py:104} INFO - [2024-06-25 20:17:58,569] {dagbag.py:451} INFO - Filling up the DagBag from /home/airflow/.local/lib/python3.6/site-packages/airflow/example_dags/example_trigger_controller_dag.py
[2024-06-25 20:17:58,599] {scheduler_job.py:639} INFO - DAG(s) dict_keys(['example_trigger_controller_dag']) retrieved from /home/airflow/.local/lib/python3.6/site-packages/airflow/example_dags/example_trigger_controller_dag.py
[2024-06-25 20:17:58,727] {logging_mixin.py:104} INFO - [2024-06-25 20:17:58,726] {dag.py:1824} INFO - Sync 1 DAGs
[2024-06-25 20:17:58,835] {logging_mixin.py:104} INFO - [2024-06-25 20:17:58,834] {dag.py:2280} INFO - Setting next_dagrun for example_trigger_controller_dag to 2024-06-23 00:00:00+00:00
[2024-06-25 20:17:58,869] {scheduler_job.py:190} INFO - Processing /home/airflow/.local/lib/python3.6/site-packages/airflow/example_dags/example_trigger_controller_dag.py took 0.312 seconds
[2024-06-25 23:10:47,784] {scheduler_job.py:182} INFO - Started process (PID=36) to work on /home/airflow/.local/lib/python3.6/site-packages/airflow/example_dags/example_trigger_controller_dag.py
[2024-06-25 23:10:47,895] {scheduler_job.py:629} INFO - Processing file /home/airflow/.local/lib/python3.6/site-packages/airflow/example_dags/example_trigger_controller_dag.py for tasks to queue
[2024-06-25 23:10:47,914] {logging_mixin.py:104} INFO - [2024-06-25 23:10:47,913] {dagbag.py:451} INFO - Filling up the DagBag from /home/airflow/.local/lib/python3.6/site-packages/airflow/example_dags/example_trigger_controller_dag.py
[2024-06-25 23:10:48,307] {scheduler_job.py:639} INFO - DAG(s) dict_keys(['example_trigger_controller_dag']) retrieved from /home/airflow/.local/lib/python3.6/site-packages/airflow/example_dags/example_trigger_controller_dag.py
[2024-06-25 23:10:48,918] {logging_mixin.py:104} INFO - [2024-06-25 23:10:48,918] {dag.py:1824} INFO - Sync 1 DAGs
[2024-06-25 23:10:49,271] {logging_mixin.py:104} INFO - [2024-06-25 23:10:49,271] {dag.py:2280} INFO - Setting next_dagrun for example_trigger_controller_dag to 2024-06-23 00:00:00+00:00
[2024-06-25 23:10:49,488] {scheduler_job.py:190} INFO - Processing /home/airflow/.local/lib/python3.6/site-packages/airflow/example_dags/example_trigger_controller_dag.py took 1.774 seconds
