[2024-06-25 20:05:24,323] {scheduler_job.py:182} INFO - Started process (PID=46) to work on /home/airflow/.local/lib/python3.6/site-packages/airflow/example_dags/example_xcomargs.py
[2024-06-25 20:05:24,360] {scheduler_job.py:629} INFO - Processing file /home/airflow/.local/lib/python3.6/site-packages/airflow/example_dags/example_xcomargs.py for tasks to queue
[2024-06-25 20:05:24,400] {logging_mixin.py:104} INFO - [2024-06-25 20:05:24,399] {dagbag.py:451} INFO - Filling up the DagBag from /home/airflow/.local/lib/python3.6/site-packages/airflow/example_dags/example_xcomargs.py
[2024-06-25 20:05:25,407] {scheduler_job.py:639} INFO - DAG(s) dict_keys(['example_xcom_args', 'example_xcom_args_with_operators']) retrieved from /home/airflow/.local/lib/python3.6/site-packages/airflow/example_dags/example_xcomargs.py
[2024-06-25 20:05:28,714] {logging_mixin.py:104} INFO - [2024-06-25 20:05:28,714] {dag.py:1824} INFO - Sync 2 DAGs
[2024-06-25 20:05:28,844] {logging_mixin.py:104} INFO - [2024-06-25 20:05:28,844] {dag.py:1843} INFO - Creating ORM DAG for example_xcom_args
[2024-06-25 20:05:28,853] {logging_mixin.py:104} INFO - [2024-06-25 20:05:28,852] {dag.py:1843} INFO - Creating ORM DAG for example_xcom_args_with_operators
[2024-06-25 20:05:28,893] {logging_mixin.py:104} INFO - [2024-06-25 20:05:28,893] {dag.py:2280} INFO - Setting next_dagrun for example_xcom_args to None
[2024-06-25 20:05:28,902] {logging_mixin.py:104} INFO - [2024-06-25 20:05:28,895] {dag.py:2280} INFO - Setting next_dagrun for example_xcom_args_with_operators to None
[2024-06-25 20:05:29,193] {scheduler_job.py:190} INFO - Processing /home/airflow/.local/lib/python3.6/site-packages/airflow/example_dags/example_xcomargs.py took 4.950 seconds
[2024-06-25 20:06:00,662] {scheduler_job.py:182} INFO - Started process (PID=71) to work on /home/airflow/.local/lib/python3.6/site-packages/airflow/example_dags/example_xcomargs.py
[2024-06-25 20:06:00,669] {scheduler_job.py:629} INFO - Processing file /home/airflow/.local/lib/python3.6/site-packages/airflow/example_dags/example_xcomargs.py for tasks to queue
[2024-06-25 20:06:00,672] {logging_mixin.py:104} INFO - [2024-06-25 20:06:00,671] {dagbag.py:451} INFO - Filling up the DagBag from /home/airflow/.local/lib/python3.6/site-packages/airflow/example_dags/example_xcomargs.py
[2024-06-25 20:06:00,714] {scheduler_job.py:639} INFO - DAG(s) dict_keys(['example_xcom_args', 'example_xcom_args_with_operators']) retrieved from /home/airflow/.local/lib/python3.6/site-packages/airflow/example_dags/example_xcomargs.py
[2024-06-25 20:06:00,996] {logging_mixin.py:104} INFO - [2024-06-25 20:06:00,996] {dag.py:1824} INFO - Sync 2 DAGs
[2024-06-25 20:06:01,143] {logging_mixin.py:104} INFO - [2024-06-25 20:06:01,142] {dag.py:2280} INFO - Setting next_dagrun for example_xcom_args to None
[2024-06-25 20:06:01,164] {logging_mixin.py:104} INFO - [2024-06-25 20:06:01,162] {dag.py:2280} INFO - Setting next_dagrun for example_xcom_args_with_operators to None
[2024-06-25 20:06:01,259] {scheduler_job.py:190} INFO - Processing /home/airflow/.local/lib/python3.6/site-packages/airflow/example_dags/example_xcomargs.py took 0.614 seconds
[2024-06-25 20:06:31,340] {scheduler_job.py:182} INFO - Started process (PID=98) to work on /home/airflow/.local/lib/python3.6/site-packages/airflow/example_dags/example_xcomargs.py
[2024-06-25 20:06:31,342] {scheduler_job.py:629} INFO - Processing file /home/airflow/.local/lib/python3.6/site-packages/airflow/example_dags/example_xcomargs.py for tasks to queue
[2024-06-25 20:06:31,345] {logging_mixin.py:104} INFO - [2024-06-25 20:06:31,344] {dagbag.py:451} INFO - Filling up the DagBag from /home/airflow/.local/lib/python3.6/site-packages/airflow/example_dags/example_xcomargs.py
[2024-06-25 20:06:31,469] {scheduler_job.py:639} INFO - DAG(s) dict_keys(['example_xcom_args', 'example_xcom_args_with_operators']) retrieved from /home/airflow/.local/lib/python3.6/site-packages/airflow/example_dags/example_xcomargs.py
[2024-06-25 20:06:31,765] {logging_mixin.py:104} INFO - [2024-06-25 20:06:31,765] {dag.py:1824} INFO - Sync 2 DAGs
[2024-06-25 20:06:31,849] {logging_mixin.py:104} INFO - [2024-06-25 20:06:31,848] {dag.py:2280} INFO - Setting next_dagrun for example_xcom_args to None
[2024-06-25 20:06:31,858] {logging_mixin.py:104} INFO - [2024-06-25 20:06:31,858] {dag.py:2280} INFO - Setting next_dagrun for example_xcom_args_with_operators to None
[2024-06-25 20:06:31,907] {scheduler_job.py:190} INFO - Processing /home/airflow/.local/lib/python3.6/site-packages/airflow/example_dags/example_xcomargs.py took 0.574 seconds
[2024-06-25 20:07:02,076] {scheduler_job.py:182} INFO - Started process (PID=123) to work on /home/airflow/.local/lib/python3.6/site-packages/airflow/example_dags/example_xcomargs.py
[2024-06-25 20:07:02,083] {scheduler_job.py:629} INFO - Processing file /home/airflow/.local/lib/python3.6/site-packages/airflow/example_dags/example_xcomargs.py for tasks to queue
[2024-06-25 20:07:02,089] {logging_mixin.py:104} INFO - [2024-06-25 20:07:02,088] {dagbag.py:451} INFO - Filling up the DagBag from /home/airflow/.local/lib/python3.6/site-packages/airflow/example_dags/example_xcomargs.py
[2024-06-25 20:07:02,136] {scheduler_job.py:639} INFO - DAG(s) dict_keys(['example_xcom_args', 'example_xcom_args_with_operators']) retrieved from /home/airflow/.local/lib/python3.6/site-packages/airflow/example_dags/example_xcomargs.py
[2024-06-25 20:07:02,324] {logging_mixin.py:104} INFO - [2024-06-25 20:07:02,324] {dag.py:1824} INFO - Sync 2 DAGs
[2024-06-25 20:07:02,361] {logging_mixin.py:104} INFO - [2024-06-25 20:07:02,361] {dag.py:2280} INFO - Setting next_dagrun for example_xcom_args to None
[2024-06-25 20:07:02,363] {logging_mixin.py:104} INFO - [2024-06-25 20:07:02,363] {dag.py:2280} INFO - Setting next_dagrun for example_xcom_args_with_operators to None
[2024-06-25 20:07:02,395] {scheduler_job.py:190} INFO - Processing /home/airflow/.local/lib/python3.6/site-packages/airflow/example_dags/example_xcomargs.py took 0.327 seconds
[2024-06-25 20:07:32,705] {scheduler_job.py:182} INFO - Started process (PID=149) to work on /home/airflow/.local/lib/python3.6/site-packages/airflow/example_dags/example_xcomargs.py
[2024-06-25 20:07:32,713] {scheduler_job.py:629} INFO - Processing file /home/airflow/.local/lib/python3.6/site-packages/airflow/example_dags/example_xcomargs.py for tasks to queue
[2024-06-25 20:07:32,717] {logging_mixin.py:104} INFO - [2024-06-25 20:07:32,717] {dagbag.py:451} INFO - Filling up the DagBag from /home/airflow/.local/lib/python3.6/site-packages/airflow/example_dags/example_xcomargs.py
[2024-06-25 20:07:32,791] {scheduler_job.py:639} INFO - DAG(s) dict_keys(['example_xcom_args', 'example_xcom_args_with_operators']) retrieved from /home/airflow/.local/lib/python3.6/site-packages/airflow/example_dags/example_xcomargs.py
[2024-06-25 20:07:33,102] {logging_mixin.py:104} INFO - [2024-06-25 20:07:33,102] {dag.py:1824} INFO - Sync 2 DAGs
[2024-06-25 20:07:33,167] {logging_mixin.py:104} INFO - [2024-06-25 20:07:33,167] {dag.py:2280} INFO - Setting next_dagrun for example_xcom_args to None
[2024-06-25 20:07:33,172] {logging_mixin.py:104} INFO - [2024-06-25 20:07:33,171] {dag.py:2280} INFO - Setting next_dagrun for example_xcom_args_with_operators to None
[2024-06-25 20:07:33,245] {scheduler_job.py:190} INFO - Processing /home/airflow/.local/lib/python3.6/site-packages/airflow/example_dags/example_xcomargs.py took 0.548 seconds
[2024-06-25 20:09:59,733] {scheduler_job.py:182} INFO - Started process (PID=188) to work on /home/airflow/.local/lib/python3.6/site-packages/airflow/example_dags/example_xcomargs.py
[2024-06-25 20:09:59,748] {scheduler_job.py:629} INFO - Processing file /home/airflow/.local/lib/python3.6/site-packages/airflow/example_dags/example_xcomargs.py for tasks to queue
[2024-06-25 20:09:59,753] {logging_mixin.py:104} INFO - [2024-06-25 20:09:59,752] {dagbag.py:451} INFO - Filling up the DagBag from /home/airflow/.local/lib/python3.6/site-packages/airflow/example_dags/example_xcomargs.py
[2024-06-25 20:09:59,943] {scheduler_job.py:639} INFO - DAG(s) dict_keys(['example_xcom_args', 'example_xcom_args_with_operators']) retrieved from /home/airflow/.local/lib/python3.6/site-packages/airflow/example_dags/example_xcomargs.py
[2024-06-25 20:10:00,129] {logging_mixin.py:104} INFO - [2024-06-25 20:10:00,119] {dag.py:1824} INFO - Sync 2 DAGs
[2024-06-25 20:10:00,244] {logging_mixin.py:104} INFO - [2024-06-25 20:10:00,241] {dag.py:2280} INFO - Setting next_dagrun for example_xcom_args to None
[2024-06-25 20:10:00,249] {logging_mixin.py:104} INFO - [2024-06-25 20:10:00,249] {dag.py:2280} INFO - Setting next_dagrun for example_xcom_args_with_operators to None
[2024-06-25 20:10:00,425] {scheduler_job.py:190} INFO - Processing /home/airflow/.local/lib/python3.6/site-packages/airflow/example_dags/example_xcomargs.py took 0.720 seconds
[2024-06-25 20:12:31,736] {scheduler_job.py:182} INFO - Started process (PID=214) to work on /home/airflow/.local/lib/python3.6/site-packages/airflow/example_dags/example_xcomargs.py
[2024-06-25 20:12:31,745] {scheduler_job.py:629} INFO - Processing file /home/airflow/.local/lib/python3.6/site-packages/airflow/example_dags/example_xcomargs.py for tasks to queue
[2024-06-25 20:12:31,753] {logging_mixin.py:104} INFO - [2024-06-25 20:12:31,752] {dagbag.py:451} INFO - Filling up the DagBag from /home/airflow/.local/lib/python3.6/site-packages/airflow/example_dags/example_xcomargs.py
[2024-06-25 20:12:31,821] {scheduler_job.py:639} INFO - DAG(s) dict_keys(['example_xcom_args', 'example_xcom_args_with_operators']) retrieved from /home/airflow/.local/lib/python3.6/site-packages/airflow/example_dags/example_xcomargs.py
[2024-06-25 20:12:31,921] {logging_mixin.py:104} INFO - [2024-06-25 20:12:31,920] {dag.py:1824} INFO - Sync 2 DAGs
[2024-06-25 20:12:31,995] {logging_mixin.py:104} INFO - [2024-06-25 20:12:31,995] {dag.py:2280} INFO - Setting next_dagrun for example_xcom_args to None
[2024-06-25 20:12:32,007] {logging_mixin.py:104} INFO - [2024-06-25 20:12:32,007] {dag.py:2280} INFO - Setting next_dagrun for example_xcom_args_with_operators to None
[2024-06-25 20:12:32,047] {scheduler_job.py:190} INFO - Processing /home/airflow/.local/lib/python3.6/site-packages/airflow/example_dags/example_xcomargs.py took 0.425 seconds
[2024-06-25 20:17:28,605] {scheduler_job.py:182} INFO - Started process (PID=52) to work on /home/airflow/.local/lib/python3.6/site-packages/airflow/example_dags/example_xcomargs.py
[2024-06-25 20:17:28,634] {scheduler_job.py:629} INFO - Processing file /home/airflow/.local/lib/python3.6/site-packages/airflow/example_dags/example_xcomargs.py for tasks to queue
[2024-06-25 20:17:28,657] {logging_mixin.py:104} INFO - [2024-06-25 20:17:28,656] {dagbag.py:451} INFO - Filling up the DagBag from /home/airflow/.local/lib/python3.6/site-packages/airflow/example_dags/example_xcomargs.py
[2024-06-25 20:17:28,853] {scheduler_job.py:639} INFO - DAG(s) dict_keys(['example_xcom_args', 'example_xcom_args_with_operators']) retrieved from /home/airflow/.local/lib/python3.6/site-packages/airflow/example_dags/example_xcomargs.py
[2024-06-25 20:17:29,541] {logging_mixin.py:104} INFO - [2024-06-25 20:17:29,541] {dag.py:1824} INFO - Sync 2 DAGs
[2024-06-25 20:17:29,771] {logging_mixin.py:104} INFO - [2024-06-25 20:17:29,770] {dag.py:2280} INFO - Setting next_dagrun for example_xcom_args to None
[2024-06-25 20:17:29,789] {logging_mixin.py:104} INFO - [2024-06-25 20:17:29,789] {dag.py:2280} INFO - Setting next_dagrun for example_xcom_args_with_operators to None
[2024-06-25 20:17:29,886] {scheduler_job.py:190} INFO - Processing /home/airflow/.local/lib/python3.6/site-packages/airflow/example_dags/example_xcomargs.py took 1.306 seconds
[2024-06-25 20:18:01,601] {scheduler_job.py:182} INFO - Started process (PID=78) to work on /home/airflow/.local/lib/python3.6/site-packages/airflow/example_dags/example_xcomargs.py
[2024-06-25 20:18:01,621] {scheduler_job.py:629} INFO - Processing file /home/airflow/.local/lib/python3.6/site-packages/airflow/example_dags/example_xcomargs.py for tasks to queue
[2024-06-25 20:18:01,633] {logging_mixin.py:104} INFO - [2024-06-25 20:18:01,632] {dagbag.py:451} INFO - Filling up the DagBag from /home/airflow/.local/lib/python3.6/site-packages/airflow/example_dags/example_xcomargs.py
[2024-06-25 20:18:02,381] {scheduler_job.py:639} INFO - DAG(s) dict_keys(['example_xcom_args', 'example_xcom_args_with_operators']) retrieved from /home/airflow/.local/lib/python3.6/site-packages/airflow/example_dags/example_xcomargs.py
[2024-06-25 20:18:02,723] {logging_mixin.py:104} INFO - [2024-06-25 20:18:02,722] {dag.py:1824} INFO - Sync 2 DAGs
[2024-06-25 20:18:03,010] {logging_mixin.py:104} INFO - [2024-06-25 20:18:03,010] {dag.py:2280} INFO - Setting next_dagrun for example_xcom_args to None
[2024-06-25 20:18:03,015] {logging_mixin.py:104} INFO - [2024-06-25 20:18:03,015] {dag.py:2280} INFO - Setting next_dagrun for example_xcom_args_with_operators to None
[2024-06-25 20:18:03,109] {scheduler_job.py:190} INFO - Processing /home/airflow/.local/lib/python3.6/site-packages/airflow/example_dags/example_xcomargs.py took 1.787 seconds
[2024-06-25 23:27:56,164] {scheduler_job.py:182} INFO - Started process (PID=41) to work on /home/airflow/.local/lib/python3.6/site-packages/airflow/example_dags/example_xcomargs.py
[2024-06-25 23:27:56,193] {scheduler_job.py:629} INFO - Processing file /home/airflow/.local/lib/python3.6/site-packages/airflow/example_dags/example_xcomargs.py for tasks to queue
[2024-06-25 23:27:56,205] {logging_mixin.py:104} INFO - [2024-06-25 23:27:56,205] {dagbag.py:451} INFO - Filling up the DagBag from /home/airflow/.local/lib/python3.6/site-packages/airflow/example_dags/example_xcomargs.py
[2024-06-25 23:27:56,337] {scheduler_job.py:639} INFO - DAG(s) dict_keys(['example_xcom_args', 'example_xcom_args_with_operators']) retrieved from /home/airflow/.local/lib/python3.6/site-packages/airflow/example_dags/example_xcomargs.py
[2024-06-25 23:27:56,497] {logging_mixin.py:104} INFO - [2024-06-25 23:27:56,496] {dag.py:1824} INFO - Sync 2 DAGs
[2024-06-25 23:27:56,616] {logging_mixin.py:104} INFO - [2024-06-25 23:27:56,616] {dag.py:2280} INFO - Setting next_dagrun for example_xcom_args to None
[2024-06-25 23:27:56,624] {logging_mixin.py:104} INFO - [2024-06-25 23:27:56,624] {dag.py:2280} INFO - Setting next_dagrun for example_xcom_args_with_operators to None
[2024-06-25 23:27:56,751] {scheduler_job.py:190} INFO - Processing /home/airflow/.local/lib/python3.6/site-packages/airflow/example_dags/example_xcomargs.py took 0.641 seconds
[2024-06-25 23:28:28,982] {scheduler_job.py:182} INFO - Started process (PID=67) to work on /home/airflow/.local/lib/python3.6/site-packages/airflow/example_dags/example_xcomargs.py
[2024-06-25 23:28:28,987] {scheduler_job.py:629} INFO - Processing file /home/airflow/.local/lib/python3.6/site-packages/airflow/example_dags/example_xcomargs.py for tasks to queue
[2024-06-25 23:28:28,989] {logging_mixin.py:104} INFO - [2024-06-25 23:28:28,988] {dagbag.py:451} INFO - Filling up the DagBag from /home/airflow/.local/lib/python3.6/site-packages/airflow/example_dags/example_xcomargs.py
[2024-06-25 23:28:29,015] {scheduler_job.py:639} INFO - DAG(s) dict_keys(['example_xcom_args', 'example_xcom_args_with_operators']) retrieved from /home/airflow/.local/lib/python3.6/site-packages/airflow/example_dags/example_xcomargs.py
[2024-06-25 23:28:29,250] {logging_mixin.py:104} INFO - [2024-06-25 23:28:29,250] {dag.py:1824} INFO - Sync 2 DAGs
[2024-06-25 23:28:29,468] {logging_mixin.py:104} INFO - [2024-06-25 23:28:29,468] {dag.py:2280} INFO - Setting next_dagrun for example_xcom_args to None
[2024-06-25 23:28:29,521] {logging_mixin.py:104} INFO - [2024-06-25 23:28:29,521] {dag.py:2280} INFO - Setting next_dagrun for example_xcom_args_with_operators to None
[2024-06-25 23:28:29,637] {scheduler_job.py:190} INFO - Processing /home/airflow/.local/lib/python3.6/site-packages/airflow/example_dags/example_xcomargs.py took 0.662 seconds
[2024-06-25 23:29:03,910] {scheduler_job.py:182} INFO - Started process (PID=93) to work on /home/airflow/.local/lib/python3.6/site-packages/airflow/example_dags/example_xcomargs.py
[2024-06-25 23:29:03,933] {scheduler_job.py:629} INFO - Processing file /home/airflow/.local/lib/python3.6/site-packages/airflow/example_dags/example_xcomargs.py for tasks to queue
[2024-06-25 23:29:03,949] {logging_mixin.py:104} INFO - [2024-06-25 23:29:03,941] {dagbag.py:451} INFO - Filling up the DagBag from /home/airflow/.local/lib/python3.6/site-packages/airflow/example_dags/example_xcomargs.py
[2024-06-25 23:29:04,213] {scheduler_job.py:639} INFO - DAG(s) dict_keys(['example_xcom_args', 'example_xcom_args_with_operators']) retrieved from /home/airflow/.local/lib/python3.6/site-packages/airflow/example_dags/example_xcomargs.py
[2024-06-25 23:29:04,588] {logging_mixin.py:104} INFO - [2024-06-25 23:29:04,588] {dag.py:1824} INFO - Sync 2 DAGs
[2024-06-25 23:29:04,755] {logging_mixin.py:104} INFO - [2024-06-25 23:29:04,754] {dag.py:2280} INFO - Setting next_dagrun for example_xcom_args to None
[2024-06-25 23:29:04,766] {logging_mixin.py:104} INFO - [2024-06-25 23:29:04,765] {dag.py:2280} INFO - Setting next_dagrun for example_xcom_args_with_operators to None
[2024-06-25 23:29:04,864] {scheduler_job.py:190} INFO - Processing /home/airflow/.local/lib/python3.6/site-packages/airflow/example_dags/example_xcomargs.py took 0.992 seconds
