[2024-06-25 20:05:08,997] {scheduler_job.py:182} INFO - Started process (PID=40) to work on /home/airflow/.local/lib/python3.6/site-packages/airflow/example_dags/example_xcom.py
[2024-06-25 20:05:09,001] {scheduler_job.py:629} INFO - Processing file /home/airflow/.local/lib/python3.6/site-packages/airflow/example_dags/example_xcom.py for tasks to queue
[2024-06-25 20:05:09,003] {logging_mixin.py:104} INFO - [2024-06-25 20:05:09,003] {dagbag.py:451} INFO - Filling up the DagBag from /home/airflow/.local/lib/python3.6/site-packages/airflow/example_dags/example_xcom.py
[2024-06-25 20:05:09,118] {scheduler_job.py:639} INFO - DAG(s) dict_keys(['example_xcom']) retrieved from /home/airflow/.local/lib/python3.6/site-packages/airflow/example_dags/example_xcom.py
[2024-06-25 20:05:10,314] {logging_mixin.py:104} INFO - [2024-06-25 20:05:10,314] {dag.py:1824} INFO - Sync 1 DAGs
[2024-06-25 20:05:11,581] {logging_mixin.py:104} INFO - [2024-06-25 20:05:11,570] {dag.py:1843} INFO - Creating ORM DAG for example_xcom
[2024-06-25 20:05:12,591] {logging_mixin.py:104} INFO - [2024-06-25 20:05:12,490] {dag.py:2280} INFO - Setting next_dagrun for example_xcom to 2024-06-23 00:00:00+00:00
[2024-06-25 20:05:13,362] {scheduler_job.py:190} INFO - Processing /home/airflow/.local/lib/python3.6/site-packages/airflow/example_dags/example_xcom.py took 4.370 seconds
[2024-06-25 20:05:52,087] {scheduler_job.py:182} INFO - Started process (PID=65) to work on /home/airflow/.local/lib/python3.6/site-packages/airflow/example_dags/example_xcom.py
[2024-06-25 20:05:52,108] {scheduler_job.py:629} INFO - Processing file /home/airflow/.local/lib/python3.6/site-packages/airflow/example_dags/example_xcom.py for tasks to queue
[2024-06-25 20:05:52,119] {logging_mixin.py:104} INFO - [2024-06-25 20:05:52,115] {dagbag.py:451} INFO - Filling up the DagBag from /home/airflow/.local/lib/python3.6/site-packages/airflow/example_dags/example_xcom.py
[2024-06-25 20:05:52,311] {scheduler_job.py:639} INFO - DAG(s) dict_keys(['example_xcom']) retrieved from /home/airflow/.local/lib/python3.6/site-packages/airflow/example_dags/example_xcom.py
[2024-06-25 20:05:52,462] {logging_mixin.py:104} INFO - [2024-06-25 20:05:52,461] {dag.py:1824} INFO - Sync 1 DAGs
[2024-06-25 20:05:52,815] {logging_mixin.py:104} INFO - [2024-06-25 20:05:52,815] {dag.py:2280} INFO - Setting next_dagrun for example_xcom to 2024-06-23 00:00:00+00:00
[2024-06-25 20:05:52,919] {scheduler_job.py:190} INFO - Processing /home/airflow/.local/lib/python3.6/site-packages/airflow/example_dags/example_xcom.py took 0.906 seconds
[2024-06-25 20:06:23,280] {scheduler_job.py:182} INFO - Started process (PID=91) to work on /home/airflow/.local/lib/python3.6/site-packages/airflow/example_dags/example_xcom.py
[2024-06-25 20:06:23,282] {scheduler_job.py:629} INFO - Processing file /home/airflow/.local/lib/python3.6/site-packages/airflow/example_dags/example_xcom.py for tasks to queue
[2024-06-25 20:06:23,284] {logging_mixin.py:104} INFO - [2024-06-25 20:06:23,284] {dagbag.py:451} INFO - Filling up the DagBag from /home/airflow/.local/lib/python3.6/site-packages/airflow/example_dags/example_xcom.py
[2024-06-25 20:06:23,315] {scheduler_job.py:639} INFO - DAG(s) dict_keys(['example_xcom']) retrieved from /home/airflow/.local/lib/python3.6/site-packages/airflow/example_dags/example_xcom.py
[2024-06-25 20:06:23,366] {logging_mixin.py:104} INFO - [2024-06-25 20:06:23,366] {dag.py:1824} INFO - Sync 1 DAGs
[2024-06-25 20:06:23,416] {logging_mixin.py:104} INFO - [2024-06-25 20:06:23,415] {dag.py:2280} INFO - Setting next_dagrun for example_xcom to 2024-06-23 00:00:00+00:00
[2024-06-25 20:06:23,458] {scheduler_job.py:190} INFO - Processing /home/airflow/.local/lib/python3.6/site-packages/airflow/example_dags/example_xcom.py took 0.183 seconds
[2024-06-25 20:06:53,847] {scheduler_job.py:182} INFO - Started process (PID=117) to work on /home/airflow/.local/lib/python3.6/site-packages/airflow/example_dags/example_xcom.py
[2024-06-25 20:06:53,910] {scheduler_job.py:629} INFO - Processing file /home/airflow/.local/lib/python3.6/site-packages/airflow/example_dags/example_xcom.py for tasks to queue
[2024-06-25 20:06:53,917] {logging_mixin.py:104} INFO - [2024-06-25 20:06:53,917] {dagbag.py:451} INFO - Filling up the DagBag from /home/airflow/.local/lib/python3.6/site-packages/airflow/example_dags/example_xcom.py
[2024-06-25 20:06:54,340] {scheduler_job.py:639} INFO - DAG(s) dict_keys(['example_xcom']) retrieved from /home/airflow/.local/lib/python3.6/site-packages/airflow/example_dags/example_xcom.py
[2024-06-25 20:06:54,619] {logging_mixin.py:104} INFO - [2024-06-25 20:06:54,619] {dag.py:1824} INFO - Sync 1 DAGs
[2024-06-25 20:06:54,785] {logging_mixin.py:104} INFO - [2024-06-25 20:06:54,785] {dag.py:2280} INFO - Setting next_dagrun for example_xcom to 2024-06-23 00:00:00+00:00
[2024-06-25 20:06:55,006] {scheduler_job.py:190} INFO - Processing /home/airflow/.local/lib/python3.6/site-packages/airflow/example_dags/example_xcom.py took 1.192 seconds
[2024-06-25 20:07:27,524] {scheduler_job.py:182} INFO - Started process (PID=142) to work on /home/airflow/.local/lib/python3.6/site-packages/airflow/example_dags/example_xcom.py
[2024-06-25 20:07:27,598] {scheduler_job.py:629} INFO - Processing file /home/airflow/.local/lib/python3.6/site-packages/airflow/example_dags/example_xcom.py for tasks to queue
[2024-06-25 20:07:27,608] {logging_mixin.py:104} INFO - [2024-06-25 20:07:27,608] {dagbag.py:451} INFO - Filling up the DagBag from /home/airflow/.local/lib/python3.6/site-packages/airflow/example_dags/example_xcom.py
[2024-06-25 20:07:28,417] {scheduler_job.py:639} INFO - DAG(s) dict_keys(['example_xcom']) retrieved from /home/airflow/.local/lib/python3.6/site-packages/airflow/example_dags/example_xcom.py
[2024-06-25 20:07:28,739] {logging_mixin.py:104} INFO - [2024-06-25 20:07:28,738] {dag.py:1824} INFO - Sync 1 DAGs
[2024-06-25 20:07:29,030] {logging_mixin.py:104} INFO - [2024-06-25 20:07:29,021] {dag.py:2280} INFO - Setting next_dagrun for example_xcom to 2024-06-23 00:00:00+00:00
[2024-06-25 20:07:29,402] {scheduler_job.py:190} INFO - Processing /home/airflow/.local/lib/python3.6/site-packages/airflow/example_dags/example_xcom.py took 1.997 seconds
[2024-06-25 20:08:10,732] {scheduler_job.py:182} INFO - Started process (PID=166) to work on /home/airflow/.local/lib/python3.6/site-packages/airflow/example_dags/example_xcom.py
[2024-06-25 20:08:10,763] {scheduler_job.py:629} INFO - Processing file /home/airflow/.local/lib/python3.6/site-packages/airflow/example_dags/example_xcom.py for tasks to queue
[2024-06-25 20:08:10,838] {logging_mixin.py:104} INFO - [2024-06-25 20:08:10,788] {dagbag.py:451} INFO - Filling up the DagBag from /home/airflow/.local/lib/python3.6/site-packages/airflow/example_dags/example_xcom.py
[2024-06-25 20:08:11,811] {scheduler_job.py:639} INFO - DAG(s) dict_keys(['example_xcom']) retrieved from /home/airflow/.local/lib/python3.6/site-packages/airflow/example_dags/example_xcom.py
[2024-06-25 20:08:14,958] {logging_mixin.py:104} INFO - [2024-06-25 20:08:14,944] {dag.py:1824} INFO - Sync 1 DAGs
[2024-06-25 20:08:16,644] {logging_mixin.py:104} INFO - [2024-06-25 20:08:16,629] {dag.py:2280} INFO - Setting next_dagrun for example_xcom to 2024-06-23 00:00:00+00:00
[2024-06-25 20:08:21,642] {scheduler_job.py:190} INFO - Processing /home/airflow/.local/lib/python3.6/site-packages/airflow/example_dags/example_xcom.py took 11.026 seconds
[2024-06-25 20:09:57,543] {scheduler_job.py:182} INFO - Started process (PID=182) to work on /home/airflow/.local/lib/python3.6/site-packages/airflow/example_dags/example_xcom.py
[2024-06-25 20:09:57,558] {scheduler_job.py:629} INFO - Processing file /home/airflow/.local/lib/python3.6/site-packages/airflow/example_dags/example_xcom.py for tasks to queue
[2024-06-25 20:09:57,564] {logging_mixin.py:104} INFO - [2024-06-25 20:09:57,564] {dagbag.py:451} INFO - Filling up the DagBag from /home/airflow/.local/lib/python3.6/site-packages/airflow/example_dags/example_xcom.py
[2024-06-25 20:09:57,697] {scheduler_job.py:639} INFO - DAG(s) dict_keys(['example_xcom']) retrieved from /home/airflow/.local/lib/python3.6/site-packages/airflow/example_dags/example_xcom.py
[2024-06-25 20:09:57,912] {logging_mixin.py:104} INFO - [2024-06-25 20:09:57,911] {dag.py:1824} INFO - Sync 1 DAGs
[2024-06-25 20:09:57,939] {logging_mixin.py:104} INFO - [2024-06-25 20:09:57,939] {dag.py:2280} INFO - Setting next_dagrun for example_xcom to 2024-06-23 00:00:00+00:00
[2024-06-25 20:09:58,007] {scheduler_job.py:190} INFO - Processing /home/airflow/.local/lib/python3.6/site-packages/airflow/example_dags/example_xcom.py took 0.501 seconds
[2024-06-25 20:12:30,476] {scheduler_job.py:182} INFO - Started process (PID=208) to work on /home/airflow/.local/lib/python3.6/site-packages/airflow/example_dags/example_xcom.py
[2024-06-25 20:12:30,497] {scheduler_job.py:629} INFO - Processing file /home/airflow/.local/lib/python3.6/site-packages/airflow/example_dags/example_xcom.py for tasks to queue
[2024-06-25 20:12:30,499] {logging_mixin.py:104} INFO - [2024-06-25 20:12:30,498] {dagbag.py:451} INFO - Filling up the DagBag from /home/airflow/.local/lib/python3.6/site-packages/airflow/example_dags/example_xcom.py
[2024-06-25 20:12:30,575] {scheduler_job.py:639} INFO - DAG(s) dict_keys(['example_xcom']) retrieved from /home/airflow/.local/lib/python3.6/site-packages/airflow/example_dags/example_xcom.py
[2024-06-25 20:12:30,725] {logging_mixin.py:104} INFO - [2024-06-25 20:12:30,725] {dag.py:1824} INFO - Sync 1 DAGs
[2024-06-25 20:12:30,792] {logging_mixin.py:104} INFO - [2024-06-25 20:12:30,792] {dag.py:2280} INFO - Setting next_dagrun for example_xcom to 2024-06-23 00:00:00+00:00
[2024-06-25 20:12:30,875] {scheduler_job.py:190} INFO - Processing /home/airflow/.local/lib/python3.6/site-packages/airflow/example_dags/example_xcom.py took 0.441 seconds
[2024-06-25 20:14:54,628] {scheduler_job.py:182} INFO - Started process (PID=234) to work on /home/airflow/.local/lib/python3.6/site-packages/airflow/example_dags/example_xcom.py
[2024-06-25 20:14:54,632] {scheduler_job.py:629} INFO - Processing file /home/airflow/.local/lib/python3.6/site-packages/airflow/example_dags/example_xcom.py for tasks to queue
[2024-06-25 20:14:54,635] {logging_mixin.py:104} INFO - [2024-06-25 20:14:54,635] {dagbag.py:451} INFO - Filling up the DagBag from /home/airflow/.local/lib/python3.6/site-packages/airflow/example_dags/example_xcom.py
[2024-06-25 20:14:54,773] {scheduler_job.py:639} INFO - DAG(s) dict_keys(['example_xcom']) retrieved from /home/airflow/.local/lib/python3.6/site-packages/airflow/example_dags/example_xcom.py
[2024-06-25 20:14:55,012] {logging_mixin.py:104} INFO - [2024-06-25 20:14:55,012] {dag.py:1824} INFO - Sync 1 DAGs
[2024-06-25 20:14:55,044] {logging_mixin.py:104} INFO - [2024-06-25 20:14:55,044] {dag.py:2280} INFO - Setting next_dagrun for example_xcom to 2024-06-23 00:00:00+00:00
[2024-06-25 20:14:55,326] {scheduler_job.py:190} INFO - Processing /home/airflow/.local/lib/python3.6/site-packages/airflow/example_dags/example_xcom.py took 0.715 seconds
[2024-06-25 20:17:25,042] {scheduler_job.py:182} INFO - Started process (PID=44) to work on /home/airflow/.local/lib/python3.6/site-packages/airflow/example_dags/example_xcom.py
[2024-06-25 20:17:25,052] {scheduler_job.py:629} INFO - Processing file /home/airflow/.local/lib/python3.6/site-packages/airflow/example_dags/example_xcom.py for tasks to queue
[2024-06-25 20:17:25,070] {logging_mixin.py:104} INFO - [2024-06-25 20:17:25,070] {dagbag.py:451} INFO - Filling up the DagBag from /home/airflow/.local/lib/python3.6/site-packages/airflow/example_dags/example_xcom.py
[2024-06-25 20:17:25,186] {scheduler_job.py:639} INFO - DAG(s) dict_keys(['example_xcom']) retrieved from /home/airflow/.local/lib/python3.6/site-packages/airflow/example_dags/example_xcom.py
[2024-06-25 20:17:25,253] {logging_mixin.py:104} INFO - [2024-06-25 20:17:25,253] {dag.py:1824} INFO - Sync 1 DAGs
[2024-06-25 20:17:25,320] {logging_mixin.py:104} INFO - [2024-06-25 20:17:25,320] {dag.py:2280} INFO - Setting next_dagrun for example_xcom to 2024-06-23 00:00:00+00:00
[2024-06-25 20:17:25,358] {scheduler_job.py:190} INFO - Processing /home/airflow/.local/lib/python3.6/site-packages/airflow/example_dags/example_xcom.py took 0.344 seconds
[2024-06-25 20:17:57,301] {scheduler_job.py:182} INFO - Started process (PID=67) to work on /home/airflow/.local/lib/python3.6/site-packages/airflow/example_dags/example_xcom.py
[2024-06-25 20:17:57,306] {scheduler_job.py:629} INFO - Processing file /home/airflow/.local/lib/python3.6/site-packages/airflow/example_dags/example_xcom.py for tasks to queue
[2024-06-25 20:17:57,314] {logging_mixin.py:104} INFO - [2024-06-25 20:17:57,313] {dagbag.py:451} INFO - Filling up the DagBag from /home/airflow/.local/lib/python3.6/site-packages/airflow/example_dags/example_xcom.py
[2024-06-25 20:17:57,389] {scheduler_job.py:639} INFO - DAG(s) dict_keys(['example_xcom']) retrieved from /home/airflow/.local/lib/python3.6/site-packages/airflow/example_dags/example_xcom.py
[2024-06-25 20:17:57,512] {logging_mixin.py:104} INFO - [2024-06-25 20:17:57,511] {dag.py:1824} INFO - Sync 1 DAGs
[2024-06-25 20:17:57,599] {logging_mixin.py:104} INFO - [2024-06-25 20:17:57,598] {dag.py:2280} INFO - Setting next_dagrun for example_xcom to 2024-06-23 00:00:00+00:00
[2024-06-25 20:17:57,629] {scheduler_job.py:190} INFO - Processing /home/airflow/.local/lib/python3.6/site-packages/airflow/example_dags/example_xcom.py took 0.345 seconds
[2024-06-25 23:27:55,228] {scheduler_job.py:182} INFO - Started process (PID=39) to work on /home/airflow/.local/lib/python3.6/site-packages/airflow/example_dags/example_xcom.py
[2024-06-25 23:27:55,241] {scheduler_job.py:629} INFO - Processing file /home/airflow/.local/lib/python3.6/site-packages/airflow/example_dags/example_xcom.py for tasks to queue
[2024-06-25 23:27:55,262] {logging_mixin.py:104} INFO - [2024-06-25 23:27:55,258] {dagbag.py:451} INFO - Filling up the DagBag from /home/airflow/.local/lib/python3.6/site-packages/airflow/example_dags/example_xcom.py
[2024-06-25 23:27:55,405] {scheduler_job.py:639} INFO - DAG(s) dict_keys(['example_xcom']) retrieved from /home/airflow/.local/lib/python3.6/site-packages/airflow/example_dags/example_xcom.py
[2024-06-25 23:27:55,608] {logging_mixin.py:104} INFO - [2024-06-25 23:27:55,608] {dag.py:1824} INFO - Sync 1 DAGs
[2024-06-25 23:27:55,790] {logging_mixin.py:104} INFO - [2024-06-25 23:27:55,789] {dag.py:2280} INFO - Setting next_dagrun for example_xcom to 2024-06-23 00:00:00+00:00
[2024-06-25 23:27:55,953] {scheduler_job.py:190} INFO - Processing /home/airflow/.local/lib/python3.6/site-packages/airflow/example_dags/example_xcom.py took 0.732 seconds
[2024-06-25 23:28:27,930] {scheduler_job.py:182} INFO - Started process (PID=65) to work on /home/airflow/.local/lib/python3.6/site-packages/airflow/example_dags/example_xcom.py
[2024-06-25 23:28:27,952] {scheduler_job.py:629} INFO - Processing file /home/airflow/.local/lib/python3.6/site-packages/airflow/example_dags/example_xcom.py for tasks to queue
[2024-06-25 23:28:27,963] {logging_mixin.py:104} INFO - [2024-06-25 23:28:27,957] {dagbag.py:451} INFO - Filling up the DagBag from /home/airflow/.local/lib/python3.6/site-packages/airflow/example_dags/example_xcom.py
[2024-06-25 23:28:28,298] {scheduler_job.py:639} INFO - DAG(s) dict_keys(['example_xcom']) retrieved from /home/airflow/.local/lib/python3.6/site-packages/airflow/example_dags/example_xcom.py
[2024-06-25 23:28:28,545] {logging_mixin.py:104} INFO - [2024-06-25 23:28:28,544] {dag.py:1824} INFO - Sync 1 DAGs
[2024-06-25 23:28:28,714] {logging_mixin.py:104} INFO - [2024-06-25 23:28:28,714] {dag.py:2280} INFO - Setting next_dagrun for example_xcom to 2024-06-23 00:00:00+00:00
[2024-06-25 23:28:28,815] {scheduler_job.py:190} INFO - Processing /home/airflow/.local/lib/python3.6/site-packages/airflow/example_dags/example_xcom.py took 0.927 seconds
[2024-06-25 23:29:02,894] {scheduler_job.py:182} INFO - Started process (PID=91) to work on /home/airflow/.local/lib/python3.6/site-packages/airflow/example_dags/example_xcom.py
[2024-06-25 23:29:02,904] {scheduler_job.py:629} INFO - Processing file /home/airflow/.local/lib/python3.6/site-packages/airflow/example_dags/example_xcom.py for tasks to queue
[2024-06-25 23:29:02,929] {logging_mixin.py:104} INFO - [2024-06-25 23:29:02,919] {dagbag.py:451} INFO - Filling up the DagBag from /home/airflow/.local/lib/python3.6/site-packages/airflow/example_dags/example_xcom.py
[2024-06-25 23:29:02,997] {scheduler_job.py:639} INFO - DAG(s) dict_keys(['example_xcom']) retrieved from /home/airflow/.local/lib/python3.6/site-packages/airflow/example_dags/example_xcom.py
[2024-06-25 23:29:03,105] {logging_mixin.py:104} INFO - [2024-06-25 23:29:03,104] {dag.py:1824} INFO - Sync 1 DAGs
[2024-06-25 23:29:03,544] {logging_mixin.py:104} INFO - [2024-06-25 23:29:03,544] {dag.py:2280} INFO - Setting next_dagrun for example_xcom to 2024-06-23 00:00:00+00:00
[2024-06-25 23:29:03,779] {scheduler_job.py:190} INFO - Processing /home/airflow/.local/lib/python3.6/site-packages/airflow/example_dags/example_xcom.py took 0.894 seconds
