[2024-06-25 20:05:39,219] {scheduler_job.py:182} INFO - Started process (PID=52) to work on /home/airflow/.local/lib/python3.6/site-packages/airflow/example_dags/example_short_circuit_operator.py
[2024-06-25 20:05:39,225] {scheduler_job.py:629} INFO - Processing file /home/airflow/.local/lib/python3.6/site-packages/airflow/example_dags/example_short_circuit_operator.py for tasks to queue
[2024-06-25 20:05:39,234] {logging_mixin.py:104} INFO - [2024-06-25 20:05:39,233] {dagbag.py:451} INFO - Filling up the DagBag from /home/airflow/.local/lib/python3.6/site-packages/airflow/example_dags/example_short_circuit_operator.py
[2024-06-25 20:05:39,376] {scheduler_job.py:639} INFO - DAG(s) dict_keys(['example_short_circuit_operator']) retrieved from /home/airflow/.local/lib/python3.6/site-packages/airflow/example_dags/example_short_circuit_operator.py
[2024-06-25 20:05:40,303] {logging_mixin.py:104} INFO - [2024-06-25 20:05:40,303] {dag.py:1824} INFO - Sync 1 DAGs
[2024-06-25 20:05:41,739] {logging_mixin.py:104} INFO - [2024-06-25 20:05:41,738] {dag.py:1843} INFO - Creating ORM DAG for example_short_circuit_operator
[2024-06-25 20:05:42,254] {logging_mixin.py:104} INFO - [2024-06-25 20:05:42,223] {dag.py:2280} INFO - Setting next_dagrun for example_short_circuit_operator to 2024-06-23 00:00:00+00:00
[2024-06-25 20:05:43,156] {scheduler_job.py:190} INFO - Processing /home/airflow/.local/lib/python3.6/site-packages/airflow/example_dags/example_short_circuit_operator.py took 3.955 seconds
[2024-06-25 20:06:13,797] {scheduler_job.py:182} INFO - Started process (PID=78) to work on /home/airflow/.local/lib/python3.6/site-packages/airflow/example_dags/example_short_circuit_operator.py
[2024-06-25 20:06:13,810] {scheduler_job.py:629} INFO - Processing file /home/airflow/.local/lib/python3.6/site-packages/airflow/example_dags/example_short_circuit_operator.py for tasks to queue
[2024-06-25 20:06:13,815] {logging_mixin.py:104} INFO - [2024-06-25 20:06:13,814] {dagbag.py:451} INFO - Filling up the DagBag from /home/airflow/.local/lib/python3.6/site-packages/airflow/example_dags/example_short_circuit_operator.py
[2024-06-25 20:06:13,861] {scheduler_job.py:639} INFO - DAG(s) dict_keys(['example_short_circuit_operator']) retrieved from /home/airflow/.local/lib/python3.6/site-packages/airflow/example_dags/example_short_circuit_operator.py
[2024-06-25 20:06:13,955] {logging_mixin.py:104} INFO - [2024-06-25 20:06:13,954] {dag.py:1824} INFO - Sync 1 DAGs
[2024-06-25 20:06:14,067] {logging_mixin.py:104} INFO - [2024-06-25 20:06:14,067] {dag.py:2280} INFO - Setting next_dagrun for example_short_circuit_operator to 2024-06-23 00:00:00+00:00
[2024-06-25 20:06:14,163] {scheduler_job.py:190} INFO - Processing /home/airflow/.local/lib/python3.6/site-packages/airflow/example_dags/example_short_circuit_operator.py took 0.384 seconds
[2024-06-25 20:06:44,386] {scheduler_job.py:182} INFO - Started process (PID=104) to work on /home/airflow/.local/lib/python3.6/site-packages/airflow/example_dags/example_short_circuit_operator.py
[2024-06-25 20:06:44,393] {scheduler_job.py:629} INFO - Processing file /home/airflow/.local/lib/python3.6/site-packages/airflow/example_dags/example_short_circuit_operator.py for tasks to queue
[2024-06-25 20:06:44,396] {logging_mixin.py:104} INFO - [2024-06-25 20:06:44,396] {dagbag.py:451} INFO - Filling up the DagBag from /home/airflow/.local/lib/python3.6/site-packages/airflow/example_dags/example_short_circuit_operator.py
[2024-06-25 20:06:44,489] {scheduler_job.py:639} INFO - DAG(s) dict_keys(['example_short_circuit_operator']) retrieved from /home/airflow/.local/lib/python3.6/site-packages/airflow/example_dags/example_short_circuit_operator.py
[2024-06-25 20:06:44,605] {logging_mixin.py:104} INFO - [2024-06-25 20:06:44,605] {dag.py:1824} INFO - Sync 1 DAGs
[2024-06-25 20:06:44,669] {logging_mixin.py:104} INFO - [2024-06-25 20:06:44,669] {dag.py:2280} INFO - Setting next_dagrun for example_short_circuit_operator to 2024-06-23 00:00:00+00:00
[2024-06-25 20:06:44,704] {scheduler_job.py:190} INFO - Processing /home/airflow/.local/lib/python3.6/site-packages/airflow/example_dags/example_short_circuit_operator.py took 0.336 seconds
[2024-06-25 20:07:15,268] {scheduler_job.py:182} INFO - Started process (PID=130) to work on /home/airflow/.local/lib/python3.6/site-packages/airflow/example_dags/example_short_circuit_operator.py
[2024-06-25 20:07:15,278] {scheduler_job.py:629} INFO - Processing file /home/airflow/.local/lib/python3.6/site-packages/airflow/example_dags/example_short_circuit_operator.py for tasks to queue
[2024-06-25 20:07:15,280] {logging_mixin.py:104} INFO - [2024-06-25 20:07:15,280] {dagbag.py:451} INFO - Filling up the DagBag from /home/airflow/.local/lib/python3.6/site-packages/airflow/example_dags/example_short_circuit_operator.py
[2024-06-25 20:07:15,357] {scheduler_job.py:639} INFO - DAG(s) dict_keys(['example_short_circuit_operator']) retrieved from /home/airflow/.local/lib/python3.6/site-packages/airflow/example_dags/example_short_circuit_operator.py
[2024-06-25 20:07:15,429] {logging_mixin.py:104} INFO - [2024-06-25 20:07:15,429] {dag.py:1824} INFO - Sync 1 DAGs
[2024-06-25 20:07:15,552] {logging_mixin.py:104} INFO - [2024-06-25 20:07:15,552] {dag.py:2280} INFO - Setting next_dagrun for example_short_circuit_operator to 2024-06-23 00:00:00+00:00
[2024-06-25 20:07:15,654] {scheduler_job.py:190} INFO - Processing /home/airflow/.local/lib/python3.6/site-packages/airflow/example_dags/example_short_circuit_operator.py took 0.391 seconds
[2024-06-25 20:07:47,018] {scheduler_job.py:182} INFO - Started process (PID=156) to work on /home/airflow/.local/lib/python3.6/site-packages/airflow/example_dags/example_short_circuit_operator.py
[2024-06-25 20:07:47,025] {scheduler_job.py:629} INFO - Processing file /home/airflow/.local/lib/python3.6/site-packages/airflow/example_dags/example_short_circuit_operator.py for tasks to queue
[2024-06-25 20:07:47,029] {logging_mixin.py:104} INFO - [2024-06-25 20:07:47,028] {dagbag.py:451} INFO - Filling up the DagBag from /home/airflow/.local/lib/python3.6/site-packages/airflow/example_dags/example_short_circuit_operator.py
[2024-06-25 20:07:47,477] {scheduler_job.py:639} INFO - DAG(s) dict_keys(['example_short_circuit_operator']) retrieved from /home/airflow/.local/lib/python3.6/site-packages/airflow/example_dags/example_short_circuit_operator.py
[2024-06-25 20:07:47,808] {logging_mixin.py:104} INFO - [2024-06-25 20:07:47,808] {dag.py:1824} INFO - Sync 1 DAGs
[2024-06-25 20:07:48,082] {logging_mixin.py:104} INFO - [2024-06-25 20:07:48,082] {dag.py:2280} INFO - Setting next_dagrun for example_short_circuit_operator to 2024-06-23 00:00:00+00:00
[2024-06-25 20:07:48,206] {scheduler_job.py:190} INFO - Processing /home/airflow/.local/lib/python3.6/site-packages/airflow/example_dags/example_short_circuit_operator.py took 1.244 seconds
[2024-06-25 20:10:01,681] {scheduler_job.py:182} INFO - Started process (PID=194) to work on /home/airflow/.local/lib/python3.6/site-packages/airflow/example_dags/example_short_circuit_operator.py
[2024-06-25 20:10:01,683] {scheduler_job.py:629} INFO - Processing file /home/airflow/.local/lib/python3.6/site-packages/airflow/example_dags/example_short_circuit_operator.py for tasks to queue
[2024-06-25 20:10:01,688] {logging_mixin.py:104} INFO - [2024-06-25 20:10:01,688] {dagbag.py:451} INFO - Filling up the DagBag from /home/airflow/.local/lib/python3.6/site-packages/airflow/example_dags/example_short_circuit_operator.py
[2024-06-25 20:10:01,975] {scheduler_job.py:639} INFO - DAG(s) dict_keys(['example_short_circuit_operator']) retrieved from /home/airflow/.local/lib/python3.6/site-packages/airflow/example_dags/example_short_circuit_operator.py
[2024-06-25 20:10:02,294] {logging_mixin.py:104} INFO - [2024-06-25 20:10:02,294] {dag.py:1824} INFO - Sync 1 DAGs
[2024-06-25 20:10:02,429] {logging_mixin.py:104} INFO - [2024-06-25 20:10:02,429] {dag.py:2280} INFO - Setting next_dagrun for example_short_circuit_operator to 2024-06-23 00:00:00+00:00
[2024-06-25 20:10:02,514] {scheduler_job.py:190} INFO - Processing /home/airflow/.local/lib/python3.6/site-packages/airflow/example_dags/example_short_circuit_operator.py took 0.841 seconds
[2024-06-25 20:12:32,887] {scheduler_job.py:182} INFO - Started process (PID=220) to work on /home/airflow/.local/lib/python3.6/site-packages/airflow/example_dags/example_short_circuit_operator.py
[2024-06-25 20:12:32,890] {scheduler_job.py:629} INFO - Processing file /home/airflow/.local/lib/python3.6/site-packages/airflow/example_dags/example_short_circuit_operator.py for tasks to queue
[2024-06-25 20:12:32,905] {logging_mixin.py:104} INFO - [2024-06-25 20:12:32,905] {dagbag.py:451} INFO - Filling up the DagBag from /home/airflow/.local/lib/python3.6/site-packages/airflow/example_dags/example_short_circuit_operator.py
[2024-06-25 20:12:32,979] {scheduler_job.py:639} INFO - DAG(s) dict_keys(['example_short_circuit_operator']) retrieved from /home/airflow/.local/lib/python3.6/site-packages/airflow/example_dags/example_short_circuit_operator.py
[2024-06-25 20:12:33,092] {logging_mixin.py:104} INFO - [2024-06-25 20:12:33,092] {dag.py:1824} INFO - Sync 1 DAGs
[2024-06-25 20:12:33,177] {logging_mixin.py:104} INFO - [2024-06-25 20:12:33,177] {dag.py:2280} INFO - Setting next_dagrun for example_short_circuit_operator to 2024-06-23 00:00:00+00:00
[2024-06-25 20:12:33,249] {scheduler_job.py:190} INFO - Processing /home/airflow/.local/lib/python3.6/site-packages/airflow/example_dags/example_short_circuit_operator.py took 0.378 seconds
[2024-06-25 20:17:25,432] {scheduler_job.py:182} INFO - Started process (PID=45) to work on /home/airflow/.local/lib/python3.6/site-packages/airflow/example_dags/example_short_circuit_operator.py
[2024-06-25 20:17:25,440] {scheduler_job.py:629} INFO - Processing file /home/airflow/.local/lib/python3.6/site-packages/airflow/example_dags/example_short_circuit_operator.py for tasks to queue
[2024-06-25 20:17:25,448] {logging_mixin.py:104} INFO - [2024-06-25 20:17:25,447] {dagbag.py:451} INFO - Filling up the DagBag from /home/airflow/.local/lib/python3.6/site-packages/airflow/example_dags/example_short_circuit_operator.py
[2024-06-25 20:17:25,563] {scheduler_job.py:639} INFO - DAG(s) dict_keys(['example_short_circuit_operator']) retrieved from /home/airflow/.local/lib/python3.6/site-packages/airflow/example_dags/example_short_circuit_operator.py
[2024-06-25 20:17:26,106] {logging_mixin.py:104} INFO - [2024-06-25 20:17:26,103] {dag.py:1824} INFO - Sync 1 DAGs
[2024-06-25 20:17:26,447] {logging_mixin.py:104} INFO - [2024-06-25 20:17:26,447] {dag.py:2280} INFO - Setting next_dagrun for example_short_circuit_operator to 2024-06-23 00:00:00+00:00
[2024-06-25 20:17:26,733] {scheduler_job.py:190} INFO - Processing /home/airflow/.local/lib/python3.6/site-packages/airflow/example_dags/example_short_circuit_operator.py took 1.307 seconds
[2024-06-25 20:17:57,886] {scheduler_job.py:182} INFO - Started process (PID=71) to work on /home/airflow/.local/lib/python3.6/site-packages/airflow/example_dags/example_short_circuit_operator.py
[2024-06-25 20:17:57,891] {scheduler_job.py:629} INFO - Processing file /home/airflow/.local/lib/python3.6/site-packages/airflow/example_dags/example_short_circuit_operator.py for tasks to queue
[2024-06-25 20:17:57,893] {logging_mixin.py:104} INFO - [2024-06-25 20:17:57,893] {dagbag.py:451} INFO - Filling up the DagBag from /home/airflow/.local/lib/python3.6/site-packages/airflow/example_dags/example_short_circuit_operator.py
[2024-06-25 20:17:57,935] {scheduler_job.py:639} INFO - DAG(s) dict_keys(['example_short_circuit_operator']) retrieved from /home/airflow/.local/lib/python3.6/site-packages/airflow/example_dags/example_short_circuit_operator.py
[2024-06-25 20:17:57,984] {logging_mixin.py:104} INFO - [2024-06-25 20:17:57,984] {dag.py:1824} INFO - Sync 1 DAGs
[2024-06-25 20:17:58,105] {logging_mixin.py:104} INFO - [2024-06-25 20:17:58,104] {dag.py:2280} INFO - Setting next_dagrun for example_short_circuit_operator to 2024-06-23 00:00:00+00:00
[2024-06-25 20:17:58,127] {scheduler_job.py:190} INFO - Processing /home/airflow/.local/lib/python3.6/site-packages/airflow/example_dags/example_short_circuit_operator.py took 0.247 seconds
[2024-06-25 23:10:34,250] {scheduler_job.py:182} INFO - Started process (PID=33) to work on /home/airflow/.local/lib/python3.6/site-packages/airflow/example_dags/example_short_circuit_operator.py
[2024-06-25 23:10:34,292] {scheduler_job.py:629} INFO - Processing file /home/airflow/.local/lib/python3.6/site-packages/airflow/example_dags/example_short_circuit_operator.py for tasks to queue
[2024-06-25 23:10:34,308] {logging_mixin.py:104} INFO - [2024-06-25 23:10:34,308] {dagbag.py:451} INFO - Filling up the DagBag from /home/airflow/.local/lib/python3.6/site-packages/airflow/example_dags/example_short_circuit_operator.py
[2024-06-25 23:10:34,763] {scheduler_job.py:639} INFO - DAG(s) dict_keys(['example_short_circuit_operator']) retrieved from /home/airflow/.local/lib/python3.6/site-packages/airflow/example_dags/example_short_circuit_operator.py
[2024-06-25 23:10:35,996] {logging_mixin.py:104} INFO - [2024-06-25 23:10:35,996] {dag.py:1824} INFO - Sync 1 DAGs
[2024-06-25 23:10:39,115] {logging_mixin.py:104} INFO - [2024-06-25 23:10:39,115] {dag.py:2280} INFO - Setting next_dagrun for example_short_circuit_operator to 2024-06-23 00:00:00+00:00
[2024-06-25 23:10:39,948] {scheduler_job.py:190} INFO - Processing /home/airflow/.local/lib/python3.6/site-packages/airflow/example_dags/example_short_circuit_operator.py took 5.737 seconds
[2024-06-25 23:27:56,847] {scheduler_job.py:182} INFO - Started process (PID=43) to work on /home/airflow/.local/lib/python3.6/site-packages/airflow/example_dags/example_short_circuit_operator.py
[2024-06-25 23:27:56,854] {scheduler_job.py:629} INFO - Processing file /home/airflow/.local/lib/python3.6/site-packages/airflow/example_dags/example_short_circuit_operator.py for tasks to queue
[2024-06-25 23:27:56,864] {logging_mixin.py:104} INFO - [2024-06-25 23:27:56,864] {dagbag.py:451} INFO - Filling up the DagBag from /home/airflow/.local/lib/python3.6/site-packages/airflow/example_dags/example_short_circuit_operator.py
[2024-06-25 23:27:57,025] {scheduler_job.py:639} INFO - DAG(s) dict_keys(['example_short_circuit_operator']) retrieved from /home/airflow/.local/lib/python3.6/site-packages/airflow/example_dags/example_short_circuit_operator.py
[2024-06-25 23:27:57,157] {logging_mixin.py:104} INFO - [2024-06-25 23:27:57,155] {dag.py:1824} INFO - Sync 1 DAGs
[2024-06-25 23:27:57,245] {logging_mixin.py:104} INFO - [2024-06-25 23:27:57,244] {dag.py:2280} INFO - Setting next_dagrun for example_short_circuit_operator to 2024-06-23 00:00:00+00:00
[2024-06-25 23:27:57,296] {scheduler_job.py:190} INFO - Processing /home/airflow/.local/lib/python3.6/site-packages/airflow/example_dags/example_short_circuit_operator.py took 0.467 seconds
[2024-06-25 23:28:29,864] {scheduler_job.py:182} INFO - Started process (PID=69) to work on /home/airflow/.local/lib/python3.6/site-packages/airflow/example_dags/example_short_circuit_operator.py
[2024-06-25 23:28:29,879] {scheduler_job.py:629} INFO - Processing file /home/airflow/.local/lib/python3.6/site-packages/airflow/example_dags/example_short_circuit_operator.py for tasks to queue
[2024-06-25 23:28:29,886] {logging_mixin.py:104} INFO - [2024-06-25 23:28:29,886] {dagbag.py:451} INFO - Filling up the DagBag from /home/airflow/.local/lib/python3.6/site-packages/airflow/example_dags/example_short_circuit_operator.py
[2024-06-25 23:28:30,043] {scheduler_job.py:639} INFO - DAG(s) dict_keys(['example_short_circuit_operator']) retrieved from /home/airflow/.local/lib/python3.6/site-packages/airflow/example_dags/example_short_circuit_operator.py
[2024-06-25 23:28:30,238] {logging_mixin.py:104} INFO - [2024-06-25 23:28:30,230] {dag.py:1824} INFO - Sync 1 DAGs
[2024-06-25 23:28:30,421] {logging_mixin.py:104} INFO - [2024-06-25 23:28:30,421] {dag.py:2280} INFO - Setting next_dagrun for example_short_circuit_operator to 2024-06-23 00:00:00+00:00
[2024-06-25 23:28:30,497] {scheduler_job.py:190} INFO - Processing /home/airflow/.local/lib/python3.6/site-packages/airflow/example_dags/example_short_circuit_operator.py took 0.672 seconds
[2024-06-25 23:29:04,954] {scheduler_job.py:182} INFO - Started process (PID=95) to work on /home/airflow/.local/lib/python3.6/site-packages/airflow/example_dags/example_short_circuit_operator.py
[2024-06-25 23:29:04,957] {scheduler_job.py:629} INFO - Processing file /home/airflow/.local/lib/python3.6/site-packages/airflow/example_dags/example_short_circuit_operator.py for tasks to queue
[2024-06-25 23:29:04,966] {logging_mixin.py:104} INFO - [2024-06-25 23:29:04,966] {dagbag.py:451} INFO - Filling up the DagBag from /home/airflow/.local/lib/python3.6/site-packages/airflow/example_dags/example_short_circuit_operator.py
[2024-06-25 23:29:05,015] {scheduler_job.py:639} INFO - DAG(s) dict_keys(['example_short_circuit_operator']) retrieved from /home/airflow/.local/lib/python3.6/site-packages/airflow/example_dags/example_short_circuit_operator.py
[2024-06-25 23:29:05,075] {logging_mixin.py:104} INFO - [2024-06-25 23:29:05,075] {dag.py:1824} INFO - Sync 1 DAGs
[2024-06-25 23:29:05,192] {logging_mixin.py:104} INFO - [2024-06-25 23:29:05,191] {dag.py:2280} INFO - Setting next_dagrun for example_short_circuit_operator to 2024-06-23 00:00:00+00:00
[2024-06-25 23:29:05,246] {scheduler_job.py:190} INFO - Processing /home/airflow/.local/lib/python3.6/site-packages/airflow/example_dags/example_short_circuit_operator.py took 0.313 seconds
