[2024-06-25 20:05:23,874] {scheduler_job.py:182} INFO - Started process (PID=45) to work on /home/airflow/.local/lib/python3.6/site-packages/airflow/example_dags/example_branch_python_dop_operator_3.py
[2024-06-25 20:05:23,992] {scheduler_job.py:629} INFO - Processing file /home/airflow/.local/lib/python3.6/site-packages/airflow/example_dags/example_branch_python_dop_operator_3.py for tasks to queue
[2024-06-25 20:05:24,017] {logging_mixin.py:104} INFO - [2024-06-25 20:05:24,017] {dagbag.py:451} INFO - Filling up the DagBag from /home/airflow/.local/lib/python3.6/site-packages/airflow/example_dags/example_branch_python_dop_operator_3.py
[2024-06-25 20:05:24,885] {scheduler_job.py:639} INFO - DAG(s) dict_keys(['example_branch_dop_operator_v3']) retrieved from /home/airflow/.local/lib/python3.6/site-packages/airflow/example_dags/example_branch_python_dop_operator_3.py
[2024-06-25 20:05:26,858] {logging_mixin.py:104} INFO - [2024-06-25 20:05:26,857] {dag.py:1824} INFO - Sync 1 DAGs
[2024-06-25 20:05:28,766] {logging_mixin.py:104} INFO - [2024-06-25 20:05:28,766] {dag.py:1843} INFO - Creating ORM DAG for example_branch_dop_operator_v3
[2024-06-25 20:05:29,159] {logging_mixin.py:104} INFO - [2024-06-25 20:05:29,158] {dag.py:2280} INFO - Setting next_dagrun for example_branch_dop_operator_v3 to 2024-06-23 00:00:00+00:00
[2024-06-25 20:05:30,427] {scheduler_job.py:190} INFO - Processing /home/airflow/.local/lib/python3.6/site-packages/airflow/example_dags/example_branch_python_dop_operator_3.py took 6.614 seconds
[2024-06-25 20:06:00,679] {scheduler_job.py:182} INFO - Started process (PID=72) to work on /home/airflow/.local/lib/python3.6/site-packages/airflow/example_dags/example_branch_python_dop_operator_3.py
[2024-06-25 20:06:00,684] {scheduler_job.py:629} INFO - Processing file /home/airflow/.local/lib/python3.6/site-packages/airflow/example_dags/example_branch_python_dop_operator_3.py for tasks to queue
[2024-06-25 20:06:00,686] {logging_mixin.py:104} INFO - [2024-06-25 20:06:00,686] {dagbag.py:451} INFO - Filling up the DagBag from /home/airflow/.local/lib/python3.6/site-packages/airflow/example_dags/example_branch_python_dop_operator_3.py
[2024-06-25 20:06:00,737] {scheduler_job.py:639} INFO - DAG(s) dict_keys(['example_branch_dop_operator_v3']) retrieved from /home/airflow/.local/lib/python3.6/site-packages/airflow/example_dags/example_branch_python_dop_operator_3.py
[2024-06-25 20:06:00,862] {logging_mixin.py:104} INFO - [2024-06-25 20:06:00,862] {dag.py:1824} INFO - Sync 1 DAGs
[2024-06-25 20:06:00,974] {logging_mixin.py:104} INFO - [2024-06-25 20:06:00,973] {dag.py:2280} INFO - Setting next_dagrun for example_branch_dop_operator_v3 to 2024-06-23 00:00:00+00:00
[2024-06-25 20:06:01,047] {scheduler_job.py:190} INFO - Processing /home/airflow/.local/lib/python3.6/site-packages/airflow/example_dags/example_branch_python_dop_operator_3.py took 0.384 seconds
[2024-06-25 20:06:31,112] {scheduler_job.py:182} INFO - Started process (PID=97) to work on /home/airflow/.local/lib/python3.6/site-packages/airflow/example_dags/example_branch_python_dop_operator_3.py
[2024-06-25 20:06:31,114] {scheduler_job.py:629} INFO - Processing file /home/airflow/.local/lib/python3.6/site-packages/airflow/example_dags/example_branch_python_dop_operator_3.py for tasks to queue
[2024-06-25 20:06:31,116] {logging_mixin.py:104} INFO - [2024-06-25 20:06:31,116] {dagbag.py:451} INFO - Filling up the DagBag from /home/airflow/.local/lib/python3.6/site-packages/airflow/example_dags/example_branch_python_dop_operator_3.py
[2024-06-25 20:06:31,151] {scheduler_job.py:639} INFO - DAG(s) dict_keys(['example_branch_dop_operator_v3']) retrieved from /home/airflow/.local/lib/python3.6/site-packages/airflow/example_dags/example_branch_python_dop_operator_3.py
[2024-06-25 20:06:31,202] {logging_mixin.py:104} INFO - [2024-06-25 20:06:31,201] {dag.py:1824} INFO - Sync 1 DAGs
[2024-06-25 20:06:31,275] {logging_mixin.py:104} INFO - [2024-06-25 20:06:31,275] {dag.py:2280} INFO - Setting next_dagrun for example_branch_dop_operator_v3 to 2024-06-23 00:00:00+00:00
[2024-06-25 20:06:31,295] {scheduler_job.py:190} INFO - Processing /home/airflow/.local/lib/python3.6/site-packages/airflow/example_dags/example_branch_python_dop_operator_3.py took 0.189 seconds
[2024-06-25 20:07:02,083] {scheduler_job.py:182} INFO - Started process (PID=124) to work on /home/airflow/.local/lib/python3.6/site-packages/airflow/example_dags/example_branch_python_dop_operator_3.py
[2024-06-25 20:07:02,087] {scheduler_job.py:629} INFO - Processing file /home/airflow/.local/lib/python3.6/site-packages/airflow/example_dags/example_branch_python_dop_operator_3.py for tasks to queue
[2024-06-25 20:07:02,091] {logging_mixin.py:104} INFO - [2024-06-25 20:07:02,091] {dagbag.py:451} INFO - Filling up the DagBag from /home/airflow/.local/lib/python3.6/site-packages/airflow/example_dags/example_branch_python_dop_operator_3.py
[2024-06-25 20:07:02,152] {scheduler_job.py:639} INFO - DAG(s) dict_keys(['example_branch_dop_operator_v3']) retrieved from /home/airflow/.local/lib/python3.6/site-packages/airflow/example_dags/example_branch_python_dop_operator_3.py
[2024-06-25 20:07:02,222] {logging_mixin.py:104} INFO - [2024-06-25 20:07:02,222] {dag.py:1824} INFO - Sync 1 DAGs
[2024-06-25 20:07:02,316] {logging_mixin.py:104} INFO - [2024-06-25 20:07:02,316] {dag.py:2280} INFO - Setting next_dagrun for example_branch_dop_operator_v3 to 2024-06-23 00:00:00+00:00
[2024-06-25 20:07:02,393] {scheduler_job.py:190} INFO - Processing /home/airflow/.local/lib/python3.6/site-packages/airflow/example_dags/example_branch_python_dop_operator_3.py took 0.316 seconds
[2024-06-25 20:07:32,759] {scheduler_job.py:182} INFO - Started process (PID=150) to work on /home/airflow/.local/lib/python3.6/site-packages/airflow/example_dags/example_branch_python_dop_operator_3.py
[2024-06-25 20:07:32,768] {scheduler_job.py:629} INFO - Processing file /home/airflow/.local/lib/python3.6/site-packages/airflow/example_dags/example_branch_python_dop_operator_3.py for tasks to queue
[2024-06-25 20:07:32,770] {logging_mixin.py:104} INFO - [2024-06-25 20:07:32,770] {dagbag.py:451} INFO - Filling up the DagBag from /home/airflow/.local/lib/python3.6/site-packages/airflow/example_dags/example_branch_python_dop_operator_3.py
[2024-06-25 20:07:32,814] {scheduler_job.py:639} INFO - DAG(s) dict_keys(['example_branch_dop_operator_v3']) retrieved from /home/airflow/.local/lib/python3.6/site-packages/airflow/example_dags/example_branch_python_dop_operator_3.py
[2024-06-25 20:07:33,326] {logging_mixin.py:104} INFO - [2024-06-25 20:07:33,326] {dag.py:1824} INFO - Sync 1 DAGs
[2024-06-25 20:07:33,498] {logging_mixin.py:104} INFO - [2024-06-25 20:07:33,497] {dag.py:2280} INFO - Setting next_dagrun for example_branch_dop_operator_v3 to 2024-06-23 00:00:00+00:00
[2024-06-25 20:07:33,649] {scheduler_job.py:190} INFO - Processing /home/airflow/.local/lib/python3.6/site-packages/airflow/example_dags/example_branch_python_dop_operator_3.py took 0.907 seconds
[2024-06-25 20:09:59,234] {scheduler_job.py:182} INFO - Started process (PID=187) to work on /home/airflow/.local/lib/python3.6/site-packages/airflow/example_dags/example_branch_python_dop_operator_3.py
[2024-06-25 20:09:59,240] {scheduler_job.py:629} INFO - Processing file /home/airflow/.local/lib/python3.6/site-packages/airflow/example_dags/example_branch_python_dop_operator_3.py for tasks to queue
[2024-06-25 20:09:59,264] {logging_mixin.py:104} INFO - [2024-06-25 20:09:59,264] {dagbag.py:451} INFO - Filling up the DagBag from /home/airflow/.local/lib/python3.6/site-packages/airflow/example_dags/example_branch_python_dop_operator_3.py
[2024-06-25 20:09:59,436] {scheduler_job.py:639} INFO - DAG(s) dict_keys(['example_branch_dop_operator_v3']) retrieved from /home/airflow/.local/lib/python3.6/site-packages/airflow/example_dags/example_branch_python_dop_operator_3.py
[2024-06-25 20:09:59,655] {logging_mixin.py:104} INFO - [2024-06-25 20:09:59,655] {dag.py:1824} INFO - Sync 1 DAGs
[2024-06-25 20:09:59,870] {logging_mixin.py:104} INFO - [2024-06-25 20:09:59,867] {dag.py:2280} INFO - Setting next_dagrun for example_branch_dop_operator_v3 to 2024-06-23 00:00:00+00:00
[2024-06-25 20:09:59,922] {scheduler_job.py:190} INFO - Processing /home/airflow/.local/lib/python3.6/site-packages/airflow/example_dags/example_branch_python_dop_operator_3.py took 0.715 seconds
[2024-06-25 20:12:31,533] {scheduler_job.py:182} INFO - Started process (PID=213) to work on /home/airflow/.local/lib/python3.6/site-packages/airflow/example_dags/example_branch_python_dop_operator_3.py
[2024-06-25 20:12:31,540] {scheduler_job.py:629} INFO - Processing file /home/airflow/.local/lib/python3.6/site-packages/airflow/example_dags/example_branch_python_dop_operator_3.py for tasks to queue
[2024-06-25 20:12:31,542] {logging_mixin.py:104} INFO - [2024-06-25 20:12:31,542] {dagbag.py:451} INFO - Filling up the DagBag from /home/airflow/.local/lib/python3.6/site-packages/airflow/example_dags/example_branch_python_dop_operator_3.py
[2024-06-25 20:12:31,620] {scheduler_job.py:639} INFO - DAG(s) dict_keys(['example_branch_dop_operator_v3']) retrieved from /home/airflow/.local/lib/python3.6/site-packages/airflow/example_dags/example_branch_python_dop_operator_3.py
[2024-06-25 20:12:31,833] {logging_mixin.py:104} INFO - [2024-06-25 20:12:31,833] {dag.py:1824} INFO - Sync 1 DAGs
[2024-06-25 20:12:31,917] {logging_mixin.py:104} INFO - [2024-06-25 20:12:31,917] {dag.py:2280} INFO - Setting next_dagrun for example_branch_dop_operator_v3 to 2024-06-23 00:00:00+00:00
[2024-06-25 20:12:31,962] {scheduler_job.py:190} INFO - Processing /home/airflow/.local/lib/python3.6/site-packages/airflow/example_dags/example_branch_python_dop_operator_3.py took 0.440 seconds
[2024-06-25 20:17:21,411] {scheduler_job.py:182} INFO - Started process (PID=33) to work on /home/airflow/.local/lib/python3.6/site-packages/airflow/example_dags/example_branch_python_dop_operator_3.py
[2024-06-25 20:17:21,414] {scheduler_job.py:629} INFO - Processing file /home/airflow/.local/lib/python3.6/site-packages/airflow/example_dags/example_branch_python_dop_operator_3.py for tasks to queue
[2024-06-25 20:17:21,416] {logging_mixin.py:104} INFO - [2024-06-25 20:17:21,416] {dagbag.py:451} INFO - Filling up the DagBag from /home/airflow/.local/lib/python3.6/site-packages/airflow/example_dags/example_branch_python_dop_operator_3.py
[2024-06-25 20:17:21,455] {scheduler_job.py:639} INFO - DAG(s) dict_keys(['example_branch_dop_operator_v3']) retrieved from /home/airflow/.local/lib/python3.6/site-packages/airflow/example_dags/example_branch_python_dop_operator_3.py
[2024-06-25 20:17:21,616] {logging_mixin.py:104} INFO - [2024-06-25 20:17:21,616] {dag.py:1824} INFO - Sync 1 DAGs
[2024-06-25 20:17:21,950] {logging_mixin.py:104} INFO - [2024-06-25 20:17:21,950] {dag.py:2280} INFO - Setting next_dagrun for example_branch_dop_operator_v3 to 2024-06-23 00:00:00+00:00
[2024-06-25 20:17:22,016] {scheduler_job.py:190} INFO - Processing /home/airflow/.local/lib/python3.6/site-packages/airflow/example_dags/example_branch_python_dop_operator_3.py took 0.613 seconds
[2024-06-25 20:17:52,955] {scheduler_job.py:182} INFO - Started process (PID=56) to work on /home/airflow/.local/lib/python3.6/site-packages/airflow/example_dags/example_branch_python_dop_operator_3.py
[2024-06-25 20:17:52,986] {scheduler_job.py:629} INFO - Processing file /home/airflow/.local/lib/python3.6/site-packages/airflow/example_dags/example_branch_python_dop_operator_3.py for tasks to queue
[2024-06-25 20:17:52,996] {logging_mixin.py:104} INFO - [2024-06-25 20:17:52,996] {dagbag.py:451} INFO - Filling up the DagBag from /home/airflow/.local/lib/python3.6/site-packages/airflow/example_dags/example_branch_python_dop_operator_3.py
[2024-06-25 20:17:53,401] {scheduler_job.py:639} INFO - DAG(s) dict_keys(['example_branch_dop_operator_v3']) retrieved from /home/airflow/.local/lib/python3.6/site-packages/airflow/example_dags/example_branch_python_dop_operator_3.py
[2024-06-25 20:17:53,630] {logging_mixin.py:104} INFO - [2024-06-25 20:17:53,629] {dag.py:1824} INFO - Sync 1 DAGs
[2024-06-25 20:17:54,594] {logging_mixin.py:104} INFO - [2024-06-25 20:17:54,593] {dag.py:2280} INFO - Setting next_dagrun for example_branch_dop_operator_v3 to 2024-06-23 00:00:00+00:00
[2024-06-25 20:17:54,794] {scheduler_job.py:190} INFO - Processing /home/airflow/.local/lib/python3.6/site-packages/airflow/example_dags/example_branch_python_dop_operator_3.py took 1.852 seconds
[2024-06-25 23:10:28,325] {scheduler_job.py:182} INFO - Started process (PID=28) to work on /home/airflow/.local/lib/python3.6/site-packages/airflow/example_dags/example_branch_python_dop_operator_3.py
[2024-06-25 23:10:28,384] {scheduler_job.py:629} INFO - Processing file /home/airflow/.local/lib/python3.6/site-packages/airflow/example_dags/example_branch_python_dop_operator_3.py for tasks to queue
[2024-06-25 23:10:28,390] {logging_mixin.py:104} INFO - [2024-06-25 23:10:28,389] {dagbag.py:451} INFO - Filling up the DagBag from /home/airflow/.local/lib/python3.6/site-packages/airflow/example_dags/example_branch_python_dop_operator_3.py
[2024-06-25 23:10:29,389] {scheduler_job.py:639} INFO - DAG(s) dict_keys(['example_branch_dop_operator_v3']) retrieved from /home/airflow/.local/lib/python3.6/site-packages/airflow/example_dags/example_branch_python_dop_operator_3.py
[2024-06-25 23:10:29,971] {logging_mixin.py:104} INFO - [2024-06-25 23:10:29,971] {dag.py:1824} INFO - Sync 1 DAGs
[2024-06-25 23:10:30,759] {logging_mixin.py:104} INFO - [2024-06-25 23:10:30,759] {dag.py:2280} INFO - Setting next_dagrun for example_branch_dop_operator_v3 to 2024-06-23 00:00:00+00:00
[2024-06-25 23:10:31,024] {scheduler_job.py:190} INFO - Processing /home/airflow/.local/lib/python3.6/site-packages/airflow/example_dags/example_branch_python_dop_operator_3.py took 2.731 seconds
[2024-06-25 23:27:57,926] {scheduler_job.py:182} INFO - Started process (PID=47) to work on /home/airflow/.local/lib/python3.6/site-packages/airflow/example_dags/example_branch_python_dop_operator_3.py
[2024-06-25 23:27:58,004] {scheduler_job.py:629} INFO - Processing file /home/airflow/.local/lib/python3.6/site-packages/airflow/example_dags/example_branch_python_dop_operator_3.py for tasks to queue
[2024-06-25 23:27:58,014] {logging_mixin.py:104} INFO - [2024-06-25 23:27:58,014] {dagbag.py:451} INFO - Filling up the DagBag from /home/airflow/.local/lib/python3.6/site-packages/airflow/example_dags/example_branch_python_dop_operator_3.py
[2024-06-25 23:27:58,154] {scheduler_job.py:639} INFO - DAG(s) dict_keys(['example_branch_dop_operator_v3']) retrieved from /home/airflow/.local/lib/python3.6/site-packages/airflow/example_dags/example_branch_python_dop_operator_3.py
[2024-06-25 23:27:58,458] {logging_mixin.py:104} INFO - [2024-06-25 23:27:58,457] {dag.py:1824} INFO - Sync 1 DAGs
[2024-06-25 23:27:58,853] {logging_mixin.py:104} INFO - [2024-06-25 23:27:58,853] {dag.py:2280} INFO - Setting next_dagrun for example_branch_dop_operator_v3 to 2024-06-23 00:00:00+00:00
[2024-06-25 23:27:58,954] {scheduler_job.py:190} INFO - Processing /home/airflow/.local/lib/python3.6/site-packages/airflow/example_dags/example_branch_python_dop_operator_3.py took 1.055 seconds
[2024-06-25 23:28:32,904] {scheduler_job.py:182} INFO - Started process (PID=77) to work on /home/airflow/.local/lib/python3.6/site-packages/airflow/example_dags/example_branch_python_dop_operator_3.py
[2024-06-25 23:28:32,921] {scheduler_job.py:629} INFO - Processing file /home/airflow/.local/lib/python3.6/site-packages/airflow/example_dags/example_branch_python_dop_operator_3.py for tasks to queue
[2024-06-25 23:28:32,924] {logging_mixin.py:104} INFO - [2024-06-25 23:28:32,924] {dagbag.py:451} INFO - Filling up the DagBag from /home/airflow/.local/lib/python3.6/site-packages/airflow/example_dags/example_branch_python_dop_operator_3.py
[2024-06-25 23:28:33,034] {scheduler_job.py:639} INFO - DAG(s) dict_keys(['example_branch_dop_operator_v3']) retrieved from /home/airflow/.local/lib/python3.6/site-packages/airflow/example_dags/example_branch_python_dop_operator_3.py
[2024-06-25 23:28:33,245] {logging_mixin.py:104} INFO - [2024-06-25 23:28:33,245] {dag.py:1824} INFO - Sync 1 DAGs
[2024-06-25 23:28:33,639] {logging_mixin.py:104} INFO - [2024-06-25 23:28:33,639] {dag.py:2280} INFO - Setting next_dagrun for example_branch_dop_operator_v3 to 2024-06-23 00:00:00+00:00
[2024-06-25 23:28:33,825] {scheduler_job.py:190} INFO - Processing /home/airflow/.local/lib/python3.6/site-packages/airflow/example_dags/example_branch_python_dop_operator_3.py took 0.926 seconds
[2024-06-25 23:29:07,084] {scheduler_job.py:182} INFO - Started process (PID=103) to work on /home/airflow/.local/lib/python3.6/site-packages/airflow/example_dags/example_branch_python_dop_operator_3.py
[2024-06-25 23:29:07,089] {scheduler_job.py:629} INFO - Processing file /home/airflow/.local/lib/python3.6/site-packages/airflow/example_dags/example_branch_python_dop_operator_3.py for tasks to queue
[2024-06-25 23:29:07,097] {logging_mixin.py:104} INFO - [2024-06-25 23:29:07,097] {dagbag.py:451} INFO - Filling up the DagBag from /home/airflow/.local/lib/python3.6/site-packages/airflow/example_dags/example_branch_python_dop_operator_3.py
[2024-06-25 23:29:07,264] {scheduler_job.py:639} INFO - DAG(s) dict_keys(['example_branch_dop_operator_v3']) retrieved from /home/airflow/.local/lib/python3.6/site-packages/airflow/example_dags/example_branch_python_dop_operator_3.py
[2024-06-25 23:29:07,430] {logging_mixin.py:104} INFO - [2024-06-25 23:29:07,429] {dag.py:1824} INFO - Sync 1 DAGs
[2024-06-25 23:29:07,578] {logging_mixin.py:104} INFO - [2024-06-25 23:29:07,577] {dag.py:2280} INFO - Setting next_dagrun for example_branch_dop_operator_v3 to 2024-06-23 00:00:00+00:00
[2024-06-25 23:29:07,630] {scheduler_job.py:190} INFO - Processing /home/airflow/.local/lib/python3.6/site-packages/airflow/example_dags/example_branch_python_dop_operator_3.py took 0.565 seconds
