[2024-06-25 20:04:55,822] {scheduler_job.py:182} INFO - Started process (PID=35) to work on /home/airflow/.local/lib/python3.6/site-packages/airflow/example_dags/example_kubernetes_executor_config.py
[2024-06-25 20:04:55,842] {scheduler_job.py:629} INFO - Processing file /home/airflow/.local/lib/python3.6/site-packages/airflow/example_dags/example_kubernetes_executor_config.py for tasks to queue
[2024-06-25 20:04:55,847] {logging_mixin.py:104} INFO - [2024-06-25 20:04:55,847] {dagbag.py:451} INFO - Filling up the DagBag from /home/airflow/.local/lib/python3.6/site-packages/airflow/example_dags/example_kubernetes_executor_config.py
[2024-06-25 20:04:56,466] {scheduler_job.py:639} INFO - DAG(s) dict_keys(['example_kubernetes_executor_config']) retrieved from /home/airflow/.local/lib/python3.6/site-packages/airflow/example_dags/example_kubernetes_executor_config.py
[2024-06-25 20:04:56,814] {logging_mixin.py:104} INFO - [2024-06-25 20:04:56,803] {dag.py:1824} INFO - Sync 1 DAGs
[2024-06-25 20:04:56,909] {logging_mixin.py:104} INFO - [2024-06-25 20:04:56,908] {dag.py:1843} INFO - Creating ORM DAG for example_kubernetes_executor_config
[2024-06-25 20:04:57,357] {logging_mixin.py:104} INFO - [2024-06-25 20:04:57,357] {dag.py:2280} INFO - Setting next_dagrun for example_kubernetes_executor_config to None
[2024-06-25 20:04:59,358] {scheduler_job.py:190} INFO - Processing /home/airflow/.local/lib/python3.6/site-packages/airflow/example_dags/example_kubernetes_executor_config.py took 3.663 seconds
[2024-06-25 20:05:48,768] {scheduler_job.py:182} INFO - Started process (PID=61) to work on /home/airflow/.local/lib/python3.6/site-packages/airflow/example_dags/example_kubernetes_executor_config.py
[2024-06-25 20:05:48,803] {scheduler_job.py:629} INFO - Processing file /home/airflow/.local/lib/python3.6/site-packages/airflow/example_dags/example_kubernetes_executor_config.py for tasks to queue
[2024-06-25 20:05:48,813] {logging_mixin.py:104} INFO - [2024-06-25 20:05:48,813] {dagbag.py:451} INFO - Filling up the DagBag from /home/airflow/.local/lib/python3.6/site-packages/airflow/example_dags/example_kubernetes_executor_config.py
[2024-06-25 20:05:49,042] {scheduler_job.py:639} INFO - DAG(s) dict_keys(['example_kubernetes_executor_config']) retrieved from /home/airflow/.local/lib/python3.6/site-packages/airflow/example_dags/example_kubernetes_executor_config.py
[2024-06-25 20:05:49,366] {logging_mixin.py:104} INFO - [2024-06-25 20:05:49,366] {dag.py:1824} INFO - Sync 1 DAGs
[2024-06-25 20:05:49,579] {logging_mixin.py:104} INFO - [2024-06-25 20:05:49,579] {dag.py:2280} INFO - Setting next_dagrun for example_kubernetes_executor_config to None
[2024-06-25 20:05:49,946] {scheduler_job.py:190} INFO - Processing /home/airflow/.local/lib/python3.6/site-packages/airflow/example_dags/example_kubernetes_executor_config.py took 1.207 seconds
[2024-06-25 20:06:20,701] {scheduler_job.py:182} INFO - Started process (PID=87) to work on /home/airflow/.local/lib/python3.6/site-packages/airflow/example_dags/example_kubernetes_executor_config.py
[2024-06-25 20:06:20,710] {scheduler_job.py:629} INFO - Processing file /home/airflow/.local/lib/python3.6/site-packages/airflow/example_dags/example_kubernetes_executor_config.py for tasks to queue
[2024-06-25 20:06:20,711] {logging_mixin.py:104} INFO - [2024-06-25 20:06:20,711] {dagbag.py:451} INFO - Filling up the DagBag from /home/airflow/.local/lib/python3.6/site-packages/airflow/example_dags/example_kubernetes_executor_config.py
[2024-06-25 20:06:20,747] {scheduler_job.py:639} INFO - DAG(s) dict_keys(['example_kubernetes_executor_config']) retrieved from /home/airflow/.local/lib/python3.6/site-packages/airflow/example_dags/example_kubernetes_executor_config.py
[2024-06-25 20:06:20,812] {logging_mixin.py:104} INFO - [2024-06-25 20:06:20,812] {dag.py:1824} INFO - Sync 1 DAGs
[2024-06-25 20:06:20,861] {logging_mixin.py:104} INFO - [2024-06-25 20:06:20,861] {dag.py:2280} INFO - Setting next_dagrun for example_kubernetes_executor_config to None
[2024-06-25 20:06:20,896] {scheduler_job.py:190} INFO - Processing /home/airflow/.local/lib/python3.6/site-packages/airflow/example_dags/example_kubernetes_executor_config.py took 0.199 seconds
[2024-06-25 20:06:51,556] {scheduler_job.py:182} INFO - Started process (PID=113) to work on /home/airflow/.local/lib/python3.6/site-packages/airflow/example_dags/example_kubernetes_executor_config.py
[2024-06-25 20:06:51,566] {scheduler_job.py:629} INFO - Processing file /home/airflow/.local/lib/python3.6/site-packages/airflow/example_dags/example_kubernetes_executor_config.py for tasks to queue
[2024-06-25 20:06:51,571] {logging_mixin.py:104} INFO - [2024-06-25 20:06:51,570] {dagbag.py:451} INFO - Filling up the DagBag from /home/airflow/.local/lib/python3.6/site-packages/airflow/example_dags/example_kubernetes_executor_config.py
[2024-06-25 20:06:51,633] {scheduler_job.py:639} INFO - DAG(s) dict_keys(['example_kubernetes_executor_config']) retrieved from /home/airflow/.local/lib/python3.6/site-packages/airflow/example_dags/example_kubernetes_executor_config.py
[2024-06-25 20:06:51,750] {logging_mixin.py:104} INFO - [2024-06-25 20:06:51,750] {dag.py:1824} INFO - Sync 1 DAGs
[2024-06-25 20:06:51,846] {logging_mixin.py:104} INFO - [2024-06-25 20:06:51,843] {dag.py:2280} INFO - Setting next_dagrun for example_kubernetes_executor_config to None
[2024-06-25 20:06:51,914] {scheduler_job.py:190} INFO - Processing /home/airflow/.local/lib/python3.6/site-packages/airflow/example_dags/example_kubernetes_executor_config.py took 0.378 seconds
[2024-06-25 20:07:22,229] {scheduler_job.py:182} INFO - Started process (PID=139) to work on /home/airflow/.local/lib/python3.6/site-packages/airflow/example_dags/example_kubernetes_executor_config.py
[2024-06-25 20:07:22,242] {scheduler_job.py:629} INFO - Processing file /home/airflow/.local/lib/python3.6/site-packages/airflow/example_dags/example_kubernetes_executor_config.py for tasks to queue
[2024-06-25 20:07:22,263] {logging_mixin.py:104} INFO - [2024-06-25 20:07:22,263] {dagbag.py:451} INFO - Filling up the DagBag from /home/airflow/.local/lib/python3.6/site-packages/airflow/example_dags/example_kubernetes_executor_config.py
[2024-06-25 20:07:22,512] {scheduler_job.py:639} INFO - DAG(s) dict_keys(['example_kubernetes_executor_config']) retrieved from /home/airflow/.local/lib/python3.6/site-packages/airflow/example_dags/example_kubernetes_executor_config.py
[2024-06-25 20:07:22,593] {logging_mixin.py:104} INFO - [2024-06-25 20:07:22,593] {dag.py:1824} INFO - Sync 1 DAGs
[2024-06-25 20:07:22,686] {logging_mixin.py:104} INFO - [2024-06-25 20:07:22,683] {dag.py:2280} INFO - Setting next_dagrun for example_kubernetes_executor_config to None
[2024-06-25 20:07:22,740] {scheduler_job.py:190} INFO - Processing /home/airflow/.local/lib/python3.6/site-packages/airflow/example_dags/example_kubernetes_executor_config.py took 0.521 seconds
[2024-06-25 20:08:09,724] {scheduler_job.py:182} INFO - Started process (PID=165) to work on /home/airflow/.local/lib/python3.6/site-packages/airflow/example_dags/example_kubernetes_executor_config.py
[2024-06-25 20:08:09,743] {scheduler_job.py:629} INFO - Processing file /home/airflow/.local/lib/python3.6/site-packages/airflow/example_dags/example_kubernetes_executor_config.py for tasks to queue
[2024-06-25 20:08:09,761] {logging_mixin.py:104} INFO - [2024-06-25 20:08:09,761] {dagbag.py:451} INFO - Filling up the DagBag from /home/airflow/.local/lib/python3.6/site-packages/airflow/example_dags/example_kubernetes_executor_config.py
[2024-06-25 20:08:11,160] {scheduler_job.py:639} INFO - DAG(s) dict_keys(['example_kubernetes_executor_config']) retrieved from /home/airflow/.local/lib/python3.6/site-packages/airflow/example_dags/example_kubernetes_executor_config.py
[2024-06-25 20:08:14,311] {logging_mixin.py:104} INFO - [2024-06-25 20:08:14,218] {dag.py:1824} INFO - Sync 1 DAGs
[2024-06-25 20:08:15,545] {logging_mixin.py:104} INFO - [2024-06-25 20:08:15,506] {dag.py:2280} INFO - Setting next_dagrun for example_kubernetes_executor_config to None
[2024-06-25 20:08:20,978] {scheduler_job.py:190} INFO - Processing /home/airflow/.local/lib/python3.6/site-packages/airflow/example_dags/example_kubernetes_executor_config.py took 11.290 seconds
[2024-06-25 20:09:54,450] {scheduler_job.py:182} INFO - Started process (PID=177) to work on /home/airflow/.local/lib/python3.6/site-packages/airflow/example_dags/example_kubernetes_executor_config.py
[2024-06-25 20:09:54,455] {scheduler_job.py:629} INFO - Processing file /home/airflow/.local/lib/python3.6/site-packages/airflow/example_dags/example_kubernetes_executor_config.py for tasks to queue
[2024-06-25 20:09:54,458] {logging_mixin.py:104} INFO - [2024-06-25 20:09:54,458] {dagbag.py:451} INFO - Filling up the DagBag from /home/airflow/.local/lib/python3.6/site-packages/airflow/example_dags/example_kubernetes_executor_config.py
[2024-06-25 20:09:54,575] {scheduler_job.py:639} INFO - DAG(s) dict_keys(['example_kubernetes_executor_config']) retrieved from /home/airflow/.local/lib/python3.6/site-packages/airflow/example_dags/example_kubernetes_executor_config.py
[2024-06-25 20:09:54,724] {logging_mixin.py:104} INFO - [2024-06-25 20:09:54,724] {dag.py:1824} INFO - Sync 1 DAGs
[2024-06-25 20:09:54,821] {logging_mixin.py:104} INFO - [2024-06-25 20:09:54,821] {dag.py:2280} INFO - Setting next_dagrun for example_kubernetes_executor_config to None
[2024-06-25 20:09:54,906] {scheduler_job.py:190} INFO - Processing /home/airflow/.local/lib/python3.6/site-packages/airflow/example_dags/example_kubernetes_executor_config.py took 0.466 seconds
[2024-06-25 20:12:28,793] {scheduler_job.py:182} INFO - Started process (PID=203) to work on /home/airflow/.local/lib/python3.6/site-packages/airflow/example_dags/example_kubernetes_executor_config.py
[2024-06-25 20:12:28,813] {scheduler_job.py:629} INFO - Processing file /home/airflow/.local/lib/python3.6/site-packages/airflow/example_dags/example_kubernetes_executor_config.py for tasks to queue
[2024-06-25 20:12:28,816] {logging_mixin.py:104} INFO - [2024-06-25 20:12:28,815] {dagbag.py:451} INFO - Filling up the DagBag from /home/airflow/.local/lib/python3.6/site-packages/airflow/example_dags/example_kubernetes_executor_config.py
[2024-06-25 20:12:29,162] {scheduler_job.py:639} INFO - DAG(s) dict_keys(['example_kubernetes_executor_config']) retrieved from /home/airflow/.local/lib/python3.6/site-packages/airflow/example_dags/example_kubernetes_executor_config.py
[2024-06-25 20:12:29,530] {logging_mixin.py:104} INFO - [2024-06-25 20:12:29,530] {dag.py:1824} INFO - Sync 1 DAGs
[2024-06-25 20:12:29,650] {logging_mixin.py:104} INFO - [2024-06-25 20:12:29,649] {dag.py:2280} INFO - Setting next_dagrun for example_kubernetes_executor_config to None
[2024-06-25 20:12:29,727] {scheduler_job.py:190} INFO - Processing /home/airflow/.local/lib/python3.6/site-packages/airflow/example_dags/example_kubernetes_executor_config.py took 0.958 seconds
[2024-06-25 20:14:47,763] {scheduler_job.py:182} INFO - Started process (PID=229) to work on /home/airflow/.local/lib/python3.6/site-packages/airflow/example_dags/example_kubernetes_executor_config.py
[2024-06-25 20:14:47,772] {scheduler_job.py:629} INFO - Processing file /home/airflow/.local/lib/python3.6/site-packages/airflow/example_dags/example_kubernetes_executor_config.py for tasks to queue
[2024-06-25 20:14:47,782] {logging_mixin.py:104} INFO - [2024-06-25 20:14:47,782] {dagbag.py:451} INFO - Filling up the DagBag from /home/airflow/.local/lib/python3.6/site-packages/airflow/example_dags/example_kubernetes_executor_config.py
[2024-06-25 20:14:47,856] {scheduler_job.py:639} INFO - DAG(s) dict_keys(['example_kubernetes_executor_config']) retrieved from /home/airflow/.local/lib/python3.6/site-packages/airflow/example_dags/example_kubernetes_executor_config.py
[2024-06-25 20:14:48,002] {logging_mixin.py:104} INFO - [2024-06-25 20:14:48,002] {dag.py:1824} INFO - Sync 1 DAGs
[2024-06-25 20:14:48,062] {logging_mixin.py:104} INFO - [2024-06-25 20:14:48,061] {dag.py:2280} INFO - Setting next_dagrun for example_kubernetes_executor_config to None
[2024-06-25 20:14:48,218] {scheduler_job.py:190} INFO - Processing /home/airflow/.local/lib/python3.6/site-packages/airflow/example_dags/example_kubernetes_executor_config.py took 0.517 seconds
[2024-06-25 20:17:23,432] {scheduler_job.py:182} INFO - Started process (PID=41) to work on /home/airflow/.local/lib/python3.6/site-packages/airflow/example_dags/example_kubernetes_executor_config.py
[2024-06-25 20:17:23,440] {scheduler_job.py:629} INFO - Processing file /home/airflow/.local/lib/python3.6/site-packages/airflow/example_dags/example_kubernetes_executor_config.py for tasks to queue
[2024-06-25 20:17:23,443] {logging_mixin.py:104} INFO - [2024-06-25 20:17:23,442] {dagbag.py:451} INFO - Filling up the DagBag from /home/airflow/.local/lib/python3.6/site-packages/airflow/example_dags/example_kubernetes_executor_config.py
[2024-06-25 20:17:23,615] {scheduler_job.py:639} INFO - DAG(s) dict_keys(['example_kubernetes_executor_config']) retrieved from /home/airflow/.local/lib/python3.6/site-packages/airflow/example_dags/example_kubernetes_executor_config.py
[2024-06-25 20:17:23,997] {logging_mixin.py:104} INFO - [2024-06-25 20:17:23,997] {dag.py:1824} INFO - Sync 1 DAGs
[2024-06-25 20:17:24,302] {logging_mixin.py:104} INFO - [2024-06-25 20:17:24,302] {dag.py:2280} INFO - Setting next_dagrun for example_kubernetes_executor_config to None
[2024-06-25 20:17:24,391] {scheduler_job.py:190} INFO - Processing /home/airflow/.local/lib/python3.6/site-packages/airflow/example_dags/example_kubernetes_executor_config.py took 0.969 seconds
[2024-06-25 20:17:56,540] {scheduler_job.py:182} INFO - Started process (PID=64) to work on /home/airflow/.local/lib/python3.6/site-packages/airflow/example_dags/example_kubernetes_executor_config.py
[2024-06-25 20:17:56,544] {scheduler_job.py:629} INFO - Processing file /home/airflow/.local/lib/python3.6/site-packages/airflow/example_dags/example_kubernetes_executor_config.py for tasks to queue
[2024-06-25 20:17:56,548] {logging_mixin.py:104} INFO - [2024-06-25 20:17:56,548] {dagbag.py:451} INFO - Filling up the DagBag from /home/airflow/.local/lib/python3.6/site-packages/airflow/example_dags/example_kubernetes_executor_config.py
[2024-06-25 20:17:56,672] {scheduler_job.py:639} INFO - DAG(s) dict_keys(['example_kubernetes_executor_config']) retrieved from /home/airflow/.local/lib/python3.6/site-packages/airflow/example_dags/example_kubernetes_executor_config.py
[2024-06-25 20:17:56,788] {logging_mixin.py:104} INFO - [2024-06-25 20:17:56,787] {dag.py:1824} INFO - Sync 1 DAGs
[2024-06-25 20:17:56,889] {logging_mixin.py:104} INFO - [2024-06-25 20:17:56,888] {dag.py:2280} INFO - Setting next_dagrun for example_kubernetes_executor_config to None
[2024-06-25 20:17:56,943] {scheduler_job.py:190} INFO - Processing /home/airflow/.local/lib/python3.6/site-packages/airflow/example_dags/example_kubernetes_executor_config.py took 0.414 seconds
