[2024-06-25 20:04:47,895] {scheduler_job.py:182} INFO - Started process (PID=28) to work on /home/airflow/.local/lib/python3.6/site-packages/airflow/example_dags/example_external_task_marker_dag.py
[2024-06-25 20:04:47,900] {scheduler_job.py:629} INFO - Processing file /home/airflow/.local/lib/python3.6/site-packages/airflow/example_dags/example_external_task_marker_dag.py for tasks to queue
[2024-06-25 20:04:47,902] {logging_mixin.py:104} INFO - [2024-06-25 20:04:47,902] {dagbag.py:451} INFO - Filling up the DagBag from /home/airflow/.local/lib/python3.6/site-packages/airflow/example_dags/example_external_task_marker_dag.py
[2024-06-25 20:04:48,058] {scheduler_job.py:639} INFO - DAG(s) dict_keys(['example_external_task_marker_parent', 'example_external_task_marker_child']) retrieved from /home/airflow/.local/lib/python3.6/site-packages/airflow/example_dags/example_external_task_marker_dag.py
[2024-06-25 20:04:48,215] {logging_mixin.py:104} INFO - [2024-06-25 20:04:48,214] {dag.py:1824} INFO - Sync 2 DAGs
[2024-06-25 20:04:48,297] {logging_mixin.py:104} INFO - [2024-06-25 20:04:48,297] {dag.py:1843} INFO - Creating ORM DAG for example_external_task_marker_parent
[2024-06-25 20:04:48,299] {logging_mixin.py:104} INFO - [2024-06-25 20:04:48,299] {dag.py:1843} INFO - Creating ORM DAG for example_external_task_marker_child
[2024-06-25 20:04:48,339] {logging_mixin.py:104} INFO - [2024-06-25 20:04:48,339] {dag.py:2280} INFO - Setting next_dagrun for example_external_task_marker_child to None
[2024-06-25 20:04:48,342] {logging_mixin.py:104} INFO - [2024-06-25 20:04:48,342] {dag.py:2280} INFO - Setting next_dagrun for example_external_task_marker_parent to None
[2024-06-25 20:04:48,517] {scheduler_job.py:190} INFO - Processing /home/airflow/.local/lib/python3.6/site-packages/airflow/example_dags/example_external_task_marker_dag.py took 0.645 seconds
[2024-06-25 20:05:43,679] {scheduler_job.py:182} INFO - Started process (PID=54) to work on /home/airflow/.local/lib/python3.6/site-packages/airflow/example_dags/example_external_task_marker_dag.py
[2024-06-25 20:05:43,686] {scheduler_job.py:629} INFO - Processing file /home/airflow/.local/lib/python3.6/site-packages/airflow/example_dags/example_external_task_marker_dag.py for tasks to queue
[2024-06-25 20:05:43,695] {logging_mixin.py:104} INFO - [2024-06-25 20:05:43,692] {dagbag.py:451} INFO - Filling up the DagBag from /home/airflow/.local/lib/python3.6/site-packages/airflow/example_dags/example_external_task_marker_dag.py
[2024-06-25 20:05:43,764] {scheduler_job.py:639} INFO - DAG(s) dict_keys(['example_external_task_marker_parent', 'example_external_task_marker_child']) retrieved from /home/airflow/.local/lib/python3.6/site-packages/airflow/example_dags/example_external_task_marker_dag.py
[2024-06-25 20:05:43,881] {logging_mixin.py:104} INFO - [2024-06-25 20:05:43,881] {dag.py:1824} INFO - Sync 2 DAGs
[2024-06-25 20:05:44,026] {logging_mixin.py:104} INFO - [2024-06-25 20:05:44,026] {dag.py:2280} INFO - Setting next_dagrun for example_external_task_marker_child to None
[2024-06-25 20:05:44,029] {logging_mixin.py:104} INFO - [2024-06-25 20:05:44,029] {dag.py:2280} INFO - Setting next_dagrun for example_external_task_marker_parent to None
[2024-06-25 20:05:44,095] {scheduler_job.py:190} INFO - Processing /home/airflow/.local/lib/python3.6/site-packages/airflow/example_dags/example_external_task_marker_dag.py took 0.495 seconds
[2024-06-25 20:06:14,268] {scheduler_job.py:182} INFO - Started process (PID=80) to work on /home/airflow/.local/lib/python3.6/site-packages/airflow/example_dags/example_external_task_marker_dag.py
[2024-06-25 20:06:14,271] {scheduler_job.py:629} INFO - Processing file /home/airflow/.local/lib/python3.6/site-packages/airflow/example_dags/example_external_task_marker_dag.py for tasks to queue
[2024-06-25 20:06:14,420] {logging_mixin.py:104} INFO - [2024-06-25 20:06:14,412] {dagbag.py:451} INFO - Filling up the DagBag from /home/airflow/.local/lib/python3.6/site-packages/airflow/example_dags/example_external_task_marker_dag.py
[2024-06-25 20:06:14,587] {scheduler_job.py:639} INFO - DAG(s) dict_keys(['example_external_task_marker_parent', 'example_external_task_marker_child']) retrieved from /home/airflow/.local/lib/python3.6/site-packages/airflow/example_dags/example_external_task_marker_dag.py
[2024-06-25 20:06:14,744] {logging_mixin.py:104} INFO - [2024-06-25 20:06:14,744] {dag.py:1824} INFO - Sync 2 DAGs
[2024-06-25 20:06:14,810] {logging_mixin.py:104} INFO - [2024-06-25 20:06:14,810] {dag.py:2280} INFO - Setting next_dagrun for example_external_task_marker_child to None
[2024-06-25 20:06:14,813] {logging_mixin.py:104} INFO - [2024-06-25 20:06:14,813] {dag.py:2280} INFO - Setting next_dagrun for example_external_task_marker_parent to None
[2024-06-25 20:06:14,888] {scheduler_job.py:190} INFO - Processing /home/airflow/.local/lib/python3.6/site-packages/airflow/example_dags/example_external_task_marker_dag.py took 0.641 seconds
[2024-06-25 20:06:45,885] {scheduler_job.py:182} INFO - Started process (PID=106) to work on /home/airflow/.local/lib/python3.6/site-packages/airflow/example_dags/example_external_task_marker_dag.py
[2024-06-25 20:06:45,897] {scheduler_job.py:629} INFO - Processing file /home/airflow/.local/lib/python3.6/site-packages/airflow/example_dags/example_external_task_marker_dag.py for tasks to queue
[2024-06-25 20:06:45,915] {logging_mixin.py:104} INFO - [2024-06-25 20:06:45,911] {dagbag.py:451} INFO - Filling up the DagBag from /home/airflow/.local/lib/python3.6/site-packages/airflow/example_dags/example_external_task_marker_dag.py
[2024-06-25 20:06:46,059] {scheduler_job.py:639} INFO - DAG(s) dict_keys(['example_external_task_marker_parent', 'example_external_task_marker_child']) retrieved from /home/airflow/.local/lib/python3.6/site-packages/airflow/example_dags/example_external_task_marker_dag.py
[2024-06-25 20:06:46,213] {logging_mixin.py:104} INFO - [2024-06-25 20:06:46,212] {dag.py:1824} INFO - Sync 2 DAGs
[2024-06-25 20:06:46,265] {logging_mixin.py:104} INFO - [2024-06-25 20:06:46,265] {dag.py:2280} INFO - Setting next_dagrun for example_external_task_marker_child to None
[2024-06-25 20:06:46,269] {logging_mixin.py:104} INFO - [2024-06-25 20:06:46,268] {dag.py:2280} INFO - Setting next_dagrun for example_external_task_marker_parent to None
[2024-06-25 20:06:46,299] {scheduler_job.py:190} INFO - Processing /home/airflow/.local/lib/python3.6/site-packages/airflow/example_dags/example_external_task_marker_dag.py took 0.436 seconds
[2024-06-25 20:07:16,758] {scheduler_job.py:182} INFO - Started process (PID=133) to work on /home/airflow/.local/lib/python3.6/site-packages/airflow/example_dags/example_external_task_marker_dag.py
[2024-06-25 20:07:16,781] {scheduler_job.py:629} INFO - Processing file /home/airflow/.local/lib/python3.6/site-packages/airflow/example_dags/example_external_task_marker_dag.py for tasks to queue
[2024-06-25 20:07:16,785] {logging_mixin.py:104} INFO - [2024-06-25 20:07:16,785] {dagbag.py:451} INFO - Filling up the DagBag from /home/airflow/.local/lib/python3.6/site-packages/airflow/example_dags/example_external_task_marker_dag.py
[2024-06-25 20:07:16,829] {scheduler_job.py:639} INFO - DAG(s) dict_keys(['example_external_task_marker_parent', 'example_external_task_marker_child']) retrieved from /home/airflow/.local/lib/python3.6/site-packages/airflow/example_dags/example_external_task_marker_dag.py
[2024-06-25 20:07:16,907] {logging_mixin.py:104} INFO - [2024-06-25 20:07:16,906] {dag.py:1824} INFO - Sync 2 DAGs
[2024-06-25 20:07:16,963] {logging_mixin.py:104} INFO - [2024-06-25 20:07:16,963] {dag.py:2280} INFO - Setting next_dagrun for example_external_task_marker_child to None
[2024-06-25 20:07:16,966] {logging_mixin.py:104} INFO - [2024-06-25 20:07:16,966] {dag.py:2280} INFO - Setting next_dagrun for example_external_task_marker_parent to None
[2024-06-25 20:07:17,031] {scheduler_job.py:190} INFO - Processing /home/airflow/.local/lib/python3.6/site-packages/airflow/example_dags/example_external_task_marker_dag.py took 0.278 seconds
[2024-06-25 20:07:49,040] {scheduler_job.py:182} INFO - Started process (PID=159) to work on /home/airflow/.local/lib/python3.6/site-packages/airflow/example_dags/example_external_task_marker_dag.py
[2024-06-25 20:07:49,046] {scheduler_job.py:629} INFO - Processing file /home/airflow/.local/lib/python3.6/site-packages/airflow/example_dags/example_external_task_marker_dag.py for tasks to queue
[2024-06-25 20:07:49,053] {logging_mixin.py:104} INFO - [2024-06-25 20:07:49,053] {dagbag.py:451} INFO - Filling up the DagBag from /home/airflow/.local/lib/python3.6/site-packages/airflow/example_dags/example_external_task_marker_dag.py
[2024-06-25 20:07:49,298] {scheduler_job.py:639} INFO - DAG(s) dict_keys(['example_external_task_marker_parent', 'example_external_task_marker_child']) retrieved from /home/airflow/.local/lib/python3.6/site-packages/airflow/example_dags/example_external_task_marker_dag.py
[2024-06-25 20:07:49,807] {logging_mixin.py:104} INFO - [2024-06-25 20:07:49,806] {dag.py:1824} INFO - Sync 2 DAGs
[2024-06-25 20:07:51,587] {logging_mixin.py:104} INFO - [2024-06-25 20:07:51,521] {dag.py:2280} INFO - Setting next_dagrun for example_external_task_marker_child to None
[2024-06-25 20:07:51,714] {logging_mixin.py:104} INFO - [2024-06-25 20:07:51,714] {dag.py:2280} INFO - Setting next_dagrun for example_external_task_marker_parent to None
[2024-06-25 20:07:54,345] {scheduler_job.py:190} INFO - Processing /home/airflow/.local/lib/python3.6/site-packages/airflow/example_dags/example_external_task_marker_dag.py took 5.318 seconds
[2024-06-25 20:09:49,280] {scheduler_job.py:182} INFO - Started process (PID=170) to work on /home/airflow/.local/lib/python3.6/site-packages/airflow/example_dags/example_external_task_marker_dag.py
[2024-06-25 20:09:49,299] {scheduler_job.py:629} INFO - Processing file /home/airflow/.local/lib/python3.6/site-packages/airflow/example_dags/example_external_task_marker_dag.py for tasks to queue
[2024-06-25 20:09:49,316] {logging_mixin.py:104} INFO - [2024-06-25 20:09:49,315] {dagbag.py:451} INFO - Filling up the DagBag from /home/airflow/.local/lib/python3.6/site-packages/airflow/example_dags/example_external_task_marker_dag.py
[2024-06-25 20:09:49,530] {scheduler_job.py:639} INFO - DAG(s) dict_keys(['example_external_task_marker_parent', 'example_external_task_marker_child']) retrieved from /home/airflow/.local/lib/python3.6/site-packages/airflow/example_dags/example_external_task_marker_dag.py
[2024-06-25 20:09:49,701] {logging_mixin.py:104} INFO - [2024-06-25 20:09:49,701] {dag.py:1824} INFO - Sync 2 DAGs
[2024-06-25 20:09:49,879] {logging_mixin.py:104} INFO - [2024-06-25 20:09:49,878] {dag.py:2280} INFO - Setting next_dagrun for example_external_task_marker_child to None
[2024-06-25 20:09:49,883] {logging_mixin.py:104} INFO - [2024-06-25 20:09:49,883] {dag.py:2280} INFO - Setting next_dagrun for example_external_task_marker_parent to None
[2024-06-25 20:09:50,007] {scheduler_job.py:190} INFO - Processing /home/airflow/.local/lib/python3.6/site-packages/airflow/example_dags/example_external_task_marker_dag.py took 0.778 seconds
[2024-06-25 20:12:24,545] {scheduler_job.py:182} INFO - Started process (PID=196) to work on /home/airflow/.local/lib/python3.6/site-packages/airflow/example_dags/example_external_task_marker_dag.py
[2024-06-25 20:12:24,648] {scheduler_job.py:629} INFO - Processing file /home/airflow/.local/lib/python3.6/site-packages/airflow/example_dags/example_external_task_marker_dag.py for tasks to queue
[2024-06-25 20:12:24,656] {logging_mixin.py:104} INFO - [2024-06-25 20:12:24,656] {dagbag.py:451} INFO - Filling up the DagBag from /home/airflow/.local/lib/python3.6/site-packages/airflow/example_dags/example_external_task_marker_dag.py
[2024-06-25 20:12:25,573] {scheduler_job.py:639} INFO - DAG(s) dict_keys(['example_external_task_marker_parent', 'example_external_task_marker_child']) retrieved from /home/airflow/.local/lib/python3.6/site-packages/airflow/example_dags/example_external_task_marker_dag.py
[2024-06-25 20:12:26,077] {logging_mixin.py:104} INFO - [2024-06-25 20:12:26,077] {dag.py:1824} INFO - Sync 2 DAGs
[2024-06-25 20:12:26,465] {logging_mixin.py:104} INFO - [2024-06-25 20:12:26,465] {dag.py:2280} INFO - Setting next_dagrun for example_external_task_marker_child to None
[2024-06-25 20:12:26,474] {logging_mixin.py:104} INFO - [2024-06-25 20:12:26,474] {dag.py:2280} INFO - Setting next_dagrun for example_external_task_marker_parent to None
[2024-06-25 20:12:26,643] {scheduler_job.py:190} INFO - Processing /home/airflow/.local/lib/python3.6/site-packages/airflow/example_dags/example_external_task_marker_dag.py took 2.469 seconds
[2024-06-25 20:14:41,413] {scheduler_job.py:182} INFO - Started process (PID=222) to work on /home/airflow/.local/lib/python3.6/site-packages/airflow/example_dags/example_external_task_marker_dag.py
[2024-06-25 20:14:41,440] {scheduler_job.py:629} INFO - Processing file /home/airflow/.local/lib/python3.6/site-packages/airflow/example_dags/example_external_task_marker_dag.py for tasks to queue
[2024-06-25 20:14:41,459] {logging_mixin.py:104} INFO - [2024-06-25 20:14:41,459] {dagbag.py:451} INFO - Filling up the DagBag from /home/airflow/.local/lib/python3.6/site-packages/airflow/example_dags/example_external_task_marker_dag.py
[2024-06-25 20:14:42,180] {scheduler_job.py:639} INFO - DAG(s) dict_keys(['example_external_task_marker_parent', 'example_external_task_marker_child']) retrieved from /home/airflow/.local/lib/python3.6/site-packages/airflow/example_dags/example_external_task_marker_dag.py
[2024-06-25 20:14:42,927] {logging_mixin.py:104} INFO - [2024-06-25 20:14:42,927] {dag.py:1824} INFO - Sync 2 DAGs
[2024-06-25 20:14:43,147] {logging_mixin.py:104} INFO - [2024-06-25 20:14:43,147] {dag.py:2280} INFO - Setting next_dagrun for example_external_task_marker_child to None
[2024-06-25 20:14:43,161] {logging_mixin.py:104} INFO - [2024-06-25 20:14:43,161] {dag.py:2280} INFO - Setting next_dagrun for example_external_task_marker_parent to None
[2024-06-25 20:14:43,328] {scheduler_job.py:190} INFO - Processing /home/airflow/.local/lib/python3.6/site-packages/airflow/example_dags/example_external_task_marker_dag.py took 1.926 seconds
[2024-06-25 20:17:22,225] {scheduler_job.py:182} INFO - Started process (PID=36) to work on /home/airflow/.local/lib/python3.6/site-packages/airflow/example_dags/example_external_task_marker_dag.py
[2024-06-25 20:17:22,230] {scheduler_job.py:629} INFO - Processing file /home/airflow/.local/lib/python3.6/site-packages/airflow/example_dags/example_external_task_marker_dag.py for tasks to queue
[2024-06-25 20:17:22,236] {logging_mixin.py:104} INFO - [2024-06-25 20:17:22,236] {dagbag.py:451} INFO - Filling up the DagBag from /home/airflow/.local/lib/python3.6/site-packages/airflow/example_dags/example_external_task_marker_dag.py
[2024-06-25 20:17:22,329] {scheduler_job.py:639} INFO - DAG(s) dict_keys(['example_external_task_marker_parent', 'example_external_task_marker_child']) retrieved from /home/airflow/.local/lib/python3.6/site-packages/airflow/example_dags/example_external_task_marker_dag.py
[2024-06-25 20:17:22,495] {logging_mixin.py:104} INFO - [2024-06-25 20:17:22,494] {dag.py:1824} INFO - Sync 2 DAGs
[2024-06-25 20:17:22,590] {logging_mixin.py:104} INFO - [2024-06-25 20:17:22,590] {dag.py:2280} INFO - Setting next_dagrun for example_external_task_marker_child to None
[2024-06-25 20:17:22,593] {logging_mixin.py:104} INFO - [2024-06-25 20:17:22,593] {dag.py:2280} INFO - Setting next_dagrun for example_external_task_marker_parent to None
[2024-06-25 20:17:22,646] {scheduler_job.py:190} INFO - Processing /home/airflow/.local/lib/python3.6/site-packages/airflow/example_dags/example_external_task_marker_dag.py took 0.434 seconds
[2024-06-25 20:17:55,161] {scheduler_job.py:182} INFO - Started process (PID=59) to work on /home/airflow/.local/lib/python3.6/site-packages/airflow/example_dags/example_external_task_marker_dag.py
[2024-06-25 20:17:55,179] {scheduler_job.py:629} INFO - Processing file /home/airflow/.local/lib/python3.6/site-packages/airflow/example_dags/example_external_task_marker_dag.py for tasks to queue
[2024-06-25 20:17:55,196] {logging_mixin.py:104} INFO - [2024-06-25 20:17:55,196] {dagbag.py:451} INFO - Filling up the DagBag from /home/airflow/.local/lib/python3.6/site-packages/airflow/example_dags/example_external_task_marker_dag.py
[2024-06-25 20:17:55,368] {scheduler_job.py:639} INFO - DAG(s) dict_keys(['example_external_task_marker_parent', 'example_external_task_marker_child']) retrieved from /home/airflow/.local/lib/python3.6/site-packages/airflow/example_dags/example_external_task_marker_dag.py
[2024-06-25 20:17:55,637] {logging_mixin.py:104} INFO - [2024-06-25 20:17:55,637] {dag.py:1824} INFO - Sync 2 DAGs
[2024-06-25 20:17:55,767] {logging_mixin.py:104} INFO - [2024-06-25 20:17:55,767] {dag.py:2280} INFO - Setting next_dagrun for example_external_task_marker_child to None
[2024-06-25 20:17:55,772] {logging_mixin.py:104} INFO - [2024-06-25 20:17:55,772] {dag.py:2280} INFO - Setting next_dagrun for example_external_task_marker_parent to None
[2024-06-25 20:17:55,805] {scheduler_job.py:190} INFO - Processing /home/airflow/.local/lib/python3.6/site-packages/airflow/example_dags/example_external_task_marker_dag.py took 0.657 seconds
