[2024-06-25 20:04:47,906] {scheduler_job.py:182} INFO - Started process (PID=29) to work on /home/airflow/.local/lib/python3.6/site-packages/airflow/example_dags/example_task_group.py
[2024-06-25 20:04:47,921] {scheduler_job.py:629} INFO - Processing file /home/airflow/.local/lib/python3.6/site-packages/airflow/example_dags/example_task_group.py for tasks to queue
[2024-06-25 20:04:47,940] {logging_mixin.py:104} INFO - [2024-06-25 20:04:47,939] {dagbag.py:451} INFO - Filling up the DagBag from /home/airflow/.local/lib/python3.6/site-packages/airflow/example_dags/example_task_group.py
[2024-06-25 20:04:48,073] {scheduler_job.py:639} INFO - DAG(s) dict_keys(['example_task_group']) retrieved from /home/airflow/.local/lib/python3.6/site-packages/airflow/example_dags/example_task_group.py
[2024-06-25 20:04:48,206] {logging_mixin.py:104} INFO - [2024-06-25 20:04:48,206] {dag.py:1824} INFO - Sync 1 DAGs
[2024-06-25 20:04:48,313] {logging_mixin.py:104} INFO - [2024-06-25 20:04:48,312] {dag.py:1843} INFO - Creating ORM DAG for example_task_group
[2024-06-25 20:04:48,342] {logging_mixin.py:104} INFO - [2024-06-25 20:04:48,342] {dag.py:2280} INFO - Setting next_dagrun for example_task_group to 2024-06-23 00:00:00+00:00
[2024-06-25 20:04:48,416] {scheduler_job.py:190} INFO - Processing /home/airflow/.local/lib/python3.6/site-packages/airflow/example_dags/example_task_group.py took 0.527 seconds
[2024-06-25 20:05:44,101] {scheduler_job.py:182} INFO - Started process (PID=56) to work on /home/airflow/.local/lib/python3.6/site-packages/airflow/example_dags/example_task_group.py
[2024-06-25 20:05:44,114] {scheduler_job.py:629} INFO - Processing file /home/airflow/.local/lib/python3.6/site-packages/airflow/example_dags/example_task_group.py for tasks to queue
[2024-06-25 20:05:44,122] {logging_mixin.py:104} INFO - [2024-06-25 20:05:44,122] {dagbag.py:451} INFO - Filling up the DagBag from /home/airflow/.local/lib/python3.6/site-packages/airflow/example_dags/example_task_group.py
[2024-06-25 20:05:44,180] {scheduler_job.py:639} INFO - DAG(s) dict_keys(['example_task_group']) retrieved from /home/airflow/.local/lib/python3.6/site-packages/airflow/example_dags/example_task_group.py
[2024-06-25 20:05:44,394] {logging_mixin.py:104} INFO - [2024-06-25 20:05:44,394] {dag.py:1824} INFO - Sync 1 DAGs
[2024-06-25 20:05:44,716] {logging_mixin.py:104} INFO - [2024-06-25 20:05:44,715] {dag.py:2280} INFO - Setting next_dagrun for example_task_group to 2024-06-23 00:00:00+00:00
[2024-06-25 20:05:44,875] {scheduler_job.py:190} INFO - Processing /home/airflow/.local/lib/python3.6/site-packages/airflow/example_dags/example_task_group.py took 0.806 seconds
[2024-06-25 20:06:15,549] {scheduler_job.py:182} INFO - Started process (PID=82) to work on /home/airflow/.local/lib/python3.6/site-packages/airflow/example_dags/example_task_group.py
[2024-06-25 20:06:15,572] {scheduler_job.py:629} INFO - Processing file /home/airflow/.local/lib/python3.6/site-packages/airflow/example_dags/example_task_group.py for tasks to queue
[2024-06-25 20:06:15,581] {logging_mixin.py:104} INFO - [2024-06-25 20:06:15,580] {dagbag.py:451} INFO - Filling up the DagBag from /home/airflow/.local/lib/python3.6/site-packages/airflow/example_dags/example_task_group.py
[2024-06-25 20:06:15,825] {scheduler_job.py:639} INFO - DAG(s) dict_keys(['example_task_group']) retrieved from /home/airflow/.local/lib/python3.6/site-packages/airflow/example_dags/example_task_group.py
[2024-06-25 20:06:15,918] {logging_mixin.py:104} INFO - [2024-06-25 20:06:15,917] {dag.py:1824} INFO - Sync 1 DAGs
[2024-06-25 20:06:15,989] {logging_mixin.py:104} INFO - [2024-06-25 20:06:15,989] {dag.py:2280} INFO - Setting next_dagrun for example_task_group to 2024-06-23 00:00:00+00:00
[2024-06-25 20:06:16,110] {scheduler_job.py:190} INFO - Processing /home/airflow/.local/lib/python3.6/site-packages/airflow/example_dags/example_task_group.py took 0.597 seconds
[2024-06-25 20:06:46,475] {scheduler_job.py:182} INFO - Started process (PID=109) to work on /home/airflow/.local/lib/python3.6/site-packages/airflow/example_dags/example_task_group.py
[2024-06-25 20:06:46,482] {scheduler_job.py:629} INFO - Processing file /home/airflow/.local/lib/python3.6/site-packages/airflow/example_dags/example_task_group.py for tasks to queue
[2024-06-25 20:06:46,487] {logging_mixin.py:104} INFO - [2024-06-25 20:06:46,487] {dagbag.py:451} INFO - Filling up the DagBag from /home/airflow/.local/lib/python3.6/site-packages/airflow/example_dags/example_task_group.py
[2024-06-25 20:06:46,593] {scheduler_job.py:639} INFO - DAG(s) dict_keys(['example_task_group']) retrieved from /home/airflow/.local/lib/python3.6/site-packages/airflow/example_dags/example_task_group.py
[2024-06-25 20:06:46,636] {logging_mixin.py:104} INFO - [2024-06-25 20:06:46,636] {dag.py:1824} INFO - Sync 1 DAGs
[2024-06-25 20:06:46,676] {logging_mixin.py:104} INFO - [2024-06-25 20:06:46,676] {dag.py:2280} INFO - Setting next_dagrun for example_task_group to 2024-06-23 00:00:00+00:00
[2024-06-25 20:06:46,712] {scheduler_job.py:190} INFO - Processing /home/airflow/.local/lib/python3.6/site-packages/airflow/example_dags/example_task_group.py took 0.264 seconds
[2024-06-25 20:07:17,180] {scheduler_job.py:182} INFO - Started process (PID=135) to work on /home/airflow/.local/lib/python3.6/site-packages/airflow/example_dags/example_task_group.py
[2024-06-25 20:07:17,189] {scheduler_job.py:629} INFO - Processing file /home/airflow/.local/lib/python3.6/site-packages/airflow/example_dags/example_task_group.py for tasks to queue
[2024-06-25 20:07:17,198] {logging_mixin.py:104} INFO - [2024-06-25 20:07:17,198] {dagbag.py:451} INFO - Filling up the DagBag from /home/airflow/.local/lib/python3.6/site-packages/airflow/example_dags/example_task_group.py
[2024-06-25 20:07:17,247] {scheduler_job.py:639} INFO - DAG(s) dict_keys(['example_task_group']) retrieved from /home/airflow/.local/lib/python3.6/site-packages/airflow/example_dags/example_task_group.py
[2024-06-25 20:07:17,433] {logging_mixin.py:104} INFO - [2024-06-25 20:07:17,433] {dag.py:1824} INFO - Sync 1 DAGs
[2024-06-25 20:07:17,489] {logging_mixin.py:104} INFO - [2024-06-25 20:07:17,487] {dag.py:2280} INFO - Setting next_dagrun for example_task_group to 2024-06-23 00:00:00+00:00
[2024-06-25 20:07:17,567] {scheduler_job.py:190} INFO - Processing /home/airflow/.local/lib/python3.6/site-packages/airflow/example_dags/example_task_group.py took 0.397 seconds
[2024-06-25 20:07:54,935] {scheduler_job.py:182} INFO - Started process (PID=161) to work on /home/airflow/.local/lib/python3.6/site-packages/airflow/example_dags/example_task_group.py
[2024-06-25 20:07:55,040] {scheduler_job.py:629} INFO - Processing file /home/airflow/.local/lib/python3.6/site-packages/airflow/example_dags/example_task_group.py for tasks to queue
[2024-06-25 20:07:55,048] {logging_mixin.py:104} INFO - [2024-06-25 20:07:55,048] {dagbag.py:451} INFO - Filling up the DagBag from /home/airflow/.local/lib/python3.6/site-packages/airflow/example_dags/example_task_group.py
[2024-06-25 20:07:56,176] {scheduler_job.py:639} INFO - DAG(s) dict_keys(['example_task_group']) retrieved from /home/airflow/.local/lib/python3.6/site-packages/airflow/example_dags/example_task_group.py
[2024-06-25 20:07:58,116] {logging_mixin.py:104} INFO - [2024-06-25 20:07:58,116] {dag.py:1824} INFO - Sync 1 DAGs
[2024-06-25 20:08:00,040] {logging_mixin.py:104} INFO - [2024-06-25 20:07:59,975] {dag.py:2280} INFO - Setting next_dagrun for example_task_group to 2024-06-23 00:00:00+00:00
[2024-06-25 20:08:03,478] {scheduler_job.py:190} INFO - Processing /home/airflow/.local/lib/python3.6/site-packages/airflow/example_dags/example_task_group.py took 8.573 seconds
[2024-06-25 20:09:49,278] {scheduler_job.py:182} INFO - Started process (PID=171) to work on /home/airflow/.local/lib/python3.6/site-packages/airflow/example_dags/example_task_group.py
[2024-06-25 20:09:49,296] {scheduler_job.py:629} INFO - Processing file /home/airflow/.local/lib/python3.6/site-packages/airflow/example_dags/example_task_group.py for tasks to queue
[2024-06-25 20:09:49,308] {logging_mixin.py:104} INFO - [2024-06-25 20:09:49,307] {dagbag.py:451} INFO - Filling up the DagBag from /home/airflow/.local/lib/python3.6/site-packages/airflow/example_dags/example_task_group.py
[2024-06-25 20:09:49,553] {scheduler_job.py:639} INFO - DAG(s) dict_keys(['example_task_group']) retrieved from /home/airflow/.local/lib/python3.6/site-packages/airflow/example_dags/example_task_group.py
[2024-06-25 20:09:49,705] {logging_mixin.py:104} INFO - [2024-06-25 20:09:49,704] {dag.py:1824} INFO - Sync 1 DAGs
[2024-06-25 20:09:49,839] {logging_mixin.py:104} INFO - [2024-06-25 20:09:49,839] {dag.py:2280} INFO - Setting next_dagrun for example_task_group to 2024-06-23 00:00:00+00:00
[2024-06-25 20:09:49,902] {scheduler_job.py:190} INFO - Processing /home/airflow/.local/lib/python3.6/site-packages/airflow/example_dags/example_task_group.py took 0.689 seconds
[2024-06-25 20:12:24,509] {scheduler_job.py:182} INFO - Started process (PID=197) to work on /home/airflow/.local/lib/python3.6/site-packages/airflow/example_dags/example_task_group.py
[2024-06-25 20:12:24,682] {scheduler_job.py:629} INFO - Processing file /home/airflow/.local/lib/python3.6/site-packages/airflow/example_dags/example_task_group.py for tasks to queue
[2024-06-25 20:12:24,695] {logging_mixin.py:104} INFO - [2024-06-25 20:12:24,684] {dagbag.py:451} INFO - Filling up the DagBag from /home/airflow/.local/lib/python3.6/site-packages/airflow/example_dags/example_task_group.py
[2024-06-25 20:12:25,494] {scheduler_job.py:639} INFO - DAG(s) dict_keys(['example_task_group']) retrieved from /home/airflow/.local/lib/python3.6/site-packages/airflow/example_dags/example_task_group.py
[2024-06-25 20:12:25,926] {logging_mixin.py:104} INFO - [2024-06-25 20:12:25,926] {dag.py:1824} INFO - Sync 1 DAGs
[2024-06-25 20:12:26,076] {logging_mixin.py:104} INFO - [2024-06-25 20:12:26,075] {dag.py:2280} INFO - Setting next_dagrun for example_task_group to 2024-06-23 00:00:00+00:00
[2024-06-25 20:12:26,311] {scheduler_job.py:190} INFO - Processing /home/airflow/.local/lib/python3.6/site-packages/airflow/example_dags/example_task_group.py took 2.073 seconds
[2024-06-25 20:14:41,444] {scheduler_job.py:182} INFO - Started process (PID=223) to work on /home/airflow/.local/lib/python3.6/site-packages/airflow/example_dags/example_task_group.py
[2024-06-25 20:14:41,473] {scheduler_job.py:629} INFO - Processing file /home/airflow/.local/lib/python3.6/site-packages/airflow/example_dags/example_task_group.py for tasks to queue
[2024-06-25 20:14:41,549] {logging_mixin.py:104} INFO - [2024-06-25 20:14:41,549] {dagbag.py:451} INFO - Filling up the DagBag from /home/airflow/.local/lib/python3.6/site-packages/airflow/example_dags/example_task_group.py
[2024-06-25 20:14:42,104] {scheduler_job.py:639} INFO - DAG(s) dict_keys(['example_task_group']) retrieved from /home/airflow/.local/lib/python3.6/site-packages/airflow/example_dags/example_task_group.py
[2024-06-25 20:14:42,917] {logging_mixin.py:104} INFO - [2024-06-25 20:14:42,917] {dag.py:1824} INFO - Sync 1 DAGs
[2024-06-25 20:14:43,130] {logging_mixin.py:104} INFO - [2024-06-25 20:14:43,130] {dag.py:2280} INFO - Setting next_dagrun for example_task_group to 2024-06-23 00:00:00+00:00
[2024-06-25 20:14:43,305] {scheduler_job.py:190} INFO - Processing /home/airflow/.local/lib/python3.6/site-packages/airflow/example_dags/example_task_group.py took 1.867 seconds
[2024-06-25 20:17:25,720] {scheduler_job.py:182} INFO - Started process (PID=46) to work on /home/airflow/.local/lib/python3.6/site-packages/airflow/example_dags/example_task_group.py
[2024-06-25 20:17:25,732] {scheduler_job.py:629} INFO - Processing file /home/airflow/.local/lib/python3.6/site-packages/airflow/example_dags/example_task_group.py for tasks to queue
[2024-06-25 20:17:25,735] {logging_mixin.py:104} INFO - [2024-06-25 20:17:25,735] {dagbag.py:451} INFO - Filling up the DagBag from /home/airflow/.local/lib/python3.6/site-packages/airflow/example_dags/example_task_group.py
[2024-06-25 20:17:26,178] {scheduler_job.py:639} INFO - DAG(s) dict_keys(['example_task_group']) retrieved from /home/airflow/.local/lib/python3.6/site-packages/airflow/example_dags/example_task_group.py
[2024-06-25 20:17:26,526] {logging_mixin.py:104} INFO - [2024-06-25 20:17:26,521] {dag.py:1824} INFO - Sync 1 DAGs
[2024-06-25 20:17:26,806] {logging_mixin.py:104} INFO - [2024-06-25 20:17:26,791] {dag.py:2280} INFO - Setting next_dagrun for example_task_group to 2024-06-23 00:00:00+00:00
[2024-06-25 20:17:27,002] {scheduler_job.py:190} INFO - Processing /home/airflow/.local/lib/python3.6/site-packages/airflow/example_dags/example_task_group.py took 1.313 seconds
[2024-06-25 20:17:57,933] {scheduler_job.py:182} INFO - Started process (PID=72) to work on /home/airflow/.local/lib/python3.6/site-packages/airflow/example_dags/example_task_group.py
[2024-06-25 20:17:57,936] {scheduler_job.py:629} INFO - Processing file /home/airflow/.local/lib/python3.6/site-packages/airflow/example_dags/example_task_group.py for tasks to queue
[2024-06-25 20:17:57,938] {logging_mixin.py:104} INFO - [2024-06-25 20:17:57,938] {dagbag.py:451} INFO - Filling up the DagBag from /home/airflow/.local/lib/python3.6/site-packages/airflow/example_dags/example_task_group.py
[2024-06-25 20:17:57,987] {scheduler_job.py:639} INFO - DAG(s) dict_keys(['example_task_group']) retrieved from /home/airflow/.local/lib/python3.6/site-packages/airflow/example_dags/example_task_group.py
[2024-06-25 20:17:58,119] {logging_mixin.py:104} INFO - [2024-06-25 20:17:58,119] {dag.py:1824} INFO - Sync 1 DAGs
[2024-06-25 20:17:58,165] {logging_mixin.py:104} INFO - [2024-06-25 20:17:58,165] {dag.py:2280} INFO - Setting next_dagrun for example_task_group to 2024-06-23 00:00:00+00:00
[2024-06-25 20:17:58,202] {scheduler_job.py:190} INFO - Processing /home/airflow/.local/lib/python3.6/site-packages/airflow/example_dags/example_task_group.py took 0.276 seconds
[2024-06-25 23:27:53,012] {scheduler_job.py:182} INFO - Started process (PID=35) to work on /home/airflow/.local/lib/python3.6/site-packages/airflow/example_dags/example_task_group.py
[2024-06-25 23:27:53,044] {scheduler_job.py:629} INFO - Processing file /home/airflow/.local/lib/python3.6/site-packages/airflow/example_dags/example_task_group.py for tasks to queue
[2024-06-25 23:27:53,065] {logging_mixin.py:104} INFO - [2024-06-25 23:27:53,064] {dagbag.py:451} INFO - Filling up the DagBag from /home/airflow/.local/lib/python3.6/site-packages/airflow/example_dags/example_task_group.py
[2024-06-25 23:27:53,566] {scheduler_job.py:639} INFO - DAG(s) dict_keys(['example_task_group']) retrieved from /home/airflow/.local/lib/python3.6/site-packages/airflow/example_dags/example_task_group.py
[2024-06-25 23:27:54,193] {logging_mixin.py:104} INFO - [2024-06-25 23:27:54,193] {dag.py:1824} INFO - Sync 1 DAGs
[2024-06-25 23:27:54,386] {logging_mixin.py:104} INFO - [2024-06-25 23:27:54,386] {dag.py:2280} INFO - Setting next_dagrun for example_task_group to 2024-06-23 00:00:00+00:00
[2024-06-25 23:27:54,490] {scheduler_job.py:190} INFO - Processing /home/airflow/.local/lib/python3.6/site-packages/airflow/example_dags/example_task_group.py took 1.560 seconds
[2024-06-25 23:28:24,810] {scheduler_job.py:182} INFO - Started process (PID=61) to work on /home/airflow/.local/lib/python3.6/site-packages/airflow/example_dags/example_task_group.py
[2024-06-25 23:28:24,819] {scheduler_job.py:629} INFO - Processing file /home/airflow/.local/lib/python3.6/site-packages/airflow/example_dags/example_task_group.py for tasks to queue
[2024-06-25 23:28:24,833] {logging_mixin.py:104} INFO - [2024-06-25 23:28:24,833] {dagbag.py:451} INFO - Filling up the DagBag from /home/airflow/.local/lib/python3.6/site-packages/airflow/example_dags/example_task_group.py
[2024-06-25 23:28:24,970] {scheduler_job.py:639} INFO - DAG(s) dict_keys(['example_task_group']) retrieved from /home/airflow/.local/lib/python3.6/site-packages/airflow/example_dags/example_task_group.py
[2024-06-25 23:28:25,079] {logging_mixin.py:104} INFO - [2024-06-25 23:28:25,078] {dag.py:1824} INFO - Sync 1 DAGs
[2024-06-25 23:28:25,112] {logging_mixin.py:104} INFO - [2024-06-25 23:28:25,112] {dag.py:2280} INFO - Setting next_dagrun for example_task_group to 2024-06-23 00:00:00+00:00
[2024-06-25 23:28:25,149] {scheduler_job.py:190} INFO - Processing /home/airflow/.local/lib/python3.6/site-packages/airflow/example_dags/example_task_group.py took 0.373 seconds
[2024-06-25 23:29:00,985] {scheduler_job.py:182} INFO - Started process (PID=87) to work on /home/airflow/.local/lib/python3.6/site-packages/airflow/example_dags/example_task_group.py
[2024-06-25 23:29:00,990] {scheduler_job.py:629} INFO - Processing file /home/airflow/.local/lib/python3.6/site-packages/airflow/example_dags/example_task_group.py for tasks to queue
[2024-06-25 23:29:01,000] {logging_mixin.py:104} INFO - [2024-06-25 23:29:01,000] {dagbag.py:451} INFO - Filling up the DagBag from /home/airflow/.local/lib/python3.6/site-packages/airflow/example_dags/example_task_group.py
[2024-06-25 23:29:01,195] {scheduler_job.py:639} INFO - DAG(s) dict_keys(['example_task_group']) retrieved from /home/airflow/.local/lib/python3.6/site-packages/airflow/example_dags/example_task_group.py
[2024-06-25 23:29:01,328] {logging_mixin.py:104} INFO - [2024-06-25 23:29:01,328] {dag.py:1824} INFO - Sync 1 DAGs
[2024-06-25 23:29:01,427] {logging_mixin.py:104} INFO - [2024-06-25 23:29:01,421] {dag.py:2280} INFO - Setting next_dagrun for example_task_group to 2024-06-23 00:00:00+00:00
[2024-06-25 23:29:01,587] {scheduler_job.py:190} INFO - Processing /home/airflow/.local/lib/python3.6/site-packages/airflow/example_dags/example_task_group.py took 0.616 seconds
