[2024-06-25 20:05:14,215] {scheduler_job.py:182} INFO - Started process (PID=42) to work on /home/airflow/.local/lib/python3.6/site-packages/airflow/example_dags/example_dag_decorator.py
[2024-06-25 20:05:14,465] {scheduler_job.py:629} INFO - Processing file /home/airflow/.local/lib/python3.6/site-packages/airflow/example_dags/example_dag_decorator.py for tasks to queue
[2024-06-25 20:05:15,040] {logging_mixin.py:104} INFO - [2024-06-25 20:05:15,040] {dagbag.py:451} INFO - Filling up the DagBag from /home/airflow/.local/lib/python3.6/site-packages/airflow/example_dags/example_dag_decorator.py
[2024-06-25 20:05:16,596] {scheduler_job.py:639} INFO - DAG(s) dict_keys(['example_dag_decorator']) retrieved from /home/airflow/.local/lib/python3.6/site-packages/airflow/example_dags/example_dag_decorator.py
[2024-06-25 20:05:17,366] {logging_mixin.py:104} INFO - [2024-06-25 20:05:17,366] {dag.py:1824} INFO - Sync 1 DAGs
[2024-06-25 20:05:20,467] {logging_mixin.py:104} INFO - [2024-06-25 20:05:20,466] {dag.py:1843} INFO - Creating ORM DAG for example_dag_decorator
[2024-06-25 20:05:20,753] {logging_mixin.py:104} INFO - [2024-06-25 20:05:20,753] {dag.py:2280} INFO - Setting next_dagrun for example_dag_decorator to None
[2024-06-25 20:05:22,559] {scheduler_job.py:190} INFO - Processing /home/airflow/.local/lib/python3.6/site-packages/airflow/example_dags/example_dag_decorator.py took 8.518 seconds
[2024-06-25 20:05:53,162] {scheduler_job.py:182} INFO - Started process (PID=68) to work on /home/airflow/.local/lib/python3.6/site-packages/airflow/example_dags/example_dag_decorator.py
[2024-06-25 20:05:53,165] {scheduler_job.py:629} INFO - Processing file /home/airflow/.local/lib/python3.6/site-packages/airflow/example_dags/example_dag_decorator.py for tasks to queue
[2024-06-25 20:05:53,168] {logging_mixin.py:104} INFO - [2024-06-25 20:05:53,168] {dagbag.py:451} INFO - Filling up the DagBag from /home/airflow/.local/lib/python3.6/site-packages/airflow/example_dags/example_dag_decorator.py
[2024-06-25 20:05:53,209] {scheduler_job.py:639} INFO - DAG(s) dict_keys(['example_dag_decorator']) retrieved from /home/airflow/.local/lib/python3.6/site-packages/airflow/example_dags/example_dag_decorator.py
[2024-06-25 20:05:53,295] {logging_mixin.py:104} INFO - [2024-06-25 20:05:53,295] {dag.py:1824} INFO - Sync 1 DAGs
[2024-06-25 20:05:53,363] {logging_mixin.py:104} INFO - [2024-06-25 20:05:53,363] {dag.py:2280} INFO - Setting next_dagrun for example_dag_decorator to None
[2024-06-25 20:05:53,508] {scheduler_job.py:190} INFO - Processing /home/airflow/.local/lib/python3.6/site-packages/airflow/example_dags/example_dag_decorator.py took 0.352 seconds
[2024-06-25 20:06:23,849] {scheduler_job.py:182} INFO - Started process (PID=94) to work on /home/airflow/.local/lib/python3.6/site-packages/airflow/example_dags/example_dag_decorator.py
[2024-06-25 20:06:23,853] {scheduler_job.py:629} INFO - Processing file /home/airflow/.local/lib/python3.6/site-packages/airflow/example_dags/example_dag_decorator.py for tasks to queue
[2024-06-25 20:06:23,856] {logging_mixin.py:104} INFO - [2024-06-25 20:06:23,856] {dagbag.py:451} INFO - Filling up the DagBag from /home/airflow/.local/lib/python3.6/site-packages/airflow/example_dags/example_dag_decorator.py
[2024-06-25 20:06:23,900] {scheduler_job.py:639} INFO - DAG(s) dict_keys(['example_dag_decorator']) retrieved from /home/airflow/.local/lib/python3.6/site-packages/airflow/example_dags/example_dag_decorator.py
[2024-06-25 20:06:24,051] {logging_mixin.py:104} INFO - [2024-06-25 20:06:24,051] {dag.py:1824} INFO - Sync 1 DAGs
[2024-06-25 20:06:24,099] {logging_mixin.py:104} INFO - [2024-06-25 20:06:24,099] {dag.py:2280} INFO - Setting next_dagrun for example_dag_decorator to None
[2024-06-25 20:06:24,168] {scheduler_job.py:190} INFO - Processing /home/airflow/.local/lib/python3.6/site-packages/airflow/example_dags/example_dag_decorator.py took 0.325 seconds
[2024-06-25 20:06:55,205] {scheduler_job.py:182} INFO - Started process (PID=119) to work on /home/airflow/.local/lib/python3.6/site-packages/airflow/example_dags/example_dag_decorator.py
[2024-06-25 20:06:55,208] {scheduler_job.py:629} INFO - Processing file /home/airflow/.local/lib/python3.6/site-packages/airflow/example_dags/example_dag_decorator.py for tasks to queue
[2024-06-25 20:06:55,213] {logging_mixin.py:104} INFO - [2024-06-25 20:06:55,213] {dagbag.py:451} INFO - Filling up the DagBag from /home/airflow/.local/lib/python3.6/site-packages/airflow/example_dags/example_dag_decorator.py
[2024-06-25 20:06:55,310] {scheduler_job.py:639} INFO - DAG(s) dict_keys(['example_dag_decorator']) retrieved from /home/airflow/.local/lib/python3.6/site-packages/airflow/example_dags/example_dag_decorator.py
[2024-06-25 20:06:55,403] {logging_mixin.py:104} INFO - [2024-06-25 20:06:55,403] {dag.py:1824} INFO - Sync 1 DAGs
[2024-06-25 20:06:55,446] {logging_mixin.py:104} INFO - [2024-06-25 20:06:55,446] {dag.py:2280} INFO - Setting next_dagrun for example_dag_decorator to None
[2024-06-25 20:06:55,478] {scheduler_job.py:190} INFO - Processing /home/airflow/.local/lib/python3.6/site-packages/airflow/example_dags/example_dag_decorator.py took 0.280 seconds
[2024-06-25 20:07:28,947] {scheduler_job.py:182} INFO - Started process (PID=143) to work on /home/airflow/.local/lib/python3.6/site-packages/airflow/example_dags/example_dag_decorator.py
[2024-06-25 20:07:29,017] {scheduler_job.py:629} INFO - Processing file /home/airflow/.local/lib/python3.6/site-packages/airflow/example_dags/example_dag_decorator.py for tasks to queue
[2024-06-25 20:07:29,032] {logging_mixin.py:104} INFO - [2024-06-25 20:07:29,031] {dagbag.py:451} INFO - Filling up the DagBag from /home/airflow/.local/lib/python3.6/site-packages/airflow/example_dags/example_dag_decorator.py
[2024-06-25 20:07:29,542] {scheduler_job.py:639} INFO - DAG(s) dict_keys(['example_dag_decorator']) retrieved from /home/airflow/.local/lib/python3.6/site-packages/airflow/example_dags/example_dag_decorator.py
[2024-06-25 20:07:30,046] {logging_mixin.py:104} INFO - [2024-06-25 20:07:30,046] {dag.py:1824} INFO - Sync 1 DAGs
[2024-06-25 20:07:30,237] {logging_mixin.py:104} INFO - [2024-06-25 20:07:30,237] {dag.py:2280} INFO - Setting next_dagrun for example_dag_decorator to None
[2024-06-25 20:07:30,387] {scheduler_job.py:190} INFO - Processing /home/airflow/.local/lib/python3.6/site-packages/airflow/example_dags/example_dag_decorator.py took 1.469 seconds
[2024-06-25 20:08:22,289] {scheduler_job.py:182} INFO - Started process (PID=168) to work on /home/airflow/.local/lib/python3.6/site-packages/airflow/example_dags/example_dag_decorator.py
[2024-06-25 20:08:22,317] {scheduler_job.py:629} INFO - Processing file /home/airflow/.local/lib/python3.6/site-packages/airflow/example_dags/example_dag_decorator.py for tasks to queue
[2024-06-25 20:08:22,331] {logging_mixin.py:104} INFO - [2024-06-25 20:08:22,330] {dagbag.py:451} INFO - Filling up the DagBag from /home/airflow/.local/lib/python3.6/site-packages/airflow/example_dags/example_dag_decorator.py
[2024-06-25 20:08:23,242] {scheduler_job.py:639} INFO - DAG(s) dict_keys(['example_dag_decorator']) retrieved from /home/airflow/.local/lib/python3.6/site-packages/airflow/example_dags/example_dag_decorator.py
[2024-06-25 20:09:58,124] {scheduler_job.py:182} INFO - Started process (PID=184) to work on /home/airflow/.local/lib/python3.6/site-packages/airflow/example_dags/example_dag_decorator.py
[2024-06-25 20:09:58,161] {scheduler_job.py:629} INFO - Processing file /home/airflow/.local/lib/python3.6/site-packages/airflow/example_dags/example_dag_decorator.py for tasks to queue
[2024-06-25 20:09:58,168] {logging_mixin.py:104} INFO - [2024-06-25 20:09:58,168] {dagbag.py:451} INFO - Filling up the DagBag from /home/airflow/.local/lib/python3.6/site-packages/airflow/example_dags/example_dag_decorator.py
[2024-06-25 20:09:58,313] {scheduler_job.py:639} INFO - DAG(s) dict_keys(['example_dag_decorator']) retrieved from /home/airflow/.local/lib/python3.6/site-packages/airflow/example_dags/example_dag_decorator.py
[2024-06-25 20:09:58,541] {logging_mixin.py:104} INFO - [2024-06-25 20:09:58,540] {dag.py:1824} INFO - Sync 1 DAGs
[2024-06-25 20:09:58,597] {logging_mixin.py:104} INFO - [2024-06-25 20:09:58,596] {dag.py:2280} INFO - Setting next_dagrun for example_dag_decorator to None
[2024-06-25 20:09:58,693] {scheduler_job.py:190} INFO - Processing /home/airflow/.local/lib/python3.6/site-packages/airflow/example_dags/example_dag_decorator.py took 0.579 seconds
[2024-06-25 20:12:30,989] {scheduler_job.py:182} INFO - Started process (PID=210) to work on /home/airflow/.local/lib/python3.6/site-packages/airflow/example_dags/example_dag_decorator.py
[2024-06-25 20:12:30,999] {scheduler_job.py:629} INFO - Processing file /home/airflow/.local/lib/python3.6/site-packages/airflow/example_dags/example_dag_decorator.py for tasks to queue
[2024-06-25 20:12:31,002] {logging_mixin.py:104} INFO - [2024-06-25 20:12:31,001] {dagbag.py:451} INFO - Filling up the DagBag from /home/airflow/.local/lib/python3.6/site-packages/airflow/example_dags/example_dag_decorator.py
[2024-06-25 20:12:31,083] {scheduler_job.py:639} INFO - DAG(s) dict_keys(['example_dag_decorator']) retrieved from /home/airflow/.local/lib/python3.6/site-packages/airflow/example_dags/example_dag_decorator.py
[2024-06-25 20:12:31,212] {logging_mixin.py:104} INFO - [2024-06-25 20:12:31,212] {dag.py:1824} INFO - Sync 1 DAGs
[2024-06-25 20:12:31,275] {logging_mixin.py:104} INFO - [2024-06-25 20:12:31,275] {dag.py:2280} INFO - Setting next_dagrun for example_dag_decorator to None
[2024-06-25 20:12:31,329] {scheduler_job.py:190} INFO - Processing /home/airflow/.local/lib/python3.6/site-packages/airflow/example_dags/example_dag_decorator.py took 0.357 seconds
[2024-06-25 20:14:55,516] {scheduler_job.py:182} INFO - Started process (PID=236) to work on /home/airflow/.local/lib/python3.6/site-packages/airflow/example_dags/example_dag_decorator.py
[2024-06-25 20:15:00,462] {logging_mixin.py:104} INFO - [2024-06-25 20:15:00,460] {process_utils.py:206} INFO - Waiting up to 5 seconds for processes to exit...
[2024-06-25 20:17:22,761] {scheduler_job.py:182} INFO - Started process (PID=38) to work on /home/airflow/.local/lib/python3.6/site-packages/airflow/example_dags/example_dag_decorator.py
[2024-06-25 20:17:22,771] {scheduler_job.py:629} INFO - Processing file /home/airflow/.local/lib/python3.6/site-packages/airflow/example_dags/example_dag_decorator.py for tasks to queue
[2024-06-25 20:17:22,776] {logging_mixin.py:104} INFO - [2024-06-25 20:17:22,776] {dagbag.py:451} INFO - Filling up the DagBag from /home/airflow/.local/lib/python3.6/site-packages/airflow/example_dags/example_dag_decorator.py
[2024-06-25 20:17:22,908] {scheduler_job.py:639} INFO - DAG(s) dict_keys(['example_dag_decorator']) retrieved from /home/airflow/.local/lib/python3.6/site-packages/airflow/example_dags/example_dag_decorator.py
[2024-06-25 20:17:23,011] {logging_mixin.py:104} INFO - [2024-06-25 20:17:23,011] {dag.py:1824} INFO - Sync 1 DAGs
[2024-06-25 20:17:23,185] {logging_mixin.py:104} INFO - [2024-06-25 20:17:23,185] {dag.py:2280} INFO - Setting next_dagrun for example_dag_decorator to None
[2024-06-25 20:17:23,284] {scheduler_job.py:190} INFO - Processing /home/airflow/.local/lib/python3.6/site-packages/airflow/example_dags/example_dag_decorator.py took 0.567 seconds
[2024-06-25 20:17:57,680] {scheduler_job.py:182} INFO - Started process (PID=70) to work on /home/airflow/.local/lib/python3.6/site-packages/airflow/example_dags/example_dag_decorator.py
[2024-06-25 20:17:57,684] {scheduler_job.py:629} INFO - Processing file /home/airflow/.local/lib/python3.6/site-packages/airflow/example_dags/example_dag_decorator.py for tasks to queue
[2024-06-25 20:17:57,687] {logging_mixin.py:104} INFO - [2024-06-25 20:17:57,686] {dagbag.py:451} INFO - Filling up the DagBag from /home/airflow/.local/lib/python3.6/site-packages/airflow/example_dags/example_dag_decorator.py
[2024-06-25 20:17:57,731] {scheduler_job.py:639} INFO - DAG(s) dict_keys(['example_dag_decorator']) retrieved from /home/airflow/.local/lib/python3.6/site-packages/airflow/example_dags/example_dag_decorator.py
[2024-06-25 20:17:57,814] {logging_mixin.py:104} INFO - [2024-06-25 20:17:57,813] {dag.py:1824} INFO - Sync 1 DAGs
[2024-06-25 20:17:57,847] {logging_mixin.py:104} INFO - [2024-06-25 20:17:57,847] {dag.py:2280} INFO - Setting next_dagrun for example_dag_decorator to None
[2024-06-25 20:17:57,885] {scheduler_job.py:190} INFO - Processing /home/airflow/.local/lib/python3.6/site-packages/airflow/example_dags/example_dag_decorator.py took 0.212 seconds
[2024-06-25 23:10:49,200] {scheduler_job.py:182} INFO - Started process (PID=37) to work on /home/airflow/.local/lib/python3.6/site-packages/airflow/example_dags/example_dag_decorator.py
[2024-06-25 23:10:49,225] {scheduler_job.py:629} INFO - Processing file /home/airflow/.local/lib/python3.6/site-packages/airflow/example_dags/example_dag_decorator.py for tasks to queue
[2024-06-25 23:10:49,246] {logging_mixin.py:104} INFO - [2024-06-25 23:10:49,245] {dagbag.py:451} INFO - Filling up the DagBag from /home/airflow/.local/lib/python3.6/site-packages/airflow/example_dags/example_dag_decorator.py
[2024-06-25 23:10:49,820] {scheduler_job.py:639} INFO - DAG(s) dict_keys(['example_dag_decorator']) retrieved from /home/airflow/.local/lib/python3.6/site-packages/airflow/example_dags/example_dag_decorator.py
[2024-06-25 23:10:50,195] {logging_mixin.py:104} INFO - [2024-06-25 23:10:50,194] {dag.py:1824} INFO - Sync 1 DAGs
[2024-06-25 23:10:50,367] {logging_mixin.py:104} INFO - [2024-06-25 23:10:50,367] {dag.py:2280} INFO - Setting next_dagrun for example_dag_decorator to None
[2024-06-25 23:10:50,762] {scheduler_job.py:190} INFO - Processing /home/airflow/.local/lib/python3.6/site-packages/airflow/example_dags/example_dag_decorator.py took 1.740 seconds
[2024-06-25 23:27:48,714] {scheduler_job.py:182} INFO - Started process (PID=29) to work on /home/airflow/.local/lib/python3.6/site-packages/airflow/example_dags/example_dag_decorator.py
[2024-06-25 23:27:48,735] {scheduler_job.py:629} INFO - Processing file /home/airflow/.local/lib/python3.6/site-packages/airflow/example_dags/example_dag_decorator.py for tasks to queue
[2024-06-25 23:27:48,741] {logging_mixin.py:104} INFO - [2024-06-25 23:27:48,741] {dagbag.py:451} INFO - Filling up the DagBag from /home/airflow/.local/lib/python3.6/site-packages/airflow/example_dags/example_dag_decorator.py
[2024-06-25 23:27:49,110] {scheduler_job.py:639} INFO - DAG(s) dict_keys(['example_dag_decorator']) retrieved from /home/airflow/.local/lib/python3.6/site-packages/airflow/example_dags/example_dag_decorator.py
[2024-06-25 23:27:49,423] {logging_mixin.py:104} INFO - [2024-06-25 23:27:49,422] {dag.py:1824} INFO - Sync 1 DAGs
[2024-06-25 23:27:49,627] {logging_mixin.py:104} INFO - [2024-06-25 23:27:49,627] {dag.py:2280} INFO - Setting next_dagrun for example_dag_decorator to None
[2024-06-25 23:27:50,075] {scheduler_job.py:190} INFO - Processing /home/airflow/.local/lib/python3.6/site-packages/airflow/example_dags/example_dag_decorator.py took 1.384 seconds
[2024-06-25 23:28:20,456] {scheduler_job.py:182} INFO - Started process (PID=57) to work on /home/airflow/.local/lib/python3.6/site-packages/airflow/example_dags/example_dag_decorator.py
[2024-06-25 23:28:20,467] {scheduler_job.py:629} INFO - Processing file /home/airflow/.local/lib/python3.6/site-packages/airflow/example_dags/example_dag_decorator.py for tasks to queue
[2024-06-25 23:28:20,474] {logging_mixin.py:104} INFO - [2024-06-25 23:28:20,474] {dagbag.py:451} INFO - Filling up the DagBag from /home/airflow/.local/lib/python3.6/site-packages/airflow/example_dags/example_dag_decorator.py
[2024-06-25 23:28:20,748] {scheduler_job.py:639} INFO - DAG(s) dict_keys(['example_dag_decorator']) retrieved from /home/airflow/.local/lib/python3.6/site-packages/airflow/example_dags/example_dag_decorator.py
[2024-06-25 23:28:21,056] {logging_mixin.py:104} INFO - [2024-06-25 23:28:21,055] {dag.py:1824} INFO - Sync 1 DAGs
[2024-06-25 23:28:21,553] {logging_mixin.py:104} INFO - [2024-06-25 23:28:21,553] {dag.py:2280} INFO - Setting next_dagrun for example_dag_decorator to None
[2024-06-25 23:28:21,815] {scheduler_job.py:190} INFO - Processing /home/airflow/.local/lib/python3.6/site-packages/airflow/example_dags/example_dag_decorator.py took 1.379 seconds
[2024-06-25 23:28:55,047] {scheduler_job.py:182} INFO - Started process (PID=83) to work on /home/airflow/.local/lib/python3.6/site-packages/airflow/example_dags/example_dag_decorator.py
[2024-06-25 23:28:55,138] {scheduler_job.py:629} INFO - Processing file /home/airflow/.local/lib/python3.6/site-packages/airflow/example_dags/example_dag_decorator.py for tasks to queue
[2024-06-25 23:28:55,246] {logging_mixin.py:104} INFO - [2024-06-25 23:28:55,245] {dagbag.py:451} INFO - Filling up the DagBag from /home/airflow/.local/lib/python3.6/site-packages/airflow/example_dags/example_dag_decorator.py
[2024-06-25 23:28:55,873] {scheduler_job.py:639} INFO - DAG(s) dict_keys(['example_dag_decorator']) retrieved from /home/airflow/.local/lib/python3.6/site-packages/airflow/example_dags/example_dag_decorator.py
[2024-06-25 23:28:57,859] {logging_mixin.py:104} INFO - [2024-06-25 23:28:57,856] {dag.py:1824} INFO - Sync 1 DAGs
[2024-06-25 23:28:59,248] {logging_mixin.py:104} INFO - [2024-06-25 23:28:59,247] {dag.py:2280} INFO - Setting next_dagrun for example_dag_decorator to None
[2024-06-25 23:28:59,624] {scheduler_job.py:190} INFO - Processing /home/airflow/.local/lib/python3.6/site-packages/airflow/example_dags/example_dag_decorator.py took 5.425 seconds
