[2024-06-25 20:05:30,833] {scheduler_job.py:182} INFO - Started process (PID=47) to work on /home/airflow/.local/lib/python3.6/site-packages/airflow/example_dags/example_subdag_operator.py
[2024-06-25 20:05:30,856] {scheduler_job.py:629} INFO - Processing file /home/airflow/.local/lib/python3.6/site-packages/airflow/example_dags/example_subdag_operator.py for tasks to queue
[2024-06-25 20:05:30,872] {logging_mixin.py:104} INFO - [2024-06-25 20:05:30,871] {dagbag.py:451} INFO - Filling up the DagBag from /home/airflow/.local/lib/python3.6/site-packages/airflow/example_dags/example_subdag_operator.py
[2024-06-25 20:05:33,974] {scheduler_job.py:639} INFO - DAG(s) dict_keys(['example_subdag_operator.section-1', 'example_subdag_operator.section-2', 'example_subdag_operator']) retrieved from /home/airflow/.local/lib/python3.6/site-packages/airflow/example_dags/example_subdag_operator.py
[2024-06-25 20:05:36,126] {logging_mixin.py:104} INFO - [2024-06-25 20:05:36,125] {dag.py:1824} INFO - Sync 3 DAGs
[2024-06-25 20:05:36,451] {logging_mixin.py:104} INFO - [2024-06-25 20:05:36,450] {dag.py:1843} INFO - Creating ORM DAG for example_subdag_operator.section-2
[2024-06-25 20:05:36,478] {logging_mixin.py:104} INFO - [2024-06-25 20:05:36,478] {dag.py:1843} INFO - Creating ORM DAG for example_subdag_operator.section-1
[2024-06-25 20:05:36,506] {logging_mixin.py:104} INFO - [2024-06-25 20:05:36,506] {dag.py:1843} INFO - Creating ORM DAG for example_subdag_operator
[2024-06-25 20:05:36,614] {logging_mixin.py:104} INFO - [2024-06-25 20:05:36,614] {dag.py:2280} INFO - Setting next_dagrun for example_subdag_operator to 2024-06-23 00:00:00+00:00
[2024-06-25 20:05:36,637] {logging_mixin.py:104} INFO - [2024-06-25 20:05:36,637] {dag.py:2280} INFO - Setting next_dagrun for example_subdag_operator.section-1 to None
[2024-06-25 20:05:36,671] {logging_mixin.py:104} INFO - [2024-06-25 20:05:36,671] {dag.py:2280} INFO - Setting next_dagrun for example_subdag_operator.section-2 to None
[2024-06-25 20:05:36,916] {logging_mixin.py:104} INFO - [2024-06-25 20:05:36,916] {dag.py:1824} INFO - Sync 2 DAGs
[2024-06-25 20:05:37,084] {logging_mixin.py:104} INFO - [2024-06-25 20:05:37,084] {dag.py:2280} INFO - Setting next_dagrun for example_subdag_operator.section-1 to None
[2024-06-25 20:05:37,089] {logging_mixin.py:104} INFO - [2024-06-25 20:05:37,089] {dag.py:2280} INFO - Setting next_dagrun for example_subdag_operator.section-2 to None
[2024-06-25 20:05:37,157] {scheduler_job.py:190} INFO - Processing /home/airflow/.local/lib/python3.6/site-packages/airflow/example_dags/example_subdag_operator.py took 6.558 seconds
[2024-06-25 20:06:07,842] {scheduler_job.py:182} INFO - Started process (PID=74) to work on /home/airflow/.local/lib/python3.6/site-packages/airflow/example_dags/example_subdag_operator.py
[2024-06-25 20:06:07,887] {scheduler_job.py:629} INFO - Processing file /home/airflow/.local/lib/python3.6/site-packages/airflow/example_dags/example_subdag_operator.py for tasks to queue
[2024-06-25 20:06:07,903] {logging_mixin.py:104} INFO - [2024-06-25 20:06:07,902] {dagbag.py:451} INFO - Filling up the DagBag from /home/airflow/.local/lib/python3.6/site-packages/airflow/example_dags/example_subdag_operator.py
[2024-06-25 20:06:08,706] {scheduler_job.py:639} INFO - DAG(s) dict_keys(['example_subdag_operator.section-1', 'example_subdag_operator.section-2', 'example_subdag_operator']) retrieved from /home/airflow/.local/lib/python3.6/site-packages/airflow/example_dags/example_subdag_operator.py
[2024-06-25 20:06:08,876] {logging_mixin.py:104} INFO - [2024-06-25 20:06:08,875] {dag.py:1824} INFO - Sync 3 DAGs
[2024-06-25 20:06:09,130] {logging_mixin.py:104} INFO - [2024-06-25 20:06:09,129] {dag.py:2280} INFO - Setting next_dagrun for example_subdag_operator to 2024-06-23 00:00:00+00:00
[2024-06-25 20:06:09,174] {logging_mixin.py:104} INFO - [2024-06-25 20:06:09,174] {dag.py:2280} INFO - Setting next_dagrun for example_subdag_operator.section-1 to None
[2024-06-25 20:06:09,181] {logging_mixin.py:104} INFO - [2024-06-25 20:06:09,181] {dag.py:2280} INFO - Setting next_dagrun for example_subdag_operator.section-2 to None
[2024-06-25 20:06:09,312] {logging_mixin.py:104} INFO - [2024-06-25 20:06:09,312] {dag.py:1824} INFO - Sync 2 DAGs
[2024-06-25 20:06:09,453] {logging_mixin.py:104} INFO - [2024-06-25 20:06:09,453] {dag.py:2280} INFO - Setting next_dagrun for example_subdag_operator.section-1 to None
[2024-06-25 20:06:09,455] {logging_mixin.py:104} INFO - [2024-06-25 20:06:09,455] {dag.py:2280} INFO - Setting next_dagrun for example_subdag_operator.section-2 to None
[2024-06-25 20:06:09,537] {scheduler_job.py:190} INFO - Processing /home/airflow/.local/lib/python3.6/site-packages/airflow/example_dags/example_subdag_operator.py took 2.001 seconds
[2024-06-25 20:06:39,910] {scheduler_job.py:182} INFO - Started process (PID=101) to work on /home/airflow/.local/lib/python3.6/site-packages/airflow/example_dags/example_subdag_operator.py
[2024-06-25 20:06:39,925] {scheduler_job.py:629} INFO - Processing file /home/airflow/.local/lib/python3.6/site-packages/airflow/example_dags/example_subdag_operator.py for tasks to queue
[2024-06-25 20:06:39,945] {logging_mixin.py:104} INFO - [2024-06-25 20:06:39,938] {dagbag.py:451} INFO - Filling up the DagBag from /home/airflow/.local/lib/python3.6/site-packages/airflow/example_dags/example_subdag_operator.py
[2024-06-25 20:06:40,310] {scheduler_job.py:639} INFO - DAG(s) dict_keys(['example_subdag_operator.section-1', 'example_subdag_operator.section-2', 'example_subdag_operator']) retrieved from /home/airflow/.local/lib/python3.6/site-packages/airflow/example_dags/example_subdag_operator.py
[2024-06-25 20:06:40,385] {logging_mixin.py:104} INFO - [2024-06-25 20:06:40,385] {dag.py:1824} INFO - Sync 3 DAGs
[2024-06-25 20:06:40,533] {logging_mixin.py:104} INFO - [2024-06-25 20:06:40,533] {dag.py:2280} INFO - Setting next_dagrun for example_subdag_operator to 2024-06-23 00:00:00+00:00
[2024-06-25 20:06:40,539] {logging_mixin.py:104} INFO - [2024-06-25 20:06:40,538] {dag.py:2280} INFO - Setting next_dagrun for example_subdag_operator.section-1 to None
[2024-06-25 20:06:40,546] {logging_mixin.py:104} INFO - [2024-06-25 20:06:40,546] {dag.py:2280} INFO - Setting next_dagrun for example_subdag_operator.section-2 to None
[2024-06-25 20:06:40,586] {logging_mixin.py:104} INFO - [2024-06-25 20:06:40,586] {dag.py:1824} INFO - Sync 2 DAGs
[2024-06-25 20:06:40,648] {logging_mixin.py:104} INFO - [2024-06-25 20:06:40,648] {dag.py:2280} INFO - Setting next_dagrun for example_subdag_operator.section-1 to None
[2024-06-25 20:06:40,653] {logging_mixin.py:104} INFO - [2024-06-25 20:06:40,653] {dag.py:2280} INFO - Setting next_dagrun for example_subdag_operator.section-2 to None
[2024-06-25 20:06:40,692] {scheduler_job.py:190} INFO - Processing /home/airflow/.local/lib/python3.6/site-packages/airflow/example_dags/example_subdag_operator.py took 0.810 seconds
[2024-06-25 20:07:11,587] {scheduler_job.py:182} INFO - Started process (PID=127) to work on /home/airflow/.local/lib/python3.6/site-packages/airflow/example_dags/example_subdag_operator.py
[2024-06-25 20:07:11,594] {scheduler_job.py:629} INFO - Processing file /home/airflow/.local/lib/python3.6/site-packages/airflow/example_dags/example_subdag_operator.py for tasks to queue
[2024-06-25 20:07:11,597] {logging_mixin.py:104} INFO - [2024-06-25 20:07:11,597] {dagbag.py:451} INFO - Filling up the DagBag from /home/airflow/.local/lib/python3.6/site-packages/airflow/example_dags/example_subdag_operator.py
[2024-06-25 20:07:11,722] {scheduler_job.py:639} INFO - DAG(s) dict_keys(['example_subdag_operator.section-1', 'example_subdag_operator.section-2', 'example_subdag_operator']) retrieved from /home/airflow/.local/lib/python3.6/site-packages/airflow/example_dags/example_subdag_operator.py
[2024-06-25 20:07:11,778] {logging_mixin.py:104} INFO - [2024-06-25 20:07:11,778] {dag.py:1824} INFO - Sync 3 DAGs
[2024-06-25 20:07:11,855] {logging_mixin.py:104} INFO - [2024-06-25 20:07:11,855] {dag.py:2280} INFO - Setting next_dagrun for example_subdag_operator to 2024-06-23 00:00:00+00:00
[2024-06-25 20:07:11,872] {logging_mixin.py:104} INFO - [2024-06-25 20:07:11,868] {dag.py:2280} INFO - Setting next_dagrun for example_subdag_operator.section-1 to None
[2024-06-25 20:07:11,874] {logging_mixin.py:104} INFO - [2024-06-25 20:07:11,874] {dag.py:2280} INFO - Setting next_dagrun for example_subdag_operator.section-2 to None
[2024-06-25 20:07:11,902] {logging_mixin.py:104} INFO - [2024-06-25 20:07:11,902] {dag.py:1824} INFO - Sync 2 DAGs
[2024-06-25 20:07:11,959] {logging_mixin.py:104} INFO - [2024-06-25 20:07:11,959] {dag.py:2280} INFO - Setting next_dagrun for example_subdag_operator.section-1 to None
[2024-06-25 20:07:11,962] {logging_mixin.py:104} INFO - [2024-06-25 20:07:11,962] {dag.py:2280} INFO - Setting next_dagrun for example_subdag_operator.section-2 to None
[2024-06-25 20:07:12,027] {scheduler_job.py:190} INFO - Processing /home/airflow/.local/lib/python3.6/site-packages/airflow/example_dags/example_subdag_operator.py took 0.460 seconds
[2024-06-25 20:07:43,353] {scheduler_job.py:182} INFO - Started process (PID=153) to work on /home/airflow/.local/lib/python3.6/site-packages/airflow/example_dags/example_subdag_operator.py
[2024-06-25 20:07:43,362] {scheduler_job.py:629} INFO - Processing file /home/airflow/.local/lib/python3.6/site-packages/airflow/example_dags/example_subdag_operator.py for tasks to queue
[2024-06-25 20:07:43,371] {logging_mixin.py:104} INFO - [2024-06-25 20:07:43,371] {dagbag.py:451} INFO - Filling up the DagBag from /home/airflow/.local/lib/python3.6/site-packages/airflow/example_dags/example_subdag_operator.py
[2024-06-25 20:07:44,054] {scheduler_job.py:639} INFO - DAG(s) dict_keys(['example_subdag_operator.section-1', 'example_subdag_operator.section-2', 'example_subdag_operator']) retrieved from /home/airflow/.local/lib/python3.6/site-packages/airflow/example_dags/example_subdag_operator.py
[2024-06-25 20:07:44,380] {logging_mixin.py:104} INFO - [2024-06-25 20:07:44,380] {dag.py:1824} INFO - Sync 3 DAGs
[2024-06-25 20:07:44,611] {logging_mixin.py:104} INFO - [2024-06-25 20:07:44,611] {dag.py:2280} INFO - Setting next_dagrun for example_subdag_operator to 2024-06-23 00:00:00+00:00
[2024-06-25 20:07:44,763] {logging_mixin.py:104} INFO - [2024-06-25 20:07:44,759] {dag.py:2280} INFO - Setting next_dagrun for example_subdag_operator.section-1 to None
[2024-06-25 20:07:44,805] {logging_mixin.py:104} INFO - [2024-06-25 20:07:44,805] {dag.py:2280} INFO - Setting next_dagrun for example_subdag_operator.section-2 to None
[2024-06-25 20:07:44,925] {logging_mixin.py:104} INFO - [2024-06-25 20:07:44,925] {dag.py:1824} INFO - Sync 2 DAGs
[2024-06-25 20:07:44,953] {logging_mixin.py:104} INFO - [2024-06-25 20:07:44,953] {dag.py:2280} INFO - Setting next_dagrun for example_subdag_operator.section-1 to None
[2024-06-25 20:07:44,960] {logging_mixin.py:104} INFO - [2024-06-25 20:07:44,959] {dag.py:2280} INFO - Setting next_dagrun for example_subdag_operator.section-2 to None
[2024-06-25 20:07:45,134] {scheduler_job.py:190} INFO - Processing /home/airflow/.local/lib/python3.6/site-packages/airflow/example_dags/example_subdag_operator.py took 1.821 seconds
[2024-06-25 20:10:00,039] {scheduler_job.py:182} INFO - Started process (PID=189) to work on /home/airflow/.local/lib/python3.6/site-packages/airflow/example_dags/example_subdag_operator.py
[2024-06-25 20:10:00,042] {scheduler_job.py:629} INFO - Processing file /home/airflow/.local/lib/python3.6/site-packages/airflow/example_dags/example_subdag_operator.py for tasks to queue
[2024-06-25 20:10:00,052] {logging_mixin.py:104} INFO - [2024-06-25 20:10:00,052] {dagbag.py:451} INFO - Filling up the DagBag from /home/airflow/.local/lib/python3.6/site-packages/airflow/example_dags/example_subdag_operator.py
[2024-06-25 20:10:00,180] {scheduler_job.py:639} INFO - DAG(s) dict_keys(['example_subdag_operator.section-1', 'example_subdag_operator.section-2', 'example_subdag_operator']) retrieved from /home/airflow/.local/lib/python3.6/site-packages/airflow/example_dags/example_subdag_operator.py
[2024-06-25 20:10:00,217] {logging_mixin.py:104} INFO - [2024-06-25 20:10:00,216] {dag.py:1824} INFO - Sync 3 DAGs
[2024-06-25 20:10:00,300] {logging_mixin.py:104} INFO - [2024-06-25 20:10:00,300] {dag.py:2280} INFO - Setting next_dagrun for example_subdag_operator to 2024-06-23 00:00:00+00:00
[2024-06-25 20:10:00,313] {logging_mixin.py:104} INFO - [2024-06-25 20:10:00,313] {dag.py:2280} INFO - Setting next_dagrun for example_subdag_operator.section-1 to None
[2024-06-25 20:10:00,315] {logging_mixin.py:104} INFO - [2024-06-25 20:10:00,315] {dag.py:2280} INFO - Setting next_dagrun for example_subdag_operator.section-2 to None
[2024-06-25 20:10:00,377] {logging_mixin.py:104} INFO - [2024-06-25 20:10:00,377] {dag.py:1824} INFO - Sync 2 DAGs
[2024-06-25 20:10:00,437] {logging_mixin.py:104} INFO - [2024-06-25 20:10:00,437] {dag.py:2280} INFO - Setting next_dagrun for example_subdag_operator.section-1 to None
[2024-06-25 20:10:00,450] {logging_mixin.py:104} INFO - [2024-06-25 20:10:00,450] {dag.py:2280} INFO - Setting next_dagrun for example_subdag_operator.section-2 to None
[2024-06-25 20:10:00,536] {scheduler_job.py:190} INFO - Processing /home/airflow/.local/lib/python3.6/site-packages/airflow/example_dags/example_subdag_operator.py took 0.504 seconds
[2024-06-25 20:12:32,070] {scheduler_job.py:182} INFO - Started process (PID=215) to work on /home/airflow/.local/lib/python3.6/site-packages/airflow/example_dags/example_subdag_operator.py
[2024-06-25 20:12:32,076] {scheduler_job.py:629} INFO - Processing file /home/airflow/.local/lib/python3.6/site-packages/airflow/example_dags/example_subdag_operator.py for tasks to queue
[2024-06-25 20:12:32,084] {logging_mixin.py:104} INFO - [2024-06-25 20:12:32,084] {dagbag.py:451} INFO - Filling up the DagBag from /home/airflow/.local/lib/python3.6/site-packages/airflow/example_dags/example_subdag_operator.py
[2024-06-25 20:12:32,174] {scheduler_job.py:639} INFO - DAG(s) dict_keys(['example_subdag_operator.section-1', 'example_subdag_operator.section-2', 'example_subdag_operator']) retrieved from /home/airflow/.local/lib/python3.6/site-packages/airflow/example_dags/example_subdag_operator.py
[2024-06-25 20:12:32,214] {logging_mixin.py:104} INFO - [2024-06-25 20:12:32,214] {dag.py:1824} INFO - Sync 3 DAGs
[2024-06-25 20:12:32,266] {logging_mixin.py:104} INFO - [2024-06-25 20:12:32,265] {dag.py:2280} INFO - Setting next_dagrun for example_subdag_operator to 2024-06-23 00:00:00+00:00
[2024-06-25 20:12:32,268] {logging_mixin.py:104} INFO - [2024-06-25 20:12:32,268] {dag.py:2280} INFO - Setting next_dagrun for example_subdag_operator.section-1 to None
[2024-06-25 20:12:32,271] {logging_mixin.py:104} INFO - [2024-06-25 20:12:32,270] {dag.py:2280} INFO - Setting next_dagrun for example_subdag_operator.section-2 to None
[2024-06-25 20:12:32,309] {logging_mixin.py:104} INFO - [2024-06-25 20:12:32,309] {dag.py:1824} INFO - Sync 2 DAGs
[2024-06-25 20:12:32,361] {logging_mixin.py:104} INFO - [2024-06-25 20:12:32,361] {dag.py:2280} INFO - Setting next_dagrun for example_subdag_operator.section-1 to None
[2024-06-25 20:12:32,364] {logging_mixin.py:104} INFO - [2024-06-25 20:12:32,364] {dag.py:2280} INFO - Setting next_dagrun for example_subdag_operator.section-2 to None
[2024-06-25 20:12:32,408] {scheduler_job.py:190} INFO - Processing /home/airflow/.local/lib/python3.6/site-packages/airflow/example_dags/example_subdag_operator.py took 0.357 seconds
[2024-06-25 20:17:26,985] {scheduler_job.py:182} INFO - Started process (PID=47) to work on /home/airflow/.local/lib/python3.6/site-packages/airflow/example_dags/example_subdag_operator.py
[2024-06-25 20:17:27,001] {scheduler_job.py:629} INFO - Processing file /home/airflow/.local/lib/python3.6/site-packages/airflow/example_dags/example_subdag_operator.py for tasks to queue
[2024-06-25 20:17:27,010] {logging_mixin.py:104} INFO - [2024-06-25 20:17:27,010] {dagbag.py:451} INFO - Filling up the DagBag from /home/airflow/.local/lib/python3.6/site-packages/airflow/example_dags/example_subdag_operator.py
[2024-06-25 20:17:27,102] {scheduler_job.py:639} INFO - DAG(s) dict_keys(['example_subdag_operator.section-1', 'example_subdag_operator.section-2', 'example_subdag_operator']) retrieved from /home/airflow/.local/lib/python3.6/site-packages/airflow/example_dags/example_subdag_operator.py
[2024-06-25 20:17:27,132] {logging_mixin.py:104} INFO - [2024-06-25 20:17:27,132] {dag.py:1824} INFO - Sync 3 DAGs
[2024-06-25 20:17:27,182] {logging_mixin.py:104} INFO - [2024-06-25 20:17:27,182] {dag.py:2280} INFO - Setting next_dagrun for example_subdag_operator to 2024-06-23 00:00:00+00:00
[2024-06-25 20:17:27,185] {logging_mixin.py:104} INFO - [2024-06-25 20:17:27,185] {dag.py:2280} INFO - Setting next_dagrun for example_subdag_operator.section-1 to None
[2024-06-25 20:17:27,186] {logging_mixin.py:104} INFO - [2024-06-25 20:17:27,186] {dag.py:2280} INFO - Setting next_dagrun for example_subdag_operator.section-2 to None
[2024-06-25 20:17:27,204] {logging_mixin.py:104} INFO - [2024-06-25 20:17:27,204] {dag.py:1824} INFO - Sync 2 DAGs
[2024-06-25 20:17:27,227] {logging_mixin.py:104} INFO - [2024-06-25 20:17:27,227] {dag.py:2280} INFO - Setting next_dagrun for example_subdag_operator.section-1 to None
[2024-06-25 20:17:27,228] {logging_mixin.py:104} INFO - [2024-06-25 20:17:27,228] {dag.py:2280} INFO - Setting next_dagrun for example_subdag_operator.section-2 to None
[2024-06-25 20:17:27,262] {scheduler_job.py:190} INFO - Processing /home/airflow/.local/lib/python3.6/site-packages/airflow/example_dags/example_subdag_operator.py took 0.290 seconds
[2024-06-25 20:17:58,199] {scheduler_job.py:182} INFO - Started process (PID=73) to work on /home/airflow/.local/lib/python3.6/site-packages/airflow/example_dags/example_subdag_operator.py
[2024-06-25 20:17:58,207] {scheduler_job.py:629} INFO - Processing file /home/airflow/.local/lib/python3.6/site-packages/airflow/example_dags/example_subdag_operator.py for tasks to queue
[2024-06-25 20:17:58,214] {logging_mixin.py:104} INFO - [2024-06-25 20:17:58,213] {dagbag.py:451} INFO - Filling up the DagBag from /home/airflow/.local/lib/python3.6/site-packages/airflow/example_dags/example_subdag_operator.py
[2024-06-25 20:17:58,317] {scheduler_job.py:639} INFO - DAG(s) dict_keys(['example_subdag_operator.section-1', 'example_subdag_operator.section-2', 'example_subdag_operator']) retrieved from /home/airflow/.local/lib/python3.6/site-packages/airflow/example_dags/example_subdag_operator.py
[2024-06-25 20:17:58,346] {logging_mixin.py:104} INFO - [2024-06-25 20:17:58,345] {dag.py:1824} INFO - Sync 3 DAGs
[2024-06-25 20:17:58,398] {logging_mixin.py:104} INFO - [2024-06-25 20:17:58,397] {dag.py:2280} INFO - Setting next_dagrun for example_subdag_operator to 2024-06-23 00:00:00+00:00
[2024-06-25 20:17:58,401] {logging_mixin.py:104} INFO - [2024-06-25 20:17:58,401] {dag.py:2280} INFO - Setting next_dagrun for example_subdag_operator.section-1 to None
[2024-06-25 20:17:58,402] {logging_mixin.py:104} INFO - [2024-06-25 20:17:58,402] {dag.py:2280} INFO - Setting next_dagrun for example_subdag_operator.section-2 to None
[2024-06-25 20:17:58,421] {logging_mixin.py:104} INFO - [2024-06-25 20:17:58,420] {dag.py:1824} INFO - Sync 2 DAGs
[2024-06-25 20:17:58,457] {logging_mixin.py:104} INFO - [2024-06-25 20:17:58,457] {dag.py:2280} INFO - Setting next_dagrun for example_subdag_operator.section-1 to None
[2024-06-25 20:17:58,459] {logging_mixin.py:104} INFO - [2024-06-25 20:17:58,459] {dag.py:2280} INFO - Setting next_dagrun for example_subdag_operator.section-2 to None
[2024-06-25 20:17:58,494] {scheduler_job.py:190} INFO - Processing /home/airflow/.local/lib/python3.6/site-packages/airflow/example_dags/example_subdag_operator.py took 0.305 seconds
[2024-06-25 23:27:55,793] {scheduler_job.py:182} INFO - Started process (PID=40) to work on /home/airflow/.local/lib/python3.6/site-packages/airflow/example_dags/example_subdag_operator.py
[2024-06-25 23:27:55,797] {scheduler_job.py:629} INFO - Processing file /home/airflow/.local/lib/python3.6/site-packages/airflow/example_dags/example_subdag_operator.py for tasks to queue
[2024-06-25 23:27:55,801] {logging_mixin.py:104} INFO - [2024-06-25 23:27:55,801] {dagbag.py:451} INFO - Filling up the DagBag from /home/airflow/.local/lib/python3.6/site-packages/airflow/example_dags/example_subdag_operator.py
[2024-06-25 23:27:55,921] {scheduler_job.py:639} INFO - DAG(s) dict_keys(['example_subdag_operator.section-1', 'example_subdag_operator.section-2', 'example_subdag_operator']) retrieved from /home/airflow/.local/lib/python3.6/site-packages/airflow/example_dags/example_subdag_operator.py
[2024-06-25 23:27:56,036] {logging_mixin.py:104} INFO - [2024-06-25 23:27:56,036] {dag.py:1824} INFO - Sync 3 DAGs
[2024-06-25 23:27:56,119] {logging_mixin.py:104} INFO - [2024-06-25 23:27:56,119] {dag.py:2280} INFO - Setting next_dagrun for example_subdag_operator to 2024-06-23 00:00:00+00:00
[2024-06-25 23:27:56,123] {logging_mixin.py:104} INFO - [2024-06-25 23:27:56,123] {dag.py:2280} INFO - Setting next_dagrun for example_subdag_operator.section-1 to None
[2024-06-25 23:27:56,126] {logging_mixin.py:104} INFO - [2024-06-25 23:27:56,125] {dag.py:2280} INFO - Setting next_dagrun for example_subdag_operator.section-2 to None
[2024-06-25 23:27:56,155] {logging_mixin.py:104} INFO - [2024-06-25 23:27:56,155] {dag.py:1824} INFO - Sync 2 DAGs
[2024-06-25 23:27:56,195] {logging_mixin.py:104} INFO - [2024-06-25 23:27:56,195] {dag.py:2280} INFO - Setting next_dagrun for example_subdag_operator.section-1 to None
[2024-06-25 23:27:56,198] {logging_mixin.py:104} INFO - [2024-06-25 23:27:56,197] {dag.py:2280} INFO - Setting next_dagrun for example_subdag_operator.section-2 to None
[2024-06-25 23:27:56,222] {scheduler_job.py:190} INFO - Processing /home/airflow/.local/lib/python3.6/site-packages/airflow/example_dags/example_subdag_operator.py took 0.449 seconds
[2024-06-25 23:28:28,479] {scheduler_job.py:182} INFO - Started process (PID=66) to work on /home/airflow/.local/lib/python3.6/site-packages/airflow/example_dags/example_subdag_operator.py
[2024-06-25 23:28:28,494] {scheduler_job.py:629} INFO - Processing file /home/airflow/.local/lib/python3.6/site-packages/airflow/example_dags/example_subdag_operator.py for tasks to queue
[2024-06-25 23:28:28,506] {logging_mixin.py:104} INFO - [2024-06-25 23:28:28,506] {dagbag.py:451} INFO - Filling up the DagBag from /home/airflow/.local/lib/python3.6/site-packages/airflow/example_dags/example_subdag_operator.py
[2024-06-25 23:28:28,756] {scheduler_job.py:639} INFO - DAG(s) dict_keys(['example_subdag_operator.section-1', 'example_subdag_operator.section-2', 'example_subdag_operator']) retrieved from /home/airflow/.local/lib/python3.6/site-packages/airflow/example_dags/example_subdag_operator.py
[2024-06-25 23:28:28,831] {logging_mixin.py:104} INFO - [2024-06-25 23:28:28,831] {dag.py:1824} INFO - Sync 3 DAGs
[2024-06-25 23:28:28,906] {logging_mixin.py:104} INFO - [2024-06-25 23:28:28,906] {dag.py:2280} INFO - Setting next_dagrun for example_subdag_operator to 2024-06-23 00:00:00+00:00
[2024-06-25 23:28:28,913] {logging_mixin.py:104} INFO - [2024-06-25 23:28:28,913] {dag.py:2280} INFO - Setting next_dagrun for example_subdag_operator.section-1 to None
[2024-06-25 23:28:28,915] {logging_mixin.py:104} INFO - [2024-06-25 23:28:28,914] {dag.py:2280} INFO - Setting next_dagrun for example_subdag_operator.section-2 to None
[2024-06-25 23:28:28,949] {logging_mixin.py:104} INFO - [2024-06-25 23:28:28,949] {dag.py:1824} INFO - Sync 2 DAGs
[2024-06-25 23:28:29,001] {logging_mixin.py:104} INFO - [2024-06-25 23:28:29,001] {dag.py:2280} INFO - Setting next_dagrun for example_subdag_operator.section-1 to None
[2024-06-25 23:28:29,003] {logging_mixin.py:104} INFO - [2024-06-25 23:28:29,002] {dag.py:2280} INFO - Setting next_dagrun for example_subdag_operator.section-2 to None
[2024-06-25 23:28:29,027] {scheduler_job.py:190} INFO - Processing /home/airflow/.local/lib/python3.6/site-packages/airflow/example_dags/example_subdag_operator.py took 0.598 seconds
[2024-06-25 23:29:03,613] {scheduler_job.py:182} INFO - Started process (PID=92) to work on /home/airflow/.local/lib/python3.6/site-packages/airflow/example_dags/example_subdag_operator.py
[2024-06-25 23:29:03,620] {scheduler_job.py:629} INFO - Processing file /home/airflow/.local/lib/python3.6/site-packages/airflow/example_dags/example_subdag_operator.py for tasks to queue
[2024-06-25 23:29:03,626] {logging_mixin.py:104} INFO - [2024-06-25 23:29:03,622] {dagbag.py:451} INFO - Filling up the DagBag from /home/airflow/.local/lib/python3.6/site-packages/airflow/example_dags/example_subdag_operator.py
[2024-06-25 23:29:04,056] {scheduler_job.py:639} INFO - DAG(s) dict_keys(['example_subdag_operator.section-1', 'example_subdag_operator.section-2', 'example_subdag_operator']) retrieved from /home/airflow/.local/lib/python3.6/site-packages/airflow/example_dags/example_subdag_operator.py
[2024-06-25 23:29:04,118] {logging_mixin.py:104} INFO - [2024-06-25 23:29:04,118] {dag.py:1824} INFO - Sync 3 DAGs
[2024-06-25 23:29:04,192] {logging_mixin.py:104} INFO - [2024-06-25 23:29:04,192] {dag.py:2280} INFO - Setting next_dagrun for example_subdag_operator to 2024-06-23 00:00:00+00:00
[2024-06-25 23:29:04,201] {logging_mixin.py:104} INFO - [2024-06-25 23:29:04,201] {dag.py:2280} INFO - Setting next_dagrun for example_subdag_operator.section-1 to None
[2024-06-25 23:29:04,206] {logging_mixin.py:104} INFO - [2024-06-25 23:29:04,206] {dag.py:2280} INFO - Setting next_dagrun for example_subdag_operator.section-2 to None
[2024-06-25 23:29:04,304] {logging_mixin.py:104} INFO - [2024-06-25 23:29:04,302] {dag.py:1824} INFO - Sync 2 DAGs
[2024-06-25 23:29:04,438] {logging_mixin.py:104} INFO - [2024-06-25 23:29:04,438] {dag.py:2280} INFO - Setting next_dagrun for example_subdag_operator.section-1 to None
[2024-06-25 23:29:04,443] {logging_mixin.py:104} INFO - [2024-06-25 23:29:04,442] {dag.py:2280} INFO - Setting next_dagrun for example_subdag_operator.section-2 to None
[2024-06-25 23:29:04,494] {scheduler_job.py:190} INFO - Processing /home/airflow/.local/lib/python3.6/site-packages/airflow/example_dags/example_subdag_operator.py took 0.897 seconds
