[2024-06-25 20:05:39,206] {scheduler_job.py:182} INFO - Started process (PID=53) to work on /home/airflow/.local/lib/python3.6/site-packages/airflow/example_dags/example_trigger_target_dag.py
[2024-06-25 20:05:39,210] {scheduler_job.py:629} INFO - Processing file /home/airflow/.local/lib/python3.6/site-packages/airflow/example_dags/example_trigger_target_dag.py for tasks to queue
[2024-06-25 20:05:39,219] {logging_mixin.py:104} INFO - [2024-06-25 20:05:39,218] {dagbag.py:451} INFO - Filling up the DagBag from /home/airflow/.local/lib/python3.6/site-packages/airflow/example_dags/example_trigger_target_dag.py
[2024-06-25 20:05:39,343] {scheduler_job.py:639} INFO - DAG(s) dict_keys(['example_trigger_target_dag']) retrieved from /home/airflow/.local/lib/python3.6/site-packages/airflow/example_dags/example_trigger_target_dag.py
[2024-06-25 20:05:39,936] {logging_mixin.py:104} INFO - [2024-06-25 20:05:39,936] {dag.py:1824} INFO - Sync 1 DAGs
[2024-06-25 20:05:41,814] {logging_mixin.py:104} INFO - [2024-06-25 20:05:41,813] {dag.py:1843} INFO - Creating ORM DAG for example_trigger_target_dag
[2024-06-25 20:05:42,369] {logging_mixin.py:104} INFO - [2024-06-25 20:05:42,368] {dag.py:2280} INFO - Setting next_dagrun for example_trigger_target_dag to None
[2024-06-25 20:05:43,420] {scheduler_job.py:190} INFO - Processing /home/airflow/.local/lib/python3.6/site-packages/airflow/example_dags/example_trigger_target_dag.py took 4.244 seconds
[2024-06-25 20:06:13,816] {scheduler_job.py:182} INFO - Started process (PID=79) to work on /home/airflow/.local/lib/python3.6/site-packages/airflow/example_dags/example_trigger_target_dag.py
[2024-06-25 20:06:13,824] {scheduler_job.py:629} INFO - Processing file /home/airflow/.local/lib/python3.6/site-packages/airflow/example_dags/example_trigger_target_dag.py for tasks to queue
[2024-06-25 20:06:13,828] {logging_mixin.py:104} INFO - [2024-06-25 20:06:13,828] {dagbag.py:451} INFO - Filling up the DagBag from /home/airflow/.local/lib/python3.6/site-packages/airflow/example_dags/example_trigger_target_dag.py
[2024-06-25 20:06:13,863] {scheduler_job.py:639} INFO - DAG(s) dict_keys(['example_trigger_target_dag']) retrieved from /home/airflow/.local/lib/python3.6/site-packages/airflow/example_dags/example_trigger_target_dag.py
[2024-06-25 20:06:13,929] {logging_mixin.py:104} INFO - [2024-06-25 20:06:13,928] {dag.py:1824} INFO - Sync 1 DAGs
[2024-06-25 20:06:14,041] {logging_mixin.py:104} INFO - [2024-06-25 20:06:14,041] {dag.py:2280} INFO - Setting next_dagrun for example_trigger_target_dag to None
[2024-06-25 20:06:14,168] {scheduler_job.py:190} INFO - Processing /home/airflow/.local/lib/python3.6/site-packages/airflow/example_dags/example_trigger_target_dag.py took 0.400 seconds
[2024-06-25 20:06:44,402] {scheduler_job.py:182} INFO - Started process (PID=105) to work on /home/airflow/.local/lib/python3.6/site-packages/airflow/example_dags/example_trigger_target_dag.py
[2024-06-25 20:06:44,425] {scheduler_job.py:629} INFO - Processing file /home/airflow/.local/lib/python3.6/site-packages/airflow/example_dags/example_trigger_target_dag.py for tasks to queue
[2024-06-25 20:06:44,446] {logging_mixin.py:104} INFO - [2024-06-25 20:06:44,437] {dagbag.py:451} INFO - Filling up the DagBag from /home/airflow/.local/lib/python3.6/site-packages/airflow/example_dags/example_trigger_target_dag.py
[2024-06-25 20:06:44,649] {scheduler_job.py:639} INFO - DAG(s) dict_keys(['example_trigger_target_dag']) retrieved from /home/airflow/.local/lib/python3.6/site-packages/airflow/example_dags/example_trigger_target_dag.py
[2024-06-25 20:06:44,741] {logging_mixin.py:104} INFO - [2024-06-25 20:06:44,741] {dag.py:1824} INFO - Sync 1 DAGs
[2024-06-25 20:06:44,793] {logging_mixin.py:104} INFO - [2024-06-25 20:06:44,793] {dag.py:2280} INFO - Setting next_dagrun for example_trigger_target_dag to None
[2024-06-25 20:06:44,820] {scheduler_job.py:190} INFO - Processing /home/airflow/.local/lib/python3.6/site-packages/airflow/example_dags/example_trigger_target_dag.py took 0.452 seconds
[2024-06-25 20:07:15,281] {scheduler_job.py:182} INFO - Started process (PID=131) to work on /home/airflow/.local/lib/python3.6/site-packages/airflow/example_dags/example_trigger_target_dag.py
[2024-06-25 20:07:15,285] {scheduler_job.py:629} INFO - Processing file /home/airflow/.local/lib/python3.6/site-packages/airflow/example_dags/example_trigger_target_dag.py for tasks to queue
[2024-06-25 20:07:15,289] {logging_mixin.py:104} INFO - [2024-06-25 20:07:15,289] {dagbag.py:451} INFO - Filling up the DagBag from /home/airflow/.local/lib/python3.6/site-packages/airflow/example_dags/example_trigger_target_dag.py
[2024-06-25 20:07:15,358] {scheduler_job.py:639} INFO - DAG(s) dict_keys(['example_trigger_target_dag']) retrieved from /home/airflow/.local/lib/python3.6/site-packages/airflow/example_dags/example_trigger_target_dag.py
[2024-06-25 20:07:15,653] {logging_mixin.py:104} INFO - [2024-06-25 20:07:15,653] {dag.py:1824} INFO - Sync 1 DAGs
[2024-06-25 20:07:15,746] {logging_mixin.py:104} INFO - [2024-06-25 20:07:15,746] {dag.py:2280} INFO - Setting next_dagrun for example_trigger_target_dag to None
[2024-06-25 20:07:15,780] {scheduler_job.py:190} INFO - Processing /home/airflow/.local/lib/python3.6/site-packages/airflow/example_dags/example_trigger_target_dag.py took 0.510 seconds
[2024-06-25 20:07:47,948] {scheduler_job.py:182} INFO - Started process (PID=157) to work on /home/airflow/.local/lib/python3.6/site-packages/airflow/example_dags/example_trigger_target_dag.py
[2024-06-25 20:07:47,958] {scheduler_job.py:629} INFO - Processing file /home/airflow/.local/lib/python3.6/site-packages/airflow/example_dags/example_trigger_target_dag.py for tasks to queue
[2024-06-25 20:07:47,971] {logging_mixin.py:104} INFO - [2024-06-25 20:07:47,971] {dagbag.py:451} INFO - Filling up the DagBag from /home/airflow/.local/lib/python3.6/site-packages/airflow/example_dags/example_trigger_target_dag.py
[2024-06-25 20:07:48,313] {scheduler_job.py:639} INFO - DAG(s) dict_keys(['example_trigger_target_dag']) retrieved from /home/airflow/.local/lib/python3.6/site-packages/airflow/example_dags/example_trigger_target_dag.py
[2024-06-25 20:07:48,617] {logging_mixin.py:104} INFO - [2024-06-25 20:07:48,616] {dag.py:1824} INFO - Sync 1 DAGs
[2024-06-25 20:07:48,770] {logging_mixin.py:104} INFO - [2024-06-25 20:07:48,769] {dag.py:2280} INFO - Setting next_dagrun for example_trigger_target_dag to None
[2024-06-25 20:07:48,927] {scheduler_job.py:190} INFO - Processing /home/airflow/.local/lib/python3.6/site-packages/airflow/example_dags/example_trigger_target_dag.py took 1.029 seconds
[2024-06-25 20:10:01,804] {scheduler_job.py:182} INFO - Started process (PID=195) to work on /home/airflow/.local/lib/python3.6/site-packages/airflow/example_dags/example_trigger_target_dag.py
[2024-06-25 20:10:01,857] {scheduler_job.py:629} INFO - Processing file /home/airflow/.local/lib/python3.6/site-packages/airflow/example_dags/example_trigger_target_dag.py for tasks to queue
[2024-06-25 20:10:01,872] {logging_mixin.py:104} INFO - [2024-06-25 20:10:01,872] {dagbag.py:451} INFO - Filling up the DagBag from /home/airflow/.local/lib/python3.6/site-packages/airflow/example_dags/example_trigger_target_dag.py
[2024-06-25 20:10:02,070] {scheduler_job.py:639} INFO - DAG(s) dict_keys(['example_trigger_target_dag']) retrieved from /home/airflow/.local/lib/python3.6/site-packages/airflow/example_dags/example_trigger_target_dag.py
[2024-06-25 20:10:02,331] {logging_mixin.py:104} INFO - [2024-06-25 20:10:02,331] {dag.py:1824} INFO - Sync 1 DAGs
[2024-06-25 20:10:02,398] {logging_mixin.py:104} INFO - [2024-06-25 20:10:02,398] {dag.py:2280} INFO - Setting next_dagrun for example_trigger_target_dag to None
[2024-06-25 20:10:02,444] {scheduler_job.py:190} INFO - Processing /home/airflow/.local/lib/python3.6/site-packages/airflow/example_dags/example_trigger_target_dag.py took 0.669 seconds
[2024-06-25 20:12:33,182] {scheduler_job.py:182} INFO - Started process (PID=221) to work on /home/airflow/.local/lib/python3.6/site-packages/airflow/example_dags/example_trigger_target_dag.py
[2024-06-25 20:12:33,193] {scheduler_job.py:629} INFO - Processing file /home/airflow/.local/lib/python3.6/site-packages/airflow/example_dags/example_trigger_target_dag.py for tasks to queue
[2024-06-25 20:12:33,198] {logging_mixin.py:104} INFO - [2024-06-25 20:12:33,198] {dagbag.py:451} INFO - Filling up the DagBag from /home/airflow/.local/lib/python3.6/site-packages/airflow/example_dags/example_trigger_target_dag.py
[2024-06-25 20:12:33,306] {scheduler_job.py:639} INFO - DAG(s) dict_keys(['example_trigger_target_dag']) retrieved from /home/airflow/.local/lib/python3.6/site-packages/airflow/example_dags/example_trigger_target_dag.py
[2024-06-25 20:12:33,580] {logging_mixin.py:104} INFO - [2024-06-25 20:12:33,580] {dag.py:1824} INFO - Sync 1 DAGs
[2024-06-25 20:12:33,762] {logging_mixin.py:104} INFO - [2024-06-25 20:12:33,762] {dag.py:2280} INFO - Setting next_dagrun for example_trigger_target_dag to None
[2024-06-25 20:12:33,852] {scheduler_job.py:190} INFO - Processing /home/airflow/.local/lib/python3.6/site-packages/airflow/example_dags/example_trigger_target_dag.py took 0.704 seconds
[2024-06-25 20:17:27,084] {scheduler_job.py:182} INFO - Started process (PID=48) to work on /home/airflow/.local/lib/python3.6/site-packages/airflow/example_dags/example_trigger_target_dag.py
[2024-06-25 20:17:27,087] {scheduler_job.py:629} INFO - Processing file /home/airflow/.local/lib/python3.6/site-packages/airflow/example_dags/example_trigger_target_dag.py for tasks to queue
[2024-06-25 20:17:27,090] {logging_mixin.py:104} INFO - [2024-06-25 20:17:27,089] {dagbag.py:451} INFO - Filling up the DagBag from /home/airflow/.local/lib/python3.6/site-packages/airflow/example_dags/example_trigger_target_dag.py
[2024-06-25 20:17:27,113] {scheduler_job.py:639} INFO - DAG(s) dict_keys(['example_trigger_target_dag']) retrieved from /home/airflow/.local/lib/python3.6/site-packages/airflow/example_dags/example_trigger_target_dag.py
[2024-06-25 20:17:27,301] {logging_mixin.py:104} INFO - [2024-06-25 20:17:27,301] {dag.py:1824} INFO - Sync 1 DAGs
[2024-06-25 20:17:27,440] {logging_mixin.py:104} INFO - [2024-06-25 20:17:27,440] {dag.py:2280} INFO - Setting next_dagrun for example_trigger_target_dag to None
[2024-06-25 20:17:27,510] {scheduler_job.py:190} INFO - Processing /home/airflow/.local/lib/python3.6/site-packages/airflow/example_dags/example_trigger_target_dag.py took 0.436 seconds
[2024-06-25 20:17:58,269] {scheduler_job.py:182} INFO - Started process (PID=74) to work on /home/airflow/.local/lib/python3.6/site-packages/airflow/example_dags/example_trigger_target_dag.py
[2024-06-25 20:17:58,277] {scheduler_job.py:629} INFO - Processing file /home/airflow/.local/lib/python3.6/site-packages/airflow/example_dags/example_trigger_target_dag.py for tasks to queue
[2024-06-25 20:17:58,279] {logging_mixin.py:104} INFO - [2024-06-25 20:17:58,278] {dagbag.py:451} INFO - Filling up the DagBag from /home/airflow/.local/lib/python3.6/site-packages/airflow/example_dags/example_trigger_target_dag.py
[2024-06-25 20:17:58,308] {scheduler_job.py:639} INFO - DAG(s) dict_keys(['example_trigger_target_dag']) retrieved from /home/airflow/.local/lib/python3.6/site-packages/airflow/example_dags/example_trigger_target_dag.py
[2024-06-25 20:17:58,355] {logging_mixin.py:104} INFO - [2024-06-25 20:17:58,355] {dag.py:1824} INFO - Sync 1 DAGs
[2024-06-25 20:17:58,405] {logging_mixin.py:104} INFO - [2024-06-25 20:17:58,405] {dag.py:2280} INFO - Setting next_dagrun for example_trigger_target_dag to None
[2024-06-25 20:17:58,432] {scheduler_job.py:190} INFO - Processing /home/airflow/.local/lib/python3.6/site-packages/airflow/example_dags/example_trigger_target_dag.py took 0.188 seconds
[2024-06-25 23:10:45,994] {scheduler_job.py:182} INFO - Started process (PID=35) to work on /home/airflow/.local/lib/python3.6/site-packages/airflow/example_dags/example_trigger_target_dag.py
[2024-06-25 23:10:46,045] {scheduler_job.py:629} INFO - Processing file /home/airflow/.local/lib/python3.6/site-packages/airflow/example_dags/example_trigger_target_dag.py for tasks to queue
[2024-06-25 23:10:46,150] {logging_mixin.py:104} INFO - [2024-06-25 23:10:46,150] {dagbag.py:451} INFO - Filling up the DagBag from /home/airflow/.local/lib/python3.6/site-packages/airflow/example_dags/example_trigger_target_dag.py
[2024-06-25 23:10:47,402] {scheduler_job.py:639} INFO - DAG(s) dict_keys(['example_trigger_target_dag']) retrieved from /home/airflow/.local/lib/python3.6/site-packages/airflow/example_dags/example_trigger_target_dag.py
[2024-06-25 23:10:47,975] {logging_mixin.py:104} INFO - [2024-06-25 23:10:47,975] {dag.py:1824} INFO - Sync 1 DAGs
[2024-06-25 23:10:48,314] {logging_mixin.py:104} INFO - [2024-06-25 23:10:48,314] {dag.py:2280} INFO - Setting next_dagrun for example_trigger_target_dag to None
[2024-06-25 23:10:48,522] {scheduler_job.py:190} INFO - Processing /home/airflow/.local/lib/python3.6/site-packages/airflow/example_dags/example_trigger_target_dag.py took 3.010 seconds
