[2024-06-25 20:04:52,411] {scheduler_job.py:182} INFO - Started process (PID=32) to work on /home/airflow/.local/lib/python3.6/site-packages/airflow/example_dags/example_python_operator.py
[2024-06-25 20:04:52,416] {scheduler_job.py:629} INFO - Processing file /home/airflow/.local/lib/python3.6/site-packages/airflow/example_dags/example_python_operator.py for tasks to queue
[2024-06-25 20:04:52,421] {logging_mixin.py:104} INFO - [2024-06-25 20:04:52,420] {dagbag.py:451} INFO - Filling up the DagBag from /home/airflow/.local/lib/python3.6/site-packages/airflow/example_dags/example_python_operator.py
[2024-06-25 20:04:52,479] {scheduler_job.py:639} INFO - DAG(s) dict_keys(['example_python_operator']) retrieved from /home/airflow/.local/lib/python3.6/site-packages/airflow/example_dags/example_python_operator.py
[2024-06-25 20:04:53,211] {logging_mixin.py:104} INFO - [2024-06-25 20:04:53,210] {dag.py:1824} INFO - Sync 1 DAGs
[2024-06-25 20:04:53,451] {logging_mixin.py:104} INFO - [2024-06-25 20:04:53,451] {dag.py:1843} INFO - Creating ORM DAG for example_python_operator
[2024-06-25 20:04:53,801] {logging_mixin.py:104} INFO - [2024-06-25 20:04:53,801] {dag.py:2280} INFO - Setting next_dagrun for example_python_operator to None
[2024-06-25 20:04:53,929] {scheduler_job.py:190} INFO - Processing /home/airflow/.local/lib/python3.6/site-packages/airflow/example_dags/example_python_operator.py took 1.717 seconds
[2024-06-25 20:05:45,226] {scheduler_job.py:182} INFO - Started process (PID=58) to work on /home/airflow/.local/lib/python3.6/site-packages/airflow/example_dags/example_python_operator.py
[2024-06-25 20:05:45,231] {scheduler_job.py:629} INFO - Processing file /home/airflow/.local/lib/python3.6/site-packages/airflow/example_dags/example_python_operator.py for tasks to queue
[2024-06-25 20:05:45,233] {logging_mixin.py:104} INFO - [2024-06-25 20:05:45,233] {dagbag.py:451} INFO - Filling up the DagBag from /home/airflow/.local/lib/python3.6/site-packages/airflow/example_dags/example_python_operator.py
[2024-06-25 20:05:46,128] {scheduler_job.py:639} INFO - DAG(s) dict_keys(['example_python_operator']) retrieved from /home/airflow/.local/lib/python3.6/site-packages/airflow/example_dags/example_python_operator.py
[2024-06-25 20:05:46,340] {logging_mixin.py:104} INFO - [2024-06-25 20:05:46,339] {dag.py:1824} INFO - Sync 1 DAGs
[2024-06-25 20:05:46,624] {logging_mixin.py:104} INFO - [2024-06-25 20:05:46,624] {dag.py:2280} INFO - Setting next_dagrun for example_python_operator to None
[2024-06-25 20:05:47,230] {scheduler_job.py:190} INFO - Processing /home/airflow/.local/lib/python3.6/site-packages/airflow/example_dags/example_python_operator.py took 2.016 seconds
[2024-06-25 20:06:18,197] {scheduler_job.py:182} INFO - Started process (PID=84) to work on /home/airflow/.local/lib/python3.6/site-packages/airflow/example_dags/example_python_operator.py
[2024-06-25 20:06:18,199] {scheduler_job.py:629} INFO - Processing file /home/airflow/.local/lib/python3.6/site-packages/airflow/example_dags/example_python_operator.py for tasks to queue
[2024-06-25 20:06:18,201] {logging_mixin.py:104} INFO - [2024-06-25 20:06:18,201] {dagbag.py:451} INFO - Filling up the DagBag from /home/airflow/.local/lib/python3.6/site-packages/airflow/example_dags/example_python_operator.py
[2024-06-25 20:06:18,229] {scheduler_job.py:639} INFO - DAG(s) dict_keys(['example_python_operator']) retrieved from /home/airflow/.local/lib/python3.6/site-packages/airflow/example_dags/example_python_operator.py
[2024-06-25 20:06:18,281] {logging_mixin.py:104} INFO - [2024-06-25 20:06:18,281] {dag.py:1824} INFO - Sync 1 DAGs
[2024-06-25 20:06:18,329] {logging_mixin.py:104} INFO - [2024-06-25 20:06:18,328] {dag.py:2280} INFO - Setting next_dagrun for example_python_operator to None
[2024-06-25 20:06:18,379] {scheduler_job.py:190} INFO - Processing /home/airflow/.local/lib/python3.6/site-packages/airflow/example_dags/example_python_operator.py took 0.190 seconds
[2024-06-25 20:06:48,635] {scheduler_job.py:182} INFO - Started process (PID=110) to work on /home/airflow/.local/lib/python3.6/site-packages/airflow/example_dags/example_python_operator.py
[2024-06-25 20:06:48,645] {scheduler_job.py:629} INFO - Processing file /home/airflow/.local/lib/python3.6/site-packages/airflow/example_dags/example_python_operator.py for tasks to queue
[2024-06-25 20:06:48,650] {logging_mixin.py:104} INFO - [2024-06-25 20:06:48,649] {dagbag.py:451} INFO - Filling up the DagBag from /home/airflow/.local/lib/python3.6/site-packages/airflow/example_dags/example_python_operator.py
[2024-06-25 20:06:48,744] {scheduler_job.py:639} INFO - DAG(s) dict_keys(['example_python_operator']) retrieved from /home/airflow/.local/lib/python3.6/site-packages/airflow/example_dags/example_python_operator.py
[2024-06-25 20:06:48,825] {logging_mixin.py:104} INFO - [2024-06-25 20:06:48,825] {dag.py:1824} INFO - Sync 1 DAGs
[2024-06-25 20:06:48,927] {logging_mixin.py:104} INFO - [2024-06-25 20:06:48,926] {dag.py:2280} INFO - Setting next_dagrun for example_python_operator to None
[2024-06-25 20:06:48,946] {scheduler_job.py:190} INFO - Processing /home/airflow/.local/lib/python3.6/site-packages/airflow/example_dags/example_python_operator.py took 0.317 seconds
[2024-06-25 20:07:19,448] {scheduler_job.py:182} INFO - Started process (PID=136) to work on /home/airflow/.local/lib/python3.6/site-packages/airflow/example_dags/example_python_operator.py
[2024-06-25 20:07:19,452] {scheduler_job.py:629} INFO - Processing file /home/airflow/.local/lib/python3.6/site-packages/airflow/example_dags/example_python_operator.py for tasks to queue
[2024-06-25 20:07:19,454] {logging_mixin.py:104} INFO - [2024-06-25 20:07:19,454] {dagbag.py:451} INFO - Filling up the DagBag from /home/airflow/.local/lib/python3.6/site-packages/airflow/example_dags/example_python_operator.py
[2024-06-25 20:07:19,491] {scheduler_job.py:639} INFO - DAG(s) dict_keys(['example_python_operator']) retrieved from /home/airflow/.local/lib/python3.6/site-packages/airflow/example_dags/example_python_operator.py
[2024-06-25 20:07:19,560] {logging_mixin.py:104} INFO - [2024-06-25 20:07:19,560] {dag.py:1824} INFO - Sync 1 DAGs
[2024-06-25 20:07:19,660] {logging_mixin.py:104} INFO - [2024-06-25 20:07:19,660] {dag.py:2280} INFO - Setting next_dagrun for example_python_operator to None
[2024-06-25 20:07:19,737] {scheduler_job.py:190} INFO - Processing /home/airflow/.local/lib/python3.6/site-packages/airflow/example_dags/example_python_operator.py took 0.297 seconds
[2024-06-25 20:08:03,608] {scheduler_job.py:182} INFO - Started process (PID=162) to work on /home/airflow/.local/lib/python3.6/site-packages/airflow/example_dags/example_python_operator.py
[2024-06-25 20:08:03,638] {scheduler_job.py:629} INFO - Processing file /home/airflow/.local/lib/python3.6/site-packages/airflow/example_dags/example_python_operator.py for tasks to queue
[2024-06-25 20:08:03,647] {logging_mixin.py:104} INFO - [2024-06-25 20:08:03,643] {dagbag.py:451} INFO - Filling up the DagBag from /home/airflow/.local/lib/python3.6/site-packages/airflow/example_dags/example_python_operator.py
[2024-06-25 20:08:05,124] {scheduler_job.py:639} INFO - DAG(s) dict_keys(['example_python_operator']) retrieved from /home/airflow/.local/lib/python3.6/site-packages/airflow/example_dags/example_python_operator.py
[2024-06-25 20:08:06,361] {logging_mixin.py:104} INFO - [2024-06-25 20:08:06,307] {dag.py:1824} INFO - Sync 1 DAGs
[2024-06-25 20:08:06,648] {logging_mixin.py:104} INFO - [2024-06-25 20:08:06,624] {dag.py:2280} INFO - Setting next_dagrun for example_python_operator to None
[2024-06-25 20:08:07,221] {scheduler_job.py:190} INFO - Processing /home/airflow/.local/lib/python3.6/site-packages/airflow/example_dags/example_python_operator.py took 3.757 seconds
[2024-06-25 20:09:51,786] {scheduler_job.py:182} INFO - Started process (PID=174) to work on /home/airflow/.local/lib/python3.6/site-packages/airflow/example_dags/example_python_operator.py
[2024-06-25 20:09:51,797] {scheduler_job.py:629} INFO - Processing file /home/airflow/.local/lib/python3.6/site-packages/airflow/example_dags/example_python_operator.py for tasks to queue
[2024-06-25 20:09:51,830] {logging_mixin.py:104} INFO - [2024-06-25 20:09:51,818] {dagbag.py:451} INFO - Filling up the DagBag from /home/airflow/.local/lib/python3.6/site-packages/airflow/example_dags/example_python_operator.py
[2024-06-25 20:09:52,524] {scheduler_job.py:639} INFO - DAG(s) dict_keys(['example_python_operator']) retrieved from /home/airflow/.local/lib/python3.6/site-packages/airflow/example_dags/example_python_operator.py
[2024-06-25 20:09:53,214] {logging_mixin.py:104} INFO - [2024-06-25 20:09:53,213] {dag.py:1824} INFO - Sync 1 DAGs
[2024-06-25 20:09:53,354] {logging_mixin.py:104} INFO - [2024-06-25 20:09:53,354] {dag.py:2280} INFO - Setting next_dagrun for example_python_operator to None
[2024-06-25 20:09:53,616] {scheduler_job.py:190} INFO - Processing /home/airflow/.local/lib/python3.6/site-packages/airflow/example_dags/example_python_operator.py took 1.899 seconds
[2024-06-25 20:12:27,303] {scheduler_job.py:182} INFO - Started process (PID=200) to work on /home/airflow/.local/lib/python3.6/site-packages/airflow/example_dags/example_python_operator.py
[2024-06-25 20:12:27,318] {scheduler_job.py:629} INFO - Processing file /home/airflow/.local/lib/python3.6/site-packages/airflow/example_dags/example_python_operator.py for tasks to queue
[2024-06-25 20:12:27,325] {logging_mixin.py:104} INFO - [2024-06-25 20:12:27,324] {dagbag.py:451} INFO - Filling up the DagBag from /home/airflow/.local/lib/python3.6/site-packages/airflow/example_dags/example_python_operator.py
[2024-06-25 20:12:27,430] {scheduler_job.py:639} INFO - DAG(s) dict_keys(['example_python_operator']) retrieved from /home/airflow/.local/lib/python3.6/site-packages/airflow/example_dags/example_python_operator.py
[2024-06-25 20:12:27,656] {logging_mixin.py:104} INFO - [2024-06-25 20:12:27,656] {dag.py:1824} INFO - Sync 1 DAGs
[2024-06-25 20:12:28,030] {logging_mixin.py:104} INFO - [2024-06-25 20:12:28,030] {dag.py:2280} INFO - Setting next_dagrun for example_python_operator to None
[2024-06-25 20:12:28,151] {scheduler_job.py:190} INFO - Processing /home/airflow/.local/lib/python3.6/site-packages/airflow/example_dags/example_python_operator.py took 0.879 seconds
[2024-06-25 20:14:45,156] {scheduler_job.py:182} INFO - Started process (PID=226) to work on /home/airflow/.local/lib/python3.6/site-packages/airflow/example_dags/example_python_operator.py
[2024-06-25 20:14:45,175] {scheduler_job.py:629} INFO - Processing file /home/airflow/.local/lib/python3.6/site-packages/airflow/example_dags/example_python_operator.py for tasks to queue
[2024-06-25 20:14:45,178] {logging_mixin.py:104} INFO - [2024-06-25 20:14:45,177] {dagbag.py:451} INFO - Filling up the DagBag from /home/airflow/.local/lib/python3.6/site-packages/airflow/example_dags/example_python_operator.py
[2024-06-25 20:14:45,987] {scheduler_job.py:639} INFO - DAG(s) dict_keys(['example_python_operator']) retrieved from /home/airflow/.local/lib/python3.6/site-packages/airflow/example_dags/example_python_operator.py
[2024-06-25 20:14:46,424] {logging_mixin.py:104} INFO - [2024-06-25 20:14:46,424] {dag.py:1824} INFO - Sync 1 DAGs
[2024-06-25 20:14:46,586] {logging_mixin.py:104} INFO - [2024-06-25 20:14:46,586] {dag.py:2280} INFO - Setting next_dagrun for example_python_operator to None
[2024-06-25 20:14:46,641] {scheduler_job.py:190} INFO - Processing /home/airflow/.local/lib/python3.6/site-packages/airflow/example_dags/example_python_operator.py took 1.501 seconds
[2024-06-25 20:17:21,924] {scheduler_job.py:182} INFO - Started process (PID=34) to work on /home/airflow/.local/lib/python3.6/site-packages/airflow/example_dags/example_python_operator.py
[2024-06-25 20:17:21,928] {scheduler_job.py:629} INFO - Processing file /home/airflow/.local/lib/python3.6/site-packages/airflow/example_dags/example_python_operator.py for tasks to queue
[2024-06-25 20:17:21,929] {logging_mixin.py:104} INFO - [2024-06-25 20:17:21,929] {dagbag.py:451} INFO - Filling up the DagBag from /home/airflow/.local/lib/python3.6/site-packages/airflow/example_dags/example_python_operator.py
[2024-06-25 20:17:21,960] {scheduler_job.py:639} INFO - DAG(s) dict_keys(['example_python_operator']) retrieved from /home/airflow/.local/lib/python3.6/site-packages/airflow/example_dags/example_python_operator.py
[2024-06-25 20:17:22,088] {logging_mixin.py:104} INFO - [2024-06-25 20:17:22,088] {dag.py:1824} INFO - Sync 1 DAGs
[2024-06-25 20:17:22,143] {logging_mixin.py:104} INFO - [2024-06-25 20:17:22,143] {dag.py:2280} INFO - Setting next_dagrun for example_python_operator to None
[2024-06-25 20:17:22,164] {scheduler_job.py:190} INFO - Processing /home/airflow/.local/lib/python3.6/site-packages/airflow/example_dags/example_python_operator.py took 0.245 seconds
[2024-06-25 20:17:53,295] {scheduler_job.py:182} INFO - Started process (PID=57) to work on /home/airflow/.local/lib/python3.6/site-packages/airflow/example_dags/example_python_operator.py
[2024-06-25 20:17:53,299] {scheduler_job.py:629} INFO - Processing file /home/airflow/.local/lib/python3.6/site-packages/airflow/example_dags/example_python_operator.py for tasks to queue
[2024-06-25 20:17:53,302] {logging_mixin.py:104} INFO - [2024-06-25 20:17:53,302] {dagbag.py:451} INFO - Filling up the DagBag from /home/airflow/.local/lib/python3.6/site-packages/airflow/example_dags/example_python_operator.py
[2024-06-25 20:17:53,453] {scheduler_job.py:639} INFO - DAG(s) dict_keys(['example_python_operator']) retrieved from /home/airflow/.local/lib/python3.6/site-packages/airflow/example_dags/example_python_operator.py
[2024-06-25 20:17:53,589] {logging_mixin.py:104} INFO - [2024-06-25 20:17:53,589] {dag.py:1824} INFO - Sync 1 DAGs
[2024-06-25 20:17:53,903] {logging_mixin.py:104} INFO - [2024-06-25 20:17:53,903] {dag.py:2280} INFO - Setting next_dagrun for example_python_operator to None
[2024-06-25 20:17:54,597] {scheduler_job.py:190} INFO - Processing /home/airflow/.local/lib/python3.6/site-packages/airflow/example_dags/example_python_operator.py took 1.310 seconds
