[2024-06-25 20:05:30,990] {scheduler_job.py:182} INFO - Started process (PID=48) to work on /home/airflow/.local/lib/python3.6/site-packages/airflow/example_dags/example_skip_dag.py
[2024-06-25 20:05:31,004] {scheduler_job.py:629} INFO - Processing file /home/airflow/.local/lib/python3.6/site-packages/airflow/example_dags/example_skip_dag.py for tasks to queue
[2024-06-25 20:05:31,038] {logging_mixin.py:104} INFO - [2024-06-25 20:05:31,038] {dagbag.py:451} INFO - Filling up the DagBag from /home/airflow/.local/lib/python3.6/site-packages/airflow/example_dags/example_skip_dag.py
[2024-06-25 20:05:31,447] {scheduler_job.py:639} INFO - DAG(s) dict_keys(['example_skip_dag']) retrieved from /home/airflow/.local/lib/python3.6/site-packages/airflow/example_dags/example_skip_dag.py
[2024-06-25 20:05:35,366] {logging_mixin.py:104} INFO - [2024-06-25 20:05:35,366] {dag.py:1824} INFO - Sync 1 DAGs
[2024-06-25 20:05:36,020] {logging_mixin.py:104} INFO - [2024-06-25 20:05:36,020] {dag.py:1843} INFO - Creating ORM DAG for example_skip_dag
[2024-06-25 20:05:36,123] {logging_mixin.py:104} INFO - [2024-06-25 20:05:36,122] {dag.py:2280} INFO - Setting next_dagrun for example_skip_dag to 2024-06-23 00:00:00+00:00
[2024-06-25 20:05:36,450] {scheduler_job.py:190} INFO - Processing /home/airflow/.local/lib/python3.6/site-packages/airflow/example_dags/example_skip_dag.py took 5.504 seconds
[2024-06-25 20:06:07,232] {scheduler_job.py:182} INFO - Started process (PID=73) to work on /home/airflow/.local/lib/python3.6/site-packages/airflow/example_dags/example_skip_dag.py
[2024-06-25 20:06:07,244] {scheduler_job.py:629} INFO - Processing file /home/airflow/.local/lib/python3.6/site-packages/airflow/example_dags/example_skip_dag.py for tasks to queue
[2024-06-25 20:06:07,273] {logging_mixin.py:104} INFO - [2024-06-25 20:06:07,272] {dagbag.py:451} INFO - Filling up the DagBag from /home/airflow/.local/lib/python3.6/site-packages/airflow/example_dags/example_skip_dag.py
[2024-06-25 20:06:07,970] {scheduler_job.py:639} INFO - DAG(s) dict_keys(['example_skip_dag']) retrieved from /home/airflow/.local/lib/python3.6/site-packages/airflow/example_dags/example_skip_dag.py
[2024-06-25 20:06:08,390] {logging_mixin.py:104} INFO - [2024-06-25 20:06:08,388] {dag.py:1824} INFO - Sync 1 DAGs
[2024-06-25 20:06:08,834] {logging_mixin.py:104} INFO - [2024-06-25 20:06:08,834] {dag.py:2280} INFO - Setting next_dagrun for example_skip_dag to 2024-06-23 00:00:00+00:00
[2024-06-25 20:06:08,886] {scheduler_job.py:190} INFO - Processing /home/airflow/.local/lib/python3.6/site-packages/airflow/example_dags/example_skip_dag.py took 1.723 seconds
[2024-06-25 20:06:39,475] {scheduler_job.py:182} INFO - Started process (PID=99) to work on /home/airflow/.local/lib/python3.6/site-packages/airflow/example_dags/example_skip_dag.py
[2024-06-25 20:06:39,479] {scheduler_job.py:629} INFO - Processing file /home/airflow/.local/lib/python3.6/site-packages/airflow/example_dags/example_skip_dag.py for tasks to queue
[2024-06-25 20:06:39,486] {logging_mixin.py:104} INFO - [2024-06-25 20:06:39,486] {dagbag.py:451} INFO - Filling up the DagBag from /home/airflow/.local/lib/python3.6/site-packages/airflow/example_dags/example_skip_dag.py
[2024-06-25 20:06:39,610] {scheduler_job.py:639} INFO - DAG(s) dict_keys(['example_skip_dag']) retrieved from /home/airflow/.local/lib/python3.6/site-packages/airflow/example_dags/example_skip_dag.py
[2024-06-25 20:06:39,719] {logging_mixin.py:104} INFO - [2024-06-25 20:06:39,718] {dag.py:1824} INFO - Sync 1 DAGs
[2024-06-25 20:06:39,771] {logging_mixin.py:104} INFO - [2024-06-25 20:06:39,771] {dag.py:2280} INFO - Setting next_dagrun for example_skip_dag to 2024-06-23 00:00:00+00:00
[2024-06-25 20:06:39,794] {scheduler_job.py:190} INFO - Processing /home/airflow/.local/lib/python3.6/site-packages/airflow/example_dags/example_skip_dag.py took 0.332 seconds
[2024-06-25 20:07:10,416] {scheduler_job.py:182} INFO - Started process (PID=125) to work on /home/airflow/.local/lib/python3.6/site-packages/airflow/example_dags/example_skip_dag.py
[2024-06-25 20:07:10,448] {scheduler_job.py:629} INFO - Processing file /home/airflow/.local/lib/python3.6/site-packages/airflow/example_dags/example_skip_dag.py for tasks to queue
[2024-06-25 20:07:10,456] {logging_mixin.py:104} INFO - [2024-06-25 20:07:10,456] {dagbag.py:451} INFO - Filling up the DagBag from /home/airflow/.local/lib/python3.6/site-packages/airflow/example_dags/example_skip_dag.py
[2024-06-25 20:07:10,627] {scheduler_job.py:639} INFO - DAG(s) dict_keys(['example_skip_dag']) retrieved from /home/airflow/.local/lib/python3.6/site-packages/airflow/example_dags/example_skip_dag.py
[2024-06-25 20:07:11,059] {logging_mixin.py:104} INFO - [2024-06-25 20:07:11,058] {dag.py:1824} INFO - Sync 1 DAGs
[2024-06-25 20:07:11,413] {logging_mixin.py:104} INFO - [2024-06-25 20:07:11,412] {dag.py:2280} INFO - Setting next_dagrun for example_skip_dag to 2024-06-23 00:00:00+00:00
[2024-06-25 20:07:11,521] {scheduler_job.py:190} INFO - Processing /home/airflow/.local/lib/python3.6/site-packages/airflow/example_dags/example_skip_dag.py took 1.136 seconds
[2024-06-25 20:07:41,923] {scheduler_job.py:182} INFO - Started process (PID=152) to work on /home/airflow/.local/lib/python3.6/site-packages/airflow/example_dags/example_skip_dag.py
[2024-06-25 20:07:41,951] {scheduler_job.py:629} INFO - Processing file /home/airflow/.local/lib/python3.6/site-packages/airflow/example_dags/example_skip_dag.py for tasks to queue
[2024-06-25 20:07:41,975] {logging_mixin.py:104} INFO - [2024-06-25 20:07:41,974] {dagbag.py:451} INFO - Filling up the DagBag from /home/airflow/.local/lib/python3.6/site-packages/airflow/example_dags/example_skip_dag.py
[2024-06-25 20:07:42,251] {scheduler_job.py:639} INFO - DAG(s) dict_keys(['example_skip_dag']) retrieved from /home/airflow/.local/lib/python3.6/site-packages/airflow/example_dags/example_skip_dag.py
[2024-06-25 20:07:42,585] {logging_mixin.py:104} INFO - [2024-06-25 20:07:42,585] {dag.py:1824} INFO - Sync 1 DAGs
[2024-06-25 20:07:42,882] {logging_mixin.py:104} INFO - [2024-06-25 20:07:42,882] {dag.py:2280} INFO - Setting next_dagrun for example_skip_dag to 2024-06-23 00:00:00+00:00
[2024-06-25 20:07:43,058] {scheduler_job.py:190} INFO - Processing /home/airflow/.local/lib/python3.6/site-packages/airflow/example_dags/example_skip_dag.py took 1.184 seconds
[2024-06-25 20:10:00,584] {scheduler_job.py:182} INFO - Started process (PID=190) to work on /home/airflow/.local/lib/python3.6/site-packages/airflow/example_dags/example_skip_dag.py
[2024-06-25 20:10:00,608] {scheduler_job.py:629} INFO - Processing file /home/airflow/.local/lib/python3.6/site-packages/airflow/example_dags/example_skip_dag.py for tasks to queue
[2024-06-25 20:10:00,616] {logging_mixin.py:104} INFO - [2024-06-25 20:10:00,616] {dagbag.py:451} INFO - Filling up the DagBag from /home/airflow/.local/lib/python3.6/site-packages/airflow/example_dags/example_skip_dag.py
[2024-06-25 20:10:00,741] {scheduler_job.py:639} INFO - DAG(s) dict_keys(['example_skip_dag']) retrieved from /home/airflow/.local/lib/python3.6/site-packages/airflow/example_dags/example_skip_dag.py
[2024-06-25 20:10:00,865] {logging_mixin.py:104} INFO - [2024-06-25 20:10:00,865] {dag.py:1824} INFO - Sync 1 DAGs
[2024-06-25 20:10:00,937] {logging_mixin.py:104} INFO - [2024-06-25 20:10:00,937] {dag.py:2280} INFO - Setting next_dagrun for example_skip_dag to 2024-06-23 00:00:00+00:00
[2024-06-25 20:10:01,014] {scheduler_job.py:190} INFO - Processing /home/airflow/.local/lib/python3.6/site-packages/airflow/example_dags/example_skip_dag.py took 0.472 seconds
[2024-06-25 20:12:32,098] {scheduler_job.py:182} INFO - Started process (PID=216) to work on /home/airflow/.local/lib/python3.6/site-packages/airflow/example_dags/example_skip_dag.py
[2024-06-25 20:12:32,101] {scheduler_job.py:629} INFO - Processing file /home/airflow/.local/lib/python3.6/site-packages/airflow/example_dags/example_skip_dag.py for tasks to queue
[2024-06-25 20:12:32,105] {logging_mixin.py:104} INFO - [2024-06-25 20:12:32,105] {dagbag.py:451} INFO - Filling up the DagBag from /home/airflow/.local/lib/python3.6/site-packages/airflow/example_dags/example_skip_dag.py
[2024-06-25 20:12:32,132] {scheduler_job.py:639} INFO - DAG(s) dict_keys(['example_skip_dag']) retrieved from /home/airflow/.local/lib/python3.6/site-packages/airflow/example_dags/example_skip_dag.py
[2024-06-25 20:12:32,198] {logging_mixin.py:104} INFO - [2024-06-25 20:12:32,198] {dag.py:1824} INFO - Sync 1 DAGs
[2024-06-25 20:12:32,226] {logging_mixin.py:104} INFO - [2024-06-25 20:12:32,226] {dag.py:2280} INFO - Setting next_dagrun for example_skip_dag to 2024-06-23 00:00:00+00:00
[2024-06-25 20:12:32,260] {scheduler_job.py:190} INFO - Processing /home/airflow/.local/lib/python3.6/site-packages/airflow/example_dags/example_skip_dag.py took 0.168 seconds
[2024-06-25 20:17:21,018] {scheduler_job.py:182} INFO - Started process (PID=30) to work on /home/airflow/.local/lib/python3.6/site-packages/airflow/example_dags/example_skip_dag.py
[2024-06-25 20:17:21,033] {scheduler_job.py:629} INFO - Processing file /home/airflow/.local/lib/python3.6/site-packages/airflow/example_dags/example_skip_dag.py for tasks to queue
[2024-06-25 20:17:21,050] {logging_mixin.py:104} INFO - [2024-06-25 20:17:21,049] {dagbag.py:451} INFO - Filling up the DagBag from /home/airflow/.local/lib/python3.6/site-packages/airflow/example_dags/example_skip_dag.py
[2024-06-25 20:17:21,144] {scheduler_job.py:639} INFO - DAG(s) dict_keys(['example_skip_dag']) retrieved from /home/airflow/.local/lib/python3.6/site-packages/airflow/example_dags/example_skip_dag.py
[2024-06-25 20:17:21,230] {logging_mixin.py:104} INFO - [2024-06-25 20:17:21,230] {dag.py:1824} INFO - Sync 1 DAGs
[2024-06-25 20:17:21,294] {logging_mixin.py:104} INFO - [2024-06-25 20:17:21,293] {dag.py:2280} INFO - Setting next_dagrun for example_skip_dag to 2024-06-23 00:00:00+00:00
[2024-06-25 20:17:21,328] {scheduler_job.py:190} INFO - Processing /home/airflow/.local/lib/python3.6/site-packages/airflow/example_dags/example_skip_dag.py took 0.388 seconds
[2024-06-25 20:17:55,616] {scheduler_job.py:182} INFO - Started process (PID=60) to work on /home/airflow/.local/lib/python3.6/site-packages/airflow/example_dags/example_skip_dag.py
[2024-06-25 20:17:55,619] {scheduler_job.py:629} INFO - Processing file /home/airflow/.local/lib/python3.6/site-packages/airflow/example_dags/example_skip_dag.py for tasks to queue
[2024-06-25 20:17:55,621] {logging_mixin.py:104} INFO - [2024-06-25 20:17:55,620] {dagbag.py:451} INFO - Filling up the DagBag from /home/airflow/.local/lib/python3.6/site-packages/airflow/example_dags/example_skip_dag.py
[2024-06-25 20:17:55,667] {scheduler_job.py:639} INFO - DAG(s) dict_keys(['example_skip_dag']) retrieved from /home/airflow/.local/lib/python3.6/site-packages/airflow/example_dags/example_skip_dag.py
[2024-06-25 20:17:55,834] {logging_mixin.py:104} INFO - [2024-06-25 20:17:55,833] {dag.py:1824} INFO - Sync 1 DAGs
[2024-06-25 20:17:55,896] {logging_mixin.py:104} INFO - [2024-06-25 20:17:55,896] {dag.py:2280} INFO - Setting next_dagrun for example_skip_dag to 2024-06-23 00:00:00+00:00
[2024-06-25 20:17:55,922] {scheduler_job.py:190} INFO - Processing /home/airflow/.local/lib/python3.6/site-packages/airflow/example_dags/example_skip_dag.py took 0.314 seconds
[2024-06-25 23:10:31,790] {scheduler_job.py:182} INFO - Started process (PID=30) to work on /home/airflow/.local/lib/python3.6/site-packages/airflow/example_dags/example_skip_dag.py
[2024-06-25 23:10:31,924] {scheduler_job.py:629} INFO - Processing file /home/airflow/.local/lib/python3.6/site-packages/airflow/example_dags/example_skip_dag.py for tasks to queue
[2024-06-25 23:10:31,945] {logging_mixin.py:104} INFO - [2024-06-25 23:10:31,945] {dagbag.py:451} INFO - Filling up the DagBag from /home/airflow/.local/lib/python3.6/site-packages/airflow/example_dags/example_skip_dag.py
[2024-06-25 23:10:32,437] {scheduler_job.py:639} INFO - DAG(s) dict_keys(['example_skip_dag']) retrieved from /home/airflow/.local/lib/python3.6/site-packages/airflow/example_dags/example_skip_dag.py
[2024-06-25 23:10:32,952] {logging_mixin.py:104} INFO - [2024-06-25 23:10:32,952] {dag.py:1824} INFO - Sync 1 DAGs
[2024-06-25 23:10:33,337] {logging_mixin.py:104} INFO - [2024-06-25 23:10:33,337] {dag.py:2280} INFO - Setting next_dagrun for example_skip_dag to 2024-06-23 00:00:00+00:00
[2024-06-25 23:10:33,634] {scheduler_job.py:190} INFO - Processing /home/airflow/.local/lib/python3.6/site-packages/airflow/example_dags/example_skip_dag.py took 1.867 seconds
