[2024-06-25 20:05:37,261] {scheduler_job.py:182} INFO - Started process (PID=50) to work on /home/airflow/.local/lib/python3.6/site-packages/airflow/example_dags/example_bash_operator.py
[2024-06-25 20:05:37,268] {scheduler_job.py:629} INFO - Processing file /home/airflow/.local/lib/python3.6/site-packages/airflow/example_dags/example_bash_operator.py for tasks to queue
[2024-06-25 20:05:37,271] {logging_mixin.py:104} INFO - [2024-06-25 20:05:37,271] {dagbag.py:451} INFO - Filling up the DagBag from /home/airflow/.local/lib/python3.6/site-packages/airflow/example_dags/example_bash_operator.py
[2024-06-25 20:05:37,445] {scheduler_job.py:639} INFO - DAG(s) dict_keys(['example_bash_operator']) retrieved from /home/airflow/.local/lib/python3.6/site-packages/airflow/example_dags/example_bash_operator.py
[2024-06-25 20:05:37,569] {logging_mixin.py:104} INFO - [2024-06-25 20:05:37,567] {dag.py:1824} INFO - Sync 1 DAGs
[2024-06-25 20:05:37,649] {logging_mixin.py:104} INFO - [2024-06-25 20:05:37,649] {dag.py:1843} INFO - Creating ORM DAG for example_bash_operator
[2024-06-25 20:05:37,680] {logging_mixin.py:104} INFO - [2024-06-25 20:05:37,680] {dag.py:2280} INFO - Setting next_dagrun for example_bash_operator to 2024-06-23 00:00:00+00:00
[2024-06-25 20:05:38,108] {scheduler_job.py:190} INFO - Processing /home/airflow/.local/lib/python3.6/site-packages/airflow/example_dags/example_bash_operator.py took 0.866 seconds
[2024-06-25 20:06:09,663] {scheduler_job.py:182} INFO - Started process (PID=76) to work on /home/airflow/.local/lib/python3.6/site-packages/airflow/example_dags/example_bash_operator.py
[2024-06-25 20:06:09,667] {scheduler_job.py:629} INFO - Processing file /home/airflow/.local/lib/python3.6/site-packages/airflow/example_dags/example_bash_operator.py for tasks to queue
[2024-06-25 20:06:09,672] {logging_mixin.py:104} INFO - [2024-06-25 20:06:09,671] {dagbag.py:451} INFO - Filling up the DagBag from /home/airflow/.local/lib/python3.6/site-packages/airflow/example_dags/example_bash_operator.py
[2024-06-25 20:06:09,727] {scheduler_job.py:639} INFO - DAG(s) dict_keys(['example_bash_operator']) retrieved from /home/airflow/.local/lib/python3.6/site-packages/airflow/example_dags/example_bash_operator.py
[2024-06-25 20:06:09,891] {logging_mixin.py:104} INFO - [2024-06-25 20:06:09,883] {dag.py:1824} INFO - Sync 1 DAGs
[2024-06-25 20:06:09,998] {logging_mixin.py:104} INFO - [2024-06-25 20:06:09,998] {dag.py:2280} INFO - Setting next_dagrun for example_bash_operator to 2024-06-23 00:00:00+00:00
[2024-06-25 20:06:10,065] {scheduler_job.py:190} INFO - Processing /home/airflow/.local/lib/python3.6/site-packages/airflow/example_dags/example_bash_operator.py took 0.415 seconds
[2024-06-25 20:06:40,503] {scheduler_job.py:182} INFO - Started process (PID=102) to work on /home/airflow/.local/lib/python3.6/site-packages/airflow/example_dags/example_bash_operator.py
[2024-06-25 20:06:40,508] {scheduler_job.py:629} INFO - Processing file /home/airflow/.local/lib/python3.6/site-packages/airflow/example_dags/example_bash_operator.py for tasks to queue
[2024-06-25 20:06:40,517] {logging_mixin.py:104} INFO - [2024-06-25 20:06:40,516] {dagbag.py:451} INFO - Filling up the DagBag from /home/airflow/.local/lib/python3.6/site-packages/airflow/example_dags/example_bash_operator.py
[2024-06-25 20:06:40,672] {scheduler_job.py:639} INFO - DAG(s) dict_keys(['example_bash_operator']) retrieved from /home/airflow/.local/lib/python3.6/site-packages/airflow/example_dags/example_bash_operator.py
[2024-06-25 20:06:40,765] {logging_mixin.py:104} INFO - [2024-06-25 20:06:40,765] {dag.py:1824} INFO - Sync 1 DAGs
[2024-06-25 20:06:40,832] {logging_mixin.py:104} INFO - [2024-06-25 20:06:40,831] {dag.py:2280} INFO - Setting next_dagrun for example_bash_operator to 2024-06-23 00:00:00+00:00
[2024-06-25 20:06:40,922] {scheduler_job.py:190} INFO - Processing /home/airflow/.local/lib/python3.6/site-packages/airflow/example_dags/example_bash_operator.py took 0.451 seconds
[2024-06-25 20:07:11,627] {scheduler_job.py:182} INFO - Started process (PID=128) to work on /home/airflow/.local/lib/python3.6/site-packages/airflow/example_dags/example_bash_operator.py
[2024-06-25 20:07:11,631] {scheduler_job.py:629} INFO - Processing file /home/airflow/.local/lib/python3.6/site-packages/airflow/example_dags/example_bash_operator.py for tasks to queue
[2024-06-25 20:07:11,634] {logging_mixin.py:104} INFO - [2024-06-25 20:07:11,633] {dagbag.py:451} INFO - Filling up the DagBag from /home/airflow/.local/lib/python3.6/site-packages/airflow/example_dags/example_bash_operator.py
[2024-06-25 20:07:11,728] {scheduler_job.py:639} INFO - DAG(s) dict_keys(['example_bash_operator']) retrieved from /home/airflow/.local/lib/python3.6/site-packages/airflow/example_dags/example_bash_operator.py
[2024-06-25 20:07:11,844] {logging_mixin.py:104} INFO - [2024-06-25 20:07:11,843] {dag.py:1824} INFO - Sync 1 DAGs
[2024-06-25 20:07:12,049] {logging_mixin.py:104} INFO - [2024-06-25 20:07:12,049] {dag.py:2280} INFO - Setting next_dagrun for example_bash_operator to 2024-06-23 00:00:00+00:00
[2024-06-25 20:07:12,109] {scheduler_job.py:190} INFO - Processing /home/airflow/.local/lib/python3.6/site-packages/airflow/example_dags/example_bash_operator.py took 0.490 seconds
[2024-06-25 20:07:43,634] {scheduler_job.py:182} INFO - Started process (PID=154) to work on /home/airflow/.local/lib/python3.6/site-packages/airflow/example_dags/example_bash_operator.py
[2024-06-25 20:07:43,659] {scheduler_job.py:629} INFO - Processing file /home/airflow/.local/lib/python3.6/site-packages/airflow/example_dags/example_bash_operator.py for tasks to queue
[2024-06-25 20:07:43,663] {logging_mixin.py:104} INFO - [2024-06-25 20:07:43,663] {dagbag.py:451} INFO - Filling up the DagBag from /home/airflow/.local/lib/python3.6/site-packages/airflow/example_dags/example_bash_operator.py
[2024-06-25 20:07:43,911] {scheduler_job.py:639} INFO - DAG(s) dict_keys(['example_bash_operator']) retrieved from /home/airflow/.local/lib/python3.6/site-packages/airflow/example_dags/example_bash_operator.py
[2024-06-25 20:07:44,112] {logging_mixin.py:104} INFO - [2024-06-25 20:07:44,112] {dag.py:1824} INFO - Sync 1 DAGs
[2024-06-25 20:07:44,710] {logging_mixin.py:104} INFO - [2024-06-25 20:07:44,709] {dag.py:2280} INFO - Setting next_dagrun for example_bash_operator to 2024-06-23 00:00:00+00:00
[2024-06-25 20:07:44,986] {scheduler_job.py:190} INFO - Processing /home/airflow/.local/lib/python3.6/site-packages/airflow/example_dags/example_bash_operator.py took 1.367 seconds
[2024-06-25 20:10:01,136] {scheduler_job.py:182} INFO - Started process (PID=192) to work on /home/airflow/.local/lib/python3.6/site-packages/airflow/example_dags/example_bash_operator.py
[2024-06-25 20:10:01,138] {scheduler_job.py:629} INFO - Processing file /home/airflow/.local/lib/python3.6/site-packages/airflow/example_dags/example_bash_operator.py for tasks to queue
[2024-06-25 20:10:01,140] {logging_mixin.py:104} INFO - [2024-06-25 20:10:01,140] {dagbag.py:451} INFO - Filling up the DagBag from /home/airflow/.local/lib/python3.6/site-packages/airflow/example_dags/example_bash_operator.py
[2024-06-25 20:10:01,270] {scheduler_job.py:639} INFO - DAG(s) dict_keys(['example_bash_operator']) retrieved from /home/airflow/.local/lib/python3.6/site-packages/airflow/example_dags/example_bash_operator.py
[2024-06-25 20:10:01,353] {logging_mixin.py:104} INFO - [2024-06-25 20:10:01,353] {dag.py:1824} INFO - Sync 1 DAGs
[2024-06-25 20:10:01,447] {logging_mixin.py:104} INFO - [2024-06-25 20:10:01,447] {dag.py:2280} INFO - Setting next_dagrun for example_bash_operator to 2024-06-23 00:00:00+00:00
[2024-06-25 20:10:01,620] {scheduler_job.py:190} INFO - Processing /home/airflow/.local/lib/python3.6/site-packages/airflow/example_dags/example_bash_operator.py took 0.510 seconds
[2024-06-25 20:12:32,511] {scheduler_job.py:182} INFO - Started process (PID=218) to work on /home/airflow/.local/lib/python3.6/site-packages/airflow/example_dags/example_bash_operator.py
[2024-06-25 20:12:32,523] {scheduler_job.py:629} INFO - Processing file /home/airflow/.local/lib/python3.6/site-packages/airflow/example_dags/example_bash_operator.py for tasks to queue
[2024-06-25 20:12:32,527] {logging_mixin.py:104} INFO - [2024-06-25 20:12:32,526] {dagbag.py:451} INFO - Filling up the DagBag from /home/airflow/.local/lib/python3.6/site-packages/airflow/example_dags/example_bash_operator.py
[2024-06-25 20:12:32,559] {scheduler_job.py:639} INFO - DAG(s) dict_keys(['example_bash_operator']) retrieved from /home/airflow/.local/lib/python3.6/site-packages/airflow/example_dags/example_bash_operator.py
[2024-06-25 20:12:32,623] {logging_mixin.py:104} INFO - [2024-06-25 20:12:32,622] {dag.py:1824} INFO - Sync 1 DAGs
[2024-06-25 20:12:32,722] {logging_mixin.py:104} INFO - [2024-06-25 20:12:32,721] {dag.py:2280} INFO - Setting next_dagrun for example_bash_operator to 2024-06-23 00:00:00+00:00
[2024-06-25 20:12:32,786] {scheduler_job.py:190} INFO - Processing /home/airflow/.local/lib/python3.6/site-packages/airflow/example_dags/example_bash_operator.py took 0.300 seconds
[2024-06-25 20:17:20,230] {scheduler_job.py:182} INFO - Started process (PID=29) to work on /home/airflow/.local/lib/python3.6/site-packages/airflow/example_dags/example_bash_operator.py
[2024-06-25 20:17:20,249] {scheduler_job.py:629} INFO - Processing file /home/airflow/.local/lib/python3.6/site-packages/airflow/example_dags/example_bash_operator.py for tasks to queue
[2024-06-25 20:17:20,250] {logging_mixin.py:104} INFO - [2024-06-25 20:17:20,250] {dagbag.py:451} INFO - Filling up the DagBag from /home/airflow/.local/lib/python3.6/site-packages/airflow/example_dags/example_bash_operator.py
[2024-06-25 20:17:20,350] {scheduler_job.py:639} INFO - DAG(s) dict_keys(['example_bash_operator']) retrieved from /home/airflow/.local/lib/python3.6/site-packages/airflow/example_dags/example_bash_operator.py
[2024-06-25 20:17:20,468] {logging_mixin.py:104} INFO - [2024-06-25 20:17:20,468] {dag.py:1824} INFO - Sync 1 DAGs
[2024-06-25 20:17:20,699] {logging_mixin.py:104} INFO - [2024-06-25 20:17:20,698] {dag.py:2280} INFO - Setting next_dagrun for example_bash_operator to 2024-06-23 00:00:00+00:00
[2024-06-25 20:17:20,733] {scheduler_job.py:190} INFO - Processing /home/airflow/.local/lib/python3.6/site-packages/airflow/example_dags/example_bash_operator.py took 0.556 seconds
[2024-06-25 20:17:51,013] {scheduler_job.py:182} INFO - Started process (PID=55) to work on /home/airflow/.local/lib/python3.6/site-packages/airflow/example_dags/example_bash_operator.py
[2024-06-25 20:17:51,017] {scheduler_job.py:629} INFO - Processing file /home/airflow/.local/lib/python3.6/site-packages/airflow/example_dags/example_bash_operator.py for tasks to queue
[2024-06-25 20:17:51,020] {logging_mixin.py:104} INFO - [2024-06-25 20:17:51,020] {dagbag.py:451} INFO - Filling up the DagBag from /home/airflow/.local/lib/python3.6/site-packages/airflow/example_dags/example_bash_operator.py
[2024-06-25 20:17:51,065] {scheduler_job.py:639} INFO - DAG(s) dict_keys(['example_bash_operator']) retrieved from /home/airflow/.local/lib/python3.6/site-packages/airflow/example_dags/example_bash_operator.py
[2024-06-25 20:17:51,155] {logging_mixin.py:104} INFO - [2024-06-25 20:17:51,155] {dag.py:1824} INFO - Sync 1 DAGs
[2024-06-25 20:17:52,678] {logging_mixin.py:104} INFO - [2024-06-25 20:17:52,657] {dag.py:2280} INFO - Setting next_dagrun for example_bash_operator to 2024-06-23 00:00:00+00:00
[2024-06-25 20:17:52,989] {scheduler_job.py:190} INFO - Processing /home/airflow/.local/lib/python3.6/site-packages/airflow/example_dags/example_bash_operator.py took 1.983 seconds
