[2024-06-25 20:05:36,864] {scheduler_job.py:182} INFO - Started process (PID=49) to work on /home/airflow/.local/lib/python3.6/site-packages/airflow/example_dags/tutorial_etl_dag.py
[2024-06-25 20:05:36,912] {scheduler_job.py:629} INFO - Processing file /home/airflow/.local/lib/python3.6/site-packages/airflow/example_dags/tutorial_etl_dag.py for tasks to queue
[2024-06-25 20:05:36,921] {logging_mixin.py:104} INFO - [2024-06-25 20:05:36,920] {dagbag.py:451} INFO - Filling up the DagBag from /home/airflow/.local/lib/python3.6/site-packages/airflow/example_dags/tutorial_etl_dag.py
[2024-06-25 20:05:37,138] {scheduler_job.py:639} INFO - DAG(s) dict_keys(['tutorial_etl_dag']) retrieved from /home/airflow/.local/lib/python3.6/site-packages/airflow/example_dags/tutorial_etl_dag.py
[2024-06-25 20:05:37,305] {logging_mixin.py:104} INFO - [2024-06-25 20:05:37,305] {dag.py:1824} INFO - Sync 1 DAGs
[2024-06-25 20:05:37,417] {logging_mixin.py:104} INFO - [2024-06-25 20:05:37,417] {dag.py:1843} INFO - Creating ORM DAG for tutorial_etl_dag
[2024-06-25 20:05:37,470] {logging_mixin.py:104} INFO - [2024-06-25 20:05:37,470] {dag.py:2280} INFO - Setting next_dagrun for tutorial_etl_dag to None
[2024-06-25 20:05:38,094] {scheduler_job.py:190} INFO - Processing /home/airflow/.local/lib/python3.6/site-packages/airflow/example_dags/tutorial_etl_dag.py took 1.282 seconds
[2024-06-25 20:06:08,948] {scheduler_job.py:182} INFO - Started process (PID=75) to work on /home/airflow/.local/lib/python3.6/site-packages/airflow/example_dags/tutorial_etl_dag.py
[2024-06-25 20:06:08,956] {scheduler_job.py:629} INFO - Processing file /home/airflow/.local/lib/python3.6/site-packages/airflow/example_dags/tutorial_etl_dag.py for tasks to queue
[2024-06-25 20:06:08,960] {logging_mixin.py:104} INFO - [2024-06-25 20:06:08,960] {dagbag.py:451} INFO - Filling up the DagBag from /home/airflow/.local/lib/python3.6/site-packages/airflow/example_dags/tutorial_etl_dag.py
[2024-06-25 20:06:09,071] {scheduler_job.py:639} INFO - DAG(s) dict_keys(['tutorial_etl_dag']) retrieved from /home/airflow/.local/lib/python3.6/site-packages/airflow/example_dags/tutorial_etl_dag.py
[2024-06-25 20:06:09,343] {logging_mixin.py:104} INFO - [2024-06-25 20:06:09,343] {dag.py:1824} INFO - Sync 1 DAGs
[2024-06-25 20:06:09,538] {logging_mixin.py:104} INFO - [2024-06-25 20:06:09,538] {dag.py:2280} INFO - Setting next_dagrun for tutorial_etl_dag to None
[2024-06-25 20:06:09,600] {scheduler_job.py:190} INFO - Processing /home/airflow/.local/lib/python3.6/site-packages/airflow/example_dags/tutorial_etl_dag.py took 0.665 seconds
[2024-06-25 20:06:39,860] {scheduler_job.py:182} INFO - Started process (PID=100) to work on /home/airflow/.local/lib/python3.6/site-packages/airflow/example_dags/tutorial_etl_dag.py
[2024-06-25 20:06:39,866] {scheduler_job.py:629} INFO - Processing file /home/airflow/.local/lib/python3.6/site-packages/airflow/example_dags/tutorial_etl_dag.py for tasks to queue
[2024-06-25 20:06:39,868] {logging_mixin.py:104} INFO - [2024-06-25 20:06:39,868] {dagbag.py:451} INFO - Filling up the DagBag from /home/airflow/.local/lib/python3.6/site-packages/airflow/example_dags/tutorial_etl_dag.py
[2024-06-25 20:06:39,959] {scheduler_job.py:639} INFO - DAG(s) dict_keys(['tutorial_etl_dag']) retrieved from /home/airflow/.local/lib/python3.6/site-packages/airflow/example_dags/tutorial_etl_dag.py
[2024-06-25 20:06:40,210] {logging_mixin.py:104} INFO - [2024-06-25 20:06:40,209] {dag.py:1824} INFO - Sync 1 DAGs
[2024-06-25 20:06:40,325] {logging_mixin.py:104} INFO - [2024-06-25 20:06:40,325] {dag.py:2280} INFO - Setting next_dagrun for tutorial_etl_dag to None
[2024-06-25 20:06:40,380] {scheduler_job.py:190} INFO - Processing /home/airflow/.local/lib/python3.6/site-packages/airflow/example_dags/tutorial_etl_dag.py took 0.534 seconds
[2024-06-25 20:07:10,509] {scheduler_job.py:182} INFO - Started process (PID=126) to work on /home/airflow/.local/lib/python3.6/site-packages/airflow/example_dags/tutorial_etl_dag.py
[2024-06-25 20:07:10,512] {scheduler_job.py:629} INFO - Processing file /home/airflow/.local/lib/python3.6/site-packages/airflow/example_dags/tutorial_etl_dag.py for tasks to queue
[2024-06-25 20:07:10,515] {logging_mixin.py:104} INFO - [2024-06-25 20:07:10,515] {dagbag.py:451} INFO - Filling up the DagBag from /home/airflow/.local/lib/python3.6/site-packages/airflow/example_dags/tutorial_etl_dag.py
[2024-06-25 20:07:10,609] {scheduler_job.py:639} INFO - DAG(s) dict_keys(['tutorial_etl_dag']) retrieved from /home/airflow/.local/lib/python3.6/site-packages/airflow/example_dags/tutorial_etl_dag.py
[2024-06-25 20:07:10,859] {logging_mixin.py:104} INFO - [2024-06-25 20:07:10,858] {dag.py:1824} INFO - Sync 1 DAGs
[2024-06-25 20:07:11,324] {logging_mixin.py:104} INFO - [2024-06-25 20:07:11,324] {dag.py:2280} INFO - Setting next_dagrun for tutorial_etl_dag to None
[2024-06-25 20:07:11,422] {scheduler_job.py:190} INFO - Processing /home/airflow/.local/lib/python3.6/site-packages/airflow/example_dags/tutorial_etl_dag.py took 0.929 seconds
[2024-06-25 20:07:41,912] {scheduler_job.py:182} INFO - Started process (PID=151) to work on /home/airflow/.local/lib/python3.6/site-packages/airflow/example_dags/tutorial_etl_dag.py
[2024-06-25 20:07:41,924] {scheduler_job.py:629} INFO - Processing file /home/airflow/.local/lib/python3.6/site-packages/airflow/example_dags/tutorial_etl_dag.py for tasks to queue
[2024-06-25 20:07:41,945] {logging_mixin.py:104} INFO - [2024-06-25 20:07:41,931] {dagbag.py:451} INFO - Filling up the DagBag from /home/airflow/.local/lib/python3.6/site-packages/airflow/example_dags/tutorial_etl_dag.py
[2024-06-25 20:07:42,205] {scheduler_job.py:639} INFO - DAG(s) dict_keys(['tutorial_etl_dag']) retrieved from /home/airflow/.local/lib/python3.6/site-packages/airflow/example_dags/tutorial_etl_dag.py
[2024-06-25 20:07:42,674] {logging_mixin.py:104} INFO - [2024-06-25 20:07:42,674] {dag.py:1824} INFO - Sync 1 DAGs
[2024-06-25 20:07:43,168] {logging_mixin.py:104} INFO - [2024-06-25 20:07:43,162] {dag.py:2280} INFO - Setting next_dagrun for tutorial_etl_dag to None
[2024-06-25 20:07:43,383] {scheduler_job.py:190} INFO - Processing /home/airflow/.local/lib/python3.6/site-packages/airflow/example_dags/tutorial_etl_dag.py took 1.549 seconds
[2024-06-25 20:10:00,721] {scheduler_job.py:182} INFO - Started process (PID=191) to work on /home/airflow/.local/lib/python3.6/site-packages/airflow/example_dags/tutorial_etl_dag.py
[2024-06-25 20:10:00,728] {scheduler_job.py:629} INFO - Processing file /home/airflow/.local/lib/python3.6/site-packages/airflow/example_dags/tutorial_etl_dag.py for tasks to queue
[2024-06-25 20:10:00,731] {logging_mixin.py:104} INFO - [2024-06-25 20:10:00,731] {dagbag.py:451} INFO - Filling up the DagBag from /home/airflow/.local/lib/python3.6/site-packages/airflow/example_dags/tutorial_etl_dag.py
[2024-06-25 20:10:00,815] {scheduler_job.py:639} INFO - DAG(s) dict_keys(['tutorial_etl_dag']) retrieved from /home/airflow/.local/lib/python3.6/site-packages/airflow/example_dags/tutorial_etl_dag.py
[2024-06-25 20:10:00,924] {logging_mixin.py:104} INFO - [2024-06-25 20:10:00,924] {dag.py:1824} INFO - Sync 1 DAGs
[2024-06-25 20:10:00,980] {logging_mixin.py:104} INFO - [2024-06-25 20:10:00,980] {dag.py:2280} INFO - Setting next_dagrun for tutorial_etl_dag to None
[2024-06-25 20:10:01,048] {scheduler_job.py:190} INFO - Processing /home/airflow/.local/lib/python3.6/site-packages/airflow/example_dags/tutorial_etl_dag.py took 0.347 seconds
[2024-06-25 20:12:32,329] {scheduler_job.py:182} INFO - Started process (PID=217) to work on /home/airflow/.local/lib/python3.6/site-packages/airflow/example_dags/tutorial_etl_dag.py
[2024-06-25 20:12:32,343] {scheduler_job.py:629} INFO - Processing file /home/airflow/.local/lib/python3.6/site-packages/airflow/example_dags/tutorial_etl_dag.py for tasks to queue
[2024-06-25 20:12:32,346] {logging_mixin.py:104} INFO - [2024-06-25 20:12:32,345] {dagbag.py:451} INFO - Filling up the DagBag from /home/airflow/.local/lib/python3.6/site-packages/airflow/example_dags/tutorial_etl_dag.py
[2024-06-25 20:12:32,432] {scheduler_job.py:639} INFO - DAG(s) dict_keys(['tutorial_etl_dag']) retrieved from /home/airflow/.local/lib/python3.6/site-packages/airflow/example_dags/tutorial_etl_dag.py
[2024-06-25 20:12:32,536] {logging_mixin.py:104} INFO - [2024-06-25 20:12:32,535] {dag.py:1824} INFO - Sync 1 DAGs
[2024-06-25 20:12:32,601] {logging_mixin.py:104} INFO - [2024-06-25 20:12:32,601] {dag.py:2280} INFO - Setting next_dagrun for tutorial_etl_dag to None
[2024-06-25 20:12:32,645] {scheduler_job.py:190} INFO - Processing /home/airflow/.local/lib/python3.6/site-packages/airflow/example_dags/tutorial_etl_dag.py took 0.329 seconds
[2024-06-25 20:17:27,454] {scheduler_job.py:182} INFO - Started process (PID=49) to work on /home/airflow/.local/lib/python3.6/site-packages/airflow/example_dags/tutorial_etl_dag.py
[2024-06-25 20:17:27,483] {scheduler_job.py:629} INFO - Processing file /home/airflow/.local/lib/python3.6/site-packages/airflow/example_dags/tutorial_etl_dag.py for tasks to queue
[2024-06-25 20:17:27,495] {logging_mixin.py:104} INFO - [2024-06-25 20:17:27,492] {dagbag.py:451} INFO - Filling up the DagBag from /home/airflow/.local/lib/python3.6/site-packages/airflow/example_dags/tutorial_etl_dag.py
[2024-06-25 20:17:27,639] {scheduler_job.py:639} INFO - DAG(s) dict_keys(['tutorial_etl_dag']) retrieved from /home/airflow/.local/lib/python3.6/site-packages/airflow/example_dags/tutorial_etl_dag.py
[2024-06-25 20:17:27,807] {logging_mixin.py:104} INFO - [2024-06-25 20:17:27,807] {dag.py:1824} INFO - Sync 1 DAGs
[2024-06-25 20:17:28,045] {logging_mixin.py:104} INFO - [2024-06-25 20:17:28,045] {dag.py:2280} INFO - Setting next_dagrun for tutorial_etl_dag to None
[2024-06-25 20:17:28,293] {scheduler_job.py:190} INFO - Processing /home/airflow/.local/lib/python3.6/site-packages/airflow/example_dags/tutorial_etl_dag.py took 0.883 seconds
[2024-06-25 20:17:58,505] {scheduler_job.py:182} INFO - Started process (PID=75) to work on /home/airflow/.local/lib/python3.6/site-packages/airflow/example_dags/tutorial_etl_dag.py
[2024-06-25 20:17:58,511] {scheduler_job.py:629} INFO - Processing file /home/airflow/.local/lib/python3.6/site-packages/airflow/example_dags/tutorial_etl_dag.py for tasks to queue
[2024-06-25 20:17:58,513] {logging_mixin.py:104} INFO - [2024-06-25 20:17:58,513] {dagbag.py:451} INFO - Filling up the DagBag from /home/airflow/.local/lib/python3.6/site-packages/airflow/example_dags/tutorial_etl_dag.py
[2024-06-25 20:17:58,551] {scheduler_job.py:639} INFO - DAG(s) dict_keys(['tutorial_etl_dag']) retrieved from /home/airflow/.local/lib/python3.6/site-packages/airflow/example_dags/tutorial_etl_dag.py
[2024-06-25 20:17:58,603] {logging_mixin.py:104} INFO - [2024-06-25 20:17:58,603] {dag.py:1824} INFO - Sync 1 DAGs
[2024-06-25 20:17:58,675] {logging_mixin.py:104} INFO - [2024-06-25 20:17:58,675] {dag.py:2280} INFO - Setting next_dagrun for tutorial_etl_dag to None
[2024-06-25 20:17:58,700] {scheduler_job.py:190} INFO - Processing /home/airflow/.local/lib/python3.6/site-packages/airflow/example_dags/tutorial_etl_dag.py took 0.208 seconds
[2024-06-25 23:28:00,615] {scheduler_job.py:182} INFO - Started process (PID=52) to work on /home/airflow/.local/lib/python3.6/site-packages/airflow/example_dags/tutorial_etl_dag.py
[2024-06-25 23:28:00,633] {scheduler_job.py:629} INFO - Processing file /home/airflow/.local/lib/python3.6/site-packages/airflow/example_dags/tutorial_etl_dag.py for tasks to queue
[2024-06-25 23:28:00,635] {logging_mixin.py:104} INFO - [2024-06-25 23:28:00,635] {dagbag.py:451} INFO - Filling up the DagBag from /home/airflow/.local/lib/python3.6/site-packages/airflow/example_dags/tutorial_etl_dag.py
[2024-06-25 23:28:00,695] {scheduler_job.py:639} INFO - DAG(s) dict_keys(['tutorial_etl_dag']) retrieved from /home/airflow/.local/lib/python3.6/site-packages/airflow/example_dags/tutorial_etl_dag.py
[2024-06-25 23:28:00,900] {logging_mixin.py:104} INFO - [2024-06-25 23:28:00,899] {dag.py:1824} INFO - Sync 1 DAGs
[2024-06-25 23:28:00,954] {logging_mixin.py:104} INFO - [2024-06-25 23:28:00,954] {dag.py:2280} INFO - Setting next_dagrun for tutorial_etl_dag to None
[2024-06-25 23:28:01,015] {scheduler_job.py:190} INFO - Processing /home/airflow/.local/lib/python3.6/site-packages/airflow/example_dags/tutorial_etl_dag.py took 0.416 seconds
[2024-06-25 23:28:33,747] {scheduler_job.py:182} INFO - Started process (PID=78) to work on /home/airflow/.local/lib/python3.6/site-packages/airflow/example_dags/tutorial_etl_dag.py
[2024-06-25 23:28:33,800] {scheduler_job.py:629} INFO - Processing file /home/airflow/.local/lib/python3.6/site-packages/airflow/example_dags/tutorial_etl_dag.py for tasks to queue
[2024-06-25 23:28:33,816] {logging_mixin.py:104} INFO - [2024-06-25 23:28:33,816] {dagbag.py:451} INFO - Filling up the DagBag from /home/airflow/.local/lib/python3.6/site-packages/airflow/example_dags/tutorial_etl_dag.py
[2024-06-25 23:28:34,203] {scheduler_job.py:639} INFO - DAG(s) dict_keys(['tutorial_etl_dag']) retrieved from /home/airflow/.local/lib/python3.6/site-packages/airflow/example_dags/tutorial_etl_dag.py
[2024-06-25 23:28:34,426] {logging_mixin.py:104} INFO - [2024-06-25 23:28:34,426] {dag.py:1824} INFO - Sync 1 DAGs
[2024-06-25 23:28:34,506] {logging_mixin.py:104} INFO - [2024-06-25 23:28:34,506] {dag.py:2280} INFO - Setting next_dagrun for tutorial_etl_dag to None
[2024-06-25 23:28:34,633] {scheduler_job.py:190} INFO - Processing /home/airflow/.local/lib/python3.6/site-packages/airflow/example_dags/tutorial_etl_dag.py took 0.935 seconds
[2024-06-25 23:29:07,278] {scheduler_job.py:182} INFO - Started process (PID=104) to work on /home/airflow/.local/lib/python3.6/site-packages/airflow/example_dags/tutorial_etl_dag.py
[2024-06-25 23:29:07,284] {scheduler_job.py:629} INFO - Processing file /home/airflow/.local/lib/python3.6/site-packages/airflow/example_dags/tutorial_etl_dag.py for tasks to queue
[2024-06-25 23:29:07,296] {logging_mixin.py:104} INFO - [2024-06-25 23:29:07,296] {dagbag.py:451} INFO - Filling up the DagBag from /home/airflow/.local/lib/python3.6/site-packages/airflow/example_dags/tutorial_etl_dag.py
[2024-06-25 23:29:07,433] {scheduler_job.py:639} INFO - DAG(s) dict_keys(['tutorial_etl_dag']) retrieved from /home/airflow/.local/lib/python3.6/site-packages/airflow/example_dags/tutorial_etl_dag.py
[2024-06-25 23:29:07,564] {logging_mixin.py:104} INFO - [2024-06-25 23:29:07,564] {dag.py:1824} INFO - Sync 1 DAGs
[2024-06-25 23:29:07,622] {logging_mixin.py:104} INFO - [2024-06-25 23:29:07,622] {dag.py:2280} INFO - Setting next_dagrun for tutorial_etl_dag to None
[2024-06-25 23:29:07,674] {scheduler_job.py:190} INFO - Processing /home/airflow/.local/lib/python3.6/site-packages/airflow/example_dags/tutorial_etl_dag.py took 0.416 seconds
