[2024-06-18T16:29:11.443-0400] {processor.py:161} INFO - Started process (PID=19568) to work on /Users/jbshome/Desktop/us_debt_etl_pipeline/debt_env/lib/python3.12/site-packages/airflow/example_dags/plugins/workday.py
[2024-06-18T16:29:11.444-0400] {processor.py:830} INFO - Processing file /Users/jbshome/Desktop/us_debt_etl_pipeline/debt_env/lib/python3.12/site-packages/airflow/example_dags/plugins/workday.py for tasks to queue
[2024-06-18T16:29:11.446-0400] {logging_mixin.py:188} INFO - [2024-06-18T16:29:11.446-0400] {dagbag.py:545} INFO - Filling up the DagBag from /Users/jbshome/Desktop/us_debt_etl_pipeline/debt_env/lib/python3.12/site-packages/airflow/example_dags/plugins/workday.py
[2024-06-18T16:29:12.259-0400] {processor.py:842} WARNING - No viable dags retrieved from /Users/jbshome/Desktop/us_debt_etl_pipeline/debt_env/lib/python3.12/site-packages/airflow/example_dags/plugins/workday.py
[2024-06-18T16:29:12.347-0400] {processor.py:183} INFO - Processing /Users/jbshome/Desktop/us_debt_etl_pipeline/debt_env/lib/python3.12/site-packages/airflow/example_dags/plugins/workday.py took 0.907 seconds
[2024-06-18T16:33:16.951-0400] {processor.py:161} INFO - Started process (PID=20230) to work on /Users/jbshome/Desktop/us_debt_etl_pipeline/debt_env/lib/python3.12/site-packages/airflow/example_dags/plugins/workday.py
[2024-06-18T16:33:16.953-0400] {processor.py:830} INFO - Processing file /Users/jbshome/Desktop/us_debt_etl_pipeline/debt_env/lib/python3.12/site-packages/airflow/example_dags/plugins/workday.py for tasks to queue
[2024-06-18T16:33:16.954-0400] {logging_mixin.py:188} INFO - [2024-06-18T16:33:16.954-0400] {dagbag.py:545} INFO - Filling up the DagBag from /Users/jbshome/Desktop/us_debt_etl_pipeline/debt_env/lib/python3.12/site-packages/airflow/example_dags/plugins/workday.py
[2024-06-18T16:33:17.613-0400] {processor.py:842} WARNING - No viable dags retrieved from /Users/jbshome/Desktop/us_debt_etl_pipeline/debt_env/lib/python3.12/site-packages/airflow/example_dags/plugins/workday.py
[2024-06-18T16:33:17.718-0400] {processor.py:183} INFO - Processing /Users/jbshome/Desktop/us_debt_etl_pipeline/debt_env/lib/python3.12/site-packages/airflow/example_dags/plugins/workday.py took 0.770 seconds
[2024-06-18T16:36:26.684-0400] {processor.py:161} INFO - Started process (PID=20404) to work on /Users/jbshome/Desktop/us_debt_etl_pipeline/debt_env/lib/python3.12/site-packages/airflow/example_dags/plugins/workday.py
[2024-06-18T16:36:26.687-0400] {processor.py:830} INFO - Processing file /Users/jbshome/Desktop/us_debt_etl_pipeline/debt_env/lib/python3.12/site-packages/airflow/example_dags/plugins/workday.py for tasks to queue
[2024-06-18T16:36:26.688-0400] {logging_mixin.py:188} INFO - [2024-06-18T16:36:26.688-0400] {dagbag.py:545} INFO - Filling up the DagBag from /Users/jbshome/Desktop/us_debt_etl_pipeline/debt_env/lib/python3.12/site-packages/airflow/example_dags/plugins/workday.py
[2024-06-18T16:36:28.671-0400] {processor.py:842} WARNING - No viable dags retrieved from /Users/jbshome/Desktop/us_debt_etl_pipeline/debt_env/lib/python3.12/site-packages/airflow/example_dags/plugins/workday.py
[2024-06-18T16:36:28.961-0400] {processor.py:183} INFO - Processing /Users/jbshome/Desktop/us_debt_etl_pipeline/debt_env/lib/python3.12/site-packages/airflow/example_dags/plugins/workday.py took 2.285 seconds
[2024-06-18T16:39:45.528-0400] {processor.py:161} INFO - Started process (PID=20565) to work on /Users/jbshome/Desktop/us_debt_etl_pipeline/debt_env/lib/python3.12/site-packages/airflow/example_dags/plugins/workday.py
[2024-06-18T16:39:45.530-0400] {processor.py:830} INFO - Processing file /Users/jbshome/Desktop/us_debt_etl_pipeline/debt_env/lib/python3.12/site-packages/airflow/example_dags/plugins/workday.py for tasks to queue
[2024-06-18T16:39:45.531-0400] {logging_mixin.py:188} INFO - [2024-06-18T16:39:45.531-0400] {dagbag.py:545} INFO - Filling up the DagBag from /Users/jbshome/Desktop/us_debt_etl_pipeline/debt_env/lib/python3.12/site-packages/airflow/example_dags/plugins/workday.py
[2024-06-18T16:39:46.300-0400] {processor.py:842} WARNING - No viable dags retrieved from /Users/jbshome/Desktop/us_debt_etl_pipeline/debt_env/lib/python3.12/site-packages/airflow/example_dags/plugins/workday.py
[2024-06-18T16:39:46.409-0400] {processor.py:183} INFO - Processing /Users/jbshome/Desktop/us_debt_etl_pipeline/debt_env/lib/python3.12/site-packages/airflow/example_dags/plugins/workday.py took 0.884 seconds
[2024-06-18T16:42:47.862-0400] {processor.py:161} INFO - Started process (PID=21281) to work on /Users/jbshome/Desktop/us_debt_etl_pipeline/debt_env/lib/python3.12/site-packages/airflow/example_dags/plugins/workday.py
[2024-06-18T16:42:47.865-0400] {processor.py:830} INFO - Processing file /Users/jbshome/Desktop/us_debt_etl_pipeline/debt_env/lib/python3.12/site-packages/airflow/example_dags/plugins/workday.py for tasks to queue
[2024-06-18T16:42:47.865-0400] {logging_mixin.py:188} INFO - [2024-06-18T16:42:47.865-0400] {dagbag.py:545} INFO - Filling up the DagBag from /Users/jbshome/Desktop/us_debt_etl_pipeline/debt_env/lib/python3.12/site-packages/airflow/example_dags/plugins/workday.py
[2024-06-18T16:42:49.063-0400] {processor.py:842} WARNING - No viable dags retrieved from /Users/jbshome/Desktop/us_debt_etl_pipeline/debt_env/lib/python3.12/site-packages/airflow/example_dags/plugins/workday.py
[2024-06-18T16:42:49.253-0400] {processor.py:183} INFO - Processing /Users/jbshome/Desktop/us_debt_etl_pipeline/debt_env/lib/python3.12/site-packages/airflow/example_dags/plugins/workday.py took 1.394 seconds
[2024-06-18T16:45:40.915-0400] {processor.py:161} INFO - Started process (PID=21507) to work on /Users/jbshome/Desktop/us_debt_etl_pipeline/debt_env/lib/python3.12/site-packages/airflow/example_dags/plugins/workday.py
[2024-06-18T16:45:40.918-0400] {processor.py:830} INFO - Processing file /Users/jbshome/Desktop/us_debt_etl_pipeline/debt_env/lib/python3.12/site-packages/airflow/example_dags/plugins/workday.py for tasks to queue
[2024-06-18T16:45:40.918-0400] {logging_mixin.py:188} INFO - [2024-06-18T16:45:40.918-0400] {dagbag.py:545} INFO - Filling up the DagBag from /Users/jbshome/Desktop/us_debt_etl_pipeline/debt_env/lib/python3.12/site-packages/airflow/example_dags/plugins/workday.py
[2024-06-18T16:45:41.530-0400] {processor.py:842} WARNING - No viable dags retrieved from /Users/jbshome/Desktop/us_debt_etl_pipeline/debt_env/lib/python3.12/site-packages/airflow/example_dags/plugins/workday.py
[2024-06-18T16:45:41.618-0400] {processor.py:183} INFO - Processing /Users/jbshome/Desktop/us_debt_etl_pipeline/debt_env/lib/python3.12/site-packages/airflow/example_dags/plugins/workday.py took 0.706 seconds
[2024-06-18T16:48:56.027-0400] {processor.py:161} INFO - Started process (PID=21689) to work on /Users/jbshome/Desktop/us_debt_etl_pipeline/debt_env/lib/python3.12/site-packages/airflow/example_dags/plugins/workday.py
[2024-06-18T16:48:56.029-0400] {processor.py:830} INFO - Processing file /Users/jbshome/Desktop/us_debt_etl_pipeline/debt_env/lib/python3.12/site-packages/airflow/example_dags/plugins/workday.py for tasks to queue
[2024-06-18T16:48:56.030-0400] {logging_mixin.py:188} INFO - [2024-06-18T16:48:56.029-0400] {dagbag.py:545} INFO - Filling up the DagBag from /Users/jbshome/Desktop/us_debt_etl_pipeline/debt_env/lib/python3.12/site-packages/airflow/example_dags/plugins/workday.py
[2024-06-18T16:48:56.849-0400] {processor.py:842} WARNING - No viable dags retrieved from /Users/jbshome/Desktop/us_debt_etl_pipeline/debt_env/lib/python3.12/site-packages/airflow/example_dags/plugins/workday.py
[2024-06-18T16:48:56.961-0400] {processor.py:183} INFO - Processing /Users/jbshome/Desktop/us_debt_etl_pipeline/debt_env/lib/python3.12/site-packages/airflow/example_dags/plugins/workday.py took 0.937 seconds
[2024-06-18T16:51:59.244-0400] {processor.py:161} INFO - Started process (PID=21859) to work on /Users/jbshome/Desktop/us_debt_etl_pipeline/debt_env/lib/python3.12/site-packages/airflow/example_dags/plugins/workday.py
[2024-06-18T16:51:59.246-0400] {processor.py:830} INFO - Processing file /Users/jbshome/Desktop/us_debt_etl_pipeline/debt_env/lib/python3.12/site-packages/airflow/example_dags/plugins/workday.py for tasks to queue
[2024-06-18T16:51:59.247-0400] {logging_mixin.py:188} INFO - [2024-06-18T16:51:59.247-0400] {dagbag.py:545} INFO - Filling up the DagBag from /Users/jbshome/Desktop/us_debt_etl_pipeline/debt_env/lib/python3.12/site-packages/airflow/example_dags/plugins/workday.py
[2024-06-18T16:52:01.071-0400] {processor.py:842} WARNING - No viable dags retrieved from /Users/jbshome/Desktop/us_debt_etl_pipeline/debt_env/lib/python3.12/site-packages/airflow/example_dags/plugins/workday.py
[2024-06-18T16:52:01.449-0400] {processor.py:183} INFO - Processing /Users/jbshome/Desktop/us_debt_etl_pipeline/debt_env/lib/python3.12/site-packages/airflow/example_dags/plugins/workday.py took 2.208 seconds
[2024-06-18T16:55:06.321-0400] {processor.py:161} INFO - Started process (PID=22008) to work on /Users/jbshome/Desktop/us_debt_etl_pipeline/debt_env/lib/python3.12/site-packages/airflow/example_dags/plugins/workday.py
[2024-06-18T16:55:06.324-0400] {processor.py:830} INFO - Processing file /Users/jbshome/Desktop/us_debt_etl_pipeline/debt_env/lib/python3.12/site-packages/airflow/example_dags/plugins/workday.py for tasks to queue
[2024-06-18T16:55:06.326-0400] {logging_mixin.py:188} INFO - [2024-06-18T16:55:06.325-0400] {dagbag.py:545} INFO - Filling up the DagBag from /Users/jbshome/Desktop/us_debt_etl_pipeline/debt_env/lib/python3.12/site-packages/airflow/example_dags/plugins/workday.py
[2024-06-18T16:55:07.429-0400] {processor.py:842} WARNING - No viable dags retrieved from /Users/jbshome/Desktop/us_debt_etl_pipeline/debt_env/lib/python3.12/site-packages/airflow/example_dags/plugins/workday.py
[2024-06-18T16:55:07.541-0400] {processor.py:183} INFO - Processing /Users/jbshome/Desktop/us_debt_etl_pipeline/debt_env/lib/python3.12/site-packages/airflow/example_dags/plugins/workday.py took 1.224 seconds
[2024-06-18T16:58:20.674-0400] {processor.py:161} INFO - Started process (PID=22473) to work on /Users/jbshome/Desktop/us_debt_etl_pipeline/debt_env/lib/python3.12/site-packages/airflow/example_dags/plugins/workday.py
[2024-06-18T16:58:20.675-0400] {processor.py:830} INFO - Processing file /Users/jbshome/Desktop/us_debt_etl_pipeline/debt_env/lib/python3.12/site-packages/airflow/example_dags/plugins/workday.py for tasks to queue
[2024-06-18T16:58:20.676-0400] {logging_mixin.py:188} INFO - [2024-06-18T16:58:20.676-0400] {dagbag.py:545} INFO - Filling up the DagBag from /Users/jbshome/Desktop/us_debt_etl_pipeline/debt_env/lib/python3.12/site-packages/airflow/example_dags/plugins/workday.py
[2024-06-18T16:58:21.612-0400] {processor.py:842} WARNING - No viable dags retrieved from /Users/jbshome/Desktop/us_debt_etl_pipeline/debt_env/lib/python3.12/site-packages/airflow/example_dags/plugins/workday.py
[2024-06-18T16:58:21.738-0400] {processor.py:183} INFO - Processing /Users/jbshome/Desktop/us_debt_etl_pipeline/debt_env/lib/python3.12/site-packages/airflow/example_dags/plugins/workday.py took 1.066 seconds
[2024-06-18T17:02:24.363-0400] {processor.py:161} INFO - Started process (PID=22750) to work on /Users/jbshome/Desktop/us_debt_etl_pipeline/debt_env/lib/python3.12/site-packages/airflow/example_dags/plugins/workday.py
[2024-06-18T17:02:24.364-0400] {processor.py:830} INFO - Processing file /Users/jbshome/Desktop/us_debt_etl_pipeline/debt_env/lib/python3.12/site-packages/airflow/example_dags/plugins/workday.py for tasks to queue
[2024-06-18T17:02:24.365-0400] {logging_mixin.py:188} INFO - [2024-06-18T17:02:24.365-0400] {dagbag.py:545} INFO - Filling up the DagBag from /Users/jbshome/Desktop/us_debt_etl_pipeline/debt_env/lib/python3.12/site-packages/airflow/example_dags/plugins/workday.py
[2024-06-18T17:02:25.471-0400] {processor.py:842} WARNING - No viable dags retrieved from /Users/jbshome/Desktop/us_debt_etl_pipeline/debt_env/lib/python3.12/site-packages/airflow/example_dags/plugins/workday.py
[2024-06-18T17:02:25.634-0400] {processor.py:183} INFO - Processing /Users/jbshome/Desktop/us_debt_etl_pipeline/debt_env/lib/python3.12/site-packages/airflow/example_dags/plugins/workday.py took 1.274 seconds
[2024-06-18T17:05:42.778-0400] {processor.py:161} INFO - Started process (PID=22949) to work on /Users/jbshome/Desktop/us_debt_etl_pipeline/debt_env/lib/python3.12/site-packages/airflow/example_dags/plugins/workday.py
[2024-06-18T17:05:42.782-0400] {processor.py:830} INFO - Processing file /Users/jbshome/Desktop/us_debt_etl_pipeline/debt_env/lib/python3.12/site-packages/airflow/example_dags/plugins/workday.py for tasks to queue
[2024-06-18T17:05:42.783-0400] {logging_mixin.py:188} INFO - [2024-06-18T17:05:42.782-0400] {dagbag.py:545} INFO - Filling up the DagBag from /Users/jbshome/Desktop/us_debt_etl_pipeline/debt_env/lib/python3.12/site-packages/airflow/example_dags/plugins/workday.py
[2024-06-18T17:05:43.744-0400] {processor.py:842} WARNING - No viable dags retrieved from /Users/jbshome/Desktop/us_debt_etl_pipeline/debt_env/lib/python3.12/site-packages/airflow/example_dags/plugins/workday.py
[2024-06-18T17:05:43.874-0400] {processor.py:183} INFO - Processing /Users/jbshome/Desktop/us_debt_etl_pipeline/debt_env/lib/python3.12/site-packages/airflow/example_dags/plugins/workday.py took 1.099 seconds
[2024-06-18T17:09:33.191-0400] {processor.py:161} INFO - Started process (PID=23755) to work on /Users/jbshome/Desktop/us_debt_etl_pipeline/debt_env/lib/python3.12/site-packages/airflow/example_dags/plugins/workday.py
[2024-06-18T17:09:33.194-0400] {processor.py:830} INFO - Processing file /Users/jbshome/Desktop/us_debt_etl_pipeline/debt_env/lib/python3.12/site-packages/airflow/example_dags/plugins/workday.py for tasks to queue
[2024-06-18T17:09:33.196-0400] {logging_mixin.py:188} INFO - [2024-06-18T17:09:33.196-0400] {dagbag.py:545} INFO - Filling up the DagBag from /Users/jbshome/Desktop/us_debt_etl_pipeline/debt_env/lib/python3.12/site-packages/airflow/example_dags/plugins/workday.py
[2024-06-18T17:09:34.536-0400] {processor.py:842} WARNING - No viable dags retrieved from /Users/jbshome/Desktop/us_debt_etl_pipeline/debt_env/lib/python3.12/site-packages/airflow/example_dags/plugins/workday.py
[2024-06-18T17:09:34.733-0400] {processor.py:183} INFO - Processing /Users/jbshome/Desktop/us_debt_etl_pipeline/debt_env/lib/python3.12/site-packages/airflow/example_dags/plugins/workday.py took 1.546 seconds
[2024-06-18T17:14:23.608-0400] {processor.py:161} INFO - Started process (PID=24068) to work on /Users/jbshome/Desktop/us_debt_etl_pipeline/debt_env/lib/python3.12/site-packages/airflow/example_dags/plugins/workday.py
[2024-06-18T17:14:23.613-0400] {processor.py:830} INFO - Processing file /Users/jbshome/Desktop/us_debt_etl_pipeline/debt_env/lib/python3.12/site-packages/airflow/example_dags/plugins/workday.py for tasks to queue
[2024-06-18T17:14:23.620-0400] {logging_mixin.py:188} INFO - [2024-06-18T17:14:23.620-0400] {dagbag.py:545} INFO - Filling up the DagBag from /Users/jbshome/Desktop/us_debt_etl_pipeline/debt_env/lib/python3.12/site-packages/airflow/example_dags/plugins/workday.py
[2024-06-18T17:14:25.503-0400] {processor.py:842} WARNING - No viable dags retrieved from /Users/jbshome/Desktop/us_debt_etl_pipeline/debt_env/lib/python3.12/site-packages/airflow/example_dags/plugins/workday.py
[2024-06-18T17:14:25.756-0400] {processor.py:183} INFO - Processing /Users/jbshome/Desktop/us_debt_etl_pipeline/debt_env/lib/python3.12/site-packages/airflow/example_dags/plugins/workday.py took 2.164 seconds
[2024-06-18T17:19:53.812-0400] {processor.py:161} INFO - Started process (PID=24421) to work on /Users/jbshome/Desktop/us_debt_etl_pipeline/debt_env/lib/python3.12/site-packages/airflow/example_dags/plugins/workday.py
[2024-06-18T17:19:53.814-0400] {processor.py:830} INFO - Processing file /Users/jbshome/Desktop/us_debt_etl_pipeline/debt_env/lib/python3.12/site-packages/airflow/example_dags/plugins/workday.py for tasks to queue
[2024-06-18T17:19:53.815-0400] {logging_mixin.py:188} INFO - [2024-06-18T17:19:53.814-0400] {dagbag.py:545} INFO - Filling up the DagBag from /Users/jbshome/Desktop/us_debt_etl_pipeline/debt_env/lib/python3.12/site-packages/airflow/example_dags/plugins/workday.py
[2024-06-18T17:19:54.827-0400] {processor.py:842} WARNING - No viable dags retrieved from /Users/jbshome/Desktop/us_debt_etl_pipeline/debt_env/lib/python3.12/site-packages/airflow/example_dags/plugins/workday.py
[2024-06-18T17:19:54.987-0400] {processor.py:183} INFO - Processing /Users/jbshome/Desktop/us_debt_etl_pipeline/debt_env/lib/python3.12/site-packages/airflow/example_dags/plugins/workday.py took 1.180 seconds
[2024-06-18T17:23:54.211-0400] {processor.py:161} INFO - Started process (PID=24732) to work on /Users/jbshome/Desktop/us_debt_etl_pipeline/debt_env/lib/python3.12/site-packages/airflow/example_dags/plugins/workday.py
[2024-06-18T17:23:54.213-0400] {processor.py:830} INFO - Processing file /Users/jbshome/Desktop/us_debt_etl_pipeline/debt_env/lib/python3.12/site-packages/airflow/example_dags/plugins/workday.py for tasks to queue
[2024-06-18T17:23:54.213-0400] {logging_mixin.py:188} INFO - [2024-06-18T17:23:54.213-0400] {dagbag.py:545} INFO - Filling up the DagBag from /Users/jbshome/Desktop/us_debt_etl_pipeline/debt_env/lib/python3.12/site-packages/airflow/example_dags/plugins/workday.py
[2024-06-18T17:23:55.153-0400] {processor.py:842} WARNING - No viable dags retrieved from /Users/jbshome/Desktop/us_debt_etl_pipeline/debt_env/lib/python3.12/site-packages/airflow/example_dags/plugins/workday.py
[2024-06-18T17:23:55.334-0400] {processor.py:183} INFO - Processing /Users/jbshome/Desktop/us_debt_etl_pipeline/debt_env/lib/python3.12/site-packages/airflow/example_dags/plugins/workday.py took 1.126 seconds
[2024-06-18T17:28:39.263-0400] {processor.py:161} INFO - Started process (PID=25027) to work on /Users/jbshome/Desktop/us_debt_etl_pipeline/debt_env/lib/python3.12/site-packages/airflow/example_dags/plugins/workday.py
[2024-06-18T17:28:39.264-0400] {processor.py:830} INFO - Processing file /Users/jbshome/Desktop/us_debt_etl_pipeline/debt_env/lib/python3.12/site-packages/airflow/example_dags/plugins/workday.py for tasks to queue
[2024-06-18T17:28:39.265-0400] {logging_mixin.py:188} INFO - [2024-06-18T17:28:39.265-0400] {dagbag.py:545} INFO - Filling up the DagBag from /Users/jbshome/Desktop/us_debt_etl_pipeline/debt_env/lib/python3.12/site-packages/airflow/example_dags/plugins/workday.py
[2024-06-18T17:28:41.732-0400] {processor.py:842} WARNING - No viable dags retrieved from /Users/jbshome/Desktop/us_debt_etl_pipeline/debt_env/lib/python3.12/site-packages/airflow/example_dags/plugins/workday.py
[2024-06-18T17:28:41.956-0400] {processor.py:183} INFO - Processing /Users/jbshome/Desktop/us_debt_etl_pipeline/debt_env/lib/python3.12/site-packages/airflow/example_dags/plugins/workday.py took 2.698 seconds
[2024-06-18T17:33:01.552-0400] {processor.py:161} INFO - Started process (PID=25349) to work on /Users/jbshome/Desktop/us_debt_etl_pipeline/debt_env/lib/python3.12/site-packages/airflow/example_dags/plugins/workday.py
[2024-06-18T17:33:01.559-0400] {processor.py:830} INFO - Processing file /Users/jbshome/Desktop/us_debt_etl_pipeline/debt_env/lib/python3.12/site-packages/airflow/example_dags/plugins/workday.py for tasks to queue
[2024-06-18T17:33:01.560-0400] {logging_mixin.py:188} INFO - [2024-06-18T17:33:01.560-0400] {dagbag.py:545} INFO - Filling up the DagBag from /Users/jbshome/Desktop/us_debt_etl_pipeline/debt_env/lib/python3.12/site-packages/airflow/example_dags/plugins/workday.py
[2024-06-18T17:33:03.620-0400] {processor.py:842} WARNING - No viable dags retrieved from /Users/jbshome/Desktop/us_debt_etl_pipeline/debt_env/lib/python3.12/site-packages/airflow/example_dags/plugins/workday.py
[2024-06-18T17:33:03.822-0400] {processor.py:183} INFO - Processing /Users/jbshome/Desktop/us_debt_etl_pipeline/debt_env/lib/python3.12/site-packages/airflow/example_dags/plugins/workday.py took 2.276 seconds
[2024-06-18T17:40:01.079-0400] {processor.py:161} INFO - Started process (PID=26384) to work on /Users/jbshome/Desktop/us_debt_etl_pipeline/debt_env/lib/python3.12/site-packages/airflow/example_dags/plugins/workday.py
[2024-06-18T17:40:01.084-0400] {processor.py:830} INFO - Processing file /Users/jbshome/Desktop/us_debt_etl_pipeline/debt_env/lib/python3.12/site-packages/airflow/example_dags/plugins/workday.py for tasks to queue
[2024-06-18T17:40:01.089-0400] {logging_mixin.py:188} INFO - [2024-06-18T17:40:01.089-0400] {dagbag.py:545} INFO - Filling up the DagBag from /Users/jbshome/Desktop/us_debt_etl_pipeline/debt_env/lib/python3.12/site-packages/airflow/example_dags/plugins/workday.py
[2024-06-18T17:40:04.063-0400] {processor.py:842} WARNING - No viable dags retrieved from /Users/jbshome/Desktop/us_debt_etl_pipeline/debt_env/lib/python3.12/site-packages/airflow/example_dags/plugins/workday.py
[2024-06-18T17:40:04.455-0400] {processor.py:183} INFO - Processing /Users/jbshome/Desktop/us_debt_etl_pipeline/debt_env/lib/python3.12/site-packages/airflow/example_dags/plugins/workday.py took 3.382 seconds
[2024-06-18T17:46:37.272-0400] {processor.py:161} INFO - Started process (PID=27268) to work on /Users/jbshome/Desktop/us_debt_etl_pipeline/debt_env/lib/python3.12/site-packages/airflow/example_dags/plugins/workday.py
[2024-06-18T17:46:37.273-0400] {processor.py:830} INFO - Processing file /Users/jbshome/Desktop/us_debt_etl_pipeline/debt_env/lib/python3.12/site-packages/airflow/example_dags/plugins/workday.py for tasks to queue
[2024-06-18T17:46:37.275-0400] {logging_mixin.py:188} INFO - [2024-06-18T17:46:37.274-0400] {dagbag.py:545} INFO - Filling up the DagBag from /Users/jbshome/Desktop/us_debt_etl_pipeline/debt_env/lib/python3.12/site-packages/airflow/example_dags/plugins/workday.py
[2024-06-18T17:46:38.858-0400] {processor.py:842} WARNING - No viable dags retrieved from /Users/jbshome/Desktop/us_debt_etl_pipeline/debt_env/lib/python3.12/site-packages/airflow/example_dags/plugins/workday.py
[2024-06-18T17:46:39.016-0400] {processor.py:183} INFO - Processing /Users/jbshome/Desktop/us_debt_etl_pipeline/debt_env/lib/python3.12/site-packages/airflow/example_dags/plugins/workday.py took 1.747 seconds
[2024-06-18T17:50:43.616-0400] {processor.py:161} INFO - Started process (PID=27866) to work on /Users/jbshome/Desktop/us_debt_etl_pipeline/debt_env/lib/python3.12/site-packages/airflow/example_dags/plugins/workday.py
[2024-06-18T17:50:43.619-0400] {processor.py:830} INFO - Processing file /Users/jbshome/Desktop/us_debt_etl_pipeline/debt_env/lib/python3.12/site-packages/airflow/example_dags/plugins/workday.py for tasks to queue
[2024-06-18T17:50:43.620-0400] {logging_mixin.py:188} INFO - [2024-06-18T17:50:43.620-0400] {dagbag.py:545} INFO - Filling up the DagBag from /Users/jbshome/Desktop/us_debt_etl_pipeline/debt_env/lib/python3.12/site-packages/airflow/example_dags/plugins/workday.py
[2024-06-18T17:50:44.884-0400] {processor.py:842} WARNING - No viable dags retrieved from /Users/jbshome/Desktop/us_debt_etl_pipeline/debt_env/lib/python3.12/site-packages/airflow/example_dags/plugins/workday.py
[2024-06-18T17:50:45.037-0400] {processor.py:183} INFO - Processing /Users/jbshome/Desktop/us_debt_etl_pipeline/debt_env/lib/python3.12/site-packages/airflow/example_dags/plugins/workday.py took 1.425 seconds
[2024-06-18T17:54:55.386-0400] {processor.py:161} INFO - Started process (PID=28996) to work on /Users/jbshome/Desktop/us_debt_etl_pipeline/debt_env/lib/python3.12/site-packages/airflow/example_dags/plugins/workday.py
[2024-06-18T17:54:55.387-0400] {processor.py:830} INFO - Processing file /Users/jbshome/Desktop/us_debt_etl_pipeline/debt_env/lib/python3.12/site-packages/airflow/example_dags/plugins/workday.py for tasks to queue
[2024-06-18T17:54:55.388-0400] {logging_mixin.py:188} INFO - [2024-06-18T17:54:55.388-0400] {dagbag.py:545} INFO - Filling up the DagBag from /Users/jbshome/Desktop/us_debt_etl_pipeline/debt_env/lib/python3.12/site-packages/airflow/example_dags/plugins/workday.py
[2024-06-18T17:54:56.302-0400] {processor.py:842} WARNING - No viable dags retrieved from /Users/jbshome/Desktop/us_debt_etl_pipeline/debt_env/lib/python3.12/site-packages/airflow/example_dags/plugins/workday.py
[2024-06-18T17:54:56.457-0400] {processor.py:183} INFO - Processing /Users/jbshome/Desktop/us_debt_etl_pipeline/debt_env/lib/python3.12/site-packages/airflow/example_dags/plugins/workday.py took 1.076 seconds
