[2024-06-18T16:29:08.762-0400] {processor.py:161} INFO - Started process (PID=19565) to work on /Users/jbshome/Desktop/us_debt_etl_pipeline/debt_env/lib/python3.12/site-packages/airflow/example_dags/subdags/subdag.py
[2024-06-18T16:29:08.763-0400] {processor.py:830} INFO - Processing file /Users/jbshome/Desktop/us_debt_etl_pipeline/debt_env/lib/python3.12/site-packages/airflow/example_dags/subdags/subdag.py for tasks to queue
[2024-06-18T16:29:08.763-0400] {logging_mixin.py:188} INFO - [2024-06-18T16:29:08.763-0400] {dagbag.py:545} INFO - Filling up the DagBag from /Users/jbshome/Desktop/us_debt_etl_pipeline/debt_env/lib/python3.12/site-packages/airflow/example_dags/subdags/subdag.py
[2024-06-18T16:29:08.766-0400] {processor.py:842} WARNING - No viable dags retrieved from /Users/jbshome/Desktop/us_debt_etl_pipeline/debt_env/lib/python3.12/site-packages/airflow/example_dags/subdags/subdag.py
[2024-06-18T16:29:08.855-0400] {processor.py:183} INFO - Processing /Users/jbshome/Desktop/us_debt_etl_pipeline/debt_env/lib/python3.12/site-packages/airflow/example_dags/subdags/subdag.py took 0.095 seconds
[2024-06-18T16:33:13.025-0400] {processor.py:161} INFO - Started process (PID=20226) to work on /Users/jbshome/Desktop/us_debt_etl_pipeline/debt_env/lib/python3.12/site-packages/airflow/example_dags/subdags/subdag.py
[2024-06-18T16:33:13.027-0400] {processor.py:830} INFO - Processing file /Users/jbshome/Desktop/us_debt_etl_pipeline/debt_env/lib/python3.12/site-packages/airflow/example_dags/subdags/subdag.py for tasks to queue
[2024-06-18T16:33:13.027-0400] {logging_mixin.py:188} INFO - [2024-06-18T16:33:13.027-0400] {dagbag.py:545} INFO - Filling up the DagBag from /Users/jbshome/Desktop/us_debt_etl_pipeline/debt_env/lib/python3.12/site-packages/airflow/example_dags/subdags/subdag.py
[2024-06-18T16:33:13.030-0400] {processor.py:842} WARNING - No viable dags retrieved from /Users/jbshome/Desktop/us_debt_etl_pipeline/debt_env/lib/python3.12/site-packages/airflow/example_dags/subdags/subdag.py
[2024-06-18T16:33:13.125-0400] {processor.py:183} INFO - Processing /Users/jbshome/Desktop/us_debt_etl_pipeline/debt_env/lib/python3.12/site-packages/airflow/example_dags/subdags/subdag.py took 0.103 seconds
[2024-06-18T16:36:21.720-0400] {processor.py:161} INFO - Started process (PID=20396) to work on /Users/jbshome/Desktop/us_debt_etl_pipeline/debt_env/lib/python3.12/site-packages/airflow/example_dags/subdags/subdag.py
[2024-06-18T16:36:21.722-0400] {processor.py:830} INFO - Processing file /Users/jbshome/Desktop/us_debt_etl_pipeline/debt_env/lib/python3.12/site-packages/airflow/example_dags/subdags/subdag.py for tasks to queue
[2024-06-18T16:36:21.723-0400] {logging_mixin.py:188} INFO - [2024-06-18T16:36:21.723-0400] {dagbag.py:545} INFO - Filling up the DagBag from /Users/jbshome/Desktop/us_debt_etl_pipeline/debt_env/lib/python3.12/site-packages/airflow/example_dags/subdags/subdag.py
[2024-06-18T16:36:21.725-0400] {processor.py:842} WARNING - No viable dags retrieved from /Users/jbshome/Desktop/us_debt_etl_pipeline/debt_env/lib/python3.12/site-packages/airflow/example_dags/subdags/subdag.py
[2024-06-18T16:36:21.845-0400] {processor.py:183} INFO - Processing /Users/jbshome/Desktop/us_debt_etl_pipeline/debt_env/lib/python3.12/site-packages/airflow/example_dags/subdags/subdag.py took 0.129 seconds
[2024-06-18T16:39:41.888-0400] {processor.py:161} INFO - Started process (PID=20558) to work on /Users/jbshome/Desktop/us_debt_etl_pipeline/debt_env/lib/python3.12/site-packages/airflow/example_dags/subdags/subdag.py
[2024-06-18T16:39:41.891-0400] {processor.py:830} INFO - Processing file /Users/jbshome/Desktop/us_debt_etl_pipeline/debt_env/lib/python3.12/site-packages/airflow/example_dags/subdags/subdag.py for tasks to queue
[2024-06-18T16:39:41.892-0400] {logging_mixin.py:188} INFO - [2024-06-18T16:39:41.891-0400] {dagbag.py:545} INFO - Filling up the DagBag from /Users/jbshome/Desktop/us_debt_etl_pipeline/debt_env/lib/python3.12/site-packages/airflow/example_dags/subdags/subdag.py
[2024-06-18T16:39:41.894-0400] {processor.py:842} WARNING - No viable dags retrieved from /Users/jbshome/Desktop/us_debt_etl_pipeline/debt_env/lib/python3.12/site-packages/airflow/example_dags/subdags/subdag.py
[2024-06-18T16:39:42.028-0400] {processor.py:183} INFO - Processing /Users/jbshome/Desktop/us_debt_etl_pipeline/debt_env/lib/python3.12/site-packages/airflow/example_dags/subdags/subdag.py took 0.143 seconds
[2024-06-18T16:42:42.896-0400] {processor.py:161} INFO - Started process (PID=21275) to work on /Users/jbshome/Desktop/us_debt_etl_pipeline/debt_env/lib/python3.12/site-packages/airflow/example_dags/subdags/subdag.py
[2024-06-18T16:42:42.897-0400] {processor.py:830} INFO - Processing file /Users/jbshome/Desktop/us_debt_etl_pipeline/debt_env/lib/python3.12/site-packages/airflow/example_dags/subdags/subdag.py for tasks to queue
[2024-06-18T16:42:42.898-0400] {logging_mixin.py:188} INFO - [2024-06-18T16:42:42.898-0400] {dagbag.py:545} INFO - Filling up the DagBag from /Users/jbshome/Desktop/us_debt_etl_pipeline/debt_env/lib/python3.12/site-packages/airflow/example_dags/subdags/subdag.py
[2024-06-18T16:42:42.901-0400] {processor.py:842} WARNING - No viable dags retrieved from /Users/jbshome/Desktop/us_debt_etl_pipeline/debt_env/lib/python3.12/site-packages/airflow/example_dags/subdags/subdag.py
[2024-06-18T16:42:43.027-0400] {processor.py:183} INFO - Processing /Users/jbshome/Desktop/us_debt_etl_pipeline/debt_env/lib/python3.12/site-packages/airflow/example_dags/subdags/subdag.py took 0.134 seconds
[2024-06-18T16:45:37.644-0400] {processor.py:161} INFO - Started process (PID=21500) to work on /Users/jbshome/Desktop/us_debt_etl_pipeline/debt_env/lib/python3.12/site-packages/airflow/example_dags/subdags/subdag.py
[2024-06-18T16:45:37.646-0400] {processor.py:830} INFO - Processing file /Users/jbshome/Desktop/us_debt_etl_pipeline/debt_env/lib/python3.12/site-packages/airflow/example_dags/subdags/subdag.py for tasks to queue
[2024-06-18T16:45:37.646-0400] {logging_mixin.py:188} INFO - [2024-06-18T16:45:37.646-0400] {dagbag.py:545} INFO - Filling up the DagBag from /Users/jbshome/Desktop/us_debt_etl_pipeline/debt_env/lib/python3.12/site-packages/airflow/example_dags/subdags/subdag.py
[2024-06-18T16:45:37.649-0400] {processor.py:842} WARNING - No viable dags retrieved from /Users/jbshome/Desktop/us_debt_etl_pipeline/debt_env/lib/python3.12/site-packages/airflow/example_dags/subdags/subdag.py
[2024-06-18T16:45:37.736-0400] {processor.py:183} INFO - Processing /Users/jbshome/Desktop/us_debt_etl_pipeline/debt_env/lib/python3.12/site-packages/airflow/example_dags/subdags/subdag.py took 0.095 seconds
[2024-06-18T16:48:51.301-0400] {processor.py:161} INFO - Started process (PID=21685) to work on /Users/jbshome/Desktop/us_debt_etl_pipeline/debt_env/lib/python3.12/site-packages/airflow/example_dags/subdags/subdag.py
[2024-06-18T16:48:51.303-0400] {processor.py:830} INFO - Processing file /Users/jbshome/Desktop/us_debt_etl_pipeline/debt_env/lib/python3.12/site-packages/airflow/example_dags/subdags/subdag.py for tasks to queue
[2024-06-18T16:48:51.304-0400] {logging_mixin.py:188} INFO - [2024-06-18T16:48:51.303-0400] {dagbag.py:545} INFO - Filling up the DagBag from /Users/jbshome/Desktop/us_debt_etl_pipeline/debt_env/lib/python3.12/site-packages/airflow/example_dags/subdags/subdag.py
[2024-06-18T16:48:51.306-0400] {processor.py:842} WARNING - No viable dags retrieved from /Users/jbshome/Desktop/us_debt_etl_pipeline/debt_env/lib/python3.12/site-packages/airflow/example_dags/subdags/subdag.py
[2024-06-18T16:48:51.471-0400] {processor.py:183} INFO - Processing /Users/jbshome/Desktop/us_debt_etl_pipeline/debt_env/lib/python3.12/site-packages/airflow/example_dags/subdags/subdag.py took 0.174 seconds
[2024-06-18T16:51:55.971-0400] {processor.py:161} INFO - Started process (PID=21852) to work on /Users/jbshome/Desktop/us_debt_etl_pipeline/debt_env/lib/python3.12/site-packages/airflow/example_dags/subdags/subdag.py
[2024-06-18T16:51:55.973-0400] {processor.py:830} INFO - Processing file /Users/jbshome/Desktop/us_debt_etl_pipeline/debt_env/lib/python3.12/site-packages/airflow/example_dags/subdags/subdag.py for tasks to queue
[2024-06-18T16:51:55.973-0400] {logging_mixin.py:188} INFO - [2024-06-18T16:51:55.973-0400] {dagbag.py:545} INFO - Filling up the DagBag from /Users/jbshome/Desktop/us_debt_etl_pipeline/debt_env/lib/python3.12/site-packages/airflow/example_dags/subdags/subdag.py
[2024-06-18T16:51:55.976-0400] {processor.py:842} WARNING - No viable dags retrieved from /Users/jbshome/Desktop/us_debt_etl_pipeline/debt_env/lib/python3.12/site-packages/airflow/example_dags/subdags/subdag.py
[2024-06-18T16:51:56.079-0400] {processor.py:183} INFO - Processing /Users/jbshome/Desktop/us_debt_etl_pipeline/debt_env/lib/python3.12/site-packages/airflow/example_dags/subdags/subdag.py took 0.111 seconds
[2024-06-18T16:55:00.774-0400] {processor.py:161} INFO - Started process (PID=22001) to work on /Users/jbshome/Desktop/us_debt_etl_pipeline/debt_env/lib/python3.12/site-packages/airflow/example_dags/subdags/subdag.py
[2024-06-18T16:55:00.776-0400] {processor.py:830} INFO - Processing file /Users/jbshome/Desktop/us_debt_etl_pipeline/debt_env/lib/python3.12/site-packages/airflow/example_dags/subdags/subdag.py for tasks to queue
[2024-06-18T16:55:00.778-0400] {logging_mixin.py:188} INFO - [2024-06-18T16:55:00.777-0400] {dagbag.py:545} INFO - Filling up the DagBag from /Users/jbshome/Desktop/us_debt_etl_pipeline/debt_env/lib/python3.12/site-packages/airflow/example_dags/subdags/subdag.py
[2024-06-18T16:55:00.783-0400] {processor.py:842} WARNING - No viable dags retrieved from /Users/jbshome/Desktop/us_debt_etl_pipeline/debt_env/lib/python3.12/site-packages/airflow/example_dags/subdags/subdag.py
[2024-06-18T16:55:00.994-0400] {processor.py:183} INFO - Processing /Users/jbshome/Desktop/us_debt_etl_pipeline/debt_env/lib/python3.12/site-packages/airflow/example_dags/subdags/subdag.py took 0.222 seconds
[2024-06-18T16:58:16.891-0400] {processor.py:161} INFO - Started process (PID=22470) to work on /Users/jbshome/Desktop/us_debt_etl_pipeline/debt_env/lib/python3.12/site-packages/airflow/example_dags/subdags/subdag.py
[2024-06-18T16:58:16.894-0400] {processor.py:830} INFO - Processing file /Users/jbshome/Desktop/us_debt_etl_pipeline/debt_env/lib/python3.12/site-packages/airflow/example_dags/subdags/subdag.py for tasks to queue
[2024-06-18T16:58:16.895-0400] {logging_mixin.py:188} INFO - [2024-06-18T16:58:16.895-0400] {dagbag.py:545} INFO - Filling up the DagBag from /Users/jbshome/Desktop/us_debt_etl_pipeline/debt_env/lib/python3.12/site-packages/airflow/example_dags/subdags/subdag.py
[2024-06-18T16:58:16.899-0400] {processor.py:842} WARNING - No viable dags retrieved from /Users/jbshome/Desktop/us_debt_etl_pipeline/debt_env/lib/python3.12/site-packages/airflow/example_dags/subdags/subdag.py
[2024-06-18T16:58:17.040-0400] {processor.py:183} INFO - Processing /Users/jbshome/Desktop/us_debt_etl_pipeline/debt_env/lib/python3.12/site-packages/airflow/example_dags/subdags/subdag.py took 0.153 seconds
[2024-06-18T17:02:20.467-0400] {processor.py:161} INFO - Started process (PID=22745) to work on /Users/jbshome/Desktop/us_debt_etl_pipeline/debt_env/lib/python3.12/site-packages/airflow/example_dags/subdags/subdag.py
[2024-06-18T17:02:20.468-0400] {processor.py:830} INFO - Processing file /Users/jbshome/Desktop/us_debt_etl_pipeline/debt_env/lib/python3.12/site-packages/airflow/example_dags/subdags/subdag.py for tasks to queue
[2024-06-18T17:02:20.469-0400] {logging_mixin.py:188} INFO - [2024-06-18T17:02:20.469-0400] {dagbag.py:545} INFO - Filling up the DagBag from /Users/jbshome/Desktop/us_debt_etl_pipeline/debt_env/lib/python3.12/site-packages/airflow/example_dags/subdags/subdag.py
[2024-06-18T17:02:20.472-0400] {processor.py:842} WARNING - No viable dags retrieved from /Users/jbshome/Desktop/us_debt_etl_pipeline/debt_env/lib/python3.12/site-packages/airflow/example_dags/subdags/subdag.py
[2024-06-18T17:02:20.616-0400] {processor.py:183} INFO - Processing /Users/jbshome/Desktop/us_debt_etl_pipeline/debt_env/lib/python3.12/site-packages/airflow/example_dags/subdags/subdag.py took 0.154 seconds
[2024-06-18T17:05:36.887-0400] {processor.py:161} INFO - Started process (PID=22943) to work on /Users/jbshome/Desktop/us_debt_etl_pipeline/debt_env/lib/python3.12/site-packages/airflow/example_dags/subdags/subdag.py
[2024-06-18T17:05:36.889-0400] {processor.py:830} INFO - Processing file /Users/jbshome/Desktop/us_debt_etl_pipeline/debt_env/lib/python3.12/site-packages/airflow/example_dags/subdags/subdag.py for tasks to queue
[2024-06-18T17:05:36.890-0400] {logging_mixin.py:188} INFO - [2024-06-18T17:05:36.889-0400] {dagbag.py:545} INFO - Filling up the DagBag from /Users/jbshome/Desktop/us_debt_etl_pipeline/debt_env/lib/python3.12/site-packages/airflow/example_dags/subdags/subdag.py
[2024-06-18T17:05:36.893-0400] {processor.py:842} WARNING - No viable dags retrieved from /Users/jbshome/Desktop/us_debt_etl_pipeline/debt_env/lib/python3.12/site-packages/airflow/example_dags/subdags/subdag.py
[2024-06-18T17:05:37.053-0400] {processor.py:183} INFO - Processing /Users/jbshome/Desktop/us_debt_etl_pipeline/debt_env/lib/python3.12/site-packages/airflow/example_dags/subdags/subdag.py took 0.169 seconds
[2024-06-18T17:09:29.150-0400] {processor.py:161} INFO - Started process (PID=23751) to work on /Users/jbshome/Desktop/us_debt_etl_pipeline/debt_env/lib/python3.12/site-packages/airflow/example_dags/subdags/subdag.py
[2024-06-18T17:09:29.153-0400] {processor.py:830} INFO - Processing file /Users/jbshome/Desktop/us_debt_etl_pipeline/debt_env/lib/python3.12/site-packages/airflow/example_dags/subdags/subdag.py for tasks to queue
[2024-06-18T17:09:29.154-0400] {logging_mixin.py:188} INFO - [2024-06-18T17:09:29.154-0400] {dagbag.py:545} INFO - Filling up the DagBag from /Users/jbshome/Desktop/us_debt_etl_pipeline/debt_env/lib/python3.12/site-packages/airflow/example_dags/subdags/subdag.py
[2024-06-18T17:09:29.158-0400] {processor.py:842} WARNING - No viable dags retrieved from /Users/jbshome/Desktop/us_debt_etl_pipeline/debt_env/lib/python3.12/site-packages/airflow/example_dags/subdags/subdag.py
[2024-06-18T17:09:29.333-0400] {processor.py:183} INFO - Processing /Users/jbshome/Desktop/us_debt_etl_pipeline/debt_env/lib/python3.12/site-packages/airflow/example_dags/subdags/subdag.py took 0.187 seconds
[2024-06-18T17:14:15.741-0400] {processor.py:161} INFO - Started process (PID=24056) to work on /Users/jbshome/Desktop/us_debt_etl_pipeline/debt_env/lib/python3.12/site-packages/airflow/example_dags/subdags/subdag.py
[2024-06-18T17:14:15.745-0400] {processor.py:830} INFO - Processing file /Users/jbshome/Desktop/us_debt_etl_pipeline/debt_env/lib/python3.12/site-packages/airflow/example_dags/subdags/subdag.py for tasks to queue
[2024-06-18T17:14:15.747-0400] {logging_mixin.py:188} INFO - [2024-06-18T17:14:15.746-0400] {dagbag.py:545} INFO - Filling up the DagBag from /Users/jbshome/Desktop/us_debt_etl_pipeline/debt_env/lib/python3.12/site-packages/airflow/example_dags/subdags/subdag.py
[2024-06-18T17:14:15.770-0400] {processor.py:842} WARNING - No viable dags retrieved from /Users/jbshome/Desktop/us_debt_etl_pipeline/debt_env/lib/python3.12/site-packages/airflow/example_dags/subdags/subdag.py
[2024-06-18T17:14:16.164-0400] {processor.py:183} INFO - Processing /Users/jbshome/Desktop/us_debt_etl_pipeline/debt_env/lib/python3.12/site-packages/airflow/example_dags/subdags/subdag.py took 0.428 seconds
[2024-06-18T17:19:48.545-0400] {processor.py:161} INFO - Started process (PID=24414) to work on /Users/jbshome/Desktop/us_debt_etl_pipeline/debt_env/lib/python3.12/site-packages/airflow/example_dags/subdags/subdag.py
[2024-06-18T17:19:48.547-0400] {processor.py:830} INFO - Processing file /Users/jbshome/Desktop/us_debt_etl_pipeline/debt_env/lib/python3.12/site-packages/airflow/example_dags/subdags/subdag.py for tasks to queue
[2024-06-18T17:19:48.548-0400] {logging_mixin.py:188} INFO - [2024-06-18T17:19:48.548-0400] {dagbag.py:545} INFO - Filling up the DagBag from /Users/jbshome/Desktop/us_debt_etl_pipeline/debt_env/lib/python3.12/site-packages/airflow/example_dags/subdags/subdag.py
[2024-06-18T17:19:48.552-0400] {processor.py:842} WARNING - No viable dags retrieved from /Users/jbshome/Desktop/us_debt_etl_pipeline/debt_env/lib/python3.12/site-packages/airflow/example_dags/subdags/subdag.py
[2024-06-18T17:19:48.727-0400] {processor.py:183} INFO - Processing /Users/jbshome/Desktop/us_debt_etl_pipeline/debt_env/lib/python3.12/site-packages/airflow/example_dags/subdags/subdag.py took 0.186 seconds
[2024-06-18T17:23:49.615-0400] {processor.py:161} INFO - Started process (PID=24726) to work on /Users/jbshome/Desktop/us_debt_etl_pipeline/debt_env/lib/python3.12/site-packages/airflow/example_dags/subdags/subdag.py
[2024-06-18T17:23:49.617-0400] {processor.py:830} INFO - Processing file /Users/jbshome/Desktop/us_debt_etl_pipeline/debt_env/lib/python3.12/site-packages/airflow/example_dags/subdags/subdag.py for tasks to queue
[2024-06-18T17:23:49.618-0400] {logging_mixin.py:188} INFO - [2024-06-18T17:23:49.618-0400] {dagbag.py:545} INFO - Filling up the DagBag from /Users/jbshome/Desktop/us_debt_etl_pipeline/debt_env/lib/python3.12/site-packages/airflow/example_dags/subdags/subdag.py
[2024-06-18T17:23:49.622-0400] {processor.py:842} WARNING - No viable dags retrieved from /Users/jbshome/Desktop/us_debt_etl_pipeline/debt_env/lib/python3.12/site-packages/airflow/example_dags/subdags/subdag.py
[2024-06-18T17:23:49.770-0400] {processor.py:183} INFO - Processing /Users/jbshome/Desktop/us_debt_etl_pipeline/debt_env/lib/python3.12/site-packages/airflow/example_dags/subdags/subdag.py took 0.160 seconds
[2024-06-18T17:28:33.705-0400] {processor.py:161} INFO - Started process (PID=25021) to work on /Users/jbshome/Desktop/us_debt_etl_pipeline/debt_env/lib/python3.12/site-packages/airflow/example_dags/subdags/subdag.py
[2024-06-18T17:28:33.707-0400] {processor.py:830} INFO - Processing file /Users/jbshome/Desktop/us_debt_etl_pipeline/debt_env/lib/python3.12/site-packages/airflow/example_dags/subdags/subdag.py for tasks to queue
[2024-06-18T17:28:33.712-0400] {logging_mixin.py:188} INFO - [2024-06-18T17:28:33.712-0400] {dagbag.py:545} INFO - Filling up the DagBag from /Users/jbshome/Desktop/us_debt_etl_pipeline/debt_env/lib/python3.12/site-packages/airflow/example_dags/subdags/subdag.py
[2024-06-18T17:28:33.719-0400] {processor.py:842} WARNING - No viable dags retrieved from /Users/jbshome/Desktop/us_debt_etl_pipeline/debt_env/lib/python3.12/site-packages/airflow/example_dags/subdags/subdag.py
[2024-06-18T17:28:33.975-0400] {processor.py:183} INFO - Processing /Users/jbshome/Desktop/us_debt_etl_pipeline/debt_env/lib/python3.12/site-packages/airflow/example_dags/subdags/subdag.py took 0.276 seconds
[2024-06-18T17:32:56.786-0400] {processor.py:161} INFO - Started process (PID=25346) to work on /Users/jbshome/Desktop/us_debt_etl_pipeline/debt_env/lib/python3.12/site-packages/airflow/example_dags/subdags/subdag.py
[2024-06-18T17:32:56.788-0400] {processor.py:830} INFO - Processing file /Users/jbshome/Desktop/us_debt_etl_pipeline/debt_env/lib/python3.12/site-packages/airflow/example_dags/subdags/subdag.py for tasks to queue
[2024-06-18T17:32:56.789-0400] {logging_mixin.py:188} INFO - [2024-06-18T17:32:56.789-0400] {dagbag.py:545} INFO - Filling up the DagBag from /Users/jbshome/Desktop/us_debt_etl_pipeline/debt_env/lib/python3.12/site-packages/airflow/example_dags/subdags/subdag.py
[2024-06-18T17:32:56.793-0400] {processor.py:842} WARNING - No viable dags retrieved from /Users/jbshome/Desktop/us_debt_etl_pipeline/debt_env/lib/python3.12/site-packages/airflow/example_dags/subdags/subdag.py
[2024-06-18T17:32:56.950-0400] {processor.py:183} INFO - Processing /Users/jbshome/Desktop/us_debt_etl_pipeline/debt_env/lib/python3.12/site-packages/airflow/example_dags/subdags/subdag.py took 0.168 seconds
[2024-06-18T17:39:47.985-0400] {processor.py:161} INFO - Started process (PID=26373) to work on /Users/jbshome/Desktop/us_debt_etl_pipeline/debt_env/lib/python3.12/site-packages/airflow/example_dags/subdags/subdag.py
[2024-06-18T17:39:47.996-0400] {processor.py:830} INFO - Processing file /Users/jbshome/Desktop/us_debt_etl_pipeline/debt_env/lib/python3.12/site-packages/airflow/example_dags/subdags/subdag.py for tasks to queue
[2024-06-18T17:39:47.999-0400] {logging_mixin.py:188} INFO - [2024-06-18T17:39:47.999-0400] {dagbag.py:545} INFO - Filling up the DagBag from /Users/jbshome/Desktop/us_debt_etl_pipeline/debt_env/lib/python3.12/site-packages/airflow/example_dags/subdags/subdag.py
[2024-06-18T17:39:48.013-0400] {processor.py:842} WARNING - No viable dags retrieved from /Users/jbshome/Desktop/us_debt_etl_pipeline/debt_env/lib/python3.12/site-packages/airflow/example_dags/subdags/subdag.py
[2024-06-18T17:39:48.571-0400] {processor.py:183} INFO - Processing /Users/jbshome/Desktop/us_debt_etl_pipeline/debt_env/lib/python3.12/site-packages/airflow/example_dags/subdags/subdag.py took 0.593 seconds
[2024-06-18T17:46:32.310-0400] {processor.py:161} INFO - Started process (PID=27262) to work on /Users/jbshome/Desktop/us_debt_etl_pipeline/debt_env/lib/python3.12/site-packages/airflow/example_dags/subdags/subdag.py
[2024-06-18T17:46:32.313-0400] {processor.py:830} INFO - Processing file /Users/jbshome/Desktop/us_debt_etl_pipeline/debt_env/lib/python3.12/site-packages/airflow/example_dags/subdags/subdag.py for tasks to queue
[2024-06-18T17:46:32.314-0400] {logging_mixin.py:188} INFO - [2024-06-18T17:46:32.313-0400] {dagbag.py:545} INFO - Filling up the DagBag from /Users/jbshome/Desktop/us_debt_etl_pipeline/debt_env/lib/python3.12/site-packages/airflow/example_dags/subdags/subdag.py
[2024-06-18T17:46:32.317-0400] {processor.py:842} WARNING - No viable dags retrieved from /Users/jbshome/Desktop/us_debt_etl_pipeline/debt_env/lib/python3.12/site-packages/airflow/example_dags/subdags/subdag.py
[2024-06-18T17:46:32.549-0400] {processor.py:183} INFO - Processing /Users/jbshome/Desktop/us_debt_etl_pipeline/debt_env/lib/python3.12/site-packages/airflow/example_dags/subdags/subdag.py took 0.243 seconds
[2024-06-18T17:50:38.625-0400] {processor.py:161} INFO - Started process (PID=27860) to work on /Users/jbshome/Desktop/us_debt_etl_pipeline/debt_env/lib/python3.12/site-packages/airflow/example_dags/subdags/subdag.py
[2024-06-18T17:50:38.634-0400] {processor.py:830} INFO - Processing file /Users/jbshome/Desktop/us_debt_etl_pipeline/debt_env/lib/python3.12/site-packages/airflow/example_dags/subdags/subdag.py for tasks to queue
[2024-06-18T17:50:38.635-0400] {logging_mixin.py:188} INFO - [2024-06-18T17:50:38.635-0400] {dagbag.py:545} INFO - Filling up the DagBag from /Users/jbshome/Desktop/us_debt_etl_pipeline/debt_env/lib/python3.12/site-packages/airflow/example_dags/subdags/subdag.py
[2024-06-18T17:50:38.639-0400] {processor.py:842} WARNING - No viable dags retrieved from /Users/jbshome/Desktop/us_debt_etl_pipeline/debt_env/lib/python3.12/site-packages/airflow/example_dags/subdags/subdag.py
[2024-06-18T17:50:38.792-0400] {processor.py:183} INFO - Processing /Users/jbshome/Desktop/us_debt_etl_pipeline/debt_env/lib/python3.12/site-packages/airflow/example_dags/subdags/subdag.py took 0.170 seconds
[2024-06-18T17:54:51.058-0400] {processor.py:161} INFO - Started process (PID=28990) to work on /Users/jbshome/Desktop/us_debt_etl_pipeline/debt_env/lib/python3.12/site-packages/airflow/example_dags/subdags/subdag.py
[2024-06-18T17:54:51.059-0400] {processor.py:830} INFO - Processing file /Users/jbshome/Desktop/us_debt_etl_pipeline/debt_env/lib/python3.12/site-packages/airflow/example_dags/subdags/subdag.py for tasks to queue
[2024-06-18T17:54:51.060-0400] {logging_mixin.py:188} INFO - [2024-06-18T17:54:51.060-0400] {dagbag.py:545} INFO - Filling up the DagBag from /Users/jbshome/Desktop/us_debt_etl_pipeline/debt_env/lib/python3.12/site-packages/airflow/example_dags/subdags/subdag.py
[2024-06-18T17:54:51.063-0400] {processor.py:842} WARNING - No viable dags retrieved from /Users/jbshome/Desktop/us_debt_etl_pipeline/debt_env/lib/python3.12/site-packages/airflow/example_dags/subdags/subdag.py
[2024-06-18T17:54:51.226-0400] {processor.py:183} INFO - Processing /Users/jbshome/Desktop/us_debt_etl_pipeline/debt_env/lib/python3.12/site-packages/airflow/example_dags/subdags/subdag.py took 0.173 seconds
